Using pre-set license
Built from '2021.1/staging' branch; Version is '2021.1.7f1 (d91830b65d9b) revision 14227504'; Using compiler version '192528614'; Build Type 'Release'
OS: 'Windows 10 Pro; OS build 19043.1288; Version 2009; 64bit' Language: 'de' Physical Memory: 8108 MB
BatchMode: 1, IsHumanControllingUs: 0, StartBugReporterOnCrash: 0, Is64bit: 1, IsPro: 0

 COMMAND LINE ARGUMENTS:
E:\Unity\2021.1.7f1\Editor\Unity.exe
-adb2
-batchMode
-noUpm
-name
AssetImportWorker3
-projectPath
E:/Projects/FEM/fe-kingdom-mobile/trunk/FireEmblemMobile/FireEmblemMobileUnityProject
-logFile
Logs/AssetImportWorker3.log
-srvPort
53620
Successfully changed project path to: E:/Projects/FEM/fe-kingdom-mobile/trunk/FireEmblemMobile/FireEmblemMobileUnityProject
E:/Projects/FEM/fe-kingdom-mobile/trunk/FireEmblemMobile/FireEmblemMobileUnityProject
Using Asset Import Pipeline V2.
Refreshing native plugins compatible for Editor in 299.35 ms, found 0 plugins.
Preloading 0 native plugins for Editor in 0.00 ms.
Initialize engine version: 2021.1.7f1 (d91830b65d9b)
[Subsystems] Discovering subsystems at path E:/Unity/2021.1.7f1/Editor/Data/Resources/UnitySubsystems
[Subsystems] Discovering subsystems at path E:/Projects/FEM/fe-kingdom-mobile/trunk/FireEmblemMobile/FireEmblemMobileUnityProject/Assets
GfxDevice: creating device client; threaded=0; jobified=0
Direct3D:
    Version:  Direct3D 11.0 [level 11.0]
    Renderer: NVIDIA GeForce GTX 860M (ID=0x1392)
    Vendor:   NVIDIA
    VRAM:     2019 MB
    Driver:   23.21.13.8871
Shader 'Universal Render Pipeline/Particles/Lit': fallback shader 'Universal Render Pipeline/Particles/SimpleLit' not found
Shader 'MoreMountains/MMRipple': fallback shader 'Particle/AlphaBlended' not found
Initialize mono
Mono path[0] = 'E:/Unity/2021.1.7f1/Editor/Data/Managed'
Mono path[1] = 'E:/Unity/2021.1.7f1/Editor/Data/MonoBleedingEdge/lib/mono/unityjit'
Mono config path = 'E:/Unity/2021.1.7f1/Editor/Data/MonoBleedingEdge/etc'
Using monoOptions --debugger-agent=transport=dt_socket,embedding=1,server=y,suspend=n,address=127.0.0.1:56712
Begin MonoManager ReloadAssembly
Registering precompiled unity dll's ...
Register platform support module: E:/Unity/2021.1.7f1/Editor/Data/PlaybackEngines/WindowsStandaloneSupport/UnityEditor.WindowsStandalone.Extensions.dll
Registered in 0.001555 seconds.
Native extension for WindowsStandalone target not found
Refreshing native plugins compatible for Editor in 290.11 ms, found 0 plugins.
Preloading 0 native plugins for Editor in 0.00 ms.
Mono: successfully reloaded assembly
- Completed reload, in  3.885 seconds
Platform modules already initialized, skipping
Registering precompiled user dll's ...
Registered in 0.013885 seconds.
Begin MonoManager ReloadAssembly
OnLevelWasLoaded was found on LeanTween
This message has been deprecated and will be removed in a later version of Unity.
Add a delegate to SceneManager.sceneLoaded instead to get notifications after scene loading has completed

Native extension for WindowsStandalone target not found
Refreshing native plugins compatible for Editor in 298.19 ms, found 0 plugins.
Preloading 0 native plugins for Editor in 0.00 ms.
Mono: successfully reloaded assembly
- Completed reload, in  3.904 seconds
Platform modules already initialized, skipping
========================================================================
Worker process is ready to serve import requests
Shader 'Universal Render Pipeline/Particles/Lit': fallback shader 'Universal Render Pipeline/Particles/SimpleLit' not found
Shader 'MoreMountains/MMRipple': fallback shader 'Particle/AlphaBlended' not found
Launched and connected shader compiler UnityShaderCompiler.exe after 0.63 seconds
Refreshing native plugins compatible for Editor in 12.99 ms, found 0 plugins.
Preloading 0 native plugins for Editor in 0.00 ms.
Unloading 4685 Unused Serialized files (Serialized files now loaded: 0)
System memory in use before: 353.5 MB.
System memory in use after: 353.7 MB.

Unloading 70 unused Assets to reduce memory usage. Loaded Objects now: 5122.
Total: 35.440700 ms (FindLiveObjects: 1.232100 ms CreateObjectMapping: 1.040800 ms MarkObjects: 33.054300 ms  DeleteObjects: 0.110800 ms)

========================================================================
Received Import Request.
  path: Assets/Feel/FeelDemosURP/Strike/StrikeURP.unity
  artifactKey: Guid(471afda64b8263d419ccd35e8af5c7ae) Importer(815301076,1909f56bfc062723c751e8b465ee728b)
Start importing Assets/Feel/FeelDemosURP/Strike/StrikeURP.unity using Guid(471afda64b8263d419ccd35e8af5c7ae) Importer(815301076,1909f56bfc062723c751e8b465ee728b)  -> (artifact id: '9310b1c33f5b25d6a6a68d36075ed492') in 0.184782 seconds 
========================================================================
Received Prepare
Registering precompiled user dll's ...
Registered in 0.008910 seconds.
Begin MonoManager ReloadAssembly
Native extension for WindowsStandalone target not found
Refreshing native plugins compatible for Editor in 2.07 ms, found 0 plugins.
Preloading 0 native plugins for Editor in 0.00 ms.
[ScriptCompilation] NOT recompiling all scripts because this is an import worker process. Reason to compile was: Define symbols changed
Mono: successfully reloaded assembly
- Completed reload, in  1.862 seconds
Platform modules already initialized, skipping
OnLevelWasLoaded was found on LeanTween
This message has been deprecated and will be removed in a later version of Unity.
Add a delegate to SceneManager.sceneLoaded instead to get notifications after scene loading has completed

Switching build target platform(19) subTarget(0) extendedPlatform(0) -> platform(13) subTarget(537395200) extendedPlatform(0)
Shader 'Universal Render Pipeline/Particles/Lit': fallback shader 'Universal Render Pipeline/Particles/SimpleLit' not found
Shader 'MoreMountains/MMRipple': fallback shader 'Particle/AlphaBlended' not found
Refreshing native plugins compatible for Editor in 1.86 ms, found 0 plugins.
Preloading 0 native plugins for Editor in 0.00 ms.
Unloading 4503 Unused Serialized files (Serialized files now loaded: 0)
System memory in use before: 337.6 MB.
System memory in use after: 337.9 MB.

Unloading 50 unused Assets to reduce memory usage. Loaded Objects now: 5136.
Total: 10.871600 ms (FindLiveObjects: 1.087400 ms CreateObjectMapping: 0.618700 ms MarkObjects: 9.115700 ms  DeleteObjects: 0.046700 ms)

AssetImportParameters requested are different than current active one (requested -> active):
  custom:graphics/normal-map-encoding: 01000000000000000000000000000000 -> 02000000000000000000000000000000
========================================================================
Received Import Request.
  Time since last request: 523.638323 seconds.
  path: Assets/Feel/MMFeedbacks/Demos
  artifactKey: Guid(30930cad89ec3264db5a6dabd772ded3) Importer(815301076,1909f56bfc062723c751e8b465ee728b)
Start importing Assets/Feel/MMFeedbacks/Demos using Guid(30930cad89ec3264db5a6dabd772ded3) Importer(815301076,1909f56bfc062723c751e8b465ee728b)  -> (artifact id: '440c12611611633e15facb614f25614f') in 0.025096 seconds 
========================================================================
Received Import Request.
  Time since last request: 1.084769 seconds.
  path: Assets/Feel/MMFeedbacks/Demos/SequencingDemo
  artifactKey: Guid(80a4200976f20954cbd688a2f85d5497) Importer(815301076,1909f56bfc062723c751e8b465ee728b)
Start importing Assets/Feel/MMFeedbacks/Demos/SequencingDemo using Guid(80a4200976f20954cbd688a2f85d5497) Importer(815301076,1909f56bfc062723c751e8b465ee728b)  -> (artifact id: 'f4efbebea4020ce018c544d8ca22bcb6') in 0.018685 seconds 
========================================================================
Received Import Request.
  Time since last request: 0.840271 seconds.
  path: Assets/Feel/MMFeedbacks/Demos/MMFeedbacksDemo
  artifactKey: Guid(8d5c02ebcec427547834f1bd967e790e) Importer(815301076,1909f56bfc062723c751e8b465ee728b)
Start importing Assets/Feel/MMFeedbacks/Demos/MMFeedbacksDemo using Guid(8d5c02ebcec427547834f1bd967e790e) Importer(815301076,1909f56bfc062723c751e8b465ee728b)  -> (artifact id: '10bbb30e8c1f482b1c3e910ba4122145') in 0.015563 seconds 
========================================================================
Received Import Request.
  Time since last request: 1.813386 seconds.
  path: Assets/Feel/MMFeedbacks/Demos/MMFeedbacksDemo/MMFeedbacksMinimalDemo.unity
  artifactKey: Guid(a85e0fe94d95798489fcb3dc679dce43) Importer(815301076,1909f56bfc062723c751e8b465ee728b)
Start importing Assets/Feel/MMFeedbacks/Demos/MMFeedbacksDemo/MMFeedbacksMinimalDemo.unity using Guid(a85e0fe94d95798489fcb3dc679dce43) Importer(815301076,1909f56bfc062723c751e8b465ee728b)  -> (artifact id: '71fcae9eddf473a9846f6d7d7a99a943') in 0.027643 seconds 
========================================================================
Received Import Request.
  Time since last request: 2.765481 seconds.
  path: Assets/Feel/MMFeedbacks/Demos/MMFeedbacksDemo/MMFeedbacksDemo.unity
  artifactKey: Guid(7e0b59163b2aef0448021e4b8bccd71e) Importer(815301076,1909f56bfc062723c751e8b465ee728b)
Start importing Assets/Feel/MMFeedbacks/Demos/MMFeedbacksDemo/MMFeedbacksDemo.unity using Guid(7e0b59163b2aef0448021e4b8bccd71e) Importer(815301076,1909f56bfc062723c751e8b465ee728b)  -> (artifact id: 'e6400b4b2932293d27af8bdc1fdb29f9') in 0.013551 seconds 
========================================================================
Received Prepare
Registering precompiled user dll's ...
Registered in 0.007506 seconds.
Begin MonoManager ReloadAssembly
Native extension for WindowsStandalone target not found
Refreshing native plugins compatible for Editor in 3.24 ms, found 0 plugins.
Preloading 0 native plugins for Editor in 0.00 ms.
[ScriptCompilation] NOT recompiling all scripts because this is an import worker process. Reason to compile was: Define symbols changed
Mono: successfully reloaded assembly
- Completed reload, in  1.773 seconds
Platform modules already initialized, skipping
OnLevelWasLoaded was found on LeanTween
This message has been deprecated and will be removed in a later version of Unity.
Add a delegate to SceneManager.sceneLoaded instead to get notifications after scene loading has completed

Switching build target platform(19) subTarget(0) extendedPlatform(0) -> platform(13) subTarget(537395200) extendedPlatform(0)
Shader 'Universal Render Pipeline/Particles/Lit': fallback shader 'Universal Render Pipeline/Particles/SimpleLit' not found
Shader 'MoreMountains/MMRipple': fallback shader 'Particle/AlphaBlended' not found
Refreshing native plugins compatible for Editor in 2.43 ms, found 0 plugins.
Preloading 0 native plugins for Editor in 0.00 ms.
Unloading 4503 Unused Serialized files (Serialized files now loaded: 0)
System memory in use before: 337.7 MB.
System memory in use after: 338.0 MB.

Unloading 50 unused Assets to reduce memory usage. Loaded Objects now: 5150.
Total: 11.009900 ms (FindLiveObjects: 0.434500 ms CreateObjectMapping: 0.530300 ms MarkObjects: 9.997500 ms  DeleteObjects: 0.045200 ms)

AssetImportParameters requested are different than current active one (requested -> active):
  custom:graphics/normal-map-encoding: 01000000000000000000000000000000 -> 02000000000000000000000000000000
========================================================================
Received Import Request.
  Time since last request: 73.573812 seconds.
  path: Assets/- 1 - Scenes/Level2.unity
  artifactKey: Guid(7027c1fb30c842c4a86028354246fc14) Importer(815301076,1909f56bfc062723c751e8b465ee728b)
Start importing Assets/- 1 - Scenes/Level2.unity using Guid(7027c1fb30c842c4a86028354246fc14) Importer(815301076,1909f56bfc062723c751e8b465ee728b)  -> (artifact id: 'b9d7f670e3d2284fc4a8fb91b31eb602') in 0.034243 seconds 
