Unity Editor version:    2021.3.32f1 (3b9dae9532f5)
Branch:                  2021.3/staging
Build type:              Release
Batch mode:              YES
macOS version:           Version 14.1.1 (Build 23B2082)
Darwin version:          23.1.0
Architecture:            arm64
Running under Rosetta:   NO
Available memory:        18432 MB
Using pre-set license
Pro License: YES

COMMAND LINE ARGUMENTS:
/Applications/Unity/Hub/Editor/2021.3.32f1/Unity.app/Contents/MacOS/Unity
-adb2
-batchMode
-noUpm
-name
AssetImportWorker39
-projectPath
/Users/daniel/Documents/fe-kingdom-mobile/trunk/FireEmblemMobile/FireEmblemMobileUnityProject
-logFile
Logs/AssetImportWorker39.log
-srvPort
49251
Successfully changed project path to: /Users/daniel/Documents/fe-kingdom-mobile/trunk/FireEmblemMobile/FireEmblemMobileUnityProject
/Users/daniel/Documents/fe-kingdom-mobile/trunk/FireEmblemMobile/FireEmblemMobileUnityProject
[UnityMemory] Configuration Parameters - Can be set up in boot.config
    "memorysetup-bucket-allocator-granularity=16"
    "memorysetup-bucket-allocator-bucket-count=8"
    "memorysetup-bucket-allocator-block-size=33554432"
    "memorysetup-bucket-allocator-block-count=8"
    "memorysetup-main-allocator-block-size=16777216"
    "memorysetup-thread-allocator-block-size=16777216"
    "memorysetup-gfx-main-allocator-block-size=16777216"
    "memorysetup-gfx-thread-allocator-block-size=16777216"
    "memorysetup-cache-allocator-block-size=4194304"
    "memorysetup-typetree-allocator-block-size=2097152"
    "memorysetup-profiler-bucket-allocator-granularity=16"
    "memorysetup-profiler-bucket-allocator-bucket-count=8"
    "memorysetup-profiler-bucket-allocator-block-size=33554432"
    "memorysetup-profiler-bucket-allocator-block-count=8"
    "memorysetup-profiler-allocator-block-size=16777216"
    "memorysetup-profiler-editor-allocator-block-size=1048576"
    "memorysetup-temp-allocator-size-main=16777216"
    "memorysetup-job-temp-allocator-block-size=2097152"
    "memorysetup-job-temp-allocator-block-size-background=1048576"
    "memorysetup-job-temp-allocator-reduction-small-platforms=262144"
    "memorysetup-temp-allocator-size-background-worker=32768"
    "memorysetup-temp-allocator-size-job-worker=262144"
    "memorysetup-temp-allocator-size-preload-manager=33554432"
    "memorysetup-temp-allocator-size-nav-mesh-worker=65536"
    "memorysetup-temp-allocator-size-audio-worker=65536"
    "memorysetup-temp-allocator-size-cloud-worker=32768"
    "memorysetup-temp-allocator-size-gi-baking-worker=262144"
    "memorysetup-temp-allocator-size-gfx=262144"
Player connection [8030576320] Host "[IP] 192.168.0.2 [Port] 0 [Flags] 2 [Guid] 3267902675 [EditorId] 3267902675 [Version] 1048832 [Id] OSXEditor(0,Daniels-MacBook-Pro.local) [Debug] 1 [PackageName] OSXEditor [ProjectName] Editor" joined multi-casting on [225.0.0.222:54997]...

Player connection [8030576320] Host "[IP] 192.168.0.2 [Port] 0 [Flags] 2 [Guid] 3267902675 [EditorId] 3267902675 [Version] 1048832 [Id] OSXEditor(0,Daniels-MacBook-Pro.local) [Debug] 1 [PackageName] OSXEditor [ProjectName] Editor" joined alternative multi-casting on [225.0.0.222:34997]...

[Physics::Module] Initialized MultithreadedJobDispatcher with {0} workers.
Refreshing native plugins compatible for Editor in 147.21 ms, found 2 plugins.
Preloading 1 native plugins for Editor in 0.58 ms.
Initialize engine version: 2021.3.32f1 (3b9dae9532f5)
[Subsystems] Discovering subsystems at path /Applications/Unity/Hub/Editor/2021.3.32f1/Unity.app/Contents/Resources/UnitySubsystems
[Subsystems] Discovering subsystems at path /Users/daniel/Documents/fe-kingdom-mobile/trunk/FireEmblemMobile/FireEmblemMobileUnityProject/Assets
GfxDevice: creating device client; threaded=0; jobified=0
 preferred device: Apple M3 Pro (high power)
Metal devices available: 1
0: Apple M3 Pro (high power)
Using device Apple M3 Pro (high power)
Initializing Metal device caps: Apple M3 Pro
Shader 'CartoonCoffee/Particle Basic': fallback shader '2' not found
Shader 'CartoonCoffee/Particle Additive': fallback shader '2' not found
Shader 'MoreMountains/MMRipple': fallback shader 'Particle/AlphaBlended' not found
Initialize mono
Mono path[0] = '/Applications/Unity/Hub/Editor/2021.3.32f1/Unity.app/Contents/Managed'
Mono path[1] = '/Applications/Unity/Hub/Editor/2021.3.32f1/Unity.app/Contents/MonoBleedingEdge/lib/mono/unityjit-macos'
Mono config path = '/Applications/Unity/Hub/Editor/2021.3.32f1/Unity.app/Contents/MonoBleedingEdge/etc'
Using monoOptions --debugger-agent=transport=dt_socket,embedding=1,server=y,suspend=n,address=127.0.0.1:56321
Begin MonoManager ReloadAssembly
Registering precompiled unity dll's ...
Register platform support module: /Applications/Unity/Hub/Editor/2021.3.32f1/Unity.app/Contents/PlaybackEngines/MacStandaloneSupport/UnityEditor.OSXStandalone.Extensions.dll
Register platform support module: /Applications/Unity/Hub/Editor/2021.3.32f1/PlaybackEngines/AndroidPlayer/UnityEditor.Android.Extensions.dll
Register platform support module: /Applications/Unity/Hub/Editor/2021.3.32f1/PlaybackEngines/iOSSupport/UnityEditor.iOS.Extensions.dll
Registered in 0.002069 seconds.
[usbmuxd] Start listen thread
[usbmuxd] Listen thread started
[usbmuxd] Send listen message
Native extension for iOS target not found
Native extension for Android target not found
Android Extension - Scanning For ADB Devices 81 ms
Native extension for OSXStandalone target not found
Refreshing native plugins compatible for Editor in 148.24 ms, found 2 plugins.
Preloading 1 native plugins for Editor in 0.19 ms.
Mono: successfully reloaded assembly
- Completed reload, in  0.630 seconds
Domain Reload Profiling:
	ReloadAssembly (630ms)
		BeginReloadAssembly (67ms)
			ExecutionOrderSort (0ms)
			DisableScriptedObjects (0ms)
			BackupInstance (0ms)
			ReleaseScriptingObjects (0ms)
			CreateAndSetChildDomain (0ms)
		EndReloadAssembly (512ms)
			LoadAssemblies (68ms)
			RebuildTransferFunctionScriptingTraits (0ms)
			SetupTypeCache (67ms)
			ReleaseScriptCaches (0ms)
			RebuildScriptCaches (17ms)
			SetupLoadedEditorAssemblies (400ms)
				LogAssemblyErrors (0ms)
				InitializePlatformSupportModulesInManaged (192ms)
				SetLoadedEditorAssemblies (0ms)
				RefreshPlugins (148ms)
				BeforeProcessingInitializeOnLoad (1ms)
				ProcessInitializeOnLoadAttributes (37ms)
				ProcessInitializeOnLoadMethodAttributes (22ms)
				AfterProcessingInitializeOnLoad (0ms)
				EditorAssembliesLoaded (0ms)
			ExecutionOrderSort2 (0ms)
			AwakeInstancesAfterBackupRestoration (0ms)
Platform modules already initialized, skipping
Registering precompiled user dll's ...
Registered in 0.009676 seconds.
Begin MonoManager ReloadAssembly
Symbol file LoadedFromMemory is not a mono symbol file
Native extension for iOS target not found
Native extension for Android target not found
Native extension for OSXStandalone target not found
Refreshing native plugins compatible for Editor in 156.41 ms, found 2 plugins.
Preloading 1 native plugins for Editor in 0.19 ms.
Package Manager log level set to [2]
[Package Manager] Server::EnsureServerProcessIsRunning -- launch failed, reason: Unity was launched with the -noUpm command-line argument
[Package Manager] Cannot connect to Unity Package Manager local server
Mono: successfully reloaded assembly
- Completed reload, in  1.355 seconds
Domain Reload Profiling:
	ReloadAssembly (1355ms)
		BeginReloadAssembly (59ms)
			ExecutionOrderSort (0ms)
			DisableScriptedObjects (3ms)
			BackupInstance (0ms)
			ReleaseScriptingObjects (0ms)
			CreateAndSetChildDomain (17ms)
		EndReloadAssembly (1238ms)
			LoadAssemblies (89ms)
			RebuildTransferFunctionScriptingTraits (0ms)
			SetupTypeCache (220ms)
			ReleaseScriptCaches (1ms)
			RebuildScriptCaches (71ms)
			SetupLoadedEditorAssemblies (811ms)
				LogAssemblyErrors (0ms)
				InitializePlatformSupportModulesInManaged (16ms)
				SetLoadedEditorAssemblies (0ms)
				RefreshPlugins (157ms)
				BeforeProcessingInitializeOnLoad (63ms)
				ProcessInitializeOnLoadAttributes (476ms)
				ProcessInitializeOnLoadMethodAttributes (98ms)
				AfterProcessingInitializeOnLoad (1ms)
				EditorAssembliesLoaded (0ms)
			ExecutionOrderSort2 (0ms)
			AwakeInstancesAfterBackupRestoration (2ms)
Platform modules already initialized, skipping
========================================================================
Worker process is ready to serve import requests
Shader 'CartoonCoffee/Particle Additive': fallback shader '2' not found
Shader 'MoreMountains/MMRipple': fallback shader 'Particle/AlphaBlended' not found
Shader 'CartoonCoffee/Particle Basic': fallback shader '2' not found
Launching external process: /Applications/Unity/Hub/Editor/2021.3.32f1/Unity.app/Contents/Tools/UnityShaderCompiler
Launched and connected shader compiler UnityShaderCompiler after 0.04 seconds
Refreshing native plugins compatible for Editor in 1.45 ms, found 2 plugins.
Preloading 1 native plugins for Editor in 0.19 ms.
Unloading 6645 Unused Serialized files (Serialized files now loaded: 0)
Unloading 102 unused Assets / (2.6 MB). Loaded Objects now: 7147.
Memory consumption went from 362.1 MB to 359.5 MB.
Total: 5.739916 ms (FindLiveObjects: 0.306250 ms CreateObjectMapping: 0.082500 ms MarkObjects: 4.917833 ms  DeleteObjects: 0.432666 ms)

AssetImportParameters requested are different than current active one (requested -> active):
  custom:video-decoder-ogg-theora: a1e56fd34408186e4bbccfd4996cb3dc -> 
  custom:container-muxer-webm: aa71ff27fc2769a1b78a27578f13a17b -> 
  custom:container-demuxer-webm: 4f35f7cbe854078d1ac9338744f61a02 -> 
  custom:video-encoder-webm-vp8: eb34c28f22e8b96e1ab97ce403110664 -> 
  custom:framework-osx-AVFoundation: e770b220cccbd017edd2c1fefb359320 -> 
  custom:CustomObjectIndexerAttribute: f67f22312cbe972f2da930a377ed3d15 -> 
  custom:audio-encoder-webm-vorbis: bf7c407c2cedff20999df2af8eb42d56 -> 
  custom:SearchIndexIgnoredProperties: e643bd26f0fe6173181afceb89e7c659 -> 
  custom:container-demuxer-ogg: 62fdf1f143b41e24485cea50d1cbac27 -> 
  custom:video-decoder-webm-vp8: 9c59270c3fd7afecdb556c50c9e8de78 -> 
  custom:audio-decoder-ogg-vorbis: bf7c407c2cedff20999df2af8eb42d56 -> 
========================================================================
Received Import Request.
  Time since last request: 76067.688620 seconds.
  path: Assets/12_External/Cartoon Coffee/2D Slash VFX/Materials/CartoonCoffee_Slash-v12_White_001-Basic-[1.0].mat
  artifactKey: Guid(735e58b3af0243747818575c9bcc4e2d) Importer(815301076,1909f56bfc062723c751e8b465ee728b)
Number of updated assets reloaded before import = 0
Start importing Assets/12_External/Cartoon Coffee/2D Slash VFX/Materials/CartoonCoffee_Slash-v12_White_001-Basic-[1.0].mat using Guid(735e58b3af0243747818575c9bcc4e2d) Importer(815301076,1909f56bfc062723c751e8b465ee728b)  -> (artifact id: '39364e63f174fd3103d65e727ce4fb3c') in 0.231113 seconds 
Number of asset objects unloaded after import = 14
========================================================================
Received Import Request.
  Time since last request: 10.147883 seconds.
  path: Assets/12_External/Cartoon Coffee/2D Slash VFX/Materials/CartoonCoffee_Slash-v15_White_001-Basic-[1.0].mat
  artifactKey: Guid(40116742184efdf49890e7dee77497b7) Importer(815301076,1909f56bfc062723c751e8b465ee728b)
Number of updated assets reloaded before import = 0
Start importing Assets/12_External/Cartoon Coffee/2D Slash VFX/Materials/CartoonCoffee_Slash-v15_White_001-Basic-[1.0].mat using Guid(40116742184efdf49890e7dee77497b7) Importer(815301076,1909f56bfc062723c751e8b465ee728b)  -> (artifact id: '2234f8d613ebb23d5174dd3a9a0648e7') in 0.017837 seconds 
Number of asset objects unloaded after import = 4
========================================================================
Received Import Request.
  Time since last request: 0.000037 seconds.
  path: Assets/12_External/Cartoon Coffee/2D Slash VFX/Materials/CartoonCoffee_Slash-v17_White_001-Add-[1.0].mat
  artifactKey: Guid(4acaf49ca59f9f946b604ebcc2d851f0) Importer(815301076,1909f56bfc062723c751e8b465ee728b)
Number of updated assets reloaded before import = 0
Start importing Assets/12_External/Cartoon Coffee/2D Slash VFX/Materials/CartoonCoffee_Slash-v17_White_001-Add-[1.0].mat using Guid(4acaf49ca59f9f946b604ebcc2d851f0) Importer(815301076,1909f56bfc062723c751e8b465ee728b)  -> (artifact id: 'c2bad4c7019a6900644114e487f31b56') in 0.007502 seconds 
Number of asset objects unloaded after import = 4
========================================================================
Received Import Request.
  Time since last request: 0.000044 seconds.
  path: Assets/12_External/Cartoon Coffee/2D Slash VFX/Materials/CartoonCoffee_Slash-v16_White_001-Basic-[1.0].mat
  artifactKey: Guid(66e3c25b5fe6feb4caf10df9eb18733a) Importer(815301076,1909f56bfc062723c751e8b465ee728b)
Number of updated assets reloaded before import = 0
Start importing Assets/12_External/Cartoon Coffee/2D Slash VFX/Materials/CartoonCoffee_Slash-v16_White_001-Basic-[1.0].mat using Guid(66e3c25b5fe6feb4caf10df9eb18733a) Importer(815301076,1909f56bfc062723c751e8b465ee728b)  -> (artifact id: 'eec011cea955b3c6183e38b309d951db') in 0.007239 seconds 
Number of asset objects unloaded after import = 4
========================================================================
Received Import Request.
  Time since last request: 0.000049 seconds.
  path: Assets/12_External/Cartoon Coffee/2D Slash VFX/Materials/CartoonCoffee_Slash-v17_Blue_001-Basic-[1.0].mat
  artifactKey: Guid(a1e851845c7b6744a9e51a952917631d) Importer(815301076,1909f56bfc062723c751e8b465ee728b)
Number of updated assets reloaded before import = 0
Start importing Assets/12_External/Cartoon Coffee/2D Slash VFX/Materials/CartoonCoffee_Slash-v17_Blue_001-Basic-[1.0].mat using Guid(a1e851845c7b6744a9e51a952917631d) Importer(815301076,1909f56bfc062723c751e8b465ee728b)  -> (artifact id: '8c268d6daa06fabfc4e55d562a070bd5') in 0.059413 seconds 
Number of asset objects unloaded after import = 4
========================================================================
Received Import Request.
  Time since last request: 2.891424 seconds.
  path: Assets/12_External/Cartoon Coffee/2D Slash VFX/Materials/CartoonCoffee_Slash-v18_White_001-Add-[1.0].mat
  artifactKey: Guid(f66c3bfbee11c71458688e208720a6c1) Importer(815301076,1909f56bfc062723c751e8b465ee728b)
Number of updated assets reloaded before import = 0
Start importing Assets/12_External/Cartoon Coffee/2D Slash VFX/Materials/CartoonCoffee_Slash-v18_White_001-Add-[1.0].mat using Guid(f66c3bfbee11c71458688e208720a6c1) Importer(815301076,1909f56bfc062723c751e8b465ee728b)  -> (artifact id: '7b6197afa23dc86395d532b4c08b1f8e') in 0.012853 seconds 
Number of asset objects unloaded after import = 4
========================================================================
Received Import Request.
  Time since last request: 0.000050 seconds.
  path: Assets/12_External/Cartoon Coffee/2D Slash VFX/Materials/CartoonCoffee_Slash-v18_White_001-Basic-[1.0].mat
  artifactKey: Guid(de980c0a234365648804d9cb317b73f4) Importer(815301076,1909f56bfc062723c751e8b465ee728b)
Number of updated assets reloaded before import = 0
Start importing Assets/12_External/Cartoon Coffee/2D Slash VFX/Materials/CartoonCoffee_Slash-v18_White_001-Basic-[1.0].mat using Guid(de980c0a234365648804d9cb317b73f4) Importer(815301076,1909f56bfc062723c751e8b465ee728b)  -> (artifact id: '161aad7d60dbea4b06ff37f6278b240f') in 0.005926 seconds 
Number of asset objects unloaded after import = 4
========================================================================
Received Import Request.
  Time since last request: 0.000034 seconds.
  path: Assets/12_External/Cartoon Coffee/VFX Deluxe/Materials/CartoonCoffee_Snowflake_001-Basic-[1.0].mat
  artifactKey: Guid(88c4aef1c103d554b999bb4aad244265) Importer(815301076,1909f56bfc062723c751e8b465ee728b)
Number of updated assets reloaded before import = 0
Start importing Assets/12_External/Cartoon Coffee/VFX Deluxe/Materials/CartoonCoffee_Snowflake_001-Basic-[1.0].mat using Guid(88c4aef1c103d554b999bb4aad244265) Importer(815301076,1909f56bfc062723c751e8b465ee728b)  -> (artifact id: '1ee6f8905e7d15c00128c2c2b90166a2') in 0.007119 seconds 
Number of asset objects unloaded after import = 4
========================================================================
Received Import Request.
  Time since last request: 0.429612 seconds.
  path: Assets/12_External/Cartoon Coffee/VFX Deluxe/Materials/CartoonCoffee_Splash-Basic-[1.0].mat
  artifactKey: Guid(e9a0652e62e9ece43bea70e76eab3011) Importer(815301076,1909f56bfc062723c751e8b465ee728b)
Number of updated assets reloaded before import = 0
Start importing Assets/12_External/Cartoon Coffee/VFX Deluxe/Materials/CartoonCoffee_Splash-Basic-[1.0].mat using Guid(e9a0652e62e9ece43bea70e76eab3011) Importer(815301076,1909f56bfc062723c751e8b465ee728b)  -> (artifact id: 'e1950c1c3688f4325e70b7b843b8de94') in 0.008564 seconds 
Number of asset objects unloaded after import = 5
========================================================================
Received Import Request.
  Time since last request: 0.000032 seconds.
  path: Assets/12_External/Cartoon Coffee/VFX Deluxe/Materials/CartoonCoffee_Splash-Basic-[2.0].mat
  artifactKey: Guid(b133107a50d7aff4ab47d9392b93edb9) Importer(815301076,1909f56bfc062723c751e8b465ee728b)
Number of updated assets reloaded before import = 0
Start importing Assets/12_External/Cartoon Coffee/VFX Deluxe/Materials/CartoonCoffee_Splash-Basic-[2.0].mat using Guid(b133107a50d7aff4ab47d9392b93edb9) Importer(815301076,1909f56bfc062723c751e8b465ee728b)  -> (artifact id: '4dde8475c3a176e4eda0b45d0f4a775a') in 0.006215 seconds 
Number of asset objects unloaded after import = 5
========================================================================
Received Import Request.
  Time since last request: 0.000040 seconds.
  path: Assets/12_External/Cartoon Coffee/VFX Deluxe/Materials/CartoonCoffee_Splash_003-Basic-[2.0].mat
  artifactKey: Guid(cc8aa80c0e8f72a419ff3c63c4d5a6a8) Importer(815301076,1909f56bfc062723c751e8b465ee728b)
Number of updated assets reloaded before import = 0
Start importing Assets/12_External/Cartoon Coffee/VFX Deluxe/Materials/CartoonCoffee_Splash_003-Basic-[2.0].mat using Guid(cc8aa80c0e8f72a419ff3c63c4d5a6a8) Importer(815301076,1909f56bfc062723c751e8b465ee728b)  -> (artifact id: '4d7a252199c9d019b5c064fb1c22d79f') in 0.005079 seconds 
Number of asset objects unloaded after import = 5
========================================================================
Received Import Request.
  Time since last request: 6.500352 seconds.
  path: Assets/12_External/Cartoon Coffee/VFX Deluxe/Materials/CartoonCoffee_Square_Tech_Cutout_001-Basic-[1.0].mat
  artifactKey: Guid(9b34bee328e6ede459f665386e143846) Importer(815301076,1909f56bfc062723c751e8b465ee728b)
Number of updated assets reloaded before import = 0
Start importing Assets/12_External/Cartoon Coffee/VFX Deluxe/Materials/CartoonCoffee_Square_Tech_Cutout_001-Basic-[1.0].mat using Guid(9b34bee328e6ede459f665386e143846) Importer(815301076,1909f56bfc062723c751e8b465ee728b)  -> (artifact id: '9818e5520a4b8f04fe79ca57f4b255b3') in 0.025114 seconds 
Number of asset objects unloaded after import = 3
========================================================================
Received Import Request.
  Time since last request: 0.000039 seconds.
  path: Assets/12_External/Cartoon Coffee/VFX Deluxe/Materials/CartoonCoffee_Star_003-Blue-Add-[2.0].mat
  artifactKey: Guid(beaf2e0b300bc1840a70b0770927a4b2) Importer(815301076,1909f56bfc062723c751e8b465ee728b)
Number of updated assets reloaded before import = 0
Start importing Assets/12_External/Cartoon Coffee/VFX Deluxe/Materials/CartoonCoffee_Star_003-Blue-Add-[2.0].mat using Guid(beaf2e0b300bc1840a70b0770927a4b2) Importer(815301076,1909f56bfc062723c751e8b465ee728b)  -> (artifact id: 'fdd8b765eba579ccdb6f3fcfd01140fa') in 0.029445 seconds 
Number of asset objects unloaded after import = 4
========================================================================
Received Import Request.
  Time since last request: 1.669736 seconds.
  path: Assets/12_External/Cartoon Coffee/VFX Deluxe/Materials/CartoonCoffee_Star_004-Basic-Brightness_2.5-[1.0].mat
  artifactKey: Guid(464a6bbef939eae47b958416cb325cd3) Importer(815301076,1909f56bfc062723c751e8b465ee728b)
Number of updated assets reloaded before import = 0
Start importing Assets/12_External/Cartoon Coffee/VFX Deluxe/Materials/CartoonCoffee_Star_004-Basic-Brightness_2.5-[1.0].mat using Guid(464a6bbef939eae47b958416cb325cd3) Importer(815301076,1909f56bfc062723c751e8b465ee728b)  -> (artifact id: 'ac78c58a721fa4d637bdf9da80c1968d') in 0.012427 seconds 
Number of asset objects unloaded after import = 4
========================================================================
Received Import Request.
  Time since last request: 0.000119 seconds.
  path: Assets/12_External/Cartoon Coffee/VFX Deluxe/Materials/CartoonCoffee_Star_Cutout_001-Basic-[2.0].mat
  artifactKey: Guid(d2281022cea0bd14cb49efe7121940b1) Importer(815301076,1909f56bfc062723c751e8b465ee728b)
Number of updated assets reloaded before import = 0
Start importing Assets/12_External/Cartoon Coffee/VFX Deluxe/Materials/CartoonCoffee_Star_Cutout_001-Basic-[2.0].mat using Guid(d2281022cea0bd14cb49efe7121940b1) Importer(815301076,1909f56bfc062723c751e8b465ee728b)  -> (artifact id: 'c51ae36a345d8e5cdff074c816c4cc26') in 0.006122 seconds 
Number of asset objects unloaded after import = 5
========================================================================
Received Import Request.
  Time since last request: 1.778252 seconds.
  path: Assets/12_External/Cartoon Coffee/VFX Deluxe/Materials/CartoonCoffee_Wind_Puff-Alpha-0.1-Basic-[1.0].mat
  artifactKey: Guid(3c001b36551d0dc44ad10eeea3de5a36) Importer(815301076,1909f56bfc062723c751e8b465ee728b)
Number of updated assets reloaded before import = 0
Start importing Assets/12_External/Cartoon Coffee/VFX Deluxe/Materials/CartoonCoffee_Wind_Puff-Alpha-0.1-Basic-[1.0].mat using Guid(3c001b36551d0dc44ad10eeea3de5a36) Importer(815301076,1909f56bfc062723c751e8b465ee728b)  -> (artifact id: '96a3e1d63feec0d4fb9ae8a0cf2ab5b0') in 0.011418 seconds 
Number of asset objects unloaded after import = 5
========================================================================
Received Import Request.
  Time since last request: 0.000107 seconds.
  path: Assets/12_External/Cartoon Coffee/VFX Deluxe/Materials/CartoonCoffee_Wind_Ring-Alpha-0.1-Basic-[2.0].mat
  artifactKey: Guid(c5d790f4173a1724e8be6e320dda85e5) Importer(815301076,1909f56bfc062723c751e8b465ee728b)
Number of updated assets reloaded before import = 0
Start importing Assets/12_External/Cartoon Coffee/VFX Deluxe/Materials/CartoonCoffee_Wind_Ring-Alpha-0.1-Basic-[2.0].mat using Guid(c5d790f4173a1724e8be6e320dda85e5) Importer(815301076,1909f56bfc062723c751e8b465ee728b)  -> (artifact id: '6163de1fa75837ce2aad5eae7c0968c9') in 0.007495 seconds 
Number of asset objects unloaded after import = 5
========================================================================
Received Import Request.
  Time since last request: 0.242513 seconds.
  path: Assets/06_ Materials/BattleAnimation/CavalierAttackTrail.mat
  artifactKey: Guid(4cf7a1862eca9dd41915949161482679) Importer(815301076,1909f56bfc062723c751e8b465ee728b)
Number of updated assets reloaded before import = 0
Start importing Assets/06_ Materials/BattleAnimation/CavalierAttackTrail.mat using Guid(4cf7a1862eca9dd41915949161482679) Importer(815301076,1909f56bfc062723c751e8b465ee728b)  -> (artifact id: '458173244756d96d63aa98b9a3fdcce1') in 0.009501 seconds 
Number of asset objects unloaded after import = 4
========================================================================
Received Import Request.
  Time since last request: 38.814320 seconds.
  path: Assets/12_External/JMO Assets/Cartoon FX (legacy)/Materials/Misc/CFX2_Debris_Wood AB.mat
  artifactKey: Guid(e1cf54412e358b0449e074b9ec70c128) Importer(815301076,1909f56bfc062723c751e8b465ee728b)
Number of updated assets reloaded before import = 0
Start importing Assets/12_External/JMO Assets/Cartoon FX (legacy)/Materials/Misc/CFX2_Debris_Wood AB.mat using Guid(e1cf54412e358b0449e074b9ec70c128) Importer(815301076,1909f56bfc062723c751e8b465ee728b)  -> (artifact id: '239c657eb0cba94908897ca5cb74e387') in 0.100007 seconds 
Number of asset objects unloaded after import = 3
========================================================================
Received Import Request.
  Time since last request: 0.251074 seconds.
  path: Assets/12_External/JMO Assets/Cartoon FX (legacy)/Materials/Decals/CFX2_ShatteredGround2.mat
  artifactKey: Guid(7bf04c24461f9274ab602a027edfe109) Importer(815301076,1909f56bfc062723c751e8b465ee728b)
Number of updated assets reloaded before import = 0
Start importing Assets/12_External/JMO Assets/Cartoon FX (legacy)/Materials/Decals/CFX2_ShatteredGround2.mat using Guid(7bf04c24461f9274ab602a027edfe109) Importer(815301076,1909f56bfc062723c751e8b465ee728b)  -> (artifact id: '896f5436c49381f071dfe843800a9c09') in 0.065561 seconds 
Number of asset objects unloaded after import = 3
========================================================================
Received Import Request.
  Time since last request: 5.278560 seconds.
  path: Assets/12_External/JMO Assets/Cartoon FX (legacy)/Materials/Symbols/CFX2_Smiley Add.mat
  artifactKey: Guid(ca6271d0f0946624484298cc419a1a9d) Importer(815301076,1909f56bfc062723c751e8b465ee728b)
Number of updated assets reloaded before import = 0
Start importing Assets/12_External/JMO Assets/Cartoon FX (legacy)/Materials/Symbols/CFX2_Smiley Add.mat using Guid(ca6271d0f0946624484298cc419a1a9d) Importer(815301076,1909f56bfc062723c751e8b465ee728b)  -> (artifact id: 'd37e53d1ea6565d0e17cd210dff4f630') in 0.039093 seconds 
Number of asset objects unloaded after import = 3
========================================================================
Received Import Request.
  Time since last request: 0.205583 seconds.
  path: Assets/12_External/JMO Assets/Cartoon FX (legacy)/Materials/Misc/CFX2_Ventilo.mat
  artifactKey: Guid(dda35fa1590b6044b94e93154014561a) Importer(815301076,1909f56bfc062723c751e8b465ee728b)
Number of updated assets reloaded before import = 0
Start importing Assets/12_External/JMO Assets/Cartoon FX (legacy)/Materials/Misc/CFX2_Ventilo.mat using Guid(dda35fa1590b6044b94e93154014561a) Importer(815301076,1909f56bfc062723c751e8b465ee728b)  -> (artifact id: '6b70d85670f9f7d108113c9b2e3391e2') in 0.005975 seconds 
Number of asset objects unloaded after import = 3
========================================================================
Received Import Request.
  Time since last request: 0.000049 seconds.
  path: Assets/12_External/JMO Assets/Cartoon FX (legacy)/Materials/Misc/CFX2_WWSmoke2 AB.mat
  artifactKey: Guid(2971af36b69b5924fb0f74d572a91646) Importer(815301076,1909f56bfc062723c751e8b465ee728b)
Number of updated assets reloaded before import = 0
Start importing Assets/12_External/JMO Assets/Cartoon FX (legacy)/Materials/Misc/CFX2_WWSmoke2 AB.mat using Guid(2971af36b69b5924fb0f74d572a91646) Importer(815301076,1909f56bfc062723c751e8b465ee728b)  -> (artifact id: 'df4e335e28ed5798b6b8f81c36aa1dd2') in 0.005896 seconds 
Number of asset objects unloaded after import = 3
========================================================================
Received Import Request.
  Time since last request: 0.000056 seconds.
  path: Assets/12_External/JMO Assets/Cartoon FX (legacy)/Materials/Misc/CFX2_WWSmoke ABP.mat
  artifactKey: Guid(c2b6d89793f7f774ca8040eb59feb250) Importer(815301076,1909f56bfc062723c751e8b465ee728b)
Number of updated assets reloaded before import = 0
Start importing Assets/12_External/JMO Assets/Cartoon FX (legacy)/Materials/Misc/CFX2_WWSmoke ABP.mat using Guid(c2b6d89793f7f774ca8040eb59feb250) Importer(815301076,1909f56bfc062723c751e8b465ee728b)  -> (artifact id: '4a1f2f5cb0a8908c61102b7071890a36') in 0.007563 seconds 
Number of asset objects unloaded after import = 3
========================================================================
Received Import Request.
  Time since last request: 3.007462 seconds.
  path: Assets/12_External/JMO Assets/Cartoon FX (legacy)/Materials/Light/CFX3_CircleSoft ADDSOFT.mat
  artifactKey: Guid(c26f3dc2706e5764eb5100c273a349d7) Importer(815301076,1909f56bfc062723c751e8b465ee728b)
Number of updated assets reloaded before import = 0
Start importing Assets/12_External/JMO Assets/Cartoon FX (legacy)/Materials/Light/CFX3_CircleSoft ADDSOFT.mat using Guid(c26f3dc2706e5764eb5100c273a349d7) Importer(815301076,1909f56bfc062723c751e8b465ee728b)  -> (artifact id: '7574094473c2263bbebfc91940091aaf') in 0.011985 seconds 
Number of asset objects unloaded after import = 3
========================================================================
Received Import Request.
  Time since last request: 4.359370 seconds.
  path: Assets/12_External/JMO Assets/Cartoon FX (legacy)/Materials/Water/CFX3_IceSmoke ADD.mat
  artifactKey: Guid(bb55ee7afd6389e40b30d89d435fa574) Importer(815301076,1909f56bfc062723c751e8b465ee728b)
Number of updated assets reloaded before import = 0
Start importing Assets/12_External/JMO Assets/Cartoon FX (legacy)/Materials/Water/CFX3_IceSmoke ADD.mat using Guid(bb55ee7afd6389e40b30d89d435fa574) Importer(815301076,1909f56bfc062723c751e8b465ee728b)  -> (artifact id: '789c546758ca846811a4b071b89b243d') in 0.014866 seconds 
Number of asset objects unloaded after import = 3
========================================================================
Received Import Request.
  Time since last request: 0.000076 seconds.
  path: Assets/12_External/JMO Assets/Cartoon FX (legacy)/Materials/Misc/CFX3_SmokePuff ADDSOFT.mat
  artifactKey: Guid(f12d680b3c37c3c4fae5c220798d9977) Importer(815301076,1909f56bfc062723c751e8b465ee728b)
Number of updated assets reloaded before import = 0
Start importing Assets/12_External/JMO Assets/Cartoon FX (legacy)/Materials/Misc/CFX3_SmokePuff ADDSOFT.mat using Guid(f12d680b3c37c3c4fae5c220798d9977) Importer(815301076,1909f56bfc062723c751e8b465ee728b)  -> (artifact id: '452d97f53b392e2f9efc2b649d711ca2') in 0.006364 seconds 
Number of asset objects unloaded after import = 3
========================================================================
Received Import Request.
  Time since last request: 0.000088 seconds.
  path: Assets/12_External/JMO Assets/Cartoon FX (legacy)/Materials/Water/CFX3_IceSmoke Intense ADD.mat
  artifactKey: Guid(a1b51a897f8d66c4f89b7b2782a1e43e) Importer(815301076,1909f56bfc062723c751e8b465ee728b)
Number of updated assets reloaded before import = 0
Start importing Assets/12_External/JMO Assets/Cartoon FX (legacy)/Materials/Water/CFX3_IceSmoke Intense ADD.mat using Guid(a1b51a897f8d66c4f89b7b2782a1e43e) Importer(815301076,1909f56bfc062723c751e8b465ee728b)  -> (artifact id: '79480dfcae194b93cf49f1459e30060d') in 0.005514 seconds 
Number of asset objects unloaded after import = 3
========================================================================
Received Import Request.
  Time since last request: 0.000056 seconds.
  path: Assets/12_External/JMO Assets/Cartoon FX (legacy)/Materials/Light/CFX3_SmallRay ADDSOFT.mat
  artifactKey: Guid(d9f8ab332ba6f4a45bd1913a9ff33b10) Importer(815301076,1909f56bfc062723c751e8b465ee728b)
Number of updated assets reloaded before import = 0
Start importing Assets/12_External/JMO Assets/Cartoon FX (legacy)/Materials/Light/CFX3_SmallRay ADDSOFT.mat using Guid(d9f8ab332ba6f4a45bd1913a9ff33b10) Importer(815301076,1909f56bfc062723c751e8b465ee728b)  -> (artifact id: 'efb3e8dc9b943b8e338251e1cfd419b8') in 0.004648 seconds 
Number of asset objects unloaded after import = 3
========================================================================
Received Import Request.
  Time since last request: 0.819886 seconds.
  path: Assets/12_External/JMO Assets/Cartoon FX (legacy)/Materials/Light/CFX4_AuraBubble AB+AddSoft VColor.mat
  artifactKey: Guid(783adf68b044b0d42a2d5f6be878fa68) Importer(815301076,1909f56bfc062723c751e8b465ee728b)
Number of updated assets reloaded before import = 0
Start importing Assets/12_External/JMO Assets/Cartoon FX (legacy)/Materials/Light/CFX4_AuraBubble AB+AddSoft VColor.mat using Guid(783adf68b044b0d42a2d5f6be878fa68) Importer(815301076,1909f56bfc062723c751e8b465ee728b)  -> (artifact id: 'd906d721c5e32266e80c4161dd75eeec') in 0.007078 seconds 
Number of asset objects unloaded after import = 4
========================================================================
Received Import Request.
  Time since last request: 0.000032 seconds.
  path: Assets/12_External/JMO Assets/Cartoon FX (legacy)/Materials/Light/CFX4_AuraBubble ADD.mat
  artifactKey: Guid(b701c416ffd5db94eab6dbfe25b8247e) Importer(815301076,1909f56bfc062723c751e8b465ee728b)
Number of updated assets reloaded before import = 0
Start importing Assets/12_External/JMO Assets/Cartoon FX (legacy)/Materials/Light/CFX4_AuraBubble ADD.mat using Guid(b701c416ffd5db94eab6dbfe25b8247e) Importer(815301076,1909f56bfc062723c751e8b465ee728b)  -> (artifact id: '7211b1be72da430748613dc7fcc4ae36') in 0.004943 seconds 
Number of asset objects unloaded after import = 3
========================================================================
Received Import Request.
  Time since last request: 0.000032 seconds.
  path: Assets/12_External/JMO Assets/Cartoon FX (legacy)/Materials/Water/CFX4_DropRipple AB.mat
  artifactKey: Guid(cc4cde5844eacd642bfb8a865d90b480) Importer(815301076,1909f56bfc062723c751e8b465ee728b)
Number of updated assets reloaded before import = 0
Start importing Assets/12_External/JMO Assets/Cartoon FX (legacy)/Materials/Water/CFX4_DropRipple AB.mat using Guid(cc4cde5844eacd642bfb8a865d90b480) Importer(815301076,1909f56bfc062723c751e8b465ee728b)  -> (artifact id: 'bb9b76b16e260293d27124c30e193078') in 0.005588 seconds 
Number of asset objects unloaded after import = 3
========================================================================
Received Import Request.
  Time since last request: 6.397517 seconds.
  path: Assets/12_External/JMO Assets/Cartoon FX (legacy)/Materials/Fire/CFX4_FireBulk_Round AB+AddSoft VColor.mat
  artifactKey: Guid(89e0ad2d25b566b499a3c6123030eaea) Importer(815301076,1909f56bfc062723c751e8b465ee728b)
Number of updated assets reloaded before import = 0
Start importing Assets/12_External/JMO Assets/Cartoon FX (legacy)/Materials/Fire/CFX4_FireBulk_Round AB+AddSoft VColor.mat using Guid(89e0ad2d25b566b499a3c6123030eaea) Importer(815301076,1909f56bfc062723c751e8b465ee728b)  -> (artifact id: '16621a6f92706d248704d7c180e06794') in 0.011323 seconds 
Number of asset objects unloaded after import = 4
========================================================================
Received Import Request.
  Time since last request: 0.000039 seconds.
  path: Assets/12_External/JMO Assets/Cartoon FX (legacy)/Materials/Fire/CFX4_FireSoft AB+Add VColor.mat
  artifactKey: Guid(ac7d1da8dce40f04b96d559569b4624a) Importer(815301076,1909f56bfc062723c751e8b465ee728b)
Number of updated assets reloaded before import = 0
Start importing Assets/12_External/JMO Assets/Cartoon FX (legacy)/Materials/Fire/CFX4_FireSoft AB+Add VColor.mat using Guid(ac7d1da8dce40f04b96d559569b4624a) Importer(815301076,1909f56bfc062723c751e8b465ee728b)  -> (artifact id: '6dea274555cb73bcb606254231edc031') in 0.010146 seconds 
Number of asset objects unloaded after import = 4
========================================================================
Received Import Request.
  Time since last request: 0.000044 seconds.
  path: Assets/12_External/JMO Assets/Cartoon FX (legacy)/Materials/Misc/CFX4_Flower AB.mat
  artifactKey: Guid(f5b7932fa2cc6a44a996c727393efc25) Importer(815301076,1909f56bfc062723c751e8b465ee728b)
Number of updated assets reloaded before import = 0
Start importing Assets/12_External/JMO Assets/Cartoon FX (legacy)/Materials/Misc/CFX4_Flower AB.mat using Guid(f5b7932fa2cc6a44a996c727393efc25) Importer(815301076,1909f56bfc062723c751e8b465ee728b)  -> (artifact id: 'fde37ead4a8a35dfcbe577e84577eeb2') in 0.005604 seconds 
Number of asset objects unloaded after import = 3
========================================================================
Received Import Request.
  Time since last request: 23.138511 seconds.
  path: Assets/12_External/JMO Assets/Cartoon FX (legacy)/Materials/Stretched/CFX4_RayRounded AB+AddSoft VColor.mat
  artifactKey: Guid(5ab871475f59b0247af0cd9908537be8) Importer(815301076,1909f56bfc062723c751e8b465ee728b)
Number of updated assets reloaded before import = 0
Start importing Assets/12_External/JMO Assets/Cartoon FX (legacy)/Materials/Stretched/CFX4_RayRounded AB+AddSoft VColor.mat using Guid(5ab871475f59b0247af0cd9908537be8) Importer(815301076,1909f56bfc062723c751e8b465ee728b)  -> (artifact id: '4defbc85c5e1414dd03e87bf14f1d8e4') in 0.111816 seconds 
Number of asset objects unloaded after import = 4
========================================================================
Received Import Request.
  Time since last request: 0.000084 seconds.
  path: Assets/12_External/JMO Assets/Cartoon FX (legacy)/Materials/Light/CFX4_RayStraight AB.mat
  artifactKey: Guid(c772c88d1c71af7439819e56cfd0abda) Importer(815301076,1909f56bfc062723c751e8b465ee728b)
Number of updated assets reloaded before import = 0
Start importing Assets/12_External/JMO Assets/Cartoon FX (legacy)/Materials/Light/CFX4_RayStraight AB.mat using Guid(c772c88d1c71af7439819e56cfd0abda) Importer(815301076,1909f56bfc062723c751e8b465ee728b)  -> (artifact id: 'e17734e6eb854f520ff6002e9798cfee') in 0.007531 seconds 
Number of asset objects unloaded after import = 3
========================================================================
Received Import Request.
  Time since last request: 0.000237 seconds.
  path: Assets/12_External/JMO Assets/Cartoon FX (legacy)/Materials/Water/CFX4_Splash Bubble AddA8.mat
  artifactKey: Guid(0357eda18b92032418f59e6a144279c0) Importer(815301076,1909f56bfc062723c751e8b465ee728b)
Number of updated assets reloaded before import = 0
Start importing Assets/12_External/JMO Assets/Cartoon FX (legacy)/Materials/Water/CFX4_Splash Bubble AddA8.mat using Guid(0357eda18b92032418f59e6a144279c0) Importer(815301076,1909f56bfc062723c751e8b465ee728b)  -> (artifact id: '0bd1188dbc2ae51c2ceff20961cbb7ab') in 0.005522 seconds 
Number of asset objects unloaded after import = 3
========================================================================
Received Import Request.
  Time since last request: 2.788554 seconds.
  path: Assets/12_External/JMO Assets/Cartoon FX (legacy)/Materials/Electric/CFX_ElectricBolt_Add.mat
  artifactKey: Guid(9c36c09a0f6dd93458248f001ebce5ab) Importer(815301076,1909f56bfc062723c751e8b465ee728b)
Number of updated assets reloaded before import = 0
Start importing Assets/12_External/JMO Assets/Cartoon FX (legacy)/Materials/Electric/CFX_ElectricBolt_Add.mat using Guid(9c36c09a0f6dd93458248f001ebce5ab) Importer(815301076,1909f56bfc062723c751e8b465ee728b)  -> (artifact id: 'b5d3380855c770d14df4982783cad9d4') in 0.012665 seconds 
Number of asset objects unloaded after import = 3
========================================================================
Received Import Request.
  Time since last request: 0.240856 seconds.
  path: Assets/12_External/JMO Assets/Cartoon FX (legacy)/Materials/Fire/CFX_Flame3BW_Add.mat
  artifactKey: Guid(b2e9c874d70fdc647ae8fca6379f7571) Importer(815301076,1909f56bfc062723c751e8b465ee728b)
Number of updated assets reloaded before import = 0
Start importing Assets/12_External/JMO Assets/Cartoon FX (legacy)/Materials/Fire/CFX_Flame3BW_Add.mat using Guid(b2e9c874d70fdc647ae8fca6379f7571) Importer(815301076,1909f56bfc062723c751e8b465ee728b)  -> (artifact id: 'fb4cc677b347e42ac7d54267f41993b1') in 0.006894 seconds 
Number of asset objects unloaded after import = 3
========================================================================
Received Import Request.
  Time since last request: 0.000038 seconds.
  path: Assets/12_External/JMO Assets/Cartoon FX (legacy)/Materials/Water/CFX_Foam_AddSoft.mat
  artifactKey: Guid(4923e9063b9c1c44ca2b442ca26bee4b) Importer(815301076,1909f56bfc062723c751e8b465ee728b)
Number of updated assets reloaded before import = 0
Start importing Assets/12_External/JMO Assets/Cartoon FX (legacy)/Materials/Water/CFX_Foam_AddSoft.mat using Guid(4923e9063b9c1c44ca2b442ca26bee4b) Importer(815301076,1909f56bfc062723c751e8b465ee728b)  -> (artifact id: '585ef4834c2a94b1b8fc08472e19028b') in 0.005177 seconds 
Number of asset objects unloaded after import = 3
========================================================================
Received Import Request.
  Time since last request: 0.000048 seconds.
  path: Assets/12_External/JMO Assets/Cartoon FX (legacy)/Materials/Fire/CFX_Flame3BW_AlphaBlended.mat
  artifactKey: Guid(9559ad9d29ed6024080cffc3bded0645) Importer(815301076,1909f56bfc062723c751e8b465ee728b)
Number of updated assets reloaded before import = 0
Start importing Assets/12_External/JMO Assets/Cartoon FX (legacy)/Materials/Fire/CFX_Flame3BW_AlphaBlended.mat using Guid(9559ad9d29ed6024080cffc3bded0645) Importer(815301076,1909f56bfc062723c751e8b465ee728b)  -> (artifact id: '5f8038a3e6c53fbbb5348a6e194b2b78') in 0.004910 seconds 
Number of asset objects unloaded after import = 3
========================================================================
Received Import Request.
  Time since last request: 11.835680 seconds.
  path: Assets/12_External/JMO Assets/Cartoon FX (legacy)/Materials/Stretched/CFX_SpacedLine.mat
  artifactKey: Guid(7df81ca1ef2a4ef40a7c08d1e1d04a50) Importer(815301076,1909f56bfc062723c751e8b465ee728b)
Number of updated assets reloaded before import = 0
Start importing Assets/12_External/JMO Assets/Cartoon FX (legacy)/Materials/Stretched/CFX_SpacedLine.mat using Guid(7df81ca1ef2a4ef40a7c08d1e1d04a50) Importer(815301076,1909f56bfc062723c751e8b465ee728b)  -> (artifact id: '8858896570c3375e2eda1e4f1f77ea46') in 0.063243 seconds 
Number of asset objects unloaded after import = 3
========================================================================
Received Import Request.
  Time since last request: 0.000045 seconds.
  path: Assets/12_External/JMO Assets/Cartoon FX (legacy)/Materials/Texts/CFX_Text_Poof.mat
  artifactKey: Guid(cdce420b15d8fcd4fa0d29c725b94d0a) Importer(815301076,1909f56bfc062723c751e8b465ee728b)
Number of updated assets reloaded before import = 0
Start importing Assets/12_External/JMO Assets/Cartoon FX (legacy)/Materials/Texts/CFX_Text_Poof.mat using Guid(cdce420b15d8fcd4fa0d29c725b94d0a) Importer(815301076,1909f56bfc062723c751e8b465ee728b)  -> (artifact id: '9b3a1e588848fc255b19d7d6b36630ac') in 0.009096 seconds 
Number of asset objects unloaded after import = 3
========================================================================
Received Import Request.
  Time since last request: 0.000110 seconds.
  path: Assets/12_External/JMO Assets/Cartoon FX (legacy)/Materials/Misc/CFX_Star Add.mat
  artifactKey: Guid(28bd8c3c14d3f214da37557b91e0fa5d) Importer(815301076,1909f56bfc062723c751e8b465ee728b)
Number of updated assets reloaded before import = 0
Start importing Assets/12_External/JMO Assets/Cartoon FX (legacy)/Materials/Misc/CFX_Star Add.mat using Guid(28bd8c3c14d3f214da37557b91e0fa5d) Importer(815301076,1909f56bfc062723c751e8b465ee728b)  -> (artifact id: 'a0b3612477cc08772705ab84c074886b') in 0.011703 seconds 
Number of asset objects unloaded after import = 3
========================================================================
Received Import Request.
  Time since last request: 0.000037 seconds.
  path: Assets/12_External/JMO Assets/Cartoon FX (legacy)/Materials/Electric/CFX_Sparkles_Add.mat
  artifactKey: Guid(f70f45ac7c9fb644c9a039b7d3aab297) Importer(815301076,1909f56bfc062723c751e8b465ee728b)
Number of updated assets reloaded before import = 0
Start importing Assets/12_External/JMO Assets/Cartoon FX (legacy)/Materials/Electric/CFX_Sparkles_Add.mat using Guid(f70f45ac7c9fb644c9a039b7d3aab297) Importer(815301076,1909f56bfc062723c751e8b465ee728b)  -> (artifact id: 'b830b83cda5d77588282213812bad7a8') in 0.005765 seconds 
Number of asset objects unloaded after import = 3
========================================================================
Received Import Request.
  Time since last request: 7.373536 seconds.
  path: Assets/12_External/JMO Assets/Cartoon FX (legacy)/Materials/Electric/CFX_Thunderbolt.mat
  artifactKey: Guid(911ee005c0e57994ba2bda24571b8b51) Importer(815301076,1909f56bfc062723c751e8b465ee728b)
Number of updated assets reloaded before import = 0
Start importing Assets/12_External/JMO Assets/Cartoon FX (legacy)/Materials/Electric/CFX_Thunderbolt.mat using Guid(911ee005c0e57994ba2bda24571b8b51) Importer(815301076,1909f56bfc062723c751e8b465ee728b)  -> (artifact id: '0109113841d205f8cf99b9ca5d5bb860') in 0.012188 seconds 
Number of asset objects unloaded after import = 3
========================================================================
Received Import Request.
  Time since last request: 0.000035 seconds.
  path: Assets/12_External/JMO Assets/Cartoon FX (legacy)/Materials (Mobile)/Animated/CFXM2_Anim_Bat Multiply.mat
  artifactKey: Guid(792595fa3a7c5a74184987336363c1c3) Importer(815301076,1909f56bfc062723c751e8b465ee728b)
Number of updated assets reloaded before import = 0
Start importing Assets/12_External/JMO Assets/Cartoon FX (legacy)/Materials (Mobile)/Animated/CFXM2_Anim_Bat Multiply.mat using Guid(792595fa3a7c5a74184987336363c1c3) Importer(815301076,1909f56bfc062723c751e8b465ee728b)  -> (artifact id: 'adf686da585bfef7343bad43d21afb04') in 0.008264 seconds 
Number of asset objects unloaded after import = 3
========================================================================
Received Import Request.
  Time since last request: 0.000036 seconds.
  path: Assets/12_External/JMO Assets/Cartoon FX (legacy)/Materials (Mobile)/Blood/CFXM2_Blood AB.mat
  artifactKey: Guid(188c564e854be8e41963340e5680a785) Importer(815301076,1909f56bfc062723c751e8b465ee728b)
Number of updated assets reloaded before import = 0
Start importing Assets/12_External/JMO Assets/Cartoon FX (legacy)/Materials (Mobile)/Blood/CFXM2_Blood AB.mat using Guid(188c564e854be8e41963340e5680a785) Importer(815301076,1909f56bfc062723c751e8b465ee728b)  -> (artifact id: 'bc2428352d0d2b2567476a15f45ee00d') in 0.005526 seconds 
Number of asset objects unloaded after import = 3
========================================================================
Received Import Request.
  Time since last request: 0.209605 seconds.
  path: Assets/12_External/JMO Assets/Cartoon FX (legacy)/Materials (Mobile)/Symbols/CFXM2_Club Add.mat
  artifactKey: Guid(a85d336bf76c8ce4c94771cb77718801) Importer(815301076,1909f56bfc062723c751e8b465ee728b)
Number of updated assets reloaded before import = 0
Start importing Assets/12_External/JMO Assets/Cartoon FX (legacy)/Materials (Mobile)/Symbols/CFXM2_Club Add.mat using Guid(a85d336bf76c8ce4c94771cb77718801) Importer(815301076,1909f56bfc062723c751e8b465ee728b)  -> (artifact id: '3168343e29e3e1a945fa1c9bece24631') in 0.006342 seconds 
Number of asset objects unloaded after import = 3
========================================================================
Received Import Request.
  Time since last request: 0.000044 seconds.
  path: Assets/12_External/JMO Assets/Cartoon FX (legacy)/Materials (Mobile)/Stretched/CFXM2_ExplosionSpike.mat
  artifactKey: Guid(4a25de7d409efb84c80e8ea304a18381) Importer(815301076,1909f56bfc062723c751e8b465ee728b)
Number of updated assets reloaded before import = 0
Start importing Assets/12_External/JMO Assets/Cartoon FX (legacy)/Materials (Mobile)/Stretched/CFXM2_ExplosionSpike.mat using Guid(4a25de7d409efb84c80e8ea304a18381) Importer(815301076,1909f56bfc062723c751e8b465ee728b)  -> (artifact id: '2972db1c34dbf21d2a950604bce131d5') in 0.008497 seconds 
Number of asset objects unloaded after import = 3
========================================================================
Received Import Request.
  Time since last request: 6.205463 seconds.
  path: Assets/12_External/JMO Assets/Cartoon FX (legacy)/Materials (Mobile)/Water/CFXM2_RainRipple.mat
  artifactKey: Guid(2dbfe9974ba76bd46bd7352e84ccabfa) Importer(815301076,1909f56bfc062723c751e8b465ee728b)
Number of updated assets reloaded before import = 0
Start importing Assets/12_External/JMO Assets/Cartoon FX (legacy)/Materials (Mobile)/Water/CFXM2_RainRipple.mat using Guid(2dbfe9974ba76bd46bd7352e84ccabfa) Importer(815301076,1909f56bfc062723c751e8b465ee728b)  -> (artifact id: '3774fabb161f5e5ab01d7b54443b9f3d') in 0.021818 seconds 
Number of asset objects unloaded after import = 3
========================================================================
Received Import Request.
  Time since last request: 0.000039 seconds.
  path: Assets/12_External/JMO Assets/Cartoon FX (legacy)/Materials (Mobile)/Decals/CFXM2_ShatteredGround1.mat
  artifactKey: Guid(81b27339f3508f547a0f34241ca6d09e) Importer(815301076,1909f56bfc062723c751e8b465ee728b)
Number of updated assets reloaded before import = 0
Start importing Assets/12_External/JMO Assets/Cartoon FX (legacy)/Materials (Mobile)/Decals/CFXM2_ShatteredGround1.mat using Guid(81b27339f3508f547a0f34241ca6d09e) Importer(815301076,1909f56bfc062723c751e8b465ee728b)  -> (artifact id: 'cb8cf22fbb20fafca08c5d31e4a6aa0a') in 0.006605 seconds 
Number of asset objects unloaded after import = 3
========================================================================
Received Import Request.
  Time since last request: 6.591777 seconds.
  path: Assets/12_External/JMO Assets/Cartoon FX (legacy)/Materials (Mobile)/Symbols/CFXM2_SkullStretched Add.mat
  artifactKey: Guid(35d8f02324fc83648869f15429003ec1) Importer(815301076,1909f56bfc062723c751e8b465ee728b)
Number of updated assets reloaded before import = 0
Start importing Assets/12_External/JMO Assets/Cartoon FX (legacy)/Materials (Mobile)/Symbols/CFXM2_SkullStretched Add.mat using Guid(35d8f02324fc83648869f15429003ec1) Importer(815301076,1909f56bfc062723c751e8b465ee728b)  -> (artifact id: '762514ca197cba3af37284868b971c90') in 0.010835 seconds 
Number of asset objects unloaded after import = 3
========================================================================
Received Import Request.
  Time since last request: 0.000044 seconds.
  path: Assets/12_External/JMO Assets/Cartoon FX (legacy)/Materials (Mobile)/Symbols/CFXM2_Smiley Add.mat
  artifactKey: Guid(99996fd5260bdb647b81f85e544de3d5) Importer(815301076,1909f56bfc062723c751e8b465ee728b)
Number of updated assets reloaded before import = 0
Start importing Assets/12_External/JMO Assets/Cartoon FX (legacy)/Materials (Mobile)/Symbols/CFXM2_Smiley Add.mat using Guid(99996fd5260bdb647b81f85e544de3d5) Importer(815301076,1909f56bfc062723c751e8b465ee728b)  -> (artifact id: '1ea046dcd39f146ca019b473e6fd10ea') in 0.005632 seconds 
Number of asset objects unloaded after import = 3
========================================================================
Received Import Request.
  Time since last request: 0.274145 seconds.
  path: Assets/12_External/JMO Assets/Cartoon FX (legacy)/Materials (Mobile)/Symbols/CFXM2_Star Add.mat
  artifactKey: Guid(0c5fca5910972b9468fb93340d9d3572) Importer(815301076,1909f56bfc062723c751e8b465ee728b)
Number of updated assets reloaded before import = 0
Start importing Assets/12_External/JMO Assets/Cartoon FX (legacy)/Materials (Mobile)/Symbols/CFXM2_Star Add.mat using Guid(0c5fca5910972b9468fb93340d9d3572) Importer(815301076,1909f56bfc062723c751e8b465ee728b)  -> (artifact id: '2ac117178a1f285631be7f6da216a0bc') in 0.007032 seconds 
Number of asset objects unloaded after import = 3
========================================================================
Received Import Request.
  Time since last request: 0.000039 seconds.
  path: Assets/12_External/JMO Assets/Cartoon FX (legacy)/Materials (Mobile)/Misc/CFXM2_WWSmoke ABAdd.mat
  artifactKey: Guid(187b2880ddbe6f14689c6ca7fb845a7e) Importer(815301076,1909f56bfc062723c751e8b465ee728b)
Number of updated assets reloaded before import = 0
Start importing Assets/12_External/JMO Assets/Cartoon FX (legacy)/Materials (Mobile)/Misc/CFXM2_WWSmoke ABAdd.mat using Guid(187b2880ddbe6f14689c6ca7fb845a7e) Importer(815301076,1909f56bfc062723c751e8b465ee728b)  -> (artifact id: '58616cef5aa28f327947778af636c62f') in 0.006051 seconds 
Number of asset objects unloaded after import = 3
========================================================================
Received Import Request.
  Time since last request: 9.990256 seconds.
  path: Assets/12_External/JMO Assets/Cartoon FX (legacy)/Materials (Mobile)/Light/CFXM3_AuraRunic MULT.mat
  artifactKey: Guid(864c9750f84ba2f4ca1a460a75af9cb2) Importer(815301076,1909f56bfc062723c751e8b465ee728b)
Number of updated assets reloaded before import = 0
Start importing Assets/12_External/JMO Assets/Cartoon FX (legacy)/Materials (Mobile)/Light/CFXM3_AuraRunic MULT.mat using Guid(864c9750f84ba2f4ca1a460a75af9cb2) Importer(815301076,1909f56bfc062723c751e8b465ee728b)  -> (artifact id: '4987d47dda0b54d32b6b66c00888ef12') in 0.058159 seconds 
Number of asset objects unloaded after import = 3
========================================================================
Received Import Request.
  Time since last request: 0.038643 seconds.
  path: Assets/12_External/JMO Assets/Cartoon FX (legacy)/Materials (Mobile)/Water/CFXM3_IceBulk ADD.mat
  artifactKey: Guid(b85bac8660bfec243b2385f00819aa04) Importer(815301076,1909f56bfc062723c751e8b465ee728b)
Number of updated assets reloaded before import = 0
Start importing Assets/12_External/JMO Assets/Cartoon FX (legacy)/Materials (Mobile)/Water/CFXM3_IceBulk ADD.mat using Guid(b85bac8660bfec243b2385f00819aa04) Importer(815301076,1909f56bfc062723c751e8b465ee728b)  -> (artifact id: '91b7cc29f08dfc1f1f1846aa57a0da96') in 0.006391 seconds 
Number of asset objects unloaded after import = 3
========================================================================
Received Import Request.
  Time since last request: 0.000060 seconds.
  path: Assets/12_External/JMO Assets/Cartoon FX (legacy)/Materials (Mobile)/Light/CFXM3_SkyRays ADD.mat
  artifactKey: Guid(a594729874b286444bb34ee147c3b121) Importer(815301076,1909f56bfc062723c751e8b465ee728b)
Number of updated assets reloaded before import = 0
Start importing Assets/12_External/JMO Assets/Cartoon FX (legacy)/Materials (Mobile)/Light/CFXM3_SkyRays ADD.mat using Guid(a594729874b286444bb34ee147c3b121) Importer(815301076,1909f56bfc062723c751e8b465ee728b)  -> (artifact id: '697cf49426619663840959292a359421') in 0.006420 seconds 
Number of asset objects unloaded after import = 3
========================================================================
Received Import Request.
  Time since last request: 0.000053 seconds.
  path: Assets/12_External/JMO Assets/Cartoon FX (legacy)/Materials (Mobile)/Water/CFXM3_IceSmoke ADD.mat
  artifactKey: Guid(0bae96837733cfe40ad617e2bc581c34) Importer(815301076,1909f56bfc062723c751e8b465ee728b)
Number of updated assets reloaded before import = 0
Start importing Assets/12_External/JMO Assets/Cartoon FX (legacy)/Materials (Mobile)/Water/CFXM3_IceSmoke ADD.mat using Guid(0bae96837733cfe40ad617e2bc581c34) Importer(815301076,1909f56bfc062723c751e8b465ee728b)  -> (artifact id: '62207b10fa3b6201cb62a7d021c3af07') in 0.005177 seconds 
Number of asset objects unloaded after import = 3
========================================================================
Received Import Request.
  Time since last request: 0.092601 seconds.
  path: Assets/12_External/JMO Assets/Cartoon FX (legacy)/Materials (Mobile)/Misc/CFXM4_Anim_WiggleLine Add.mat
  artifactKey: Guid(e863cb53518708d4ca4aff4d221c7264) Importer(815301076,1909f56bfc062723c751e8b465ee728b)
Number of updated assets reloaded before import = 0
Start importing Assets/12_External/JMO Assets/Cartoon FX (legacy)/Materials (Mobile)/Misc/CFXM4_Anim_WiggleLine Add.mat using Guid(e863cb53518708d4ca4aff4d221c7264) Importer(815301076,1909f56bfc062723c751e8b465ee728b)  -> (artifact id: '3f0099bd6e605c2eea40a67bf97ef986') in 0.006886 seconds 
Number of asset objects unloaded after import = 3
========================================================================
Received Import Request.
  Time since last request: 0.000074 seconds.
  path: Assets/12_External/JMO Assets/Cartoon FX (legacy)/Materials (Mobile)/Misc/CFXM4_Circle AddSoft.mat
  artifactKey: Guid(00be144fdc042024097859a55732e26f) Importer(815301076,1909f56bfc062723c751e8b465ee728b)
Number of updated assets reloaded before import = 0
Start importing Assets/12_External/JMO Assets/Cartoon FX (legacy)/Materials (Mobile)/Misc/CFXM4_Circle AddSoft.mat using Guid(00be144fdc042024097859a55732e26f) Importer(815301076,1909f56bfc062723c751e8b465ee728b)  -> (artifact id: 'f74daaa4a34b32db2039e731584d65bb') in 0.005158 seconds 
Number of asset objects unloaded after import = 3
========================================================================
Received Import Request.
  Time since last request: 0.000031 seconds.
  path: Assets/12_External/JMO Assets/Cartoon FX (legacy)/Materials (Mobile)/Water/CFXM4_BubbleSubtle AddA8.mat
  artifactKey: Guid(421623088d54cf446904b210e896d03e) Importer(815301076,1909f56bfc062723c751e8b465ee728b)
Number of updated assets reloaded before import = 0
Start importing Assets/12_External/JMO Assets/Cartoon FX (legacy)/Materials (Mobile)/Water/CFXM4_BubbleSubtle AddA8.mat using Guid(421623088d54cf446904b210e896d03e) Importer(815301076,1909f56bfc062723c751e8b465ee728b)  -> (artifact id: 'efc5e883e302a3b4133a13eeaf0249bb') in 0.005941 seconds 
Number of asset objects unloaded after import = 3
========================================================================
Received Import Request.
  Time since last request: 1.714555 seconds.
  path: Assets/12_External/JMO Assets/Cartoon FX (legacy)/Materials (Mobile)/Fire/CFXM4_FireBulk AB+AddSoft Red.mat
  artifactKey: Guid(b24bf560f2e6d3e4f830a3983dfafcfb) Importer(815301076,1909f56bfc062723c751e8b465ee728b)
Number of updated assets reloaded before import = 0
Start importing Assets/12_External/JMO Assets/Cartoon FX (legacy)/Materials (Mobile)/Fire/CFXM4_FireBulk AB+AddSoft Red.mat using Guid(b24bf560f2e6d3e4f830a3983dfafcfb) Importer(815301076,1909f56bfc062723c751e8b465ee728b)  -> (artifact id: '6bf096585a2a51eb977647bd11af20a0') in 0.015267 seconds 
Number of asset objects unloaded after import = 4
========================================================================
Received Import Request.
  Time since last request: 0.000027 seconds.
  path: Assets/12_External/JMO Assets/Cartoon FX (legacy)/Materials (Mobile)/Fire/CFXM4_FireSoft AB+AddSoft Red.mat
  artifactKey: Guid(be3c7e267f4830542a4e698fb2ac4fbf) Importer(815301076,1909f56bfc062723c751e8b465ee728b)
Number of updated assets reloaded before import = 0
Start importing Assets/12_External/JMO Assets/Cartoon FX (legacy)/Materials (Mobile)/Fire/CFXM4_FireSoft AB+AddSoft Red.mat using Guid(be3c7e267f4830542a4e698fb2ac4fbf) Importer(815301076,1909f56bfc062723c751e8b465ee728b)  -> (artifact id: '61eba5bf405edd292869ddae29f33c64') in 0.005733 seconds 
Number of asset objects unloaded after import = 4
========================================================================
Received Import Request.
  Time since last request: 0.000032 seconds.
  path: Assets/12_External/JMO Assets/Cartoon FX (legacy)/Materials (Mobile)/Fire/CFXM4_FireSoft AB+Add VColor.mat
  artifactKey: Guid(3411429c8204bb94fb93f40267fa21ae) Importer(815301076,1909f56bfc062723c751e8b465ee728b)
Number of updated assets reloaded before import = 0
Start importing Assets/12_External/JMO Assets/Cartoon FX (legacy)/Materials (Mobile)/Fire/CFXM4_FireSoft AB+Add VColor.mat using Guid(3411429c8204bb94fb93f40267fa21ae) Importer(815301076,1909f56bfc062723c751e8b465ee728b)  -> (artifact id: 'a0ea9848ffcf57e3534be88b15906dff') in 0.006497 seconds 
Number of asset objects unloaded after import = 4
========================================================================
Received Import Request.
  Time since last request: 0.284123 seconds.
  path: Assets/12_External/JMO Assets/Cartoon FX (legacy)/Materials (Mobile)/Water/CFXM4_Foam AddA8.mat
  artifactKey: Guid(93e00e1495200404e93b0bf72810e9b4) Importer(815301076,1909f56bfc062723c751e8b465ee728b)
Number of updated assets reloaded before import = 0
Start importing Assets/12_External/JMO Assets/Cartoon FX (legacy)/Materials (Mobile)/Water/CFXM4_Foam AddA8.mat using Guid(93e00e1495200404e93b0bf72810e9b4) Importer(815301076,1909f56bfc062723c751e8b465ee728b)  -> (artifact id: '89d622d8cd1c48e79ff7109ba136031f') in 0.006022 seconds 
Number of asset objects unloaded after import = 3
========================================================================
Received Import Request.
  Time since last request: 0.000053 seconds.
  path: Assets/12_External/JMO Assets/Cartoon FX (legacy)/Materials (Mobile)/Misc/CFXM4_Fragments AB.mat
  artifactKey: Guid(db67a6a9319c8064dafbf3b63a46e5e7) Importer(815301076,1909f56bfc062723c751e8b465ee728b)
Number of updated assets reloaded before import = 0
Start importing Assets/12_External/JMO Assets/Cartoon FX (legacy)/Materials (Mobile)/Misc/CFXM4_Fragments AB.mat using Guid(db67a6a9319c8064dafbf3b63a46e5e7) Importer(815301076,1909f56bfc062723c751e8b465ee728b)  -> (artifact id: 'fff0fa87d2ee3610bf36490f90fd21b0') in 0.004904 seconds 
Number of asset objects unloaded after import = 3
========================================================================
Received Import Request.
  Time since last request: 1.021137 seconds.
  path: Assets/12_External/JMO Assets/Cartoon FX (legacy)/Materials (Mobile)/Stretched/CFXM4_RayRounded AB+AddSoft VColor.mat
  artifactKey: Guid(b273f2ff489267f45bb34a00967bf537) Importer(815301076,1909f56bfc062723c751e8b465ee728b)
Number of updated assets reloaded before import = 0
Start importing Assets/12_External/JMO Assets/Cartoon FX (legacy)/Materials (Mobile)/Stretched/CFXM4_RayRounded AB+AddSoft VColor.mat using Guid(b273f2ff489267f45bb34a00967bf537) Importer(815301076,1909f56bfc062723c751e8b465ee728b)  -> (artifact id: '0ac1d814c6b86b6c9b5e298b27e43ca5') in 0.006915 seconds 
Number of asset objects unloaded after import = 4
========================================================================
Received Import Request.
  Time since last request: 0.000047 seconds.
  path: Assets/12_External/JMO Assets/Cartoon FX (legacy)/Materials (Mobile)/Light/CFXM4_RayStraight AB.mat
  artifactKey: Guid(485e5af214dacf942bfadf64d1b70ff0) Importer(815301076,1909f56bfc062723c751e8b465ee728b)
Number of updated assets reloaded before import = 0
Start importing Assets/12_External/JMO Assets/Cartoon FX (legacy)/Materials (Mobile)/Light/CFXM4_RayStraight AB.mat using Guid(485e5af214dacf942bfadf64d1b70ff0) Importer(815301076,1909f56bfc062723c751e8b465ee728b)  -> (artifact id: '64d4a6021c694b0527da3930d6750954') in 0.005471 seconds 
Number of asset objects unloaded after import = 3
========================================================================
Received Import Request.
  Time since last request: 0.571598 seconds.
  path: Assets/12_External/JMO Assets/Cartoon FX (legacy)/Materials (Mobile)/Animated/CFXM_Anim_Bubble_Add.mat
  artifactKey: Guid(76339fe057678ee4c97b27b9f1d6f99d) Importer(815301076,1909f56bfc062723c751e8b465ee728b)
Number of updated assets reloaded before import = 0
Start importing Assets/12_External/JMO Assets/Cartoon FX (legacy)/Materials (Mobile)/Animated/CFXM_Anim_Bubble_Add.mat using Guid(76339fe057678ee4c97b27b9f1d6f99d) Importer(815301076,1909f56bfc062723c751e8b465ee728b)  -> (artifact id: '9b3f4e92a4feb25603162a6137a4fb51') in 0.007365 seconds 
Number of asset objects unloaded after import = 3
========================================================================
Received Import Request.
  Time since last request: 0.000045 seconds.
  path: Assets/12_External/JMO Assets/Cartoon FX (legacy)/Materials (Mobile)/Animated/CFXM_Anim_Slash_Add.mat
  artifactKey: Guid(40744fe138d6e4441ae3e33b4397b195) Importer(815301076,1909f56bfc062723c751e8b465ee728b)
Number of updated assets reloaded before import = 0
Start importing Assets/12_External/JMO Assets/Cartoon FX (legacy)/Materials (Mobile)/Animated/CFXM_Anim_Slash_Add.mat using Guid(40744fe138d6e4441ae3e33b4397b195) Importer(815301076,1909f56bfc062723c751e8b465ee728b)  -> (artifact id: '080084b6f716a6635e5bea23e5a46d7a') in 0.005564 seconds 
Number of asset objects unloaded after import = 3
========================================================================
Received Import Request.
  Time since last request: 0.000032 seconds.
  path: Assets/12_External/JMO Assets/Cartoon FX (legacy)/Materials (Mobile)/Animated/CFXM_Anim_Electricity_Add.mat
  artifactKey: Guid(241162cab21b3a24489698fc154590ab) Importer(815301076,1909f56bfc062723c751e8b465ee728b)
Number of updated assets reloaded before import = 0
Start importing Assets/12_External/JMO Assets/Cartoon FX (legacy)/Materials (Mobile)/Animated/CFXM_Anim_Electricity_Add.mat using Guid(241162cab21b3a24489698fc154590ab) Importer(815301076,1909f56bfc062723c751e8b465ee728b)  -> (artifact id: '8423290b26cb5d729cedb354fd0b302a') in 0.005986 seconds 
Number of asset objects unloaded after import = 3
========================================================================
Received Import Request.
  Time since last request: 0.055478 seconds.
  path: Assets/12_External/JMO Assets/Cartoon FX (legacy)/Materials (Mobile)/Animated/CFXM_Anim_Triangle_AddSoft.mat
  artifactKey: Guid(79220e4fd451ede47b95fd2057726b3b) Importer(815301076,1909f56bfc062723c751e8b465ee728b)
Number of updated assets reloaded before import = 0
Start importing Assets/12_External/JMO Assets/Cartoon FX (legacy)/Materials (Mobile)/Animated/CFXM_Anim_Triangle_AddSoft.mat using Guid(79220e4fd451ede47b95fd2057726b3b) Importer(815301076,1909f56bfc062723c751e8b465ee728b)  -> (artifact id: 'c0cb66840af5037203cc6b4b66ea2e22') in 0.005996 seconds 
Number of asset objects unloaded after import = 3
========================================================================
Received Import Request.
  Time since last request: 0.000072 seconds.
  path: Assets/12_External/JMO Assets/Cartoon FX (legacy)/Materials (Mobile)/Decals/CFXM_BurntGround.mat
  artifactKey: Guid(8d2b44515928ae04fab2bb108967a24c) Importer(815301076,1909f56bfc062723c751e8b465ee728b)
Number of updated assets reloaded before import = 0
Start importing Assets/12_External/JMO Assets/Cartoon FX (legacy)/Materials (Mobile)/Decals/CFXM_BurntGround.mat using Guid(8d2b44515928ae04fab2bb108967a24c) Importer(815301076,1909f56bfc062723c751e8b465ee728b)  -> (artifact id: '68f93ca89dfaf383dfcc0f8f309dbe3f') in 0.013398 seconds 
Number of asset objects unloaded after import = 3
========================================================================
Received Import Request.
  Time since last request: 15.052268 seconds.
  path: Assets/12_External/JMO Assets/Cartoon FX Remaster/CFXR Assets/Graphics/cfxr hidden.mat
  artifactKey: Guid(7e3ff0d2def0b2a4d88ba94ab7c3e683) Importer(815301076,1909f56bfc062723c751e8b465ee728b)
Number of updated assets reloaded before import = 0
Start importing Assets/12_External/JMO Assets/Cartoon FX Remaster/CFXR Assets/Graphics/cfxr hidden.mat using Guid(7e3ff0d2def0b2a4d88ba94ab7c3e683) Importer(815301076,1909f56bfc062723c751e8b465ee728b)  -> (artifact id: '985a6526138bb3b8290f78e87d3e388c') in 0.089848 seconds 
Number of asset objects unloaded after import = 2
========================================================================
Received Import Request.
  Time since last request: 0.000036 seconds.
  path: Assets/12_External/JMO Assets/Cartoon FX Remaster/CFXR Assets/Graphics/cfxr magic star hdr ab.mat
  artifactKey: Guid(41e018a6cf0c896418fc0b89dda748c6) Importer(815301076,1909f56bfc062723c751e8b465ee728b)
Number of updated assets reloaded before import = 0
Start importing Assets/12_External/JMO Assets/Cartoon FX Remaster/CFXR Assets/Graphics/cfxr magic star hdr ab.mat using Guid(41e018a6cf0c896418fc0b89dda748c6) Importer(815301076,1909f56bfc062723c751e8b465ee728b)  -> (artifact id: 'f0b89003fa71cc597f488acfd8c9e4d9') in 0.007604 seconds 
Number of asset objects unloaded after import = 3
========================================================================
Received Import Request.
  Time since last request: 0.000030 seconds.
  path: Assets/12_External/JMO Assets/Cartoon FX Remaster/CFXR Assets/Graphics/cfxr no texture hdr ab.mat
  artifactKey: Guid(1bd82b05ed622074c9301727f11252d7) Importer(815301076,1909f56bfc062723c751e8b465ee728b)
Number of updated assets reloaded before import = 0
Start importing Assets/12_External/JMO Assets/Cartoon FX Remaster/CFXR Assets/Graphics/cfxr no texture hdr ab.mat using Guid(1bd82b05ed622074c9301727f11252d7) Importer(815301076,1909f56bfc062723c751e8b465ee728b)  -> (artifact id: '845f9dc4bcb677e2a90691dab9270785') in 0.009180 seconds 
Number of asset objects unloaded after import = 2
========================================================================
Received Import Request.
  Time since last request: 1.621039 seconds.
  path: Assets/12_External/JMO Assets/Cartoon FX Remaster/CFXR Assets/Graphics/cfxr proc glow soft hdr ab.mat
  artifactKey: Guid(f6516bbddb2a0474cad423886d0f904c) Importer(815301076,1909f56bfc062723c751e8b465ee728b)
Number of updated assets reloaded before import = 0
Start importing Assets/12_External/JMO Assets/Cartoon FX Remaster/CFXR Assets/Graphics/cfxr proc glow soft hdr ab.mat using Guid(f6516bbddb2a0474cad423886d0f904c) Importer(815301076,1909f56bfc062723c751e8b465ee728b)  -> (artifact id: '50e3f88d2e3a6f2f423106aa8122fd25') in 0.084505 seconds 
Number of asset objects unloaded after import = 2
========================================================================
Received Import Request.
  Time since last request: 0.000066 seconds.
  path: Assets/12_External/JMO Assets/Cartoon FX Remaster/CFXR Assets/Graphics/cfxr proc glow soft invert add.mat
  artifactKey: Guid(efaa1dd14471b6143b5ee7827566c1e0) Importer(815301076,1909f56bfc062723c751e8b465ee728b)
Number of updated assets reloaded before import = 0
Start importing Assets/12_External/JMO Assets/Cartoon FX Remaster/CFXR Assets/Graphics/cfxr proc glow soft invert add.mat using Guid(efaa1dd14471b6143b5ee7827566c1e0) Importer(815301076,1909f56bfc062723c751e8b465ee728b)  -> (artifact id: 'f7d3dec6ced05dcac0691d6e8d9b48c9') in 0.007184 seconds 
Number of asset objects unloaded after import = 2
========================================================================
Received Import Request.
  Time since last request: 0.000034 seconds.
  path: Assets/12_External/JMO Assets/Cartoon FX Remaster/CFXR Assets/Graphics/cfxr proc glow soft invert add nosp.mat
  artifactKey: Guid(9e1ad496c3904bd4085bb4f0a5db972d) Importer(815301076,1909f56bfc062723c751e8b465ee728b)
Number of updated assets reloaded before import = 0
Start importing Assets/12_External/JMO Assets/Cartoon FX Remaster/CFXR Assets/Graphics/cfxr proc glow soft invert add nosp.mat using Guid(9e1ad496c3904bd4085bb4f0a5db972d) Importer(815301076,1909f56bfc062723c751e8b465ee728b)  -> (artifact id: '558eb1af89ef8fc73d64a4d67cf608c4') in 0.006287 seconds 
Number of asset objects unloaded after import = 2
========================================================================
Received Import Request.
  Time since last request: 0.000041 seconds.
  path: Assets/12_External/JMO Assets/Cartoon FX Remaster/CFXR Assets/Graphics/cfxr proc glow soft hdr p4 add.mat
  artifactKey: Guid(c9a8501c60f73c14c9c50a72b1af44b4) Importer(815301076,1909f56bfc062723c751e8b465ee728b)
Number of updated assets reloaded before import = 0
Start importing Assets/12_External/JMO Assets/Cartoon FX Remaster/CFXR Assets/Graphics/cfxr proc glow soft hdr p4 add.mat using Guid(c9a8501c60f73c14c9c50a72b1af44b4) Importer(815301076,1909f56bfc062723c751e8b465ee728b)  -> (artifact id: '4f79a713aeac593c43993cbc3e9369d4') in 0.014341 seconds 
Number of asset objects unloaded after import = 2
========================================================================
Received Import Request.
  Time since last request: 0.338088 seconds.
  path: Assets/12_External/JMO Assets/Cartoon FX Remaster/CFXR Assets/Graphics/cfxr proc ring add.mat
  artifactKey: Guid(f99a4d6e0727b6c47b5a03d567bbcf75) Importer(815301076,1909f56bfc062723c751e8b465ee728b)
Number of updated assets reloaded before import = 0
Start importing Assets/12_External/JMO Assets/Cartoon FX Remaster/CFXR Assets/Graphics/cfxr proc ring add.mat using Guid(f99a4d6e0727b6c47b5a03d567bbcf75) Importer(815301076,1909f56bfc062723c751e8b465ee728b)  -> (artifact id: '48ec4b007a9b241ed05dba1ed049352d') in 0.020415 seconds 
Number of asset objects unloaded after import = 2
========================================================================
Received Import Request.
  Time since last request: 0.000042 seconds.
  path: Assets/12_External/JMO Assets/Cartoon FX Remaster/CFXR Assets/Graphics/cfxr proc ring electric hdr ab.mat
  artifactKey: Guid(63106879cfd3c96478c2feec3fcb4c4a) Importer(815301076,1909f56bfc062723c751e8b465ee728b)
Number of updated assets reloaded before import = 0
Start importing Assets/12_External/JMO Assets/Cartoon FX Remaster/CFXR Assets/Graphics/cfxr proc ring electric hdr ab.mat using Guid(63106879cfd3c96478c2feec3fcb4c4a) Importer(815301076,1909f56bfc062723c751e8b465ee728b)  -> (artifact id: '72206d841f1960b9fc9f507d38e1f96d') in 0.011201 seconds 
Number of asset objects unloaded after import = 3
========================================================================
Received Import Request.
  Time since last request: 0.000040 seconds.
  path: Assets/12_External/JMO Assets/Cartoon FX Remaster/CFXR Assets/Graphics/cfxr proc ring ice hdr ab.mat
  artifactKey: Guid(6645e3e6774e3ea468774208c1569b29) Importer(815301076,1909f56bfc062723c751e8b465ee728b)
Number of updated assets reloaded before import = 0
Start importing Assets/12_External/JMO Assets/Cartoon FX Remaster/CFXR Assets/Graphics/cfxr proc ring ice hdr ab.mat using Guid(6645e3e6774e3ea468774208c1569b29) Importer(815301076,1909f56bfc062723c751e8b465ee728b)  -> (artifact id: '32d494efaa68b4f896e3d5b6fa068563') in 0.014930 seconds 
Number of asset objects unloaded after import = 3
========================================================================
Received Import Request.
  Time since last request: 0.000076 seconds.
  path: Assets/12_External/JMO Assets/Cartoon FX Remaster/CFXR Assets/Graphics/cfxr proc ring local space add.mat
  artifactKey: Guid(cdad1b7ca29dbf2408c5900bd6cc5a8f) Importer(815301076,1909f56bfc062723c751e8b465ee728b)
Number of updated assets reloaded before import = 0
Start importing Assets/12_External/JMO Assets/Cartoon FX Remaster/CFXR Assets/Graphics/cfxr proc ring local space add.mat using Guid(cdad1b7ca29dbf2408c5900bd6cc5a8f) Importer(815301076,1909f56bfc062723c751e8b465ee728b)  -> (artifact id: '92457d539b36d0a518a4b4e59d31330c') in 0.008994 seconds 
Number of asset objects unloaded after import = 2
========================================================================
Received Import Request.
  Time since last request: 0.330179 seconds.
  path: Assets/12_External/JMO Assets/Cartoon FX Remaster/CFXR Assets/Graphics/cfxr ring spikes revert hdr ab.mat
  artifactKey: Guid(b5e165bd20254774d84be998858676af) Importer(815301076,1909f56bfc062723c751e8b465ee728b)
Number of updated assets reloaded before import = 0
Start importing Assets/12_External/JMO Assets/Cartoon FX Remaster/CFXR Assets/Graphics/cfxr ring spikes revert hdr ab.mat using Guid(b5e165bd20254774d84be998858676af) Importer(815301076,1909f56bfc062723c751e8b465ee728b)  -> (artifact id: 'eb824fb5e8c661ff2695ebfa439203ba') in 0.050776 seconds 
Number of asset objects unloaded after import = 4
========================================================================
Received Import Request.
  Time since last request: 0.161153 seconds.
  path: Assets/12_External/JMO Assets/Cartoon FX Remaster/CFXR Assets/Graphics/cfxr smiley smile ab.mat
  artifactKey: Guid(56e9b0d5f7f278045887edbfcb1f6e08) Importer(815301076,1909f56bfc062723c751e8b465ee728b)
Number of updated assets reloaded before import = 0
Start importing Assets/12_External/JMO Assets/Cartoon FX Remaster/CFXR Assets/Graphics/cfxr smiley smile ab.mat using Guid(56e9b0d5f7f278045887edbfcb1f6e08) Importer(815301076,1909f56bfc062723c751e8b465ee728b)  -> (artifact id: 'de45c7a3b2c90c60b29f1bb6f8f06d83') in 0.007486 seconds 
Number of asset objects unloaded after import = 3
========================================================================
Received Import Request.
  Time since last request: 0.555003 seconds.
  path: Assets/12_External/JMO Assets/Cartoon FX Remaster/CFXR Assets/Graphics/cfxr spikes half impact hdr ab.mat
  artifactKey: Guid(82c96ba0983dc1a40b9a0e835c34e75f) Importer(815301076,1909f56bfc062723c751e8b465ee728b)
Number of updated assets reloaded before import = 0
Start importing Assets/12_External/JMO Assets/Cartoon FX Remaster/CFXR Assets/Graphics/cfxr spikes half impact hdr ab.mat using Guid(82c96ba0983dc1a40b9a0e835c34e75f) Importer(815301076,1909f56bfc062723c751e8b465ee728b)  -> (artifact id: 'acd4e7befb63f42842ffe5f3e9019db8') in 0.007152 seconds 
Number of asset objects unloaded after import = 3
========================================================================
Received Import Request.
  Time since last request: 0.000039 seconds.
  path: Assets/12_External/JMO Assets/Cartoon FX Remaster/CFXR Assets/Graphics/cfxr spikes impact dissolve ab.mat
  artifactKey: Guid(3f0274981b7991749a3c2a25ef4ec527) Importer(815301076,1909f56bfc062723c751e8b465ee728b)
Number of updated assets reloaded before import = 0
Start importing Assets/12_External/JMO Assets/Cartoon FX Remaster/CFXR Assets/Graphics/cfxr spikes impact dissolve ab.mat using Guid(3f0274981b7991749a3c2a25ef4ec527) Importer(815301076,1909f56bfc062723c751e8b465ee728b)  -> (artifact id: 'cfab0d00b8d2931373dcc214044c43c2') in 0.006740 seconds 
Number of asset objects unloaded after import = 4
========================================================================
Received Import Request.
  Time since last request: 4.220474 seconds.
  path: Assets/12_External/JMO Assets/Cartoon FX Remaster/CFXR Assets/Graphics/cfxr star blurred add.mat
  artifactKey: Guid(a4b2919529f88e345804ef0e7e13b9bf) Importer(815301076,1909f56bfc062723c751e8b465ee728b)
Number of updated assets reloaded before import = 0
Start importing Assets/12_External/JMO Assets/Cartoon FX Remaster/CFXR Assets/Graphics/cfxr star blurred add.mat using Guid(a4b2919529f88e345804ef0e7e13b9bf) Importer(815301076,1909f56bfc062723c751e8b465ee728b)  -> (artifact id: 'e6c5907a926e5b365e376c7653ca22e0') in 0.014965 seconds 
Number of asset objects unloaded after import = 3
========================================================================
Received Import Request.
  Time since last request: 0.000037 seconds.
  path: Assets/12_External/JMO Assets/Cartoon FX Remaster/CFXR Assets/Graphics/cfxr stretch rain blur ab.mat
  artifactKey: Guid(f2beba2f11be47c4b93abe40da54b177) Importer(815301076,1909f56bfc062723c751e8b465ee728b)
Number of updated assets reloaded before import = 0
Start importing Assets/12_External/JMO Assets/Cartoon FX Remaster/CFXR Assets/Graphics/cfxr stretch rain blur ab.mat using Guid(f2beba2f11be47c4b93abe40da54b177) Importer(815301076,1909f56bfc062723c751e8b465ee728b)  -> (artifact id: '5ba48be9ccb76463e5788c23fd2599b4') in 0.006760 seconds 
Number of asset objects unloaded after import = 3
========================================================================
Received Import Request.
  Time since last request: 4.328781 seconds.
  path: Assets/12_External/JMO Assets/Cartoon FX Remaster/CFXR Assets/Graphics/cfxr stretch rectangle ray hdr ab.mat
  artifactKey: Guid(a1efb59804352a2458135e8203cbcc37) Importer(815301076,1909f56bfc062723c751e8b465ee728b)
Number of updated assets reloaded before import = 0
Start importing Assets/12_External/JMO Assets/Cartoon FX Remaster/CFXR Assets/Graphics/cfxr stretch rectangle ray hdr ab.mat using Guid(a1efb59804352a2458135e8203cbcc37) Importer(815301076,1909f56bfc062723c751e8b465ee728b)  -> (artifact id: 'fa44f4d030f70e3d2634be32efb3040d') in 0.011555 seconds 
Number of asset objects unloaded after import = 3
========================================================================
Received Import Request.
  Time since last request: 0.000050 seconds.
  path: Assets/12_External/JMO Assets/Cartoon FX Remaster/CFXR Assets/Graphics/cfxr stretch smoke arc ab.mat
  artifactKey: Guid(ab90f773c2babb1458313e761a0181b0) Importer(815301076,1909f56bfc062723c751e8b465ee728b)
Number of updated assets reloaded before import = 0
Start importing Assets/12_External/JMO Assets/Cartoon FX Remaster/CFXR Assets/Graphics/cfxr stretch smoke arc ab.mat using Guid(ab90f773c2babb1458313e761a0181b0) Importer(815301076,1909f56bfc062723c751e8b465ee728b)  -> (artifact id: 'b0b544baa2da8a5466e3999e6d0f3a2c') in 0.006091 seconds 
Number of asset objects unloaded after import = 4
========================================================================
Received Import Request.
  Time since last request: 0.000033 seconds.
  path: Assets/12_External/JMO Assets/Cartoon FX Remaster/CFXR Assets/Graphics/cfxr stretch spike fade add.mat
  artifactKey: Guid(b9815bbe84bbafb469825c25a64c229a) Importer(815301076,1909f56bfc062723c751e8b465ee728b)
Number of updated assets reloaded before import = 0
Start importing Assets/12_External/JMO Assets/Cartoon FX Remaster/CFXR Assets/Graphics/cfxr stretch spike fade add.mat using Guid(b9815bbe84bbafb469825c25a64c229a) Importer(815301076,1909f56bfc062723c751e8b465ee728b)  -> (artifact id: 'b093e9f2e1a57fa93ba1cf56da7ab9c8') in 0.005944 seconds 
Number of asset objects unloaded after import = 3
========================================================================
Received Import Request.
  Time since last request: 46.088160 seconds.
  path: Packages/com.unity.searcher/Editor/Resources/FlatSkin/Font/Roboto-LightItalic.ttf
  artifactKey: Guid(5e63515167650a541b309ba3bfd4db3d) Importer(815301076,1909f56bfc062723c751e8b465ee728b)
Number of updated assets reloaded before import = 0
Start importing Packages/com.unity.searcher/Editor/Resources/FlatSkin/Font/Roboto-LightItalic.ttf using Guid(5e63515167650a541b309ba3bfd4db3d) Importer(815301076,1909f56bfc062723c751e8b465ee728b)  -> (artifact id: '752d12d16c5ea5b4d111848a16ff8ec9') in 0.141759 seconds 
Number of asset objects unloaded after import = 5
Editor requested this worker to shutdown with reason: Scaling down because of idle timeout
AssetImportWorker is now disconnected from the server
Process exiting
