Using pre-set license
Built from '2021.3/staging' branch; Version is '2021.3.31f1 (3409e2af086f) revision 3410402'; Using compiler version '192829333'; Build Type 'Release'
OS: 'Windows 11  (10.0.22621) 64bit Core' Language: 'de' Physical Memory: 32671 MB
BatchMode: 1, IsHumanControllingUs: 0, StartBugReporterOnCrash: 0, Is64bit: 1, IsPro: 1

COMMAND LINE ARGUMENTS:
C:\Program Files\Unity\Hub\Editor\2021.3.31f1\Editor\Unity.exe
-adb2
-batchMode
-noUpm
-name
AssetImportWorker30
-projectPath
D:/Projects/fe-kingdom-mobile/trunk/FireEmblemMobile/FireEmblemMobileUnityProject
-logFile
Logs/AssetImportWorker30.log
-srvPort
63537
Successfully changed project path to: D:/Projects/fe-kingdom-mobile/trunk/FireEmblemMobile/FireEmblemMobileUnityProject
D:/Projects/fe-kingdom-mobile/trunk/FireEmblemMobile/FireEmblemMobileUnityProject
[UnityMemory] Configuration Parameters - Can be set up in boot.config
    "memorysetup-bucket-allocator-granularity=16"
    "memorysetup-bucket-allocator-bucket-count=8"
    "memorysetup-bucket-allocator-block-size=33554432"
    "memorysetup-bucket-allocator-block-count=8"
    "memorysetup-main-allocator-block-size=16777216"
    "memorysetup-thread-allocator-block-size=16777216"
    "memorysetup-gfx-main-allocator-block-size=16777216"
    "memorysetup-gfx-thread-allocator-block-size=16777216"
    "memorysetup-cache-allocator-block-size=4194304"
    "memorysetup-typetree-allocator-block-size=2097152"
    "memorysetup-profiler-bucket-allocator-granularity=16"
    "memorysetup-profiler-bucket-allocator-bucket-count=8"
    "memorysetup-profiler-bucket-allocator-block-size=33554432"
    "memorysetup-profiler-bucket-allocator-block-count=8"
    "memorysetup-profiler-allocator-block-size=16777216"
    "memorysetup-profiler-editor-allocator-block-size=1048576"
    "memorysetup-temp-allocator-size-main=16777216"
    "memorysetup-job-temp-allocator-block-size=2097152"
    "memorysetup-job-temp-allocator-block-size-background=1048576"
    "memorysetup-job-temp-allocator-reduction-small-platforms=262144"
    "memorysetup-temp-allocator-size-background-worker=32768"
    "memorysetup-temp-allocator-size-job-worker=262144"
    "memorysetup-temp-allocator-size-preload-manager=33554432"
    "memorysetup-temp-allocator-size-nav-mesh-worker=65536"
    "memorysetup-temp-allocator-size-audio-worker=65536"
    "memorysetup-temp-allocator-size-cloud-worker=32768"
    "memorysetup-temp-allocator-size-gi-baking-worker=262144"
    "memorysetup-temp-allocator-size-gfx=262144"
Player connection [37420] Host "[IP] 192.168.0.11 [Port] 0 [Flags] 2 [Guid] 3848417914 [EditorId] 3848417914 [Version] 1048832 [Id] WindowsEditor(7,DESKTOP-N1UFFTN) [Debug] 1 [PackageName] WindowsEditor [ProjectName] Editor" joined multi-casting on [225.0.0.222:54997]...

Player connection [37420] Host "[IP] 192.168.0.11 [Port] 0 [Flags] 2 [Guid] 3848417914 [EditorId] 3848417914 [Version] 1048832 [Id] WindowsEditor(7,DESKTOP-N1UFFTN) [Debug] 1 [PackageName] WindowsEditor [ProjectName] Editor" joined alternative multi-casting on [225.0.0.222:34997]...

[Physics::Module] Initialized MultithreadedJobDispatcher with {0} workers.
Refreshing native plugins compatible for Editor in 117.86 ms, found 3 plugins.
Preloading 0 native plugins for Editor in 0.00 ms.
Initialize engine version: 2021.3.31f1 (3409e2af086f)
[Subsystems] Discovering subsystems at path C:/Program Files/Unity/Hub/Editor/2021.3.31f1/Editor/Data/Resources/UnitySubsystems
[Subsystems] Discovering subsystems at path D:/Projects/fe-kingdom-mobile/trunk/FireEmblemMobile/FireEmblemMobileUnityProject/Assets
GfxDevice: creating device client; threaded=0; jobified=0
Direct3D:
    Version:  Direct3D 11.0 [level 11.1]
    Renderer: NVIDIA GeForce RTX 3070 (ID=0x2488)
    Vendor:   NVIDIA
    VRAM:     8031 MB
    Driver:   31.0.15.3699
Shader 'MoreMountains/MMRipple': fallback shader 'Particle/AlphaBlended' not found
Initialize mono
Mono path[0] = 'C:/Program Files/Unity/Hub/Editor/2021.3.31f1/Editor/Data/Managed'
Mono path[1] = 'C:/Program Files/Unity/Hub/Editor/2021.3.31f1/Editor/Data/MonoBleedingEdge/lib/mono/unityjit-win32'
Mono config path = 'C:/Program Files/Unity/Hub/Editor/2021.3.31f1/Editor/Data/MonoBleedingEdge/etc'
Using monoOptions --debugger-agent=transport=dt_socket,embedding=1,server=y,suspend=n,address=127.0.0.1:56312
Begin MonoManager ReloadAssembly
Registering precompiled unity dll's ...
Register platform support module: C:/Program Files/Unity/Hub/Editor/2021.3.31f1/Editor/Data/PlaybackEngines/AndroidPlayer/UnityEditor.Android.Extensions.dll
Register platform support module: C:/Program Files/Unity/Hub/Editor/2021.3.31f1/Editor/Data/PlaybackEngines/iOSSupport/UnityEditor.iOS.Extensions.dll
Register platform support module: C:/Program Files/Unity/Hub/Editor/2021.3.31f1/Editor/Data/PlaybackEngines/WindowsStandaloneSupport/UnityEditor.WindowsStandalone.Extensions.dll
Registered in 0.004772 seconds.
Native extension for WindowsStandalone target not found
[usbmuxd] Start listen thread
[usbmuxd] Listen thread started
Native extension for iOS target not found
Native extension for Android target not found
Android Extension - Scanning For ADB Devices 204 ms
Refreshing native plugins compatible for Editor in 93.90 ms, found 3 plugins.
Preloading 0 native plugins for Editor in 0.00 ms.
Mono: successfully reloaded assembly
- Completed reload, in  0.749 seconds
Domain Reload Profiling:
	ReloadAssembly (750ms)
		BeginReloadAssembly (68ms)
			ExecutionOrderSort (0ms)
			DisableScriptedObjects (0ms)
			BackupInstance (0ms)
			ReleaseScriptingObjects (0ms)
			CreateAndSetChildDomain (1ms)
		EndReloadAssembly (611ms)
			LoadAssemblies (67ms)
			RebuildTransferFunctionScriptingTraits (0ms)
			SetupTypeCache (76ms)
			ReleaseScriptCaches (0ms)
			RebuildScriptCaches (23ms)
			SetupLoadedEditorAssemblies (480ms)
				LogAssemblyErrors (0ms)
				InitializePlatformSupportModulesInManaged (288ms)
				SetLoadedEditorAssemblies (0ms)
				RefreshPlugins (94ms)
				BeforeProcessingInitializeOnLoad (1ms)
				ProcessInitializeOnLoadAttributes (64ms)
				ProcessInitializeOnLoadMethodAttributes (32ms)
				AfterProcessingInitializeOnLoad (0ms)
				EditorAssembliesLoaded (0ms)
			ExecutionOrderSort2 (0ms)
			AwakeInstancesAfterBackupRestoration (0ms)
Platform modules already initialized, skipping
Registering precompiled user dll's ...
Registered in 0.004013 seconds.
Begin MonoManager ReloadAssembly
Symbol file LoadedFromMemory is not a mono symbol file
Native extension for WindowsStandalone target not found
Native extension for iOS target not found
Native extension for Android target not found
Refreshing native plugins compatible for Editor in 105.43 ms, found 3 plugins.
Preloading 0 native plugins for Editor in 0.00 ms.
Package Manager log level set to [2]
[Package Manager] Server::EnsureServerProcessIsRunning -- launch failed, reason: Unity was launched with the -noUpm command-line argument
[Package Manager] Cannot connect to Unity Package Manager local server
Mono: successfully reloaded assembly
- Completed reload, in  1.712 seconds
Domain Reload Profiling:
	ReloadAssembly (1713ms)
		BeginReloadAssembly (90ms)
			ExecutionOrderSort (0ms)
			DisableScriptedObjects (4ms)
			BackupInstance (0ms)
			ReleaseScriptingObjects (0ms)
			CreateAndSetChildDomain (16ms)
		EndReloadAssembly (1550ms)
			LoadAssemblies (82ms)
			RebuildTransferFunctionScriptingTraits (0ms)
			SetupTypeCache (329ms)
			ReleaseScriptCaches (1ms)
			RebuildScriptCaches (99ms)
			SetupLoadedEditorAssemblies (1001ms)
				LogAssemblyErrors (0ms)
				InitializePlatformSupportModulesInManaged (26ms)
				SetLoadedEditorAssemblies (0ms)
				RefreshPlugins (105ms)
				BeforeProcessingInitializeOnLoad (108ms)
				ProcessInitializeOnLoadAttributes (613ms)
				ProcessInitializeOnLoadMethodAttributes (143ms)
				AfterProcessingInitializeOnLoad (5ms)
				EditorAssembliesLoaded (0ms)
			ExecutionOrderSort2 (0ms)
			AwakeInstancesAfterBackupRestoration (4ms)
Platform modules already initialized, skipping
========================================================================
Worker process is ready to serve import requests
Shader 'MoreMountains/MMRipple': fallback shader 'Particle/AlphaBlended' not found
Launched and connected shader compiler UnityShaderCompiler.exe after 0.03 seconds
Refreshing native plugins compatible for Editor in 1.59 ms, found 3 plugins.
Preloading 0 native plugins for Editor in 0.00 ms.
Unloading 6549 Unused Serialized files (Serialized files now loaded: 0)
Unloading 96 unused Assets / (2.0 MB). Loaded Objects now: 7069.
Memory consumption went from 362.6 MB to 360.6 MB.
Total: 6.734800 ms (FindLiveObjects: 0.423400 ms CreateObjectMapping: 0.312000 ms MarkObjects: 5.575400 ms  DeleteObjects: 0.423400 ms)

AssetImportParameters requested are different than current active one (requested -> active):
  custom:video-decoder-ogg-theora: a1e56fd34408186e4bbccfd4996cb3dc -> 
  custom:container-muxer-webm: aa71ff27fc2769a1b78a27578f13a17b -> 
  custom:container-demuxer-webm: 4f35f7cbe854078d1ac9338744f61a02 -> 
  custom:video-encoder-webm-vp8: eb34c28f22e8b96e1ab97ce403110664 -> 
  custom:CustomObjectIndexerAttribute: f67f22312cbe972f2da930a377ed3d15 -> 
  custom:audio-encoder-webm-vorbis: bf7c407c2cedff20999df2af8eb42d56 -> 
  custom:framework-win-MediaFoundation: 216162199b28c13a410421893ffa2e32 -> 
  custom:SearchIndexIgnoredProperties: e643bd26f0fe6173181afceb89e7c659 -> 
  custom:container-demuxer-ogg: 62fdf1f143b41e24485cea50d1cbac27 -> 
  custom:video-decoder-webm-vp8: 9c59270c3fd7afecdb556c50c9e8de78 -> 
  custom:audio-decoder-ogg-vorbis: bf7c407c2cedff20999df2af8eb42d56 -> 
========================================================================
Received Import Request.
  Time since last request: 814885.708599 seconds.
  path: Assets/Plugins/Editor/JetBrains.RiderFlow/InstallationData/Resources/Toolbar/toolbar_camera_tool@2x.png
  artifactKey: Guid(aa074d878acb479ca52296fe821d1d3f) Importer(815301076,1909f56bfc062723c751e8b465ee728b)
Number of updated assets reloaded before import = 0
Start importing Assets/Plugins/Editor/JetBrains.RiderFlow/InstallationData/Resources/Toolbar/toolbar_camera_tool@2x.png using Guid(aa074d878acb479ca52296fe821d1d3f) Importer(815301076,1909f56bfc062723c751e8b465ee728b)  -> (artifact id: 'b43ca65b0e9738723ee61fcb7644f993') in 0.104870 seconds 
Number of asset objects unloaded after import = 3
========================================================================
Received Import Request.
  Time since last request: 0.000016 seconds.
  path: Assets/Plugins/Editor/JetBrains.RiderFlow/InstallationData/Resources/Toolbar/toolbar_camera_viewer_tool_dark.png
  artifactKey: Guid(752127f05edf474889da1a505ea8ed87) Importer(815301076,1909f56bfc062723c751e8b465ee728b)
Number of updated assets reloaded before import = 0
Start importing Assets/Plugins/Editor/JetBrains.RiderFlow/InstallationData/Resources/Toolbar/toolbar_camera_viewer_tool_dark.png using Guid(752127f05edf474889da1a505ea8ed87) Importer(815301076,1909f56bfc062723c751e8b465ee728b)  -> (artifact id: '3c9d842fa34e2d5264f065c919e2b51d') in 0.020270 seconds 
Number of asset objects unloaded after import = 3
========================================================================
Received Import Request.
  Time since last request: 29.827444 seconds.
  path: Assets/Feel/FeelDemos/Letters/Sprites/FeelLettersDemoWind.png
  artifactKey: Guid(b71d66e1b0c0c474fb9f1cf92d3e9e9e) Importer(815301076,1909f56bfc062723c751e8b465ee728b)
Number of updated assets reloaded before import = 0
Start importing Assets/Feel/FeelDemos/Letters/Sprites/FeelLettersDemoWind.png using Guid(b71d66e1b0c0c474fb9f1cf92d3e9e9e) Importer(815301076,1909f56bfc062723c751e8b465ee728b)  -> (artifact id: '6f477e838b275961f988e3ac6b84fdc9') in 0.055382 seconds 
Number of asset objects unloaded after import = 3
========================================================================
Received Import Request.
  Time since last request: 0.000019 seconds.
  path: Assets/04_Textures/LUTs/Useable/Filter-Yellow-Soft.png
  artifactKey: Guid(9de46428bcb004ee88919d3a3a420e53) Importer(815301076,1909f56bfc062723c751e8b465ee728b)
Number of updated assets reloaded before import = 0
Start importing Assets/04_Textures/LUTs/Useable/Filter-Yellow-Soft.png using Guid(9de46428bcb004ee88919d3a3a420e53) Importer(815301076,1909f56bfc062723c751e8b465ee728b)  -> (artifact id: 'ba73938917853fcf159cbed7ddce91f2') in 0.020712 seconds 
Number of asset objects unloaded after import = 3
========================================================================
Received Import Request.
  Time since last request: 0.000015 seconds.
  path: Assets/04_Textures/Grid/FieldWhitepsd.psd
  artifactKey: Guid(1d307915875a80748ada63b39339b630) Importer(815301076,1909f56bfc062723c751e8b465ee728b)
Number of updated assets reloaded before import = 0
Start importing Assets/04_Textures/Grid/FieldWhitepsd.psd using Guid(1d307915875a80748ada63b39339b630) Importer(815301076,1909f56bfc062723c751e8b465ee728b)  -> (artifact id: '4be25fbb24fc7ba28082833f74b9aac7') in 0.025200 seconds 
Number of asset objects unloaded after import = 4
========================================================================
Received Import Request.
  Time since last request: 0.000017 seconds.
  path: Assets/Plugins/Editor/JetBrains.RiderFlow/InstallationData/Resources/FindUsages/find_usages_preview_dark.png
  artifactKey: Guid(670ecc6a0fbe4e59a46c82c53f3b9dd0) Importer(815301076,1909f56bfc062723c751e8b465ee728b)
Number of updated assets reloaded before import = 0
Start importing Assets/Plugins/Editor/JetBrains.RiderFlow/InstallationData/Resources/FindUsages/find_usages_preview_dark.png using Guid(670ecc6a0fbe4e59a46c82c53f3b9dd0) Importer(815301076,1909f56bfc062723c751e8b465ee728b)  -> (artifact id: 'a8728ef2dc7040655ebabcc7b7a90974') in 0.024871 seconds 
Number of asset objects unloaded after import = 4
========================================================================
Received Import Request.
  Time since last request: 0.000021 seconds.
  path: Assets/04_Textures/Grid/FieldRedWhite2.psd
  artifactKey: Guid(4b7e4d6139152bc40a4f8e118afaa2a4) Importer(815301076,1909f56bfc062723c751e8b465ee728b)
Number of updated assets reloaded before import = 0
Start importing Assets/04_Textures/Grid/FieldRedWhite2.psd using Guid(4b7e4d6139152bc40a4f8e118afaa2a4) Importer(815301076,1909f56bfc062723c751e8b465ee728b)  -> (artifact id: 'a3c82cf9f215603cb8f1ef395f67db1f') in 0.019967 seconds 
Number of asset objects unloaded after import = 4
========================================================================
Received Import Request.
  Time since last request: 0.000018 seconds.
  path: Assets/04_Textures/Grid/FieldYellow2.psd
  artifactKey: Guid(1783cc6043a225f4ba56f2fe3304d981) Importer(815301076,1909f56bfc062723c751e8b465ee728b)
Number of updated assets reloaded before import = 0
Start importing Assets/04_Textures/Grid/FieldYellow2.psd using Guid(1783cc6043a225f4ba56f2fe3304d981) Importer(815301076,1909f56bfc062723c751e8b465ee728b)  -> (artifact id: 'd99f321ce9b7116822cde7eddfd7edae') in 0.026414 seconds 
Number of asset objects unloaded after import = 4
========================================================================
Received Import Request.
  Time since last request: 0.272038 seconds.
  path: Assets/04_Textures/Characters/Valkyrie2/Viking girl critical attack with effect.png
  artifactKey: Guid(dbd36596951eaa34fb929bdc2b576051) Importer(815301076,1909f56bfc062723c751e8b465ee728b)
Number of updated assets reloaded before import = 0
Start importing Assets/04_Textures/Characters/Valkyrie2/Viking girl critical attack with effect.png using Guid(dbd36596951eaa34fb929bdc2b576051) Importer(815301076,1909f56bfc062723c751e8b465ee728b)  -> (artifact id: '040f1d8b1b693975f36cac0486f5848b') in 0.074401 seconds 
Number of asset objects unloaded after import = 4
========================================================================
Received Import Request.
  Time since last request: 0.000018 seconds.
  path: Assets/04_Textures/Characters/Witch/Witch Takes Damage.png
  artifactKey: Guid(af105bbacba62ec49ac6bc9efb635155) Importer(815301076,1909f56bfc062723c751e8b465ee728b)
Number of updated assets reloaded before import = 0
Start importing Assets/04_Textures/Characters/Witch/Witch Takes Damage.png using Guid(af105bbacba62ec49ac6bc9efb635155) Importer(815301076,1909f56bfc062723c751e8b465ee728b)  -> (artifact id: '84c4a40de884b8e30abbb312d97f03e4') in 0.047963 seconds 
Number of asset objects unloaded after import = 4
========================================================================
Received Import Request.
  Time since last request: 0.000021 seconds.
  path: Assets/04_Textures/Characters/Witch/Witch Class Upgrade/Witch Critical Attack.png
  artifactKey: Guid(c70212744cdb0864785a7a8b7b11ae3d) Importer(815301076,1909f56bfc062723c751e8b465ee728b)
Number of updated assets reloaded before import = 0
Start importing Assets/04_Textures/Characters/Witch/Witch Class Upgrade/Witch Critical Attack.png using Guid(c70212744cdb0864785a7a8b7b11ae3d) Importer(815301076,1909f56bfc062723c751e8b465ee728b)  -> (artifact id: 'f674f87186a3f73dd8450f7d0ffee280') in 0.052029 seconds 
Number of asset objects unloaded after import = 4
========================================================================
Received Import Request.
  Time since last request: 0.000019 seconds.
  path: Assets/04_Textures/Characters/Witch/Witch Dodge.png
  artifactKey: Guid(e98d027c489e2574c8d681c3a10ee658) Importer(815301076,1909f56bfc062723c751e8b465ee728b)
Number of updated assets reloaded before import = 0
Start importing Assets/04_Textures/Characters/Witch/Witch Dodge.png using Guid(e98d027c489e2574c8d681c3a10ee658) Importer(815301076,1909f56bfc062723c751e8b465ee728b)  -> (artifact id: 'cd56efdc3d0adc39427fa7d570242780') in 0.042743 seconds 
Number of asset objects unloaded after import = 4
========================================================================
Received Import Request.
  Time since last request: 15.258935 seconds.
  path: Assets/04_Textures/TileMaps/Walls/Newer Walls/Wall_tile_top left_broken.png
  artifactKey: Guid(d3ea737700fbf3140b474cfbe74de475) Importer(815301076,1909f56bfc062723c751e8b465ee728b)
Number of updated assets reloaded before import = 0
Start importing Assets/04_Textures/TileMaps/Walls/Newer Walls/Wall_tile_top left_broken.png using Guid(d3ea737700fbf3140b474cfbe74de475) Importer(815301076,1909f56bfc062723c751e8b465ee728b)  -> (artifact id: 'd4297c3cca9e819d2a3a698ca2f6b043') in 0.092613 seconds 
Number of asset objects unloaded after import = 4
========================================================================
Received Import Request.
  Time since last request: 0.000013 seconds.
  path: Assets/04_Textures/Icons/Unused/yellow/y_13.png
  artifactKey: Guid(28d630709cf83c145a391925b2eaa575) Importer(815301076,1909f56bfc062723c751e8b465ee728b)
Number of updated assets reloaded before import = 0
Start importing Assets/04_Textures/Icons/Unused/yellow/y_13.png using Guid(28d630709cf83c145a391925b2eaa575) Importer(815301076,1909f56bfc062723c751e8b465ee728b)  -> (artifact id: '89cc948b5f4e094352c628d4ddf8f493') in 0.050143 seconds 
Number of asset objects unloaded after import = 4
========================================================================
Received Import Request.
  Time since last request: 0.000020 seconds.
  path: Assets/04_Textures/Icons/Items/Gems/whiteGemSmall.png
  artifactKey: Guid(97b4c61ddf026be4394d8708ed74597c) Importer(815301076,1909f56bfc062723c751e8b465ee728b)
Number of updated assets reloaded before import = 0
Start importing Assets/04_Textures/Icons/Items/Gems/whiteGemSmall.png using Guid(97b4c61ddf026be4394d8708ed74597c) Importer(815301076,1909f56bfc062723c751e8b465ee728b)  -> (artifact id: 'f7fe4947b6b3338d067b58baa9173d97') in 0.028041 seconds 
Number of asset objects unloaded after import = 4
========================================================================
Received Import Request.
  Time since last request: 0.000016 seconds.
  path: Assets/04_Textures/Icons/Unused/yellow/y_12.PNG
  artifactKey: Guid(ebf6c1e5617e55d419efdb2cb370f204) Importer(815301076,1909f56bfc062723c751e8b465ee728b)
Number of updated assets reloaded before import = 0
Start importing Assets/04_Textures/Icons/Unused/yellow/y_12.PNG using Guid(ebf6c1e5617e55d419efdb2cb370f204) Importer(815301076,1909f56bfc062723c751e8b465ee728b)  -> (artifact id: 'fc416ff08dc567b71b1503e633321d6c') in 0.030397 seconds 
Number of asset objects unloaded after import = 4
========================================================================
Received Import Request.
  Time since last request: 0.000012 seconds.
  path: Assets/04_Textures/Icons/Unused/yellow/y_09.PNG
  artifactKey: Guid(beef16a6ed5c29e47b2fa5c56086f6e8) Importer(815301076,1909f56bfc062723c751e8b465ee728b)
Number of updated assets reloaded before import = 0
Start importing Assets/04_Textures/Icons/Unused/yellow/y_09.PNG using Guid(beef16a6ed5c29e47b2fa5c56086f6e8) Importer(815301076,1909f56bfc062723c751e8b465ee728b)  -> (artifact id: '0fd511142472e50e0bd47a61e263fabd') in 0.034720 seconds 
Number of asset objects unloaded after import = 4
========================================================================
Received Import Request.
  Time since last request: 0.000010 seconds.
  path: Assets/04_Textures/Icons/Unused/yellow/y_08.PNG
  artifactKey: Guid(4606ce7103bcab64bbe81523cf516769) Importer(815301076,1909f56bfc062723c751e8b465ee728b)
Number of updated assets reloaded before import = 0
Start importing Assets/04_Textures/Icons/Unused/yellow/y_08.PNG using Guid(4606ce7103bcab64bbe81523cf516769) Importer(815301076,1909f56bfc062723c751e8b465ee728b)  -> (artifact id: 'f4e9926da72ab187cdf5ff8439040e53') in 0.031398 seconds 
Number of asset objects unloaded after import = 4
========================================================================
Received Import Request.
  Time since last request: 0.000012 seconds.
  path: Assets/04_Textures/Icons/Unused/yellow/y_15.png
  artifactKey: Guid(64f2a4495ac8d6c47b756e060a85817b) Importer(815301076,1909f56bfc062723c751e8b465ee728b)
Number of updated assets reloaded before import = 0
Start importing Assets/04_Textures/Icons/Unused/yellow/y_15.png using Guid(64f2a4495ac8d6c47b756e060a85817b) Importer(815301076,1909f56bfc062723c751e8b465ee728b)  -> (artifact id: '8643af4a2522c460bb11a0aa2b78eb2e') in 0.032459 seconds 
Number of asset objects unloaded after import = 4
========================================================================
Received Import Request.
  Time since last request: 0.000012 seconds.
  path: Assets/04_Textures/Icons/Weapon&Movetypes/WeaponTriangle.png
  artifactKey: Guid(4e126b4be309db340b4b6d5718248d4b) Importer(815301076,1909f56bfc062723c751e8b465ee728b)
Number of updated assets reloaded before import = 0
Start importing Assets/04_Textures/Icons/Weapon&Movetypes/WeaponTriangle.png using Guid(4e126b4be309db340b4b6d5718248d4b) Importer(815301076,1909f56bfc062723c751e8b465ee728b)  -> (artifact id: 'a871d989c7b952c13c0cc5bb9af78b00') in 0.039505 seconds 
Number of asset objects unloaded after import = 4
========================================================================
Received Import Request.
  Time since last request: 0.000014 seconds.
  path: Assets/04_Textures/Icons/Unused/yellow/y_18.png
  artifactKey: Guid(cac80c2918cc6f94595fd18651b3c1c5) Importer(815301076,1909f56bfc062723c751e8b465ee728b)
Number of updated assets reloaded before import = 0
Start importing Assets/04_Textures/Icons/Unused/yellow/y_18.png using Guid(cac80c2918cc6f94595fd18651b3c1c5) Importer(815301076,1909f56bfc062723c751e8b465ee728b)  -> (artifact id: 'b6aaa537130b27a96a3c4c769f8c0b05') in 0.037983 seconds 
Number of asset objects unloaded after import = 4
========================================================================
Received Prepare
Registering precompiled user dll's ...
Registered in 0.004533 seconds.
Begin MonoManager ReloadAssembly
Symbol file LoadedFromMemory is not a mono symbol file
Native extension for WindowsStandalone target not found
Native extension for iOS target not found
Native extension for Android target not found
Refreshing native plugins compatible for Editor in 1.48 ms, found 3 plugins.
Preloading 0 native plugins for Editor in 0.00 ms.
[Package Manager] Server::EnsureServerProcessIsRunning -- launch failed, reason: Unity was launched with the -noUpm command-line argument
[Package Manager] Cannot connect to Unity Package Manager local server
Mono: successfully reloaded assembly
- Completed reload, in  1.515 seconds
Domain Reload Profiling:
	ReloadAssembly (1515ms)
		BeginReloadAssembly (140ms)
			ExecutionOrderSort (0ms)
			DisableScriptedObjects (4ms)
			BackupInstance (0ms)
			ReleaseScriptingObjects (0ms)
			CreateAndSetChildDomain (52ms)
		EndReloadAssembly (1311ms)
			LoadAssemblies (83ms)
			RebuildTransferFunctionScriptingTraits (0ms)
			SetupTypeCache (250ms)
			ReleaseScriptCaches (3ms)
			RebuildScriptCaches (91ms)
			SetupLoadedEditorAssemblies (849ms)
				LogAssemblyErrors (0ms)
				InitializePlatformSupportModulesInManaged (20ms)
				SetLoadedEditorAssemblies (0ms)
				RefreshPlugins (2ms)
				BeforeProcessingInitializeOnLoad (102ms)
				ProcessInitializeOnLoadAttributes (583ms)
				ProcessInitializeOnLoadMethodAttributes (135ms)
				AfterProcessingInitializeOnLoad (5ms)
				EditorAssembliesLoaded (0ms)
			ExecutionOrderSort2 (0ms)
			AwakeInstancesAfterBackupRestoration (9ms)
Platform modules already initialized, skipping
Shader 'MoreMountains/MMRipple': fallback shader 'Particle/AlphaBlended' not found
Refreshing native plugins compatible for Editor in 2.09 ms, found 3 plugins.
Preloading 0 native plugins for Editor in 0.00 ms.
Unloading 6331 Unused Serialized files (Serialized files now loaded: 0)
Unloading 88 unused Assets / (2.0 MB). Loaded Objects now: 7102.
Memory consumption went from 343.4 MB to 341.4 MB.
Total: 9.758000 ms (FindLiveObjects: 0.536400 ms CreateObjectMapping: 0.185300 ms MarkObjects: 8.316200 ms  DeleteObjects: 0.718000 ms)

AssetImportParameters requested are different than current active one (requested -> active):
  custom:video-decoder-ogg-theora: a1e56fd34408186e4bbccfd4996cb3dc -> 
  custom:container-muxer-webm: aa71ff27fc2769a1b78a27578f13a17b -> 
  custom:container-demuxer-webm: 4f35f7cbe854078d1ac9338744f61a02 -> 
  custom:video-encoder-webm-vp8: eb34c28f22e8b96e1ab97ce403110664 -> 
  custom:CustomObjectIndexerAttribute: f67f22312cbe972f2da930a377ed3d15 -> 
  custom:audio-encoder-webm-vorbis: bf7c407c2cedff20999df2af8eb42d56 -> 
  custom:framework-win-MediaFoundation: 216162199b28c13a410421893ffa2e32 -> 
  custom:SearchIndexIgnoredProperties: e643bd26f0fe6173181afceb89e7c659 -> 
  custom:container-demuxer-ogg: 62fdf1f143b41e24485cea50d1cbac27 -> 
  custom:video-decoder-webm-vp8: 9c59270c3fd7afecdb556c50c9e8de78 -> 
  custom:audio-decoder-ogg-vorbis: bf7c407c2cedff20999df2af8eb42d56 -> 
========================================================================
Received Prepare
Shader 'MoreMountains/MMRipple': fallback shader 'Particle/AlphaBlended' not found
Refreshing native plugins compatible for Editor in 7.45 ms, found 3 plugins.
Preloading 0 native plugins for Editor in 0.00 ms.
Unloading 73 Unused Serialized files (Serialized files now loaded: 0)
Unloading 73 unused Assets / (2.0 MB). Loaded Objects now: 7102.
Memory consumption went from 216.3 MB to 214.3 MB.
Total: 6.248000 ms (FindLiveObjects: 0.385800 ms CreateObjectMapping: 0.333400 ms MarkObjects: 5.042200 ms  DeleteObjects: 0.485900 ms)

AssetImportParameters requested are different than current active one (requested -> active):
  custom:video-decoder-ogg-theora: a1e56fd34408186e4bbccfd4996cb3dc -> 
  custom:container-muxer-webm: aa71ff27fc2769a1b78a27578f13a17b -> 
  custom:container-demuxer-webm: 4f35f7cbe854078d1ac9338744f61a02 -> 
  custom:video-encoder-webm-vp8: eb34c28f22e8b96e1ab97ce403110664 -> 
  custom:CustomObjectIndexerAttribute: f67f22312cbe972f2da930a377ed3d15 -> 
  custom:audio-encoder-webm-vorbis: bf7c407c2cedff20999df2af8eb42d56 -> 
  custom:framework-win-MediaFoundation: 216162199b28c13a410421893ffa2e32 -> 
  custom:SearchIndexIgnoredProperties: e643bd26f0fe6173181afceb89e7c659 -> 
  custom:container-demuxer-ogg: 62fdf1f143b41e24485cea50d1cbac27 -> 
  custom:video-decoder-webm-vp8: 9c59270c3fd7afecdb556c50c9e8de78 -> 
  custom:audio-decoder-ogg-vorbis: bf7c407c2cedff20999df2af8eb42d56 -> 
========================================================================
Received Prepare
Shader 'MoreMountains/MMRipple': fallback shader 'Particle/AlphaBlended' not found
Refreshing native plugins compatible for Editor in 7.82 ms, found 3 plugins.
Preloading 0 native plugins for Editor in 0.00 ms.
Unloading 73 Unused Serialized files (Serialized files now loaded: 0)
Unloading 73 unused Assets / (2.0 MB). Loaded Objects now: 7102.
Memory consumption went from 215.7 MB to 213.7 MB.
Total: 7.196800 ms (FindLiveObjects: 0.646600 ms CreateObjectMapping: 0.156700 ms MarkObjects: 5.833100 ms  DeleteObjects: 0.559800 ms)

AssetImportParameters requested are different than current active one (requested -> active):
  custom:video-decoder-ogg-theora: a1e56fd34408186e4bbccfd4996cb3dc -> 
  custom:container-muxer-webm: aa71ff27fc2769a1b78a27578f13a17b -> 
  custom:container-demuxer-webm: 4f35f7cbe854078d1ac9338744f61a02 -> 
  custom:video-encoder-webm-vp8: eb34c28f22e8b96e1ab97ce403110664 -> 
  custom:CustomObjectIndexerAttribute: f67f22312cbe972f2da930a377ed3d15 -> 
  custom:audio-encoder-webm-vorbis: bf7c407c2cedff20999df2af8eb42d56 -> 
  custom:framework-win-MediaFoundation: 216162199b28c13a410421893ffa2e32 -> 
  custom:SearchIndexIgnoredProperties: e643bd26f0fe6173181afceb89e7c659 -> 
  custom:container-demuxer-ogg: 62fdf1f143b41e24485cea50d1cbac27 -> 
  custom:video-decoder-webm-vp8: 9c59270c3fd7afecdb556c50c9e8de78 -> 
  custom:audio-decoder-ogg-vorbis: bf7c407c2cedff20999df2af8eb42d56 -> 
========================================================================
Received Import Request.
  Time since last request: 746.921531 seconds.
  path: Assets/04_Textures/Characters/Gods/Apollo/ApolloDialogSpriteSet.asset
  artifactKey: Guid(8d326a45a13a82d469a32a6af1bf2de6) Importer(815301076,1909f56bfc062723c751e8b465ee728b)
Number of updated assets reloaded before import = 0
Start importing Assets/04_Textures/Characters/Gods/Apollo/ApolloDialogSpriteSet.asset using Guid(8d326a45a13a82d469a32a6af1bf2de6) Importer(815301076,1909f56bfc062723c751e8b465ee728b)  -> (artifact id: 'ed578364a073be4ff72e2d81bdfd23a7') in 0.040993 seconds 
Number of asset objects unloaded after import = 6
========================================================================
Received Prepare
Registering precompiled user dll's ...
Registered in 0.004554 seconds.
Begin MonoManager ReloadAssembly
Symbol file LoadedFromMemory is not a mono symbol file
Native extension for WindowsStandalone target not found
Native extension for iOS target not found
Native extension for Android target not found
Refreshing native plugins compatible for Editor in 1.57 ms, found 3 plugins.
Preloading 0 native plugins for Editor in 0.00 ms.
[Package Manager] Server::EnsureServerProcessIsRunning -- launch failed, reason: Unity was launched with the -noUpm command-line argument
[Package Manager] Cannot connect to Unity Package Manager local server
Mono: successfully reloaded assembly
- Completed reload, in  1.610 seconds
Domain Reload Profiling:
	ReloadAssembly (1611ms)
		BeginReloadAssembly (181ms)
			ExecutionOrderSort (0ms)
			DisableScriptedObjects (11ms)
			BackupInstance (0ms)
			ReleaseScriptingObjects (0ms)
			CreateAndSetChildDomain (72ms)
		EndReloadAssembly (1357ms)
			LoadAssemblies (91ms)
			RebuildTransferFunctionScriptingTraits (0ms)
			SetupTypeCache (257ms)
			ReleaseScriptCaches (3ms)
			RebuildScriptCaches (89ms)
			SetupLoadedEditorAssemblies (874ms)
				LogAssemblyErrors (0ms)
				InitializePlatformSupportModulesInManaged (24ms)
				SetLoadedEditorAssemblies (0ms)
				RefreshPlugins (2ms)
				BeforeProcessingInitializeOnLoad (106ms)
				ProcessInitializeOnLoadAttributes (596ms)
				ProcessInitializeOnLoadMethodAttributes (140ms)
				AfterProcessingInitializeOnLoad (5ms)
				EditorAssembliesLoaded (0ms)
			ExecutionOrderSort2 (0ms)
			AwakeInstancesAfterBackupRestoration (12ms)
Platform modules already initialized, skipping
Shader 'MoreMountains/MMRipple': fallback shader 'Particle/AlphaBlended' not found
Refreshing native plugins compatible for Editor in 1.88 ms, found 3 plugins.
Preloading 0 native plugins for Editor in 0.00 ms.
Unloading 6330 Unused Serialized files (Serialized files now loaded: 0)
Unloading 87 unused Assets / (2.0 MB). Loaded Objects now: 7105.
Memory consumption went from 343.4 MB to 341.4 MB.
Total: 6.227400 ms (FindLiveObjects: 0.378200 ms CreateObjectMapping: 0.165100 ms MarkObjects: 5.225300 ms  DeleteObjects: 0.457900 ms)

AssetImportParameters requested are different than current active one (requested -> active):
  custom:video-decoder-ogg-theora: a1e56fd34408186e4bbccfd4996cb3dc -> 
  custom:container-muxer-webm: aa71ff27fc2769a1b78a27578f13a17b -> 
  custom:container-demuxer-webm: 4f35f7cbe854078d1ac9338744f61a02 -> 
  custom:video-encoder-webm-vp8: eb34c28f22e8b96e1ab97ce403110664 -> 
  custom:CustomObjectIndexerAttribute: f67f22312cbe972f2da930a377ed3d15 -> 
  custom:audio-encoder-webm-vorbis: bf7c407c2cedff20999df2af8eb42d56 -> 
  custom:framework-win-MediaFoundation: 216162199b28c13a410421893ffa2e32 -> 
  custom:SearchIndexIgnoredProperties: e643bd26f0fe6173181afceb89e7c659 -> 
  custom:container-demuxer-ogg: 62fdf1f143b41e24485cea50d1cbac27 -> 
  custom:video-decoder-webm-vp8: 9c59270c3fd7afecdb556c50c9e8de78 -> 
  custom:audio-decoder-ogg-vorbis: bf7c407c2cedff20999df2af8eb42d56 -> 
========================================================================
Received Import Request.
  Time since last request: 16290.981489 seconds.
  path: Assets/04_Textures/Characters/Valkyrie2/Viking girl critical attack trail effect-basic attack.png
  artifactKey: Guid(91a89bf3a318ace47a5c8ede3367d963) Importer(815301076,1909f56bfc062723c751e8b465ee728b)
Number of updated assets reloaded before import = 0
Start importing Assets/04_Textures/Characters/Valkyrie2/Viking girl critical attack trail effect-basic attack.png using Guid(91a89bf3a318ace47a5c8ede3367d963) Importer(815301076,1909f56bfc062723c751e8b465ee728b)  -> (artifact id: '5640a7feeec41c7e17fff6610a8dc0f3') in 0.098582 seconds 
Number of asset objects unloaded after import = 3
========================================================================
Received Import Request.
  Time since last request: 0.000026 seconds.
  path: Assets/04_Textures/TileMaps/Walls/Newer Walls/Wall_tile_right vertical.png
  artifactKey: Guid(92cf834f9cc6d784f89c0956c675801b) Importer(815301076,1909f56bfc062723c751e8b465ee728b)
Number of updated assets reloaded before import = 0
Start importing Assets/04_Textures/TileMaps/Walls/Newer Walls/Wall_tile_right vertical.png using Guid(92cf834f9cc6d784f89c0956c675801b) Importer(815301076,1909f56bfc062723c751e8b465ee728b)  -> (artifact id: '2819430b58841b13a338a523e319217b') in 0.045399 seconds 
Number of asset objects unloaded after import = 3
========================================================================
Received Import Request.
  Time since last request: 0.000032 seconds.
  path: Assets/04_Textures/TileMaps/Walls/Newer Walls/Wall_tile_right corner_damaged_broken.png
  artifactKey: Guid(a405eda74281e1b45b16e3df84fb52a4) Importer(815301076,1909f56bfc062723c751e8b465ee728b)
Number of updated assets reloaded before import = 0
Start importing Assets/04_Textures/TileMaps/Walls/Newer Walls/Wall_tile_right corner_damaged_broken.png using Guid(a405eda74281e1b45b16e3df84fb52a4) Importer(815301076,1909f56bfc062723c751e8b465ee728b)  -> (artifact id: '20134c073bbdccb037df5c4e2ccc5239') in 0.034183 seconds 
Number of asset objects unloaded after import = 3
========================================================================
Received Import Request.
  Time since last request: 0.000016 seconds.
  path: Assets/04_Textures/TileMaps/Walls/Newer Walls/Wall_tile_connector left.png
  artifactKey: Guid(59672e36b0bf3904eb77aa06f6ff30d1) Importer(815301076,1909f56bfc062723c751e8b465ee728b)
Number of updated assets reloaded before import = 0
Start importing Assets/04_Textures/TileMaps/Walls/Newer Walls/Wall_tile_connector left.png using Guid(59672e36b0bf3904eb77aa06f6ff30d1) Importer(815301076,1909f56bfc062723c751e8b465ee728b)  -> (artifact id: '4e614e183fa1184820afdd5d1c8ba06f') in 0.038620 seconds 
Number of asset objects unloaded after import = 3
========================================================================
Received Import Request.
  Time since last request: 0.000012 seconds.
  path: Assets/04_Textures/TileMaps/Walls/WallsConnections/Wall_tile_right connecter.png
  artifactKey: Guid(0157c512c65797a49a85673515534671) Importer(815301076,1909f56bfc062723c751e8b465ee728b)
Number of updated assets reloaded before import = 0
Start importing Assets/04_Textures/TileMaps/Walls/WallsConnections/Wall_tile_right connecter.png using Guid(0157c512c65797a49a85673515534671) Importer(815301076,1909f56bfc062723c751e8b465ee728b)  -> (artifact id: '906dbecf32178d89c7a561f57aafaf65') in 0.043979 seconds 
Number of asset objects unloaded after import = 3
========================================================================
Received Import Request.
  Time since last request: 0.000011 seconds.
  path: Assets/04_Textures/TileMaps/Walls/Newer Walls/Wall_tile_connector right_broken.png
  artifactKey: Guid(66ff49c84d44b9a4eb42ff01d0adeebe) Importer(815301076,1909f56bfc062723c751e8b465ee728b)
Number of updated assets reloaded before import = 0
Start importing Assets/04_Textures/TileMaps/Walls/Newer Walls/Wall_tile_connector right_broken.png using Guid(66ff49c84d44b9a4eb42ff01d0adeebe) Importer(815301076,1909f56bfc062723c751e8b465ee728b)  -> (artifact id: '4a21886d9b3e7229da3963e5ad697d5f') in 0.035020 seconds 
Number of asset objects unloaded after import = 3
========================================================================
Received Import Request.
  Time since last request: 0.000015 seconds.
  path: Assets/04_Textures/TileMaps/Walls/Newer Walls/Wall_tile_right corner_damaged.png
  artifactKey: Guid(b85c69de4f9249141820212c6a4dd8ed) Importer(815301076,1909f56bfc062723c751e8b465ee728b)
Number of updated assets reloaded before import = 0
Start importing Assets/04_Textures/TileMaps/Walls/Newer Walls/Wall_tile_right corner_damaged.png using Guid(b85c69de4f9249141820212c6a4dd8ed) Importer(815301076,1909f56bfc062723c751e8b465ee728b)  -> (artifact id: '66e5b3089905cdcea620533968b920ca') in 0.033384 seconds 
Number of asset objects unloaded after import = 3
========================================================================
Received Import Request.
  Time since last request: 0.000018 seconds.
  path: Assets/04_Textures/TileMaps/Walls/Newer Walls/Wall_tile_left corner.png
  artifactKey: Guid(1e5df6da733d25546a04b49fa8827141) Importer(815301076,1909f56bfc062723c751e8b465ee728b)
Number of updated assets reloaded before import = 0
Start importing Assets/04_Textures/TileMaps/Walls/Newer Walls/Wall_tile_left corner.png using Guid(1e5df6da733d25546a04b49fa8827141) Importer(815301076,1909f56bfc062723c751e8b465ee728b)  -> (artifact id: '2580597967ce0a00b49e4c10966626f3') in 0.038189 seconds 
Number of asset objects unloaded after import = 3
========================================================================
Received Import Request.
  Time since last request: 0.000022 seconds.
  path: Assets/04_Textures/TileMaps/Walls/Newer Walls/Wall_tile_left corner_damaged.png
  artifactKey: Guid(61965a85e0e11ec4699dbd7d4f4aa680) Importer(815301076,1909f56bfc062723c751e8b465ee728b)
Number of updated assets reloaded before import = 0
Start importing Assets/04_Textures/TileMaps/Walls/Newer Walls/Wall_tile_left corner_damaged.png using Guid(61965a85e0e11ec4699dbd7d4f4aa680) Importer(815301076,1909f56bfc062723c751e8b465ee728b)  -> (artifact id: '3191a4a65e01a97a93c6cdd8b20d8766') in 0.040146 seconds 
Number of asset objects unloaded after import = 3
========================================================================
Received Import Request.
  Time since last request: 0.000013 seconds.
  path: Assets/04_Textures/TileMaps/Walls/WallsConnections/Wall_tile_left horizontal connecter_damaged.png
  artifactKey: Guid(53853d51a55193a42a7b69892ed6e21d) Importer(815301076,1909f56bfc062723c751e8b465ee728b)
Number of updated assets reloaded before import = 0
Start importing Assets/04_Textures/TileMaps/Walls/WallsConnections/Wall_tile_left horizontal connecter_damaged.png using Guid(53853d51a55193a42a7b69892ed6e21d) Importer(815301076,1909f56bfc062723c751e8b465ee728b)  -> (artifact id: '6c5afe67f98b52224110b54ea5a1530d') in 0.045716 seconds 
Number of asset objects unloaded after import = 3
========================================================================
Received Import Request.
  Time since last request: 0.000013 seconds.
  path: Assets/04_Textures/TileMaps/Walls/WallsConnections/Wall_tile_left connecter_damaged.png
  artifactKey: Guid(b3e5745436a534b41b44bba8958d11ff) Importer(815301076,1909f56bfc062723c751e8b465ee728b)
Number of updated assets reloaded before import = 0
Start importing Assets/04_Textures/TileMaps/Walls/WallsConnections/Wall_tile_left connecter_damaged.png using Guid(b3e5745436a534b41b44bba8958d11ff) Importer(815301076,1909f56bfc062723c751e8b465ee728b)  -> (artifact id: '822c07c26b729a8d94edb744fe9b5c27') in 0.040375 seconds 
Number of asset objects unloaded after import = 3
========================================================================
Received Import Request.
  Time since last request: 0.000015 seconds.
  path: Assets/04_Textures/TileMaps/Walls/Newer Walls/Wall_tile_left vertical_gate_damaged.png
  artifactKey: Guid(01089dcb370f47a4e9066090124084c2) Importer(815301076,1909f56bfc062723c751e8b465ee728b)
Number of updated assets reloaded before import = 0
Start importing Assets/04_Textures/TileMaps/Walls/Newer Walls/Wall_tile_left vertical_gate_damaged.png using Guid(01089dcb370f47a4e9066090124084c2) Importer(815301076,1909f56bfc062723c751e8b465ee728b)  -> (artifact id: 'deabae842fb5cab94160ef431cc8418b') in 0.037014 seconds 
Number of asset objects unloaded after import = 3
========================================================================
Received Import Request.
  Time since last request: 0.000015 seconds.
  path: Assets/04_Textures/TileMaps/Walls/Newer Walls/Wall_tile_right vertical_broken.png
  artifactKey: Guid(90beecadca8aaf345b5d96a25b7c41da) Importer(815301076,1909f56bfc062723c751e8b465ee728b)
Number of updated assets reloaded before import = 0
Start importing Assets/04_Textures/TileMaps/Walls/Newer Walls/Wall_tile_right vertical_broken.png using Guid(90beecadca8aaf345b5d96a25b7c41da) Importer(815301076,1909f56bfc062723c751e8b465ee728b)  -> (artifact id: '47a2c3126a6d930681f30eb4248ab259') in 0.039909 seconds 
Number of asset objects unloaded after import = 3
========================================================================
Received Import Request.
  Time since last request: 0.000021 seconds.
  path: Assets/04_Textures/TileMaps/Walls/Newer Walls/Wall_tile_connector right_damaged.png
  artifactKey: Guid(9917463d2285ef246aef8ae80ee771dd) Importer(815301076,1909f56bfc062723c751e8b465ee728b)
Number of updated assets reloaded before import = 0
Start importing Assets/04_Textures/TileMaps/Walls/Newer Walls/Wall_tile_connector right_damaged.png using Guid(9917463d2285ef246aef8ae80ee771dd) Importer(815301076,1909f56bfc062723c751e8b465ee728b)  -> (artifact id: 'a05ef81d63fef6e30c5db22e464905d1') in 0.051791 seconds 
Number of asset objects unloaded after import = 3
========================================================================
Received Import Request.
  Time since last request: 0.000055 seconds.
  path: Assets/04_Textures/TileMaps/Walls/Newer Walls/Wall_tile_left vertical_broken.png
  artifactKey: Guid(ab40585f4fc1c2d44991937b85b11550) Importer(815301076,1909f56bfc062723c751e8b465ee728b)
Number of updated assets reloaded before import = 0
Start importing Assets/04_Textures/TileMaps/Walls/Newer Walls/Wall_tile_left vertical_broken.png using Guid(ab40585f4fc1c2d44991937b85b11550) Importer(815301076,1909f56bfc062723c751e8b465ee728b)  -> (artifact id: '65b28af99dd4f0694776596c02b9eee2') in 0.047816 seconds 
Number of asset objects unloaded after import = 3
========================================================================
Received Import Request.
  Time since last request: 0.000021 seconds.
  path: Assets/04_Textures/TileMaps/Walls/Newer Walls/Wall_tile_left vertical.png
  artifactKey: Guid(4d0e8919259904a448b3d5b57592ab1b) Importer(815301076,1909f56bfc062723c751e8b465ee728b)
Number of updated assets reloaded before import = 0
Start importing Assets/04_Textures/TileMaps/Walls/Newer Walls/Wall_tile_left vertical.png using Guid(4d0e8919259904a448b3d5b57592ab1b) Importer(815301076,1909f56bfc062723c751e8b465ee728b)  -> (artifact id: '284c6be14f1d8f4ce6b3f052e0db0630') in 0.041301 seconds 
Number of asset objects unloaded after import = 3
========================================================================
Received Import Request.
  Time since last request: 0.000014 seconds.
  path: Assets/04_Textures/TileMaps/Walls/WallsConnections/Wall_tile_left centre connecter.png
  artifactKey: Guid(3892356d4be1b304fb04da7243cdd93a) Importer(815301076,1909f56bfc062723c751e8b465ee728b)
Number of updated assets reloaded before import = 0
Start importing Assets/04_Textures/TileMaps/Walls/WallsConnections/Wall_tile_left centre connecter.png using Guid(3892356d4be1b304fb04da7243cdd93a) Importer(815301076,1909f56bfc062723c751e8b465ee728b)  -> (artifact id: '14ae6ec34a03d6802739a1efb8c5e90c') in 0.045610 seconds 
Number of asset objects unloaded after import = 3
========================================================================
Received Import Request.
  Time since last request: 0.000019 seconds.
  path: Assets/04_Textures/TileMaps/Walls/Newer Walls/Wall_tile_connector left_damaged.png
  artifactKey: Guid(955e3958f8ac1204a9798a2ad0bea649) Importer(815301076,1909f56bfc062723c751e8b465ee728b)
Number of updated assets reloaded before import = 0
Start importing Assets/04_Textures/TileMaps/Walls/Newer Walls/Wall_tile_connector left_damaged.png using Guid(955e3958f8ac1204a9798a2ad0bea649) Importer(815301076,1909f56bfc062723c751e8b465ee728b)  -> (artifact id: '3af447bb38c1e4006c835695b92f77ff') in 0.041536 seconds 
Number of asset objects unloaded after import = 3
========================================================================
Received Import Request.
  Time since last request: 0.000022 seconds.
  path: Assets/04_Textures/TileMaps/Walls/Newer Walls/Wall_tile_right corner.png
  artifactKey: Guid(16c34bec8208b554d9f8c5b5b05f6258) Importer(815301076,1909f56bfc062723c751e8b465ee728b)
Number of updated assets reloaded before import = 0
Start importing Assets/04_Textures/TileMaps/Walls/Newer Walls/Wall_tile_right corner.png using Guid(16c34bec8208b554d9f8c5b5b05f6258) Importer(815301076,1909f56bfc062723c751e8b465ee728b)  -> (artifact id: '25a4aa9bb4428eaef01eb74a74dbe196') in 0.036564 seconds 
Number of asset objects unloaded after import = 3
========================================================================
Received Import Request.
  Time since last request: 0.000025 seconds.
  path: Assets/04_Textures/TileMaps/Walls/Newer Walls/Wall_tile_left corner_broken.png
  artifactKey: Guid(11521f40d5e1cc849b74bbedfcddda75) Importer(815301076,1909f56bfc062723c751e8b465ee728b)
Number of updated assets reloaded before import = 0
Start importing Assets/04_Textures/TileMaps/Walls/Newer Walls/Wall_tile_left corner_broken.png using Guid(11521f40d5e1cc849b74bbedfcddda75) Importer(815301076,1909f56bfc062723c751e8b465ee728b)  -> (artifact id: '5d29bb62602561cd90d7ca9a7056a03b') in 0.035837 seconds 
Number of asset objects unloaded after import = 3
Editor requested this worker to shutdown with reason: Scaling down because of idle timeout
AssetImportWorker is now disconnected from the server
Process exiting
Exiting without the bug reporter. Application will terminate with return code 0