Using pre-set license
Built from '2021.3/staging' branch; Version is '2021.3.31f1 (3409e2af086f) revision 3410402'; Using compiler version '192829333'; Build Type 'Release'
OS: 'Windows 11  (10.0.22621) 64bit Core' Language: 'de' Physical Memory: 32671 MB
BatchMode: 1, IsHumanControllingUs: 0, StartBugReporterOnCrash: 0, Is64bit: 1, IsPro: 1

COMMAND LINE ARGUMENTS:
C:\Program Files\Unity\Hub\Editor\2021.3.31f1\Editor\Unity.exe
-adb2
-batchMode
-noUpm
-name
AssetImportWorker5
-projectPath
D:/Projects/fe-kingdom-mobile/trunk/FireEmblemMobile/FireEmblemMobileUnityProject
-logFile
Logs/AssetImportWorker5.log
-srvPort
50655
Successfully changed project path to: D:/Projects/fe-kingdom-mobile/trunk/FireEmblemMobile/FireEmblemMobileUnityProject
D:/Projects/fe-kingdom-mobile/trunk/FireEmblemMobile/FireEmblemMobileUnityProject
[UnityMemory] Configuration Parameters - Can be set up in boot.config
    "memorysetup-bucket-allocator-granularity=16"
    "memorysetup-bucket-allocator-bucket-count=8"
    "memorysetup-bucket-allocator-block-size=33554432"
    "memorysetup-bucket-allocator-block-count=8"
    "memorysetup-main-allocator-block-size=16777216"
    "memorysetup-thread-allocator-block-size=16777216"
    "memorysetup-gfx-main-allocator-block-size=16777216"
    "memorysetup-gfx-thread-allocator-block-size=16777216"
    "memorysetup-cache-allocator-block-size=4194304"
    "memorysetup-typetree-allocator-block-size=2097152"
    "memorysetup-profiler-bucket-allocator-granularity=16"
    "memorysetup-profiler-bucket-allocator-bucket-count=8"
    "memorysetup-profiler-bucket-allocator-block-size=33554432"
    "memorysetup-profiler-bucket-allocator-block-count=8"
    "memorysetup-profiler-allocator-block-size=16777216"
    "memorysetup-profiler-editor-allocator-block-size=1048576"
    "memorysetup-temp-allocator-size-main=16777216"
    "memorysetup-job-temp-allocator-block-size=2097152"
    "memorysetup-job-temp-allocator-block-size-background=1048576"
    "memorysetup-job-temp-allocator-reduction-small-platforms=262144"
    "memorysetup-temp-allocator-size-background-worker=32768"
    "memorysetup-temp-allocator-size-job-worker=262144"
    "memorysetup-temp-allocator-size-preload-manager=33554432"
    "memorysetup-temp-allocator-size-nav-mesh-worker=65536"
    "memorysetup-temp-allocator-size-audio-worker=65536"
    "memorysetup-temp-allocator-size-cloud-worker=32768"
    "memorysetup-temp-allocator-size-gi-baking-worker=262144"
    "memorysetup-temp-allocator-size-gfx=262144"
Player connection [26560] Host "[IP] 192.168.0.11 [Port] 0 [Flags] 2 [Guid] 4119238026 [EditorId] 4119238026 [Version] 1048832 [Id] WindowsEditor(7,DESKTOP-N1UFFTN) [Debug] 1 [PackageName] WindowsEditor [ProjectName] Editor" joined multi-casting on [225.0.0.222:54997]...

Player connection [26560] Host "[IP] 192.168.0.11 [Port] 0 [Flags] 2 [Guid] 4119238026 [EditorId] 4119238026 [Version] 1048832 [Id] WindowsEditor(7,DESKTOP-N1UFFTN) [Debug] 1 [PackageName] WindowsEditor [ProjectName] Editor" joined alternative multi-casting on [225.0.0.222:34997]...

[Physics::Module] Initialized MultithreadedJobDispatcher with {0} workers.
Refreshing native plugins compatible for Editor in 119.99 ms, found 3 plugins.
Preloading 0 native plugins for Editor in 0.00 ms.
Initialize engine version: 2021.3.31f1 (3409e2af086f)
[Subsystems] Discovering subsystems at path C:/Program Files/Unity/Hub/Editor/2021.3.31f1/Editor/Data/Resources/UnitySubsystems
[Subsystems] Discovering subsystems at path D:/Projects/fe-kingdom-mobile/trunk/FireEmblemMobile/FireEmblemMobileUnityProject/Assets
GfxDevice: creating device client; threaded=0; jobified=0
Direct3D:
    Version:  Direct3D 11.0 [level 11.1]
    Renderer: NVIDIA GeForce RTX 3070 (ID=0x2488)
    Vendor:   NVIDIA
    VRAM:     8031 MB
    Driver:   31.0.15.3699
Shader 'MoreMountains/MMRipple': fallback shader 'Particle/AlphaBlended' not found
Shader 'CartoonCoffee/Particle Basic': fallback shader '2' not found
Shader 'CartoonCoffee/Particle Additive': fallback shader '2' not found
Initialize mono
Mono path[0] = 'C:/Program Files/Unity/Hub/Editor/2021.3.31f1/Editor/Data/Managed'
Mono path[1] = 'C:/Program Files/Unity/Hub/Editor/2021.3.31f1/Editor/Data/MonoBleedingEdge/lib/mono/unityjit-win32'
Mono config path = 'C:/Program Files/Unity/Hub/Editor/2021.3.31f1/Editor/Data/MonoBleedingEdge/etc'
Using monoOptions --debugger-agent=transport=dt_socket,embedding=1,server=y,suspend=n,address=127.0.0.1:56024
Begin MonoManager ReloadAssembly
Registering precompiled unity dll's ...
Register platform support module: C:/Program Files/Unity/Hub/Editor/2021.3.31f1/Editor/Data/PlaybackEngines/AndroidPlayer/UnityEditor.Android.Extensions.dll
Register platform support module: C:/Program Files/Unity/Hub/Editor/2021.3.31f1/Editor/Data/PlaybackEngines/iOSSupport/UnityEditor.iOS.Extensions.dll
Register platform support module: C:/Program Files/Unity/Hub/Editor/2021.3.31f1/Editor/Data/PlaybackEngines/WindowsStandaloneSupport/UnityEditor.WindowsStandalone.Extensions.dll
Registered in 0.004455 seconds.
Native extension for WindowsStandalone target not found
[usbmuxd] Start listen thread
[usbmuxd] Listen thread started
Native extension for iOS target not found
Native extension for Android target not found
Android Extension - Scanning For ADB Devices 218 ms
Refreshing native plugins compatible for Editor in 110.69 ms, found 3 plugins.
Preloading 0 native plugins for Editor in 0.00 ms.
Mono: successfully reloaded assembly
- Completed reload, in  0.842 seconds
Domain Reload Profiling:
	ReloadAssembly (842ms)
		BeginReloadAssembly (84ms)
			ExecutionOrderSort (0ms)
			DisableScriptedObjects (0ms)
			BackupInstance (0ms)
			ReleaseScriptingObjects (0ms)
			CreateAndSetChildDomain (1ms)
		EndReloadAssembly (667ms)
			LoadAssemblies (82ms)
			RebuildTransferFunctionScriptingTraits (0ms)
			SetupTypeCache (84ms)
			ReleaseScriptCaches (0ms)
			RebuildScriptCaches (21ms)
			SetupLoadedEditorAssemblies (528ms)
				LogAssemblyErrors (0ms)
				InitializePlatformSupportModulesInManaged (308ms)
				SetLoadedEditorAssemblies (0ms)
				RefreshPlugins (111ms)
				BeforeProcessingInitializeOnLoad (1ms)
				ProcessInitializeOnLoadAttributes (75ms)
				ProcessInitializeOnLoadMethodAttributes (33ms)
				AfterProcessingInitializeOnLoad (0ms)
				EditorAssembliesLoaded (0ms)
			ExecutionOrderSort2 (0ms)
			AwakeInstancesAfterBackupRestoration (0ms)
Platform modules already initialized, skipping
Registering precompiled user dll's ...
Registered in 0.003944 seconds.
Begin MonoManager ReloadAssembly
Symbol file LoadedFromMemory is not a mono symbol file
Native extension for WindowsStandalone target not found
Native extension for iOS target not found
Native extension for Android target not found
Refreshing native plugins compatible for Editor in 107.98 ms, found 3 plugins.
Preloading 0 native plugins for Editor in 0.00 ms.
Package Manager log level set to [2]
[Package Manager] Server::EnsureServerProcessIsRunning -- launch failed, reason: Unity was launched with the -noUpm command-line argument
[Package Manager] Cannot connect to Unity Package Manager local server
Mono: successfully reloaded assembly
- Completed reload, in  1.642 seconds
Domain Reload Profiling:
	ReloadAssembly (1643ms)
		BeginReloadAssembly (111ms)
			ExecutionOrderSort (0ms)
			DisableScriptedObjects (7ms)
			BackupInstance (0ms)
			ReleaseScriptingObjects (0ms)
			CreateAndSetChildDomain (17ms)
		EndReloadAssembly (1453ms)
			LoadAssemblies (103ms)
			RebuildTransferFunctionScriptingTraits (0ms)
			SetupTypeCache (288ms)
			ReleaseScriptCaches (1ms)
			RebuildScriptCaches (84ms)
			SetupLoadedEditorAssemblies (959ms)
				LogAssemblyErrors (0ms)
				InitializePlatformSupportModulesInManaged (21ms)
				SetLoadedEditorAssemblies (0ms)
				RefreshPlugins (108ms)
				BeforeProcessingInitializeOnLoad (95ms)
				ProcessInitializeOnLoadAttributes (592ms)
				ProcessInitializeOnLoadMethodAttributes (138ms)
				AfterProcessingInitializeOnLoad (4ms)
				EditorAssembliesLoaded (0ms)
			ExecutionOrderSort2 (0ms)
			AwakeInstancesAfterBackupRestoration (4ms)
Platform modules already initialized, skipping
========================================================================
Worker process is ready to serve import requests
Shader 'MoreMountains/MMRipple': fallback shader 'Particle/AlphaBlended' not found
Shader 'CartoonCoffee/Particle Basic': fallback shader '2' not found
Shader 'CartoonCoffee/Particle Additive': fallback shader '2' not found
Launched and connected shader compiler UnityShaderCompiler.exe after 0.03 seconds
Refreshing native plugins compatible for Editor in 1.69 ms, found 3 plugins.
Preloading 0 native plugins for Editor in 0.00 ms.
Unloading 6560 Unused Serialized files (Serialized files now loaded: 0)
Unloading 96 unused Assets / (2.0 MB). Loaded Objects now: 7080.
Memory consumption went from 363.3 MB to 361.3 MB.
Total: 6.144400 ms (FindLiveObjects: 0.481300 ms CreateObjectMapping: 0.289300 ms MarkObjects: 4.955800 ms  DeleteObjects: 0.417100 ms)

AssetImportParameters requested are different than current active one (requested -> active):
  custom:video-decoder-ogg-theora: a1e56fd34408186e4bbccfd4996cb3dc -> 
  custom:container-muxer-webm: aa71ff27fc2769a1b78a27578f13a17b -> 
  custom:container-demuxer-webm: 4f35f7cbe854078d1ac9338744f61a02 -> 
  custom:video-encoder-webm-vp8: eb34c28f22e8b96e1ab97ce403110664 -> 
  custom:CustomObjectIndexerAttribute: f67f22312cbe972f2da930a377ed3d15 -> 
  custom:audio-encoder-webm-vorbis: bf7c407c2cedff20999df2af8eb42d56 -> 
  custom:framework-win-MediaFoundation: 216162199b28c13a410421893ffa2e32 -> 
  custom:SearchIndexIgnoredProperties: e643bd26f0fe6173181afceb89e7c659 -> 
  custom:container-demuxer-ogg: 62fdf1f143b41e24485cea50d1cbac27 -> 
  custom:video-decoder-webm-vp8: 9c59270c3fd7afecdb556c50c9e8de78 -> 
  custom:audio-decoder-ogg-vorbis: bf7c407c2cedff20999df2af8eb42d56 -> 
========================================================================
Received Import Request.
  Time since last request: 511559.310056 seconds.
  path: Assets/Cartoon Coffee/VFX Deluxe/Textures/Radial_Glow_004.png
  artifactKey: Guid(491abe9fd7e803b4bbf9cad41bd763b3) Importer(815301076,1909f56bfc062723c751e8b465ee728b)
Number of updated assets reloaded before import = 0
Start importing Assets/Cartoon Coffee/VFX Deluxe/Textures/Radial_Glow_004.png using Guid(491abe9fd7e803b4bbf9cad41bd763b3) Importer(815301076,1909f56bfc062723c751e8b465ee728b)  -> (artifact id: '6cbd56c970120863650dd6ab56d1302c') in 0.147566 seconds 
Number of asset objects unloaded after import = 3
========================================================================
Received Import Request.
  Time since last request: 0.152793 seconds.
  path: Assets/Cartoon Coffee/VFX Deluxe/Textures/Rainbow_Ring_Semi_002.png
  artifactKey: Guid(f77081e0082974c40884c6b17c0f68eb) Importer(815301076,1909f56bfc062723c751e8b465ee728b)
Number of updated assets reloaded before import = 0
Start importing Assets/Cartoon Coffee/VFX Deluxe/Textures/Rainbow_Ring_Semi_002.png using Guid(f77081e0082974c40884c6b17c0f68eb) Importer(815301076,1909f56bfc062723c751e8b465ee728b)  -> (artifact id: 'e506077e705d4c3abc9dbf59443a4d07') in 0.035135 seconds 
Number of asset objects unloaded after import = 3
========================================================================
Received Import Request.
  Time since last request: 0.000015 seconds.
  path: Assets/Cartoon Coffee/VFX Deluxe/Textures/Raindrop_001.png
  artifactKey: Guid(0a65e57a0cc3a4a40a33c698a503bdb3) Importer(815301076,1909f56bfc062723c751e8b465ee728b)
Number of updated assets reloaded before import = 0
Start importing Assets/Cartoon Coffee/VFX Deluxe/Textures/Raindrop_001.png using Guid(0a65e57a0cc3a4a40a33c698a503bdb3) Importer(815301076,1909f56bfc062723c751e8b465ee728b)  -> (artifact id: 'dc5e49703fae35b09c7a46c1a178648b') in 0.028393 seconds 
Number of asset objects unloaded after import = 3
========================================================================
Received Import Request.
  Time since last request: 198.689708 seconds.
  path: Assets/Cartoon Coffee/VFX Deluxe/Textures/Confetti Spritesheet.png
  artifactKey: Guid(9d5514d17887f7541a2fe99c9e875c2a) Importer(815301076,1909f56bfc062723c751e8b465ee728b)
Number of updated assets reloaded before import = 0
Start importing Assets/Cartoon Coffee/VFX Deluxe/Textures/Confetti Spritesheet.png using Guid(9d5514d17887f7541a2fe99c9e875c2a) Importer(815301076,1909f56bfc062723c751e8b465ee728b)  -> (artifact id: '4556c454571d17678a426d65b610a774') in 0.057006 seconds 
Number of asset objects unloaded after import = 3
========================================================================
Received Import Request.
  Time since last request: 0.013514 seconds.
  path: Assets/Cartoon Coffee/VFX Deluxe/Textures/Coin Spin spritesheet 001.png
  artifactKey: Guid(629e4542e8b37dd41b7638add591e55e) Importer(815301076,1909f56bfc062723c751e8b465ee728b)
Number of updated assets reloaded before import = 0
Start importing Assets/Cartoon Coffee/VFX Deluxe/Textures/Coin Spin spritesheet 001.png using Guid(629e4542e8b37dd41b7638add591e55e) Importer(815301076,1909f56bfc062723c751e8b465ee728b)  -> (artifact id: '8310d34dbdff7d4f4627c94f02e3467f') in 0.042678 seconds 
Number of asset objects unloaded after import = 3
========================================================================
Received Import Request.
  Time since last request: 0.121251 seconds.
  path: Assets/Cartoon Coffee/VFX Deluxe/Masks/Circle_Small_Mask_001.png
  artifactKey: Guid(321302350bb922e4d8938f9c78bb88ae) Importer(815301076,1909f56bfc062723c751e8b465ee728b)
Number of updated assets reloaded before import = 0
Start importing Assets/Cartoon Coffee/VFX Deluxe/Masks/Circle_Small_Mask_001.png using Guid(321302350bb922e4d8938f9c78bb88ae) Importer(815301076,1909f56bfc062723c751e8b465ee728b)  -> (artifact id: '0b76fab58cf871479a4069f92f721042') in 0.032569 seconds 
Number of asset objects unloaded after import = 3
========================================================================
Received Import Request.
  Time since last request: 0.000021 seconds.
  path: Assets/Cartoon Coffee/VFX Deluxe/Masks/Circle_Small_Mask_004.png
  artifactKey: Guid(466d4d1fad0f5914ba29a76b947b5f12) Importer(815301076,1909f56bfc062723c751e8b465ee728b)
Number of updated assets reloaded before import = 0
Start importing Assets/Cartoon Coffee/VFX Deluxe/Masks/Circle_Small_Mask_004.png using Guid(466d4d1fad0f5914ba29a76b947b5f12) Importer(815301076,1909f56bfc062723c751e8b465ee728b)  -> (artifact id: '9ec101f260fd353efc52e8c97082498d') in 0.027245 seconds 
Number of asset objects unloaded after import = 3
========================================================================
Received Import Request.
  Time since last request: 0.000020 seconds.
  path: Assets/Cartoon Coffee/VFX Deluxe/Masks/Circle_Small_Mask_007.png
  artifactKey: Guid(598c01514610018499ca51d02b72e241) Importer(815301076,1909f56bfc062723c751e8b465ee728b)
Number of updated assets reloaded before import = 0
Start importing Assets/Cartoon Coffee/VFX Deluxe/Masks/Circle_Small_Mask_007.png using Guid(598c01514610018499ca51d02b72e241) Importer(815301076,1909f56bfc062723c751e8b465ee728b)  -> (artifact id: 'e422ed873c7b7a1b8a3202546dbc7e86') in 0.030204 seconds 
Number of asset objects unloaded after import = 3
========================================================================
Received Import Request.
  Time since last request: 0.000013 seconds.
  path: Assets/Cartoon Coffee/VFX Deluxe/Masks/Circle_Small_Mask_006.png
  artifactKey: Guid(ad2c7fe286da7744b89c9e31dd91bf2d) Importer(815301076,1909f56bfc062723c751e8b465ee728b)
Number of updated assets reloaded before import = 0
Start importing Assets/Cartoon Coffee/VFX Deluxe/Masks/Circle_Small_Mask_006.png using Guid(ad2c7fe286da7744b89c9e31dd91bf2d) Importer(815301076,1909f56bfc062723c751e8b465ee728b)  -> (artifact id: 'a7930c8898065d73713e2cbc033ecdbd') in 0.027731 seconds 
Number of asset objects unloaded after import = 3
========================================================================
Received Import Request.
  Time since last request: 0.000016 seconds.
  path: Assets/Cartoon Coffee/VFX Deluxe/Textures/Circle_Wind_004.png
  artifactKey: Guid(0fd665ca34f78304e8f0f0d85c6455a1) Importer(815301076,1909f56bfc062723c751e8b465ee728b)
Number of updated assets reloaded before import = 0
Start importing Assets/Cartoon Coffee/VFX Deluxe/Textures/Circle_Wind_004.png using Guid(0fd665ca34f78304e8f0f0d85c6455a1) Importer(815301076,1909f56bfc062723c751e8b465ee728b)  -> (artifact id: 'ae8532981c41566037dafcac0720591b') in 0.035126 seconds 
Number of asset objects unloaded after import = 3
========================================================================
Received Import Request.
  Time since last request: 0.000014 seconds.
  path: Assets/Cartoon Coffee/VFX Deluxe/Textures/Circle_Wind_2.png
  artifactKey: Guid(5239a9fcec3e3214cb2d71fca094b61c) Importer(815301076,1909f56bfc062723c751e8b465ee728b)
Number of updated assets reloaded before import = 0
Start importing Assets/Cartoon Coffee/VFX Deluxe/Textures/Circle_Wind_2.png using Guid(5239a9fcec3e3214cb2d71fca094b61c) Importer(815301076,1909f56bfc062723c751e8b465ee728b)  -> (artifact id: 'ba34876cb2bd5922ff23cf68371241ea') in 0.035729 seconds 
Number of asset objects unloaded after import = 3
========================================================================
Received Import Request.
  Time since last request: 0.000016 seconds.
  path: Assets/Cartoon Coffee/VFX Deluxe/Masks/Circle_Small_Mask_005.png
  artifactKey: Guid(0c457a7db8db9704184125e383531052) Importer(815301076,1909f56bfc062723c751e8b465ee728b)
Number of updated assets reloaded before import = 0
Start importing Assets/Cartoon Coffee/VFX Deluxe/Masks/Circle_Small_Mask_005.png using Guid(0c457a7db8db9704184125e383531052) Importer(815301076,1909f56bfc062723c751e8b465ee728b)  -> (artifact id: 'f98a6e1b1ff6b8ee5580356719ab994c') in 0.027631 seconds 
Number of asset objects unloaded after import = 3
========================================================================
Received Import Request.
  Time since last request: 0.105883 seconds.
  path: Assets/Cartoon Coffee/VFX Deluxe/Masks/Circle Mask 008.png
  artifactKey: Guid(c0d7738d613822f4bad3247d82547f1a) Importer(815301076,1909f56bfc062723c751e8b465ee728b)
Number of updated assets reloaded before import = 0
Start importing Assets/Cartoon Coffee/VFX Deluxe/Masks/Circle Mask 008.png using Guid(c0d7738d613822f4bad3247d82547f1a) Importer(815301076,1909f56bfc062723c751e8b465ee728b)  -> (artifact id: '39c9f53ea46bdaf4b86734d1bc0b9107') in 0.030402 seconds 
Number of asset objects unloaded after import = 3
========================================================================
Received Import Request.
  Time since last request: 0.000020 seconds.
  path: Assets/Cartoon Coffee/VFX Deluxe/Textures/Circle Mid.png
  artifactKey: Guid(be9390110a8a52d4abeb9a2034b3035a) Importer(815301076,1909f56bfc062723c751e8b465ee728b)
Number of updated assets reloaded before import = 0
Start importing Assets/Cartoon Coffee/VFX Deluxe/Textures/Circle Mid.png using Guid(be9390110a8a52d4abeb9a2034b3035a) Importer(815301076,1909f56bfc062723c751e8b465ee728b)  -> (artifact id: '5d2337c8a14d04a21513c2cd3005f093') in 0.027386 seconds 
Number of asset objects unloaded after import = 3
========================================================================
Received Import Request.
  Time since last request: 0.000014 seconds.
  path: Assets/Cartoon Coffee/VFX Deluxe/Masks/Circle Mask 010.png
  artifactKey: Guid(916d602214c550849a2aaf4eafc471c7) Importer(815301076,1909f56bfc062723c751e8b465ee728b)
Number of updated assets reloaded before import = 0
Start importing Assets/Cartoon Coffee/VFX Deluxe/Masks/Circle Mask 010.png using Guid(916d602214c550849a2aaf4eafc471c7) Importer(815301076,1909f56bfc062723c751e8b465ee728b)  -> (artifact id: '7daf8297739ad3156a8e851a0d369830') in 0.036125 seconds 
Number of asset objects unloaded after import = 3
========================================================================
Received Import Request.
  Time since last request: 0.000017 seconds.
  path: Assets/Cartoon Coffee/VFX Deluxe/Textures/Circle Small Blur.png
  artifactKey: Guid(aa3906654abb49a45863143d6aaf6806) Importer(815301076,1909f56bfc062723c751e8b465ee728b)
Number of updated assets reloaded before import = 0
Start importing Assets/Cartoon Coffee/VFX Deluxe/Textures/Circle Small Blur.png using Guid(aa3906654abb49a45863143d6aaf6806) Importer(815301076,1909f56bfc062723c751e8b465ee728b)  -> (artifact id: 'a853ce55c6d2034ea277714e9f4e0335') in 0.033359 seconds 
Number of asset objects unloaded after import = 3
========================================================================
Received Import Request.
  Time since last request: 0.000020 seconds.
  path: Assets/Cartoon Coffee/VFX Deluxe/Masks/Circle Outline Mask 01.png
  artifactKey: Guid(29a7a13bf3b05884c9ce55e3b74bae58) Importer(815301076,1909f56bfc062723c751e8b465ee728b)
Number of updated assets reloaded before import = 0
Start importing Assets/Cartoon Coffee/VFX Deluxe/Masks/Circle Outline Mask 01.png using Guid(29a7a13bf3b05884c9ce55e3b74bae58) Importer(815301076,1909f56bfc062723c751e8b465ee728b)  -> (artifact id: 'feb72fc998c01556b3f1c8a12d85e771') in 0.027812 seconds 
Number of asset objects unloaded after import = 3
========================================================================
Received Import Request.
  Time since last request: 0.000018 seconds.
  path: Assets/Cartoon Coffee/VFX Deluxe/Textures/Circle Wind.png
  artifactKey: Guid(95883f7179c41a547a53f9e77897947e) Importer(815301076,1909f56bfc062723c751e8b465ee728b)
Number of updated assets reloaded before import = 0
Start importing Assets/Cartoon Coffee/VFX Deluxe/Textures/Circle Wind.png using Guid(95883f7179c41a547a53f9e77897947e) Importer(815301076,1909f56bfc062723c751e8b465ee728b)  -> (artifact id: '5265ac089d333c8718aaab0b39121f4e') in 0.032127 seconds 
Number of asset objects unloaded after import = 3
========================================================================
Received Import Request.
  Time since last request: 0.000022 seconds.
  path: Assets/Cartoon Coffee/VFX Deluxe/Masks/Circle Mask 011.png
  artifactKey: Guid(03fcb4eb6f813624aa717cd5bea27cef) Importer(815301076,1909f56bfc062723c751e8b465ee728b)
Number of updated assets reloaded before import = 0
Start importing Assets/Cartoon Coffee/VFX Deluxe/Masks/Circle Mask 011.png using Guid(03fcb4eb6f813624aa717cd5bea27cef) Importer(815301076,1909f56bfc062723c751e8b465ee728b)  -> (artifact id: 'a35863136cd64fc2c08e378b3ee5a337') in 0.049703 seconds 
Number of asset objects unloaded after import = 3
========================================================================
Received Import Request.
  Time since last request: 0.000013 seconds.
  path: Assets/Cartoon Coffee/VFX Deluxe/Masks/Circle Mask 005.png
  artifactKey: Guid(2bfb11b1f609fbe4196557220fdac0ed) Importer(815301076,1909f56bfc062723c751e8b465ee728b)
Number of updated assets reloaded before import = 0
Start importing Assets/Cartoon Coffee/VFX Deluxe/Masks/Circle Mask 005.png using Guid(2bfb11b1f609fbe4196557220fdac0ed) Importer(815301076,1909f56bfc062723c751e8b465ee728b)  -> (artifact id: '4abd718fa5da52609eef9118b4471e9c') in 0.028449 seconds 
Number of asset objects unloaded after import = 3
========================================================================
Received Import Request.
  Time since last request: 0.000013 seconds.
  path: Assets/Cartoon Coffee/VFX Deluxe/Textures/Circle Small.png
  artifactKey: Guid(0a910518b2d6c51448643bf1d351785d) Importer(815301076,1909f56bfc062723c751e8b465ee728b)
Number of updated assets reloaded before import = 0
Start importing Assets/Cartoon Coffee/VFX Deluxe/Textures/Circle Small.png using Guid(0a910518b2d6c51448643bf1d351785d) Importer(815301076,1909f56bfc062723c751e8b465ee728b)  -> (artifact id: '483ac1b7a6a09ebd8187951e2b455b43') in 0.027412 seconds 
Number of asset objects unloaded after import = 3
========================================================================
Received Import Request.
  Time since last request: 0.000016 seconds.
  path: Assets/Cartoon Coffee/VFX Deluxe/Masks/Circle Mask 006.png
  artifactKey: Guid(d59f4bc95f0a62940b6033dcd259078c) Importer(815301076,1909f56bfc062723c751e8b465ee728b)
Number of updated assets reloaded before import = 0
Start importing Assets/Cartoon Coffee/VFX Deluxe/Masks/Circle Mask 006.png using Guid(d59f4bc95f0a62940b6033dcd259078c) Importer(815301076,1909f56bfc062723c751e8b465ee728b)  -> (artifact id: 'b25df20edf4dae6fe4b70da4dd42590e') in 0.034157 seconds 
Number of asset objects unloaded after import = 3
========================================================================
Received Import Request.
  Time since last request: 0.000021 seconds.
  path: Assets/Cartoon Coffee/VFX Deluxe/Textures/Circle_Outline_002.png
  artifactKey: Guid(2412ea58f761a774daf7c5f1ad3a1f63) Importer(815301076,1909f56bfc062723c751e8b465ee728b)
Number of updated assets reloaded before import = 0
Start importing Assets/Cartoon Coffee/VFX Deluxe/Textures/Circle_Outline_002.png using Guid(2412ea58f761a774daf7c5f1ad3a1f63) Importer(815301076,1909f56bfc062723c751e8b465ee728b)  -> (artifact id: '9e46e8c154d13ea311980ee6e14096df') in 0.029847 seconds 
Number of asset objects unloaded after import = 3
========================================================================
Received Import Request.
  Time since last request: 1.036234 seconds.
  path: Assets/Cartoon Coffee/VFX Deluxe/Textures/Arrow_002.png
  artifactKey: Guid(4ac2e264ccde490448a91885622565f7) Importer(815301076,1909f56bfc062723c751e8b465ee728b)
Number of updated assets reloaded before import = 0
Start importing Assets/Cartoon Coffee/VFX Deluxe/Textures/Arrow_002.png using Guid(4ac2e264ccde490448a91885622565f7) Importer(815301076,1909f56bfc062723c751e8b465ee728b)  -> (artifact id: 'c7411b3e40f36366d4a6bdf8986f9ee1') in 0.042086 seconds 
Number of asset objects unloaded after import = 3
========================================================================
Received Import Request.
  Time since last request: 0.000018 seconds.
  path: Assets/Cartoon Coffee/VFX Deluxe/Textures/Arrow_003.png
  artifactKey: Guid(30d5541e5cb6b614b919ae0d41f80622) Importer(815301076,1909f56bfc062723c751e8b465ee728b)
Number of updated assets reloaded before import = 0
Start importing Assets/Cartoon Coffee/VFX Deluxe/Textures/Arrow_003.png using Guid(30d5541e5cb6b614b919ae0d41f80622) Importer(815301076,1909f56bfc062723c751e8b465ee728b)  -> (artifact id: '329961a2e0c585b544734d6ab6e0534c') in 0.031538 seconds 
Number of asset objects unloaded after import = 3
========================================================================
Received Import Request.
  Time since last request: 0.000016 seconds.
  path: Assets/Cartoon Coffee/VFX Deluxe/Textures/Arrow_006.png
  artifactKey: Guid(cca2ecbdc648f9e45ae07ada33297427) Importer(815301076,1909f56bfc062723c751e8b465ee728b)
Number of updated assets reloaded before import = 0
Start importing Assets/Cartoon Coffee/VFX Deluxe/Textures/Arrow_006.png using Guid(cca2ecbdc648f9e45ae07ada33297427) Importer(815301076,1909f56bfc062723c751e8b465ee728b)  -> (artifact id: 'dbbb5141838282332377293ab0677653') in 0.026921 seconds 
Number of asset objects unloaded after import = 3
Editor requested this worker to shutdown with reason: Scaling down because of idle timeout
AssetImportWorker is now disconnected from the server
Process exiting
Exiting without the bug reporter. Application will terminate with return code 0