Using pre-set license
Built from '2021.1/staging' branch; Version is '2021.1.7f1 (d91830b65d9b) revision 14227504'; Using compiler version '192528614'; Build Type 'Release'
OS: 'Windows 10 Home; OS build 22621.1702; Version 2009; 64bit' Language: 'de' Physical Memory: 32671 MB
BatchMode: 1, IsHumanControllingUs: 0, StartBugReporterOnCrash: 0, Is64bit: 1, IsPro: 0

 COMMAND LINE ARGUMENTS:
C:\Program Files\Unity\Hub\Editor\2021.1.7f1\Editor\Unity.exe
-adb2
-batchMode
-noUpm
-name
AssetImportWorker1
-projectPath
D:/Projects/fe-kingdom-mobile/trunk/FireEmblemMobile/FireEmblemMobileUnityProject
-logFile
Logs/AssetImportWorker1.log
-srvPort
52990
Successfully changed project path to: D:/Projects/fe-kingdom-mobile/trunk/FireEmblemMobile/FireEmblemMobileUnityProject
D:/Projects/fe-kingdom-mobile/trunk/FireEmblemMobile/FireEmblemMobileUnityProject
Using Asset Import Pipeline V2.
Refreshing native plugins compatible for Editor in 227.14 ms, found 1 plugins.
Preloading 0 native plugins for Editor in 0.00 ms.
Initialize engine version: 2021.1.7f1 (d91830b65d9b)
[Subsystems] Discovering subsystems at path C:/Program Files/Unity/Hub/Editor/2021.1.7f1/Editor/Data/Resources/UnitySubsystems
[Subsystems] Discovering subsystems at path D:/Projects/fe-kingdom-mobile/trunk/FireEmblemMobile/FireEmblemMobileUnityProject/Assets
GfxDevice: creating device client; threaded=0; jobified=0
Direct3D:
    Version:  Direct3D 11.0 [level 11.1]
    Renderer: NVIDIA GeForce RTX 3070 (ID=0x2488)
    Vendor:   NVIDIA
    VRAM:     8043 MB
    Driver:   31.0.15.1694
Shader 'MoreMountains/MMRipple': fallback shader 'Particle/AlphaBlended' not found
Shader 'Universal Render Pipeline/Particles/Lit': fallback shader 'Universal Render Pipeline/Particles/SimpleLit' not found
Initialize mono
Mono path[0] = 'C:/Program Files/Unity/Hub/Editor/2021.1.7f1/Editor/Data/Managed'
Mono path[1] = 'C:/Program Files/Unity/Hub/Editor/2021.1.7f1/Editor/Data/MonoBleedingEdge/lib/mono/unityjit'
Mono config path = 'C:/Program Files/Unity/Hub/Editor/2021.1.7f1/Editor/Data/MonoBleedingEdge/etc'
Using monoOptions --debugger-agent=transport=dt_socket,embedding=1,server=y,suspend=n,address=127.0.0.1:56564
Begin MonoManager ReloadAssembly
Registering precompiled unity dll's ...
Register platform support module: C:/Program Files/Unity/Hub/Editor/2021.1.7f1/Editor/Data/PlaybackEngines/WindowsStandaloneSupport/UnityEditor.WindowsStandalone.Extensions.dll
Registered in 0.174922 seconds.
Native extension for WindowsStandalone target not found
Refreshing native plugins compatible for Editor in 91.12 ms, found 1 plugins.
Preloading 0 native plugins for Editor in 0.00 ms.
Mono: successfully reloaded assembly
- Completed reload, in  5.408 seconds
Platform modules already initialized, skipping
Registering precompiled user dll's ...
Registered in 0.433633 seconds.
Begin MonoManager ReloadAssembly
Native extension for WindowsStandalone target not found
Refreshing native plugins compatible for Editor in 94.46 ms, found 1 plugins.
Preloading 0 native plugins for Editor in 0.00 ms.
Mono: successfully reloaded assembly
- Completed reload, in  6.393 seconds
Platform modules already initialized, skipping
========================================================================
Worker process is ready to serve import requests
Shader 'Universal Render Pipeline/Particles/Lit': fallback shader 'Universal Render Pipeline/Particles/SimpleLit' not found
Shader 'MoreMountains/MMRipple': fallback shader 'Particle/AlphaBlended' not found
Launched and connected shader compiler UnityShaderCompiler.exe after 0.06 seconds
Refreshing native plugins compatible for Editor in 1.95 ms, found 1 plugins.
Preloading 0 native plugins for Editor in 0.00 ms.
Unloading 5296 Unused Serialized files (Serialized files now loaded: 0)
System memory in use before: 303.4 MB.
System memory in use after: 303.8 MB.

Unloading 69 unused Assets to reduce memory usage. Loaded Objects now: 5737.
Total: 5.505400 ms (FindLiveObjects: 0.352800 ms CreateObjectMapping: 0.199400 ms MarkObjects: 4.925200 ms  DeleteObjects: 0.027200 ms)

========================================================================
Received Import Request.
  path: Assets/07_GameData/Dialog/DialogEvents/MiniGameEvent.asset
  artifactKey: Guid(0bc70c19398a0654991d0dcb17cd110d) Importer(815301076,1909f56bfc062723c751e8b465ee728b)
Start importing Assets/07_GameData/Dialog/DialogEvents/MiniGameEvent.asset using Guid(0bc70c19398a0654991d0dcb17cd110d) Importer(815301076,1909f56bfc062723c751e8b465ee728b)  -> (artifact id: '117745c37c4cdd947fd7b496fbd208dc') in 0.121985 seconds 
========================================================================
Received Prepare
Registering precompiled user dll's ...
Registered in 0.002942 seconds.
Begin MonoManager ReloadAssembly
Native extension for WindowsStandalone target not found
Refreshing native plugins compatible for Editor in 1.30 ms, found 1 plugins.
Preloading 0 native plugins for Editor in 0.00 ms.
Mono: successfully reloaded assembly
- Completed reload, in  0.843 seconds
Platform modules already initialized, skipping
Switching build target platform(19) subTarget(0) extendedPlatform(0) -> platform(13) subTarget(537395200) extendedPlatform(0)
Shader 'Universal Render Pipeline/Particles/Lit': fallback shader 'Universal Render Pipeline/Particles/SimpleLit' not found
Shader 'MoreMountains/MMRipple': fallback shader 'Particle/AlphaBlended' not found
Refreshing native plugins compatible for Editor in 1.31 ms, found 1 plugins.
Preloading 0 native plugins for Editor in 0.00 ms.
Unloading 5112 Unused Serialized files (Serialized files now loaded: 0)
System memory in use before: 287.0 MB.
System memory in use after: 287.4 MB.

Unloading 61 unused Assets to reduce memory usage. Loaded Objects now: 5739.
Total: 5.051300 ms (FindLiveObjects: 0.358300 ms CreateObjectMapping: 0.135600 ms MarkObjects: 4.535100 ms  DeleteObjects: 0.021400 ms)

AssetImportParameters requested are different than current active one (requested -> active):
  custom:graphics/normal-map-encoding: 01000000000000000000000000000000 -> 02000000000000000000000000000000
========================================================================
Received Prepare
Registering precompiled user dll's ...
Registered in 0.002945 seconds.
Begin MonoManager ReloadAssembly
Native extension for WindowsStandalone target not found
Refreshing native plugins compatible for Editor in 1.43 ms, found 1 plugins.
Preloading 0 native plugins for Editor in 0.00 ms.
Mono: successfully reloaded assembly
- Completed reload, in  0.894 seconds
Platform modules already initialized, skipping
Switching build target platform(19) subTarget(0) extendedPlatform(0) -> platform(13) subTarget(537395200) extendedPlatform(0)
Shader 'Universal Render Pipeline/Particles/Lit': fallback shader 'Universal Render Pipeline/Particles/SimpleLit' not found
Shader 'MoreMountains/MMRipple': fallback shader 'Particle/AlphaBlended' not found
Refreshing native plugins compatible for Editor in 1.38 ms, found 1 plugins.
Preloading 0 native plugins for Editor in 0.00 ms.
Unloading 5112 Unused Serialized files (Serialized files now loaded: 0)
System memory in use before: 287.0 MB.
System memory in use after: 287.5 MB.

Unloading 61 unused Assets to reduce memory usage. Loaded Objects now: 5741.
Total: 5.808400 ms (FindLiveObjects: 0.338600 ms CreateObjectMapping: 0.218700 ms MarkObjects: 5.220500 ms  DeleteObjects: 0.029700 ms)

AssetImportParameters requested are different than current active one (requested -> active):
  custom:graphics/normal-map-encoding: 01000000000000000000000000000000 -> 02000000000000000000000000000000
========================================================================
Received Prepare
Registering precompiled user dll's ...
Registered in 0.002963 seconds.
Begin MonoManager ReloadAssembly
Native extension for WindowsStandalone target not found
Refreshing native plugins compatible for Editor in 1.33 ms, found 1 plugins.
Preloading 0 native plugins for Editor in 0.00 ms.
Mono: successfully reloaded assembly
- Completed reload, in  0.916 seconds
Platform modules already initialized, skipping
Switching build target platform(19) subTarget(0) extendedPlatform(0) -> platform(13) subTarget(537395200) extendedPlatform(0)
Shader 'Universal Render Pipeline/Particles/Lit': fallback shader 'Universal Render Pipeline/Particles/SimpleLit' not found
Shader 'MoreMountains/MMRipple': fallback shader 'Particle/AlphaBlended' not found
Refreshing native plugins compatible for Editor in 1.34 ms, found 1 plugins.
Preloading 0 native plugins for Editor in 0.00 ms.
Unloading 5112 Unused Serialized files (Serialized files now loaded: 0)
System memory in use before: 287.1 MB.
System memory in use after: 287.5 MB.

Unloading 61 unused Assets to reduce memory usage. Loaded Objects now: 5743.
Total: 5.635900 ms (FindLiveObjects: 0.389400 ms CreateObjectMapping: 0.139600 ms MarkObjects: 5.081200 ms  DeleteObjects: 0.024900 ms)

AssetImportParameters requested are different than current active one (requested -> active):
  custom:graphics/normal-map-encoding: 01000000000000000000000000000000 -> 02000000000000000000000000000000
========================================================================
Received Prepare
Registering precompiled user dll's ...
Registered in 0.002865 seconds.
Begin MonoManager ReloadAssembly
Native extension for WindowsStandalone target not found
Refreshing native plugins compatible for Editor in 1.32 ms, found 1 plugins.
Preloading 0 native plugins for Editor in 0.00 ms.
Mono: successfully reloaded assembly
- Completed reload, in  0.913 seconds
Platform modules already initialized, skipping
Switching build target platform(19) subTarget(0) extendedPlatform(0) -> platform(13) subTarget(537395200) extendedPlatform(0)
Shader 'Universal Render Pipeline/Particles/Lit': fallback shader 'Universal Render Pipeline/Particles/SimpleLit' not found
Shader 'MoreMountains/MMRipple': fallback shader 'Particle/AlphaBlended' not found
Refreshing native plugins compatible for Editor in 1.32 ms, found 1 plugins.
Preloading 0 native plugins for Editor in 0.00 ms.
Unloading 5112 Unused Serialized files (Serialized files now loaded: 0)
System memory in use before: 287.3 MB.
System memory in use after: 287.7 MB.

Unloading 61 unused Assets to reduce memory usage. Loaded Objects now: 5745.
Total: 5.559500 ms (FindLiveObjects: 0.363400 ms CreateObjectMapping: 0.142400 ms MarkObjects: 5.029000 ms  DeleteObjects: 0.023600 ms)

AssetImportParameters requested are different than current active one (requested -> active):
  custom:graphics/normal-map-encoding: 01000000000000000000000000000000 -> 02000000000000000000000000000000
========================================================================
Received Prepare
Registering precompiled user dll's ...
Registered in 0.004885 seconds.
Begin MonoManager ReloadAssembly
Native extension for WindowsStandalone target not found
Refreshing native plugins compatible for Editor in 1.34 ms, found 1 plugins.
Preloading 0 native plugins for Editor in 0.00 ms.
Mono: successfully reloaded assembly
- Completed reload, in  0.929 seconds
Platform modules already initialized, skipping
Switching build target platform(19) subTarget(0) extendedPlatform(0) -> platform(13) subTarget(537395200) extendedPlatform(0)
Shader 'Universal Render Pipeline/Particles/Lit': fallback shader 'Universal Render Pipeline/Particles/SimpleLit' not found
Shader 'MoreMountains/MMRipple': fallback shader 'Particle/AlphaBlended' not found
Refreshing native plugins compatible for Editor in 1.29 ms, found 1 plugins.
Preloading 0 native plugins for Editor in 0.00 ms.
Unloading 5112 Unused Serialized files (Serialized files now loaded: 0)
System memory in use before: 287.3 MB.
System memory in use after: 287.8 MB.

Unloading 61 unused Assets to reduce memory usage. Loaded Objects now: 5747.
Total: 6.818800 ms (FindLiveObjects: 0.440300 ms CreateObjectMapping: 0.295600 ms MarkObjects: 6.050400 ms  DeleteObjects: 0.031200 ms)

AssetImportParameters requested are different than current active one (requested -> active):
  custom:graphics/normal-map-encoding: 01000000000000000000000000000000 -> 02000000000000000000000000000000
========================================================================
Received Prepare
Registering precompiled user dll's ...
Registered in 0.003051 seconds.
Begin MonoManager ReloadAssembly
Native extension for WindowsStandalone target not found
Refreshing native plugins compatible for Editor in 1.46 ms, found 1 plugins.
Preloading 0 native plugins for Editor in 0.00 ms.
Mono: successfully reloaded assembly
- Completed reload, in  0.898 seconds
Platform modules already initialized, skipping
Switching build target platform(19) subTarget(0) extendedPlatform(0) -> platform(13) subTarget(537395200) extendedPlatform(0)
Shader 'Universal Render Pipeline/Particles/Lit': fallback shader 'Universal Render Pipeline/Particles/SimpleLit' not found
Shader 'MoreMountains/MMRipple': fallback shader 'Particle/AlphaBlended' not found
Refreshing native plugins compatible for Editor in 1.29 ms, found 1 plugins.
Preloading 0 native plugins for Editor in 0.00 ms.
Unloading 5112 Unused Serialized files (Serialized files now loaded: 0)
System memory in use before: 287.3 MB.
System memory in use after: 287.8 MB.

Unloading 61 unused Assets to reduce memory usage. Loaded Objects now: 5749.
Total: 6.424600 ms (FindLiveObjects: 0.387600 ms CreateObjectMapping: 0.215700 ms MarkObjects: 5.790900 ms  DeleteObjects: 0.029000 ms)

AssetImportParameters requested are different than current active one (requested -> active):
  custom:graphics/normal-map-encoding: 01000000000000000000000000000000 -> 02000000000000000000000000000000
========================================================================
Received Prepare
Registering precompiled user dll's ...
Registered in 0.003076 seconds.
Begin MonoManager ReloadAssembly
Native extension for WindowsStandalone target not found
Refreshing native plugins compatible for Editor in 1.42 ms, found 1 plugins.
Preloading 0 native plugins for Editor in 0.00 ms.
Mono: successfully reloaded assembly
- Completed reload, in  0.936 seconds
Platform modules already initialized, skipping
Switching build target platform(19) subTarget(0) extendedPlatform(0) -> platform(13) subTarget(537395200) extendedPlatform(0)
Shader 'Universal Render Pipeline/Particles/Lit': fallback shader 'Universal Render Pipeline/Particles/SimpleLit' not found
Shader 'MoreMountains/MMRipple': fallback shader 'Particle/AlphaBlended' not found
Refreshing native plugins compatible for Editor in 1.43 ms, found 1 plugins.
Preloading 0 native plugins for Editor in 0.00 ms.
Unloading 5112 Unused Serialized files (Serialized files now loaded: 0)
System memory in use before: 287.4 MB.
System memory in use after: 287.8 MB.

Unloading 61 unused Assets to reduce memory usage. Loaded Objects now: 5751.
Total: 6.637400 ms (FindLiveObjects: 0.376200 ms CreateObjectMapping: 0.220700 ms MarkObjects: 6.011600 ms  DeleteObjects: 0.027700 ms)

AssetImportParameters requested are different than current active one (requested -> active):
  custom:graphics/normal-map-encoding: 01000000000000000000000000000000 -> 02000000000000000000000000000000
========================================================================
Received Prepare
Registering precompiled user dll's ...
Registered in 0.003069 seconds.
Begin MonoManager ReloadAssembly
Native extension for WindowsStandalone target not found
Refreshing native plugins compatible for Editor in 1.30 ms, found 1 plugins.
Preloading 0 native plugins for Editor in 0.00 ms.
Mono: successfully reloaded assembly
- Completed reload, in  0.865 seconds
Platform modules already initialized, skipping
Switching build target platform(19) subTarget(0) extendedPlatform(0) -> platform(13) subTarget(537395200) extendedPlatform(0)
Shader 'Universal Render Pipeline/Particles/Lit': fallback shader 'Universal Render Pipeline/Particles/SimpleLit' not found
Shader 'MoreMountains/MMRipple': fallback shader 'Particle/AlphaBlended' not found
Refreshing native plugins compatible for Editor in 1.29 ms, found 1 plugins.
Preloading 0 native plugins for Editor in 0.00 ms.
Unloading 5112 Unused Serialized files (Serialized files now loaded: 0)
System memory in use before: 287.4 MB.
System memory in use after: 287.8 MB.

Unloading 61 unused Assets to reduce memory usage. Loaded Objects now: 5753.
Total: 5.425100 ms (FindLiveObjects: 0.326300 ms CreateObjectMapping: 0.134500 ms MarkObjects: 4.940300 ms  DeleteObjects: 0.023400 ms)

AssetImportParameters requested are different than current active one (requested -> active):
  custom:graphics/normal-map-encoding: 01000000000000000000000000000000 -> 02000000000000000000000000000000
========================================================================
Received Prepare
Registering precompiled user dll's ...
Registered in 0.003136 seconds.
Begin MonoManager ReloadAssembly
Native extension for WindowsStandalone target not found
Refreshing native plugins compatible for Editor in 1.34 ms, found 1 plugins.
Preloading 0 native plugins for Editor in 0.00 ms.
Mono: successfully reloaded assembly
- Completed reload, in  0.892 seconds
Platform modules already initialized, skipping
Switching build target platform(19) subTarget(0) extendedPlatform(0) -> platform(13) subTarget(537395200) extendedPlatform(0)
Shader 'Universal Render Pipeline/Particles/Lit': fallback shader 'Universal Render Pipeline/Particles/SimpleLit' not found
Shader 'MoreMountains/MMRipple': fallback shader 'Particle/AlphaBlended' not found
Refreshing native plugins compatible for Editor in 1.51 ms, found 1 plugins.
Preloading 0 native plugins for Editor in 0.00 ms.
Unloading 5112 Unused Serialized files (Serialized files now loaded: 0)
System memory in use before: 287.4 MB.
System memory in use after: 287.8 MB.

Unloading 61 unused Assets to reduce memory usage. Loaded Objects now: 5755.
Total: 5.809200 ms (FindLiveObjects: 0.350100 ms CreateObjectMapping: 0.135200 ms MarkObjects: 5.293900 ms  DeleteObjects: 0.029100 ms)

AssetImportParameters requested are different than current active one (requested -> active):
  custom:graphics/normal-map-encoding: 01000000000000000000000000000000 -> 02000000000000000000000000000000
========================================================================
Received Prepare
Registering precompiled user dll's ...
Registered in 0.003093 seconds.
Begin MonoManager ReloadAssembly
Native extension for WindowsStandalone target not found
Refreshing native plugins compatible for Editor in 1.30 ms, found 1 plugins.
Preloading 0 native plugins for Editor in 0.00 ms.
Mono: successfully reloaded assembly
- Completed reload, in  0.880 seconds
Platform modules already initialized, skipping
Switching build target platform(19) subTarget(0) extendedPlatform(0) -> platform(13) subTarget(537395200) extendedPlatform(0)
Shader 'Universal Render Pipeline/Particles/Lit': fallback shader 'Universal Render Pipeline/Particles/SimpleLit' not found
Shader 'MoreMountains/MMRipple': fallback shader 'Particle/AlphaBlended' not found
Refreshing native plugins compatible for Editor in 1.33 ms, found 1 plugins.
Preloading 0 native plugins for Editor in 0.00 ms.
Unloading 5112 Unused Serialized files (Serialized files now loaded: 0)
System memory in use before: 287.4 MB.
System memory in use after: 287.8 MB.

Unloading 61 unused Assets to reduce memory usage. Loaded Objects now: 5757.
Total: 5.213100 ms (FindLiveObjects: 0.365800 ms CreateObjectMapping: 0.208400 ms MarkObjects: 4.612500 ms  DeleteObjects: 0.025500 ms)

AssetImportParameters requested are different than current active one (requested -> active):
  custom:graphics/normal-map-encoding: 01000000000000000000000000000000 -> 02000000000000000000000000000000
========================================================================
Received Prepare
Registering precompiled user dll's ...
Registered in 0.002987 seconds.
Begin MonoManager ReloadAssembly
Native extension for WindowsStandalone target not found
Refreshing native plugins compatible for Editor in 1.38 ms, found 1 plugins.
Preloading 0 native plugins for Editor in 0.00 ms.
Mono: successfully reloaded assembly
- Completed reload, in  0.904 seconds
Platform modules already initialized, skipping
Switching build target platform(19) subTarget(0) extendedPlatform(0) -> platform(13) subTarget(537395200) extendedPlatform(0)
Shader 'Universal Render Pipeline/Particles/Lit': fallback shader 'Universal Render Pipeline/Particles/SimpleLit' not found
Shader 'MoreMountains/MMRipple': fallback shader 'Particle/AlphaBlended' not found
Refreshing native plugins compatible for Editor in 1.40 ms, found 1 plugins.
Preloading 0 native plugins for Editor in 0.00 ms.
Unloading 5112 Unused Serialized files (Serialized files now loaded: 0)
System memory in use before: 287.4 MB.
System memory in use after: 287.8 MB.

Unloading 61 unused Assets to reduce memory usage. Loaded Objects now: 5759.
Total: 5.692000 ms (FindLiveObjects: 0.369800 ms CreateObjectMapping: 0.135400 ms MarkObjects: 5.161900 ms  DeleteObjects: 0.024100 ms)

AssetImportParameters requested are different than current active one (requested -> active):
  custom:graphics/normal-map-encoding: 01000000000000000000000000000000 -> 02000000000000000000000000000000
========================================================================
Received Prepare
Registering precompiled user dll's ...
Registered in 0.002913 seconds.
Begin MonoManager ReloadAssembly
Native extension for WindowsStandalone target not found
Refreshing native plugins compatible for Editor in 1.32 ms, found 1 plugins.
Preloading 0 native plugins for Editor in 0.00 ms.
Mono: successfully reloaded assembly
- Completed reload, in  0.914 seconds
Platform modules already initialized, skipping
Switching build target platform(19) subTarget(0) extendedPlatform(0) -> platform(13) subTarget(537395200) extendedPlatform(0)
Shader 'Universal Render Pipeline/Particles/Lit': fallback shader 'Universal Render Pipeline/Particles/SimpleLit' not found
Shader 'MoreMountains/MMRipple': fallback shader 'Particle/AlphaBlended' not found
Refreshing native plugins compatible for Editor in 1.54 ms, found 1 plugins.
Preloading 0 native plugins for Editor in 0.00 ms.
Unloading 5112 Unused Serialized files (Serialized files now loaded: 0)
System memory in use before: 287.4 MB.
System memory in use after: 287.8 MB.

Unloading 61 unused Assets to reduce memory usage. Loaded Objects now: 5761.
Total: 5.601400 ms (FindLiveObjects: 0.384800 ms CreateObjectMapping: 0.141700 ms MarkObjects: 5.050400 ms  DeleteObjects: 0.023700 ms)

AssetImportParameters requested are different than current active one (requested -> active):
  custom:graphics/normal-map-encoding: 01000000000000000000000000000000 -> 02000000000000000000000000000000
========================================================================
Received Prepare
Registering precompiled user dll's ...
Registered in 0.002813 seconds.
Begin MonoManager ReloadAssembly
Native extension for WindowsStandalone target not found
Refreshing native plugins compatible for Editor in 1.34 ms, found 1 plugins.
Preloading 0 native plugins for Editor in 0.00 ms.
Mono: successfully reloaded assembly
- Completed reload, in  0.911 seconds
Platform modules already initialized, skipping
Switching build target platform(19) subTarget(0) extendedPlatform(0) -> platform(13) subTarget(537395200) extendedPlatform(0)
Shader 'Universal Render Pipeline/Particles/Lit': fallback shader 'Universal Render Pipeline/Particles/SimpleLit' not found
Shader 'MoreMountains/MMRipple': fallback shader 'Particle/AlphaBlended' not found
Refreshing native plugins compatible for Editor in 1.31 ms, found 1 plugins.
Preloading 0 native plugins for Editor in 0.00 ms.
Unloading 5112 Unused Serialized files (Serialized files now loaded: 0)
System memory in use before: 287.4 MB.
System memory in use after: 287.9 MB.

Unloading 61 unused Assets to reduce memory usage. Loaded Objects now: 5763.
Total: 7.063500 ms (FindLiveObjects: 0.379900 ms CreateObjectMapping: 0.135400 ms MarkObjects: 6.520900 ms  DeleteObjects: 0.026400 ms)

AssetImportParameters requested are different than current active one (requested -> active):
  custom:graphics/normal-map-encoding: 01000000000000000000000000000000 -> 02000000000000000000000000000000
========================================================================
Received Import Request.
  Time since last request: 1944.559790 seconds.
  path: Assets/07_GameData/DialogueSystem/Dialogues/Events/Groups/LumberjackParty/LumberjackParty.asset
  artifactKey: Guid(67fc10b8dd609df4d8ee1a1715c1c9be) Importer(815301076,1909f56bfc062723c751e8b465ee728b)
Start importing Assets/07_GameData/DialogueSystem/Dialogues/Events/Groups/LumberjackParty/LumberjackParty.asset using Guid(67fc10b8dd609df4d8ee1a1715c1c9be) Importer(815301076,1909f56bfc062723c751e8b465ee728b)  -> (artifact id: 'defbdf21623a9b1cdcf34bc316efc3b3') in 0.047697 seconds 
========================================================================
Received Import Request.
  Time since last request: 1.987583 seconds.
  path: Assets/07_GameData/DialogueSystem/Dialogues/Events/Groups/ChasedBySkeletons/ChasedBySkeletons.asset
  artifactKey: Guid(b25df1fe5ffd6b04fafc3e4900ccd6e7) Importer(815301076,1909f56bfc062723c751e8b465ee728b)
Start importing Assets/07_GameData/DialogueSystem/Dialogues/Events/Groups/ChasedBySkeletons/ChasedBySkeletons.asset using Guid(b25df1fe5ffd6b04fafc3e4900ccd6e7) Importer(815301076,1909f56bfc062723c751e8b465ee728b)  -> (artifact id: '6a6d5750c1abc88d04b031c2694ba93f') in 0.006365 seconds 
========================================================================
Received Import Request.
  Time since last request: 1.713454 seconds.
  path: Assets/07_GameData/DialogueSystem/Dialogues/Events/Groups/ChasedBySkeletons/Dialogues/ChasedBySkeletons1.asset
  artifactKey: Guid(cddbb9480d0c43e4aa6bce4a3aa08091) Importer(815301076,1909f56bfc062723c751e8b465ee728b)
Start importing Assets/07_GameData/DialogueSystem/Dialogues/Events/Groups/ChasedBySkeletons/Dialogues/ChasedBySkeletons1.asset using Guid(cddbb9480d0c43e4aa6bce4a3aa08091) Importer(815301076,1909f56bfc062723c751e8b465ee728b)  -> (artifact id: '0c4f2f98d42b1b604e36a1e209afdd21') in 0.009265 seconds 
========================================================================
Received Import Request.
  Time since last request: 0.651450 seconds.
  path: Assets/07_GameData/DialogueSystem/Dialogues/Events/Groups/ChasedBySkeletons/Dialogues/ChaseBySkeletons3.asset
  artifactKey: Guid(c41b49e218c5fd745ae52e6f8f3f2a43) Importer(815301076,1909f56bfc062723c751e8b465ee728b)
Start importing Assets/07_GameData/DialogueSystem/Dialogues/Events/Groups/ChasedBySkeletons/Dialogues/ChaseBySkeletons3.asset using Guid(c41b49e218c5fd745ae52e6f8f3f2a43) Importer(815301076,1909f56bfc062723c751e8b465ee728b)  -> (artifact id: '235b62aaeaee199bdd21f6db94dd43ef') in 0.006616 seconds 
========================================================================
Received Import Request.
  Time since last request: 4.118141 seconds.
  path: Assets/07_GameData/DialogueSystem/Dialogues/Events/Groups/ChasedBySkeletons/Dialogues/ChasedBySkeletons4.asset
  artifactKey: Guid(1a9562b4d0b85c9428fed26a265fccf9) Importer(815301076,1909f56bfc062723c751e8b465ee728b)
Start importing Assets/07_GameData/DialogueSystem/Dialogues/Events/Groups/ChasedBySkeletons/Dialogues/ChasedBySkeletons4.asset using Guid(1a9562b4d0b85c9428fed26a265fccf9) Importer(815301076,1909f56bfc062723c751e8b465ee728b)  -> (artifact id: '7116b0cd090e2559ccca0e38cce58596') in 0.006982 seconds 
========================================================================
Received Import Request.
  Time since last request: 24.482851 seconds.
  path: Assets/07_GameData/DialogueSystem/Dialogues/Events/Groups/ChasedBySkeletons/Dialogues/DialogueName.asset
  artifactKey: Guid(095a14e1f716952409a6b8fafd75514b) Importer(815301076,1909f56bfc062723c751e8b465ee728b)
Start importing Assets/07_GameData/DialogueSystem/Dialogues/Events/Groups/ChasedBySkeletons/Dialogues/DialogueName.asset using Guid(095a14e1f716952409a6b8fafd75514b) Importer(815301076,1909f56bfc062723c751e8b465ee728b)  -> (artifact id: 'edb1488354d0e963032746af76fce097') in 0.008940 seconds 
========================================================================
Received Prepare
Script is not up to date after domain reload: guid(69104167142f3f142a81e599185d7b8a) path("Assets/02_Scripts/Game/GUI/EncounterUI/Event/UIEventController.cs") state(2)
Script is not up to date after domain reload: guid(24871cf712e3a8942a70a71565903ccd) path("Assets/02_Scripts/Game/EncounterAreas/Encounters/Event/MemoryMiniGame.cs") state(2)
Registering precompiled user dll's ...
Registered in 0.442378 seconds.
Begin MonoManager ReloadAssembly
Native extension for WindowsStandalone target not found
Refreshing native plugins compatible for Editor in 1.31 ms, found 1 plugins.
Preloading 0 native plugins for Editor in 0.00 ms.
Mono: successfully reloaded assembly
- Completed reload, in  8.995 seconds
Platform modules already initialized, skipping
Script is not up to date after domain reload: guid(69104167142f3f142a81e599185d7b8a) path("Assets/02_Scripts/Game/GUI/EncounterUI/Event/UIEventController.cs") state(2)
Script is not up to date after domain reload: guid(24871cf712e3a8942a70a71565903ccd) path("Assets/02_Scripts/Game/EncounterAreas/Encounters/Event/MemoryMiniGame.cs") state(2)
Switching build target platform(19) subTarget(0) extendedPlatform(0) -> platform(13) subTarget(537395200) extendedPlatform(0)
Shader 'Universal Render Pipeline/Particles/Lit': fallback shader 'Universal Render Pipeline/Particles/SimpleLit' not found
Shader 'MoreMountains/MMRipple': fallback shader 'Particle/AlphaBlended' not found
Refreshing native plugins compatible for Editor in 1.33 ms, found 1 plugins.
Preloading 0 native plugins for Editor in 0.00 ms.
Unloading 5110 Unused Serialized files (Serialized files now loaded: 0)
System memory in use before: 287.4 MB.
System memory in use after: 287.8 MB.

Unloading 61 unused Assets to reduce memory usage. Loaded Objects now: 5765.
Total: 5.895700 ms (FindLiveObjects: 0.378100 ms CreateObjectMapping: 0.138600 ms MarkObjects: 5.355600 ms  DeleteObjects: 0.022400 ms)

AssetImportParameters requested are different than current active one (requested -> active):
  custom:graphics/normal-map-encoding: 01000000000000000000000000000000 -> 02000000000000000000000000000000
========================================================================
Received Prepare
Registering precompiled user dll's ...
Registered in 0.002860 seconds.
Begin MonoManager ReloadAssembly
Native extension for WindowsStandalone target not found
Refreshing native plugins compatible for Editor in 1.48 ms, found 1 plugins.
Preloading 0 native plugins for Editor in 0.00 ms.
Mono: successfully reloaded assembly
- Completed reload, in  0.888 seconds
Platform modules already initialized, skipping
Switching build target platform(19) subTarget(0) extendedPlatform(0) -> platform(13) subTarget(537395200) extendedPlatform(0)
Shader 'Universal Render Pipeline/Particles/Lit': fallback shader 'Universal Render Pipeline/Particles/SimpleLit' not found
Shader 'MoreMountains/MMRipple': fallback shader 'Particle/AlphaBlended' not found
Refreshing native plugins compatible for Editor in 1.29 ms, found 1 plugins.
Preloading 0 native plugins for Editor in 0.00 ms.
Unloading 5112 Unused Serialized files (Serialized files now loaded: 0)
System memory in use before: 287.4 MB.
System memory in use after: 287.9 MB.

Unloading 61 unused Assets to reduce memory usage. Loaded Objects now: 5767.
Total: 5.337200 ms (FindLiveObjects: 0.453300 ms CreateObjectMapping: 0.229700 ms MarkObjects: 4.631200 ms  DeleteObjects: 0.022400 ms)

AssetImportParameters requested are different than current active one (requested -> active):
  custom:graphics/normal-map-encoding: 01000000000000000000000000000000 -> 02000000000000000000000000000000
========================================================================
Received Prepare
Registering precompiled user dll's ...
Registered in 0.003395 seconds.
Begin MonoManager ReloadAssembly
Native extension for WindowsStandalone target not found
Refreshing native plugins compatible for Editor in 1.34 ms, found 1 plugins.
Preloading 0 native plugins for Editor in 0.00 ms.
Mono: successfully reloaded assembly
- Completed reload, in  0.870 seconds
Platform modules already initialized, skipping
Switching build target platform(19) subTarget(0) extendedPlatform(0) -> platform(13) subTarget(537395200) extendedPlatform(0)
Shader 'Universal Render Pipeline/Particles/Lit': fallback shader 'Universal Render Pipeline/Particles/SimpleLit' not found
Shader 'MoreMountains/MMRipple': fallback shader 'Particle/AlphaBlended' not found
Refreshing native plugins compatible for Editor in 1.52 ms, found 1 plugins.
Preloading 0 native plugins for Editor in 0.00 ms.
Unloading 5112 Unused Serialized files (Serialized files now loaded: 0)
System memory in use before: 287.4 MB.
System memory in use after: 287.9 MB.

Unloading 61 unused Assets to reduce memory usage. Loaded Objects now: 5769.
Total: 5.431400 ms (FindLiveObjects: 0.357500 ms CreateObjectMapping: 0.201500 ms MarkObjects: 4.847900 ms  DeleteObjects: 0.023700 ms)

AssetImportParameters requested are different than current active one (requested -> active):
  custom:graphics/normal-map-encoding: 01000000000000000000000000000000 -> 02000000000000000000000000000000
========================================================================
Received Import Request.
  Time since last request: 71816.471140 seconds.
  path: Assets/07_GameData/DialogueSystem/Dialogues/Events/Groups/ChasedBySkeletons/Dialogues/ChasedBySkeletons1.asset
  artifactKey: Guid(cddbb9480d0c43e4aa6bce4a3aa08091) Importer(815301076,1909f56bfc062723c751e8b465ee728b)
Start importing Assets/07_GameData/DialogueSystem/Dialogues/Events/Groups/ChasedBySkeletons/Dialogues/ChasedBySkeletons1.asset using Guid(cddbb9480d0c43e4aa6bce4a3aa08091) Importer(815301076,1909f56bfc062723c751e8b465ee728b)  -> (artifact id: 'bbfe3878722a8f97ec4d1b8e4d11c57c') in 0.681703 seconds 
========================================================================
Received Import Request.
  Time since last request: 0.210067 seconds.
  path: Assets/07_GameData/DialogueSystem/Dialogues/Events/Groups/ChasedBySkeletons/Dialogues/ChaseBySkeletons3.asset
  artifactKey: Guid(c41b49e218c5fd745ae52e6f8f3f2a43) Importer(815301076,1909f56bfc062723c751e8b465ee728b)
Start importing Assets/07_GameData/DialogueSystem/Dialogues/Events/Groups/ChasedBySkeletons/Dialogues/ChaseBySkeletons3.asset using Guid(c41b49e218c5fd745ae52e6f8f3f2a43) Importer(815301076,1909f56bfc062723c751e8b465ee728b)  -> (artifact id: '9a7facd3e4ec4eb721b0abe05e4868e5') in 0.007254 seconds 
========================================================================
Received Import Request.
  Time since last request: 0.888302 seconds.
  path: Assets/07_GameData/DialogueSystem/Dialogues/Events/Groups/ChasedBySkeletons/Dialogues/ChaseBySkeletons2.asset
  artifactKey: Guid(e71bfdbc17ed36f47a6c01d0ea0fa6f7) Importer(815301076,1909f56bfc062723c751e8b465ee728b)
Start importing Assets/07_GameData/DialogueSystem/Dialogues/Events/Groups/ChasedBySkeletons/Dialogues/ChaseBySkeletons2.asset using Guid(e71bfdbc17ed36f47a6c01d0ea0fa6f7) Importer(815301076,1909f56bfc062723c751e8b465ee728b)  -> (artifact id: 'ffa9ef80529880323ed0d59ec6f56399') in 0.098881 seconds 
========================================================================
Received Prepare
Registering precompiled user dll's ...
Registered in 0.004877 seconds.
Begin MonoManager ReloadAssembly
Native extension for WindowsStandalone target not found
Refreshing native plugins compatible for Editor in 1.38 ms, found 1 plugins.
Preloading 0 native plugins for Editor in 0.00 ms.
Mono: successfully reloaded assembly
- Completed reload, in  0.947 seconds
Platform modules already initialized, skipping
Switching build target platform(19) subTarget(0) extendedPlatform(0) -> platform(13) subTarget(537395200) extendedPlatform(0)
Shader 'Universal Render Pipeline/Particles/Lit': fallback shader 'Universal Render Pipeline/Particles/SimpleLit' not found
Shader 'MoreMountains/MMRipple': fallback shader 'Particle/AlphaBlended' not found
Refreshing native plugins compatible for Editor in 1.31 ms, found 1 plugins.
Preloading 0 native plugins for Editor in 0.00 ms.
Unloading 5112 Unused Serialized files (Serialized files now loaded: 0)
System memory in use before: 287.9 MB.
System memory in use after: 288.3 MB.

Unloading 62 unused Assets to reduce memory usage. Loaded Objects now: 5775.
Total: 5.403200 ms (FindLiveObjects: 0.381000 ms CreateObjectMapping: 0.220100 ms MarkObjects: 4.778200 ms  DeleteObjects: 0.023100 ms)

AssetImportParameters requested are different than current active one (requested -> active):
  custom:graphics/normal-map-encoding: 01000000000000000000000000000000 -> 02000000000000000000000000000000
========================================================================
Received Import Request.
  Time since last request: 237.345902 seconds.
  path: Assets/07_GameData/DialogueSystem/Dialogues/Events/Groups/ChasedBySkeletons/Dialogues/ChasedBySkeletons1.asset
  artifactKey: Guid(cddbb9480d0c43e4aa6bce4a3aa08091) Importer(815301076,1909f56bfc062723c751e8b465ee728b)
Start importing Assets/07_GameData/DialogueSystem/Dialogues/Events/Groups/ChasedBySkeletons/Dialogues/ChasedBySkeletons1.asset using Guid(cddbb9480d0c43e4aa6bce4a3aa08091) Importer(815301076,1909f56bfc062723c751e8b465ee728b)  -> (artifact id: '1ac0141f4fb9259cfe02dd9b43025e27') in 0.156087 seconds 
========================================================================
Received Import Request.
  Time since last request: 2.999530 seconds.
  path: Assets/07_GameData/DialogueSystem/Dialogues/Events/Groups/ChasedBySkeletons/Dialogues/ChasedBySkeletons2.asset
  artifactKey: Guid(59565c07a15829441a871a5a5400b950) Importer(815301076,1909f56bfc062723c751e8b465ee728b)
Start importing Assets/07_GameData/DialogueSystem/Dialogues/Events/Groups/ChasedBySkeletons/Dialogues/ChasedBySkeletons2.asset using Guid(59565c07a15829441a871a5a5400b950) Importer(815301076,1909f56bfc062723c751e8b465ee728b)  -> (artifact id: 'e5ca0c1ed13ed27fceb926020a884154') in 0.099497 seconds 
