Unity Editor version:    2021.3.32f1 (3b9dae9532f5)
Branch:                  2021.3/staging
Build type:              Release
Batch mode:              YES
macOS version:           Version 14.1.1 (Build 23B2082)
Darwin version:          23.1.0
Architecture:            arm64
Running under Rosetta:   NO
Available memory:        18432 MB
Using pre-set license
Pro License: YES

COMMAND LINE ARGUMENTS:
/Applications/Unity/Hub/Editor/2021.3.32f1/Unity.app/Contents/MacOS/Unity
-adb2
-batchMode
-noUpm
-name
AssetImportWorker47
-projectPath
/Users/daniel/Documents/fe-kingdom-mobile/trunk/FireEmblemMobile/FireEmblemMobileUnityProject
-logFile
Logs/AssetImportWorker47.log
-srvPort
49232
Successfully changed project path to: /Users/daniel/Documents/fe-kingdom-mobile/trunk/FireEmblemMobile/FireEmblemMobileUnityProject
/Users/daniel/Documents/fe-kingdom-mobile/trunk/FireEmblemMobile/FireEmblemMobileUnityProject
[UnityMemory] Configuration Parameters - Can be set up in boot.config
    "memorysetup-bucket-allocator-granularity=16"
    "memorysetup-bucket-allocator-bucket-count=8"
    "memorysetup-bucket-allocator-block-size=33554432"
    "memorysetup-bucket-allocator-block-count=8"
    "memorysetup-main-allocator-block-size=16777216"
    "memorysetup-thread-allocator-block-size=16777216"
    "memorysetup-gfx-main-allocator-block-size=16777216"
    "memorysetup-gfx-thread-allocator-block-size=16777216"
    "memorysetup-cache-allocator-block-size=4194304"
    "memorysetup-typetree-allocator-block-size=2097152"
    "memorysetup-profiler-bucket-allocator-granularity=16"
    "memorysetup-profiler-bucket-allocator-bucket-count=8"
    "memorysetup-profiler-bucket-allocator-block-size=33554432"
    "memorysetup-profiler-bucket-allocator-block-count=8"
    "memorysetup-profiler-allocator-block-size=16777216"
    "memorysetup-profiler-editor-allocator-block-size=1048576"
    "memorysetup-temp-allocator-size-main=16777216"
    "memorysetup-job-temp-allocator-block-size=2097152"
    "memorysetup-job-temp-allocator-block-size-background=1048576"
    "memorysetup-job-temp-allocator-reduction-small-platforms=262144"
    "memorysetup-temp-allocator-size-background-worker=32768"
    "memorysetup-temp-allocator-size-job-worker=262144"
    "memorysetup-temp-allocator-size-preload-manager=33554432"
    "memorysetup-temp-allocator-size-nav-mesh-worker=65536"
    "memorysetup-temp-allocator-size-audio-worker=65536"
    "memorysetup-temp-allocator-size-cloud-worker=32768"
    "memorysetup-temp-allocator-size-gi-baking-worker=262144"
    "memorysetup-temp-allocator-size-gfx=262144"
Player connection [8031248064] Host "[IP] 192.168.0.2 [Port] 0 [Flags] 2 [Guid] 2764078412 [EditorId] 2764078412 [Version] 1048832 [Id] OSXEditor(0,Daniels-MacBook-Pro.local) [Debug] 1 [PackageName] OSXEditor [ProjectName] Editor" joined multi-casting on [225.0.0.222:54997]...

Player connection [8031248064] Host "[IP] 192.168.0.2 [Port] 0 [Flags] 2 [Guid] 2764078412 [EditorId] 2764078412 [Version] 1048832 [Id] OSXEditor(0,Daniels-MacBook-Pro.local) [Debug] 1 [PackageName] OSXEditor [ProjectName] Editor" joined alternative multi-casting on [225.0.0.222:34997]...

[Physics::Module] Initialized MultithreadedJobDispatcher with {0} workers.
Refreshing native plugins compatible for Editor in 139.73 ms, found 2 plugins.
Preloading 1 native plugins for Editor in 1.27 ms.
Initialize engine version: 2021.3.32f1 (3b9dae9532f5)
[Subsystems] Discovering subsystems at path /Applications/Unity/Hub/Editor/2021.3.32f1/Unity.app/Contents/Resources/UnitySubsystems
[Subsystems] Discovering subsystems at path /Users/daniel/Documents/fe-kingdom-mobile/trunk/FireEmblemMobile/FireEmblemMobileUnityProject/Assets
GfxDevice: creating device client; threaded=0; jobified=0
 preferred device: Apple M3 Pro (high power)
Metal devices available: 1
0: Apple M3 Pro (high power)
Using device Apple M3 Pro (high power)
Initializing Metal device caps: Apple M3 Pro
Shader 'CartoonCoffee/Particle Basic': fallback shader '2' not found
Shader 'CartoonCoffee/Particle Additive': fallback shader '2' not found
Shader 'MoreMountains/MMRipple': fallback shader 'Particle/AlphaBlended' not found
Initialize mono
Mono path[0] = '/Applications/Unity/Hub/Editor/2021.3.32f1/Unity.app/Contents/Managed'
Mono path[1] = '/Applications/Unity/Hub/Editor/2021.3.32f1/Unity.app/Contents/MonoBleedingEdge/lib/mono/unityjit-macos'
Mono config path = '/Applications/Unity/Hub/Editor/2021.3.32f1/Unity.app/Contents/MonoBleedingEdge/etc'
Using monoOptions --debugger-agent=transport=dt_socket,embedding=1,server=y,suspend=n,address=127.0.0.1:56368
Begin MonoManager ReloadAssembly
Registering precompiled unity dll's ...
Register platform support module: /Applications/Unity/Hub/Editor/2021.3.32f1/Unity.app/Contents/PlaybackEngines/MacStandaloneSupport/UnityEditor.OSXStandalone.Extensions.dll
Register platform support module: /Applications/Unity/Hub/Editor/2021.3.32f1/PlaybackEngines/AndroidPlayer/UnityEditor.Android.Extensions.dll
Register platform support module: /Applications/Unity/Hub/Editor/2021.3.32f1/PlaybackEngines/iOSSupport/UnityEditor.iOS.Extensions.dll
Registered in 0.001609 seconds.
[usbmuxd] Start listen thread
[usbmuxd] Listen thread started
[usbmuxd] Send listen message
Native extension for iOS target not found
Native extension for Android target not found
Android Extension - Scanning For ADB Devices 260 ms
Native extension for OSXStandalone target not found
Refreshing native plugins compatible for Editor in 117.17 ms, found 2 plugins.
Preloading 1 native plugins for Editor in 0.22 ms.
Mono: successfully reloaded assembly
- Completed reload, in  0.721 seconds
Domain Reload Profiling:
	ReloadAssembly (721ms)
		BeginReloadAssembly (54ms)
			ExecutionOrderSort (0ms)
			DisableScriptedObjects (0ms)
			BackupInstance (0ms)
			ReleaseScriptingObjects (0ms)
			CreateAndSetChildDomain (0ms)
		EndReloadAssembly (620ms)
			LoadAssemblies (55ms)
			RebuildTransferFunctionScriptingTraits (0ms)
			SetupTypeCache (57ms)
			ReleaseScriptCaches (0ms)
			RebuildScriptCaches (15ms)
			SetupLoadedEditorAssemblies (526ms)
				LogAssemblyErrors (0ms)
				InitializePlatformSupportModulesInManaged (357ms)
				SetLoadedEditorAssemblies (0ms)
				RefreshPlugins (117ms)
				BeforeProcessingInitializeOnLoad (1ms)
				ProcessInitializeOnLoadAttributes (33ms)
				ProcessInitializeOnLoadMethodAttributes (18ms)
				AfterProcessingInitializeOnLoad (0ms)
				EditorAssembliesLoaded (0ms)
			ExecutionOrderSort2 (0ms)
			AwakeInstancesAfterBackupRestoration (0ms)
Platform modules already initialized, skipping
Registering precompiled user dll's ...
Registered in 0.007105 seconds.
Begin MonoManager ReloadAssembly
Symbol file LoadedFromMemory is not a mono symbol file
Native extension for iOS target not found
Native extension for Android target not found
Native extension for OSXStandalone target not found
Refreshing native plugins compatible for Editor in 136.17 ms, found 2 plugins.
Preloading 1 native plugins for Editor in 0.28 ms.
Package Manager log level set to [2]
[Package Manager] Server::EnsureServerProcessIsRunning -- launch failed, reason: Unity was launched with the -noUpm command-line argument
[Package Manager] Cannot connect to Unity Package Manager local server
Mono: successfully reloaded assembly
- Completed reload, in  1.289 seconds
Domain Reload Profiling:
	ReloadAssembly (1290ms)
		BeginReloadAssembly (56ms)
			ExecutionOrderSort (0ms)
			DisableScriptedObjects (3ms)
			BackupInstance (0ms)
			ReleaseScriptingObjects (0ms)
			CreateAndSetChildDomain (15ms)
		EndReloadAssembly (1177ms)
			LoadAssemblies (93ms)
			RebuildTransferFunctionScriptingTraits (0ms)
			SetupTypeCache (216ms)
			ReleaseScriptCaches (1ms)
			RebuildScriptCaches (67ms)
			SetupLoadedEditorAssemblies (760ms)
				LogAssemblyErrors (0ms)
				InitializePlatformSupportModulesInManaged (14ms)
				SetLoadedEditorAssemblies (0ms)
				RefreshPlugins (136ms)
				BeforeProcessingInitializeOnLoad (62ms)
				ProcessInitializeOnLoadAttributes (458ms)
				ProcessInitializeOnLoadMethodAttributes (89ms)
				AfterProcessingInitializeOnLoad (1ms)
				EditorAssembliesLoaded (0ms)
			ExecutionOrderSort2 (0ms)
			AwakeInstancesAfterBackupRestoration (2ms)
Platform modules already initialized, skipping
========================================================================
Worker process is ready to serve import requests
Shader 'MoreMountains/MMRipple': fallback shader 'Particle/AlphaBlended' not found
Shader 'CartoonCoffee/Particle Basic': fallback shader '2' not found
Shader 'CartoonCoffee/Particle Additive': fallback shader '2' not found
Launching external process: /Applications/Unity/Hub/Editor/2021.3.32f1/Unity.app/Contents/Tools/UnityShaderCompiler
Launched and connected shader compiler UnityShaderCompiler after 0.17 seconds
Refreshing native plugins compatible for Editor in 1.17 ms, found 2 plugins.
Preloading 1 native plugins for Editor in 0.22 ms.
Unloading 6762 Unused Serialized files (Serialized files now loaded: 0)
Unloading 102 unused Assets / (2.6 MB). Loaded Objects now: 7263.
Memory consumption went from 369.0 MB to 366.4 MB.
Total: 6.105083 ms (FindLiveObjects: 0.237042 ms CreateObjectMapping: 0.068916 ms MarkObjects: 5.300709 ms  DeleteObjects: 0.497833 ms)

AssetImportParameters requested are different than current active one (requested -> active):
  custom:video-decoder-ogg-theora: a1e56fd34408186e4bbccfd4996cb3dc -> 
  custom:container-muxer-webm: aa71ff27fc2769a1b78a27578f13a17b -> 
  custom:container-demuxer-webm: 4f35f7cbe854078d1ac9338744f61a02 -> 
  custom:video-encoder-webm-vp8: eb34c28f22e8b96e1ab97ce403110664 -> 
  custom:framework-osx-AVFoundation: e770b220cccbd017edd2c1fefb359320 -> 
  custom:CustomObjectIndexerAttribute: f67f22312cbe972f2da930a377ed3d15 -> 
  custom:audio-encoder-webm-vorbis: bf7c407c2cedff20999df2af8eb42d56 -> 
  custom:SearchIndexIgnoredProperties: e643bd26f0fe6173181afceb89e7c659 -> 
  custom:container-demuxer-ogg: 62fdf1f143b41e24485cea50d1cbac27 -> 
  custom:video-decoder-webm-vp8: 9c59270c3fd7afecdb556c50c9e8de78 -> 
  custom:audio-decoder-ogg-vorbis: bf7c407c2cedff20999df2af8eb42d56 -> 
========================================================================
Received Import Request.
  Time since last request: 128079.962980 seconds.
  path: Assets/03_Prefabs/Grid/Props/DeadSkeleton.prefab
  artifactKey: Guid(a5eefea3dee78e948889b64cfac6c114) Importer(815301076,1909f56bfc062723c751e8b465ee728b)
Number of updated assets reloaded before import = 0
Start importing Assets/03_Prefabs/Grid/Props/DeadSkeleton.prefab using Guid(a5eefea3dee78e948889b64cfac6c114) Importer(815301076,1909f56bfc062723c751e8b465ee728b)  -> (artifact id: '1607cc9a63eea2f1f45a26b9be14bf66') in 1.081362 seconds 
Number of asset objects unloaded after import = 26
========================================================================
Received Import Request.
  Time since last request: 0.332931 seconds.
  path: Assets/03_Prefabs/Grid/Props/BrownFence.prefab
  artifactKey: Guid(d08cc4e08738d0a4abb0b917248f5a97) Importer(815301076,1909f56bfc062723c751e8b465ee728b)
Number of updated assets reloaded before import = 0
Start importing Assets/03_Prefabs/Grid/Props/BrownFence.prefab using Guid(d08cc4e08738d0a4abb0b917248f5a97) Importer(815301076,1909f56bfc062723c751e8b465ee728b)  -> (artifact id: 'a6508372bb149322805fa404a0defc3a') in 0.014636 seconds 
Number of asset objects unloaded after import = 15
========================================================================
Received Import Request.
  Time since last request: 0.972354 seconds.
  path: Assets/03_Prefabs/Grid/Props/Rock.prefab
  artifactKey: Guid(8a512a39d4fdc3d46942c650d9dd6b18) Importer(815301076,1909f56bfc062723c751e8b465ee728b)
Number of updated assets reloaded before import = 0
Start importing Assets/03_Prefabs/Grid/Props/Rock.prefab using Guid(8a512a39d4fdc3d46942c650d9dd6b18) Importer(815301076,1909f56bfc062723c751e8b465ee728b)  -> (artifact id: '7ffa16495d00e748a3fc6ec4ace7e4e3') in 0.010299 seconds 
Number of asset objects unloaded after import = 16
========================================================================
Received Import Request.
  Time since last request: 2.125593 seconds.
  path: Assets/03_Prefabs/Grid/DestroyableObject
  artifactKey: Guid(cf57cbfe1b520ad4eb5ea07a0a158426) Importer(815301076,1909f56bfc062723c751e8b465ee728b)
Number of updated assets reloaded before import = 0
Start importing Assets/03_Prefabs/Grid/DestroyableObject using Guid(cf57cbfe1b520ad4eb5ea07a0a158426) Importer(815301076,1909f56bfc062723c751e8b465ee728b)  -> (artifact id: 'e15a32ecd42ce819d99481d102d6a7f6') in 0.001324 seconds 
Number of asset objects unloaded after import = 0
========================================================================
Received Import Request.
  Time since last request: 27.251880 seconds.
  path: Assets/07_GameData/BattleMaps/BattleMaps/Level2_DF_Middle_Fortress.prefab
  artifactKey: Guid(1709179cfd1344f42be307a8542d6510) Importer(815301076,1909f56bfc062723c751e8b465ee728b)
Number of updated assets reloaded before import = 0
Start importing Assets/07_GameData/BattleMaps/BattleMaps/Level2_DF_Middle_Fortress.prefab using Guid(1709179cfd1344f42be307a8542d6510) Importer(815301076,1909f56bfc062723c751e8b465ee728b)  -> (artifact id: '6074b20dda92032478919eac83c2a8c5') in 0.327459 seconds 
Number of asset objects unloaded after import = 3758
========================================================================
Received Import Request.
  Time since last request: 18.965069 seconds.
  path: Assets/03_Prefabs/Grid/Fortress
  artifactKey: Guid(0287e3b912c6040ef8fb2fe0e8bebafd) Importer(815301076,1909f56bfc062723c751e8b465ee728b)
Number of updated assets reloaded before import = 0
Start importing Assets/03_Prefabs/Grid/Fortress using Guid(0287e3b912c6040ef8fb2fe0e8bebafd) Importer(815301076,1909f56bfc062723c751e8b465ee728b)  -> (artifact id: 'e792ecf73e03c5c97f70fc11137955be') in 0.003529 seconds 
Number of asset objects unloaded after import = 1
========================================================================
Received Import Request.
  Time since last request: 20.459060 seconds.
  path: Assets/03_Prefabs/Grid/Fortress/WallHorizontalMiddle (1).prefab
  artifactKey: Guid(7f0bc66139df541a7b4aee29fd2aabf7) Importer(815301076,1909f56bfc062723c751e8b465ee728b)
Number of updated assets reloaded before import = 0
Start importing Assets/03_Prefabs/Grid/Fortress/WallHorizontalMiddle (1).prefab using Guid(7f0bc66139df541a7b4aee29fd2aabf7) Importer(815301076,1909f56bfc062723c751e8b465ee728b)  -> (artifact id: 'ddc8d88cb0b8f9cb63c3fd608a14d96e') in 0.010310 seconds 
Number of asset objects unloaded after import = 15
========================================================================
Received Import Request.
  Time since last request: 15.452689 seconds.
  path: Assets/03_Prefabs/Grid/Fortress/WallRightVertical (2).prefab
  artifactKey: Guid(11b4ae3008159427d9f8bfb2e234e8a4) Importer(815301076,1909f56bfc062723c751e8b465ee728b)
Number of updated assets reloaded before import = 0
Start importing Assets/03_Prefabs/Grid/Fortress/WallRightVertical (2).prefab using Guid(11b4ae3008159427d9f8bfb2e234e8a4) Importer(815301076,1909f56bfc062723c751e8b465ee728b)  -> (artifact id: '1b4a4ddbd457220e6d4cc51b9e72f862') in 0.012330 seconds 
Number of asset objects unloaded after import = 15
========================================================================
Received Import Request.
  Time since last request: 58.804884 seconds.
  path: Assets/03_Prefabs/Grid/Fortress/WallHorizontalLeftUp.prefab
  artifactKey: Guid(66b3936c8d8dc432f8b78fcc788d2c89) Importer(815301076,1909f56bfc062723c751e8b465ee728b)
Number of updated assets reloaded before import = 0
Start importing Assets/03_Prefabs/Grid/Fortress/WallHorizontalLeftUp.prefab using Guid(66b3936c8d8dc432f8b78fcc788d2c89) Importer(815301076,1909f56bfc062723c751e8b465ee728b)  -> (artifact id: '7dc2192ea253e5ef554b36ca8bae459e') in 0.010630 seconds 
Number of asset objects unloaded after import = 15
========================================================================
Received Import Request.
  Time since last request: 16.008964 seconds.
  path: Assets/03_Prefabs/Grid/Fortress/WallHorizontalRightUp.prefab
  artifactKey: Guid(124fc4a9d15c3455596d6324028d9b13) Importer(815301076,1909f56bfc062723c751e8b465ee728b)
Number of updated assets reloaded before import = 0
Start importing Assets/03_Prefabs/Grid/Fortress/WallHorizontalRightUp.prefab using Guid(124fc4a9d15c3455596d6324028d9b13) Importer(815301076,1909f56bfc062723c751e8b465ee728b)  -> (artifact id: 'b364ef0ef8e1254d6ca87973a8238ea4') in 0.010310 seconds 
Number of asset objects unloaded after import = 15
========================================================================
Received Import Request.
  Time since last request: 20.510629 seconds.
  path: Assets/03_Prefabs/Grid/Fortress/WallHorizontalLeftCornerUp.prefab
  artifactKey: Guid(66b3936c8d8dc432f8b78fcc788d2c89) Importer(815301076,1909f56bfc062723c751e8b465ee728b)
Number of updated assets reloaded before import = 0
Start importing Assets/03_Prefabs/Grid/Fortress/WallHorizontalLeftCornerUp.prefab using Guid(66b3936c8d8dc432f8b78fcc788d2c89) Importer(815301076,1909f56bfc062723c751e8b465ee728b)  -> (artifact id: '5add3cd01e3f7eae0d6fc46b8ecae305') in 0.010264 seconds 
Number of asset objects unloaded after import = 15
========================================================================
Received Import Request.
  Time since last request: 6.499046 seconds.
  path: Assets/03_Prefabs/Grid/Fortress/WallHorizontalRightCornerUp.prefab
  artifactKey: Guid(124fc4a9d15c3455596d6324028d9b13) Importer(815301076,1909f56bfc062723c751e8b465ee728b)
Number of updated assets reloaded before import = 0
Start importing Assets/03_Prefabs/Grid/Fortress/WallHorizontalRightCornerUp.prefab using Guid(124fc4a9d15c3455596d6324028d9b13) Importer(815301076,1909f56bfc062723c751e8b465ee728b)  -> (artifact id: '107a4a46b6237f2c3232b9ba1ef0b6c2') in 0.009919 seconds 
Number of asset objects unloaded after import = 15
========================================================================
Received Import Request.
  Time since last request: 34.835932 seconds.
  path: Assets/07_GameData/BattleMaps/BattleMaps/Level2_DF_Middle_Fortress.prefab
  artifactKey: Guid(1709179cfd1344f42be307a8542d6510) Importer(815301076,1909f56bfc062723c751e8b465ee728b)
Number of updated assets reloaded before import = 0
Start importing Assets/07_GameData/BattleMaps/BattleMaps/Level2_DF_Middle_Fortress.prefab using Guid(1709179cfd1344f42be307a8542d6510) Importer(815301076,1909f56bfc062723c751e8b465ee728b)  -> (artifact id: '4abf45e1290cf91443925a85188516ee') in 0.257016 seconds 
Number of asset objects unloaded after import = 3797
========================================================================
Received Import Request.
  Time since last request: 24.763617 seconds.
  path: Assets/03_Prefabs/Grid/Fortress/WallHorizontalLeftUp.prefab
  artifactKey: Guid(cf08195a4e2e248ba92573ade8ea31d1) Importer(815301076,1909f56bfc062723c751e8b465ee728b)
Number of updated assets reloaded before import = 0
Start importing Assets/03_Prefabs/Grid/Fortress/WallHorizontalLeftUp.prefab using Guid(cf08195a4e2e248ba92573ade8ea31d1) Importer(815301076,1909f56bfc062723c751e8b465ee728b)  -> (artifact id: '9b0213b3f06d84eb1df857988104ff56') in 0.011579 seconds 
Number of asset objects unloaded after import = 15
========================================================================
Received Import Request.
  Time since last request: 16.661680 seconds.
  path: Assets/03_Prefabs/Grid/Fortress/WallHorizontalRightUp.prefab
  artifactKey: Guid(f1ae20a8c7b484b34a5f794036522186) Importer(815301076,1909f56bfc062723c751e8b465ee728b)
Number of updated assets reloaded before import = 0
Start importing Assets/03_Prefabs/Grid/Fortress/WallHorizontalRightUp.prefab using Guid(f1ae20a8c7b484b34a5f794036522186) Importer(815301076,1909f56bfc062723c751e8b465ee728b)  -> (artifact id: '32cf16962403943f84c5dc7edf9187e8') in 0.011928 seconds 
Number of asset objects unloaded after import = 15
========================================================================
Received Import Request.
  Time since last request: 6.062602 seconds.
  path: Assets/03_Prefabs/Grid/WallGateHorizontal.prefab
  artifactKey: Guid(38f2ea6dcb0074d27842c384da1ce8e0) Importer(815301076,1909f56bfc062723c751e8b465ee728b)
Number of updated assets reloaded before import = 0
Start importing Assets/03_Prefabs/Grid/WallGateHorizontal.prefab using Guid(38f2ea6dcb0074d27842c384da1ce8e0) Importer(815301076,1909f56bfc062723c751e8b465ee728b)  -> (artifact id: '23234a5cd2332aa268755d0a380ded76') in 0.009976 seconds 
Number of asset objects unloaded after import = 15
========================================================================
Received Import Request.
  Time since last request: 9.071803 seconds.
  path: Assets/03_Prefabs/Grid/Fortress/WallLeftVertical.prefab
  artifactKey: Guid(fe6446b9b670741aa88ffd10cff1800e) Importer(815301076,1909f56bfc062723c751e8b465ee728b)
Number of updated assets reloaded before import = 0
Start importing Assets/03_Prefabs/Grid/Fortress/WallLeftVertical.prefab using Guid(fe6446b9b670741aa88ffd10cff1800e) Importer(815301076,1909f56bfc062723c751e8b465ee728b)  -> (artifact id: '2e4d119804d74c4124b954dff70570e7') in 0.010206 seconds 
Number of asset objects unloaded after import = 15
========================================================================
Received Import Request.
  Time since last request: 6.265991 seconds.
  path: Assets/03_Prefabs/Grid/Fortress/WallRightVertical.prefab
  artifactKey: Guid(49eb52395924c4ec3aaa9f6acc896a0b) Importer(815301076,1909f56bfc062723c751e8b465ee728b)
Number of updated assets reloaded before import = 0
Start importing Assets/03_Prefabs/Grid/Fortress/WallRightVertical.prefab using Guid(49eb52395924c4ec3aaa9f6acc896a0b) Importer(815301076,1909f56bfc062723c751e8b465ee728b)  -> (artifact id: '54b189afbafb1e9017e5ded5d42c5c0d') in 0.009884 seconds 
Number of asset objects unloaded after import = 15
========================================================================
Received Import Request.
  Time since last request: 12.725602 seconds.
  path: Assets/03_Prefabs/Grid/Fortress/WallLeftVerticalDoor.prefab
  artifactKey: Guid(3a2d521b1e20d4be8b4d7023c4d75ce9) Importer(815301076,1909f56bfc062723c751e8b465ee728b)
Number of updated assets reloaded before import = 0
Start importing Assets/03_Prefabs/Grid/Fortress/WallLeftVerticalDoor.prefab using Guid(3a2d521b1e20d4be8b4d7023c4d75ce9) Importer(815301076,1909f56bfc062723c751e8b465ee728b)  -> (artifact id: '4fcecbd1f76169901018aed141fb13f2') in 0.010330 seconds 
Number of asset objects unloaded after import = 15
========================================================================
Received Import Request.
  Time since last request: 4.247181 seconds.
  path: Assets/03_Prefabs/Grid/Fortress/WallRightVerticalDoor.prefab
  artifactKey: Guid(53014b46fda5044d29e0e4d29532b051) Importer(815301076,1909f56bfc062723c751e8b465ee728b)
Number of updated assets reloaded before import = 0
Start importing Assets/03_Prefabs/Grid/Fortress/WallRightVerticalDoor.prefab using Guid(53014b46fda5044d29e0e4d29532b051) Importer(815301076,1909f56bfc062723c751e8b465ee728b)  -> (artifact id: '6ae767cfe6cc209bb6b46faf62a440c9') in 0.009788 seconds 
Number of asset objects unloaded after import = 15
========================================================================
Received Import Request.
  Time since last request: 23.425187 seconds.
  path: Assets/03_Prefabs/Grid/Fortress/WallTopLeftCorner.prefab
  artifactKey: Guid(a2f564f601ff54766ad141eb3b3c643e) Importer(815301076,1909f56bfc062723c751e8b465ee728b)
Number of updated assets reloaded before import = 0
Start importing Assets/03_Prefabs/Grid/Fortress/WallTopLeftCorner.prefab using Guid(a2f564f601ff54766ad141eb3b3c643e) Importer(815301076,1909f56bfc062723c751e8b465ee728b)  -> (artifact id: '5a30a46f1c8e0dad03d6e5b2f5a9de23') in 0.009959 seconds 
Number of asset objects unloaded after import = 15
========================================================================
Received Import Request.
  Time since last request: 4.087629 seconds.
  path: Assets/03_Prefabs/Grid/Fortress/WallTopRightCorner.prefab
  artifactKey: Guid(dae393a8d5ca345a2982d39c57f09159) Importer(815301076,1909f56bfc062723c751e8b465ee728b)
Number of updated assets reloaded before import = 0
Start importing Assets/03_Prefabs/Grid/Fortress/WallTopRightCorner.prefab using Guid(dae393a8d5ca345a2982d39c57f09159) Importer(815301076,1909f56bfc062723c751e8b465ee728b)  -> (artifact id: '0ead8eb177502578ff4691ccc785c067') in 0.010220 seconds 
Number of asset objects unloaded after import = 15
========================================================================
Received Import Request.
  Time since last request: 63.295485 seconds.
  path: Assets/03_Prefabs/Grid/Fortress/WallGateHorizontal 1.prefab
  artifactKey: Guid(815b2f52ade2d454c9437f7680094bc8) Importer(815301076,1909f56bfc062723c751e8b465ee728b)
Number of updated assets reloaded before import = 0
Start importing Assets/03_Prefabs/Grid/Fortress/WallGateHorizontal 1.prefab using Guid(815b2f52ade2d454c9437f7680094bc8) Importer(815301076,1909f56bfc062723c751e8b465ee728b)  -> (artifact id: 'c78f0ba6fabb8ad5d3b9b8c7b120c766') in 0.009886 seconds 
Number of asset objects unloaded after import = 15
========================================================================
Received Import Request.
  Time since last request: 428.605475 seconds.
  path: Assets/03_Prefabs/Grid/Fortress/WallHorizontalMiddle.prefab
  artifactKey: Guid(7f0bc66139df541a7b4aee29fd2aabf7) Importer(815301076,1909f56bfc062723c751e8b465ee728b)
Number of updated assets reloaded before import = 0
Start importing Assets/03_Prefabs/Grid/Fortress/WallHorizontalMiddle.prefab using Guid(7f0bc66139df541a7b4aee29fd2aabf7) Importer(815301076,1909f56bfc062723c751e8b465ee728b)  -> (artifact id: '8445b0c115a72f3d94069829addb5dea') in 0.066533 seconds 
Number of asset objects unloaded after import = 15
========================================================================
Received Import Request.
  Time since last request: 1697.032913 seconds.
  path: Assets/04_Textures/TileMaps/Walls/WallsConnections/Wall_tile_left horizontal connecter.png
  artifactKey: Guid(9ae8a841f7997a640801266bc506900b) Importer(815301076,1909f56bfc062723c751e8b465ee728b)
Number of updated assets reloaded before import = 0
Start importing Assets/04_Textures/TileMaps/Walls/WallsConnections/Wall_tile_left horizontal connecter.png using Guid(9ae8a841f7997a640801266bc506900b) Importer(815301076,1909f56bfc062723c751e8b465ee728b)  -> (artifact id: 'b4b94c56409ba54efc5d466e9a59db2b') in 0.378158 seconds 
Number of asset objects unloaded after import = 4
========================================================================
Received Import Request.
  Time since last request: 18.605471 seconds.
  path: Assets/04_Textures/TileMaps/Walls/WallsConnections/Wall_tile_left horizontal connecter.png
  artifactKey: Guid(9ae8a841f7997a640801266bc506900b) Importer(815301076,1909f56bfc062723c751e8b465ee728b)
Number of updated assets reloaded before import = 0
Start importing Assets/04_Textures/TileMaps/Walls/WallsConnections/Wall_tile_left horizontal connecter.png using Guid(9ae8a841f7997a640801266bc506900b) Importer(815301076,1909f56bfc062723c751e8b465ee728b)  -> (artifact id: '77ab49ebd4c90c29f01961c3c722e688') in 0.023752 seconds 
Number of asset objects unloaded after import = 4
========================================================================
Received Import Request.
  Time since last request: 34.619202 seconds.
  path: Assets/03_Prefabs/Grid/Fortress/WallVertical3ConnectorTopRightBottom.prefab
  artifactKey: Guid(16789098df9dc438abff991ac52139de) Importer(815301076,1909f56bfc062723c751e8b465ee728b)
Number of updated assets reloaded before import = 0
Start importing Assets/03_Prefabs/Grid/Fortress/WallVertical3ConnectorTopRightBottom.prefab using Guid(16789098df9dc438abff991ac52139de) Importer(815301076,1909f56bfc062723c751e8b465ee728b)  -> (artifact id: '61a68b8f96ec7c773657c345be716017') in 0.022787 seconds 
Number of asset objects unloaded after import = 15
========================================================================
Received Import Request.
  Time since last request: 121.219620 seconds.
  path: Assets/03_Prefabs/Grid/Fortress/WallHorizontalConnectorLeftTopRight.prefab
  artifactKey: Guid(e48dbb183aaac4f0cb88a40511483d32) Importer(815301076,1909f56bfc062723c751e8b465ee728b)
Number of updated assets reloaded before import = 0
Start importing Assets/03_Prefabs/Grid/Fortress/WallHorizontalConnectorLeftTopRight.prefab using Guid(e48dbb183aaac4f0cb88a40511483d32) Importer(815301076,1909f56bfc062723c751e8b465ee728b)  -> (artifact id: '5c34b411437d53079422de16ae0459f5') in 0.013757 seconds 
Number of asset objects unloaded after import = 15
========================================================================
Received Import Request.
  Time since last request: 138.681966 seconds.
  path: Assets/04_Textures/TileMaps/Walls/WallsConnections/Wall_tile_right centre connecter.png
  artifactKey: Guid(6165794591ff5cc45a8259ffccf6dabe) Importer(815301076,1909f56bfc062723c751e8b465ee728b)
Number of updated assets reloaded before import = 0
Start importing Assets/04_Textures/TileMaps/Walls/WallsConnections/Wall_tile_right centre connecter.png using Guid(6165794591ff5cc45a8259ffccf6dabe) Importer(815301076,1909f56bfc062723c751e8b465ee728b)  -> (artifact id: '5d565f6028df7768045f15e2d16c3637') in 0.037568 seconds 
Number of asset objects unloaded after import = 4
========================================================================
Received Import Request.
  Time since last request: 39.518951 seconds.
  path: Assets/03_Prefabs/Grid/Fortress/WallHorizontalConnector4.prefab
  artifactKey: Guid(70d5e5de7ecbf46c792d144a5d36313a) Importer(815301076,1909f56bfc062723c751e8b465ee728b)
Number of updated assets reloaded before import = 0
Start importing Assets/03_Prefabs/Grid/Fortress/WallHorizontalConnector4.prefab using Guid(70d5e5de7ecbf46c792d144a5d36313a) Importer(815301076,1909f56bfc062723c751e8b465ee728b)  -> (artifact id: '8fab2ec13d4035a73f67b08e37cd8ced') in 0.011960 seconds 
Number of asset objects unloaded after import = 15
========================================================================
Received Import Request.
  Time since last request: 132.506339 seconds.
  path: Assets/03_Prefabs/Grid/Fortress/WallRightEnd.prefab
  artifactKey: Guid(d53cdc1fa21cc4705934e16f3e8ab9cc) Importer(815301076,1909f56bfc062723c751e8b465ee728b)
Number of updated assets reloaded before import = 0
Start importing Assets/03_Prefabs/Grid/Fortress/WallRightEnd.prefab using Guid(d53cdc1fa21cc4705934e16f3e8ab9cc) Importer(815301076,1909f56bfc062723c751e8b465ee728b)  -> (artifact id: '5b98142eccca2610986f3bb96c3a6586') in 0.028820 seconds 
Number of asset objects unloaded after import = 15
========================================================================
Received Import Request.
  Time since last request: 61.352464 seconds.
  path: Assets/03_Prefabs/Grid/Fortress/WallLeftEnd.prefab
  artifactKey: Guid(bef03c9381d7c4ce4808bd7ab03b9bb9) Importer(815301076,1909f56bfc062723c751e8b465ee728b)
Number of updated assets reloaded before import = 0
Start importing Assets/03_Prefabs/Grid/Fortress/WallLeftEnd.prefab using Guid(bef03c9381d7c4ce4808bd7ab03b9bb9) Importer(815301076,1909f56bfc062723c751e8b465ee728b)  -> (artifact id: '7718f8f2b3bb75c52bdfb93a08fc388c') in 0.016544 seconds 
Number of asset objects unloaded after import = 15
========================================================================
Received Import Request.
  Time since last request: 705.549895 seconds.
  path: Assets/04_Textures/TileMaps/Walls/WallsConnections/Wall_tile_right horizontal connecter.png
  artifactKey: Guid(42dbbae48da9e3a45931364c721b8ce2) Importer(815301076,1909f56bfc062723c751e8b465ee728b)
Number of updated assets reloaded before import = 0
Start importing Assets/04_Textures/TileMaps/Walls/WallsConnections/Wall_tile_right horizontal connecter.png using Guid(42dbbae48da9e3a45931364c721b8ce2) Importer(815301076,1909f56bfc062723c751e8b465ee728b)  -> (artifact id: 'a777d545151b478f28ac30815edb0edb') in 0.040135 seconds 
Number of asset objects unloaded after import = 4
========================================================================
Received Import Request.
  Time since last request: 30.271880 seconds.
  path: Assets/03_Prefabs/Grid/Fortress/WallVerticalConnectorLeftTopBottom.prefab
  artifactKey: Guid(bdd81d491c0044cfb9b16b184d96f85e) Importer(815301076,1909f56bfc062723c751e8b465ee728b)
Number of updated assets reloaded before import = 0
Start importing Assets/03_Prefabs/Grid/Fortress/WallVerticalConnectorLeftTopBottom.prefab using Guid(bdd81d491c0044cfb9b16b184d96f85e) Importer(815301076,1909f56bfc062723c751e8b465ee728b)  -> (artifact id: '0aad765f746e3239a1107abde5cd9e07') in 0.017589 seconds 
Number of asset objects unloaded after import = 15
========================================================================
Received Prepare
Registering precompiled user dll's ...
Registered in 0.001507 seconds.
Begin MonoManager ReloadAssembly
Thread 0x2c0587000 may have been prematurely finalized
Symbol file LoadedFromMemory is not a mono symbol file
Native extension for iOS target not found
Native extension for Android target not found
Native extension for OSXStandalone target not found
Refreshing native plugins compatible for Editor in 1.12 ms, found 2 plugins.
Preloading 1 native plugins for Editor in 0.18 ms.
[Package Manager] Server::EnsureServerProcessIsRunning -- launch failed, reason: Unity was launched with the -noUpm command-line argument
[Package Manager] Cannot connect to Unity Package Manager local server
Mono: successfully reloaded assembly
- Completed reload, in  1.135 seconds
Domain Reload Profiling:
	ReloadAssembly (1136ms)
		BeginReloadAssembly (148ms)
			ExecutionOrderSort (0ms)
			DisableScriptedObjects (20ms)
			BackupInstance (0ms)
			ReleaseScriptingObjects (0ms)
			CreateAndSetChildDomain (61ms)
		EndReloadAssembly (943ms)
			LoadAssemblies (57ms)
			RebuildTransferFunctionScriptingTraits (0ms)
			SetupTypeCache (209ms)
			ReleaseScriptCaches (1ms)
			RebuildScriptCaches (31ms)
			SetupLoadedEditorAssemblies (589ms)
				LogAssemblyErrors (0ms)
				InitializePlatformSupportModulesInManaged (18ms)
				SetLoadedEditorAssemblies (0ms)
				RefreshPlugins (1ms)
				BeforeProcessingInitializeOnLoad (41ms)
				ProcessInitializeOnLoadAttributes (446ms)
				ProcessInitializeOnLoadMethodAttributes (81ms)
				AfterProcessingInitializeOnLoad (0ms)
				EditorAssembliesLoaded (0ms)
			ExecutionOrderSort2 (0ms)
			AwakeInstancesAfterBackupRestoration (7ms)
Platform modules already initialized, skipping
Shader 'MoreMountains/MMRipple': fallback shader 'Particle/AlphaBlended' not found
Shader 'CartoonCoffee/Particle Basic': fallback shader '2' not found
Shader 'CartoonCoffee/Particle Additive': fallback shader '2' not found
Refreshing native plugins compatible for Editor in 1.29 ms, found 2 plugins.
Preloading 1 native plugins for Editor in 0.13 ms.
Unloading 6533 Unused Serialized files (Serialized files now loaded: 0)
Unloading 97 unused Assets / (1.7 MB). Loaded Objects now: 7349.
Memory consumption went from 360.4 MB to 358.7 MB.
Total: 5.834791 ms (FindLiveObjects: 0.234792 ms CreateObjectMapping: 0.076500 ms MarkObjects: 5.267542 ms  DeleteObjects: 0.255250 ms)

AssetImportParameters requested are different than current active one (requested -> active):
  custom:video-decoder-ogg-theora: a1e56fd34408186e4bbccfd4996cb3dc -> 
  custom:container-muxer-webm: aa71ff27fc2769a1b78a27578f13a17b -> 
  custom:container-demuxer-webm: 4f35f7cbe854078d1ac9338744f61a02 -> 
  custom:video-encoder-webm-vp8: eb34c28f22e8b96e1ab97ce403110664 -> 
  custom:framework-osx-AVFoundation: e770b220cccbd017edd2c1fefb359320 -> 
  custom:CustomObjectIndexerAttribute: f67f22312cbe972f2da930a377ed3d15 -> 
  custom:audio-encoder-webm-vorbis: bf7c407c2cedff20999df2af8eb42d56 -> 
  custom:SearchIndexIgnoredProperties: e643bd26f0fe6173181afceb89e7c659 -> 
  custom:container-demuxer-ogg: 62fdf1f143b41e24485cea50d1cbac27 -> 
  custom:video-decoder-webm-vp8: 9c59270c3fd7afecdb556c50c9e8de78 -> 
  custom:audio-decoder-ogg-vorbis: bf7c407c2cedff20999df2af8eb42d56 -> 
========================================================================
Received Prepare
Registering precompiled user dll's ...
Registered in 0.001842 seconds.
Begin MonoManager ReloadAssembly
Thread 0x2aa6af000 may have been prematurely finalized
Symbol file LoadedFromMemory is not a mono symbol file
Native extension for iOS target not found
Native extension for Android target not found
Native extension for OSXStandalone target not found
Refreshing native plugins compatible for Editor in 1.15 ms, found 2 plugins.
Preloading 1 native plugins for Editor in 0.18 ms.
[Package Manager] Server::EnsureServerProcessIsRunning -- launch failed, reason: Unity was launched with the -noUpm command-line argument
[Package Manager] Cannot connect to Unity Package Manager local server
Mono: successfully reloaded assembly
- Completed reload, in  1.071 seconds
Domain Reload Profiling:
	ReloadAssembly (1072ms)
		BeginReloadAssembly (102ms)
			ExecutionOrderSort (0ms)
			DisableScriptedObjects (4ms)
			BackupInstance (0ms)
			ReleaseScriptingObjects (0ms)
			CreateAndSetChildDomain (49ms)
		EndReloadAssembly (925ms)
			LoadAssemblies (38ms)
			RebuildTransferFunctionScriptingTraits (0ms)
			SetupTypeCache (203ms)
			ReleaseScriptCaches (1ms)
			RebuildScriptCaches (36ms)
			SetupLoadedEditorAssemblies (589ms)
				LogAssemblyErrors (0ms)
				InitializePlatformSupportModulesInManaged (14ms)
				SetLoadedEditorAssemblies (0ms)
				RefreshPlugins (1ms)
				BeforeProcessingInitializeOnLoad (41ms)
				ProcessInitializeOnLoadAttributes (446ms)
				ProcessInitializeOnLoadMethodAttributes (85ms)
				AfterProcessingInitializeOnLoad (1ms)
				EditorAssembliesLoaded (0ms)
			ExecutionOrderSort2 (0ms)
			AwakeInstancesAfterBackupRestoration (8ms)
Platform modules already initialized, skipping
Shader 'MoreMountains/MMRipple': fallback shader 'Particle/AlphaBlended' not found
Shader 'CartoonCoffee/Particle Basic': fallback shader '2' not found
Shader 'CartoonCoffee/Particle Additive': fallback shader '2' not found
Refreshing native plugins compatible for Editor in 1.17 ms, found 2 plugins.
Preloading 1 native plugins for Editor in 0.15 ms.
Unloading 6522 Unused Serialized files (Serialized files now loaded: 0)
Unloading 77 unused Assets / (1.7 MB). Loaded Objects now: 7364.
Memory consumption went from 359.5 MB to 357.8 MB.
Total: 5.321208 ms (FindLiveObjects: 0.204500 ms CreateObjectMapping: 0.073334 ms MarkObjects: 4.811209 ms  DeleteObjects: 0.231500 ms)

AssetImportParameters requested are different than current active one (requested -> active):
  custom:video-decoder-ogg-theora: a1e56fd34408186e4bbccfd4996cb3dc -> 
  custom:container-muxer-webm: aa71ff27fc2769a1b78a27578f13a17b -> 
  custom:container-demuxer-webm: 4f35f7cbe854078d1ac9338744f61a02 -> 
  custom:video-encoder-webm-vp8: eb34c28f22e8b96e1ab97ce403110664 -> 
  custom:framework-osx-AVFoundation: e770b220cccbd017edd2c1fefb359320 -> 
  custom:CustomObjectIndexerAttribute: f67f22312cbe972f2da930a377ed3d15 -> 
  custom:audio-encoder-webm-vorbis: bf7c407c2cedff20999df2af8eb42d56 -> 
  custom:SearchIndexIgnoredProperties: e643bd26f0fe6173181afceb89e7c659 -> 
  custom:container-demuxer-ogg: 62fdf1f143b41e24485cea50d1cbac27 -> 
  custom:video-decoder-webm-vp8: 9c59270c3fd7afecdb556c50c9e8de78 -> 
  custom:audio-decoder-ogg-vorbis: bf7c407c2cedff20999df2af8eb42d56 -> 
========================================================================
Received Prepare
Registering precompiled user dll's ...
Registered in 0.001583 seconds.
Begin MonoManager ReloadAssembly
Thread 0x2aa6af000 may have been prematurely finalized
Symbol file LoadedFromMemory is not a mono symbol file
Native extension for iOS target not found
Native extension for Android target not found
Native extension for OSXStandalone target not found
Refreshing native plugins compatible for Editor in 1.34 ms, found 2 plugins.
Preloading 1 native plugins for Editor in 0.17 ms.
[Package Manager] Server::EnsureServerProcessIsRunning -- launch failed, reason: Unity was launched with the -noUpm command-line argument
[Package Manager] Cannot connect to Unity Package Manager local server
Mono: successfully reloaded assembly
- Completed reload, in  1.084 seconds
Domain Reload Profiling:
	ReloadAssembly (1085ms)
		BeginReloadAssembly (97ms)
			ExecutionOrderSort (0ms)
			DisableScriptedObjects (4ms)
			BackupInstance (0ms)
			ReleaseScriptingObjects (0ms)
			CreateAndSetChildDomain (44ms)
		EndReloadAssembly (943ms)
			LoadAssemblies (57ms)
			RebuildTransferFunctionScriptingTraits (0ms)
			SetupTypeCache (207ms)
			ReleaseScriptCaches (1ms)
			RebuildScriptCaches (32ms)
			SetupLoadedEditorAssemblies (590ms)
				LogAssemblyErrors (0ms)
				InitializePlatformSupportModulesInManaged (15ms)
				SetLoadedEditorAssemblies (0ms)
				RefreshPlugins (2ms)
				BeforeProcessingInitializeOnLoad (41ms)
				ProcessInitializeOnLoadAttributes (451ms)
				ProcessInitializeOnLoadMethodAttributes (81ms)
				AfterProcessingInitializeOnLoad (1ms)
				EditorAssembliesLoaded (0ms)
			ExecutionOrderSort2 (0ms)
			AwakeInstancesAfterBackupRestoration (7ms)
Platform modules already initialized, skipping
Shader 'MoreMountains/MMRipple': fallback shader 'Particle/AlphaBlended' not found
Shader 'CartoonCoffee/Particle Basic': fallback shader '2' not found
Shader 'CartoonCoffee/Particle Additive': fallback shader '2' not found
Refreshing native plugins compatible for Editor in 1.28 ms, found 2 plugins.
Preloading 1 native plugins for Editor in 0.19 ms.
Unloading 6522 Unused Serialized files (Serialized files now loaded: 0)
Unloading 77 unused Assets / (1.7 MB). Loaded Objects now: 7379.
Memory consumption went from 359.5 MB to 357.8 MB.
Total: 5.636875 ms (FindLiveObjects: 0.209667 ms CreateObjectMapping: 0.065292 ms MarkObjects: 5.115458 ms  DeleteObjects: 0.245875 ms)

AssetImportParameters requested are different than current active one (requested -> active):
  custom:video-decoder-ogg-theora: a1e56fd34408186e4bbccfd4996cb3dc -> 
  custom:container-muxer-webm: aa71ff27fc2769a1b78a27578f13a17b -> 
  custom:container-demuxer-webm: 4f35f7cbe854078d1ac9338744f61a02 -> 
  custom:video-encoder-webm-vp8: eb34c28f22e8b96e1ab97ce403110664 -> 
  custom:framework-osx-AVFoundation: e770b220cccbd017edd2c1fefb359320 -> 
  custom:CustomObjectIndexerAttribute: f67f22312cbe972f2da930a377ed3d15 -> 
  custom:audio-encoder-webm-vorbis: bf7c407c2cedff20999df2af8eb42d56 -> 
  custom:SearchIndexIgnoredProperties: e643bd26f0fe6173181afceb89e7c659 -> 
  custom:container-demuxer-ogg: 62fdf1f143b41e24485cea50d1cbac27 -> 
  custom:video-decoder-webm-vp8: 9c59270c3fd7afecdb556c50c9e8de78 -> 
  custom:audio-decoder-ogg-vorbis: bf7c407c2cedff20999df2af8eb42d56 -> 
========================================================================
Received Prepare
Registering precompiled user dll's ...
Registered in 0.001628 seconds.
Begin MonoManager ReloadAssembly
Thread 0x2a6e13000 may have been prematurely finalized
Symbol file LoadedFromMemory is not a mono symbol file
Native extension for iOS target not found
Native extension for Android target not found
Native extension for OSXStandalone target not found
Refreshing native plugins compatible for Editor in 1.27 ms, found 2 plugins.
Preloading 1 native plugins for Editor in 0.19 ms.
[Package Manager] Server::EnsureServerProcessIsRunning -- launch failed, reason: Unity was launched with the -noUpm command-line argument
[Package Manager] Cannot connect to Unity Package Manager local server
Mono: successfully reloaded assembly
- Completed reload, in  1.229 seconds
Domain Reload Profiling:
	ReloadAssembly (1230ms)
		BeginReloadAssembly (149ms)
			ExecutionOrderSort (0ms)
			DisableScriptedObjects (5ms)
			BackupInstance (0ms)
			ReleaseScriptingObjects (0ms)
			CreateAndSetChildDomain (52ms)
		EndReloadAssembly (1033ms)
			LoadAssemblies (100ms)
			RebuildTransferFunctionScriptingTraits (0ms)
			SetupTypeCache (225ms)
			ReleaseScriptCaches (1ms)
			RebuildScriptCaches (34ms)
			SetupLoadedEditorAssemblies (619ms)
				LogAssemblyErrors (0ms)
				InitializePlatformSupportModulesInManaged (16ms)
				SetLoadedEditorAssemblies (0ms)
				RefreshPlugins (1ms)
				BeforeProcessingInitializeOnLoad (43ms)
				ProcessInitializeOnLoadAttributes (468ms)
				ProcessInitializeOnLoadMethodAttributes (89ms)
				AfterProcessingInitializeOnLoad (1ms)
				EditorAssembliesLoaded (0ms)
			ExecutionOrderSort2 (0ms)
			AwakeInstancesAfterBackupRestoration (8ms)
Platform modules already initialized, skipping
Shader 'MoreMountains/MMRipple': fallback shader 'Particle/AlphaBlended' not found
Shader 'CartoonCoffee/Particle Basic': fallback shader '2' not found
Shader 'CartoonCoffee/Particle Additive': fallback shader '2' not found
Refreshing native plugins compatible for Editor in 1.25 ms, found 2 plugins.
Preloading 1 native plugins for Editor in 0.19 ms.
Unloading 6522 Unused Serialized files (Serialized files now loaded: 0)
Unloading 77 unused Assets / (1.7 MB). Loaded Objects now: 7394.
Memory consumption went from 359.5 MB to 357.8 MB.
Total: 5.283333 ms (FindLiveObjects: 0.232000 ms CreateObjectMapping: 0.065000 ms MarkObjects: 4.744000 ms  DeleteObjects: 0.241791 ms)

AssetImportParameters requested are different than current active one (requested -> active):
  custom:video-decoder-ogg-theora: a1e56fd34408186e4bbccfd4996cb3dc -> 
  custom:container-muxer-webm: aa71ff27fc2769a1b78a27578f13a17b -> 
  custom:container-demuxer-webm: 4f35f7cbe854078d1ac9338744f61a02 -> 
  custom:video-encoder-webm-vp8: eb34c28f22e8b96e1ab97ce403110664 -> 
  custom:framework-osx-AVFoundation: e770b220cccbd017edd2c1fefb359320 -> 
  custom:CustomObjectIndexerAttribute: f67f22312cbe972f2da930a377ed3d15 -> 
  custom:audio-encoder-webm-vorbis: bf7c407c2cedff20999df2af8eb42d56 -> 
  custom:SearchIndexIgnoredProperties: e643bd26f0fe6173181afceb89e7c659 -> 
  custom:container-demuxer-ogg: 62fdf1f143b41e24485cea50d1cbac27 -> 
  custom:video-decoder-webm-vp8: 9c59270c3fd7afecdb556c50c9e8de78 -> 
  custom:audio-decoder-ogg-vorbis: bf7c407c2cedff20999df2af8eb42d56 -> 
========================================================================
Received Import Request.
  Time since last request: 581.870603 seconds.
  path: Assets/07_GameData/BattleMaps/BattleMaps/Level1_DeadForest_Encounter_Small1_1.prefab
  artifactKey: Guid(e875ed6a5963e5347a19c3e19f8a3e58) Importer(815301076,1909f56bfc062723c751e8b465ee728b)
Number of updated assets reloaded before import = 0
Start importing Assets/07_GameData/BattleMaps/BattleMaps/Level1_DeadForest_Encounter_Small1_1.prefab using Guid(e875ed6a5963e5347a19c3e19f8a3e58) Importer(815301076,1909f56bfc062723c751e8b465ee728b)  -> (artifact id: '651400283255f7eaf1891a6ab62d9c2b') in 0.405028 seconds 
Number of asset objects unloaded after import = 1825
========================================================================
Received Import Request.
  Time since last request: 10.381460 seconds.
  path: Assets/07_GameData/BattleMaps/Area1Maps/Area1_BattleBeforeBoss.asset
  artifactKey: Guid(149c92323a1737942bc22bd76bc25baa) Importer(815301076,1909f56bfc062723c751e8b465ee728b)
Number of updated assets reloaded before import = 0
Start importing Assets/07_GameData/BattleMaps/Area1Maps/Area1_BattleBeforeBoss.asset using Guid(149c92323a1737942bc22bd76bc25baa) Importer(815301076,1909f56bfc062723c751e8b465ee728b)  -> (artifact id: '6e924f62bd213e715366a979ac33a242') in 0.175596 seconds 
Number of asset objects unloaded after import = 4435
========================================================================
Received Import Request.
  Time since last request: 0.000054 seconds.
  path: Assets/07_GameData/BattleMaps/Area1Maps/Area1_BattleEncounter_3.asset
  artifactKey: Guid(ebbcf0bf977825044a8ca48e1e8d5cd3) Importer(815301076,1909f56bfc062723c751e8b465ee728b)
Number of updated assets reloaded before import = 0
Start importing Assets/07_GameData/BattleMaps/Area1Maps/Area1_BattleEncounter_3.asset using Guid(ebbcf0bf977825044a8ca48e1e8d5cd3) Importer(815301076,1909f56bfc062723c751e8b465ee728b)  -> (artifact id: '4fc04ae94ac42bc246502c1f502aa1e3') in 0.086811 seconds 
Number of asset objects unloaded after import = 2308
========================================================================
Received Import Request.
  Time since last request: 0.000047 seconds.
  path: Assets/07_GameData/BattleMaps/Area1Maps/Area1_EliteBattle.asset
  artifactKey: Guid(ab770da4e6d707d4cb23eb6e20ba86f6) Importer(815301076,1909f56bfc062723c751e8b465ee728b)
Number of updated assets reloaded before import = 0
Start importing Assets/07_GameData/BattleMaps/Area1Maps/Area1_EliteBattle.asset using Guid(ab770da4e6d707d4cb23eb6e20ba86f6) Importer(815301076,1909f56bfc062723c751e8b465ee728b)  -> (artifact id: '19d5955d05b4004295824d300c0fc736') in 0.071946 seconds 
Number of asset objects unloaded after import = 4435
========================================================================
Received Import Request.
  Time since last request: 0.000057 seconds.
  path: Assets/07_GameData/BattleMaps/TutorialMap.asset
  artifactKey: Guid(10fcb7befee7d07439312b1f982d942b) Importer(815301076,1909f56bfc062723c751e8b465ee728b)
Number of updated assets reloaded before import = 0
Start importing Assets/07_GameData/BattleMaps/TutorialMap.asset using Guid(10fcb7befee7d07439312b1f982d942b) Importer(815301076,1909f56bfc062723c751e8b465ee728b)  -> (artifact id: 'd1d3e8369501c887d3dc11de4ae155ca') in 0.056435 seconds 
Number of asset objects unloaded after import = 1868
========================================================================
Received Import Request.
  Time since last request: 0.000056 seconds.
  path: Assets/07_GameData/BattleMaps/BattleMapConquest10.asset
  artifactKey: Guid(05bdaeb251c670a44adfba7e7adec960) Importer(815301076,1909f56bfc062723c751e8b465ee728b)
Number of updated assets reloaded before import = 0
Start importing Assets/07_GameData/BattleMaps/BattleMapConquest10.asset using Guid(05bdaeb251c670a44adfba7e7adec960) Importer(815301076,1909f56bfc062723c751e8b465ee728b)  -> (artifact id: '3d7a40d90111c05a2b629b8f1c39e445') in 0.078994 seconds 
Number of asset objects unloaded after import = 3734
========================================================================
Received Import Request.
  Time since last request: 0.000041 seconds.
  path: Assets/07_GameData/BattleMaps/BattleMap3.asset
  artifactKey: Guid(cf1188d3d25803f41980587c34223891) Importer(815301076,1909f56bfc062723c751e8b465ee728b)
Number of updated assets reloaded before import = 0
Start importing Assets/07_GameData/BattleMaps/BattleMap3.asset using Guid(cf1188d3d25803f41980587c34223891) Importer(815301076,1909f56bfc062723c751e8b465ee728b)  -> (artifact id: '44c2905d4224cab44af62cab5e0563c7') in 0.095990 seconds 
Number of asset objects unloaded after import = 2390
========================================================================
Received Prepare
Registering precompiled user dll's ...
Registered in 0.002304 seconds.
Begin MonoManager ReloadAssembly
Thread 0x2aa6af000 may have been prematurely finalized
Symbol file LoadedFromMemory is not a mono symbol file
Native extension for iOS target not found
Native extension for Android target not found
Native extension for OSXStandalone target not found
Refreshing native plugins compatible for Editor in 1.53 ms, found 2 plugins.
Preloading 1 native plugins for Editor in 0.53 ms.
[Package Manager] Server::EnsureServerProcessIsRunning -- launch failed, reason: Unity was launched with the -noUpm command-line argument
[Package Manager] Cannot connect to Unity Package Manager local server
Mono: successfully reloaded assembly
- Completed reload, in  1.304 seconds
Domain Reload Profiling:
	ReloadAssembly (1305ms)
		BeginReloadAssembly (141ms)
			ExecutionOrderSort (0ms)
			DisableScriptedObjects (16ms)
			BackupInstance (0ms)
			ReleaseScriptingObjects (0ms)
			CreateAndSetChildDomain (67ms)
		EndReloadAssembly (1119ms)
			LoadAssemblies (47ms)
			RebuildTransferFunctionScriptingTraits (0ms)
			SetupTypeCache (224ms)
			ReleaseScriptCaches (2ms)
			RebuildScriptCaches (34ms)
			SetupLoadedEditorAssemblies (745ms)
				LogAssemblyErrors (0ms)
				InitializePlatformSupportModulesInManaged (112ms)
				SetLoadedEditorAssemblies (0ms)
				RefreshPlugins (2ms)
				BeforeProcessingInitializeOnLoad (48ms)
				ProcessInitializeOnLoadAttributes (478ms)
				ProcessInitializeOnLoadMethodAttributes (103ms)
				AfterProcessingInitializeOnLoad (1ms)
				EditorAssembliesLoaded (0ms)
			ExecutionOrderSort2 (0ms)
			AwakeInstancesAfterBackupRestoration (10ms)
Platform modules already initialized, skipping
Shader 'MoreMountains/MMRipple': fallback shader 'Particle/AlphaBlended' not found
Shader 'CartoonCoffee/Particle Basic': fallback shader '2' not found
Shader 'CartoonCoffee/Particle Additive': fallback shader '2' not found
Refreshing native plugins compatible for Editor in 1.83 ms, found 2 plugins.
Preloading 1 native plugins for Editor in 0.20 ms.
Unloading 6522 Unused Serialized files (Serialized files now loaded: 0)
Unloading 96 unused Assets / (1.7 MB). Loaded Objects now: 7449.
Memory consumption went from 365.2 MB to 363.4 MB.
Total: 10.909333 ms (FindLiveObjects: 0.355250 ms CreateObjectMapping: 0.072208 ms MarkObjects: 10.091500 ms  DeleteObjects: 0.389708 ms)

AssetImportParameters requested are different than current active one (requested -> active):
  custom:video-decoder-ogg-theora: a1e56fd34408186e4bbccfd4996cb3dc -> 
  custom:container-muxer-webm: aa71ff27fc2769a1b78a27578f13a17b -> 
  custom:container-demuxer-webm: 4f35f7cbe854078d1ac9338744f61a02 -> 
  custom:video-encoder-webm-vp8: eb34c28f22e8b96e1ab97ce403110664 -> 
  custom:framework-osx-AVFoundation: e770b220cccbd017edd2c1fefb359320 -> 
  custom:CustomObjectIndexerAttribute: f67f22312cbe972f2da930a377ed3d15 -> 
  custom:audio-encoder-webm-vorbis: bf7c407c2cedff20999df2af8eb42d56 -> 
  custom:SearchIndexIgnoredProperties: e643bd26f0fe6173181afceb89e7c659 -> 
  custom:container-demuxer-ogg: 62fdf1f143b41e24485cea50d1cbac27 -> 
  custom:video-decoder-webm-vp8: 9c59270c3fd7afecdb556c50c9e8de78 -> 
  custom:audio-decoder-ogg-vorbis: bf7c407c2cedff20999df2af8eb42d56 -> 
========================================================================
Received Prepare
Registering precompiled user dll's ...
Registered in 0.001652 seconds.
Begin MonoManager ReloadAssembly
Thread 0x2aa6af000 may have been prematurely finalized
Symbol file LoadedFromMemory is not a mono symbol file
Native extension for iOS target not found
Native extension for Android target not found
Native extension for OSXStandalone target not found
Refreshing native plugins compatible for Editor in 1.42 ms, found 2 plugins.
Preloading 1 native plugins for Editor in 0.19 ms.
[Package Manager] Server::EnsureServerProcessIsRunning -- launch failed, reason: Unity was launched with the -noUpm command-line argument
[Package Manager] Cannot connect to Unity Package Manager local server
Mono: successfully reloaded assembly
- Completed reload, in  1.138 seconds
Domain Reload Profiling:
	ReloadAssembly (1139ms)
		BeginReloadAssembly (133ms)
			ExecutionOrderSort (0ms)
			DisableScriptedObjects (5ms)
			BackupInstance (0ms)
			ReleaseScriptingObjects (0ms)
			CreateAndSetChildDomain (61ms)
		EndReloadAssembly (961ms)
			LoadAssemblies (77ms)
			RebuildTransferFunctionScriptingTraits (0ms)
			SetupTypeCache (217ms)
			ReleaseScriptCaches (1ms)
			RebuildScriptCaches (34ms)
			SetupLoadedEditorAssemblies (590ms)
				LogAssemblyErrors (0ms)
				InitializePlatformSupportModulesInManaged (15ms)
				SetLoadedEditorAssemblies (0ms)
				RefreshPlugins (2ms)
				BeforeProcessingInitializeOnLoad (41ms)
				ProcessInitializeOnLoadAttributes (449ms)
				ProcessInitializeOnLoadMethodAttributes (84ms)
				AfterProcessingInitializeOnLoad (1ms)
				EditorAssembliesLoaded (0ms)
			ExecutionOrderSort2 (0ms)
			AwakeInstancesAfterBackupRestoration (8ms)
Platform modules already initialized, skipping
Shader 'MoreMountains/MMRipple': fallback shader 'Particle/AlphaBlended' not found
Shader 'CartoonCoffee/Particle Basic': fallback shader '2' not found
Shader 'CartoonCoffee/Particle Additive': fallback shader '2' not found
Refreshing native plugins compatible for Editor in 1.50 ms, found 2 plugins.
Preloading 1 native plugins for Editor in 0.21 ms.
Unloading 6522 Unused Serialized files (Serialized files now loaded: 0)
Unloading 77 unused Assets / (1.7 MB). Loaded Objects now: 7464.
Memory consumption went from 365.1 MB to 363.3 MB.
Total: 5.739542 ms (FindLiveObjects: 0.263708 ms CreateObjectMapping: 0.076459 ms MarkObjects: 5.092833 ms  DeleteObjects: 0.305667 ms)

AssetImportParameters requested are different than current active one (requested -> active):
  custom:video-decoder-ogg-theora: a1e56fd34408186e4bbccfd4996cb3dc -> 
  custom:container-muxer-webm: aa71ff27fc2769a1b78a27578f13a17b -> 
  custom:container-demuxer-webm: 4f35f7cbe854078d1ac9338744f61a02 -> 
  custom:video-encoder-webm-vp8: eb34c28f22e8b96e1ab97ce403110664 -> 
  custom:framework-osx-AVFoundation: e770b220cccbd017edd2c1fefb359320 -> 
  custom:CustomObjectIndexerAttribute: f67f22312cbe972f2da930a377ed3d15 -> 
  custom:audio-encoder-webm-vorbis: bf7c407c2cedff20999df2af8eb42d56 -> 
  custom:SearchIndexIgnoredProperties: e643bd26f0fe6173181afceb89e7c659 -> 
  custom:container-demuxer-ogg: 62fdf1f143b41e24485cea50d1cbac27 -> 
  custom:video-decoder-webm-vp8: 9c59270c3fd7afecdb556c50c9e8de78 -> 
  custom:audio-decoder-ogg-vorbis: bf7c407c2cedff20999df2af8eb42d56 -> 
========================================================================
Received Prepare
Registering precompiled user dll's ...
Registered in 0.002240 seconds.
Begin MonoManager ReloadAssembly
Thread 0x2ac4c7000 may have been prematurely finalized
Symbol file LoadedFromMemory is not a mono symbol file
Native extension for iOS target not found
Native extension for Android target not found
Native extension for OSXStandalone target not found
Refreshing native plugins compatible for Editor in 1.21 ms, found 2 plugins.
Preloading 1 native plugins for Editor in 0.15 ms.
[Package Manager] Server::EnsureServerProcessIsRunning -- launch failed, reason: Unity was launched with the -noUpm command-line argument
[Package Manager] Cannot connect to Unity Package Manager local server
Mono: successfully reloaded assembly
- Completed reload, in  1.078 seconds
Domain Reload Profiling:
	ReloadAssembly (1078ms)
		BeginReloadAssembly (91ms)
			ExecutionOrderSort (0ms)
			DisableScriptedObjects (3ms)
			BackupInstance (0ms)
			ReleaseScriptingObjects (0ms)
			CreateAndSetChildDomain (42ms)
		EndReloadAssembly (942ms)
			LoadAssemblies (56ms)
			RebuildTransferFunctionScriptingTraits (0ms)
			SetupTypeCache (208ms)
			ReleaseScriptCaches (1ms)
			RebuildScriptCaches (34ms)
			SetupLoadedEditorAssemblies (585ms)
				LogAssemblyErrors (0ms)
				InitializePlatformSupportModulesInManaged (14ms)
				SetLoadedEditorAssemblies (0ms)
				RefreshPlugins (1ms)
				BeforeProcessingInitializeOnLoad (40ms)
				ProcessInitializeOnLoadAttributes (445ms)
				ProcessInitializeOnLoadMethodAttributes (83ms)
				AfterProcessingInitializeOnLoad (1ms)
				EditorAssembliesLoaded (0ms)
			ExecutionOrderSort2 (0ms)
			AwakeInstancesAfterBackupRestoration (8ms)
Platform modules already initialized, skipping
Shader 'MoreMountains/MMRipple': fallback shader 'Particle/AlphaBlended' not found
Shader 'CartoonCoffee/Particle Basic': fallback shader '2' not found
Shader 'CartoonCoffee/Particle Additive': fallback shader '2' not found
Refreshing native plugins compatible for Editor in 1.41 ms, found 2 plugins.
Preloading 1 native plugins for Editor in 0.23 ms.
Unloading 6522 Unused Serialized files (Serialized files now loaded: 0)
Unloading 77 unused Assets / (1.7 MB). Loaded Objects now: 7479.
Memory consumption went from 365.1 MB to 363.3 MB.
Total: 5.786875 ms (FindLiveObjects: 0.220125 ms CreateObjectMapping: 0.067083 ms MarkObjects: 5.188042 ms  DeleteObjects: 0.311250 ms)

AssetImportParameters requested are different than current active one (requested -> active):
  custom:video-decoder-ogg-theora: a1e56fd34408186e4bbccfd4996cb3dc -> 
  custom:container-muxer-webm: aa71ff27fc2769a1b78a27578f13a17b -> 
  custom:container-demuxer-webm: 4f35f7cbe854078d1ac9338744f61a02 -> 
  custom:video-encoder-webm-vp8: eb34c28f22e8b96e1ab97ce403110664 -> 
  custom:framework-osx-AVFoundation: e770b220cccbd017edd2c1fefb359320 -> 
  custom:CustomObjectIndexerAttribute: f67f22312cbe972f2da930a377ed3d15 -> 
  custom:audio-encoder-webm-vorbis: bf7c407c2cedff20999df2af8eb42d56 -> 
  custom:SearchIndexIgnoredProperties: e643bd26f0fe6173181afceb89e7c659 -> 
  custom:container-demuxer-ogg: 62fdf1f143b41e24485cea50d1cbac27 -> 
  custom:video-decoder-webm-vp8: 9c59270c3fd7afecdb556c50c9e8de78 -> 
  custom:audio-decoder-ogg-vorbis: bf7c407c2cedff20999df2af8eb42d56 -> 
Editor requested this worker to shutdown with reason: Scaling down because of idle timeout
AssetImportWorker is now disconnected from the server
Process exiting
