Unity Editor version:    2021.3.32f1 (3b9dae9532f5)
Branch:                  2021.3/staging
Build type:              Release
Batch mode:              YES
macOS version:           Version 14.1.1 (Build 23B2082)
Darwin version:          23.1.0
Architecture:            arm64
Running under Rosetta:   NO
Available memory:        18432 MB
Using pre-set license
Pro License: YES

COMMAND LINE ARGUMENTS:
/Applications/Unity/Hub/Editor/2021.3.32f1/Unity.app/Contents/MacOS/Unity
-adb2
-batchMode
-noUpm
-name
AssetImportWorker35
-projectPath
/Users/daniel/Documents/fe-kingdom-mobile/trunk/FireEmblemMobile/FireEmblemMobileUnityProject
-logFile
Logs/AssetImportWorker35.log
-srvPort
49232
Successfully changed project path to: /Users/daniel/Documents/fe-kingdom-mobile/trunk/FireEmblemMobile/FireEmblemMobileUnityProject
/Users/daniel/Documents/fe-kingdom-mobile/trunk/FireEmblemMobile/FireEmblemMobileUnityProject
[UnityMemory] Configuration Parameters - Can be set up in boot.config
    "memorysetup-bucket-allocator-granularity=16"
    "memorysetup-bucket-allocator-bucket-count=8"
    "memorysetup-bucket-allocator-block-size=33554432"
    "memorysetup-bucket-allocator-block-count=8"
    "memorysetup-main-allocator-block-size=16777216"
    "memorysetup-thread-allocator-block-size=16777216"
    "memorysetup-gfx-main-allocator-block-size=16777216"
    "memorysetup-gfx-thread-allocator-block-size=16777216"
    "memorysetup-cache-allocator-block-size=4194304"
    "memorysetup-typetree-allocator-block-size=2097152"
    "memorysetup-profiler-bucket-allocator-granularity=16"
    "memorysetup-profiler-bucket-allocator-bucket-count=8"
    "memorysetup-profiler-bucket-allocator-block-size=33554432"
    "memorysetup-profiler-bucket-allocator-block-count=8"
    "memorysetup-profiler-allocator-block-size=16777216"
    "memorysetup-profiler-editor-allocator-block-size=1048576"
    "memorysetup-temp-allocator-size-main=16777216"
    "memorysetup-job-temp-allocator-block-size=2097152"
    "memorysetup-job-temp-allocator-block-size-background=1048576"
    "memorysetup-job-temp-allocator-reduction-small-platforms=262144"
    "memorysetup-temp-allocator-size-background-worker=32768"
    "memorysetup-temp-allocator-size-job-worker=262144"
    "memorysetup-temp-allocator-size-preload-manager=33554432"
    "memorysetup-temp-allocator-size-nav-mesh-worker=65536"
    "memorysetup-temp-allocator-size-audio-worker=65536"
    "memorysetup-temp-allocator-size-cloud-worker=32768"
    "memorysetup-temp-allocator-size-gi-baking-worker=262144"
    "memorysetup-temp-allocator-size-gfx=262144"
Player connection [8031248064] Host "[IP] 192.168.0.17 [Port] 0 [Flags] 2 [Guid] 1745986739 [EditorId] 1745986739 [Version] 1048832 [Id] OSXEditor(0,Daniels-MacBook-Pro.local) [Debug] 1 [PackageName] OSXEditor [ProjectName] Editor" joined multi-casting on [225.0.0.222:54997]...

Player connection [8031248064] Host "[IP] 192.168.0.17 [Port] 0 [Flags] 2 [Guid] 1745986739 [EditorId] 1745986739 [Version] 1048832 [Id] OSXEditor(0,Daniels-MacBook-Pro.local) [Debug] 1 [PackageName] OSXEditor [ProjectName] Editor" joined alternative multi-casting on [225.0.0.222:34997]...

[Physics::Module] Initialized MultithreadedJobDispatcher with {0} workers.
Refreshing native plugins compatible for Editor in 120.45 ms, found 2 plugins.
Preloading 1 native plugins for Editor in 0.51 ms.
Initialize engine version: 2021.3.32f1 (3b9dae9532f5)
[Subsystems] Discovering subsystems at path /Applications/Unity/Hub/Editor/2021.3.32f1/Unity.app/Contents/Resources/UnitySubsystems
[Subsystems] Discovering subsystems at path /Users/daniel/Documents/fe-kingdom-mobile/trunk/FireEmblemMobile/FireEmblemMobileUnityProject/Assets
GfxDevice: creating device client; threaded=0; jobified=0
 preferred device: Apple M3 Pro (high power)
Metal devices available: 1
0: Apple M3 Pro (high power)
Using device Apple M3 Pro (high power)
Initializing Metal device caps: Apple M3 Pro
Shader 'CartoonCoffee/Particle Basic': fallback shader '2' not found
Shader 'CartoonCoffee/Particle Additive': fallback shader '2' not found
Shader 'MoreMountains/MMRipple': fallback shader 'Particle/AlphaBlended' not found
Initialize mono
Mono path[0] = '/Applications/Unity/Hub/Editor/2021.3.32f1/Unity.app/Contents/Managed'
Mono path[1] = '/Applications/Unity/Hub/Editor/2021.3.32f1/Unity.app/Contents/MonoBleedingEdge/lib/mono/unityjit-macos'
Mono config path = '/Applications/Unity/Hub/Editor/2021.3.32f1/Unity.app/Contents/MonoBleedingEdge/etc'
Using monoOptions --debugger-agent=transport=dt_socket,embedding=1,server=y,suspend=n,address=127.0.0.1:56531
Begin MonoManager ReloadAssembly
Registering precompiled unity dll's ...
Register platform support module: /Applications/Unity/Hub/Editor/2021.3.32f1/Unity.app/Contents/PlaybackEngines/MacStandaloneSupport/UnityEditor.OSXStandalone.Extensions.dll
Register platform support module: /Applications/Unity/Hub/Editor/2021.3.32f1/PlaybackEngines/AndroidPlayer/UnityEditor.Android.Extensions.dll
Register platform support module: /Applications/Unity/Hub/Editor/2021.3.32f1/PlaybackEngines/iOSSupport/UnityEditor.iOS.Extensions.dll
Registered in 0.004290 seconds.
[usbmuxd] Start listen thread
[usbmuxd] Listen thread started
[usbmuxd] Send listen message
Native extension for iOS target not found
Native extension for Android target not found
Android Extension - Scanning For ADB Devices 96 ms
Native extension for OSXStandalone target not found
Refreshing native plugins compatible for Editor in 116.80 ms, found 2 plugins.
Preloading 1 native plugins for Editor in 0.20 ms.
Mono: successfully reloaded assembly
- Completed reload, in  0.578 seconds
Domain Reload Profiling:
	ReloadAssembly (578ms)
		BeginReloadAssembly (59ms)
			ExecutionOrderSort (0ms)
			DisableScriptedObjects (0ms)
			BackupInstance (0ms)
			ReleaseScriptingObjects (0ms)
			CreateAndSetChildDomain (0ms)
		EndReloadAssembly (469ms)
			LoadAssemblies (62ms)
			RebuildTransferFunctionScriptingTraits (0ms)
			SetupTypeCache (61ms)
			ReleaseScriptCaches (0ms)
			RebuildScriptCaches (15ms)
			SetupLoadedEditorAssemblies (369ms)
				LogAssemblyErrors (0ms)
				InitializePlatformSupportModulesInManaged (201ms)
				SetLoadedEditorAssemblies (0ms)
				RefreshPlugins (117ms)
				BeforeProcessingInitializeOnLoad (1ms)
				ProcessInitializeOnLoadAttributes (32ms)
				ProcessInitializeOnLoadMethodAttributes (17ms)
				AfterProcessingInitializeOnLoad (0ms)
				EditorAssembliesLoaded (0ms)
			ExecutionOrderSort2 (0ms)
			AwakeInstancesAfterBackupRestoration (0ms)
Platform modules already initialized, skipping
Registering precompiled user dll's ...
Registered in 0.007317 seconds.
Begin MonoManager ReloadAssembly
Symbol file LoadedFromMemory is not a mono symbol file
Native extension for iOS target not found
2023-11-26 10:42:11.091 Unity[13531:652272] [XcodeApplications] Failed to read NSDictionary from path Hca'/Contents/Info.plist
Native extension for Android target not found
Native extension for OSXStandalone target not found
Refreshing native plugins compatible for Editor in 119.64 ms, found 2 plugins.
Preloading 1 native plugins for Editor in 0.17 ms.
Package Manager log level set to [2]
[Package Manager] Server::EnsureServerProcessIsRunning -- launch failed, reason: Unity was launched with the -noUpm command-line argument
[Package Manager] Cannot connect to Unity Package Manager local server
Mono: successfully reloaded assembly
- Completed reload, in  1.257 seconds
Domain Reload Profiling:
	ReloadAssembly (1257ms)
		BeginReloadAssembly (51ms)
			ExecutionOrderSort (0ms)
			DisableScriptedObjects (3ms)
			BackupInstance (0ms)
			ReleaseScriptingObjects (0ms)
			CreateAndSetChildDomain (14ms)
		EndReloadAssembly (1153ms)
			LoadAssemblies (103ms)
			RebuildTransferFunctionScriptingTraits (0ms)
			SetupTypeCache (200ms)
			ReleaseScriptCaches (1ms)
			RebuildScriptCaches (60ms)
			SetupLoadedEditorAssemblies (753ms)
				LogAssemblyErrors (0ms)
				InitializePlatformSupportModulesInManaged (12ms)
				SetLoadedEditorAssemblies (0ms)
				RefreshPlugins (120ms)
				BeforeProcessingInitializeOnLoad (57ms)
				ProcessInitializeOnLoadAttributes (476ms)
				ProcessInitializeOnLoadMethodAttributes (87ms)
				AfterProcessingInitializeOnLoad (1ms)
				EditorAssembliesLoaded (0ms)
			ExecutionOrderSort2 (0ms)
			AwakeInstancesAfterBackupRestoration (1ms)
Platform modules already initialized, skipping
========================================================================
Worker process is ready to serve import requests
Shader 'MoreMountains/MMRipple': fallback shader 'Particle/AlphaBlended' not found
Shader 'CartoonCoffee/Particle Additive': fallback shader '2' not found
Shader 'CartoonCoffee/Particle Basic': fallback shader '2' not found
Launching external process: /Applications/Unity/Hub/Editor/2021.3.32f1/Unity.app/Contents/Tools/UnityShaderCompiler
Launched and connected shader compiler UnityShaderCompiler after 0.04 seconds
Refreshing native plugins compatible for Editor in 1.19 ms, found 2 plugins.
Preloading 1 native plugins for Editor in 0.15 ms.
Unloading 6761 Unused Serialized files (Serialized files now loaded: 0)
Unloading 102 unused Assets / (2.0 MB). Loaded Objects now: 7259.
Memory consumption went from 368.5 MB to 366.4 MB.
Total: 4.913875 ms (FindLiveObjects: 0.177541 ms CreateObjectMapping: 0.066334 ms MarkObjects: 4.368541 ms  DeleteObjects: 0.301250 ms)

AssetImportParameters requested are different than current active one (requested -> active):
  custom:video-decoder-ogg-theora: a1e56fd34408186e4bbccfd4996cb3dc -> 
  custom:container-muxer-webm: aa71ff27fc2769a1b78a27578f13a17b -> 
  custom:container-demuxer-webm: 4f35f7cbe854078d1ac9338744f61a02 -> 
  custom:video-encoder-webm-vp8: eb34c28f22e8b96e1ab97ce403110664 -> 
  custom:framework-osx-AVFoundation: e770b220cccbd017edd2c1fefb359320 -> 
  custom:CustomObjectIndexerAttribute: f67f22312cbe972f2da930a377ed3d15 -> 
  custom:audio-encoder-webm-vorbis: bf7c407c2cedff20999df2af8eb42d56 -> 
  custom:SearchIndexIgnoredProperties: e643bd26f0fe6173181afceb89e7c659 -> 
  custom:container-demuxer-ogg: 62fdf1f143b41e24485cea50d1cbac27 -> 
  custom:video-decoder-webm-vp8: 9c59270c3fd7afecdb556c50c9e8de78 -> 
  custom:audio-decoder-ogg-vorbis: bf7c407c2cedff20999df2af8eb42d56 -> 
========================================================================
Received Import Request.
  Time since last request: 91275.887391 seconds.
  path: Assets/JMO Assets/Cartoon FX Remaster/CFXR Assets/Graphics/cfxr smoke cloud x4 hdr ab.mat
  artifactKey: Guid(5df4345cfe22e7a459953f7b80823e19) Importer(815301076,1909f56bfc062723c751e8b465ee728b)
Number of updated assets reloaded before import = 0
Start importing Assets/JMO Assets/Cartoon FX Remaster/CFXR Assets/Graphics/cfxr smoke cloud x4 hdr ab.mat using Guid(5df4345cfe22e7a459953f7b80823e19) Importer(815301076,1909f56bfc062723c751e8b465ee728b)  -> (artifact id: '793486d3fc278ea0ac2e60b1e6195152') in 0.206105 seconds 
Number of asset objects unloaded after import = 14
========================================================================
Received Import Request.
  Time since last request: 1.191088 seconds.
  path: Assets/JMO Assets/Cartoon FX Remaster/CFXR Prefabs/Eerie/Variants/CFXR2 Magic Explosion Spherical (Unlit, Purple+Blue) Variant.prefab
  artifactKey: Guid(ce45a1ee6b190eb4b807433999c4c8a3) Importer(815301076,1909f56bfc062723c751e8b465ee728b)
Number of updated assets reloaded before import = 0
Start importing Assets/JMO Assets/Cartoon FX Remaster/CFXR Prefabs/Eerie/Variants/CFXR2 Magic Explosion Spherical (Unlit, Purple+Blue) Variant.prefab using Guid(ce45a1ee6b190eb4b807433999c4c8a3) Importer(815301076,1909f56bfc062723c751e8b465ee728b)  -> (artifact id: '2f07e638f66af45ea76e0401ab123561') in 0.070636 seconds 
Number of asset objects unloaded after import = 57
========================================================================
Received Import Request.
  Time since last request: 1.374870 seconds.
  path: Assets/JMO Assets/Cartoon FX Remaster/CFXR Prefabs/_Internal/CFXR2 Magic Stars.prefab
  artifactKey: Guid(8a828aab65104924d91f2a3a6cf90efd) Importer(815301076,1909f56bfc062723c751e8b465ee728b)
Number of updated assets reloaded before import = 0
Start importing Assets/JMO Assets/Cartoon FX Remaster/CFXR Prefabs/_Internal/CFXR2 Magic Stars.prefab using Guid(8a828aab65104924d91f2a3a6cf90efd) Importer(815301076,1909f56bfc062723c751e8b465ee728b)  -> (artifact id: '47057f87f88b2920d083423ff7e58b63') in 0.020579 seconds 
Number of asset objects unloaded after import = 10
========================================================================
Received Import Request.
  Time since last request: 13.255552 seconds.
  path: Assets/JMO Assets/Cartoon FX Remaster/CFXR Prefabs/_Internal/CFXR2 Magic Stars (Alt) Variant.prefab
  artifactKey: Guid(b637ef7d8f9ffa948bb423e6da6ddcff) Importer(815301076,1909f56bfc062723c751e8b465ee728b)
Number of updated assets reloaded before import = 0
Start importing Assets/JMO Assets/Cartoon FX Remaster/CFXR Prefabs/_Internal/CFXR2 Magic Stars (Alt) Variant.prefab using Guid(b637ef7d8f9ffa948bb423e6da6ddcff) Importer(815301076,1909f56bfc062723c751e8b465ee728b)  -> (artifact id: 'd6b64019a14356a36a245ce4bb3e4eb8') in 0.009774 seconds 
Number of asset objects unloaded after import = 16
========================================================================
Received Import Request.
  Time since last request: 0.169567 seconds.
  path: Assets/JMO Assets/Cartoon FX Remaster/CFXR Prefabs/_Internal/CFXR2 Magic Stars (Loop) Variant.prefab
  artifactKey: Guid(434146fbf1cff1840963809fac51680e) Importer(815301076,1909f56bfc062723c751e8b465ee728b)
Number of updated assets reloaded before import = 0
Start importing Assets/JMO Assets/Cartoon FX Remaster/CFXR Prefabs/_Internal/CFXR2 Magic Stars (Loop) Variant.prefab using Guid(434146fbf1cff1840963809fac51680e) Importer(815301076,1909f56bfc062723c751e8b465ee728b)  -> (artifact id: '3c572fdf24522661feeac5c135e65095') in 0.005831 seconds 
Number of asset objects unloaded after import = 16
========================================================================
Received Import Request.
  Time since last request: 18.936436 seconds.
  path: Assets/JMO Assets/Cartoon FX Remaster/CFXR Assets/Graphics/cfxr magic star mesh.asset
  artifactKey: Guid(bd8a92b47db41f644ae7188f06a986a2) Importer(815301076,1909f56bfc062723c751e8b465ee728b)
Number of updated assets reloaded before import = 0
Start importing Assets/JMO Assets/Cartoon FX Remaster/CFXR Assets/Graphics/cfxr magic star mesh.asset using Guid(bd8a92b47db41f644ae7188f06a986a2) Importer(815301076,1909f56bfc062723c751e8b465ee728b)  -> (artifact id: '9a39f1e3b201fdaa9b4a2e4623d0c52e') in 0.042863 seconds 
Number of asset objects unloaded after import = 1
========================================================================
Received Import Request.
  Time since last request: 1.346304 seconds.
  path: Assets/JMO Assets/Cartoon FX Remaster/CFXR Prefabs/Item Pickups/CFXR2 Pickup Magic Star.prefab
  artifactKey: Guid(ea0060767283a8f468820552843edf9c) Importer(815301076,1909f56bfc062723c751e8b465ee728b)
Number of updated assets reloaded before import = 0
Start importing Assets/JMO Assets/Cartoon FX Remaster/CFXR Prefabs/Item Pickups/CFXR2 Pickup Magic Star.prefab using Guid(ea0060767283a8f468820552843edf9c) Importer(815301076,1909f56bfc062723c751e8b465ee728b)  -> (artifact id: 'b85b8bddc17dbc2d98f12a34ca8ebbbc') in 0.074714 seconds 
Number of asset objects unloaded after import = 20
========================================================================
Received Import Request.
  Time since last request: 104.661921 seconds.
  path: Assets/07_GameData/Items/Bombs/Magic Bomb/MagicBomb.prefab
  artifactKey: Guid(a1357353f979149679edca08b7c792c5) Importer(815301076,1909f56bfc062723c751e8b465ee728b)
Number of updated assets reloaded before import = 0
Start importing Assets/07_GameData/Items/Bombs/Magic Bomb/MagicBomb.prefab using Guid(a1357353f979149679edca08b7c792c5) Importer(815301076,1909f56bfc062723c751e8b465ee728b)  -> (artifact id: '022559231bf937084027306da842828e') in 0.011618 seconds 
Number of asset objects unloaded after import = 35
========================================================================
Received Import Request.
  Time since last request: 7.733302 seconds.
  path: Assets/JMO Assets/Cartoon FX Remaster/CFXR Prefabs/Texts/Variants Font WashYourHand/CFXR _CLICK_.prefab
  artifactKey: Guid(0dc7cf5500bda4641a49217093f62068) Importer(815301076,1909f56bfc062723c751e8b465ee728b)
Number of updated assets reloaded before import = 0
Start importing Assets/JMO Assets/Cartoon FX Remaster/CFXR Prefabs/Texts/Variants Font WashYourHand/CFXR _CLICK_.prefab using Guid(0dc7cf5500bda4641a49217093f62068) Importer(815301076,1909f56bfc062723c751e8b465ee728b)  -> (artifact id: '44bde815304290839e49cbf03c145285') in 0.015014 seconds 
Number of asset objects unloaded after import = 99
========================================================================
Received Import Request.
  Time since last request: 0.000043 seconds.
  path: Assets/JMO Assets/Cartoon FX Remaster/CFXR Prefabs/Texts/Variants Font WashYourHand/CFXR _POOF_.prefab
  artifactKey: Guid(f98c0eff4145d9e4baa10e0c2a205b77) Importer(815301076,1909f56bfc062723c751e8b465ee728b)
Number of updated assets reloaded before import = 0
Start importing Assets/JMO Assets/Cartoon FX Remaster/CFXR Prefabs/Texts/Variants Font WashYourHand/CFXR _POOF_.prefab using Guid(f98c0eff4145d9e4baa10e0c2a205b77) Importer(815301076,1909f56bfc062723c751e8b465ee728b)  -> (artifact id: 'bc9b141bf34c8a415459d33f4da48fbd') in 0.007499 seconds 
Number of asset objects unloaded after import = 99
========================================================================
Received Import Request.
  Time since last request: 0.000038 seconds.
  path: Assets/JMO Assets/Cartoon FX Remaster/CFXR Prefabs/Texts/CFXR _POOF_.prefab
  artifactKey: Guid(557dcb1e86db56941a7c48fe0515688c) Importer(815301076,1909f56bfc062723c751e8b465ee728b)
Number of updated assets reloaded before import = 0
Start importing Assets/JMO Assets/Cartoon FX Remaster/CFXR Prefabs/Texts/CFXR _POOF_.prefab using Guid(557dcb1e86db56941a7c48fe0515688c) Importer(815301076,1909f56bfc062723c751e8b465ee728b)  -> (artifact id: '19640a63fde5eb5be26ed01ed668fec9') in 0.007057 seconds 
Number of asset objects unloaded after import = 99
========================================================================
Received Import Request.
  Time since last request: 0.000034 seconds.
  path: Assets/JMO Assets/Cartoon FX Remaster/CFXR Prefabs/Texts/Variants Font WashYourHand/CFXR _CLICK_ 2.prefab
  artifactKey: Guid(dc86269ada75fce4d815bfbd5d6c3c37) Importer(815301076,1909f56bfc062723c751e8b465ee728b)
Number of updated assets reloaded before import = 0
Start importing Assets/JMO Assets/Cartoon FX Remaster/CFXR Prefabs/Texts/Variants Font WashYourHand/CFXR _CLICK_ 2.prefab using Guid(dc86269ada75fce4d815bfbd5d6c3c37) Importer(815301076,1909f56bfc062723c751e8b465ee728b)  -> (artifact id: '934101cbe79afdb400583b6d9c556d4d') in 0.008601 seconds 
Number of asset objects unloaded after import = 99
========================================================================
Received Import Request.
  Time since last request: 0.250666 seconds.
  path: Assets/JMO Assets/Cartoon FX Remaster/CFXR Prefabs/Texts/Variants Font WashYourHand/CFXR2 _WHAM_ 2.prefab
  artifactKey: Guid(0d239ece75f62654fbadb1dd89ad572f) Importer(815301076,1909f56bfc062723c751e8b465ee728b)
Number of updated assets reloaded before import = 0
Start importing Assets/JMO Assets/Cartoon FX Remaster/CFXR Prefabs/Texts/Variants Font WashYourHand/CFXR2 _WHAM_ 2.prefab using Guid(0d239ece75f62654fbadb1dd89ad572f) Importer(815301076,1909f56bfc062723c751e8b465ee728b)  -> (artifact id: 'd83cd40f32c801e35bcd380e3ce0bc48') in 0.007468 seconds 
Number of asset objects unloaded after import = 99
========================================================================
Received Import Request.
  Time since last request: 0.000032 seconds.
  path: Assets/JMO Assets/Cartoon FX Remaster/CFXR Prefabs/Texts/Variants Font WashYourHand/CFXR2 _WHAM_ 3.prefab
  artifactKey: Guid(e60e313c693b9f04d932211467d353f5) Importer(815301076,1909f56bfc062723c751e8b465ee728b)
Number of updated assets reloaded before import = 0
Start importing Assets/JMO Assets/Cartoon FX Remaster/CFXR Prefabs/Texts/Variants Font WashYourHand/CFXR2 _WHAM_ 3.prefab using Guid(e60e313c693b9f04d932211467d353f5) Importer(815301076,1909f56bfc062723c751e8b465ee728b)  -> (artifact id: 'dcbca883d5be851b68a82ecfd575cb74') in 0.006691 seconds 
Number of asset objects unloaded after import = 99
========================================================================
Received Import Request.
  Time since last request: 0.846781 seconds.
  path: Assets/JMO Assets/Cartoon FX Remaster/CFXR Prefabs/Liquids/Variants/CFXR2 Blood (Spherical, heavy).prefab
  artifactKey: Guid(26987d3d60f98a142a4abae1ba7b473f) Importer(815301076,1909f56bfc062723c751e8b465ee728b)
Number of updated assets reloaded before import = 0
Start importing Assets/JMO Assets/Cartoon FX Remaster/CFXR Prefabs/Liquids/Variants/CFXR2 Blood (Spherical, heavy).prefab using Guid(26987d3d60f98a142a4abae1ba7b473f) Importer(815301076,1909f56bfc062723c751e8b465ee728b)  -> (artifact id: '3b96decaed97e9141a1cacf3934d4a18') in 0.012351 seconds 
Number of asset objects unloaded after import = 43
========================================================================
Received Import Request.
  Time since last request: 0.000032 seconds.
  path: Assets/JMO Assets/Cartoon FX Remaster/CFXR Prefabs/Liquids/Variants/CFXR2 Blood Shape Splash (Blue).prefab
  artifactKey: Guid(cd4bf6be4b6077f4e96a427097a3faf9) Importer(815301076,1909f56bfc062723c751e8b465ee728b)
Number of updated assets reloaded before import = 0
Start importing Assets/JMO Assets/Cartoon FX Remaster/CFXR Prefabs/Liquids/Variants/CFXR2 Blood Shape Splash (Blue).prefab using Guid(cd4bf6be4b6077f4e96a427097a3faf9) Importer(815301076,1909f56bfc062723c751e8b465ee728b)  -> (artifact id: '655e36f09d7202a3398c507942635837') in 0.007205 seconds 
Number of asset objects unloaded after import = 36
========================================================================
Received Import Request.
  Time since last request: 0.000031 seconds.
  path: Assets/JMO Assets/Cartoon FX Remaster/CFXR Prefabs/Liquids/Variants/CFXR2 Blood Shape Gravity.prefab
  artifactKey: Guid(97c48ef636fabba40aba2a7d6ebf8203) Importer(815301076,1909f56bfc062723c751e8b465ee728b)
Number of updated assets reloaded before import = 0
Start importing Assets/JMO Assets/Cartoon FX Remaster/CFXR Prefabs/Liquids/Variants/CFXR2 Blood Shape Gravity.prefab using Guid(97c48ef636fabba40aba2a7d6ebf8203) Importer(815301076,1909f56bfc062723c751e8b465ee728b)  -> (artifact id: 'cb2d4ea3bb0f7a6947c9284307bf61e0') in 0.008276 seconds 
Number of asset objects unloaded after import = 35
========================================================================
Received Import Request.
  Time since last request: 0.282009 seconds.
  path: Assets/JMO Assets/Cartoon FX Remaster/CFXR Prefabs/Explosions/Variants/CFXR2 Explosion + Projections (Lit, Blue).prefab
  artifactKey: Guid(dd65ff4b89c218741b49af1c4002a5d3) Importer(815301076,1909f56bfc062723c751e8b465ee728b)
Number of updated assets reloaded before import = 0
Start importing Assets/JMO Assets/Cartoon FX Remaster/CFXR Prefabs/Explosions/Variants/CFXR2 Explosion + Projections (Lit, Blue).prefab using Guid(dd65ff4b89c218741b49af1c4002a5d3) Importer(815301076,1909f56bfc062723c751e8b465ee728b)  -> (artifact id: '7e850ebafc45d22daea244dee024a9fe') in 0.016932 seconds 
Number of asset objects unloaded after import = 236
========================================================================
Received Import Request.
  Time since last request: 0.000044 seconds.
  path: Assets/JMO Assets/Cartoon FX Remaster/CFXR Prefabs/Expressions/CFXR2 Expression Angry (Loop, Alt).prefab
  artifactKey: Guid(711aa0ee7e749e54e8e667106fb1c87a) Importer(815301076,1909f56bfc062723c751e8b465ee728b)
Number of updated assets reloaded before import = 0
Start importing Assets/JMO Assets/Cartoon FX Remaster/CFXR Prefabs/Expressions/CFXR2 Expression Angry (Loop, Alt).prefab using Guid(711aa0ee7e749e54e8e667106fb1c87a) Importer(815301076,1909f56bfc062723c751e8b465ee728b)  -> (artifact id: '082fede0dffa0dde6c0127f03a27eb79') in 0.065069 seconds 
Number of asset objects unloaded after import = 24
========================================================================
Received Import Request.
  Time since last request: 46.699099 seconds.
  path: Assets/JMO Assets/Cartoon FX Remaster/CFXR Prefabs/Explosions/CFXR2 WW Explosion.prefab
  artifactKey: Guid(2e1e9506f5904a64b81744324fb7cd50) Importer(815301076,1909f56bfc062723c751e8b465ee728b)
Number of updated assets reloaded before import = 0
Start importing Assets/JMO Assets/Cartoon FX Remaster/CFXR Prefabs/Explosions/CFXR2 WW Explosion.prefab using Guid(2e1e9506f5904a64b81744324fb7cd50) Importer(815301076,1909f56bfc062723c751e8b465ee728b)  -> (artifact id: 'f5a29d9cffcbef0aa977d31566906012') in 0.061399 seconds 
Number of asset objects unloaded after import = 47
========================================================================
Received Import Request.
  Time since last request: 0.000030 seconds.
  path: Assets/JMO Assets/Cartoon FX Remaster/CFXR Prefabs/Explosions/CFXR2 WW Explosion + Projections.prefab
  artifactKey: Guid(76cb32469aae9c2459a808ff517fa7d7) Importer(815301076,1909f56bfc062723c751e8b465ee728b)
Number of updated assets reloaded before import = 0
Start importing Assets/JMO Assets/Cartoon FX Remaster/CFXR Prefabs/Explosions/CFXR2 WW Explosion + Projections.prefab using Guid(76cb32469aae9c2459a808ff517fa7d7) Importer(815301076,1909f56bfc062723c751e8b465ee728b)  -> (artifact id: '4fb70d8afff3de47df68124a0e6f8243') in 0.055321 seconds 
Number of asset objects unloaded after import = 123
========================================================================
Received Import Request.
  Time since last request: 47.474776 seconds.
  path: Assets/JMO Assets/Cartoon FX Remaster/CFXR Assets/Graphics/cfxr spikes impact mesh.asset
  artifactKey: Guid(928806a91d0b01541aa11e36bb755ab7) Importer(815301076,1909f56bfc062723c751e8b465ee728b)
Number of updated assets reloaded before import = 0
Start importing Assets/JMO Assets/Cartoon FX Remaster/CFXR Assets/Graphics/cfxr spikes impact mesh.asset using Guid(928806a91d0b01541aa11e36bb755ab7) Importer(815301076,1909f56bfc062723c751e8b465ee728b)  -> (artifact id: '54ceb041b3011c3dd520e4ce389e1759') in 0.009527 seconds 
Number of asset objects unloaded after import = 1
========================================================================
Received Import Request.
  Time since last request: 32.748388 seconds.
  path: Assets/JMO Assets/Cartoon FX Remaster/CFXR Assets/Graphics/cfxr ww smoke second color ab.mat
  artifactKey: Guid(869742a199537664ea313c65dc8525cc) Importer(815301076,1909f56bfc062723c751e8b465ee728b)
Number of updated assets reloaded before import = 0
Start importing Assets/JMO Assets/Cartoon FX Remaster/CFXR Assets/Graphics/cfxr ww smoke second color ab.mat using Guid(869742a199537664ea313c65dc8525cc) Importer(815301076,1909f56bfc062723c751e8b465ee728b)  -> (artifact id: 'db6b23e122f1064345f7451a720a3337') in 0.015945 seconds 
Number of asset objects unloaded after import = 4
========================================================================
Received Import Request.
  Time since last request: 15.023597 seconds.
  path: Assets/JMO Assets/Cartoon FX Remaster/CFXR Assets/Graphics/cfxr stretch spikes x2 hdr ab.mat
  artifactKey: Guid(7f1fea85f791b4f4b8fabff9da93491a) Importer(815301076,1909f56bfc062723c751e8b465ee728b)
Number of updated assets reloaded before import = 0
Start importing Assets/JMO Assets/Cartoon FX Remaster/CFXR Assets/Graphics/cfxr stretch spikes x2 hdr ab.mat using Guid(7f1fea85f791b4f4b8fabff9da93491a) Importer(815301076,1909f56bfc062723c751e8b465ee728b)  -> (artifact id: '3de4ff19125c3cbdaffe52f4b7dc7699') in 0.012905 seconds 
Number of asset objects unloaded after import = 4
========================================================================
Received Import Request.
  Time since last request: 1048.352792 seconds.
  path: Assets/JMO Assets/Cartoon FX (legacy)/CFX3 Prefabs/Environment/CFX3_SmokeColumn_Black.prefab
  artifactKey: Guid(d164048b512cbec4d8584577d879c371) Importer(815301076,1909f56bfc062723c751e8b465ee728b)
Number of updated assets reloaded before import = 0
Start importing Assets/JMO Assets/Cartoon FX (legacy)/CFX3 Prefabs/Environment/CFX3_SmokeColumn_Black.prefab using Guid(d164048b512cbec4d8584577d879c371) Importer(815301076,1909f56bfc062723c751e8b465ee728b)  -> (artifact id: 'f3ab9c95fbf09095e7850e52293c1e06') in 0.136652 seconds 
Number of asset objects unloaded after import = 9
========================================================================
Received Import Request.
  Time since last request: 0.000109 seconds.
  path: Assets/JMO Assets/Cartoon FX (legacy)/CFX3 Prefabs/Environment/CFX3_SmokeColumn_Wind_White.prefab
  artifactKey: Guid(17263577529e4394b8ee4e26b2631726) Importer(815301076,1909f56bfc062723c751e8b465ee728b)
Number of updated assets reloaded before import = 0
Start importing Assets/JMO Assets/Cartoon FX (legacy)/CFX3 Prefabs/Environment/CFX3_SmokeColumn_Wind_White.prefab using Guid(17263577529e4394b8ee4e26b2631726) Importer(815301076,1909f56bfc062723c751e8b465ee728b)  -> (artifact id: '3cec676f803581c9340e14977abb2358') in 0.008600 seconds 
Number of asset objects unloaded after import = 9
========================================================================
Received Import Request.
  Time since last request: 0.000029 seconds.
  path: Assets/JMO Assets/Cartoon FX (legacy)/CFX3 Prefabs/Environment/CFX3_SmokeColumn_Wind_Black.prefab
  artifactKey: Guid(1a220dcd47d8e6241902fedb6c01497c) Importer(815301076,1909f56bfc062723c751e8b465ee728b)
Number of updated assets reloaded before import = 0
Start importing Assets/JMO Assets/Cartoon FX (legacy)/CFX3 Prefabs/Environment/CFX3_SmokeColumn_Wind_Black.prefab using Guid(1a220dcd47d8e6241902fedb6c01497c) Importer(815301076,1909f56bfc062723c751e8b465ee728b)  -> (artifact id: '1fab6446cce43bfbb84d72de296093c7') in 0.006523 seconds 
Number of asset objects unloaded after import = 9
========================================================================
Received Import Request.
  Time since last request: 0.000034 seconds.
  path: Assets/JMO Assets/Cartoon FX (legacy)/CFX3 Prefabs/Environment/CFX3_SmokeColumn_Red.prefab
  artifactKey: Guid(d3fbd02d1e5752b4b9cd806b0b247da4) Importer(815301076,1909f56bfc062723c751e8b465ee728b)
Number of updated assets reloaded before import = 0
Start importing Assets/JMO Assets/Cartoon FX (legacy)/CFX3 Prefabs/Environment/CFX3_SmokeColumn_Red.prefab using Guid(d3fbd02d1e5752b4b9cd806b0b247da4) Importer(815301076,1909f56bfc062723c751e8b465ee728b)  -> (artifact id: '9ca648b5ee92ba9b3f5e2abca0f5ba0e') in 0.005375 seconds 
Number of asset objects unloaded after import = 9
========================================================================
Received Import Request.
  Time since last request: 0.000038 seconds.
  path: Assets/JMO Assets/Cartoon FX (legacy)/CFX3 Prefabs/Environment/CFX3_SmokeColumn_Wind_Green.prefab
  artifactKey: Guid(f69a28860cb2b4a44a0d9b292ec416b7) Importer(815301076,1909f56bfc062723c751e8b465ee728b)
Number of updated assets reloaded before import = 0
Start importing Assets/JMO Assets/Cartoon FX (legacy)/CFX3 Prefabs/Environment/CFX3_SmokeColumn_Wind_Green.prefab using Guid(f69a28860cb2b4a44a0d9b292ec416b7) Importer(815301076,1909f56bfc062723c751e8b465ee728b)  -> (artifact id: 'ccffbce39641a20f1536a4376b56ab90') in 0.006127 seconds 
Number of asset objects unloaded after import = 9
========================================================================
Received Import Request.
  Time since last request: 0.000042 seconds.
  path: Assets/JMO Assets/Cartoon FX (legacy)/CFX4 Prefabs/Explosions/Variants/CFX4 Explosion SoftEdge Ground (Blue, No Smoke).prefab
  artifactKey: Guid(214093005ce0e4c47b4716acf54dd328) Importer(815301076,1909f56bfc062723c751e8b465ee728b)
Number of updated assets reloaded before import = 0
Start importing Assets/JMO Assets/Cartoon FX (legacy)/CFX4 Prefabs/Explosions/Variants/CFX4 Explosion SoftEdge Ground (Blue, No Smoke).prefab using Guid(214093005ce0e4c47b4716acf54dd328) Importer(815301076,1909f56bfc062723c751e8b465ee728b)  -> (artifact id: '84076a8b12dca1fc4174419f90177f1f') in 0.009758 seconds 
Number of asset objects unloaded after import = 33
========================================================================
Received Import Request.
  Time since last request: 0.000050 seconds.
  path: Assets/JMO Assets/Cartoon FX (legacy)/CFX3 Prefabs/Environment/Variants/CFX3_SmokeColumn_Wind_Black (Prewarm).prefab
  artifactKey: Guid(84ef3a0bd141dbb49ad963e84477eccf) Importer(815301076,1909f56bfc062723c751e8b465ee728b)
Number of updated assets reloaded before import = 0
Start importing Assets/JMO Assets/Cartoon FX (legacy)/CFX3 Prefabs/Environment/Variants/CFX3_SmokeColumn_Wind_Black (Prewarm).prefab using Guid(84ef3a0bd141dbb49ad963e84477eccf) Importer(815301076,1909f56bfc062723c751e8b465ee728b)  -> (artifact id: '3fd09b30928f3b477b86985f2f94bbd2') in 0.004568 seconds 
Number of asset objects unloaded after import = 9
========================================================================
Received Import Request.
  Time since last request: 0.000051 seconds.
  path: Assets/JMO Assets/Cartoon FX (legacy)/CFX3 Prefabs/Environment/CFX3_SmokeColumn_Green.prefab
  artifactKey: Guid(ec1b2bb0ab8377b40b6f0abaf7a7f1f2) Importer(815301076,1909f56bfc062723c751e8b465ee728b)
Number of updated assets reloaded before import = 0
Start importing Assets/JMO Assets/Cartoon FX (legacy)/CFX3 Prefabs/Environment/CFX3_SmokeColumn_Green.prefab using Guid(ec1b2bb0ab8377b40b6f0abaf7a7f1f2) Importer(815301076,1909f56bfc062723c751e8b465ee728b)  -> (artifact id: '0f9db9af7ef138634df86eabfd933f98') in 0.005659 seconds 
Number of asset objects unloaded after import = 9
========================================================================
Received Import Request.
  Time since last request: 0.000052 seconds.
  path: Assets/JMO Assets/Cartoon FX (legacy)/CFX3 Prefabs/Environment/CFX3_SmokeColumn_White.prefab
  artifactKey: Guid(70a155c91461538449bc5795c0013315) Importer(815301076,1909f56bfc062723c751e8b465ee728b)
Number of updated assets reloaded before import = 0
Start importing Assets/JMO Assets/Cartoon FX (legacy)/CFX3 Prefabs/Environment/CFX3_SmokeColumn_White.prefab using Guid(70a155c91461538449bc5795c0013315) Importer(815301076,1909f56bfc062723c751e8b465ee728b)  -> (artifact id: '08a3c5ce8b129b964609fc7b528cfbc1') in 0.005576 seconds 
Number of asset objects unloaded after import = 9
========================================================================
Received Import Request.
  Time since last request: 0.000040 seconds.
  path: Assets/JMO Assets/Cartoon FX (legacy)/CFX3 Prefabs/Environment/Variants/CFX3_SmokeColumn_Red (Prewarm).prefab
  artifactKey: Guid(6f25f6c22344ba64b8d999f5787d3e53) Importer(815301076,1909f56bfc062723c751e8b465ee728b)
Number of updated assets reloaded before import = 0
Start importing Assets/JMO Assets/Cartoon FX (legacy)/CFX3 Prefabs/Environment/Variants/CFX3_SmokeColumn_Red (Prewarm).prefab using Guid(6f25f6c22344ba64b8d999f5787d3e53) Importer(815301076,1909f56bfc062723c751e8b465ee728b)  -> (artifact id: 'f243ec5f2e0bb995561e9f89f5f13338') in 0.005894 seconds 
Number of asset objects unloaded after import = 9
========================================================================
Received Import Request.
  Time since last request: 0.000049 seconds.
  path: Assets/JMO Assets/Cartoon FX (legacy)/CFX4 Prefabs/Explosions/Variants/CFX4 Explosion Quick (No Smoke).prefab
  artifactKey: Guid(60597115beddddf44a58f84b551e9917) Importer(815301076,1909f56bfc062723c751e8b465ee728b)
Number of updated assets reloaded before import = 0
Start importing Assets/JMO Assets/Cartoon FX (legacy)/CFX4 Prefabs/Explosions/Variants/CFX4 Explosion Quick (No Smoke).prefab using Guid(60597115beddddf44a58f84b551e9917) Importer(815301076,1909f56bfc062723c751e8b465ee728b)  -> (artifact id: '5f3b0b7a87db238358cf6f7b165cde44') in 0.009515 seconds 
Number of asset objects unloaded after import = 27
========================================================================
Received Import Request.
  Time since last request: 0.000038 seconds.
  path: Assets/JMO Assets/Cartoon FX (legacy)/CFX3 Prefabs/Environment/Variants/CFX3_SmokeColumn_Wind_Green (Prewarm).prefab
  artifactKey: Guid(0c2254e2be8f59c4e9b4492b23f16433) Importer(815301076,1909f56bfc062723c751e8b465ee728b)
Number of updated assets reloaded before import = 0
Start importing Assets/JMO Assets/Cartoon FX (legacy)/CFX3 Prefabs/Environment/Variants/CFX3_SmokeColumn_Wind_Green (Prewarm).prefab using Guid(0c2254e2be8f59c4e9b4492b23f16433) Importer(815301076,1909f56bfc062723c751e8b465ee728b)  -> (artifact id: '01543271b1c7c8c5d294027a89758a43') in 0.008615 seconds 
Number of asset objects unloaded after import = 9
Editor requested this worker to shutdown with reason: Scaling down because of idle timeout
AssetImportWorker is now disconnected from the server
Process exiting
