Unity Editor version:    2021.3.32f1 (3b9dae9532f5)
Branch:                  2021.3/staging
Build type:              Release
Batch mode:              YES
macOS version:           Version 14.1.1 (Build 23B2082)
Darwin version:          23.1.0
Architecture:            arm64
Running under Rosetta:   NO
Available memory:        18432 MB
Using pre-set license
Pro License: YES

COMMAND LINE ARGUMENTS:
/Applications/Unity/Hub/Editor/2021.3.32f1/Unity.app/Contents/MacOS/Unity
-adb2
-batchMode
-noUpm
-name
AssetImportWorker12
-projectPath
/Users/daniel/Documents/fe-kingdom-mobile/trunk/FireEmblemMobile/FireEmblemMobileUnityProject
-logFile
Logs/AssetImportWorker12.log
-srvPort
49251
Successfully changed project path to: /Users/daniel/Documents/fe-kingdom-mobile/trunk/FireEmblemMobile/FireEmblemMobileUnityProject
/Users/daniel/Documents/fe-kingdom-mobile/trunk/FireEmblemMobile/FireEmblemMobileUnityProject
[UnityMemory] Configuration Parameters - Can be set up in boot.config
    "memorysetup-bucket-allocator-granularity=16"
    "memorysetup-bucket-allocator-bucket-count=8"
    "memorysetup-bucket-allocator-block-size=33554432"
    "memorysetup-bucket-allocator-block-count=8"
    "memorysetup-main-allocator-block-size=16777216"
    "memorysetup-thread-allocator-block-size=16777216"
    "memorysetup-gfx-main-allocator-block-size=16777216"
    "memorysetup-gfx-thread-allocator-block-size=16777216"
    "memorysetup-cache-allocator-block-size=4194304"
    "memorysetup-typetree-allocator-block-size=2097152"
    "memorysetup-profiler-bucket-allocator-granularity=16"
    "memorysetup-profiler-bucket-allocator-bucket-count=8"
    "memorysetup-profiler-bucket-allocator-block-size=33554432"
    "memorysetup-profiler-bucket-allocator-block-count=8"
    "memorysetup-profiler-allocator-block-size=16777216"
    "memorysetup-profiler-editor-allocator-block-size=1048576"
    "memorysetup-temp-allocator-size-main=16777216"
    "memorysetup-job-temp-allocator-block-size=2097152"
    "memorysetup-job-temp-allocator-block-size-background=1048576"
    "memorysetup-job-temp-allocator-reduction-small-platforms=262144"
    "memorysetup-temp-allocator-size-background-worker=32768"
    "memorysetup-temp-allocator-size-job-worker=262144"
    "memorysetup-temp-allocator-size-preload-manager=33554432"
    "memorysetup-temp-allocator-size-nav-mesh-worker=65536"
    "memorysetup-temp-allocator-size-audio-worker=65536"
    "memorysetup-temp-allocator-size-cloud-worker=32768"
    "memorysetup-temp-allocator-size-gi-baking-worker=262144"
    "memorysetup-temp-allocator-size-gfx=262144"
Player connection [8030576320] Host "[IP] 192.168.0.2 [Port] 0 [Flags] 2 [Guid] 2547795277 [EditorId] 2547795277 [Version] 1048832 [Id] OSXEditor(0,Daniels-MacBook-Pro.local) [Debug] 1 [PackageName] OSXEditor [ProjectName] Editor" joined multi-casting on [225.0.0.222:54997]...

Player connection [8030576320] Host "[IP] 192.168.0.2 [Port] 0 [Flags] 2 [Guid] 2547795277 [EditorId] 2547795277 [Version] 1048832 [Id] OSXEditor(0,Daniels-MacBook-Pro.local) [Debug] 1 [PackageName] OSXEditor [ProjectName] Editor" joined alternative multi-casting on [225.0.0.222:34997]...

[Physics::Module] Initialized MultithreadedJobDispatcher with {0} workers.
Refreshing native plugins compatible for Editor in 147.50 ms, found 2 plugins.
Preloading 1 native plugins for Editor in 0.51 ms.
Initialize engine version: 2021.3.32f1 (3b9dae9532f5)
[Subsystems] Discovering subsystems at path /Applications/Unity/Hub/Editor/2021.3.32f1/Unity.app/Contents/Resources/UnitySubsystems
[Subsystems] Discovering subsystems at path /Users/daniel/Documents/fe-kingdom-mobile/trunk/FireEmblemMobile/FireEmblemMobileUnityProject/Assets
GfxDevice: creating device client; threaded=0; jobified=0
 preferred device: Apple M3 Pro (high power)
Metal devices available: 1
0: Apple M3 Pro (high power)
Using device Apple M3 Pro (high power)
Initializing Metal device caps: Apple M3 Pro
Shader 'CartoonCoffee/Particle Basic': fallback shader '2' not found
Shader 'CartoonCoffee/Particle Additive': fallback shader '2' not found
Shader 'MoreMountains/MMRipple': fallback shader 'Particle/AlphaBlended' not found
Initialize mono
Mono path[0] = '/Applications/Unity/Hub/Editor/2021.3.32f1/Unity.app/Contents/Managed'
Mono path[1] = '/Applications/Unity/Hub/Editor/2021.3.32f1/Unity.app/Contents/MonoBleedingEdge/lib/mono/unityjit-macos'
Mono config path = '/Applications/Unity/Hub/Editor/2021.3.32f1/Unity.app/Contents/MonoBleedingEdge/etc'
Using monoOptions --debugger-agent=transport=dt_socket,embedding=1,server=y,suspend=n,address=127.0.0.1:56539
Begin MonoManager ReloadAssembly
Registering precompiled unity dll's ...
Register platform support module: /Applications/Unity/Hub/Editor/2021.3.32f1/Unity.app/Contents/PlaybackEngines/MacStandaloneSupport/UnityEditor.OSXStandalone.Extensions.dll
Register platform support module: /Applications/Unity/Hub/Editor/2021.3.32f1/PlaybackEngines/AndroidPlayer/UnityEditor.Android.Extensions.dll
Register platform support module: /Applications/Unity/Hub/Editor/2021.3.32f1/PlaybackEngines/iOSSupport/UnityEditor.iOS.Extensions.dll
Registered in 0.001255 seconds.
[usbmuxd] Start listen thread
[usbmuxd] Listen thread started
[usbmuxd] Send listen message
Native extension for iOS target not found
Native extension for Android target not found
Android Extension - Scanning For ADB Devices 65 ms
Native extension for OSXStandalone target not found
Refreshing native plugins compatible for Editor in 126.55 ms, found 2 plugins.
Preloading 1 native plugins for Editor in 0.20 ms.
Mono: successfully reloaded assembly
- Completed reload, in  0.540 seconds
Domain Reload Profiling:
	ReloadAssembly (540ms)
		BeginReloadAssembly (53ms)
			ExecutionOrderSort (0ms)
			DisableScriptedObjects (0ms)
			BackupInstance (0ms)
			ReleaseScriptingObjects (0ms)
			CreateAndSetChildDomain (0ms)
		EndReloadAssembly (441ms)
			LoadAssemblies (53ms)
			RebuildTransferFunctionScriptingTraits (0ms)
			SetupTypeCache (59ms)
			ReleaseScriptCaches (0ms)
			RebuildScriptCaches (16ms)
			SetupLoadedEditorAssemblies (344ms)
				LogAssemblyErrors (0ms)
				InitializePlatformSupportModulesInManaged (165ms)
				SetLoadedEditorAssemblies (0ms)
				RefreshPlugins (127ms)
				BeforeProcessingInitializeOnLoad (1ms)
				ProcessInitializeOnLoadAttributes (34ms)
				ProcessInitializeOnLoadMethodAttributes (18ms)
				AfterProcessingInitializeOnLoad (0ms)
				EditorAssembliesLoaded (0ms)
			ExecutionOrderSort2 (0ms)
			AwakeInstancesAfterBackupRestoration (0ms)
Platform modules already initialized, skipping
Registering precompiled user dll's ...
Registered in 0.006604 seconds.
Begin MonoManager ReloadAssembly
Symbol file LoadedFromMemory is not a mono symbol file
Native extension for iOS target not found
Native extension for Android target not found
Native extension for OSXStandalone target not found
Refreshing native plugins compatible for Editor in 123.28 ms, found 2 plugins.
Preloading 1 native plugins for Editor in 0.20 ms.
Package Manager log level set to [2]
[Package Manager] Server::EnsureServerProcessIsRunning -- launch failed, reason: Unity was launched with the -noUpm command-line argument
[Package Manager] Cannot connect to Unity Package Manager local server
Mono: successfully reloaded assembly
- Completed reload, in  1.250 seconds
Domain Reload Profiling:
	ReloadAssembly (1250ms)
		BeginReloadAssembly (56ms)
			ExecutionOrderSort (0ms)
			DisableScriptedObjects (3ms)
			BackupInstance (0ms)
			ReleaseScriptingObjects (0ms)
			CreateAndSetChildDomain (16ms)
		EndReloadAssembly (1138ms)
			LoadAssemblies (84ms)
			RebuildTransferFunctionScriptingTraits (0ms)
			SetupTypeCache (199ms)
			ReleaseScriptCaches (0ms)
			RebuildScriptCaches (62ms)
			SetupLoadedEditorAssemblies (754ms)
				LogAssemblyErrors (0ms)
				InitializePlatformSupportModulesInManaged (13ms)
				SetLoadedEditorAssemblies (0ms)
				RefreshPlugins (124ms)
				BeforeProcessingInitializeOnLoad (58ms)
				ProcessInitializeOnLoadAttributes (466ms)
				ProcessInitializeOnLoadMethodAttributes (93ms)
				AfterProcessingInitializeOnLoad (1ms)
				EditorAssembliesLoaded (0ms)
			ExecutionOrderSort2 (0ms)
			AwakeInstancesAfterBackupRestoration (2ms)
Platform modules already initialized, skipping
========================================================================
Worker process is ready to serve import requests
Shader 'CartoonCoffee/Particle Additive': fallback shader '2' not found
Shader 'MoreMountains/MMRipple': fallback shader 'Particle/AlphaBlended' not found
Shader 'CartoonCoffee/Particle Basic': fallback shader '2' not found
Launching external process: /Applications/Unity/Hub/Editor/2021.3.32f1/Unity.app/Contents/Tools/UnityShaderCompiler
Launched and connected shader compiler UnityShaderCompiler after 0.04 seconds
Refreshing native plugins compatible for Editor in 1.18 ms, found 2 plugins.
Preloading 1 native plugins for Editor in 0.15 ms.
Unloading 6643 Unused Serialized files (Serialized files now loaded: 0)
Unloading 102 unused Assets / (2.1 MB). Loaded Objects now: 7145.
Memory consumption went from 361.3 MB to 359.2 MB.
Total: 5.115042 ms (FindLiveObjects: 0.206292 ms CreateObjectMapping: 0.063542 ms MarkObjects: 4.427250 ms  DeleteObjects: 0.417750 ms)

AssetImportParameters requested are different than current active one (requested -> active):
  custom:video-decoder-ogg-theora: a1e56fd34408186e4bbccfd4996cb3dc -> 
  custom:container-muxer-webm: aa71ff27fc2769a1b78a27578f13a17b -> 
  custom:container-demuxer-webm: 4f35f7cbe854078d1ac9338744f61a02 -> 
  custom:video-encoder-webm-vp8: eb34c28f22e8b96e1ab97ce403110664 -> 
  custom:framework-osx-AVFoundation: e770b220cccbd017edd2c1fefb359320 -> 
  custom:CustomObjectIndexerAttribute: f67f22312cbe972f2da930a377ed3d15 -> 
  custom:audio-encoder-webm-vorbis: bf7c407c2cedff20999df2af8eb42d56 -> 
  custom:SearchIndexIgnoredProperties: e643bd26f0fe6173181afceb89e7c659 -> 
  custom:container-demuxer-ogg: 62fdf1f143b41e24485cea50d1cbac27 -> 
  custom:video-decoder-webm-vp8: 9c59270c3fd7afecdb556c50c9e8de78 -> 
  custom:audio-decoder-ogg-vorbis: bf7c407c2cedff20999df2af8eb42d56 -> 
========================================================================
Received Import Request.
  Time since last request: 34892.160378 seconds.
  path: Assets/07_GameData/StatusEffects/EnwebbedVFX.prefab
  artifactKey: Guid(6b946642346d0413885375d9fa7f4900) Importer(815301076,1909f56bfc062723c751e8b465ee728b)
Number of updated assets reloaded before import = 0
Start importing Assets/07_GameData/StatusEffects/EnwebbedVFX.prefab using Guid(6b946642346d0413885375d9fa7f4900) Importer(815301076,1909f56bfc062723c751e8b465ee728b)  -> (artifact id: 'c9c9fc2e99cd76aafc8f728031a2b7d7') in 0.222850 seconds 
Number of asset objects unloaded after import = 32
========================================================================
Received Import Request.
  Time since last request: 2182.932128 seconds.
  path: Assets/12_External/JMO Assets/Cartoon FX (legacy)/Materials/Symbols/CFX2_BrokenHeart Add.mat
  artifactKey: Guid(53d0980ae6a0d2f4290706eb595fa872) Importer(815301076,1909f56bfc062723c751e8b465ee728b)
Number of updated assets reloaded before import = 0
Start importing Assets/12_External/JMO Assets/Cartoon FX (legacy)/Materials/Symbols/CFX2_BrokenHeart Add.mat using Guid(53d0980ae6a0d2f4290706eb595fa872) Importer(815301076,1909f56bfc062723c751e8b465ee728b)  -> (artifact id: 'af92ee94ba661db0c6bb384a14b35200') in 0.092812 seconds 
Number of asset objects unloaded after import = 3
========================================================================
Received Import Request.
  Time since last request: 0.000073 seconds.
  path: Assets/12_External/JMO Assets/Cartoon FX (legacy)/Materials (Mobile)/Symbols/CFXM2_Heart Outline Add.mat
  artifactKey: Guid(55d944089fcac56439b219f5cec84b75) Importer(815301076,1909f56bfc062723c751e8b465ee728b)
Number of updated assets reloaded before import = 0
Start importing Assets/12_External/JMO Assets/Cartoon FX (legacy)/Materials (Mobile)/Symbols/CFXM2_Heart Outline Add.mat using Guid(55d944089fcac56439b219f5cec84b75) Importer(815301076,1909f56bfc062723c751e8b465ee728b)  -> (artifact id: 'ea9d3e967580c7cb16b7454336397c05') in 0.009012 seconds 
Number of asset objects unloaded after import = 3
========================================================================
Received Import Request.
  Time since last request: 0.000033 seconds.
  path: Assets/12_External/JMO Assets/Cartoon FX (legacy)/Materials/Symbols/CFX2_Heart Outline Add.mat
  artifactKey: Guid(749ea6f567709834fbe474b44674e1ed) Importer(815301076,1909f56bfc062723c751e8b465ee728b)
Number of updated assets reloaded before import = 0
Start importing Assets/12_External/JMO Assets/Cartoon FX (legacy)/Materials/Symbols/CFX2_Heart Outline Add.mat using Guid(749ea6f567709834fbe474b44674e1ed) Importer(815301076,1909f56bfc062723c751e8b465ee728b)  -> (artifact id: 'ac49ae65069e88621a982b7c9ceee357') in 0.006951 seconds 
Number of asset objects unloaded after import = 3
========================================================================
Received Import Request.
  Time since last request: 0.000037 seconds.
  path: Assets/12_External/JMO Assets/Cartoon FX (legacy)/Materials/Symbols/CFX2_HeartBrokenSlice.mat
  artifactKey: Guid(6573156ff7aedbe49b6d60c015d0a67a) Importer(815301076,1909f56bfc062723c751e8b465ee728b)
Number of updated assets reloaded before import = 0
Start importing Assets/12_External/JMO Assets/Cartoon FX (legacy)/Materials/Symbols/CFX2_HeartBrokenSlice.mat using Guid(6573156ff7aedbe49b6d60c015d0a67a) Importer(815301076,1909f56bfc062723c751e8b465ee728b)  -> (artifact id: '0f5fd099ca289571159d554622116e08') in 0.005756 seconds 
Number of asset objects unloaded after import = 3
========================================================================
Received Import Request.
  Time since last request: 0.000061 seconds.
  path: Assets/12_External/JMO Assets/Cartoon FX (legacy)/Materials (Mobile)/Symbols/CFXM2_Heart Add.mat
  artifactKey: Guid(3d1defc87dc4a8f44b296e6aaedd9f73) Importer(815301076,1909f56bfc062723c751e8b465ee728b)
Number of updated assets reloaded before import = 0
Start importing Assets/12_External/JMO Assets/Cartoon FX (legacy)/Materials (Mobile)/Symbols/CFXM2_Heart Add.mat using Guid(3d1defc87dc4a8f44b296e6aaedd9f73) Importer(815301076,1909f56bfc062723c751e8b465ee728b)  -> (artifact id: '0cc68820dd18847eca29e71ee2f89917') in 0.006255 seconds 
Number of asset objects unloaded after import = 3
========================================================================
Received Import Request.
  Time since last request: 0.000037 seconds.
  path: Assets/12_External/JMO Assets/Cartoon FX (legacy)/Materials/Symbols/CFX2_Heart ABP.mat
  artifactKey: Guid(6a46d9f573bfb2c48b72981f3614d0e9) Importer(815301076,1909f56bfc062723c751e8b465ee728b)
Number of updated assets reloaded before import = 0
Start importing Assets/12_External/JMO Assets/Cartoon FX (legacy)/Materials/Symbols/CFX2_Heart ABP.mat using Guid(6a46d9f573bfb2c48b72981f3614d0e9) Importer(815301076,1909f56bfc062723c751e8b465ee728b)  -> (artifact id: '864638356a00cc4702fd8879e71e0a04') in 0.006281 seconds 
Number of asset objects unloaded after import = 3
========================================================================
Received Import Request.
  Time since last request: 0.000032 seconds.
  path: Assets/12_External/JMO Assets/Cartoon FX (legacy)/Materials/Symbols/CFX2_Heart Add.mat
  artifactKey: Guid(c6c72eb3fd1471c489daf719f70f62aa) Importer(815301076,1909f56bfc062723c751e8b465ee728b)
Number of updated assets reloaded before import = 0
Start importing Assets/12_External/JMO Assets/Cartoon FX (legacy)/Materials/Symbols/CFX2_Heart Add.mat using Guid(c6c72eb3fd1471c489daf719f70f62aa) Importer(815301076,1909f56bfc062723c751e8b465ee728b)  -> (artifact id: '6b2e3f164090f75f1bf656d603c63cba') in 0.007205 seconds 
Number of asset objects unloaded after import = 3
========================================================================
Received Import Request.
  Time since last request: 0.000034 seconds.
  path: Assets/12_External/JMO Assets/Cartoon FX (legacy)/Materials (Mobile)/Symbols/CFXM2_Heart ABP.mat
  artifactKey: Guid(ac2cab1d06a008a42bbe11eb2f7d5cbd) Importer(815301076,1909f56bfc062723c751e8b465ee728b)
Number of updated assets reloaded before import = 0
Start importing Assets/12_External/JMO Assets/Cartoon FX (legacy)/Materials (Mobile)/Symbols/CFXM2_Heart ABP.mat using Guid(ac2cab1d06a008a42bbe11eb2f7d5cbd) Importer(815301076,1909f56bfc062723c751e8b465ee728b)  -> (artifact id: '2b4f21b0f5f6d140fe73820ca90976a2') in 0.006641 seconds 
Number of asset objects unloaded after import = 3
========================================================================
Received Import Request.
  Time since last request: 0.000029 seconds.
  path: Assets/12_External/JMO Assets/Cartoon FX (legacy)/Materials (Mobile)/Symbols/CFXM2_BrokenHeart Add.mat
  artifactKey: Guid(d6cce1c37eea51b4da0ff5114998113c) Importer(815301076,1909f56bfc062723c751e8b465ee728b)
Number of updated assets reloaded before import = 0
Start importing Assets/12_External/JMO Assets/Cartoon FX (legacy)/Materials (Mobile)/Symbols/CFXM2_BrokenHeart Add.mat using Guid(d6cce1c37eea51b4da0ff5114998113c) Importer(815301076,1909f56bfc062723c751e8b465ee728b)  -> (artifact id: '9ef67d9e5b97a4dca0ead97b5cf38281') in 0.009621 seconds 
Number of asset objects unloaded after import = 3
========================================================================
Received Import Request.
  Time since last request: 3.046765 seconds.
  path: Assets/12_External/Cartoon Coffee/VFX Deluxe/Prefabs/Bursts/Heart_Bursts_Center_V1.prefab
  artifactKey: Guid(835c6a8eb310f2c4987be4305c4a8d8c) Importer(815301076,1909f56bfc062723c751e8b465ee728b)
Number of updated assets reloaded before import = 0
Start importing Assets/12_External/Cartoon Coffee/VFX Deluxe/Prefabs/Bursts/Heart_Bursts_Center_V1.prefab using Guid(835c6a8eb310f2c4987be4305c4a8d8c) Importer(815301076,1909f56bfc062723c751e8b465ee728b)  -> (artifact id: 'a9a8e5bb13d553e755c383564537e1d0') in 0.014632 seconds 
Number of asset objects unloaded after import = 15
========================================================================
Received Import Request.
  Time since last request: 0.000032 seconds.
  path: Assets/12_External/Cartoon Coffee/VFX Deluxe/Prefabs/Bursts/Heart_Bursts_V2.prefab
  artifactKey: Guid(d677c0cc6ac748c4c9b75d9c527f4f13) Importer(815301076,1909f56bfc062723c751e8b465ee728b)
Number of updated assets reloaded before import = 0
Start importing Assets/12_External/Cartoon Coffee/VFX Deluxe/Prefabs/Bursts/Heart_Bursts_V2.prefab using Guid(d677c0cc6ac748c4c9b75d9c527f4f13) Importer(815301076,1909f56bfc062723c751e8b465ee728b)  -> (artifact id: 'ea52e4d198de6e246a7b32a96d055afc') in 0.017748 seconds 
Number of asset objects unloaded after import = 19
========================================================================
Received Import Request.
  Time since last request: 0.000039 seconds.
  path: Assets/12_External/Cartoon Coffee/VFX Deluxe/Prefabs/Bursts/Heart_Bursts_V4.prefab
  artifactKey: Guid(c64bea680ffe26145b5210da7c303fe4) Importer(815301076,1909f56bfc062723c751e8b465ee728b)
Number of updated assets reloaded before import = 0
Start importing Assets/12_External/Cartoon Coffee/VFX Deluxe/Prefabs/Bursts/Heart_Bursts_V4.prefab using Guid(c64bea680ffe26145b5210da7c303fe4) Importer(815301076,1909f56bfc062723c751e8b465ee728b)  -> (artifact id: '940eac254f886b02260bb291840d5daf') in 0.012415 seconds 
Number of asset objects unloaded after import = 15
========================================================================
Received Import Request.
  Time since last request: 0.000060 seconds.
  path: Assets/12_External/Cartoon Coffee/VFX Deluxe/Prefabs/Bursts/Heart_Bursts_Center_V4.prefab
  artifactKey: Guid(5f9c94ff91a3bd44a8fbd2a659800190) Importer(815301076,1909f56bfc062723c751e8b465ee728b)
Number of updated assets reloaded before import = 0
Start importing Assets/12_External/Cartoon Coffee/VFX Deluxe/Prefabs/Bursts/Heart_Bursts_Center_V4.prefab using Guid(5f9c94ff91a3bd44a8fbd2a659800190) Importer(815301076,1909f56bfc062723c751e8b465ee728b)  -> (artifact id: '654f72049f2fab0889293cadc331324a') in 0.012939 seconds 
Number of asset objects unloaded after import = 15
========================================================================
Received Import Request.
  Time since last request: 0.000067 seconds.
  path: Assets/12_External/Cartoon Coffee/VFX Deluxe/Prefabs/Bursts/Heart_Bursts_Center_V3.prefab
  artifactKey: Guid(2e0dca05946b8e649a940b0f64dc2dca) Importer(815301076,1909f56bfc062723c751e8b465ee728b)
Number of updated assets reloaded before import = 0
Start importing Assets/12_External/Cartoon Coffee/VFX Deluxe/Prefabs/Bursts/Heart_Bursts_Center_V3.prefab using Guid(2e0dca05946b8e649a940b0f64dc2dca) Importer(815301076,1909f56bfc062723c751e8b465ee728b)  -> (artifact id: 'e24f52db65be673eb11396d6af685474') in 0.007520 seconds 
Number of asset objects unloaded after import = 23
========================================================================
Received Import Request.
  Time since last request: 0.000034 seconds.
  path: Assets/12_External/Cartoon Coffee/VFX Deluxe/Prefabs/Bursts/Heart_Bursts_Center_V6.prefab
  artifactKey: Guid(148b8d918ad8c2a41af628ac69970809) Importer(815301076,1909f56bfc062723c751e8b465ee728b)
Number of updated assets reloaded before import = 0
Start importing Assets/12_External/Cartoon Coffee/VFX Deluxe/Prefabs/Bursts/Heart_Bursts_Center_V6.prefab using Guid(148b8d918ad8c2a41af628ac69970809) Importer(815301076,1909f56bfc062723c751e8b465ee728b)  -> (artifact id: '0181614a6635f2ff4a83284b7bd05cdf') in 0.007401 seconds 
Number of asset objects unloaded after import = 23
========================================================================
Received Import Request.
  Time since last request: 0.000045 seconds.
  path: Assets/12_External/Cartoon Coffee/VFX Deluxe/Prefabs/Bursts/Heart_Bursts_V1.prefab
  artifactKey: Guid(d1623360ac0f1b2438b6325795c61322) Importer(815301076,1909f56bfc062723c751e8b465ee728b)
Number of updated assets reloaded before import = 0
Start importing Assets/12_External/Cartoon Coffee/VFX Deluxe/Prefabs/Bursts/Heart_Bursts_V1.prefab using Guid(d1623360ac0f1b2438b6325795c61322) Importer(815301076,1909f56bfc062723c751e8b465ee728b)  -> (artifact id: '446216a789c54599ce1c75146f364f9b') in 0.008460 seconds 
Number of asset objects unloaded after import = 15
Editor requested this worker to shutdown with reason: Scaling down because of idle timeout
AssetImportWorker is now disconnected from the server
Process exiting
