Using pre-set license
Built from '2021.1/staging' branch; Version is '2021.1.7f1 (d91830b65d9b) revision 14227504'; Using compiler version '192528614'; Build Type 'Release'
OS: 'Windows 10 Pro; OS build 19043.1288; Version 2009; 64bit' Language: 'de' Physical Memory: 8108 MB
BatchMode: 1, IsHumanControllingUs: 0, StartBugReporterOnCrash: 0, Is64bit: 1, IsPro: 0

 COMMAND LINE ARGUMENTS:
E:\Unity\2021.1.7f1\Editor\Unity.exe
-adb2
-batchMode
-noUpm
-name
AssetImportWorker11
-projectPath
E:/Projects/FEM/fe-kingdom-mobile/trunk/FireEmblemMobile/FireEmblemMobileUnityProject
-logFile
Logs/AssetImportWorker11.log
-srvPort
64717
Successfully changed project path to: E:/Projects/FEM/fe-kingdom-mobile/trunk/FireEmblemMobile/FireEmblemMobileUnityProject
E:/Projects/FEM/fe-kingdom-mobile/trunk/FireEmblemMobile/FireEmblemMobileUnityProject
Using Asset Import Pipeline V2.
Refreshing native plugins compatible for Editor in 428.45 ms, found 0 plugins.
Preloading 0 native plugins for Editor in 0.00 ms.
Initialize engine version: 2021.1.7f1 (d91830b65d9b)
[Subsystems] Discovering subsystems at path E:/Unity/2021.1.7f1/Editor/Data/Resources/UnitySubsystems
[Subsystems] Discovering subsystems at path E:/Projects/FEM/fe-kingdom-mobile/trunk/FireEmblemMobile/FireEmblemMobileUnityProject/Assets
GfxDevice: creating device client; threaded=0; jobified=0
Direct3D:
    Version:  Direct3D 11.0 [level 11.0]
    Renderer: NVIDIA GeForce GTX 860M (ID=0x1392)
    Vendor:   NVIDIA
    VRAM:     2019 MB
    Driver:   23.21.13.8871
Shader 'Universal Render Pipeline/Particles/Lit': fallback shader 'Universal Render Pipeline/Particles/SimpleLit' not found
Shader 'MoreMountains/MMRipple': fallback shader 'Particle/AlphaBlended' not found
Initialize mono
Mono path[0] = 'E:/Unity/2021.1.7f1/Editor/Data/Managed'
Mono path[1] = 'E:/Unity/2021.1.7f1/Editor/Data/MonoBleedingEdge/lib/mono/unityjit'
Mono config path = 'E:/Unity/2021.1.7f1/Editor/Data/MonoBleedingEdge/etc'
Using monoOptions --debugger-agent=transport=dt_socket,embedding=1,server=y,suspend=n,address=127.0.0.1:56812
Begin MonoManager ReloadAssembly
Registering precompiled unity dll's ...
Register platform support module: E:/Unity/2021.1.7f1/Editor/Data/PlaybackEngines/WindowsStandaloneSupport/UnityEditor.WindowsStandalone.Extensions.dll
Registered in 0.003078 seconds.
Native extension for WindowsStandalone target not found
Refreshing native plugins compatible for Editor in 692.94 ms, found 0 plugins.
Preloading 0 native plugins for Editor in 0.00 ms.
Mono: successfully reloaded assembly
- Completed reload, in  6.027 seconds
Platform modules already initialized, skipping
Registering precompiled user dll's ...
Registered in 0.065524 seconds.
Begin MonoManager ReloadAssembly
OnLevelWasLoaded was found on LeanTween
This message has been deprecated and will be removed in a later version of Unity.
Add a delegate to SceneManager.sceneLoaded instead to get notifications after scene loading has completed

Native extension for WindowsStandalone target not found
Refreshing native plugins compatible for Editor in 393.83 ms, found 0 plugins.
Preloading 0 native plugins for Editor in 0.00 ms.
Mono: successfully reloaded assembly
- Completed reload, in  7.826 seconds
Platform modules already initialized, skipping
========================================================================
Worker process is ready to serve import requests
Shader 'MoreMountains/MMRipple': fallback shader 'Particle/AlphaBlended' not found
Shader 'Universal Render Pipeline/Particles/Lit': fallback shader 'Universal Render Pipeline/Particles/SimpleLit' not found
Launched and connected shader compiler UnityShaderCompiler.exe after 0.39 seconds
Refreshing native plugins compatible for Editor in 3.11 ms, found 0 plugins.
Preloading 0 native plugins for Editor in 0.00 ms.
Unloading 4642 Unused Serialized files (Serialized files now loaded: 0)
System memory in use before: 352.7 MB.
System memory in use after: 352.9 MB.

Unloading 70 unused Assets to reduce memory usage. Loaded Objects now: 5079.
Total: 18.354800 ms (FindLiveObjects: 1.181100 ms CreateObjectMapping: 0.730100 ms MarkObjects: 16.357800 ms  DeleteObjects: 0.083700 ms)

========================================================================
Received Import Request.
  path: Assets/- 3 - Prefabs/PageArea.prefab
  artifactKey: Guid(920c2bdd85977d0429560c25f7edb618) Importer(815301076,1909f56bfc062723c751e8b465ee728b)
Start importing Assets/- 3 - Prefabs/PageArea.prefab using Guid(920c2bdd85977d0429560c25f7edb618) Importer(815301076,1909f56bfc062723c751e8b465ee728b)  -> (artifact id: 'e205c6cb74af433bece842d87b66ef00') in 0.760766 seconds 
========================================================================
Received Import Request.
  Time since last request: 0.000558 seconds.
  path: Assets/- 3 - Prefabs/WorldMap/BattleEncounter.prefab
  artifactKey: Guid(590a6575568fa5143987fe1f8b2c848f) Importer(815301076,1909f56bfc062723c751e8b465ee728b)
Start importing Assets/- 3 - Prefabs/WorldMap/BattleEncounter.prefab using Guid(590a6575568fa5143987fe1f8b2c848f) Importer(815301076,1909f56bfc062723c751e8b465ee728b) Equip SkeletonSword on Skelet 1 1
UnityEngine.StackTraceUtility:ExtractStackTrace ()
UnityEngine.DebugLogHandler:LogFormat (UnityEngine.LogType,UnityEngine.Object,string,object[])
UnityEngine.Logger:Log (UnityEngine.LogType,object)
UnityEngine.Debug:Log (object)
Game.GameActors.Units.Humans.Human:Equip (Game.GameActors.Items.Weapons.Weapon) (at Assets/- 2 - Scripts/Game/GameActors/Units/Humans/Human.cs:94)
Game.GameActors.Units.Humans.Human:OnEnable () (at Assets/- 2 - Scripts/Game/GameActors/Units/Humans/Human.cs:39)

(Filename: Assets/- 2 - Scripts/Game/GameActors/Units/Humans/Human.cs Line: 94)

 -> (artifact id: 'bdf723bd3f193d2617606706f0038ce0') in 1.723057 seconds 
========================================================================
Received Prepare
Registering precompiled user dll's ...
Registered in 0.044587 seconds.
Begin MonoManager ReloadAssembly
Native extension for WindowsStandalone target not found
Refreshing native plugins compatible for Editor in 1.70 ms, found 0 plugins.
Preloading 0 native plugins for Editor in 0.00 ms.
Mono: successfully reloaded assembly
- Completed reload, in  5.326 seconds
Platform modules already initialized, skipping
OnLevelWasLoaded was found on LeanTween
This message has been deprecated and will be removed in a later version of Unity.
Add a delegate to SceneManager.sceneLoaded instead to get notifications after scene loading has completed

Switching build target platform(19) subTarget(0) extendedPlatform(0) -> platform(13) subTarget(537395200) extendedPlatform(0)
Shader 'MoreMountains/MMRipple': fallback shader 'Particle/AlphaBlended' not found
Shader 'Universal Render Pipeline/Particles/Lit': fallback shader 'Universal Render Pipeline/Particles/SimpleLit' not found
Refreshing native plugins compatible for Editor in 1.81 ms, found 0 plugins.
Preloading 0 native plugins for Editor in 0.00 ms.
Unloading 4460 Unused Serialized files (Serialized files now loaded: 0)
System memory in use before: 342.7 MB.
System memory in use after: 343.0 MB.

Unloading 54 unused Assets to reduce memory usage. Loaded Objects now: 5148.
Total: 32.723400 ms (FindLiveObjects: 1.641500 ms CreateObjectMapping: 0.363000 ms MarkObjects: 24.653900 ms  DeleteObjects: 6.061000 ms)

AssetImportParameters requested are different than current active one (requested -> active):
  custom:graphics/normal-map-encoding: 01000000000000000000000000000000 -> 02000000000000000000000000000000
========================================================================
Received Prepare
Registering precompiled user dll's ...
Registered in 0.021530 seconds.
Begin MonoManager ReloadAssembly
Native extension for WindowsStandalone target not found
Refreshing native plugins compatible for Editor in 3.00 ms, found 0 plugins.
Preloading 0 native plugins for Editor in 0.00 ms.
Mono: successfully reloaded assembly
- Completed reload, in  3.921 seconds
Platform modules already initialized, skipping
OnLevelWasLoaded was found on LeanTween
This message has been deprecated and will be removed in a later version of Unity.
Add a delegate to SceneManager.sceneLoaded instead to get notifications after scene loading has completed

Switching build target platform(19) subTarget(0) extendedPlatform(0) -> platform(13) subTarget(537395200) extendedPlatform(0)
Shader 'MoreMountains/MMRipple': fallback shader 'Particle/AlphaBlended' not found
Shader 'Universal Render Pipeline/Particles/Lit': fallback shader 'Universal Render Pipeline/Particles/SimpleLit' not found
Refreshing native plugins compatible for Editor in 7.75 ms, found 0 plugins.
Preloading 0 native plugins for Editor in 0.00 ms.
Unloading 4460 Unused Serialized files (Serialized files now loaded: 0)
System memory in use before: 342.8 MB.
System memory in use after: 343.1 MB.

Unloading 50 unused Assets to reduce memory usage. Loaded Objects now: 5162.
Total: 24.528800 ms (FindLiveObjects: 0.620100 ms CreateObjectMapping: 0.514300 ms MarkObjects: 23.329600 ms  DeleteObjects: 0.062300 ms)

AssetImportParameters requested are different than current active one (requested -> active):
  custom:graphics/normal-map-encoding: 01000000000000000000000000000000 -> 02000000000000000000000000000000
========================================================================
Received Prepare
Registering precompiled user dll's ...
Registered in 0.032544 seconds.
Begin MonoManager ReloadAssembly
Native extension for WindowsStandalone target not found
Refreshing native plugins compatible for Editor in 15.39 ms, found 0 plugins.
Preloading 0 native plugins for Editor in 0.00 ms.
Mono: successfully reloaded assembly
- Completed reload, in 49.220 seconds
Platform modules already initialized, skipping
OnLevelWasLoaded was found on LeanTween
This message has been deprecated and will be removed in a later version of Unity.
Add a delegate to SceneManager.sceneLoaded instead to get notifications after scene loading has completed

Switching build target platform(19) subTarget(0) extendedPlatform(0) -> platform(13) subTarget(537395200) extendedPlatform(0)
Shader 'MoreMountains/MMRipple': fallback shader 'Particle/AlphaBlended' not found
Shader 'Universal Render Pipeline/Particles/Lit': fallback shader 'Universal Render Pipeline/Particles/SimpleLit' not found
Refreshing native plugins compatible for Editor in 3.45 ms, found 0 plugins.
Preloading 0 native plugins for Editor in 0.00 ms.
Unloading 4460 Unused Serialized files (Serialized files now loaded: 0)
System memory in use before: 342.8 MB.
System memory in use after: 343.0 MB.

Unloading 50 unused Assets to reduce memory usage. Loaded Objects now: 5176.
Total: 232.658200 ms (FindLiveObjects: 1.880700 ms CreateObjectMapping: 12.906900 ms MarkObjects: 217.802100 ms  DeleteObjects: 0.065700 ms)

AssetImportParameters requested are different than current active one (requested -> active):
  custom:graphics/normal-map-encoding: 01000000000000000000000000000000 -> 02000000000000000000000000000000
========================================================================
Received Prepare
Registering precompiled user dll's ...
Registered in 0.025518 seconds.
Begin MonoManager ReloadAssembly
Native extension for WindowsStandalone target not found
Refreshing native plugins compatible for Editor in 2.47 ms, found 0 plugins.
Preloading 0 native plugins for Editor in 0.00 ms.
Mono: successfully reloaded assembly
- Completed reload, in  2.916 seconds
Platform modules already initialized, skipping
OnLevelWasLoaded was found on LeanTween
This message has been deprecated and will be removed in a later version of Unity.
Add a delegate to SceneManager.sceneLoaded instead to get notifications after scene loading has completed

Switching build target platform(19) subTarget(0) extendedPlatform(0) -> platform(13) subTarget(537395200) extendedPlatform(0)
Shader 'MoreMountains/MMRipple': fallback shader 'Particle/AlphaBlended' not found
Shader 'Universal Render Pipeline/Particles/Lit': fallback shader 'Universal Render Pipeline/Particles/SimpleLit' not found
Refreshing native plugins compatible for Editor in 2.19 ms, found 0 plugins.
Preloading 0 native plugins for Editor in 0.00 ms.
Unloading 4460 Unused Serialized files (Serialized files now loaded: 0)
System memory in use before: 342.8 MB.
System memory in use after: 343.1 MB.

Unloading 50 unused Assets to reduce memory usage. Loaded Objects now: 5190.
Total: 13.905300 ms (FindLiveObjects: 0.956400 ms CreateObjectMapping: 0.960400 ms MarkObjects: 11.832700 ms  DeleteObjects: 0.152500 ms)

AssetImportParameters requested are different than current active one (requested -> active):
  custom:graphics/normal-map-encoding: 01000000000000000000000000000000 -> 02000000000000000000000000000000
AssetImportWorkerClient::OnTransportError - code=2 error=End of file
