Unity Editor version:    2021.3.32f1 (3b9dae9532f5)
Branch:                  2021.3/staging
Build type:              Release
Batch mode:              YES
macOS version:           Version 14.1.1 (Build 23B2082)
Darwin version:          23.1.0
Architecture:            arm64
Running under Rosetta:   NO
Available memory:        18432 MB
Using pre-set license
Pro License: YES

COMMAND LINE ARGUMENTS:
/Applications/Unity/Hub/Editor/2021.3.32f1/Unity.app/Contents/MacOS/Unity
-adb2
-batchMode
-noUpm
-name
AssetImportWorker40
-projectPath
/Users/daniel/Documents/fe-kingdom-mobile/trunk/FireEmblemMobile/FireEmblemMobileUnityProject
-logFile
Logs/AssetImportWorker40.log
-srvPort
49232
Successfully changed project path to: /Users/daniel/Documents/fe-kingdom-mobile/trunk/FireEmblemMobile/FireEmblemMobileUnityProject
/Users/daniel/Documents/fe-kingdom-mobile/trunk/FireEmblemMobile/FireEmblemMobileUnityProject
[UnityMemory] Configuration Parameters - Can be set up in boot.config
    "memorysetup-bucket-allocator-granularity=16"
    "memorysetup-bucket-allocator-bucket-count=8"
    "memorysetup-bucket-allocator-block-size=33554432"
    "memorysetup-bucket-allocator-block-count=8"
    "memorysetup-main-allocator-block-size=16777216"
    "memorysetup-thread-allocator-block-size=16777216"
    "memorysetup-gfx-main-allocator-block-size=16777216"
    "memorysetup-gfx-thread-allocator-block-size=16777216"
    "memorysetup-cache-allocator-block-size=4194304"
    "memorysetup-typetree-allocator-block-size=2097152"
    "memorysetup-profiler-bucket-allocator-granularity=16"
    "memorysetup-profiler-bucket-allocator-bucket-count=8"
    "memorysetup-profiler-bucket-allocator-block-size=33554432"
    "memorysetup-profiler-bucket-allocator-block-count=8"
    "memorysetup-profiler-allocator-block-size=16777216"
    "memorysetup-profiler-editor-allocator-block-size=1048576"
    "memorysetup-temp-allocator-size-main=16777216"
    "memorysetup-job-temp-allocator-block-size=2097152"
    "memorysetup-job-temp-allocator-block-size-background=1048576"
    "memorysetup-job-temp-allocator-reduction-small-platforms=262144"
    "memorysetup-temp-allocator-size-background-worker=32768"
    "memorysetup-temp-allocator-size-job-worker=262144"
    "memorysetup-temp-allocator-size-preload-manager=33554432"
    "memorysetup-temp-allocator-size-nav-mesh-worker=65536"
    "memorysetup-temp-allocator-size-audio-worker=65536"
    "memorysetup-temp-allocator-size-cloud-worker=32768"
    "memorysetup-temp-allocator-size-gi-baking-worker=262144"
    "memorysetup-temp-allocator-size-gfx=262144"
Player connection [8031248064] Host "[IP] 192.168.0.17 [Port] 0 [Flags] 2 [Guid] 943441315 [EditorId] 943441315 [Version] 1048832 [Id] OSXEditor(0,Daniels-MacBook-Pro.local) [Debug] 1 [PackageName] OSXEditor [ProjectName] Editor" joined multi-casting on [225.0.0.222:54997]...

Player connection [8031248064] Host "[IP] 192.168.0.17 [Port] 0 [Flags] 2 [Guid] 943441315 [EditorId] 943441315 [Version] 1048832 [Id] OSXEditor(0,Daniels-MacBook-Pro.local) [Debug] 1 [PackageName] OSXEditor [ProjectName] Editor" joined alternative multi-casting on [225.0.0.222:34997]...

[Physics::Module] Initialized MultithreadedJobDispatcher with {0} workers.
Refreshing native plugins compatible for Editor in 128.05 ms, found 2 plugins.
Preloading 1 native plugins for Editor in 0.50 ms.
Initialize engine version: 2021.3.32f1 (3b9dae9532f5)
[Subsystems] Discovering subsystems at path /Applications/Unity/Hub/Editor/2021.3.32f1/Unity.app/Contents/Resources/UnitySubsystems
[Subsystems] Discovering subsystems at path /Users/daniel/Documents/fe-kingdom-mobile/trunk/FireEmblemMobile/FireEmblemMobileUnityProject/Assets
GfxDevice: creating device client; threaded=0; jobified=0
 preferred device: Apple M3 Pro (high power)
Metal devices available: 1
0: Apple M3 Pro (high power)
Using device Apple M3 Pro (high power)
Initializing Metal device caps: Apple M3 Pro
Shader 'CartoonCoffee/Particle Basic': fallback shader '2' not found
Shader 'CartoonCoffee/Particle Additive': fallback shader '2' not found
Shader 'MoreMountains/MMRipple': fallback shader 'Particle/AlphaBlended' not found
Initialize mono
Mono path[0] = '/Applications/Unity/Hub/Editor/2021.3.32f1/Unity.app/Contents/Managed'
Mono path[1] = '/Applications/Unity/Hub/Editor/2021.3.32f1/Unity.app/Contents/MonoBleedingEdge/lib/mono/unityjit-macos'
Mono config path = '/Applications/Unity/Hub/Editor/2021.3.32f1/Unity.app/Contents/MonoBleedingEdge/etc'
Using monoOptions --debugger-agent=transport=dt_socket,embedding=1,server=y,suspend=n,address=127.0.0.1:56733
Begin MonoManager ReloadAssembly
Registering precompiled unity dll's ...
Register platform support module: /Applications/Unity/Hub/Editor/2021.3.32f1/Unity.app/Contents/PlaybackEngines/MacStandaloneSupport/UnityEditor.OSXStandalone.Extensions.dll
Register platform support module: /Applications/Unity/Hub/Editor/2021.3.32f1/PlaybackEngines/AndroidPlayer/UnityEditor.Android.Extensions.dll
Register platform support module: /Applications/Unity/Hub/Editor/2021.3.32f1/PlaybackEngines/iOSSupport/UnityEditor.iOS.Extensions.dll
Registered in 0.002434 seconds.
[usbmuxd] Start listen thread
[usbmuxd] Listen thread started
[usbmuxd] Send listen message
Native extension for iOS target not found
Native extension for Android target not found
Android Extension - Scanning For ADB Devices 66 ms
Native extension for OSXStandalone target not found
Refreshing native plugins compatible for Editor in 111.47 ms, found 2 plugins.
Preloading 1 native plugins for Editor in 0.21 ms.
Mono: successfully reloaded assembly
- Completed reload, in  0.526 seconds
Domain Reload Profiling:
	ReloadAssembly (526ms)
		BeginReloadAssembly (70ms)
			ExecutionOrderSort (0ms)
			DisableScriptedObjects (0ms)
			BackupInstance (0ms)
			ReleaseScriptingObjects (0ms)
			CreateAndSetChildDomain (0ms)
		EndReloadAssembly (411ms)
			LoadAssemblies (71ms)
			RebuildTransferFunctionScriptingTraits (0ms)
			SetupTypeCache (56ms)
			ReleaseScriptCaches (0ms)
			RebuildScriptCaches (15ms)
			SetupLoadedEditorAssemblies (318ms)
				LogAssemblyErrors (0ms)
				InitializePlatformSupportModulesInManaged (157ms)
				SetLoadedEditorAssemblies (0ms)
				RefreshPlugins (112ms)
				BeforeProcessingInitializeOnLoad (1ms)
				ProcessInitializeOnLoadAttributes (31ms)
				ProcessInitializeOnLoadMethodAttributes (17ms)
				AfterProcessingInitializeOnLoad (0ms)
				EditorAssembliesLoaded (0ms)
			ExecutionOrderSort2 (0ms)
			AwakeInstancesAfterBackupRestoration (0ms)
Platform modules already initialized, skipping
Registering precompiled user dll's ...
Registered in 0.006480 seconds.
Begin MonoManager ReloadAssembly
Symbol file LoadedFromMemory is not a mono symbol file
Native extension for iOS target not found
Native extension for Android target not found
Native extension for OSXStandalone target not found
Refreshing native plugins compatible for Editor in 160.48 ms, found 2 plugins.
Preloading 1 native plugins for Editor in 0.23 ms.
Package Manager log level set to [2]
[Package Manager] Server::EnsureServerProcessIsRunning -- launch failed, reason: Unity was launched with the -noUpm command-line argument
[Package Manager] Cannot connect to Unity Package Manager local server
Mono: successfully reloaded assembly
- Completed reload, in  1.392 seconds
Domain Reload Profiling:
	ReloadAssembly (1393ms)
		BeginReloadAssembly (53ms)
			ExecutionOrderSort (0ms)
			DisableScriptedObjects (3ms)
			BackupInstance (0ms)
			ReleaseScriptingObjects (0ms)
			CreateAndSetChildDomain (15ms)
		EndReloadAssembly (1284ms)
			LoadAssemblies (79ms)
			RebuildTransferFunctionScriptingTraits (0ms)
			SetupTypeCache (239ms)
			ReleaseScriptCaches (0ms)
			RebuildScriptCaches (76ms)
			SetupLoadedEditorAssemblies (838ms)
				LogAssemblyErrors (0ms)
				InitializePlatformSupportModulesInManaged (16ms)
				SetLoadedEditorAssemblies (0ms)
				RefreshPlugins (161ms)
				BeforeProcessingInitializeOnLoad (71ms)
				ProcessInitializeOnLoadAttributes (482ms)
				ProcessInitializeOnLoadMethodAttributes (106ms)
				AfterProcessingInitializeOnLoad (1ms)
				EditorAssembliesLoaded (0ms)
			ExecutionOrderSort2 (0ms)
			AwakeInstancesAfterBackupRestoration (2ms)
Platform modules already initialized, skipping
========================================================================
Worker process is ready to serve import requests
Shader 'MoreMountains/MMRipple': fallback shader 'Particle/AlphaBlended' not found
Shader 'CartoonCoffee/Particle Basic': fallback shader '2' not found
Shader 'CartoonCoffee/Particle Additive': fallback shader '2' not found
Launching external process: /Applications/Unity/Hub/Editor/2021.3.32f1/Unity.app/Contents/Tools/UnityShaderCompiler
Launched and connected shader compiler UnityShaderCompiler after 0.04 seconds
Refreshing native plugins compatible for Editor in 1.28 ms, found 2 plugins.
Preloading 1 native plugins for Editor in 0.15 ms.
Unloading 6761 Unused Serialized files (Serialized files now loaded: 0)
Unloading 102 unused Assets / (2.6 MB). Loaded Objects now: 7262.
Memory consumption went from 368.9 MB to 366.4 MB.
Total: 5.367333 ms (FindLiveObjects: 0.195042 ms CreateObjectMapping: 0.068167 ms MarkObjects: 4.758583 ms  DeleteObjects: 0.345083 ms)

AssetImportParameters requested are different than current active one (requested -> active):
  custom:video-decoder-ogg-theora: a1e56fd34408186e4bbccfd4996cb3dc -> 
  custom:container-muxer-webm: aa71ff27fc2769a1b78a27578f13a17b -> 
  custom:container-demuxer-webm: 4f35f7cbe854078d1ac9338744f61a02 -> 
  custom:video-encoder-webm-vp8: eb34c28f22e8b96e1ab97ce403110664 -> 
  custom:framework-osx-AVFoundation: e770b220cccbd017edd2c1fefb359320 -> 
  custom:CustomObjectIndexerAttribute: f67f22312cbe972f2da930a377ed3d15 -> 
  custom:audio-encoder-webm-vorbis: bf7c407c2cedff20999df2af8eb42d56 -> 
  custom:SearchIndexIgnoredProperties: e643bd26f0fe6173181afceb89e7c659 -> 
  custom:container-demuxer-ogg: 62fdf1f143b41e24485cea50d1cbac27 -> 
  custom:video-decoder-webm-vp8: 9c59270c3fd7afecdb556c50c9e8de78 -> 
  custom:audio-decoder-ogg-vorbis: bf7c407c2cedff20999df2af8eb42d56 -> 
========================================================================
Received Import Request.
  Time since last request: 93578.184013 seconds.
  path: Assets/08_Animations/TimeLine/Cavalier/CavalierIdle.playable
  artifactKey: Guid(cdb6808b7b4c529429eb81a1d55eeef8) Importer(815301076,1909f56bfc062723c751e8b465ee728b)
Number of updated assets reloaded before import = 0
Start importing Assets/08_Animations/TimeLine/Cavalier/CavalierIdle.playable using Guid(cdb6808b7b4c529429eb81a1d55eeef8) Importer(815301076,1909f56bfc062723c751e8b465ee728b)  -> (artifact id: '21d89d7c61cbc1b195d08571583cdd32') in 0.136618 seconds 
Number of asset objects unloaded after import = 6
========================================================================
Received Import Request.
  Time since last request: 0.000040 seconds.
  path: Assets/07_GameData/Units/Visuals/CavalierSpriteSet.asset
  artifactKey: Guid(4485885652ebc5043a5f98f1b743190c) Importer(815301076,1909f56bfc062723c751e8b465ee728b)
Number of updated assets reloaded before import = 0
Start importing Assets/07_GameData/Units/Visuals/CavalierSpriteSet.asset using Guid(4485885652ebc5043a5f98f1b743190c) Importer(815301076,1909f56bfc062723c751e8b465ee728b)  -> (artifact id: 'f4c2b68c9994d062b7b64e0a98e95dfe') in 0.130425 seconds 
Number of asset objects unloaded after import = 805
========================================================================
Received Import Request.
  Time since last request: 0.000055 seconds.
  path: Assets/08_Animations/TimeLine/Cavalier/CavalierrAttack.playable
  artifactKey: Guid(454c2bdce040d1d468e000c64a5256ac) Importer(815301076,1909f56bfc062723c751e8b465ee728b)
Number of updated assets reloaded before import = 0
Start importing Assets/08_Animations/TimeLine/Cavalier/CavalierrAttack.playable using Guid(454c2bdce040d1d468e000c64a5256ac) Importer(815301076,1909f56bfc062723c751e8b465ee728b)  -> (artifact id: 'b4e17686ecf39217b6bb1ad6ac6ed927') in 0.002511 seconds 
Number of asset objects unloaded after import = 10
========================================================================
Received Import Request.
  Time since last request: 0.000035 seconds.
  path: Assets/08_Animations/Characters/Cavalier/UI/CavalierUIAnimationController.overrideController
  artifactKey: Guid(ec9a296232975114586d8f227e7a8cbf) Importer(815301076,1909f56bfc062723c751e8b465ee728b)
Number of updated assets reloaded before import = 0
Start importing Assets/08_Animations/Characters/Cavalier/UI/CavalierUIAnimationController.overrideController using Guid(ec9a296232975114586d8f227e7a8cbf) Importer(815301076,1909f56bfc062723c751e8b465ee728b)  -> (artifact id: 'ef1e350fa3886ae4c8429a3728c6e78e') in 0.023273 seconds 
Number of asset objects unloaded after import = 6
========================================================================
Received Import Request.
  Time since last request: 0.000040 seconds.
  path: Assets/08_Animations/TimeLine/Cavalier/CavalierWalkIn.playable
  artifactKey: Guid(177df557226413c45b1743765ee48238) Importer(815301076,1909f56bfc062723c751e8b465ee728b)
Number of updated assets reloaded before import = 0
Start importing Assets/08_Animations/TimeLine/Cavalier/CavalierWalkIn.playable using Guid(177df557226413c45b1743765ee48238) Importer(815301076,1909f56bfc062723c751e8b465ee728b)  -> (artifact id: 'ff8ac81dadc344271d2c486da8ba3f2f') in 0.001690 seconds 
Number of asset objects unloaded after import = 6
Editor requested this worker to shutdown with reason: Scaling down because of idle timeout
AssetImportWorker is now disconnected from the server
Process exiting
