Unity Editor version:    2021.3.32f1 (3b9dae9532f5)
Branch:                  2021.3/staging
Build type:              Release
Batch mode:              YES
macOS version:           Version 14.1.1 (Build 23B2082)
Darwin version:          23.1.0
Architecture:            arm64
Running under Rosetta:   NO
Available memory:        18432 MB
Using pre-set license
Pro License: YES

COMMAND LINE ARGUMENTS:
/Applications/Unity/Hub/Editor/2021.3.32f1/Unity.app/Contents/MacOS/Unity
-adb2
-batchMode
-noUpm
-name
AssetImportWorker33
-projectPath
/Users/daniel/Documents/fe-kingdom-mobile/trunk/FireEmblemMobile/FireEmblemMobileUnityProject
-logFile
Logs/AssetImportWorker33.log
-srvPort
50955
Successfully changed project path to: /Users/daniel/Documents/fe-kingdom-mobile/trunk/FireEmblemMobile/FireEmblemMobileUnityProject
/Users/daniel/Documents/fe-kingdom-mobile/trunk/FireEmblemMobile/FireEmblemMobileUnityProject
[UnityMemory] Configuration Parameters - Can be set up in boot.config
    "memorysetup-bucket-allocator-granularity=16"
    "memorysetup-bucket-allocator-bucket-count=8"
    "memorysetup-bucket-allocator-block-size=33554432"
    "memorysetup-bucket-allocator-block-count=8"
    "memorysetup-main-allocator-block-size=16777216"
    "memorysetup-thread-allocator-block-size=16777216"
    "memorysetup-gfx-main-allocator-block-size=16777216"
    "memorysetup-gfx-thread-allocator-block-size=16777216"
    "memorysetup-cache-allocator-block-size=4194304"
    "memorysetup-typetree-allocator-block-size=2097152"
    "memorysetup-profiler-bucket-allocator-granularity=16"
    "memorysetup-profiler-bucket-allocator-bucket-count=8"
    "memorysetup-profiler-bucket-allocator-block-size=33554432"
    "memorysetup-profiler-bucket-allocator-block-count=8"
    "memorysetup-profiler-allocator-block-size=16777216"
    "memorysetup-profiler-editor-allocator-block-size=1048576"
    "memorysetup-temp-allocator-size-main=16777216"
    "memorysetup-job-temp-allocator-block-size=2097152"
    "memorysetup-job-temp-allocator-block-size-background=1048576"
    "memorysetup-job-temp-allocator-reduction-small-platforms=262144"
    "memorysetup-temp-allocator-size-background-worker=32768"
    "memorysetup-temp-allocator-size-job-worker=262144"
    "memorysetup-temp-allocator-size-preload-manager=33554432"
    "memorysetup-temp-allocator-size-nav-mesh-worker=65536"
    "memorysetup-temp-allocator-size-audio-worker=65536"
    "memorysetup-temp-allocator-size-cloud-worker=32768"
    "memorysetup-temp-allocator-size-gi-baking-worker=262144"
    "memorysetup-temp-allocator-size-gfx=262144"
Player connection [7958519488] Host "[IP] 192.168.0.2 [Port] 0 [Flags] 2 [Guid] 3786801695 [EditorId] 3786801695 [Version] 1048832 [Id] OSXEditor(0,Daniels-MacBook-Pro.local) [Debug] 1 [PackageName] OSXEditor [ProjectName] Editor" joined multi-casting on [225.0.0.222:54997]...

Player connection [7958519488] Host "[IP] 192.168.0.2 [Port] 0 [Flags] 2 [Guid] 3786801695 [EditorId] 3786801695 [Version] 1048832 [Id] OSXEditor(0,Daniels-MacBook-Pro.local) [Debug] 1 [PackageName] OSXEditor [ProjectName] Editor" joined alternative multi-casting on [225.0.0.222:34997]...

[Physics::Module] Initialized MultithreadedJobDispatcher with {0} workers.
Refreshing native plugins compatible for Editor in 121.46 ms, found 2 plugins.
Preloading 1 native plugins for Editor in 0.49 ms.
Initialize engine version: 2021.3.32f1 (3b9dae9532f5)
[Subsystems] Discovering subsystems at path /Applications/Unity/Hub/Editor/2021.3.32f1/Unity.app/Contents/Resources/UnitySubsystems
[Subsystems] Discovering subsystems at path /Users/daniel/Documents/fe-kingdom-mobile/trunk/FireEmblemMobile/FireEmblemMobileUnityProject/Assets
GfxDevice: creating device client; threaded=0; jobified=0
 preferred device: Apple M3 Pro (high power)
Metal devices available: 1
0: Apple M3 Pro (high power)
Using device Apple M3 Pro (high power)
Initializing Metal device caps: Apple M3 Pro
Shader 'CartoonCoffee/Particle Basic': fallback shader '2' not found
Shader 'CartoonCoffee/Particle Additive': fallback shader '2' not found
Shader 'MoreMountains/MMRipple': fallback shader 'Particle/AlphaBlended' not found
Initialize mono
Mono path[0] = '/Applications/Unity/Hub/Editor/2021.3.32f1/Unity.app/Contents/Managed'
Mono path[1] = '/Applications/Unity/Hub/Editor/2021.3.32f1/Unity.app/Contents/MonoBleedingEdge/lib/mono/unityjit-macos'
Mono config path = '/Applications/Unity/Hub/Editor/2021.3.32f1/Unity.app/Contents/MonoBleedingEdge/etc'
Using monoOptions --debugger-agent=transport=dt_socket,embedding=1,server=y,suspend=n,address=127.0.0.1:56074
Begin MonoManager ReloadAssembly
Registering precompiled unity dll's ...
Register platform support module: /Applications/Unity/Hub/Editor/2021.3.32f1/Unity.app/Contents/PlaybackEngines/MacStandaloneSupport/UnityEditor.OSXStandalone.Extensions.dll
Register platform support module: /Applications/Unity/Hub/Editor/2021.3.32f1/PlaybackEngines/AndroidPlayer/UnityEditor.Android.Extensions.dll
Register platform support module: /Applications/Unity/Hub/Editor/2021.3.32f1/PlaybackEngines/iOSSupport/UnityEditor.iOS.Extensions.dll
Registered in 0.002841 seconds.
[usbmuxd] Start listen thread
[usbmuxd] Listen thread started
[usbmuxd] Send listen message
Native extension for iOS target not found
2023-12-15 18:23:29.989 Unity[31074:1259309] [XcodeApplications] Failed to read NSDictionary from path 襸=/Contents/Info.plist
Native extension for Android target not found
Android Extension - Scanning For ADB Devices 66 ms
Native extension for OSXStandalone target not found
Refreshing native plugins compatible for Editor in 116.59 ms, found 2 plugins.
Preloading 1 native plugins for Editor in 0.20 ms.
Mono: successfully reloaded assembly
- Completed reload, in  0.537 seconds
Domain Reload Profiling:
	ReloadAssembly (537ms)
		BeginReloadAssembly (67ms)
			ExecutionOrderSort (0ms)
			DisableScriptedObjects (0ms)
			BackupInstance (0ms)
			ReleaseScriptingObjects (0ms)
			CreateAndSetChildDomain (0ms)
		EndReloadAssembly (424ms)
			LoadAssemblies (67ms)
			RebuildTransferFunctionScriptingTraits (0ms)
			SetupTypeCache (55ms)
			ReleaseScriptCaches (0ms)
			RebuildScriptCaches (15ms)
			SetupLoadedEditorAssemblies (331ms)
				LogAssemblyErrors (0ms)
				InitializePlatformSupportModulesInManaged (163ms)
				SetLoadedEditorAssemblies (0ms)
				RefreshPlugins (117ms)
				BeforeProcessingInitializeOnLoad (1ms)
				ProcessInitializeOnLoadAttributes (32ms)
				ProcessInitializeOnLoadMethodAttributes (18ms)
				AfterProcessingInitializeOnLoad (0ms)
				EditorAssembliesLoaded (0ms)
			ExecutionOrderSort2 (0ms)
			AwakeInstancesAfterBackupRestoration (0ms)
Platform modules already initialized, skipping
Registering precompiled user dll's ...
Registered in 0.002192 seconds.
Begin MonoManager ReloadAssembly
Symbol file LoadedFromMemory is not a mono symbol file
Native extension for iOS target not found
Native extension for Android target not found
Native extension for OSXStandalone target not found
Refreshing native plugins compatible for Editor in 123.19 ms, found 2 plugins.
Preloading 1 native plugins for Editor in 0.18 ms.
Package Manager log level set to [2]
[Package Manager] Server::EnsureServerProcessIsRunning -- launch failed, reason: Unity was launched with the -noUpm command-line argument
[Package Manager] Cannot connect to Unity Package Manager local server
Mono: successfully reloaded assembly
- Completed reload, in  1.189 seconds
Domain Reload Profiling:
	ReloadAssembly (1190ms)
		BeginReloadAssembly (50ms)
			ExecutionOrderSort (0ms)
			DisableScriptedObjects (2ms)
			BackupInstance (0ms)
			ReleaseScriptingObjects (0ms)
			CreateAndSetChildDomain (13ms)
		EndReloadAssembly (1088ms)
			LoadAssemblies (76ms)
			RebuildTransferFunctionScriptingTraits (0ms)
			SetupTypeCache (187ms)
			ReleaseScriptCaches (1ms)
			RebuildScriptCaches (56ms)
			SetupLoadedEditorAssemblies (731ms)
				LogAssemblyErrors (0ms)
				InitializePlatformSupportModulesInManaged (13ms)
				SetLoadedEditorAssemblies (0ms)
				RefreshPlugins (123ms)
				BeforeProcessingInitializeOnLoad (56ms)
				ProcessInitializeOnLoadAttributes (455ms)
				ProcessInitializeOnLoadMethodAttributes (83ms)
				AfterProcessingInitializeOnLoad (1ms)
				EditorAssembliesLoaded (0ms)
			ExecutionOrderSort2 (0ms)
			AwakeInstancesAfterBackupRestoration (1ms)
Platform modules already initialized, skipping
========================================================================
Worker process is ready to serve import requests
Shader 'CartoonCoffee/Particle Additive': fallback shader '2' not found
Shader 'MoreMountains/MMRipple': fallback shader 'Particle/AlphaBlended' not found
Shader 'CartoonCoffee/Particle Basic': fallback shader '2' not found
Launching external process: /Applications/Unity/Hub/Editor/2021.3.32f1/Unity.app/Contents/Tools/UnityShaderCompiler
Launched and connected shader compiler UnityShaderCompiler after 0.04 seconds
Refreshing native plugins compatible for Editor in 1.13 ms, found 2 plugins.
Preloading 1 native plugins for Editor in 0.14 ms.
Unloading 6619 Unused Serialized files (Serialized files now loaded: 0)
Unloading 102 unused Assets / (2.1 MB). Loaded Objects now: 7121.
Memory consumption went from 359.7 MB to 357.6 MB.
Total: 5.155708 ms (FindLiveObjects: 0.198791 ms CreateObjectMapping: 0.067959 ms MarkObjects: 4.480750 ms  DeleteObjects: 0.407875 ms)

AssetImportParameters requested are different than current active one (requested -> active):
  custom:video-decoder-ogg-theora: a1e56fd34408186e4bbccfd4996cb3dc -> 
  custom:container-muxer-webm: aa71ff27fc2769a1b78a27578f13a17b -> 
  custom:container-demuxer-webm: 4f35f7cbe854078d1ac9338744f61a02 -> 
  custom:video-encoder-webm-vp8: eb34c28f22e8b96e1ab97ce403110664 -> 
  custom:framework-osx-AVFoundation: e770b220cccbd017edd2c1fefb359320 -> 
  custom:CustomObjectIndexerAttribute: f67f22312cbe972f2da930a377ed3d15 -> 
  custom:audio-encoder-webm-vorbis: bf7c407c2cedff20999df2af8eb42d56 -> 
  custom:SearchIndexIgnoredProperties: e643bd26f0fe6173181afceb89e7c659 -> 
  custom:container-demuxer-ogg: 62fdf1f143b41e24485cea50d1cbac27 -> 
  custom:video-decoder-webm-vp8: 9c59270c3fd7afecdb556c50c9e8de78 -> 
  custom:audio-decoder-ogg-vorbis: bf7c407c2cedff20999df2af8eb42d56 -> 
========================================================================
Received Import Request.
  Time since last request: 144807.605244 seconds.
  path: Assets/12_External/JMO Assets/Cartoon FX Remaster/CFXR Assets/Graphics/cfxr stretch inv spike fade ab.mat
  artifactKey: Guid(546ab889d8c044b49b7fc3dc12ea2a58) Importer(815301076,1909f56bfc062723c751e8b465ee728b)
Number of updated assets reloaded before import = 0
Start importing Assets/12_External/JMO Assets/Cartoon FX Remaster/CFXR Assets/Graphics/cfxr stretch inv spike fade ab.mat using Guid(546ab889d8c044b49b7fc3dc12ea2a58) Importer(815301076,1909f56bfc062723c751e8b465ee728b)  -> (artifact id: '43c79e802375a2828624e440d2baacba') in 0.231703 seconds 
Number of asset objects unloaded after import = 13
========================================================================
Received Prepare
Registering precompiled user dll's ...
Registered in 0.001631 seconds.
Begin MonoManager ReloadAssembly
Thread 0x2d1cc7000 may have been prematurely finalized
Symbol file LoadedFromMemory is not a mono symbol file
Native extension for iOS target not found
Native extension for Android target not found
Native extension for OSXStandalone target not found
Refreshing native plugins compatible for Editor in 1.05 ms, found 2 plugins.
Preloading 1 native plugins for Editor in 0.15 ms.
[Package Manager] Server::EnsureServerProcessIsRunning -- launch failed, reason: Unity was launched with the -noUpm command-line argument
[Package Manager] Cannot connect to Unity Package Manager local server
Mono: successfully reloaded assembly
- Completed reload, in  1.019 seconds
Domain Reload Profiling:
	ReloadAssembly (1019ms)
		BeginReloadAssembly (87ms)
			ExecutionOrderSort (0ms)
			DisableScriptedObjects (4ms)
			BackupInstance (0ms)
			ReleaseScriptingObjects (0ms)
			CreateAndSetChildDomain (40ms)
		EndReloadAssembly (889ms)
			LoadAssemblies (34ms)
			RebuildTransferFunctionScriptingTraits (0ms)
			SetupTypeCache (188ms)
			ReleaseScriptCaches (1ms)
			RebuildScriptCaches (30ms)
			SetupLoadedEditorAssemblies (572ms)
				LogAssemblyErrors (0ms)
				InitializePlatformSupportModulesInManaged (13ms)
				SetLoadedEditorAssemblies (0ms)
				RefreshPlugins (1ms)
				BeforeProcessingInitializeOnLoad (38ms)
				ProcessInitializeOnLoadAttributes (439ms)
				ProcessInitializeOnLoadMethodAttributes (79ms)
				AfterProcessingInitializeOnLoad (1ms)
				EditorAssembliesLoaded (0ms)
			ExecutionOrderSort2 (0ms)
			AwakeInstancesAfterBackupRestoration (7ms)
Platform modules already initialized, skipping
Shader 'CartoonCoffee/Particle Additive': fallback shader '2' not found
Shader 'MoreMountains/MMRipple': fallback shader 'Particle/AlphaBlended' not found
Shader 'CartoonCoffee/Particle Basic': fallback shader '2' not found
Refreshing native plugins compatible for Editor in 1.18 ms, found 2 plugins.
Preloading 1 native plugins for Editor in 0.16 ms.
Unloading 6399 Unused Serialized files (Serialized files now loaded: 0)
Unloading 94 unused Assets / (1.7 MB). Loaded Objects now: 7231.
Memory consumption went from 347.9 MB to 346.2 MB.
Total: 5.402333 ms (FindLiveObjects: 0.215375 ms CreateObjectMapping: 0.100583 ms MarkObjects: 4.838333 ms  DeleteObjects: 0.247375 ms)

AssetImportParameters requested are different than current active one (requested -> active):
  custom:video-decoder-ogg-theora: a1e56fd34408186e4bbccfd4996cb3dc -> 
  custom:container-muxer-webm: aa71ff27fc2769a1b78a27578f13a17b -> 
  custom:container-demuxer-webm: 4f35f7cbe854078d1ac9338744f61a02 -> 
  custom:video-encoder-webm-vp8: eb34c28f22e8b96e1ab97ce403110664 -> 
  custom:framework-osx-AVFoundation: e770b220cccbd017edd2c1fefb359320 -> 
  custom:CustomObjectIndexerAttribute: f67f22312cbe972f2da930a377ed3d15 -> 
  custom:audio-encoder-webm-vorbis: bf7c407c2cedff20999df2af8eb42d56 -> 
  custom:SearchIndexIgnoredProperties: e643bd26f0fe6173181afceb89e7c659 -> 
  custom:container-demuxer-ogg: 62fdf1f143b41e24485cea50d1cbac27 -> 
  custom:video-decoder-webm-vp8: 9c59270c3fd7afecdb556c50c9e8de78 -> 
  custom:audio-decoder-ogg-vorbis: bf7c407c2cedff20999df2af8eb42d56 -> 
========================================================================
Received Import Request.
  Time since last request: 131.196458 seconds.
  path: Assets/03_Prefabs/Units/Grid/AnimatedSpriteBase.prefab
  artifactKey: Guid(3354878379061eb4d965f27520d43c6c) Importer(815301076,1909f56bfc062723c751e8b465ee728b)
Number of updated assets reloaded before import = 0
Start importing Assets/03_Prefabs/Units/Grid/AnimatedSpriteBase.prefab using Guid(3354878379061eb4d965f27520d43c6c) Importer(815301076,1909f56bfc062723c751e8b465ee728b)  -> (artifact id: '340b93272dd9044428b65ff9b5211be0') in 0.253049 seconds 
Number of asset objects unloaded after import = 676
========================================================================
Received Import Request.
  Time since last request: 0.000058 seconds.
  path: Assets/03_Prefabs/Units/Grid/SkeletonMantaRayAnimatedSprite.prefab
  artifactKey: Guid(d945d0a00c0d87e43b844af5d93771cc) Importer(815301076,1909f56bfc062723c751e8b465ee728b)
Number of updated assets reloaded before import = 0
Start importing Assets/03_Prefabs/Units/Grid/SkeletonMantaRayAnimatedSprite.prefab using Guid(d945d0a00c0d87e43b844af5d93771cc) Importer(815301076,1909f56bfc062723c751e8b465ee728b)  -> (artifact id: '55719f679f6e73419c207186e22107cb') in 0.176260 seconds 
Number of asset objects unloaded after import = 1743
========================================================================
Received Import Request.
  Time since last request: 0.000066 seconds.
  path: Assets/03_Prefabs/Units/Grid/SkeletonDragonAnimatedSprite.prefab
  artifactKey: Guid(671f6660e81711848ad0d3a82688811e) Importer(815301076,1909f56bfc062723c751e8b465ee728b)
Number of updated assets reloaded before import = 0
Start importing Assets/03_Prefabs/Units/Grid/SkeletonDragonAnimatedSprite.prefab using Guid(671f6660e81711848ad0d3a82688811e) Importer(815301076,1909f56bfc062723c751e8b465ee728b)  -> (artifact id: '614b1b0b0cc883c162e9c8a4e024d130') in 0.169772 seconds 
Number of asset objects unloaded after import = 1780
========================================================================
Received Import Request.
  Time since last request: 0.000039 seconds.
  path: Assets/03_Prefabs/Units/Grid/ClericAnimatedSprite.prefab
  artifactKey: Guid(be623a0cde1bf5e4485fb1d57310ccae) Importer(815301076,1909f56bfc062723c751e8b465ee728b)
Number of updated assets reloaded before import = 0
Start importing Assets/03_Prefabs/Units/Grid/ClericAnimatedSprite.prefab using Guid(be623a0cde1bf5e4485fb1d57310ccae) Importer(815301076,1909f56bfc062723c751e8b465ee728b)  -> (artifact id: '8fa170da7c1f67de5966126567b4d34f') in 0.144608 seconds 
Number of asset objects unloaded after import = 1780
========================================================================
Received Import Request.
  Time since last request: 0.000072 seconds.
  path: Assets/03_Prefabs/Units/Grid/CavalierAnimatedSprite.prefab
  artifactKey: Guid(6ceace14316c57c48bfc74a1f2799d19) Importer(815301076,1909f56bfc062723c751e8b465ee728b)
Number of updated assets reloaded before import = 0
Start importing Assets/03_Prefabs/Units/Grid/CavalierAnimatedSprite.prefab using Guid(6ceace14316c57c48bfc74a1f2799d19) Importer(815301076,1909f56bfc062723c751e8b465ee728b)  -> (artifact id: 'bac9b60d098545ac470d20f71705d2ec') in 0.079437 seconds 
Number of asset objects unloaded after import = 1632
========================================================================
Received Import Request.
  Time since last request: 0.000071 seconds.
  path: Assets/03_Prefabs/Units/Grid/SkeletonAnimatedSprite.prefab
  artifactKey: Guid(84d07bf8bd645534fb93a338f78522a6) Importer(815301076,1909f56bfc062723c751e8b465ee728b)
Number of updated assets reloaded before import = 0
Start importing Assets/03_Prefabs/Units/Grid/SkeletonAnimatedSprite.prefab using Guid(84d07bf8bd645534fb93a338f78522a6) Importer(815301076,1909f56bfc062723c751e8b465ee728b)  -> (artifact id: '04e1f63f0c81ede95ea5a66f4d5c62f0') in 0.088563 seconds 
Number of asset objects unloaded after import = 1781
========================================================================
Received Import Request.
  Time since last request: 0.000058 seconds.
  path: Assets/03_Prefabs/Units/Grid/TwoHandedAnimatedSprite.prefab
  artifactKey: Guid(6d4bc504bf009cc4f93767a3c51ddf59) Importer(815301076,1909f56bfc062723c751e8b465ee728b)
Number of updated assets reloaded before import = 0
Start importing Assets/03_Prefabs/Units/Grid/TwoHandedAnimatedSprite.prefab using Guid(6d4bc504bf009cc4f93767a3c51ddf59) Importer(815301076,1909f56bfc062723c751e8b465ee728b)  -> (artifact id: 'bdc0e4f469d27f133e60084db81f65b5') in 0.086988 seconds 
Number of asset objects unloaded after import = 1775
========================================================================
Received Import Request.
  Time since last request: 0.000069 seconds.
  path: Assets/03_Prefabs/Units/Grid/ScorpionRiderAnimatedSprite.prefab
  artifactKey: Guid(7e373fae0dfd0de4aa0656b3697e5c9f) Importer(815301076,1909f56bfc062723c751e8b465ee728b)
Number of updated assets reloaded before import = 0
Start importing Assets/03_Prefabs/Units/Grid/ScorpionRiderAnimatedSprite.prefab using Guid(7e373fae0dfd0de4aa0656b3697e5c9f) Importer(815301076,1909f56bfc062723c751e8b465ee728b)  -> (artifact id: '0d4c87990e8e2cfdd13738d86821223b') in 0.105925 seconds 
Number of asset objects unloaded after import = 1784
========================================================================
Received Import Request.
  Time since last request: 0.000064 seconds.
  path: Assets/03_Prefabs/Units/Grid/WitchAnimatedSprite.prefab
  artifactKey: Guid(5bf837911a4ad784d94dc19dd361bd78) Importer(815301076,1909f56bfc062723c751e8b465ee728b)
Number of updated assets reloaded before import = 0
Start importing Assets/03_Prefabs/Units/Grid/WitchAnimatedSprite.prefab using Guid(5bf837911a4ad784d94dc19dd361bd78) Importer(815301076,1909f56bfc062723c751e8b465ee728b)  -> (artifact id: 'e27592324f69ae10b3c7bee8975061c5') in 0.090076 seconds 
Number of asset objects unloaded after import = 1774
========================================================================
Received Import Request.
  Time since last request: 0.000110 seconds.
  path: Assets/03_Prefabs/Units/Grid/SkeletonOfficierAnimatedSprite.prefab
  artifactKey: Guid(2103419a607df6f49b01cab5ef383302) Importer(815301076,1909f56bfc062723c751e8b465ee728b)
Number of updated assets reloaded before import = 0
Start importing Assets/03_Prefabs/Units/Grid/SkeletonOfficierAnimatedSprite.prefab using Guid(2103419a607df6f49b01cab5ef383302) Importer(815301076,1909f56bfc062723c751e8b465ee728b)  -> (artifact id: 'c8ff145953767dd6c81107feb6db74f4') in 0.085561 seconds 
Number of asset objects unloaded after import = 1768
========================================================================
Received Import Request.
  Time since last request: 0.000037 seconds.
  path: Assets/03_Prefabs/Units/Grid/RogueAnimatedSprite.prefab
  artifactKey: Guid(671f247f3a9afd54a9fd63203bf3b25f) Importer(815301076,1909f56bfc062723c751e8b465ee728b)
Number of updated assets reloaded before import = 0
Start importing Assets/03_Prefabs/Units/Grid/RogueAnimatedSprite.prefab using Guid(671f247f3a9afd54a9fd63203bf3b25f) Importer(815301076,1909f56bfc062723c751e8b465ee728b)  -> (artifact id: '734fefba53607f5512be2e403e652224') in 0.090171 seconds 
Number of asset objects unloaded after import = 1743
========================================================================
Received Import Request.
  Time since last request: 2.580050 seconds.
  path: Assets/03_Prefabs/Units/Grid/AnimatedSpriteBase.prefab
  artifactKey: Guid(3354878379061eb4d965f27520d43c6c) Importer(815301076,1909f56bfc062723c751e8b465ee728b)
Number of updated assets reloaded before import = 0
Start importing Assets/03_Prefabs/Units/Grid/AnimatedSpriteBase.prefab using Guid(3354878379061eb4d965f27520d43c6c) Importer(815301076,1909f56bfc062723c751e8b465ee728b)  -> (artifact id: '2a0bb0357f066a93d5027bb7a01bae42') in 0.107787 seconds 
Number of asset objects unloaded after import = 1556
========================================================================
Received Import Request.
  Time since last request: 5.067120 seconds.
  path: Assets/12_External/JMO Assets/Cartoon FX Remaster/CFXR Prefabs/Expressions/CFXR2 Expression Angry (Loop, Alt).prefab
  artifactKey: Guid(711aa0ee7e749e54e8e667106fb1c87a) Importer(815301076,1909f56bfc062723c751e8b465ee728b)
Number of updated assets reloaded before import = 0
Start importing Assets/12_External/JMO Assets/Cartoon FX Remaster/CFXR Prefabs/Expressions/CFXR2 Expression Angry (Loop, Alt).prefab using Guid(711aa0ee7e749e54e8e667106fb1c87a) Importer(815301076,1909f56bfc062723c751e8b465ee728b)  -> (artifact id: '2d39a291112f6fcb9e7c33ade5f4c291') in 0.016882 seconds 
Number of asset objects unloaded after import = 24
========================================================================
Received Import Request.
  Time since last request: 0.000061 seconds.
  path: Assets/12_External/JMO Assets/Cartoon FX Remaster/CFXR Prefabs/Expressions/Variants/CFXR2 Expression Angry (Timed, Frowns).prefab
  artifactKey: Guid(b3062e5f711b422408cabe19075a2c22) Importer(815301076,1909f56bfc062723c751e8b465ee728b)
Number of updated assets reloaded before import = 0
Start importing Assets/12_External/JMO Assets/Cartoon FX Remaster/CFXR Prefabs/Expressions/Variants/CFXR2 Expression Angry (Timed, Frowns).prefab using Guid(b3062e5f711b422408cabe19075a2c22) Importer(815301076,1909f56bfc062723c751e8b465ee728b)  -> (artifact id: '9ef465d2f919a2ff5143bb3f8882efa3') in 0.006192 seconds 
Number of asset objects unloaded after import = 35
========================================================================
Received Import Request.
  Time since last request: 0.000045 seconds.
  path: Assets/12_External/JMO Assets/Cartoon FX Remaster/CFXR Prefabs/Expressions/CFXR2 Expression Happy (Loop).prefab
  artifactKey: Guid(46c8af0034d530641a0cd0789d43d222) Importer(815301076,1909f56bfc062723c751e8b465ee728b)
Number of updated assets reloaded before import = 0
Start importing Assets/12_External/JMO Assets/Cartoon FX Remaster/CFXR Prefabs/Expressions/CFXR2 Expression Happy (Loop).prefab using Guid(46c8af0034d530641a0cd0789d43d222) Importer(815301076,1909f56bfc062723c751e8b465ee728b)  -> (artifact id: '2d95ec8f541ba01d9f0a94557a18c449') in 0.006222 seconds 
Number of asset objects unloaded after import = 16
========================================================================
Received Import Request.
  Time since last request: 0.000036 seconds.
  path: Assets/12_External/JMO Assets/Cartoon FX Remaster/CFXR Prefabs/Expressions/Variants/CFXR2 Expression Happy (Timed).prefab
  artifactKey: Guid(c6da4fe50f2ae2849873f8c0c227924c) Importer(815301076,1909f56bfc062723c751e8b465ee728b)
Number of updated assets reloaded before import = 0
Start importing Assets/12_External/JMO Assets/Cartoon FX Remaster/CFXR Prefabs/Expressions/Variants/CFXR2 Expression Happy (Timed).prefab using Guid(c6da4fe50f2ae2849873f8c0c227924c) Importer(815301076,1909f56bfc062723c751e8b465ee728b)  -> (artifact id: '4d8c3bfb1f8b0dcbc4ec89b4a8551f68') in 0.005836 seconds 
Number of asset objects unloaded after import = 26
========================================================================
Received Import Request.
  Time since last request: 0.000036 seconds.
  path: Assets/12_External/JMO Assets/Cartoon FX Remaster/CFXR Prefabs/Expressions/Variants/CFXR2 Expression Angry (Timed, Alt).prefab
  artifactKey: Guid(6819fc2be7344164a9c8212dd1b229d7) Importer(815301076,1909f56bfc062723c751e8b465ee728b)
Number of updated assets reloaded before import = 0
Start importing Assets/12_External/JMO Assets/Cartoon FX Remaster/CFXR Prefabs/Expressions/Variants/CFXR2 Expression Angry (Timed, Alt).prefab using Guid(6819fc2be7344164a9c8212dd1b229d7) Importer(815301076,1909f56bfc062723c751e8b465ee728b)  -> (artifact id: '9f88e2c22a183b01fe07b20745dec1bc') in 0.006160 seconds 
Number of asset objects unloaded after import = 35
========================================================================
Received Import Request.
  Time since last request: 1.730509 seconds.
  path: Assets/12_External/JMO Assets/Cartoon FX Remaster/CFXR Prefabs/Expressions/CFXR2 Expression Sparkles (Loop, Alt).prefab
  artifactKey: Guid(0aaacdffd4be86047886833767e77e39) Importer(815301076,1909f56bfc062723c751e8b465ee728b)
Number of updated assets reloaded before import = 0
Start importing Assets/12_External/JMO Assets/Cartoon FX Remaster/CFXR Prefabs/Expressions/CFXR2 Expression Sparkles (Loop, Alt).prefab using Guid(0aaacdffd4be86047886833767e77e39) Importer(815301076,1909f56bfc062723c751e8b465ee728b)  -> (artifact id: '499e7857a104f84706d587b9f7a7991c') in 0.025538 seconds 
Number of asset objects unloaded after import = 30
========================================================================
Received Prepare
Registering precompiled user dll's ...
Registered in 0.001486 seconds.
Begin MonoManager ReloadAssembly
Thread 0x2b9ec7000 may have been prematurely finalized
Symbol file LoadedFromMemory is not a mono symbol file
Native extension for iOS target not found
Native extension for Android target not found
Native extension for OSXStandalone target not found
Refreshing native plugins compatible for Editor in 1.10 ms, found 2 plugins.
Preloading 1 native plugins for Editor in 0.17 ms.
[Package Manager] Server::EnsureServerProcessIsRunning -- launch failed, reason: Unity was launched with the -noUpm command-line argument
[Package Manager] Cannot connect to Unity Package Manager local server
Mono: successfully reloaded assembly
- Completed reload, in  1.032 seconds
Domain Reload Profiling:
	ReloadAssembly (1032ms)
		BeginReloadAssembly (97ms)
			ExecutionOrderSort (0ms)
			DisableScriptedObjects (5ms)
			BackupInstance (0ms)
			ReleaseScriptingObjects (0ms)
			CreateAndSetChildDomain (46ms)
		EndReloadAssembly (892ms)
			LoadAssemblies (38ms)
			RebuildTransferFunctionScriptingTraits (0ms)
			SetupTypeCache (193ms)
			ReleaseScriptCaches (1ms)
			RebuildScriptCaches (30ms)
			SetupLoadedEditorAssemblies (578ms)
				LogAssemblyErrors (0ms)
				InitializePlatformSupportModulesInManaged (14ms)
				SetLoadedEditorAssemblies (0ms)
				RefreshPlugins (1ms)
				BeforeProcessingInitializeOnLoad (39ms)
				ProcessInitializeOnLoadAttributes (442ms)
				ProcessInitializeOnLoadMethodAttributes (81ms)
				AfterProcessingInitializeOnLoad (1ms)
				EditorAssembliesLoaded (0ms)
			ExecutionOrderSort2 (0ms)
			AwakeInstancesAfterBackupRestoration (7ms)
Platform modules already initialized, skipping
Shader 'CartoonCoffee/Particle Additive': fallback shader '2' not found
Shader 'MoreMountains/MMRipple': fallback shader 'Particle/AlphaBlended' not found
Shader 'CartoonCoffee/Particle Basic': fallback shader '2' not found
Refreshing native plugins compatible for Editor in 1.34 ms, found 2 plugins.
Preloading 1 native plugins for Editor in 0.24 ms.
Unloading 6388 Unused Serialized files (Serialized files now loaded: 0)
Unloading 96 unused Assets / (1.7 MB). Loaded Objects now: 7287.
Memory consumption went from 351.9 MB to 350.2 MB.
Total: 5.167125 ms (FindLiveObjects: 0.199959 ms CreateObjectMapping: 0.066833 ms MarkObjects: 4.671875 ms  DeleteObjects: 0.228125 ms)

AssetImportParameters requested are different than current active one (requested -> active):
  custom:video-decoder-ogg-theora: a1e56fd34408186e4bbccfd4996cb3dc -> 
  custom:container-muxer-webm: aa71ff27fc2769a1b78a27578f13a17b -> 
  custom:container-demuxer-webm: 4f35f7cbe854078d1ac9338744f61a02 -> 
  custom:video-encoder-webm-vp8: eb34c28f22e8b96e1ab97ce403110664 -> 
  custom:framework-osx-AVFoundation: e770b220cccbd017edd2c1fefb359320 -> 
  custom:CustomObjectIndexerAttribute: f67f22312cbe972f2da930a377ed3d15 -> 
  custom:audio-encoder-webm-vorbis: bf7c407c2cedff20999df2af8eb42d56 -> 
  custom:SearchIndexIgnoredProperties: e643bd26f0fe6173181afceb89e7c659 -> 
  custom:container-demuxer-ogg: 62fdf1f143b41e24485cea50d1cbac27 -> 
  custom:video-decoder-webm-vp8: 9c59270c3fd7afecdb556c50c9e8de78 -> 
  custom:audio-decoder-ogg-vorbis: bf7c407c2cedff20999df2af8eb42d56 -> 
========================================================================
Received Import Request.
  Time since last request: 326.156987 seconds.
  path: Assets/03_Prefabs/Units/Grid/ArmorKnightAnimatedSprite.prefab
  artifactKey: Guid(3023e7b61d707844091efebe0d84d607) Importer(815301076,1909f56bfc062723c751e8b465ee728b)
Number of updated assets reloaded before import = 0
Start importing Assets/03_Prefabs/Units/Grid/ArmorKnightAnimatedSprite.prefab using Guid(3023e7b61d707844091efebe0d84d607) Importer(815301076,1909f56bfc062723c751e8b465ee728b)  -> (artifact id: '3b882a0d6a1fe1e43f746d5f5ca06bd3') in 0.208602 seconds 
Number of asset objects unloaded after import = 1082
========================================================================
Received Import Request.
  Time since last request: 0.000068 seconds.
  path: Assets/03_Prefabs/Units/Grid/SkeletonDragonAnimatedSprite.prefab
  artifactKey: Guid(671f6660e81711848ad0d3a82688811e) Importer(815301076,1909f56bfc062723c751e8b465ee728b)
Number of updated assets reloaded before import = 0
Start importing Assets/03_Prefabs/Units/Grid/SkeletonDragonAnimatedSprite.prefab using Guid(671f6660e81711848ad0d3a82688811e) Importer(815301076,1909f56bfc062723c751e8b465ee728b)  -> (artifact id: '9c32f7f8e42518dd0381e6b21eb75791') in 0.201870 seconds 
Number of asset objects unloaded after import = 1764
========================================================================
Received Import Request.
  Time since last request: 0.000037 seconds.
  path: Assets/03_Prefabs/Units/Grid/ClericAnimatedSprite.prefab
  artifactKey: Guid(be623a0cde1bf5e4485fb1d57310ccae) Importer(815301076,1909f56bfc062723c751e8b465ee728b)
Number of updated assets reloaded before import = 0
Start importing Assets/03_Prefabs/Units/Grid/ClericAnimatedSprite.prefab using Guid(be623a0cde1bf5e4485fb1d57310ccae) Importer(815301076,1909f56bfc062723c751e8b465ee728b)  -> (artifact id: '57fbf8c1b344a549a474f414c747bdbb') in 0.147889 seconds 
Number of asset objects unloaded after import = 1764
========================================================================
Received Import Request.
  Time since last request: 0.000066 seconds.
  path: Assets/03_Prefabs/Units/Grid/CavalierAnimatedSprite.prefab
  artifactKey: Guid(6ceace14316c57c48bfc74a1f2799d19) Importer(815301076,1909f56bfc062723c751e8b465ee728b)
Number of updated assets reloaded before import = 0
Start importing Assets/03_Prefabs/Units/Grid/CavalierAnimatedSprite.prefab using Guid(6ceace14316c57c48bfc74a1f2799d19) Importer(815301076,1909f56bfc062723c751e8b465ee728b)  -> (artifact id: '44db591fd5741ea1d20c6d4f72587e00') in 0.084290 seconds 
Number of asset objects unloaded after import = 1621
========================================================================
Received Import Request.
  Time since last request: 0.000083 seconds.
  path: Assets/03_Prefabs/Units/Grid/SkeletonBansheeAnimatedSprite.prefab
  artifactKey: Guid(1bdcc87f545ddf94d8f589889c10b6cb) Importer(815301076,1909f56bfc062723c751e8b465ee728b)
Number of updated assets reloaded before import = 0
Start importing Assets/03_Prefabs/Units/Grid/SkeletonBansheeAnimatedSprite.prefab using Guid(1bdcc87f545ddf94d8f589889c10b6cb) Importer(815301076,1909f56bfc062723c751e8b465ee728b)  -> (artifact id: '1ec9d6070753662da1dd5db5c8627f01') in 0.083633 seconds 
Number of asset objects unloaded after import = 1728
========================================================================
Received Import Request.
  Time since last request: 0.000068 seconds.
  path: Assets/03_Prefabs/Units/Grid/ScorpionRiderAnimatedSprite.prefab
  artifactKey: Guid(7e373fae0dfd0de4aa0656b3697e5c9f) Importer(815301076,1909f56bfc062723c751e8b465ee728b)
Number of updated assets reloaded before import = 0
Start importing Assets/03_Prefabs/Units/Grid/ScorpionRiderAnimatedSprite.prefab using Guid(7e373fae0dfd0de4aa0656b3697e5c9f) Importer(815301076,1909f56bfc062723c751e8b465ee728b)  -> (artifact id: '337d4aa8d1583e46f2bf39afefc45bb7') in 0.114093 seconds 
Number of asset objects unloaded after import = 1768
========================================================================
Received Import Request.
  Time since last request: 0.000047 seconds.
  path: Assets/03_Prefabs/Units/Grid/SkeletonArcherAnimatedSprite.prefab
  artifactKey: Guid(05a1237786156db40ab6cfd870e1fdad) Importer(815301076,1909f56bfc062723c751e8b465ee728b)
Number of updated assets reloaded before import = 0
Start importing Assets/03_Prefabs/Units/Grid/SkeletonArcherAnimatedSprite.prefab using Guid(05a1237786156db40ab6cfd870e1fdad) Importer(815301076,1909f56bfc062723c751e8b465ee728b)  -> (artifact id: '6810af14422466aa6b4df73a557899ef') in 0.084999 seconds 
Number of asset objects unloaded after import = 1756
========================================================================
Received Prepare
Registering precompiled user dll's ...
Registered in 0.001587 seconds.
Begin MonoManager ReloadAssembly
Thread 0x16e1cf000 may have been prematurely finalized
Symbol file LoadedFromMemory is not a mono symbol file
Native extension for iOS target not found
Native extension for Android target not found
Native extension for OSXStandalone target not found
Refreshing native plugins compatible for Editor in 1.13 ms, found 2 plugins.
Preloading 1 native plugins for Editor in 0.16 ms.
[Package Manager] Server::EnsureServerProcessIsRunning -- launch failed, reason: Unity was launched with the -noUpm command-line argument
[Package Manager] Cannot connect to Unity Package Manager local server
Mono: successfully reloaded assembly
- Completed reload, in  1.061 seconds
Domain Reload Profiling:
	ReloadAssembly (1061ms)
		BeginReloadAssembly (100ms)
			ExecutionOrderSort (0ms)
			DisableScriptedObjects (5ms)
			BackupInstance (0ms)
			ReleaseScriptingObjects (0ms)
			CreateAndSetChildDomain (49ms)
		EndReloadAssembly (911ms)
			LoadAssemblies (37ms)
			RebuildTransferFunctionScriptingTraits (0ms)
			SetupTypeCache (202ms)
			ReleaseScriptCaches (1ms)
			RebuildScriptCaches (32ms)
			SetupLoadedEditorAssemblies (584ms)
				LogAssemblyErrors (0ms)
				InitializePlatformSupportModulesInManaged (14ms)
				SetLoadedEditorAssemblies (0ms)
				RefreshPlugins (1ms)
				BeforeProcessingInitializeOnLoad (39ms)
				ProcessInitializeOnLoadAttributes (440ms)
				ProcessInitializeOnLoadMethodAttributes (90ms)
				AfterProcessingInitializeOnLoad (1ms)
				EditorAssembliesLoaded (0ms)
			ExecutionOrderSort2 (0ms)
			AwakeInstancesAfterBackupRestoration (8ms)
Platform modules already initialized, skipping
Shader 'CartoonCoffee/Particle Additive': fallback shader '2' not found
Shader 'MoreMountains/MMRipple': fallback shader 'Particle/AlphaBlended' not found
Shader 'CartoonCoffee/Particle Basic': fallback shader '2' not found
Refreshing native plugins compatible for Editor in 1.33 ms, found 2 plugins.
Preloading 1 native plugins for Editor in 0.16 ms.
Unloading 6388 Unused Serialized files (Serialized files now loaded: 0)
Unloading 96 unused Assets / (1.7 MB). Loaded Objects now: 7342.
Memory consumption went from 352.2 MB to 350.4 MB.
Total: 5.448417 ms (FindLiveObjects: 0.253917 ms CreateObjectMapping: 0.064541 ms MarkObjects: 4.856042 ms  DeleteObjects: 0.273500 ms)

AssetImportParameters requested are different than current active one (requested -> active):
  custom:video-decoder-ogg-theora: a1e56fd34408186e4bbccfd4996cb3dc -> 
  custom:container-muxer-webm: aa71ff27fc2769a1b78a27578f13a17b -> 
  custom:container-demuxer-webm: 4f35f7cbe854078d1ac9338744f61a02 -> 
  custom:video-encoder-webm-vp8: eb34c28f22e8b96e1ab97ce403110664 -> 
  custom:framework-osx-AVFoundation: e770b220cccbd017edd2c1fefb359320 -> 
  custom:CustomObjectIndexerAttribute: f67f22312cbe972f2da930a377ed3d15 -> 
  custom:audio-encoder-webm-vorbis: bf7c407c2cedff20999df2af8eb42d56 -> 
  custom:SearchIndexIgnoredProperties: e643bd26f0fe6173181afceb89e7c659 -> 
  custom:container-demuxer-ogg: 62fdf1f143b41e24485cea50d1cbac27 -> 
  custom:video-decoder-webm-vp8: 9c59270c3fd7afecdb556c50c9e8de78 -> 
  custom:audio-decoder-ogg-vorbis: bf7c407c2cedff20999df2af8eb42d56 -> 
Editor requested this worker to shutdown with reason: Scaling down because of idle timeout
AssetImportWorker is now disconnected from the server
Process exiting
