Unity Editor version:    2021.3.32f1 (3b9dae9532f5)
Branch:                  2021.3/staging
Build type:              Release
Batch mode:              YES
macOS version:           Version 14.1.1 (Build 23B2082)
Darwin version:          23.1.0
Architecture:            arm64
Running under Rosetta:   NO
Available memory:        18432 MB
Using pre-set license
Pro License: YES

COMMAND LINE ARGUMENTS:
/Applications/Unity/Hub/Editor/2021.3.32f1/Unity.app/Contents/MacOS/Unity
-adb2
-batchMode
-noUpm
-name
AssetImportWorker25
-projectPath
/Users/daniel/Documents/fe-kingdom-mobile/trunk/FireEmblemMobile/FireEmblemMobileUnityProject
-logFile
Logs/AssetImportWorker25.log
-srvPort
49287
Successfully changed project path to: /Users/daniel/Documents/fe-kingdom-mobile/trunk/FireEmblemMobile/FireEmblemMobileUnityProject
/Users/daniel/Documents/fe-kingdom-mobile/trunk/FireEmblemMobile/FireEmblemMobileUnityProject
[UnityMemory] Configuration Parameters - Can be set up in boot.config
    "memorysetup-bucket-allocator-granularity=16"
    "memorysetup-bucket-allocator-bucket-count=8"
    "memorysetup-bucket-allocator-block-size=33554432"
    "memorysetup-bucket-allocator-block-count=8"
    "memorysetup-main-allocator-block-size=16777216"
    "memorysetup-thread-allocator-block-size=16777216"
    "memorysetup-gfx-main-allocator-block-size=16777216"
    "memorysetup-gfx-thread-allocator-block-size=16777216"
    "memorysetup-cache-allocator-block-size=4194304"
    "memorysetup-typetree-allocator-block-size=2097152"
    "memorysetup-profiler-bucket-allocator-granularity=16"
    "memorysetup-profiler-bucket-allocator-bucket-count=8"
    "memorysetup-profiler-bucket-allocator-block-size=33554432"
    "memorysetup-profiler-bucket-allocator-block-count=8"
    "memorysetup-profiler-allocator-block-size=16777216"
    "memorysetup-profiler-editor-allocator-block-size=1048576"
    "memorysetup-temp-allocator-size-main=16777216"
    "memorysetup-job-temp-allocator-block-size=2097152"
    "memorysetup-job-temp-allocator-block-size-background=1048576"
    "memorysetup-job-temp-allocator-reduction-small-platforms=262144"
    "memorysetup-temp-allocator-size-background-worker=32768"
    "memorysetup-temp-allocator-size-job-worker=262144"
    "memorysetup-temp-allocator-size-preload-manager=33554432"
    "memorysetup-temp-allocator-size-nav-mesh-worker=65536"
    "memorysetup-temp-allocator-size-audio-worker=65536"
    "memorysetup-temp-allocator-size-cloud-worker=32768"
    "memorysetup-temp-allocator-size-gi-baking-worker=262144"
    "memorysetup-temp-allocator-size-gfx=262144"
Player connection [8035589824] Host "[IP] 192.168.0.2 [Port] 0 [Flags] 2 [Guid] 1867757605 [EditorId] 1867757605 [Version] 1048832 [Id] OSXEditor(0,Daniels-MacBook-Pro.local) [Debug] 1 [PackageName] OSXEditor [ProjectName] Editor" joined multi-casting on [225.0.0.222:54997]...

Player connection [8035589824] Host "[IP] 192.168.0.2 [Port] 0 [Flags] 2 [Guid] 1867757605 [EditorId] 1867757605 [Version] 1048832 [Id] OSXEditor(0,Daniels-MacBook-Pro.local) [Debug] 1 [PackageName] OSXEditor [ProjectName] Editor" joined alternative multi-casting on [225.0.0.222:34997]...

[Physics::Module] Initialized MultithreadedJobDispatcher with {0} workers.
Refreshing native plugins compatible for Editor in 156.37 ms, found 2 plugins.
Preloading 1 native plugins for Editor in 1.04 ms.
Initialize engine version: 2021.3.32f1 (3b9dae9532f5)
[Subsystems] Discovering subsystems at path /Applications/Unity/Hub/Editor/2021.3.32f1/Unity.app/Contents/Resources/UnitySubsystems
[Subsystems] Discovering subsystems at path /Users/daniel/Documents/fe-kingdom-mobile/trunk/FireEmblemMobile/FireEmblemMobileUnityProject/Assets
GfxDevice: creating device client; threaded=0; jobified=0
 preferred device: Apple M3 Pro (high power)
Metal devices available: 1
0: Apple M3 Pro (high power)
Using device Apple M3 Pro (high power)
Initializing Metal device caps: Apple M3 Pro
Shader 'CartoonCoffee/Particle Basic': fallback shader '2' not found
Shader 'CartoonCoffee/Particle Additive': fallback shader '2' not found
Shader 'MoreMountains/MMRipple': fallback shader 'Particle/AlphaBlended' not found
Initialize mono
Mono path[0] = '/Applications/Unity/Hub/Editor/2021.3.32f1/Unity.app/Contents/Managed'
Mono path[1] = '/Applications/Unity/Hub/Editor/2021.3.32f1/Unity.app/Contents/MonoBleedingEdge/lib/mono/unityjit-macos'
Mono config path = '/Applications/Unity/Hub/Editor/2021.3.32f1/Unity.app/Contents/MonoBleedingEdge/etc'
Using monoOptions --debugger-agent=transport=dt_socket,embedding=1,server=y,suspend=n,address=127.0.0.1:56853
Begin MonoManager ReloadAssembly
Registering precompiled unity dll's ...
Register platform support module: /Applications/Unity/Hub/Editor/2021.3.32f1/Unity.app/Contents/PlaybackEngines/MacStandaloneSupport/UnityEditor.OSXStandalone.Extensions.dll
Register platform support module: /Applications/Unity/Hub/Editor/2021.3.32f1/PlaybackEngines/AndroidPlayer/UnityEditor.Android.Extensions.dll
Register platform support module: /Applications/Unity/Hub/Editor/2021.3.32f1/PlaybackEngines/iOSSupport/UnityEditor.iOS.Extensions.dll
Registered in 0.001607 seconds.
[usbmuxd] Start listen thread
[usbmuxd] Listen thread started
[usbmuxd] Send listen message
Native extension for iOS target not found
Native extension for Android target not found
Android Extension - Scanning For ADB Devices 335 ms
Native extension for OSXStandalone target not found
Refreshing native plugins compatible for Editor in 113.93 ms, found 2 plugins.
Preloading 1 native plugins for Editor in 0.18 ms.
Mono: successfully reloaded assembly
- Completed reload, in  0.795 seconds
Domain Reload Profiling:
	ReloadAssembly (795ms)
		BeginReloadAssembly (58ms)
			ExecutionOrderSort (0ms)
			DisableScriptedObjects (0ms)
			BackupInstance (0ms)
			ReleaseScriptingObjects (0ms)
			CreateAndSetChildDomain (0ms)
		EndReloadAssembly (693ms)
			LoadAssemblies (59ms)
			RebuildTransferFunctionScriptingTraits (0ms)
			SetupTypeCache (59ms)
			ReleaseScriptCaches (0ms)
			RebuildScriptCaches (15ms)
			SetupLoadedEditorAssemblies (597ms)
				LogAssemblyErrors (0ms)
				InitializePlatformSupportModulesInManaged (432ms)
				SetLoadedEditorAssemblies (0ms)
				RefreshPlugins (114ms)
				BeforeProcessingInitializeOnLoad (1ms)
				ProcessInitializeOnLoadAttributes (32ms)
				ProcessInitializeOnLoadMethodAttributes (18ms)
				AfterProcessingInitializeOnLoad (0ms)
				EditorAssembliesLoaded (0ms)
			ExecutionOrderSort2 (0ms)
			AwakeInstancesAfterBackupRestoration (0ms)
Platform modules already initialized, skipping
Registering precompiled user dll's ...
Registered in 0.007290 seconds.
Begin MonoManager ReloadAssembly
Symbol file LoadedFromMemory is not a mono symbol file
Native extension for iOS target not found
Native extension for Android target not found
Native extension for OSXStandalone target not found
Refreshing native plugins compatible for Editor in 132.08 ms, found 2 plugins.
Preloading 1 native plugins for Editor in 0.18 ms.
Package Manager log level set to [2]
[Package Manager] Server::EnsureServerProcessIsRunning -- launch failed, reason: Unity was launched with the -noUpm command-line argument
[Package Manager] Cannot connect to Unity Package Manager local server
Mono: successfully reloaded assembly
- Completed reload, in  1.259 seconds
Domain Reload Profiling:
	ReloadAssembly (1260ms)
		BeginReloadAssembly (54ms)
			ExecutionOrderSort (0ms)
			DisableScriptedObjects (3ms)
			BackupInstance (0ms)
			ReleaseScriptingObjects (0ms)
			CreateAndSetChildDomain (16ms)
		EndReloadAssembly (1152ms)
			LoadAssemblies (97ms)
			RebuildTransferFunctionScriptingTraits (0ms)
			SetupTypeCache (200ms)
			ReleaseScriptCaches (1ms)
			RebuildScriptCaches (62ms)
			SetupLoadedEditorAssemblies (755ms)
				LogAssemblyErrors (0ms)
				InitializePlatformSupportModulesInManaged (14ms)
				SetLoadedEditorAssemblies (0ms)
				RefreshPlugins (132ms)
				BeforeProcessingInitializeOnLoad (58ms)
				ProcessInitializeOnLoadAttributes (457ms)
				ProcessInitializeOnLoadMethodAttributes (92ms)
				AfterProcessingInitializeOnLoad (1ms)
				EditorAssembliesLoaded (0ms)
			ExecutionOrderSort2 (0ms)
			AwakeInstancesAfterBackupRestoration (2ms)
Platform modules already initialized, skipping
========================================================================
Worker process is ready to serve import requests
Shader 'MoreMountains/MMRipple': fallback shader 'Particle/AlphaBlended' not found
Shader 'CartoonCoffee/Particle Basic': fallback shader '2' not found
Shader 'CartoonCoffee/Particle Additive': fallback shader '2' not found
Launching external process: /Applications/Unity/Hub/Editor/2021.3.32f1/Unity.app/Contents/Tools/UnityShaderCompiler
Launched and connected shader compiler UnityShaderCompiler after 0.12 seconds
Refreshing native plugins compatible for Editor in 1.18 ms, found 2 plugins.
Preloading 1 native plugins for Editor in 0.15 ms.
Unloading 6761 Unused Serialized files (Serialized files now loaded: 0)
Unloading 102 unused Assets / (2.1 MB). Loaded Objects now: 7263.
Memory consumption went from 363.0 MB to 360.9 MB.
Total: 5.176167 ms (FindLiveObjects: 0.180583 ms CreateObjectMapping: 0.068292 ms MarkObjects: 4.414833 ms  DeleteObjects: 0.511750 ms)

AssetImportParameters requested are different than current active one (requested -> active):
  custom:video-decoder-ogg-theora: a1e56fd34408186e4bbccfd4996cb3dc -> 
  custom:container-muxer-webm: aa71ff27fc2769a1b78a27578f13a17b -> 
  custom:container-demuxer-webm: 4f35f7cbe854078d1ac9338744f61a02 -> 
  custom:video-encoder-webm-vp8: eb34c28f22e8b96e1ab97ce403110664 -> 
  custom:framework-osx-AVFoundation: e770b220cccbd017edd2c1fefb359320 -> 
  custom:CustomObjectIndexerAttribute: f67f22312cbe972f2da930a377ed3d15 -> 
  custom:audio-encoder-webm-vorbis: bf7c407c2cedff20999df2af8eb42d56 -> 
  custom:SearchIndexIgnoredProperties: e643bd26f0fe6173181afceb89e7c659 -> 
  custom:container-demuxer-ogg: 62fdf1f143b41e24485cea50d1cbac27 -> 
  custom:video-decoder-webm-vp8: 9c59270c3fd7afecdb556c50c9e8de78 -> 
  custom:audio-decoder-ogg-vorbis: bf7c407c2cedff20999df2af8eb42d56 -> 
========================================================================
Received Import Request.
  Time since last request: 116285.907215 seconds.
  path: Assets/JMO Assets/Cartoon FX (legacy)/Materials/Light/CFX4_Glow AB+Add Blue.mat
  artifactKey: Guid(e75830b8a51e9ed489eedcb6125c3701) Importer(815301076,1909f56bfc062723c751e8b465ee728b)
Number of updated assets reloaded before import = 0
Start importing Assets/JMO Assets/Cartoon FX (legacy)/Materials/Light/CFX4_Glow AB+Add Blue.mat using Guid(e75830b8a51e9ed489eedcb6125c3701) Importer(815301076,1909f56bfc062723c751e8b465ee728b)  -> (artifact id: '9e28ecfe77bf5022babf432617b3f26d') in 0.791147 seconds 
Number of asset objects unloaded after import = 14
========================================================================
Received Import Request.
  Time since last request: 0.353913 seconds.
  path: Assets/JMO Assets/Cartoon FX (legacy)/Materials (Mobile)/Misc/CFXM2_Glow Soft.mat
  artifactKey: Guid(2b46ee04ee00df54d8a019afc70ae405) Importer(815301076,1909f56bfc062723c751e8b465ee728b)
Number of updated assets reloaded before import = 0
Start importing Assets/JMO Assets/Cartoon FX (legacy)/Materials (Mobile)/Misc/CFXM2_Glow Soft.mat using Guid(2b46ee04ee00df54d8a019afc70ae405) Importer(815301076,1909f56bfc062723c751e8b465ee728b)  -> (artifact id: '1a83273de3eb206023c3dc6298dfa598') in 0.013321 seconds 
Number of asset objects unloaded after import = 3
========================================================================
Received Import Request.
  Time since last request: 0.475578 seconds.
  path: Assets/JMO Assets/Cartoon FX (legacy)/Materials (Mobile)/Light/CFXM3_GlowDot MULT.mat
  artifactKey: Guid(9f622be4864d9704faacc33dd18b155d) Importer(815301076,1909f56bfc062723c751e8b465ee728b)
Number of updated assets reloaded before import = 0
Start importing Assets/JMO Assets/Cartoon FX (legacy)/Materials (Mobile)/Light/CFXM3_GlowDot MULT.mat using Guid(9f622be4864d9704faacc33dd18b155d) Importer(815301076,1909f56bfc062723c751e8b465ee728b)  -> (artifact id: '8323d3ac99d0ac109a0c19c609891420') in 0.010977 seconds 
Number of asset objects unloaded after import = 3
========================================================================
Received Import Request.
  Time since last request: 0.081577 seconds.
  path: Assets/JMO Assets/Cartoon FX (legacy)/CFX3 Prefabs (Mobile)/Light/CFXM3_LightGlow_A_Air.prefab
  artifactKey: Guid(96a4f5398cd106345a8f182b91d19f21) Importer(815301076,1909f56bfc062723c751e8b465ee728b)
Number of updated assets reloaded before import = 0
Start importing Assets/JMO Assets/Cartoon FX (legacy)/CFX3 Prefabs (Mobile)/Light/CFXM3_LightGlow_A_Air.prefab using Guid(96a4f5398cd106345a8f182b91d19f21) Importer(815301076,1909f56bfc062723c751e8b465ee728b)  -> (artifact id: '9dd86f9833e65e42cc7ccf02814601ee') in 0.036006 seconds 
Number of asset objects unloaded after import = 21
========================================================================
Received Import Request.
  Time since last request: 0.038665 seconds.
  path: Assets/JMO Assets/Cartoon FX (legacy)/CFX3 Prefabs (Mobile)/Light/Color Variants/CFXM3_LightGlow_A_Air (Orange).prefab
  artifactKey: Guid(d35083baa0e74fd4bb47581a894d1361) Importer(815301076,1909f56bfc062723c751e8b465ee728b)
Number of updated assets reloaded before import = 0
Start importing Assets/JMO Assets/Cartoon FX (legacy)/CFX3 Prefabs (Mobile)/Light/Color Variants/CFXM3_LightGlow_A_Air (Orange).prefab using Guid(d35083baa0e74fd4bb47581a894d1361) Importer(815301076,1909f56bfc062723c751e8b465ee728b)  -> (artifact id: '10cf4329bb3fc143e2fc29c98c620972') in 0.005293 seconds 
Number of asset objects unloaded after import = 21
========================================================================
Received Import Request.
  Time since last request: 0.201338 seconds.
  path: Assets/JMO Assets/Cartoon FX (legacy)/CFX3 Prefabs (Mobile)/Light/Color Variants/CFXM3_LightGlow_A_Ground (Green).prefab
  artifactKey: Guid(6f0913d59df3bf94f852599ab7c79e53) Importer(815301076,1909f56bfc062723c751e8b465ee728b)
Number of updated assets reloaded before import = 0
Start importing Assets/JMO Assets/Cartoon FX (legacy)/CFX3 Prefabs (Mobile)/Light/Color Variants/CFXM3_LightGlow_A_Ground (Green).prefab using Guid(6f0913d59df3bf94f852599ab7c79e53) Importer(815301076,1909f56bfc062723c751e8b465ee728b)  -> (artifact id: '2bf6bc71d1267600717e655265f60ba4') in 0.005929 seconds 
Number of asset objects unloaded after import = 21
========================================================================
Received Import Request.
  Time since last request: 0.033431 seconds.
  path: Assets/JMO Assets/Cartoon FX (legacy)/CFX3 Prefabs (Mobile)/Light/Color Variants/CFXM3_LightGlow_B_Air (Blue).prefab
  artifactKey: Guid(6e71e1b729af0c041ac91173fd0a72da) Importer(815301076,1909f56bfc062723c751e8b465ee728b)
Number of updated assets reloaded before import = 0
Start importing Assets/JMO Assets/Cartoon FX (legacy)/CFX3 Prefabs (Mobile)/Light/Color Variants/CFXM3_LightGlow_B_Air (Blue).prefab using Guid(6e71e1b729af0c041ac91173fd0a72da) Importer(815301076,1909f56bfc062723c751e8b465ee728b)  -> (artifact id: '3314aea954a0add3781b9887e96e29a7') in 0.006700 seconds 
Number of asset objects unloaded after import = 21
========================================================================
Received Import Request.
  Time since last request: 0.027300 seconds.
  path: Assets/JMO Assets/Cartoon FX (legacy)/CFX3 Prefabs (Mobile)/Light/CFXM3_LightGlow_B_Ground.prefab
  artifactKey: Guid(74034e1c25204a4408a2fe89159c45b3) Importer(815301076,1909f56bfc062723c751e8b465ee728b)
Number of updated assets reloaded before import = 0
Start importing Assets/JMO Assets/Cartoon FX (legacy)/CFX3 Prefabs (Mobile)/Light/CFXM3_LightGlow_B_Ground.prefab using Guid(74034e1c25204a4408a2fe89159c45b3) Importer(815301076,1909f56bfc062723c751e8b465ee728b)  -> (artifact id: '99d13814e071651ed71a306185124b9a') in 0.006037 seconds 
Number of asset objects unloaded after import = 21
========================================================================
Received Import Request.
  Time since last request: 0.025440 seconds.
  path: Assets/JMO Assets/Cartoon FX (legacy)/CFX3 Prefabs (Mobile)/Light/Color Variants/CFXM3_LightGlow_B_Ground (Red).prefab
  artifactKey: Guid(0a0338ba59244924792ebae08c5191c7) Importer(815301076,1909f56bfc062723c751e8b465ee728b)
Number of updated assets reloaded before import = 0
Start importing Assets/JMO Assets/Cartoon FX (legacy)/CFX3 Prefabs (Mobile)/Light/Color Variants/CFXM3_LightGlow_B_Ground (Red).prefab using Guid(0a0338ba59244924792ebae08c5191c7) Importer(815301076,1909f56bfc062723c751e8b465ee728b)  -> (artifact id: '1d44ac43f96d6026bab1cc931088686d') in 0.005863 seconds 
Number of asset objects unloaded after import = 21
========================================================================
Received Import Request.
  Time since last request: 0.063103 seconds.
  path: Assets/JMO Assets/Cartoon FX (legacy)/Materials (Mobile)/Light/CFXM4_Glow AB+Add Blue.mat
  artifactKey: Guid(a3ac0035284846d43849a0dd23a5be2b) Importer(815301076,1909f56bfc062723c751e8b465ee728b)
Number of updated assets reloaded before import = 0
Start importing Assets/JMO Assets/Cartoon FX (legacy)/Materials (Mobile)/Light/CFXM4_Glow AB+Add Blue.mat using Guid(a3ac0035284846d43849a0dd23a5be2b) Importer(815301076,1909f56bfc062723c751e8b465ee728b)  -> (artifact id: 'a09754d25ec056e45792943e6cb2818e') in 0.005402 seconds 
Number of asset objects unloaded after import = 4
========================================================================
Received Import Request.
  Time since last request: 0.023838 seconds.
  path: Assets/JMO Assets/Cartoon FX (legacy)/Materials (Mobile)/Light/CFXM4_Glow AB+AddSoft VColor.mat
  artifactKey: Guid(c2516445f8479f1429bfcdfb23b602ec) Importer(815301076,1909f56bfc062723c751e8b465ee728b)
Number of updated assets reloaded before import = 0
Start importing Assets/JMO Assets/Cartoon FX (legacy)/Materials (Mobile)/Light/CFXM4_Glow AB+AddSoft VColor.mat using Guid(c2516445f8479f1429bfcdfb23b602ec) Importer(815301076,1909f56bfc062723c751e8b465ee728b)  -> (artifact id: 'fce02d97c6f32c3a195890f916eebf17') in 0.008815 seconds 
Number of asset objects unloaded after import = 4
========================================================================
Received Import Request.
  Time since last request: 0.012840 seconds.
  path: Assets/JMO Assets/Cartoon FX (legacy)/Materials (Mobile)/Light/CFXM4_GlowHalf AB+AddSoft VColor.mat
  artifactKey: Guid(e5dad617a28d5fb49aca68f6bcaef94b) Importer(815301076,1909f56bfc062723c751e8b465ee728b)
Number of updated assets reloaded before import = 0
Start importing Assets/JMO Assets/Cartoon FX (legacy)/Materials (Mobile)/Light/CFXM4_GlowHalf AB+AddSoft VColor.mat using Guid(e5dad617a28d5fb49aca68f6bcaef94b) Importer(815301076,1909f56bfc062723c751e8b465ee728b)  -> (artifact id: '646c7c63c05b88dc96eff7a6e417f84b') in 0.005639 seconds 
Number of asset objects unloaded after import = 4
========================================================================
Received Import Request.
  Time since last request: 0.971050 seconds.
  path: Assets/JMO Assets/Cartoon FX Remaster/CFXR Prefabs/Impacts/Variants/CFXR Impact Glowing Cross Blue HDR.prefab
  artifactKey: Guid(c3e143c6f7e7adb4f9534a605084c9c9) Importer(815301076,1909f56bfc062723c751e8b465ee728b)
Number of updated assets reloaded before import = 0
Start importing Assets/JMO Assets/Cartoon FX Remaster/CFXR Prefabs/Impacts/Variants/CFXR Impact Glowing Cross Blue HDR.prefab using Guid(c3e143c6f7e7adb4f9534a605084c9c9) Importer(815301076,1909f56bfc062723c751e8b465ee728b)  -> (artifact id: '66c0cd4294f94c87bbd1ce2ccf4feeec') in 0.048216 seconds 
Number of asset objects unloaded after import = 62
========================================================================
Received Import Request.
  Time since last request: 0.000043 seconds.
  path: Assets/JMO Assets/Cartoon FX Remaster/CFXR Prefabs/Impacts/Variants/CFXR Impact Glowing HDR (Blue, No Flare).prefab
  artifactKey: Guid(fb731aabf33b85247a2022c110dcd61a) Importer(815301076,1909f56bfc062723c751e8b465ee728b)
Number of updated assets reloaded before import = 0
Start importing Assets/JMO Assets/Cartoon FX Remaster/CFXR Prefabs/Impacts/Variants/CFXR Impact Glowing HDR (Blue, No Flare).prefab using Guid(fb731aabf33b85247a2022c110dcd61a) Importer(815301076,1909f56bfc062723c751e8b465ee728b)  -> (artifact id: '9d381acf6d90fdc027ecad33258a2bd4') in 0.009800 seconds 
Number of asset objects unloaded after import = 54
========================================================================
Received Import Request.
  Time since last request: 0.043423 seconds.
  path: Assets/JMO Assets/Cartoon FX Remaster/CFXR Prefabs/Impacts/Variants/CFXR Impact Glowing HDR (Orange, No Flare).prefab
  artifactKey: Guid(7a22e9dcf971e5e4486a01861afbdedf) Importer(815301076,1909f56bfc062723c751e8b465ee728b)
Number of updated assets reloaded before import = 0
Start importing Assets/JMO Assets/Cartoon FX Remaster/CFXR Prefabs/Impacts/Variants/CFXR Impact Glowing HDR (Orange, No Flare).prefab using Guid(7a22e9dcf971e5e4486a01861afbdedf) Importer(815301076,1909f56bfc062723c751e8b465ee728b)  -> (artifact id: '4e52cde087c3fb99bf81deb7e161208f') in 0.007556 seconds 
Number of asset objects unloaded after import = 54
========================================================================
Received Import Request.
  Time since last request: 0.062044 seconds.
  path: Assets/JMO Assets/Cartoon FX Remaster/CFXR Assets/Graphics/cfxr proc glow soft ab.mat
  artifactKey: Guid(cbd97a3a0f0d5c04f8d0225f1ea847d8) Importer(815301076,1909f56bfc062723c751e8b465ee728b)
Number of updated assets reloaded before import = 0
Start importing Assets/JMO Assets/Cartoon FX Remaster/CFXR Assets/Graphics/cfxr proc glow soft ab.mat using Guid(cbd97a3a0f0d5c04f8d0225f1ea847d8) Importer(815301076,1909f56bfc062723c751e8b465ee728b)  -> (artifact id: 'ae8202cc1dc554eec42fa73b9b204c7f') in 0.012857 seconds 
Number of asset objects unloaded after import = 2
========================================================================
Received Import Request.
  Time since last request: 0.048884 seconds.
  path: Assets/JMO Assets/Cartoon FX Remaster/CFXR Assets/Graphics/cfxr proc glow soft hdr ab.mat
  artifactKey: Guid(f6516bbddb2a0474cad423886d0f904c) Importer(815301076,1909f56bfc062723c751e8b465ee728b)
Number of updated assets reloaded before import = 0
Start importing Assets/JMO Assets/Cartoon FX Remaster/CFXR Assets/Graphics/cfxr proc glow soft hdr ab.mat using Guid(f6516bbddb2a0474cad423886d0f904c) Importer(815301076,1909f56bfc062723c751e8b465ee728b)  -> (artifact id: '3e1d76ea5aa4be7b0176fe5e7a4d80ff') in 0.010280 seconds 
Number of asset objects unloaded after import = 2
========================================================================
Received Import Request.
  Time since last request: 0.168726 seconds.
  path: Assets/JMO Assets/Cartoon FX Remaster/CFXR Assets/Graphics/cfxr proc glow soft invert add.mat
  artifactKey: Guid(efaa1dd14471b6143b5ee7827566c1e0) Importer(815301076,1909f56bfc062723c751e8b465ee728b)
Number of updated assets reloaded before import = 0
Start importing Assets/JMO Assets/Cartoon FX Remaster/CFXR Assets/Graphics/cfxr proc glow soft invert add.mat using Guid(efaa1dd14471b6143b5ee7827566c1e0) Importer(815301076,1909f56bfc062723c751e8b465ee728b)  -> (artifact id: 'c9101ce903f373353d4e6cd319f29f56') in 0.009113 seconds 
Number of asset objects unloaded after import = 2
========================================================================
Received Import Request.
  Time since last request: 0.062673 seconds.
  path: Assets/JMO Assets/Cartoon FX Remaster/CFXR Assets/Graphics/cfxr proc glow soft nosp add.mat
  artifactKey: Guid(f0f171ffe44ba0d41bb931bbefcee094) Importer(815301076,1909f56bfc062723c751e8b465ee728b)
Number of updated assets reloaded before import = 0
Start importing Assets/JMO Assets/Cartoon FX Remaster/CFXR Assets/Graphics/cfxr proc glow soft nosp add.mat using Guid(f0f171ffe44ba0d41bb931bbefcee094) Importer(815301076,1909f56bfc062723c751e8b465ee728b)  -> (artifact id: '99f0b2f65bd57930e706706b8548c42d') in 0.009180 seconds 
Number of asset objects unloaded after import = 2
========================================================================
Received Import Request.
  Time since last request: 28.056440 seconds.
  path: Assets/JMO Assets/Cartoon FX Remaster/CFXR Assets/Graphics/cfxr electric arc anim x4.mat
  artifactKey: Guid(21ce22ee4a68b854f8df2b3f4de750e1) Importer(815301076,1909f56bfc062723c751e8b465ee728b)
Number of updated assets reloaded before import = 0
Start importing Assets/JMO Assets/Cartoon FX Remaster/CFXR Assets/Graphics/cfxr electric arc anim x4.mat using Guid(21ce22ee4a68b854f8df2b3f4de750e1) Importer(815301076,1909f56bfc062723c751e8b465ee728b)  -> (artifact id: 'af395cdb41e8639cb3aee0b3fa365e81') in 0.135305 seconds 
Number of asset objects unloaded after import = 3
========================================================================
Received Import Request.
  Time since last request: 79.933546 seconds.
  path: Assets/JMO Assets/Cartoon FX Remaster/CFXR Assets/Graphics/cfxr stretch inv spike fade add.mat
  artifactKey: Guid(50350a9c0e5b6454d873d1984e97cde4) Importer(815301076,1909f56bfc062723c751e8b465ee728b)
Number of updated assets reloaded before import = 0
Start importing Assets/JMO Assets/Cartoon FX Remaster/CFXR Assets/Graphics/cfxr stretch inv spike fade add.mat using Guid(50350a9c0e5b6454d873d1984e97cde4) Importer(815301076,1909f56bfc062723c751e8b465ee728b)  -> (artifact id: '36bc435cbe04462bab00ebd42af97aa4') in 0.018582 seconds 
Number of asset objects unloaded after import = 3
========================================================================
Received Import Request.
  Time since last request: 44.916754 seconds.
  path: Assets/03_Prefabs/Grid/GlowSpot.prefab
  artifactKey: Guid(518d53fadfc3540f5b565d385a51a3cd) Importer(815301076,1909f56bfc062723c751e8b465ee728b)
Number of updated assets reloaded before import = 0
Start importing Assets/03_Prefabs/Grid/GlowSpot.prefab using Guid(518d53fadfc3540f5b565d385a51a3cd) Importer(815301076,1909f56bfc062723c751e8b465ee728b)  -> (artifact id: '843c6ad4d3d59e5bdd5f7d9786133d14') in 0.014326 seconds 
Number of asset objects unloaded after import = 35
========================================================================
Received Prepare
Registering precompiled user dll's ...
Registered in 0.001608 seconds.
Begin MonoManager ReloadAssembly
Thread 0x2b7e67000 may have been prematurely finalized
Symbol file LoadedFromMemory is not a mono symbol file
Native extension for iOS target not found
Native extension for Android target not found
Native extension for OSXStandalone target not found
Refreshing native plugins compatible for Editor in 1.11 ms, found 2 plugins.
Preloading 1 native plugins for Editor in 0.15 ms.
[Package Manager] Server::EnsureServerProcessIsRunning -- launch failed, reason: Unity was launched with the -noUpm command-line argument
[Package Manager] Cannot connect to Unity Package Manager local server
Mono: successfully reloaded assembly
- Completed reload, in  1.118 seconds
Domain Reload Profiling:
	ReloadAssembly (1119ms)
		BeginReloadAssembly (141ms)
			ExecutionOrderSort (0ms)
			DisableScriptedObjects (22ms)
			BackupInstance (0ms)
			ReleaseScriptingObjects (0ms)
			CreateAndSetChildDomain (64ms)
		EndReloadAssembly (932ms)
			LoadAssemblies (44ms)
			RebuildTransferFunctionScriptingTraits (0ms)
			SetupTypeCache (206ms)
			ReleaseScriptCaches (1ms)
			RebuildScriptCaches (32ms)
			SetupLoadedEditorAssemblies (586ms)
				LogAssemblyErrors (0ms)
				InitializePlatformSupportModulesInManaged (14ms)
				SetLoadedEditorAssemblies (0ms)
				RefreshPlugins (1ms)
				BeforeProcessingInitializeOnLoad (40ms)
				ProcessInitializeOnLoadAttributes (453ms)
				ProcessInitializeOnLoadMethodAttributes (76ms)
				AfterProcessingInitializeOnLoad (1ms)
				EditorAssembliesLoaded (0ms)
			ExecutionOrderSort2 (0ms)
			AwakeInstancesAfterBackupRestoration (7ms)
Platform modules already initialized, skipping
Shader 'MoreMountains/MMRipple': fallback shader 'Particle/AlphaBlended' not found
Shader 'CartoonCoffee/Particle Basic': fallback shader '2' not found
Shader 'CartoonCoffee/Particle Additive': fallback shader '2' not found
Refreshing native plugins compatible for Editor in 1.15 ms, found 2 plugins.
Preloading 1 native plugins for Editor in 0.15 ms.
Unloading 6536 Unused Serialized files (Serialized files now loaded: 0)
Unloading 94 unused Assets / (1.7 MB). Loaded Objects now: 7373.
Memory consumption went from 355.0 MB to 353.2 MB.
Total: 4.949375 ms (FindLiveObjects: 0.202667 ms CreateObjectMapping: 0.065000 ms MarkObjects: 4.493917 ms  DeleteObjects: 0.187250 ms)

AssetImportParameters requested are different than current active one (requested -> active):
  custom:video-decoder-ogg-theora: a1e56fd34408186e4bbccfd4996cb3dc -> 
  custom:container-muxer-webm: aa71ff27fc2769a1b78a27578f13a17b -> 
  custom:container-demuxer-webm: 4f35f7cbe854078d1ac9338744f61a02 -> 
  custom:video-encoder-webm-vp8: eb34c28f22e8b96e1ab97ce403110664 -> 
  custom:framework-osx-AVFoundation: e770b220cccbd017edd2c1fefb359320 -> 
  custom:CustomObjectIndexerAttribute: f67f22312cbe972f2da930a377ed3d15 -> 
  custom:audio-encoder-webm-vorbis: bf7c407c2cedff20999df2af8eb42d56 -> 
  custom:SearchIndexIgnoredProperties: e643bd26f0fe6173181afceb89e7c659 -> 
  custom:container-demuxer-ogg: 62fdf1f143b41e24485cea50d1cbac27 -> 
  custom:video-decoder-webm-vp8: 9c59270c3fd7afecdb556c50c9e8de78 -> 
  custom:audio-decoder-ogg-vorbis: bf7c407c2cedff20999df2af8eb42d56 -> 
========================================================================
Received Prepare
Registering precompiled user dll's ...
Registered in 0.002244 seconds.
Begin MonoManager ReloadAssembly
Thread 0x2a6b53000 may have been prematurely finalized
Symbol file LoadedFromMemory is not a mono symbol file
Native extension for iOS target not found
Native extension for Android target not found
Native extension for OSXStandalone target not found
Refreshing native plugins compatible for Editor in 1.20 ms, found 2 plugins.
Preloading 1 native plugins for Editor in 0.13 ms.
[Package Manager] Server::EnsureServerProcessIsRunning -- launch failed, reason: Unity was launched with the -noUpm command-line argument
[Package Manager] Cannot connect to Unity Package Manager local server
Mono: successfully reloaded assembly
- Completed reload, in  1.042 seconds
Domain Reload Profiling:
	ReloadAssembly (1043ms)
		BeginReloadAssembly (88ms)
			ExecutionOrderSort (0ms)
			DisableScriptedObjects (3ms)
			BackupInstance (0ms)
			ReleaseScriptingObjects (0ms)
			CreateAndSetChildDomain (39ms)
		EndReloadAssembly (911ms)
			LoadAssemblies (40ms)
			RebuildTransferFunctionScriptingTraits (0ms)
			SetupTypeCache (200ms)
			ReleaseScriptCaches (1ms)
			RebuildScriptCaches (32ms)
			SetupLoadedEditorAssemblies (581ms)
				LogAssemblyErrors (0ms)
				InitializePlatformSupportModulesInManaged (13ms)
				SetLoadedEditorAssemblies (0ms)
				RefreshPlugins (1ms)
				BeforeProcessingInitializeOnLoad (40ms)
				ProcessInitializeOnLoadAttributes (443ms)
				ProcessInitializeOnLoadMethodAttributes (83ms)
				AfterProcessingInitializeOnLoad (1ms)
				EditorAssembliesLoaded (0ms)
			ExecutionOrderSort2 (0ms)
			AwakeInstancesAfterBackupRestoration (7ms)
Platform modules already initialized, skipping
Shader 'MoreMountains/MMRipple': fallback shader 'Particle/AlphaBlended' not found
Shader 'CartoonCoffee/Particle Basic': fallback shader '2' not found
Shader 'CartoonCoffee/Particle Additive': fallback shader '2' not found
Refreshing native plugins compatible for Editor in 1.24 ms, found 2 plugins.
Preloading 1 native plugins for Editor in 0.17 ms.
Unloading 6525 Unused Serialized files (Serialized files now loaded: 0)
Unloading 77 unused Assets / (1.7 MB). Loaded Objects now: 7388.
Memory consumption went from 354.1 MB to 352.4 MB.
Total: 5.390917 ms (FindLiveObjects: 0.217375 ms CreateObjectMapping: 0.069584 ms MarkObjects: 4.883208 ms  DeleteObjects: 0.220292 ms)

AssetImportParameters requested are different than current active one (requested -> active):
  custom:video-decoder-ogg-theora: a1e56fd34408186e4bbccfd4996cb3dc -> 
  custom:container-muxer-webm: aa71ff27fc2769a1b78a27578f13a17b -> 
  custom:container-demuxer-webm: 4f35f7cbe854078d1ac9338744f61a02 -> 
  custom:video-encoder-webm-vp8: eb34c28f22e8b96e1ab97ce403110664 -> 
  custom:framework-osx-AVFoundation: e770b220cccbd017edd2c1fefb359320 -> 
  custom:CustomObjectIndexerAttribute: f67f22312cbe972f2da930a377ed3d15 -> 
  custom:audio-encoder-webm-vorbis: bf7c407c2cedff20999df2af8eb42d56 -> 
  custom:SearchIndexIgnoredProperties: e643bd26f0fe6173181afceb89e7c659 -> 
  custom:container-demuxer-ogg: 62fdf1f143b41e24485cea50d1cbac27 -> 
  custom:video-decoder-webm-vp8: 9c59270c3fd7afecdb556c50c9e8de78 -> 
  custom:audio-decoder-ogg-vorbis: bf7c407c2cedff20999df2af8eb42d56 -> 
========================================================================
Received Prepare
Registering precompiled user dll's ...
Registered in 0.001844 seconds.
Begin MonoManager ReloadAssembly
Thread 0x2a23ef000 may have been prematurely finalized
Symbol file LoadedFromMemory is not a mono symbol file
Native extension for iOS target not found
Native extension for Android target not found
Native extension for OSXStandalone target not found
Refreshing native plugins compatible for Editor in 1.13 ms, found 2 plugins.
Preloading 1 native plugins for Editor in 0.21 ms.
[Package Manager] Server::EnsureServerProcessIsRunning -- launch failed, reason: Unity was launched with the -noUpm command-line argument
[Package Manager] Cannot connect to Unity Package Manager local server
Mono: successfully reloaded assembly
- Completed reload, in  1.155 seconds
Domain Reload Profiling:
	ReloadAssembly (1155ms)
		BeginReloadAssembly (124ms)
			ExecutionOrderSort (0ms)
			DisableScriptedObjects (4ms)
			BackupInstance (0ms)
			ReleaseScriptingObjects (0ms)
			CreateAndSetChildDomain (55ms)
		EndReloadAssembly (987ms)
			LoadAssemblies (88ms)
			RebuildTransferFunctionScriptingTraits (0ms)
			SetupTypeCache (218ms)
			ReleaseScriptCaches (1ms)
			RebuildScriptCaches (31ms)
			SetupLoadedEditorAssemblies (604ms)
				LogAssemblyErrors (0ms)
				InitializePlatformSupportModulesInManaged (14ms)
				SetLoadedEditorAssemblies (0ms)
				RefreshPlugins (1ms)
				BeforeProcessingInitializeOnLoad (39ms)
				ProcessInitializeOnLoadAttributes (470ms)
				ProcessInitializeOnLoadMethodAttributes (78ms)
				AfterProcessingInitializeOnLoad (1ms)
				EditorAssembliesLoaded (0ms)
			ExecutionOrderSort2 (0ms)
			AwakeInstancesAfterBackupRestoration (7ms)
Platform modules already initialized, skipping
Shader 'MoreMountains/MMRipple': fallback shader 'Particle/AlphaBlended' not found
Shader 'CartoonCoffee/Particle Basic': fallback shader '2' not found
Shader 'CartoonCoffee/Particle Additive': fallback shader '2' not found
Refreshing native plugins compatible for Editor in 1.15 ms, found 2 plugins.
Preloading 1 native plugins for Editor in 0.16 ms.
Unloading 6525 Unused Serialized files (Serialized files now loaded: 0)
Unloading 77 unused Assets / (1.7 MB). Loaded Objects now: 7403.
Memory consumption went from 354.1 MB to 352.4 MB.
Total: 5.478417 ms (FindLiveObjects: 0.213125 ms CreateObjectMapping: 0.064875 ms MarkObjects: 4.964708 ms  DeleteObjects: 0.235084 ms)

AssetImportParameters requested are different than current active one (requested -> active):
  custom:video-decoder-ogg-theora: a1e56fd34408186e4bbccfd4996cb3dc -> 
  custom:container-muxer-webm: aa71ff27fc2769a1b78a27578f13a17b -> 
  custom:container-demuxer-webm: 4f35f7cbe854078d1ac9338744f61a02 -> 
  custom:video-encoder-webm-vp8: eb34c28f22e8b96e1ab97ce403110664 -> 
  custom:framework-osx-AVFoundation: e770b220cccbd017edd2c1fefb359320 -> 
  custom:CustomObjectIndexerAttribute: f67f22312cbe972f2da930a377ed3d15 -> 
  custom:audio-encoder-webm-vorbis: bf7c407c2cedff20999df2af8eb42d56 -> 
  custom:SearchIndexIgnoredProperties: e643bd26f0fe6173181afceb89e7c659 -> 
  custom:container-demuxer-ogg: 62fdf1f143b41e24485cea50d1cbac27 -> 
  custom:video-decoder-webm-vp8: 9c59270c3fd7afecdb556c50c9e8de78 -> 
  custom:audio-decoder-ogg-vorbis: bf7c407c2cedff20999df2af8eb42d56 -> 
========================================================================
Received Import Request.
  Time since last request: 72147.164142 seconds.
  path: Assets/03_Prefabs/UI/Buttons/SkillUIButton.prefab
  artifactKey: Guid(794cedee13ce15941ad10e5a260a9827) Importer(815301076,1909f56bfc062723c751e8b465ee728b)
Number of updated assets reloaded before import = 0
Start importing Assets/03_Prefabs/UI/Buttons/SkillUIButton.prefab using Guid(794cedee13ce15941ad10e5a260a9827) Importer(815301076,1909f56bfc062723c751e8b465ee728b)  -> (artifact id: '89f0f18e5c0013629671e8b3fa314a41') in 0.089442 seconds 
Number of asset objects unloaded after import = 137
========================================================================
Received Import Request.
  Time since last request: 5.637202 seconds.
  path: Assets/03_Prefabs/UI/Buttons/ActiveSkillUIButton.prefab
  artifactKey: Guid(6f82899694d9cf14ea682b73707ec427) Importer(815301076,1909f56bfc062723c751e8b465ee728b)
Number of updated assets reloaded before import = 0
Start importing Assets/03_Prefabs/UI/Buttons/ActiveSkillUIButton.prefab using Guid(6f82899694d9cf14ea682b73707ec427) Importer(815301076,1909f56bfc062723c751e8b465ee728b)  -> (artifact id: 'd9a385d2820cbb0a67f59f5c320217ce') in 0.020234 seconds 
Number of asset objects unloaded after import = 258
========================================================================
Received Import Request.
  Time since last request: 22.358600 seconds.
  path: Assets/11_Other/Fonts/TextMeshProMaterials/Belmond/HpCostBlue.asset
  artifactKey: Guid(a3d94d00dd64fa6488e19a7a5f1e6af3) Importer(815301076,1909f56bfc062723c751e8b465ee728b)
Number of updated assets reloaded before import = 0
Start importing Assets/11_Other/Fonts/TextMeshProMaterials/Belmond/HpCostBlue.asset using Guid(a3d94d00dd64fa6488e19a7a5f1e6af3) Importer(815301076,1909f56bfc062723c751e8b465ee728b)  -> (artifact id: '48d04ad34c19a9617f29bfdf4bb21442') in 0.043968 seconds 
Number of asset objects unloaded after import = 2
========================================================================
Received Import Request.
  Time since last request: 2.272464 seconds.
  path: Assets/11_Other/Fonts/TextMeshProMaterials/Belmond/HpCostBlue 1.asset
  artifactKey: Guid(e2e6d172ec8b545d7b3dd0c8194c78c5) Importer(815301076,1909f56bfc062723c751e8b465ee728b)
Number of updated assets reloaded before import = 0
Start importing Assets/11_Other/Fonts/TextMeshProMaterials/Belmond/HpCostBlue 1.asset using Guid(e2e6d172ec8b545d7b3dd0c8194c78c5) Importer(815301076,1909f56bfc062723c751e8b465ee728b)  -> (artifact id: '403a73a5b17ee2e9781f1975320cc6d5') in 0.002155 seconds 
Number of asset objects unloaded after import = 2
========================================================================
Received Import Request.
  Time since last request: 6.912380 seconds.
  path: Assets/11_Other/Fonts/TextMeshProMaterials/Belmond/SkillPointBlue.asset
  artifactKey: Guid(e2e6d172ec8b545d7b3dd0c8194c78c5) Importer(815301076,1909f56bfc062723c751e8b465ee728b)
Number of updated assets reloaded before import = 0
Start importing Assets/11_Other/Fonts/TextMeshProMaterials/Belmond/SkillPointBlue.asset using Guid(e2e6d172ec8b545d7b3dd0c8194c78c5) Importer(815301076,1909f56bfc062723c751e8b465ee728b)  -> (artifact id: 'a1021865d38f9f58bfac5c1437799a63') in 0.001606 seconds 
Number of asset objects unloaded after import = 2
========================================================================
Received Import Request.
  Time since last request: 6.075472 seconds.
  path: Assets/Plugins/TextMesh Pro/Examples & Extras/Resources/Color Gradient Presets/Blue to Purple - Vertical.asset
  artifactKey: Guid(479a66fa4b094512a62b0a8e553ad95a) Importer(815301076,1909f56bfc062723c751e8b465ee728b)
Number of updated assets reloaded before import = 0
Start importing Assets/Plugins/TextMesh Pro/Examples & Extras/Resources/Color Gradient Presets/Blue to Purple - Vertical.asset using Guid(479a66fa4b094512a62b0a8e553ad95a) Importer(815301076,1909f56bfc062723c751e8b465ee728b)  -> (artifact id: 'df52697cfc7965bfa7920f09ba411987') in 0.001507 seconds 
Number of asset objects unloaded after import = 2
========================================================================
Received Import Request.
  Time since last request: 0.000032 seconds.
  path: Assets/Plugins/TextMesh Pro/Examples & Extras/Resources/Color Gradient Presets/Legendary.asset
  artifactKey: Guid(011d4442c72c8334ea1f8a4b5cb87fa2) Importer(815301076,1909f56bfc062723c751e8b465ee728b)
Number of updated assets reloaded before import = 0
Start importing Assets/Plugins/TextMesh Pro/Examples & Extras/Resources/Color Gradient Presets/Legendary.asset using Guid(011d4442c72c8334ea1f8a4b5cb87fa2) Importer(815301076,1909f56bfc062723c751e8b465ee728b)  -> (artifact id: '48055273756e0fa1971a0c8644efa30a') in 0.001605 seconds 
Number of asset objects unloaded after import = 2
========================================================================
Received Import Request.
  Time since last request: 0.000033 seconds.
  path: Assets/Plugins/TextMesh Pro/Examples & Extras/Resources/Color Gradient Presets/NewUIGreenTitle.asset
  artifactKey: Guid(adba8981a1323df428d4aa8f4f0a77fa) Importer(815301076,1909f56bfc062723c751e8b465ee728b)
Number of updated assets reloaded before import = 0
Start importing Assets/Plugins/TextMesh Pro/Examples & Extras/Resources/Color Gradient Presets/NewUIGreenTitle.asset using Guid(adba8981a1323df428d4aa8f4f0a77fa) Importer(815301076,1909f56bfc062723c751e8b465ee728b)  -> (artifact id: 'b473fd5a44c2b04eb70be1b40eb948f1') in 0.001323 seconds 
Number of asset objects unloaded after import = 2
========================================================================
Received Import Request.
  Time since last request: 0.000030 seconds.
  path: Assets/Plugins/TextMesh Pro/Examples & Extras/Resources/Color Gradient Presets/UITitle.asset
  artifactKey: Guid(7a6ac575efe9a0942bdda67c93192f6c) Importer(815301076,1909f56bfc062723c751e8b465ee728b)
Number of updated assets reloaded before import = 0
Start importing Assets/Plugins/TextMesh Pro/Examples & Extras/Resources/Color Gradient Presets/UITitle.asset using Guid(7a6ac575efe9a0942bdda67c93192f6c) Importer(815301076,1909f56bfc062723c751e8b465ee728b)  -> (artifact id: '62f038649c8f46d4632dd436daa13e9f') in 0.001284 seconds 
Number of asset objects unloaded after import = 2
========================================================================
Received Import Request.
  Time since last request: 0.000037 seconds.
  path: Assets/Plugins/TextMesh Pro/Examples & Extras/Resources/Color Gradient Presets/GreenSacntuaryTitle.asset
  artifactKey: Guid(69a525efa7e6472eab268f6ea605f06e) Importer(815301076,1909f56bfc062723c751e8b465ee728b)
Number of updated assets reloaded before import = 0
Start importing Assets/Plugins/TextMesh Pro/Examples & Extras/Resources/Color Gradient Presets/GreenSacntuaryTitle.asset using Guid(69a525efa7e6472eab268f6ea605f06e) Importer(815301076,1909f56bfc062723c751e8b465ee728b)  -> (artifact id: '5cede95483e3bee3a73cc7d1a2ce2a90') in 0.001424 seconds 
Number of asset objects unloaded after import = 2
========================================================================
Received Import Request.
  Time since last request: 0.000042 seconds.
  path: Assets/Plugins/TextMesh Pro/Examples & Extras/Resources/Color Gradient Presets/Dark to Light Green - Vertical.asset
  artifactKey: Guid(4c86a3366cd840348ebe8dc438570ee4) Importer(815301076,1909f56bfc062723c751e8b465ee728b)
Number of updated assets reloaded before import = 0
Start importing Assets/Plugins/TextMesh Pro/Examples & Extras/Resources/Color Gradient Presets/Dark to Light Green - Vertical.asset using Guid(4c86a3366cd840348ebe8dc438570ee4) Importer(815301076,1909f56bfc062723c751e8b465ee728b)  -> (artifact id: 'bff42586c6f57afd5eb8001065197a79') in 0.001401 seconds 
Number of asset objects unloaded after import = 2
========================================================================
Received Import Request.
  Time since last request: 0.000043 seconds.
  path: Assets/11_Other/Fonts/TextMeshProMaterials/Belmond/NeutralSilverText.asset
  artifactKey: Guid(0939dd716eb6a6843ac69401fa68d7d5) Importer(815301076,1909f56bfc062723c751e8b465ee728b)
Number of updated assets reloaded before import = 0
Start importing Assets/11_Other/Fonts/TextMeshProMaterials/Belmond/NeutralSilverText.asset using Guid(0939dd716eb6a6843ac69401fa68d7d5) Importer(815301076,1909f56bfc062723c751e8b465ee728b)  -> (artifact id: 'd794163245884023323e20ae89a10e18') in 0.001351 seconds 
Number of asset objects unloaded after import = 2
========================================================================
Received Import Request.
  Time since last request: 0.000031 seconds.
  path: Assets/11_Other/Fonts/TextMeshProMaterials/Belmond/WeaponRankS.asset
  artifactKey: Guid(7c88d76f1cc27614eb88f835992ec88f) Importer(815301076,1909f56bfc062723c751e8b465ee728b)
Number of updated assets reloaded before import = 0
Start importing Assets/11_Other/Fonts/TextMeshProMaterials/Belmond/WeaponRankS.asset using Guid(7c88d76f1cc27614eb88f835992ec88f) Importer(815301076,1909f56bfc062723c751e8b465ee728b)  -> (artifact id: 'd74b8cdb52b249cc9bd774010dbd656e') in 0.002636 seconds 
Number of asset objects unloaded after import = 2
========================================================================
Received Import Request.
  Time since last request: 0.000026 seconds.
  path: Assets/Plugins/TextMesh Pro/Examples & Extras/Resources/Color Gradient Presets/Mythic.asset
  artifactKey: Guid(cdfd8ba42ca6574499a50e0f64011d41) Importer(815301076,1909f56bfc062723c751e8b465ee728b)
Number of updated assets reloaded before import = 0
Start importing Assets/Plugins/TextMesh Pro/Examples & Extras/Resources/Color Gradient Presets/Mythic.asset using Guid(cdfd8ba42ca6574499a50e0f64011d41) Importer(815301076,1909f56bfc062723c751e8b465ee728b)  -> (artifact id: '5c6cbd8e10605db5e8a64f5cd051b630') in 0.000945 seconds 
Number of asset objects unloaded after import = 2
========================================================================
Received Import Request.
  Time since last request: 0.000032 seconds.
  path: Assets/Plugins/TextMesh Pro/Examples & Extras/Resources/Color Gradient Presets/MainTitle.asset
  artifactKey: Guid(acb4b3c0fff32b54caf9089aa1c6928f) Importer(815301076,1909f56bfc062723c751e8b465ee728b)
Number of updated assets reloaded before import = 0
Start importing Assets/Plugins/TextMesh Pro/Examples & Extras/Resources/Color Gradient Presets/MainTitle.asset using Guid(acb4b3c0fff32b54caf9089aa1c6928f) Importer(815301076,1909f56bfc062723c751e8b465ee728b)  -> (artifact id: '9432596f0ac99db552a86b40aa59eb0c') in 0.001359 seconds 
Number of asset objects unloaded after import = 2
========================================================================
Received Import Request.
  Time since last request: 0.000031 seconds.
  path: Assets/11_Other/Fonts/TextMeshProMaterials/Belmond/HealText.asset
  artifactKey: Guid(be22b18c0dc2a4e48987b8feff4838a0) Importer(815301076,1909f56bfc062723c751e8b465ee728b)
Number of updated assets reloaded before import = 0
Start importing Assets/11_Other/Fonts/TextMeshProMaterials/Belmond/HealText.asset using Guid(be22b18c0dc2a4e48987b8feff4838a0) Importer(815301076,1909f56bfc062723c751e8b465ee728b)  -> (artifact id: 'd566f49cb648a6d8a352df1417dd6f30') in 0.001170 seconds 
Number of asset objects unloaded after import = 2
========================================================================
Received Import Request.
  Time since last request: 0.000028 seconds.
  path: Assets/11_Other/Fonts/TextMeshProMaterials/Belmond/MissedBattleText.asset
  artifactKey: Guid(0fe8dee4769533f4382decaf94d6afed) Importer(815301076,1909f56bfc062723c751e8b465ee728b)
Number of updated assets reloaded before import = 0
Start importing Assets/11_Other/Fonts/TextMeshProMaterials/Belmond/MissedBattleText.asset using Guid(0fe8dee4769533f4382decaf94d6afed) Importer(815301076,1909f56bfc062723c751e8b465ee728b)  -> (artifact id: 'dcb4a94691afb547c78a427755b2e576') in 0.000850 seconds 
Number of asset objects unloaded after import = 2
========================================================================
Received Import Request.
  Time since last request: 0.000031 seconds.
  path: Assets/11_Other/Fonts/TextMeshProMaterials/Belmond/BonusRed.asset
  artifactKey: Guid(435749b8a41a21e4ab0aa5d0222a54d3) Importer(815301076,1909f56bfc062723c751e8b465ee728b)
Number of updated assets reloaded before import = 0
Start importing Assets/11_Other/Fonts/TextMeshProMaterials/Belmond/BonusRed.asset using Guid(435749b8a41a21e4ab0aa5d0222a54d3) Importer(815301076,1909f56bfc062723c751e8b465ee728b)  -> (artifact id: 'f585225c0fc8a2e9cad6720107e69276') in 0.001358 seconds 
Number of asset objects unloaded after import = 2
========================================================================
Received Import Request.
  Time since last request: 0.000034 seconds.
  path: Assets/11_Other/Fonts/TextMeshProMaterials/Belmond/Brownish.asset
  artifactKey: Guid(be09e198126628b46b8e5d725b2adb1e) Importer(815301076,1909f56bfc062723c751e8b465ee728b)
Number of updated assets reloaded before import = 0
Start importing Assets/11_Other/Fonts/TextMeshProMaterials/Belmond/Brownish.asset using Guid(be09e198126628b46b8e5d725b2adb1e) Importer(815301076,1909f56bfc062723c751e8b465ee728b)  -> (artifact id: '393280bffa1016cf83fbe0c3aa847585') in 0.001512 seconds 
Number of asset objects unloaded after import = 2
========================================================================
Received Import Request.
  Time since last request: 0.000031 seconds.
  path: Assets/11_Other/Fonts/TextMeshProMaterials/Belmond/WeaponRankA.asset
  artifactKey: Guid(a626fbc0424514949bc53cc8a3c1c52f) Importer(815301076,1909f56bfc062723c751e8b465ee728b)
Number of updated assets reloaded before import = 0
Start importing Assets/11_Other/Fonts/TextMeshProMaterials/Belmond/WeaponRankA.asset using Guid(a626fbc0424514949bc53cc8a3c1c52f) Importer(815301076,1909f56bfc062723c751e8b465ee728b)  -> (artifact id: '5d6b85f520a669acf332842994287486') in 0.001126 seconds 
Number of asset objects unloaded after import = 2
========================================================================
Received Import Request.
  Time since last request: 0.000033 seconds.
  path: Assets/11_Other/Fonts/TextMeshProMaterials/Belmond/HpCostRed.asset
  artifactKey: Guid(0925de6f7b8262148b1bf2011e2c2b45) Importer(815301076,1909f56bfc062723c751e8b465ee728b)
Number of updated assets reloaded before import = 0
Start importing Assets/11_Other/Fonts/TextMeshProMaterials/Belmond/HpCostRed.asset using Guid(0925de6f7b8262148b1bf2011e2c2b45) Importer(815301076,1909f56bfc062723c751e8b465ee728b)  -> (artifact id: 'c893453195cbd1cca09791e79b2bfe16') in 0.001761 seconds 
Number of asset objects unloaded after import = 2
========================================================================
Received Import Request.
  Time since last request: 0.000040 seconds.
  path: Assets/11_Other/Fonts/TextMeshProMaterials/Belmond/TooExpensive.asset
  artifactKey: Guid(db19a23bbe52024468b8e86adbf7a0cf) Importer(815301076,1909f56bfc062723c751e8b465ee728b)
Number of updated assets reloaded before import = 0
Start importing Assets/11_Other/Fonts/TextMeshProMaterials/Belmond/TooExpensive.asset using Guid(db19a23bbe52024468b8e86adbf7a0cf) Importer(815301076,1909f56bfc062723c751e8b465ee728b)  -> (artifact id: '2b243dea1e3f870b3375409c221c267e') in 0.001357 seconds 
Number of asset objects unloaded after import = 2
========================================================================
Received Import Request.
  Time since last request: 0.000028 seconds.
  path: Assets/11_Other/Fonts/TextMeshProMaterials/Belmond/EnemyRed.asset
  artifactKey: Guid(d5a5552ed5d06a348b02b0fbfc3aacdc) Importer(815301076,1909f56bfc062723c751e8b465ee728b)
Number of updated assets reloaded before import = 0
Start importing Assets/11_Other/Fonts/TextMeshProMaterials/Belmond/EnemyRed.asset using Guid(d5a5552ed5d06a348b02b0fbfc3aacdc) Importer(815301076,1909f56bfc062723c751e8b465ee728b)  -> (artifact id: '25187d9bde70f8a0f018c34bd6a518ff') in 0.001252 seconds 
Number of asset objects unloaded after import = 2
========================================================================
Received Import Request.
  Time since last request: 0.000030 seconds.
  path: Assets/Plugins/TextMesh Pro/Examples & Extras/Resources/Color Gradient Presets/Epic.asset
  artifactKey: Guid(d98a93a16f861b642ba345c4431e89e9) Importer(815301076,1909f56bfc062723c751e8b465ee728b)
Number of updated assets reloaded before import = 0
Start importing Assets/Plugins/TextMesh Pro/Examples & Extras/Resources/Color Gradient Presets/Epic.asset using Guid(d98a93a16f861b642ba345c4431e89e9) Importer(815301076,1909f56bfc062723c751e8b465ee728b)  -> (artifact id: 'c7c4c5f871fd2b55fd4071c9c1875fb2') in 0.001295 seconds 
Number of asset objects unloaded after import = 2
Editor requested this worker to shutdown with reason: Scaling down because of idle timeout
AssetImportWorker is now disconnected from the server
Process exiting
