Unity Editor version:    2021.3.32f1 (3b9dae9532f5)
Branch:                  2021.3/staging
Build type:              Release
Batch mode:              YES
macOS version:           Version 14.1.1 (Build 23B2082)
Darwin version:          23.1.0
Architecture:            arm64
Running under Rosetta:   NO
Available memory:        18432 MB
Using pre-set license
Pro License: YES

COMMAND LINE ARGUMENTS:
/Applications/Unity/Hub/Editor/2021.3.32f1/Unity.app/Contents/MacOS/Unity
-adb2
-batchMode
-noUpm
-name
AssetImportWorker20
-projectPath
/Users/daniel/Documents/fe-kingdom-mobile/trunk/FireEmblemMobile/FireEmblemMobileUnityProject
-logFile
Logs/AssetImportWorker20.log
-srvPort
49232
Successfully changed project path to: /Users/daniel/Documents/fe-kingdom-mobile/trunk/FireEmblemMobile/FireEmblemMobileUnityProject
/Users/daniel/Documents/fe-kingdom-mobile/trunk/FireEmblemMobile/FireEmblemMobileUnityProject
[UnityMemory] Configuration Parameters - Can be set up in boot.config
    "memorysetup-bucket-allocator-granularity=16"
    "memorysetup-bucket-allocator-bucket-count=8"
    "memorysetup-bucket-allocator-block-size=33554432"
    "memorysetup-bucket-allocator-block-count=8"
    "memorysetup-main-allocator-block-size=16777216"
    "memorysetup-thread-allocator-block-size=16777216"
    "memorysetup-gfx-main-allocator-block-size=16777216"
    "memorysetup-gfx-thread-allocator-block-size=16777216"
    "memorysetup-cache-allocator-block-size=4194304"
    "memorysetup-typetree-allocator-block-size=2097152"
    "memorysetup-profiler-bucket-allocator-granularity=16"
    "memorysetup-profiler-bucket-allocator-bucket-count=8"
    "memorysetup-profiler-bucket-allocator-block-size=33554432"
    "memorysetup-profiler-bucket-allocator-block-count=8"
    "memorysetup-profiler-allocator-block-size=16777216"
    "memorysetup-profiler-editor-allocator-block-size=1048576"
    "memorysetup-temp-allocator-size-main=16777216"
    "memorysetup-job-temp-allocator-block-size=2097152"
    "memorysetup-job-temp-allocator-block-size-background=1048576"
    "memorysetup-job-temp-allocator-reduction-small-platforms=262144"
    "memorysetup-temp-allocator-size-background-worker=32768"
    "memorysetup-temp-allocator-size-job-worker=262144"
    "memorysetup-temp-allocator-size-preload-manager=33554432"
    "memorysetup-temp-allocator-size-nav-mesh-worker=65536"
    "memorysetup-temp-allocator-size-audio-worker=65536"
    "memorysetup-temp-allocator-size-cloud-worker=32768"
    "memorysetup-temp-allocator-size-gi-baking-worker=262144"
    "memorysetup-temp-allocator-size-gfx=262144"
Player connection [8031248064] Host "[IP] 192.168.0.17 [Port] 0 [Flags] 2 [Guid] 3201182759 [EditorId] 3201182759 [Version] 1048832 [Id] OSXEditor(0,Daniels-MacBook-Pro.local) [Debug] 1 [PackageName] OSXEditor [ProjectName] Editor" joined multi-casting on [225.0.0.222:54997]...

Player connection [8031248064] Host "[IP] 192.168.0.17 [Port] 0 [Flags] 2 [Guid] 3201182759 [EditorId] 3201182759 [Version] 1048832 [Id] OSXEditor(0,Daniels-MacBook-Pro.local) [Debug] 1 [PackageName] OSXEditor [ProjectName] Editor" joined alternative multi-casting on [225.0.0.222:34997]...

[Physics::Module] Initialized MultithreadedJobDispatcher with {0} workers.
Refreshing native plugins compatible for Editor in 144.50 ms, found 2 plugins.
Preloading 1 native plugins for Editor in 0.54 ms.
Initialize engine version: 2021.3.32f1 (3b9dae9532f5)
[Subsystems] Discovering subsystems at path /Applications/Unity/Hub/Editor/2021.3.32f1/Unity.app/Contents/Resources/UnitySubsystems
[Subsystems] Discovering subsystems at path /Users/daniel/Documents/fe-kingdom-mobile/trunk/FireEmblemMobile/FireEmblemMobileUnityProject/Assets
GfxDevice: creating device client; threaded=0; jobified=0
 preferred device: Apple M3 Pro (high power)
Metal devices available: 1
0: Apple M3 Pro (high power)
Using device Apple M3 Pro (high power)
Initializing Metal device caps: Apple M3 Pro
Shader 'CartoonCoffee/Particle Basic': fallback shader '2' not found
Shader 'CartoonCoffee/Particle Additive': fallback shader '2' not found
Shader 'MoreMountains/MMRipple': fallback shader 'Particle/AlphaBlended' not found
Initialize mono
Mono path[0] = '/Applications/Unity/Hub/Editor/2021.3.32f1/Unity.app/Contents/Managed'
Mono path[1] = '/Applications/Unity/Hub/Editor/2021.3.32f1/Unity.app/Contents/MonoBleedingEdge/lib/mono/unityjit-macos'
Mono config path = '/Applications/Unity/Hub/Editor/2021.3.32f1/Unity.app/Contents/MonoBleedingEdge/etc'
Using monoOptions --debugger-agent=transport=dt_socket,embedding=1,server=y,suspend=n,address=127.0.0.1:56944
Begin MonoManager ReloadAssembly
Registering precompiled unity dll's ...
Register platform support module: /Applications/Unity/Hub/Editor/2021.3.32f1/Unity.app/Contents/PlaybackEngines/MacStandaloneSupport/UnityEditor.OSXStandalone.Extensions.dll
Register platform support module: /Applications/Unity/Hub/Editor/2021.3.32f1/PlaybackEngines/AndroidPlayer/UnityEditor.Android.Extensions.dll
Register platform support module: /Applications/Unity/Hub/Editor/2021.3.32f1/PlaybackEngines/iOSSupport/UnityEditor.iOS.Extensions.dll
Registered in 0.002167 seconds.
[usbmuxd] Start listen thread
[usbmuxd] Listen thread started
[usbmuxd] Send listen message
Native extension for iOS target not found
2023-11-24 21:17:16.638 Unity[5944:184329] [XcodeApplications] Failed to read NSDictionary from path 艔n/Contents/Info.plist
Native extension for Android target not found
Android Extension - Scanning For ADB Devices 66 ms
Native extension for OSXStandalone target not found
Refreshing native plugins compatible for Editor in 145.95 ms, found 2 plugins.
Preloading 1 native plugins for Editor in 0.18 ms.
Mono: successfully reloaded assembly
- Completed reload, in  0.598 seconds
Domain Reload Profiling:
	ReloadAssembly (598ms)
		BeginReloadAssembly (59ms)
			ExecutionOrderSort (0ms)
			DisableScriptedObjects (0ms)
			BackupInstance (0ms)
			ReleaseScriptingObjects (0ms)
			CreateAndSetChildDomain (0ms)
		EndReloadAssembly (490ms)
			LoadAssemblies (60ms)
			RebuildTransferFunctionScriptingTraits (0ms)
			SetupTypeCache (65ms)
			ReleaseScriptCaches (0ms)
			RebuildScriptCaches (17ms)
			SetupLoadedEditorAssemblies (382ms)
				LogAssemblyErrors (0ms)
				InitializePlatformSupportModulesInManaged (176ms)
				SetLoadedEditorAssemblies (0ms)
				RefreshPlugins (146ms)
				BeforeProcessingInitializeOnLoad (1ms)
				ProcessInitializeOnLoadAttributes (37ms)
				ProcessInitializeOnLoadMethodAttributes (22ms)
				AfterProcessingInitializeOnLoad (0ms)
				EditorAssembliesLoaded (0ms)
			ExecutionOrderSort2 (0ms)
			AwakeInstancesAfterBackupRestoration (0ms)
Platform modules already initialized, skipping
Registering precompiled user dll's ...
Registered in 0.006993 seconds.
Begin MonoManager ReloadAssembly
Symbol file LoadedFromMemory is not a mono symbol file
Native extension for iOS target not found
Native extension for Android target not found
Native extension for OSXStandalone target not found
Refreshing native plugins compatible for Editor in 142.81 ms, found 2 plugins.
Preloading 1 native plugins for Editor in 0.23 ms.
Package Manager log level set to [2]
[Package Manager] Server::EnsureServerProcessIsRunning -- launch failed, reason: Unity was launched with the -noUpm command-line argument
[Package Manager] Cannot connect to Unity Package Manager local server
Mono: successfully reloaded assembly
- Completed reload, in  1.299 seconds
Domain Reload Profiling:
	ReloadAssembly (1300ms)
		BeginReloadAssembly (57ms)
			ExecutionOrderSort (0ms)
			DisableScriptedObjects (3ms)
			BackupInstance (0ms)
			ReleaseScriptingObjects (0ms)
			CreateAndSetChildDomain (16ms)
		EndReloadAssembly (1187ms)
			LoadAssemblies (85ms)
			RebuildTransferFunctionScriptingTraits (0ms)
			SetupTypeCache (212ms)
			ReleaseScriptCaches (1ms)
			RebuildScriptCaches (67ms)
			SetupLoadedEditorAssemblies (780ms)
				LogAssemblyErrors (0ms)
				InitializePlatformSupportModulesInManaged (15ms)
				SetLoadedEditorAssemblies (0ms)
				RefreshPlugins (143ms)
				BeforeProcessingInitializeOnLoad (62ms)
				ProcessInitializeOnLoadAttributes (464ms)
				ProcessInitializeOnLoadMethodAttributes (95ms)
				AfterProcessingInitializeOnLoad (1ms)
				EditorAssembliesLoaded (0ms)
			ExecutionOrderSort2 (0ms)
			AwakeInstancesAfterBackupRestoration (2ms)
Platform modules already initialized, skipping
========================================================================
Worker process is ready to serve import requests
Shader 'MoreMountains/MMRipple': fallback shader 'Particle/AlphaBlended' not found
Shader 'CartoonCoffee/Particle Additive': fallback shader '2' not found
Shader 'CartoonCoffee/Particle Basic': fallback shader '2' not found
Launching external process: /Applications/Unity/Hub/Editor/2021.3.32f1/Unity.app/Contents/Tools/UnityShaderCompiler
Launched and connected shader compiler UnityShaderCompiler after 0.04 seconds
Refreshing native plugins compatible for Editor in 1.22 ms, found 2 plugins.
Preloading 1 native plugins for Editor in 0.49 ms.
Unloading 6757 Unused Serialized files (Serialized files now loaded: 0)
Unloading 102 unused Assets / (2.5 MB). Loaded Objects now: 7252.
Memory consumption went from 366.2 MB to 363.7 MB.
Total: 5.812375 ms (FindLiveObjects: 0.214083 ms CreateObjectMapping: 0.065167 ms MarkObjects: 5.121666 ms  DeleteObjects: 0.410708 ms)

AssetImportParameters requested are different than current active one (requested -> active):
  custom:video-decoder-ogg-theora: a1e56fd34408186e4bbccfd4996cb3dc -> 
  custom:container-muxer-webm: aa71ff27fc2769a1b78a27578f13a17b -> 
  custom:container-demuxer-webm: 4f35f7cbe854078d1ac9338744f61a02 -> 
  custom:video-encoder-webm-vp8: eb34c28f22e8b96e1ab97ce403110664 -> 
  custom:framework-osx-AVFoundation: e770b220cccbd017edd2c1fefb359320 -> 
  custom:CustomObjectIndexerAttribute: f67f22312cbe972f2da930a377ed3d15 -> 
  custom:audio-encoder-webm-vorbis: bf7c407c2cedff20999df2af8eb42d56 -> 
  custom:SearchIndexIgnoredProperties: e643bd26f0fe6173181afceb89e7c659 -> 
  custom:container-demuxer-ogg: 62fdf1f143b41e24485cea50d1cbac27 -> 
  custom:video-decoder-webm-vp8: 9c59270c3fd7afecdb556c50c9e8de78 -> 
  custom:audio-decoder-ogg-vorbis: bf7c407c2cedff20999df2af8eb42d56 -> 
========================================================================
Received Import Request.
  Time since last request: 14255.854955 seconds.
  path: Assets/Feel/FeelDemos/Tactical/Models/FeelTactical@TPose.fbx
  artifactKey: Guid(5c442f9e667c3ac4089fc4321d655698) Importer(815301076,1909f56bfc062723c751e8b465ee728b)
Number of updated assets reloaded before import = 0
Start importing Assets/Feel/FeelDemos/Tactical/Models/FeelTactical@TPose.fbx using Guid(5c442f9e667c3ac4089fc4321d655698) Importer(815301076,1909f56bfc062723c751e8b465ee728b)  -> (artifact id: 'f337eab953730597be44040ae57a8b85') in 0.240097 seconds 
Number of asset objects unloaded after import = 203
========================================================================
Received Import Request.
  Time since last request: 0.000065 seconds.
  path: Assets/02_Scripts/External/Runtime/AstarPathfindingProject/ExampleScenes/Materials/SomeBox.mat
  artifactKey: Guid(86ebf3c4b42174d2a9d3c1dfd2476f32) Importer(815301076,1909f56bfc062723c751e8b465ee728b)
Number of updated assets reloaded before import = 1
Start importing Assets/02_Scripts/External/Runtime/AstarPathfindingProject/ExampleScenes/Materials/SomeBox.mat using Guid(86ebf3c4b42174d2a9d3c1dfd2476f32) Importer(815301076,1909f56bfc062723c751e8b465ee728b)  -> (artifact id: '5d02c9e3cb57fb5661b9a314ddb5bcae') in 0.027677 seconds 
Number of asset objects unloaded after import = 3
========================================================================
Received Import Request.
  Time since last request: 0.000058 seconds.
  path: Assets/06_ Materials/Grid/RedGridMaterial.mat
  artifactKey: Guid(4160039a8cc49f84e8c372c1cc416a64) Importer(815301076,1909f56bfc062723c751e8b465ee728b)
Number of updated assets reloaded before import = 0
Start importing Assets/06_ Materials/Grid/RedGridMaterial.mat using Guid(4160039a8cc49f84e8c372c1cc416a64) Importer(815301076,1909f56bfc062723c751e8b465ee728b)  -> (artifact id: '65e6a2941372cb011164f87c268b23fb') in 0.012359 seconds 
Number of asset objects unloaded after import = 3
========================================================================
Received Import Request.
  Time since last request: 0.000038 seconds.
  path: Assets/Feel/MMFeedbacks/Demos/SequencingDemo/Materials/SequencerFabric09.mat
  artifactKey: Guid(d27c02d0cdd147245be0de863bd68637) Importer(815301076,1909f56bfc062723c751e8b465ee728b)
Number of updated assets reloaded before import = 0
Start importing Assets/Feel/MMFeedbacks/Demos/SequencingDemo/Materials/SequencerFabric09.mat using Guid(d27c02d0cdd147245be0de863bd68637) Importer(815301076,1909f56bfc062723c751e8b465ee728b)  -> (artifact id: '8e68077292256a30877f82a9edd4ebef') in 0.039052 seconds 
Number of asset objects unloaded after import = 8
========================================================================
Received Import Request.
  Time since last request: 0.000031 seconds.
  path: Assets/06_ Materials/Unused/SlashBlue.mat
  artifactKey: Guid(aa1e322546db11f4f9e72e77b5e89ab3) Importer(815301076,1909f56bfc062723c751e8b465ee728b)
Number of updated assets reloaded before import = 0
Start importing Assets/06_ Materials/Unused/SlashBlue.mat using Guid(aa1e322546db11f4f9e72e77b5e89ab3) Importer(815301076,1909f56bfc062723c751e8b465ee728b)  -> (artifact id: '0cef51ac004b330431ed78a2d559a848') in 0.012290 seconds 
Number of asset objects unloaded after import = 4
========================================================================
Received Import Request.
  Time since last request: 0.000034 seconds.
  path: Assets/06_ Materials/BattleAnimation/SkeletMageAttackFX.mat
  artifactKey: Guid(032c98b0226d6c047b9499bd2be0c81a) Importer(815301076,1909f56bfc062723c751e8b465ee728b)
Number of updated assets reloaded before import = 0
Start importing Assets/06_ Materials/BattleAnimation/SkeletMageAttackFX.mat using Guid(032c98b0226d6c047b9499bd2be0c81a) Importer(815301076,1909f56bfc062723c751e8b465ee728b)  -> (artifact id: '67a81318019c74c0a8fe47b3d2c5c77f') in 0.225016 seconds 
Number of asset objects unloaded after import = 4
========================================================================
Received Import Request.
  Time since last request: 0.000048 seconds.
  path: Assets/06_ Materials/Effects/Goddess/POIOutline.mat
  artifactKey: Guid(4e986c5f7d8b2e14bb34c4980042604a) Importer(815301076,1909f56bfc062723c751e8b465ee728b)
Number of updated assets reloaded before import = 0
Start importing Assets/06_ Materials/Effects/Goddess/POIOutline.mat using Guid(4e986c5f7d8b2e14bb34c4980042604a) Importer(815301076,1909f56bfc062723c751e8b465ee728b)  -> (artifact id: '276ea88172266f6678e677419ae5814c') in 0.010429 seconds 
Number of asset objects unloaded after import = 3
========================================================================
Received Import Request.
  Time since last request: 0.000030 seconds.
  path: Assets/Feel/MMFeedbacks/Demos/SequencingDemo/Materials/SequencerFabric06.mat
  artifactKey: Guid(ae6a11d25d0cb2b48aa36d9176875dce) Importer(815301076,1909f56bfc062723c751e8b465ee728b)
Number of updated assets reloaded before import = 0
Start importing Assets/Feel/MMFeedbacks/Demos/SequencingDemo/Materials/SequencerFabric06.mat using Guid(ae6a11d25d0cb2b48aa36d9176875dce) Importer(815301076,1909f56bfc062723c751e8b465ee728b)  -> (artifact id: 'd46ebfc7f37c31224bc67614932af95d') in 0.021822 seconds 
Number of asset objects unloaded after import = 6
========================================================================
Received Import Request.
  Time since last request: 0.000038 seconds.
  path: Assets/Feel/MMFeedbacks/Demos/MMFeedbacksDemo/Models/Rock2.fbx
  artifactKey: Guid(d84a1570448aba14ea2b1badb79fb4b3) Importer(815301076,1909f56bfc062723c751e8b465ee728b)
Number of updated assets reloaded before import = 0
Start importing Assets/Feel/MMFeedbacks/Demos/MMFeedbacksDemo/Models/Rock2.fbx using Guid(d84a1570448aba14ea2b1badb79fb4b3) Importer(815301076,1909f56bfc062723c751e8b465ee728b)  -> (artifact id: 'f53f09c8407fdc4e4dec50af293e13bd') in 0.009799 seconds 
Number of asset objects unloaded after import = 9
========================================================================
Received Import Request.
  Time since last request: 0.000037 seconds.
  path: Assets/Feel/FeelDemos/Barbarians/Models/Materials/RockyHill.mat
  artifactKey: Guid(3dbb78b119d6abd45a7d588eb155d5b5) Importer(815301076,1909f56bfc062723c751e8b465ee728b)
Number of updated assets reloaded before import = 0
Start importing Assets/Feel/FeelDemos/Barbarians/Models/Materials/RockyHill.mat using Guid(3dbb78b119d6abd45a7d588eb155d5b5) Importer(815301076,1909f56bfc062723c751e8b465ee728b)  -> (artifact id: 'ada12d8a1ca3e7450825da53f505214e') in 0.006809 seconds 
Number of asset objects unloaded after import = 2
========================================================================
Received Import Request.
  Time since last request: 0.000038 seconds.
  path: Assets/06_ Materials/Effects/MoveOptionParticlesLight.mat
  artifactKey: Guid(21fbb6bb337432146adcd7cd45b19c86) Importer(815301076,1909f56bfc062723c751e8b465ee728b)
Number of updated assets reloaded before import = 0
Start importing Assets/06_ Materials/Effects/MoveOptionParticlesLight.mat using Guid(21fbb6bb337432146adcd7cd45b19c86) Importer(815301076,1909f56bfc062723c751e8b465ee728b)  -> (artifact id: 'fb2ee3213737d6b50a49dfd8224cf063') in 0.014143 seconds 
Number of asset objects unloaded after import = 4
========================================================================
Received Import Request.
  Time since last request: 0.000039 seconds.
  path: Assets/06_ Materials/Grid/RedSoftGridMaterial.mat
  artifactKey: Guid(abcf418ecae4dbe47901c2f14f752366) Importer(815301076,1909f56bfc062723c751e8b465ee728b)
Number of updated assets reloaded before import = 0
Start importing Assets/06_ Materials/Grid/RedSoftGridMaterial.mat using Guid(abcf418ecae4dbe47901c2f14f752366) Importer(815301076,1909f56bfc062723c751e8b465ee728b)  -> (artifact id: '532ea2ee85b1410a94c647b79d852a43') in 0.005760 seconds 
Number of asset objects unloaded after import = 3
========================================================================
Received Import Request.
  Time since last request: 0.000043 seconds.
  path: Assets/02_Scripts/External/Runtime/AstarPathfindingProject/ExampleScenes/Materials/PathGreyCube.mat
  artifactKey: Guid(48e8130f8426d4539a2879304cc512fb) Importer(815301076,1909f56bfc062723c751e8b465ee728b)
Number of updated assets reloaded before import = 0
Start importing Assets/02_Scripts/External/Runtime/AstarPathfindingProject/ExampleScenes/Materials/PathGreyCube.mat using Guid(48e8130f8426d4539a2879304cc512fb) Importer(815301076,1909f56bfc062723c751e8b465ee728b)  -> (artifact id: '5624a09cf5e38b8f984e67b8beafffa9') in 0.004105 seconds 
Number of asset objects unloaded after import = 2
========================================================================
Received Import Request.
  Time since last request: 0.000052 seconds.
  path: Assets/Feel/MMFeedbacks/Demos/SequencingDemo/Materials/SequencerPaintedMetal.mat
  artifactKey: Guid(c010297598d35b24ea0bf283a1f77386) Importer(815301076,1909f56bfc062723c751e8b465ee728b)
Number of updated assets reloaded before import = 0
Start importing Assets/Feel/MMFeedbacks/Demos/SequencingDemo/Materials/SequencerPaintedMetal.mat using Guid(c010297598d35b24ea0bf283a1f77386) Importer(815301076,1909f56bfc062723c751e8b465ee728b)  -> (artifact id: 'c9565d55aea572ac97c71d429daa9bdf') in 0.008285 seconds 
Number of asset objects unloaded after import = 6
========================================================================
Received Import Request.
  Time since last request: 0.000034 seconds.
  path: Assets/06_ Materials/Grid/SelectedSkillTarget.mat
  artifactKey: Guid(3677be8e0e1516343a31ce084502bb2d) Importer(815301076,1909f56bfc062723c751e8b465ee728b)
Number of updated assets reloaded before import = 0
Start importing Assets/06_ Materials/Grid/SelectedSkillTarget.mat using Guid(3677be8e0e1516343a31ce084502bb2d) Importer(815301076,1909f56bfc062723c751e8b465ee728b)  -> (artifact id: '859db340ddde515130f37747035a93dc') in 0.006920 seconds 
Number of asset objects unloaded after import = 3
========================================================================
Received Import Request.
  Time since last request: 0.000037 seconds.
  path: Assets/Feel/MMFeedbacks/Demos/SequencingDemo/Materials/SequencerTiles65.mat
  artifactKey: Guid(0296fb91bec5d5042bdb1f4c2c089ca7) Importer(815301076,1909f56bfc062723c751e8b465ee728b)
Number of updated assets reloaded before import = 0
Start importing Assets/Feel/MMFeedbacks/Demos/SequencingDemo/Materials/SequencerTiles65.mat using Guid(0296fb91bec5d5042bdb1f4c2c089ca7) Importer(815301076,1909f56bfc062723c751e8b465ee728b)  -> (artifact id: 'd1286b2efa142663e88b25ce5970d9b2') in 0.007954 seconds 
Number of asset objects unloaded after import = 6
========================================================================
Received Import Request.
  Time since last request: 0.000051 seconds.
  path: Assets/Feel/NiceVibrations/Demo/DemoAssets/BallDemo/Sprites/NVBallParticle.mat
  artifactKey: Guid(a8a95ed47c80ace44ac20124ba5fabaa) Importer(815301076,1909f56bfc062723c751e8b465ee728b)
Number of updated assets reloaded before import = 0
Start importing Assets/Feel/NiceVibrations/Demo/DemoAssets/BallDemo/Sprites/NVBallParticle.mat using Guid(a8a95ed47c80ace44ac20124ba5fabaa) Importer(815301076,1909f56bfc062723c751e8b465ee728b)  -> (artifact id: 'fac8cfb56a9d0d7ece36166671f16a3b') in 0.014792 seconds 
Number of asset objects unloaded after import = 3
========================================================================
Received Import Request.
  Time since last request: 0.000053 seconds.
  path: Assets/06_ Materials/BattleAnimation/SkeletRiderCritAttackTrail.mat
  artifactKey: Guid(966732b666db2574d88501377266f6af) Importer(815301076,1909f56bfc062723c751e8b465ee728b)
Number of updated assets reloaded before import = 0
Start importing Assets/06_ Materials/BattleAnimation/SkeletRiderCritAttackTrail.mat using Guid(966732b666db2574d88501377266f6af) Importer(815301076,1909f56bfc062723c751e8b465ee728b)  -> (artifact id: '04486f6c9b3ab2792e64072a0237ea74') in 0.005811 seconds 
Number of asset objects unloaded after import = 4
========================================================================
Received Import Request.
  Time since last request: 0.000050 seconds.
  path: Assets/06_ Materials/Unused/RainRipple.mat
  artifactKey: Guid(8113f8864ec8f7747a1fcbd1e2d7c6af) Importer(815301076,1909f56bfc062723c751e8b465ee728b)
Number of updated assets reloaded before import = 0
Start importing Assets/06_ Materials/Unused/RainRipple.mat using Guid(8113f8864ec8f7747a1fcbd1e2d7c6af) Importer(815301076,1909f56bfc062723c751e8b465ee728b)  -> (artifact id: '4b3c87810660ac3a17eb2e286f1b6385') in 0.008589 seconds 
Number of asset objects unloaded after import = 3
========================================================================
Received Import Request.
  Time since last request: 0.000042 seconds.
  path: Assets/Feel/MMFeedbacks/Demos/SequencingDemo/Materials/SequencerChip.mat
  artifactKey: Guid(1e5b54aaf95dc544996bd98919f83491) Importer(815301076,1909f56bfc062723c751e8b465ee728b)
Number of updated assets reloaded before import = 0
Start importing Assets/Feel/MMFeedbacks/Demos/SequencingDemo/Materials/SequencerChip.mat using Guid(1e5b54aaf95dc544996bd98919f83491) Importer(815301076,1909f56bfc062723c751e8b465ee728b)  -> (artifact id: '78be2589360a1efa3ad0a384a2878d6b') in 0.007288 seconds 
Number of asset objects unloaded after import = 5
========================================================================
Received Import Request.
  Time since last request: 0.000037 seconds.
  path: Assets/Feel/MMFeedbacks/Demos/SequencingDemo/Materials/SequencerTiles12.mat
  artifactKey: Guid(28f4ba3ff8cbc124d82cbe3d696ed209) Importer(815301076,1909f56bfc062723c751e8b465ee728b)
Number of updated assets reloaded before import = 0
Start importing Assets/Feel/MMFeedbacks/Demos/SequencingDemo/Materials/SequencerTiles12.mat using Guid(28f4ba3ff8cbc124d82cbe3d696ed209) Importer(815301076,1909f56bfc062723c751e8b465ee728b)  -> (artifact id: '9517750d4b49f50e497cf325946f1769') in 0.008307 seconds 
Number of asset objects unloaded after import = 5
========================================================================
Received Import Request.
  Time since last request: 0.000030 seconds.
  path: Assets/Plugins/TextMesh Pro/Examples & Extras/Materials/Small Crate_diffuse.mat
  artifactKey: Guid(22262639920f43d6be32430e4e58350d) Importer(815301076,1909f56bfc062723c751e8b465ee728b)
Number of updated assets reloaded before import = 0
Start importing Assets/Plugins/TextMesh Pro/Examples & Extras/Materials/Small Crate_diffuse.mat using Guid(22262639920f43d6be32430e4e58350d) Importer(815301076,1909f56bfc062723c751e8b465ee728b)  -> (artifact id: 'abbcb45de521ce7762b1f7f00fa7acaf') in 0.006272 seconds 
Number of asset objects unloaded after import = 4
========================================================================
Received Import Request.
  Time since last request: 0.000037 seconds.
  path: Assets/Feel/FeelDemos/Barbarians/Models/FeelBarbarianBackgroundTopDown.fbx
  artifactKey: Guid(39dda57e2d7e23d4f843bbd5c20483b3) Importer(815301076,1909f56bfc062723c751e8b465ee728b)
Number of updated assets reloaded before import = 0
Start importing Assets/Feel/FeelDemos/Barbarians/Models/FeelBarbarianBackgroundTopDown.fbx using Guid(39dda57e2d7e23d4f843bbd5c20483b3) Importer(815301076,1909f56bfc062723c751e8b465ee728b)  -> (artifact id: '08f566a9add1c466b9bffc2f1af6094a') in 0.223270 seconds 
Number of asset objects unloaded after import = 197
========================================================================
Received Import Request.
  Time since last request: 0.000055 seconds.
  path: Assets/JMO Assets/Cartoon FX Remaster/CFXR Assets/Meshes/cfxr mesh leave.fbx
  artifactKey: Guid(f8defa343e39b2545bf3101b50eefa17) Importer(815301076,1909f56bfc062723c751e8b465ee728b)
Number of updated assets reloaded before import = 0
Start importing Assets/JMO Assets/Cartoon FX Remaster/CFXR Assets/Meshes/cfxr mesh leave.fbx using Guid(f8defa343e39b2545bf3101b50eefa17) Importer(815301076,1909f56bfc062723c751e8b465ee728b)  -> (artifact id: 'c526f88eb71462323485066b9e899fa9') in 0.009864 seconds 
Number of asset objects unloaded after import = 9
========================================================================
Received Import Request.
  Time since last request: 0.000083 seconds.
  path: Assets/06_ Materials/BattleAnimation/SkeletonAttackTrail.mat
  artifactKey: Guid(3cda669eac83de54cb54fc65fe9bb1b3) Importer(815301076,1909f56bfc062723c751e8b465ee728b)
Number of updated assets reloaded before import = 0
Start importing Assets/06_ Materials/BattleAnimation/SkeletonAttackTrail.mat using Guid(3cda669eac83de54cb54fc65fe9bb1b3) Importer(815301076,1909f56bfc062723c751e8b465ee728b)  -> (artifact id: '96a0378a48afc27db6fe56f013b1674c') in 0.005697 seconds 
Number of asset objects unloaded after import = 4
========================================================================
Received Import Request.
  Time since last request: 0.000033 seconds.
  path: Assets/Plugins/TextMesh Pro/Examples & Extras/Resources/Fonts & Materials/Roboto-Bold SDF - Surface.mat
  artifactKey: Guid(e6b276ec991f467aa14ef1f3cc665993) Importer(815301076,1909f56bfc062723c751e8b465ee728b)
Number of updated assets reloaded before import = 0
Start importing Assets/Plugins/TextMesh Pro/Examples & Extras/Resources/Fonts & Materials/Roboto-Bold SDF - Surface.mat using Guid(e6b276ec991f467aa14ef1f3cc665993) Importer(815301076,1909f56bfc062723c751e8b465ee728b)  -> (artifact id: 'cc02b8a9f05634dc8d39711b2664c9a5') in 0.005036 seconds 
Number of asset objects unloaded after import = 3
========================================================================
Received Import Request.
  Time since last request: 0.000036 seconds.
  path: Assets/06_ Materials/Effects/MoveOptionParticlesBoss.mat
  artifactKey: Guid(9fe4adb133d56774c9070415ec3c1eb0) Importer(815301076,1909f56bfc062723c751e8b465ee728b)
Number of updated assets reloaded before import = 0
Start importing Assets/06_ Materials/Effects/MoveOptionParticlesBoss.mat using Guid(9fe4adb133d56774c9070415ec3c1eb0) Importer(815301076,1909f56bfc062723c751e8b465ee728b)  -> (artifact id: '25c5499fdc3a6c71b594ebf78c7058f0') in 0.006179 seconds 
Number of asset objects unloaded after import = 4
========================================================================
Received Import Request.
  Time since last request: 0.000069 seconds.
  path: Assets/06_ Materials/Effects/MovementArrow.mat
  artifactKey: Guid(5d60c047d6dee194b8603ce102202a72) Importer(815301076,1909f56bfc062723c751e8b465ee728b)
Number of updated assets reloaded before import = 0
Start importing Assets/06_ Materials/Effects/MovementArrow.mat using Guid(5d60c047d6dee194b8603ce102202a72) Importer(815301076,1909f56bfc062723c751e8b465ee728b)  -> (artifact id: '9704568540e139490af94b88585f8a81') in 0.004468 seconds 
Number of asset objects unloaded after import = 2
========================================================================
Received Import Request.
  Time since last request: 0.000036 seconds.
  path: Assets/06_ Materials/BattleAnimation/SkeletNecromancerCriticalAttackFX.mat
  artifactKey: Guid(701c29bfac262ba40b2e14a12eed210b) Importer(815301076,1909f56bfc062723c751e8b465ee728b)
Number of updated assets reloaded before import = 0
Start importing Assets/06_ Materials/BattleAnimation/SkeletNecromancerCriticalAttackFX.mat using Guid(701c29bfac262ba40b2e14a12eed210b) Importer(815301076,1909f56bfc062723c751e8b465ee728b)  -> (artifact id: '6072f1f4407c1b27f5453e310fa5f72f') in 0.004727 seconds 
Number of asset objects unloaded after import = 4
========================================================================
Received Import Request.
  Time since last request: 0.000036 seconds.
  path: Assets/Feel/FeelDemos/Barbarians/Models/Materials/rock.mat
  artifactKey: Guid(74aa5cbd4ad343f4fa2901ae097e2aa3) Importer(815301076,1909f56bfc062723c751e8b465ee728b)
Number of updated assets reloaded before import = 0
Start importing Assets/Feel/FeelDemos/Barbarians/Models/Materials/rock.mat using Guid(74aa5cbd4ad343f4fa2901ae097e2aa3) Importer(815301076,1909f56bfc062723c751e8b465ee728b)  -> (artifact id: '35536af82c5c0d31ff6f5a28e8d0d480') in 0.007291 seconds 
Number of asset objects unloaded after import = 2
========================================================================
Received Import Request.
  Time since last request: 0.000034 seconds.
  path: Assets/06_ Materials/Unused/MoveOptionFX.mat
  artifactKey: Guid(dba4c320e38f8f54582ad9837f59cb8a) Importer(815301076,1909f56bfc062723c751e8b465ee728b)
Number of updated assets reloaded before import = 0
Start importing Assets/06_ Materials/Unused/MoveOptionFX.mat using Guid(dba4c320e38f8f54582ad9837f59cb8a) Importer(815301076,1909f56bfc062723c751e8b465ee728b)  -> (artifact id: '5684663783f7464f148ef11e593289d4') in 0.004533 seconds 
Number of asset objects unloaded after import = 2
========================================================================
Received Import Request.
  Time since last request: 0.000037 seconds.
  path: Assets/06_ Materials/BattleAnimation/ScorpionCritAttackTrail.mat
  artifactKey: Guid(2e4faa20a1cb97247bdff123732aea26) Importer(815301076,1909f56bfc062723c751e8b465ee728b)
Number of updated assets reloaded before import = 0
Start importing Assets/06_ Materials/BattleAnimation/ScorpionCritAttackTrail.mat using Guid(2e4faa20a1cb97247bdff123732aea26) Importer(815301076,1909f56bfc062723c751e8b465ee728b)  -> (artifact id: '37a7e72502e6ca1ca94ae523b8cd5b43') in 0.011681 seconds 
Number of asset objects unloaded after import = 4
========================================================================
Received Import Request.
  Time since last request: 0.000044 seconds.
  path: Assets/06_ Materials/BattleAnimation/SkeletMageCriticalAttackFX.mat
  artifactKey: Guid(0d287a2ac273b6a49b0e5e0896f933cf) Importer(815301076,1909f56bfc062723c751e8b465ee728b)
Number of updated assets reloaded before import = 0
Start importing Assets/06_ Materials/BattleAnimation/SkeletMageCriticalAttackFX.mat using Guid(0d287a2ac273b6a49b0e5e0896f933cf) Importer(815301076,1909f56bfc062723c751e8b465ee728b)  -> (artifact id: '9c14c5725e993b573c3cfe52b208c685') in 0.005929 seconds 
Number of asset objects unloaded after import = 4
========================================================================
Received Import Request.
  Time since last request: 0.000028 seconds.
  path: Assets/Feel/MMFeedbacks/Demos/MMFeedbacksDemo/Models/Rock1.fbx
  artifactKey: Guid(01dfcbf4ce9664c41ab1cf3609c59ee6) Importer(815301076,1909f56bfc062723c751e8b465ee728b)
Number of updated assets reloaded before import = 0
Start importing Assets/Feel/MMFeedbacks/Demos/MMFeedbacksDemo/Models/Rock1.fbx using Guid(01dfcbf4ce9664c41ab1cf3609c59ee6) Importer(815301076,1909f56bfc062723c751e8b465ee728b)  -> (artifact id: 'afee452efe9e83b33a7be7e831ff38bc') in 0.010925 seconds 
Number of asset objects unloaded after import = 9
========================================================================
Received Import Request.
  Time since last request: 0.000047 seconds.
  path: Assets/06_ Materials/UI/MoveButton.mat
  artifactKey: Guid(35ee75fb5126ad44ba2bf8cf9c37876e) Importer(815301076,1909f56bfc062723c751e8b465ee728b)
Number of updated assets reloaded before import = 0
Start importing Assets/06_ Materials/UI/MoveButton.mat using Guid(35ee75fb5126ad44ba2bf8cf9c37876e) Importer(815301076,1909f56bfc062723c751e8b465ee728b)  -> (artifact id: '86981e746338be0d20b473eaddb8d63f') in 0.006006 seconds 
Number of asset objects unloaded after import = 4
========================================================================
Received Import Request.
  Time since last request: 0.000049 seconds.
  path: Assets/Feel/MMFeedbacks/Demos/SequencingDemo/Materials/SequencerTiles67.mat
  artifactKey: Guid(0d11a8d904e77af4bbbac066d6455c5a) Importer(815301076,1909f56bfc062723c751e8b465ee728b)
Number of updated assets reloaded before import = 0
Start importing Assets/Feel/MMFeedbacks/Demos/SequencingDemo/Materials/SequencerTiles67.mat using Guid(0d11a8d904e77af4bbbac066d6455c5a) Importer(815301076,1909f56bfc062723c751e8b465ee728b)  -> (artifact id: '91849f9c67a62a28d2594a7fa260b31c') in 0.006084 seconds 
Number of asset objects unloaded after import = 6
========================================================================
Received Import Request.
  Time since last request: 0.000035 seconds.
  path: Assets/Feel/MMFeedbacks/Demos/MMFeedbacksDemo/Models/Cube.fbx
  artifactKey: Guid(71c1a7d31ae1f5148bd68555e9baee05) Importer(815301076,1909f56bfc062723c751e8b465ee728b)
Number of updated assets reloaded before import = 0
Start importing Assets/Feel/MMFeedbacks/Demos/MMFeedbacksDemo/Models/Cube.fbx using Guid(71c1a7d31ae1f5148bd68555e9baee05) Importer(815301076,1909f56bfc062723c751e8b465ee728b)  -> (artifact id: 'c78661d7072965526a4bbba7b8ccb45b') in 0.010180 seconds 
Number of asset objects unloaded after import = 9
========================================================================
Received Import Request.
  Time since last request: 0.000035 seconds.
  path: Assets/06_ Materials/Effects/MoveOptionParticlesNew.mat
  artifactKey: Guid(4ce03481ebbc46a489e6ca6811c5f8c3) Importer(815301076,1909f56bfc062723c751e8b465ee728b)
Number of updated assets reloaded before import = 0
Start importing Assets/06_ Materials/Effects/MoveOptionParticlesNew.mat using Guid(4ce03481ebbc46a489e6ca6811c5f8c3) Importer(815301076,1909f56bfc062723c751e8b465ee728b)  -> (artifact id: '1151b96cc27eda63b2b3e23fbf6d06f3') in 0.005316 seconds 
Number of asset objects unloaded after import = 4
========================================================================
Received Import Request.
  Time since last request: 0.000048 seconds.
  path: Assets/Feel/MMFeedbacks/Demos/MMFeedbacksDemo/Models/Dude/MMFeedbackDemoDude@TPose.fbx
  artifactKey: Guid(2a4a40e5b8a2c674d9d8d35164810540) Importer(815301076,1909f56bfc062723c751e8b465ee728b)
Number of updated assets reloaded before import = 0
Start importing Assets/Feel/MMFeedbacks/Demos/MMFeedbacksDemo/Models/Dude/MMFeedbackDemoDude@TPose.fbx using Guid(2a4a40e5b8a2c674d9d8d35164810540) Importer(815301076,1909f56bfc062723c751e8b465ee728b)  -> (artifact id: '139dd9438ff79414ba9d904eab7e4901') in 0.029718 seconds 
Number of asset objects unloaded after import = 95
========================================================================
Received Import Request.
  Time since last request: 0.000037 seconds.
  path: Assets/Cartoon Coffee/2D Slash VFX/Materials/Slash.mat
  artifactKey: Guid(307eff3f5f00da5478c6e2a5671141e6) Importer(815301076,1909f56bfc062723c751e8b465ee728b)
Number of updated assets reloaded before import = 0
Start importing Assets/Cartoon Coffee/2D Slash VFX/Materials/Slash.mat using Guid(307eff3f5f00da5478c6e2a5671141e6) Importer(815301076,1909f56bfc062723c751e8b465ee728b)  -> (artifact id: '397ee739cb49a78c4281a07506664039') in 0.006901 seconds 
Number of asset objects unloaded after import = 4
========================================================================
Received Import Request.
  Time since last request: 0.000030 seconds.
  path: Assets/Feel/FeelDemosHDRP/Falcon/Models/FeelRock.fbx
  artifactKey: Guid(4e11321e9a96be44ca13e5c57c2fe95c) Importer(815301076,1909f56bfc062723c751e8b465ee728b)
Number of updated assets reloaded before import = 0
Start importing Assets/Feel/FeelDemosHDRP/Falcon/Models/FeelRock.fbx using Guid(4e11321e9a96be44ca13e5c57c2fe95c) Importer(815301076,1909f56bfc062723c751e8b465ee728b)  -> (artifact id: '30bc27909b2f27fce2df929bfd5b4903') in 0.009801 seconds 
Number of asset objects unloaded after import = 9
========================================================================
Received Import Request.
  Time since last request: 0.000030 seconds.
  path: Assets/11_Other/Fonts/Palatino SDF-Numbers.mat
  artifactKey: Guid(2eed6eba96ec9a144a50ecb9dccf9566) Importer(815301076,1909f56bfc062723c751e8b465ee728b)
Number of updated assets reloaded before import = 0
Start importing Assets/11_Other/Fonts/Palatino SDF-Numbers.mat using Guid(2eed6eba96ec9a144a50ecb9dccf9566) Importer(815301076,1909f56bfc062723c751e8b465ee728b)  -> (artifact id: '6bf93ea7e273447ff99b2c13ac01f6c9') in 0.024286 seconds 
Number of asset objects unloaded after import = 3
========================================================================
Received Import Request.
  Time since last request: 0.000030 seconds.
  path: Assets/Feel/MMFeedbacks/Demos/SequencingDemo/Materials/SequencerCarpet05.mat
  artifactKey: Guid(8a0f71e021d8c02408e3b9145082dc1b) Importer(815301076,1909f56bfc062723c751e8b465ee728b)
Number of updated assets reloaded before import = 0
Start importing Assets/Feel/MMFeedbacks/Demos/SequencingDemo/Materials/SequencerCarpet05.mat using Guid(8a0f71e021d8c02408e3b9145082dc1b) Importer(815301076,1909f56bfc062723c751e8b465ee728b)  -> (artifact id: '8f947a9c4a44b615bcb3aed2d60d5181') in 0.006925 seconds 
Number of asset objects unloaded after import = 6
========================================================================
Received Import Request.
  Time since last request: 0.000034 seconds.
  path: Assets/06_ Materials/BattleAnimation/SkeletonRiderAttackTrail.mat
  artifactKey: Guid(c4b1a0b2c0e0cb84e8e17a4e069a46db) Importer(815301076,1909f56bfc062723c751e8b465ee728b)
Number of updated assets reloaded before import = 0
Start importing Assets/06_ Materials/BattleAnimation/SkeletonRiderAttackTrail.mat using Guid(c4b1a0b2c0e0cb84e8e17a4e069a46db) Importer(815301076,1909f56bfc062723c751e8b465ee728b)  -> (artifact id: 'cb265411caa87bf293c4bf78c0549df6') in 0.005246 seconds 
Number of asset objects unloaded after import = 4
========================================================================
Received Import Request.
  Time since last request: 0.000042 seconds.
  path: Assets/06_ Materials/Effects/MoveOptionParticlesNormalAttack.mat
  artifactKey: Guid(9d8a20679c2bd5641b8802ee741b4fac) Importer(815301076,1909f56bfc062723c751e8b465ee728b)
Number of updated assets reloaded before import = 0
Start importing Assets/06_ Materials/Effects/MoveOptionParticlesNormalAttack.mat using Guid(9d8a20679c2bd5641b8802ee741b4fac) Importer(815301076,1909f56bfc062723c751e8b465ee728b)  -> (artifact id: 'c9c902d74b98a17ed443dd857bd85566') in 0.004492 seconds 
Number of asset objects unloaded after import = 4
========================================================================
Received Import Request.
  Time since last request: 0.000049 seconds.
  path: Assets/Feel/MMFeedbacks/Demos/SequencingDemo/Materials/SequencerTiles31.mat
  artifactKey: Guid(ef35891a12f2deb49acd5cffa698c910) Importer(815301076,1909f56bfc062723c751e8b465ee728b)
Number of updated assets reloaded before import = 0
Start importing Assets/Feel/MMFeedbacks/Demos/SequencingDemo/Materials/SequencerTiles31.mat using Guid(ef35891a12f2deb49acd5cffa698c910) Importer(815301076,1909f56bfc062723c751e8b465ee728b)  -> (artifact id: 'cf857ceb8865c4c43825af54acce9278') in 0.005877 seconds 
Number of asset objects unloaded after import = 5
========================================================================
Received Import Request.
  Time since last request: 0.000050 seconds.
  path: Assets/06_ Materials/BattleAnimation/skeletonSoldierCritAttackTrail.mat
  artifactKey: Guid(5a573cb8fbf38d8489fc17a37c3c30e5) Importer(815301076,1909f56bfc062723c751e8b465ee728b)
Number of updated assets reloaded before import = 0
Start importing Assets/06_ Materials/BattleAnimation/skeletonSoldierCritAttackTrail.mat using Guid(5a573cb8fbf38d8489fc17a37c3c30e5) Importer(815301076,1909f56bfc062723c751e8b465ee728b)  -> (artifact id: 'c3a66ce6948539568c8a185b7e803227') in 0.006574 seconds 
Number of asset objects unloaded after import = 4
========================================================================
Received Import Request.
  Time since last request: 0.033232 seconds.
  path: Assets/02_Scripts/External/Runtime/AstarPathfindingProject/ExampleScenes/Prefabs/MineBot/Materials/mine_bot@awake-01 - Default.mat
  artifactKey: Guid(67af7822a09c145bea7714196d07f476) Importer(815301076,1909f56bfc062723c751e8b465ee728b)
Number of updated assets reloaded before import = 0
Start importing Assets/02_Scripts/External/Runtime/AstarPathfindingProject/ExampleScenes/Prefabs/MineBot/Materials/mine_bot@awake-01 - Default.mat using Guid(67af7822a09c145bea7714196d07f476) Importer(815301076,1909f56bfc062723c751e8b465ee728b)  -> (artifact id: 'a77964ef24db982c69ed8fe40651f1bc') in 0.006012 seconds 
Number of asset objects unloaded after import = 2
========================================================================
Received Import Request.
  Time since last request: 0.000046 seconds.
  path: Assets/02_Scripts/External/Runtime/AstarPathfindingProject/ExampleScenes/Prefabs/MineBot/Materials/mine_bot@forward 1-01 - Default.mat
  artifactKey: Guid(8484bd09122784e76947d262ed126b1c) Importer(815301076,1909f56bfc062723c751e8b465ee728b)
Number of updated assets reloaded before import = 0
Start importing Assets/02_Scripts/External/Runtime/AstarPathfindingProject/ExampleScenes/Prefabs/MineBot/Materials/mine_bot@forward 1-01 - Default.mat using Guid(8484bd09122784e76947d262ed126b1c) Importer(815301076,1909f56bfc062723c751e8b465ee728b)  -> (artifact id: '6f3d1140929e2bb7ee351bd3bd67ba5d') in 0.004788 seconds 
Number of asset objects unloaded after import = 2
========================================================================
Received Import Request.
  Time since last request: 0.000030 seconds.
  path: Assets/02_Scripts/External/Runtime/AstarPathfindingProject/ExampleScenes/Prefabs/MineBot/Materials/mine_bot@right-01 - Default.mat
  artifactKey: Guid(a0410f0ca50c248fbaad373ecfcf872b) Importer(815301076,1909f56bfc062723c751e8b465ee728b)
Number of updated assets reloaded before import = 0
Start importing Assets/02_Scripts/External/Runtime/AstarPathfindingProject/ExampleScenes/Prefabs/MineBot/Materials/mine_bot@right-01 - Default.mat using Guid(a0410f0ca50c248fbaad373ecfcf872b) Importer(815301076,1909f56bfc062723c751e8b465ee728b)  -> (artifact id: '98e1bac1d22aac6c212f70f68c9a8aa2') in 0.006524 seconds 
Number of asset objects unloaded after import = 2
Editor requested this worker to shutdown with reason: Scaling down because of idle timeout
AssetImportWorker is now disconnected from the server
Process exiting
