Using pre-set license
Built from '2021.3/staging' branch; Version is '2021.3.31f1 (3409e2af086f) revision 3410402'; Using compiler version '192829333'; Build Type 'Release'
OS: 'Windows 11  (10.0.22621) 64bit Core' Language: 'de' Physical Memory: 32671 MB
BatchMode: 1, IsHumanControllingUs: 0, StartBugReporterOnCrash: 0, Is64bit: 1, IsPro: 1

COMMAND LINE ARGUMENTS:
C:\Program Files\Unity\Hub\Editor\2021.3.31f1\Editor\Unity.exe
-adb2
-batchMode
-noUpm
-name
AssetImportWorker18
-projectPath
D:/Projects/fe-kingdom-mobile/trunk/FireEmblemMobile/FireEmblemMobileUnityProject
-logFile
Logs/AssetImportWorker18.log
-srvPort
63537
Successfully changed project path to: D:/Projects/fe-kingdom-mobile/trunk/FireEmblemMobile/FireEmblemMobileUnityProject
D:/Projects/fe-kingdom-mobile/trunk/FireEmblemMobile/FireEmblemMobileUnityProject
[UnityMemory] Configuration Parameters - Can be set up in boot.config
    "memorysetup-bucket-allocator-granularity=16"
    "memorysetup-bucket-allocator-bucket-count=8"
    "memorysetup-bucket-allocator-block-size=33554432"
    "memorysetup-bucket-allocator-block-count=8"
    "memorysetup-main-allocator-block-size=16777216"
    "memorysetup-thread-allocator-block-size=16777216"
    "memorysetup-gfx-main-allocator-block-size=16777216"
    "memorysetup-gfx-thread-allocator-block-size=16777216"
    "memorysetup-cache-allocator-block-size=4194304"
    "memorysetup-typetree-allocator-block-size=2097152"
    "memorysetup-profiler-bucket-allocator-granularity=16"
    "memorysetup-profiler-bucket-allocator-bucket-count=8"
    "memorysetup-profiler-bucket-allocator-block-size=33554432"
    "memorysetup-profiler-bucket-allocator-block-count=8"
    "memorysetup-profiler-allocator-block-size=16777216"
    "memorysetup-profiler-editor-allocator-block-size=1048576"
    "memorysetup-temp-allocator-size-main=16777216"
    "memorysetup-job-temp-allocator-block-size=2097152"
    "memorysetup-job-temp-allocator-block-size-background=1048576"
    "memorysetup-job-temp-allocator-reduction-small-platforms=262144"
    "memorysetup-temp-allocator-size-background-worker=32768"
    "memorysetup-temp-allocator-size-job-worker=262144"
    "memorysetup-temp-allocator-size-preload-manager=33554432"
    "memorysetup-temp-allocator-size-nav-mesh-worker=65536"
    "memorysetup-temp-allocator-size-audio-worker=65536"
    "memorysetup-temp-allocator-size-cloud-worker=32768"
    "memorysetup-temp-allocator-size-gi-baking-worker=262144"
    "memorysetup-temp-allocator-size-gfx=262144"
Player connection [2380] Host "[IP] 192.168.0.11 [Port] 0 [Flags] 2 [Guid] 2254577263 [EditorId] 2254577263 [Version] 1048832 [Id] WindowsEditor(7,DESKTOP-N1UFFTN) [Debug] 1 [PackageName] WindowsEditor [ProjectName] Editor" joined multi-casting on [225.0.0.222:54997]...

Player connection [2380] Host "[IP] 192.168.0.11 [Port] 0 [Flags] 2 [Guid] 2254577263 [EditorId] 2254577263 [Version] 1048832 [Id] WindowsEditor(7,DESKTOP-N1UFFTN) [Debug] 1 [PackageName] WindowsEditor [ProjectName] Editor" joined alternative multi-casting on [225.0.0.222:34997]...

[Physics::Module] Initialized MultithreadedJobDispatcher with {0} workers.
Refreshing native plugins compatible for Editor in 116.16 ms, found 3 plugins.
Preloading 0 native plugins for Editor in 0.00 ms.
Initialize engine version: 2021.3.31f1 (3409e2af086f)
[Subsystems] Discovering subsystems at path C:/Program Files/Unity/Hub/Editor/2021.3.31f1/Editor/Data/Resources/UnitySubsystems
[Subsystems] Discovering subsystems at path D:/Projects/fe-kingdom-mobile/trunk/FireEmblemMobile/FireEmblemMobileUnityProject/Assets
GfxDevice: creating device client; threaded=0; jobified=0
Direct3D:
    Version:  Direct3D 11.0 [level 11.1]
    Renderer: NVIDIA GeForce RTX 3070 (ID=0x2488)
    Vendor:   NVIDIA
    VRAM:     8031 MB
    Driver:   31.0.15.3699
Shader 'MoreMountains/MMRipple': fallback shader 'Particle/AlphaBlended' not found
Initialize mono
Mono path[0] = 'C:/Program Files/Unity/Hub/Editor/2021.3.31f1/Editor/Data/Managed'
Mono path[1] = 'C:/Program Files/Unity/Hub/Editor/2021.3.31f1/Editor/Data/MonoBleedingEdge/lib/mono/unityjit-win32'
Mono config path = 'C:/Program Files/Unity/Hub/Editor/2021.3.31f1/Editor/Data/MonoBleedingEdge/etc'
Using monoOptions --debugger-agent=transport=dt_socket,embedding=1,server=y,suspend=n,address=127.0.0.1:56452
Begin MonoManager ReloadAssembly
Registering precompiled unity dll's ...
Register platform support module: C:/Program Files/Unity/Hub/Editor/2021.3.31f1/Editor/Data/PlaybackEngines/AndroidPlayer/UnityEditor.Android.Extensions.dll
Register platform support module: C:/Program Files/Unity/Hub/Editor/2021.3.31f1/Editor/Data/PlaybackEngines/iOSSupport/UnityEditor.iOS.Extensions.dll
Register platform support module: C:/Program Files/Unity/Hub/Editor/2021.3.31f1/Editor/Data/PlaybackEngines/WindowsStandaloneSupport/UnityEditor.WindowsStandalone.Extensions.dll
Registered in 0.004695 seconds.
Native extension for WindowsStandalone target not found
[usbmuxd] Start listen thread
[usbmuxd] Listen thread started
Native extension for iOS target not found
Native extension for Android target not found
Android Extension - Scanning For ADB Devices 217 ms
Refreshing native plugins compatible for Editor in 106.83 ms, found 3 plugins.
Preloading 0 native plugins for Editor in 0.00 ms.
Mono: successfully reloaded assembly
- Completed reload, in  0.812 seconds
Domain Reload Profiling:
	ReloadAssembly (812ms)
		BeginReloadAssembly (75ms)
			ExecutionOrderSort (0ms)
			DisableScriptedObjects (0ms)
			BackupInstance (0ms)
			ReleaseScriptingObjects (0ms)
			CreateAndSetChildDomain (1ms)
		EndReloadAssembly (671ms)
			LoadAssemblies (74ms)
			RebuildTransferFunctionScriptingTraits (0ms)
			SetupTypeCache (89ms)
			ReleaseScriptCaches (0ms)
			RebuildScriptCaches (21ms)
			SetupLoadedEditorAssemblies (527ms)
				LogAssemblyErrors (0ms)
				InitializePlatformSupportModulesInManaged (311ms)
				SetLoadedEditorAssemblies (0ms)
				RefreshPlugins (107ms)
				BeforeProcessingInitializeOnLoad (1ms)
				ProcessInitializeOnLoadAttributes (73ms)
				ProcessInitializeOnLoadMethodAttributes (34ms)
				AfterProcessingInitializeOnLoad (0ms)
				EditorAssembliesLoaded (0ms)
			ExecutionOrderSort2 (0ms)
			AwakeInstancesAfterBackupRestoration (0ms)
Platform modules already initialized, skipping
Registering precompiled user dll's ...
Registered in 0.004276 seconds.
Begin MonoManager ReloadAssembly
Symbol file LoadedFromMemory is not a mono symbol file
Native extension for WindowsStandalone target not found
Native extension for iOS target not found
Native extension for Android target not found
Refreshing native plugins compatible for Editor in 115.50 ms, found 3 plugins.
Preloading 0 native plugins for Editor in 0.00 ms.
Package Manager log level set to [2]
[Package Manager] Server::EnsureServerProcessIsRunning -- launch failed, reason: Unity was launched with the -noUpm command-line argument
[Package Manager] Cannot connect to Unity Package Manager local server
Mono: successfully reloaded assembly
- Completed reload, in  1.823 seconds
Domain Reload Profiling:
	ReloadAssembly (1823ms)
		BeginReloadAssembly (116ms)
			ExecutionOrderSort (0ms)
			DisableScriptedObjects (5ms)
			BackupInstance (0ms)
			ReleaseScriptingObjects (0ms)
			CreateAndSetChildDomain (20ms)
		EndReloadAssembly (1622ms)
			LoadAssemblies (118ms)
			RebuildTransferFunctionScriptingTraits (0ms)
			SetupTypeCache (310ms)
			ReleaseScriptCaches (1ms)
			RebuildScriptCaches (120ms)
			SetupLoadedEditorAssemblies (1035ms)
				LogAssemblyErrors (0ms)
				InitializePlatformSupportModulesInManaged (28ms)
				SetLoadedEditorAssemblies (0ms)
				RefreshPlugins (116ms)
				BeforeProcessingInitializeOnLoad (105ms)
				ProcessInitializeOnLoadAttributes (634ms)
				ProcessInitializeOnLoadMethodAttributes (147ms)
				AfterProcessingInitializeOnLoad (5ms)
				EditorAssembliesLoaded (0ms)
			ExecutionOrderSort2 (0ms)
			AwakeInstancesAfterBackupRestoration (4ms)
Platform modules already initialized, skipping
========================================================================
Worker process is ready to serve import requests
Shader 'MoreMountains/MMRipple': fallback shader 'Particle/AlphaBlended' not found
Launched and connected shader compiler UnityShaderCompiler.exe after 0.03 seconds
Refreshing native plugins compatible for Editor in 1.69 ms, found 3 plugins.
Preloading 0 native plugins for Editor in 0.00 ms.
Unloading 6542 Unused Serialized files (Serialized files now loaded: 0)
Unloading 96 unused Assets / (2.0 MB). Loaded Objects now: 7062.
Memory consumption went from 361.3 MB to 359.3 MB.
Total: 6.779300 ms (FindLiveObjects: 0.548700 ms CreateObjectMapping: 0.187100 ms MarkObjects: 5.562100 ms  DeleteObjects: 0.479700 ms)

AssetImportParameters requested are different than current active one (requested -> active):
  custom:video-decoder-ogg-theora: a1e56fd34408186e4bbccfd4996cb3dc -> 
  custom:container-muxer-webm: aa71ff27fc2769a1b78a27578f13a17b -> 
  custom:container-demuxer-webm: 4f35f7cbe854078d1ac9338744f61a02 -> 
  custom:video-encoder-webm-vp8: eb34c28f22e8b96e1ab97ce403110664 -> 
  custom:CustomObjectIndexerAttribute: f67f22312cbe972f2da930a377ed3d15 -> 
  custom:audio-encoder-webm-vorbis: bf7c407c2cedff20999df2af8eb42d56 -> 
  custom:framework-win-MediaFoundation: 216162199b28c13a410421893ffa2e32 -> 
  custom:SearchIndexIgnoredProperties: e643bd26f0fe6173181afceb89e7c659 -> 
  custom:container-demuxer-ogg: 62fdf1f143b41e24485cea50d1cbac27 -> 
  custom:video-decoder-webm-vp8: 9c59270c3fd7afecdb556c50c9e8de78 -> 
  custom:audio-decoder-ogg-vorbis: bf7c407c2cedff20999df2af8eb42d56 -> 
========================================================================
Received Import Request.
  Time since last request: 758588.742313 seconds.
  path: Assets/04_Textures/Icons/Unused/red/r_30.PNG
  artifactKey: Guid(6689cf758079ef0419909fb0847da013) Importer(815301076,1909f56bfc062723c751e8b465ee728b)
Number of updated assets reloaded before import = 0
Start importing Assets/04_Textures/Icons/Unused/red/r_30.PNG using Guid(6689cf758079ef0419909fb0847da013) Importer(815301076,1909f56bfc062723c751e8b465ee728b)  -> (artifact id: '4a02a167bb5935f140aefa37bba56859') in 0.112275 seconds 
Number of asset objects unloaded after import = 3
========================================================================
Received Import Request.
  Time since last request: 0.000026 seconds.
  path: Assets/04_Textures/NewUI/GridBattleScreen/ContinueButtonBackground.png
  artifactKey: Guid(4f29a289f43198647b2eecb333c70be5) Importer(815301076,1909f56bfc062723c751e8b465ee728b)
Number of updated assets reloaded before import = 0
Start importing Assets/04_Textures/NewUI/GridBattleScreen/ContinueButtonBackground.png using Guid(4f29a289f43198647b2eecb333c70be5) Importer(815301076,1909f56bfc062723c751e8b465ee728b)  -> (artifact id: '8865f2b3fda9e0b33076006e118e4af6') in 0.025707 seconds 
Number of asset objects unloaded after import = 3
========================================================================
Received Import Request.
  Time since last request: 0.000017 seconds.
  path: Assets/04_Textures/NewUI/SkillTooltip/Mask group (1).png
  artifactKey: Guid(7d8b81286e8d81f42902b4bf7d6c3e17) Importer(815301076,1909f56bfc062723c751e8b465ee728b)
Number of updated assets reloaded before import = 0
Start importing Assets/04_Textures/NewUI/SkillTooltip/Mask group (1).png using Guid(7d8b81286e8d81f42902b4bf7d6c3e17) Importer(815301076,1909f56bfc062723c751e8b465ee728b)  -> (artifact id: '59cbcd40de3f7df02c1785b28b6c2443') in 0.056018 seconds 
Number of asset objects unloaded after import = 3
========================================================================
Received Import Request.
  Time since last request: 0.000015 seconds.
  path: Assets/04_Textures/Icons/Unused/red/r_29.PNG
  artifactKey: Guid(f58fe664f9086a447b392c52e73d8ffd) Importer(815301076,1909f56bfc062723c751e8b465ee728b)
Number of updated assets reloaded before import = 0
Start importing Assets/04_Textures/Icons/Unused/red/r_29.PNG using Guid(f58fe664f9086a447b392c52e73d8ffd) Importer(815301076,1909f56bfc062723c751e8b465ee728b)  -> (artifact id: '1d2931f829c91936fb6b6eeb9a74a128') in 0.030597 seconds 
Number of asset objects unloaded after import = 3
========================================================================
Received Import Request.
  Time since last request: 0.000030 seconds.
  path: Assets/04_Textures/fantasy_gui_png/MyUI_button_02.png
  artifactKey: Guid(b2625b4806679a14db10547d18bb0d0f) Importer(815301076,1909f56bfc062723c751e8b465ee728b)
Number of updated assets reloaded before import = 0
Start importing Assets/04_Textures/fantasy_gui_png/MyUI_button_02.png using Guid(b2625b4806679a14db10547d18bb0d0f) Importer(815301076,1909f56bfc062723c751e8b465ee728b)  -> (artifact id: 'd5e56e861c39ad4c8fc07489774b2b39') in 0.024912 seconds 
Number of asset objects unloaded after import = 3
========================================================================
Received Import Request.
  Time since last request: 0.000016 seconds.
  path: Assets/04_Textures/NewUI/coolButton.png
  artifactKey: Guid(3bf04566994fb7a408f1e84490c9dac1) Importer(815301076,1909f56bfc062723c751e8b465ee728b)
Number of updated assets reloaded before import = 0
Start importing Assets/04_Textures/NewUI/coolButton.png using Guid(3bf04566994fb7a408f1e84490c9dac1) Importer(815301076,1909f56bfc062723c751e8b465ee728b)  -> (artifact id: '396770c63d085f5e95dd61e5fc0f3a6b') in 0.021502 seconds 
Number of asset objects unloaded after import = 3
========================================================================
Received Import Request.
  Time since last request: 0.000018 seconds.
  path: Assets/04_Textures/Characters/AngelCleric/iddle/cleric_idle_1.png
  artifactKey: Guid(5d1a0c9129fbc9547ba72f213640b1d9) Importer(815301076,1909f56bfc062723c751e8b465ee728b)
Number of updated assets reloaded before import = 0
Start importing Assets/04_Textures/Characters/AngelCleric/iddle/cleric_idle_1.png using Guid(5d1a0c9129fbc9547ba72f213640b1d9) Importer(815301076,1909f56bfc062723c751e8b465ee728b)  -> (artifact id: 'e95b4174aa0d4d45dcc9e045ceac61b9') in 0.190501 seconds 
Number of asset objects unloaded after import = 3
========================================================================
Received Import Request.
  Time since last request: 0.000017 seconds.
  path: Assets/04_Textures/Characters/AngelCleric/Fly/cleric_walk_1.png
  artifactKey: Guid(1d39a8979e529284b87c7d8c91583768) Importer(815301076,1909f56bfc062723c751e8b465ee728b)
Number of updated assets reloaded before import = 0
Start importing Assets/04_Textures/Characters/AngelCleric/Fly/cleric_walk_1.png using Guid(1d39a8979e529284b87c7d8c91583768) Importer(815301076,1909f56bfc062723c751e8b465ee728b)  -> (artifact id: '5fde28ee1b936778bba1f5c89e456806') in 0.146818 seconds 
Number of asset objects unloaded after import = 3
========================================================================
Received Import Request.
  Time since last request: 0.000036 seconds.
  path: Assets/04_Textures/Sanctuary/POI/Lore.png
  artifactKey: Guid(253aae541a46a114ab4f24f657be9495) Importer(815301076,1909f56bfc062723c751e8b465ee728b)
Number of updated assets reloaded before import = 0
Start importing Assets/04_Textures/Sanctuary/POI/Lore.png using Guid(253aae541a46a114ab4f24f657be9495) Importer(815301076,1909f56bfc062723c751e8b465ee728b)  -> (artifact id: 'ec61e7d1ab0daa461d3bf856eadb9b50') in 0.033139 seconds 
Number of asset objects unloaded after import = 3
========================================================================
Received Import Request.
  Time since last request: 0.000014 seconds.
  path: Assets/04_Textures/NewUI/DayTime/image 7.png
  artifactKey: Guid(81bd52046c3a83d489736ae62fe6f395) Importer(815301076,1909f56bfc062723c751e8b465ee728b)
Number of updated assets reloaded before import = 0
Start importing Assets/04_Textures/NewUI/DayTime/image 7.png using Guid(81bd52046c3a83d489736ae62fe6f395) Importer(815301076,1909f56bfc062723c751e8b465ee728b)  -> (artifact id: 'cc5a2b5b97d46305c048ad8d6d5745f9') in 0.029789 seconds 
Number of asset objects unloaded after import = 3
========================================================================
Received Import Request.
  Time since last request: 0.000013 seconds.
  path: Assets/04_Textures/Characters/AngelCleric/cleric_damage.png
  artifactKey: Guid(d57bd64b6f01a4c4581e76cd745da57b) Importer(815301076,1909f56bfc062723c751e8b465ee728b)
Number of updated assets reloaded before import = 0
Start importing Assets/04_Textures/Characters/AngelCleric/cleric_damage.png using Guid(d57bd64b6f01a4c4581e76cd745da57b) Importer(815301076,1909f56bfc062723c751e8b465ee728b)  -> (artifact id: '5e3de7ae33c1e30e3e1a797890448fc7') in 0.146926 seconds 
Number of asset objects unloaded after import = 3
========================================================================
Received Import Request.
  Time since last request: 0.000015 seconds.
  path: Assets/04_Textures/TileMaps/Walls/doorwood2_2.png
  artifactKey: Guid(7e52632612c21c34ab163e9daedb4e7b) Importer(815301076,1909f56bfc062723c751e8b465ee728b)
Number of updated assets reloaded before import = 0
Start importing Assets/04_Textures/TileMaps/Walls/doorwood2_2.png using Guid(7e52632612c21c34ab163e9daedb4e7b) Importer(815301076,1909f56bfc062723c751e8b465ee728b)  -> (artifact id: 'abd3af4fd6bde19d1266b3accd3f9f1f') in 0.023362 seconds 
Number of asset objects unloaded after import = 3
========================================================================
Received Import Request.
  Time since last request: 0.000025 seconds.
  path: Assets/04_Textures/Icons/NoAttackIconPSD.psd
  artifactKey: Guid(0dc56ebea536a064fa164576d5351677) Importer(815301076,1909f56bfc062723c751e8b465ee728b)
Number of updated assets reloaded before import = 0
Start importing Assets/04_Textures/Icons/NoAttackIconPSD.psd using Guid(0dc56ebea536a064fa164576d5351677) Importer(815301076,1909f56bfc062723c751e8b465ee728b)  -> (artifact id: '3aa1e858a919ef2c6a8338b4cc9f53b6') in 0.026975 seconds 
Number of asset objects unloaded after import = 3
========================================================================
Received Import Request.
  Time since last request: 0.000013 seconds.
  path: Assets/04_Textures/Icons/Unused/red/r_23.png
  artifactKey: Guid(68d499dcc0f742d409d3ff67d3dc2cb6) Importer(815301076,1909f56bfc062723c751e8b465ee728b)
Number of updated assets reloaded before import = 0
Start importing Assets/04_Textures/Icons/Unused/red/r_23.png using Guid(68d499dcc0f742d409d3ff67d3dc2cb6) Importer(815301076,1909f56bfc062723c751e8b465ee728b)  -> (artifact id: '482dad0b08c3249bcfbc1a217364afbe') in 0.034192 seconds 
Number of asset objects unloaded after import = 3
========================================================================
Received Import Request.
  Time since last request: 0.000015 seconds.
  path: Assets/04_Textures/Characters/Gods/Athena/goddess_body_2.png
  artifactKey: Guid(17f11be720fe62c429de1eebb99a1116) Importer(815301076,1909f56bfc062723c751e8b465ee728b)
Number of updated assets reloaded before import = 0
Start importing Assets/04_Textures/Characters/Gods/Athena/goddess_body_2.png using Guid(17f11be720fe62c429de1eebb99a1116) Importer(815301076,1909f56bfc062723c751e8b465ee728b)  -> (artifact id: '0910a59e4100e1bc8d8e948421c74ba6') in 0.106033 seconds 
Number of asset objects unloaded after import = 3
========================================================================
Received Import Request.
  Time since last request: 0.000014 seconds.
  path: Assets/04_Textures/Icons/Unused/red/r_25.PNG
  artifactKey: Guid(828cb210b90fcd84794e09cc46ce88f0) Importer(815301076,1909f56bfc062723c751e8b465ee728b)
Number of updated assets reloaded before import = 0
Start importing Assets/04_Textures/Icons/Unused/red/r_25.PNG using Guid(828cb210b90fcd84794e09cc46ce88f0) Importer(815301076,1909f56bfc062723c751e8b465ee728b)  -> (artifact id: '1ce5d09e7a91d330563b6b36c2f5fa8f') in 0.041448 seconds 
Number of asset objects unloaded after import = 3
========================================================================
Received Import Request.
  Time since last request: 0.000021 seconds.
  path: Assets/04_Textures/NewUI/DayTime/image 8.png
  artifactKey: Guid(673189040cab3ca46b61ec0e3f043652) Importer(815301076,1909f56bfc062723c751e8b465ee728b)
Number of updated assets reloaded before import = 0
Start importing Assets/04_Textures/NewUI/DayTime/image 8.png using Guid(673189040cab3ca46b61ec0e3f043652) Importer(815301076,1909f56bfc062723c751e8b465ee728b)  -> (artifact id: '3f590eb4f55b2a9065866d668291f234') in 0.029853 seconds 
Number of asset objects unloaded after import = 3
========================================================================
Received Import Request.
  Time since last request: 0.000023 seconds.
  path: Assets/Le Tai's Asset/TrueShadow/Demo/Swipe/Sprites/Hot dog.png
  artifactKey: Guid(62f9aae4c18384b40be5e2906d7ade71) Importer(815301076,1909f56bfc062723c751e8b465ee728b)
Number of updated assets reloaded before import = 0
Start importing Assets/Le Tai's Asset/TrueShadow/Demo/Swipe/Sprites/Hot dog.png using Guid(62f9aae4c18384b40be5e2906d7ade71) Importer(815301076,1909f56bfc062723c751e8b465ee728b)  -> (artifact id: 'c80dc5671f6662c904d602ac25fcfccd') in 0.028376 seconds 
Number of asset objects unloaded after import = 3
========================================================================
Received Import Request.
  Time since last request: 0.000013 seconds.
  path: Assets/04_Textures/TileMaps/Trees/DeadTree2.png
  artifactKey: Guid(2e210e1114c9d47418f118ccae534a94) Importer(815301076,1909f56bfc062723c751e8b465ee728b)
Number of updated assets reloaded before import = 0
Start importing Assets/04_Textures/TileMaps/Trees/DeadTree2.png using Guid(2e210e1114c9d47418f118ccae534a94) Importer(815301076,1909f56bfc062723c751e8b465ee728b)  -> (artifact id: 'b9a3413a83856d4dff56354c67b0d17b') in 0.029723 seconds 
Number of asset objects unloaded after import = 3
========================================================================
Received Import Request.
  Time since last request: 0.000017 seconds.
  path: Assets/04_Textures/Characters/Cavalier/Cavalier Attacks.png
  artifactKey: Guid(65bdebbcae002a340950592de29bfdbf) Importer(815301076,1909f56bfc062723c751e8b465ee728b)
Number of updated assets reloaded before import = 0
Start importing Assets/04_Textures/Characters/Cavalier/Cavalier Attacks.png using Guid(65bdebbcae002a340950592de29bfdbf) Importer(815301076,1909f56bfc062723c751e8b465ee728b)  -> (artifact id: '3ebc0c49c972adc18e25d2819aea2ee3') in 0.059574 seconds 
Number of asset objects unloaded after import = 3
========================================================================
Received Import Request.
  Time since last request: 0.000015 seconds.
  path: Assets/04_Textures/NewUI/GridBattleScreen/BottomUI/img_changguidi (1).png
  artifactKey: Guid(f0e9d560c90c9c54895a172f8cefcbbc) Importer(815301076,1909f56bfc062723c751e8b465ee728b)
Number of updated assets reloaded before import = 0
Start importing Assets/04_Textures/NewUI/GridBattleScreen/BottomUI/img_changguidi (1).png using Guid(f0e9d560c90c9c54895a172f8cefcbbc) Importer(815301076,1909f56bfc062723c751e8b465ee728b)  -> (artifact id: '6e960fa9a89727ecb660f02e8e9ef02d') in 0.024882 seconds 
Number of asset objects unloaded after import = 3
========================================================================
Received Import Request.
  Time since last request: 0.000026 seconds.
  path: Assets/04_Textures/Characters/TwoHanded/mercenary_idle.png
  artifactKey: Guid(f51cd2fb01c92c84391612c6303e692f) Importer(815301076,1909f56bfc062723c751e8b465ee728b)
Number of updated assets reloaded before import = 0
Start importing Assets/04_Textures/Characters/TwoHanded/mercenary_idle.png using Guid(f51cd2fb01c92c84391612c6303e692f) Importer(815301076,1909f56bfc062723c751e8b465ee728b)  -> (artifact id: 'e23f31b9ec61171fd4ddd955a81ab256') in 0.069054 seconds 
Number of asset objects unloaded after import = 6
========================================================================
Received Import Request.
  Time since last request: 0.000014 seconds.
  path: Assets/04_Textures/Icons/Unused/red/r_28.PNG
  artifactKey: Guid(521a7300b0695f64ca702a499642a167) Importer(815301076,1909f56bfc062723c751e8b465ee728b)
Number of updated assets reloaded before import = 0
Start importing Assets/04_Textures/Icons/Unused/red/r_28.PNG using Guid(521a7300b0695f64ca702a499642a167) Importer(815301076,1909f56bfc062723c751e8b465ee728b)  -> (artifact id: 'dbcfc2f14b48cd38f6a6b6c1603ed2d3') in 0.031507 seconds 
Number of asset objects unloaded after import = 3
========================================================================
Received Import Request.
  Time since last request: 0.000023 seconds.
  path: Assets/04_Textures/Icons/Unused/green/g_29.png
  artifactKey: Guid(c5b079a4afdb9f449bd6bffd5bb9f119) Importer(815301076,1909f56bfc062723c751e8b465ee728b)
Number of updated assets reloaded before import = 0
Start importing Assets/04_Textures/Icons/Unused/green/g_29.png using Guid(c5b079a4afdb9f449bd6bffd5bb9f119) Importer(815301076,1909f56bfc062723c751e8b465ee728b)  -> (artifact id: '4487f4668657cb4d8c9f9d3728117850') in 0.029280 seconds 
Number of asset objects unloaded after import = 3
========================================================================
Received Import Request.
  Time since last request: 0.000014 seconds.
  path: Assets/Plugins/Editor/JetBrains.RiderFlow/InstallationData/Resources/Completion/completion_unpin_dark.png
  artifactKey: Guid(3de74e0b87c0431ea1b4586d5efc99e2) Importer(815301076,1909f56bfc062723c751e8b465ee728b)
Number of updated assets reloaded before import = 0
Start importing Assets/Plugins/Editor/JetBrains.RiderFlow/InstallationData/Resources/Completion/completion_unpin_dark.png using Guid(3de74e0b87c0431ea1b4586d5efc99e2) Importer(815301076,1909f56bfc062723c751e8b465ee728b)  -> (artifact id: 'd9b20a9ed89d66c63a9a17668d521b49') in 0.018815 seconds 
Number of asset objects unloaded after import = 3
========================================================================
Received Import Request.
  Time since last request: 0.000014 seconds.
  path: Assets/04_Textures/NewUI/CharSelect/img_mo (2).png
  artifactKey: Guid(82079e4c3b17f6f4c8a1dff08f056217) Importer(815301076,1909f56bfc062723c751e8b465ee728b)
Number of updated assets reloaded before import = 0
Start importing Assets/04_Textures/NewUI/CharSelect/img_mo (2).png using Guid(82079e4c3b17f6f4c8a1dff08f056217) Importer(815301076,1909f56bfc062723c751e8b465ee728b)  -> (artifact id: 'cbbfcc6856c631eb7bc466545e111434') in 0.016327 seconds 
Number of asset objects unloaded after import = 3
========================================================================
Received Import Request.
  Time since last request: 0.000013 seconds.
  path: Assets/04_Textures/Icons/Unused/red/r_18.PNG
  artifactKey: Guid(067288148ed45f84b99c16253acdc2d6) Importer(815301076,1909f56bfc062723c751e8b465ee728b)
Number of updated assets reloaded before import = 0
Start importing Assets/04_Textures/Icons/Unused/red/r_18.PNG using Guid(067288148ed45f84b99c16253acdc2d6) Importer(815301076,1909f56bfc062723c751e8b465ee728b)  -> (artifact id: 'af8b2961c0a7cf826a346117c4644a1c') in 0.032596 seconds 
Number of asset objects unloaded after import = 3
========================================================================
Received Import Request.
  Time since last request: 0.000015 seconds.
  path: Assets/04_Textures/Icons/Unused/green/g_31.png
  artifactKey: Guid(f8d5445db9b66614c9f48a168b441183) Importer(815301076,1909f56bfc062723c751e8b465ee728b)
Number of updated assets reloaded before import = 0
Start importing Assets/04_Textures/Icons/Unused/green/g_31.png using Guid(f8d5445db9b66614c9f48a168b441183) Importer(815301076,1909f56bfc062723c751e8b465ee728b)  -> (artifact id: '9f557aa47fb32bda16fdd2e17e09dae6') in 0.029300 seconds 
Number of asset objects unloaded after import = 3
========================================================================
Received Import Request.
  Time since last request: 0.000015 seconds.
  path: Assets/04_Textures/NewUI/Church/button_xuanzhong.png
  artifactKey: Guid(4abdb5c12828a5249bf5a81079756f28) Importer(815301076,1909f56bfc062723c751e8b465ee728b)
Number of updated assets reloaded before import = 0
Start importing Assets/04_Textures/NewUI/Church/button_xuanzhong.png using Guid(4abdb5c12828a5249bf5a81079756f28) Importer(815301076,1909f56bfc062723c751e8b465ee728b)  -> (artifact id: 'cbbb72099423499b19b1f523af687605') in 0.015732 seconds 
Number of asset objects unloaded after import = 3
========================================================================
Received Import Request.
  Time since last request: 0.000014 seconds.
  path: Assets/04_Textures/Characters/Gods/Athena/goddess_body_1.png
  artifactKey: Guid(89da0f8fc9ec0614e965c79223ce664b) Importer(815301076,1909f56bfc062723c751e8b465ee728b)
Number of updated assets reloaded before import = 0
Start importing Assets/04_Textures/Characters/Gods/Athena/goddess_body_1.png using Guid(89da0f8fc9ec0614e965c79223ce664b) Importer(815301076,1909f56bfc062723c751e8b465ee728b)  -> (artifact id: '3a783d63c88e7a280cbfd642e3f6d8a1') in 0.308177 seconds 
Number of asset objects unloaded after import = 3
========================================================================
Received Import Request.
  Time since last request: 0.000016 seconds.
  path: Assets/04_Textures/EncounterArea/churchNode.psd
  artifactKey: Guid(cd6e65b100882bd46909480cc1caf046) Importer(815301076,1909f56bfc062723c751e8b465ee728b)
Number of updated assets reloaded before import = 0
Start importing Assets/04_Textures/EncounterArea/churchNode.psd using Guid(cd6e65b100882bd46909480cc1caf046) Importer(815301076,1909f56bfc062723c751e8b465ee728b)  -> (artifact id: '027c177a3edc915e036be62d2a10f23b') in 0.017925 seconds 
Number of asset objects unloaded after import = 3
========================================================================
Received Import Request.
  Time since last request: 0.000022 seconds.
  path: Assets/04_Textures/questjournal_windows/page.png
  artifactKey: Guid(d7a117c508ef5004999c0efc5addb21f) Importer(815301076,1909f56bfc062723c751e8b465ee728b)
Number of updated assets reloaded before import = 0
Start importing Assets/04_Textures/questjournal_windows/page.png using Guid(d7a117c508ef5004999c0efc5addb21f) Importer(815301076,1909f56bfc062723c751e8b465ee728b)  -> (artifact id: 'f24cbcb74a4c511c6d51cc8b2ffe2c90') in 0.316743 seconds 
Number of asset objects unloaded after import = 3
========================================================================
Received Import Request.
  Time since last request: 0.000018 seconds.
  path: Assets/04_Textures/Characters/Cavalier/cavalierClassUpgrade/Cavalier Idle Sprites.png
  artifactKey: Guid(c2958e3679379e74a976fb815c2009ef) Importer(815301076,1909f56bfc062723c751e8b465ee728b)
Number of updated assets reloaded before import = 0
Start importing Assets/04_Textures/Characters/Cavalier/cavalierClassUpgrade/Cavalier Idle Sprites.png using Guid(c2958e3679379e74a976fb815c2009ef) Importer(815301076,1909f56bfc062723c751e8b465ee728b)  -> (artifact id: '1d27167a66cd6a813c9097c6e131b422') in 0.078908 seconds 
Number of asset objects unloaded after import = 6
========================================================================
Received Import Request.
  Time since last request: 0.000028 seconds.
  path: Assets/04_Textures/fantasy_gui_png/MyUI_bg_03.png
  artifactKey: Guid(331bf542d2072cb43927d145e469c57b) Importer(815301076,1909f56bfc062723c751e8b465ee728b)
Number of updated assets reloaded before import = 0
Start importing Assets/04_Textures/fantasy_gui_png/MyUI_bg_03.png using Guid(331bf542d2072cb43927d145e469c57b) Importer(815301076,1909f56bfc062723c751e8b465ee728b)  -> (artifact id: '4c0af3679906a88868d52e190a67d819') in 0.026338 seconds 
Number of asset objects unloaded after import = 3
========================================================================
Received Import Request.
  Time since last request: 0.000015 seconds.
  path: Assets/Plugins/Editor/JetBrains.RiderFlow/InstallationData/Resources/Completion/completion_unpin_dark@2x.png
  artifactKey: Guid(0ee7809ad872493bb1d5e7b3d94eb163) Importer(815301076,1909f56bfc062723c751e8b465ee728b)
Number of updated assets reloaded before import = 0
Start importing Assets/Plugins/Editor/JetBrains.RiderFlow/InstallationData/Resources/Completion/completion_unpin_dark@2x.png using Guid(0ee7809ad872493bb1d5e7b3d94eb163) Importer(815301076,1909f56bfc062723c751e8b465ee728b)  -> (artifact id: '17faa7521c4918dbb92f29a1f6367732') in 0.018832 seconds 
Number of asset objects unloaded after import = 3
========================================================================
Received Import Request.
  Time since last request: 0.000016 seconds.
  path: Assets/04_Textures/NewUI/ShopScreen/deco_right.png
  artifactKey: Guid(d2e0eccc71daaa2419a6d644cf70145a) Importer(815301076,1909f56bfc062723c751e8b465ee728b)
Number of updated assets reloaded before import = 0
Start importing Assets/04_Textures/NewUI/ShopScreen/deco_right.png using Guid(d2e0eccc71daaa2419a6d644cf70145a) Importer(815301076,1909f56bfc062723c751e8b465ee728b)  -> (artifact id: 'd2509cce408eed5572ab054fe94f6833') in 0.013514 seconds 
Number of asset objects unloaded after import = 3
========================================================================
Received Import Request.
  Time since last request: 0.000017 seconds.
  path: Assets/Feel/NiceVibrations/Demo/_Common/Sprites/NVRoundedCornersBig.png
  artifactKey: Guid(1a3d766705e8fce41bcaa2921051a083) Importer(815301076,1909f56bfc062723c751e8b465ee728b)
Number of updated assets reloaded before import = 0
Start importing Assets/Feel/NiceVibrations/Demo/_Common/Sprites/NVRoundedCornersBig.png using Guid(1a3d766705e8fce41bcaa2921051a083) Importer(815301076,1909f56bfc062723c751e8b465ee728b)  -> (artifact id: 'c70d867e9b19989f48a0014373c99592') in 0.019896 seconds 
Number of asset objects unloaded after import = 3
========================================================================
Received Import Request.
  Time since last request: 0.000017 seconds.
  path: Assets/04_Textures/NewUI/GridBattleScreen/BottomUI/img_changguidi (2).png
  artifactKey: Guid(cbd1a9a28a7a8974c919fa0bb857185d) Importer(815301076,1909f56bfc062723c751e8b465ee728b)
Number of updated assets reloaded before import = 0
Start importing Assets/04_Textures/NewUI/GridBattleScreen/BottomUI/img_changguidi (2).png using Guid(cbd1a9a28a7a8974c919fa0bb857185d) Importer(815301076,1909f56bfc062723c751e8b465ee728b)  -> (artifact id: '611bd9777d1d0f53a52d1cfae5b7cf22') in 0.021483 seconds 
Number of asset objects unloaded after import = 3
========================================================================
Received Import Request.
  Time since last request: 0.000013 seconds.
  path: Assets/04_Textures/EncounterArea/churchNode.png
  artifactKey: Guid(65826cc10d4b6414396fa38ace2d6875) Importer(815301076,1909f56bfc062723c751e8b465ee728b)
Number of updated assets reloaded before import = 0
Start importing Assets/04_Textures/EncounterArea/churchNode.png using Guid(65826cc10d4b6414396fa38ace2d6875) Importer(815301076,1909f56bfc062723c751e8b465ee728b)  -> (artifact id: '7b16ae4b2542757e1efe3f417234709b') in 0.014149 seconds 
Number of asset objects unloaded after import = 3
========================================================================
Received Import Request.
  Time since last request: 0.000016 seconds.
  path: Assets/04_Textures/NewUI/Convoy/img_changguidi (6).png
  artifactKey: Guid(3d66d9ad97b08b248b8549ea85389b5c) Importer(815301076,1909f56bfc062723c751e8b465ee728b)
Number of updated assets reloaded before import = 0
Start importing Assets/04_Textures/NewUI/Convoy/img_changguidi (6).png using Guid(3d66d9ad97b08b248b8549ea85389b5c) Importer(815301076,1909f56bfc062723c751e8b465ee728b)  -> (artifact id: '004aa9645222a5fc1150e99146047b5c') in 0.022320 seconds 
Number of asset objects unloaded after import = 3
========================================================================
Received Import Request.
  Time since last request: 8.614045 seconds.
  path: Assets/04_Textures/BlackCrusaderUI_png/BlackCrusaderUI_el_02_03.png
  artifactKey: Guid(7e9367bc9b9a0204a95dc14d74282a20) Importer(815301076,1909f56bfc062723c751e8b465ee728b)
Number of updated assets reloaded before import = 0
Start importing Assets/04_Textures/BlackCrusaderUI_png/BlackCrusaderUI_el_02_03.png using Guid(7e9367bc9b9a0204a95dc14d74282a20) Importer(815301076,1909f56bfc062723c751e8b465ee728b)  -> (artifact id: '1aa36a73d62eb6f5db6662a0a2e7c8a9') in 0.027214 seconds 
Number of asset objects unloaded after import = 3
========================================================================
Received Import Request.
  Time since last request: 0.000014 seconds.
  path: Assets/04_Textures/BlackCrusaderUI_png/BlackCrusaderUI_el_38.png
  artifactKey: Guid(13476834f51cb5748871b6294af163b2) Importer(815301076,1909f56bfc062723c751e8b465ee728b)
Number of updated assets reloaded before import = 0
Start importing Assets/04_Textures/BlackCrusaderUI_png/BlackCrusaderUI_el_38.png using Guid(13476834f51cb5748871b6294af163b2) Importer(815301076,1909f56bfc062723c751e8b465ee728b)  -> (artifact id: '85f51aa94c716ac6674cdc82d6b7c860') in 0.050701 seconds 
Number of asset objects unloaded after import = 3
========================================================================
Received Import Request.
  Time since last request: 0.005156 seconds.
  path: Assets/04_Textures/NewUI/FaceCircle/blood level box.png
  artifactKey: Guid(f82b9cfdfdf2a8049b59b4d45e7870ee) Importer(815301076,1909f56bfc062723c751e8b465ee728b)
Number of updated assets reloaded before import = 0
Start importing Assets/04_Textures/NewUI/FaceCircle/blood level box.png using Guid(f82b9cfdfdf2a8049b59b4d45e7870ee) Importer(815301076,1909f56bfc062723c751e8b465ee728b)  -> (artifact id: '650a98e5ae0da9b70e03549ec4a3aad2') in 0.028739 seconds 
Number of asset objects unloaded after import = 3
========================================================================
Received Import Request.
  Time since last request: 0.000015 seconds.
  path: Assets/04_Textures/NewUI/FaceCircle/border dark.png
  artifactKey: Guid(ab0dd45040c30b54ab74306701ac4b78) Importer(815301076,1909f56bfc062723c751e8b465ee728b)
Number of updated assets reloaded before import = 0
Start importing Assets/04_Textures/NewUI/FaceCircle/border dark.png using Guid(ab0dd45040c30b54ab74306701ac4b78) Importer(815301076,1909f56bfc062723c751e8b465ee728b)  -> (artifact id: 'd8430093f889f74ec4d2411ddb48d3fc') in 0.041580 seconds 
Number of asset objects unloaded after import = 3
========================================================================
Received Import Request.
  Time since last request: 0.000015 seconds.
  path: Assets/04_Textures/Icons/Weapon&Movetypes/bow.png
  artifactKey: Guid(e16be6e0ecf149d4187edf73b2d3d83c) Importer(815301076,1909f56bfc062723c751e8b465ee728b)
Number of updated assets reloaded before import = 0
Start importing Assets/04_Textures/Icons/Weapon&Movetypes/bow.png using Guid(e16be6e0ecf149d4187edf73b2d3d83c) Importer(815301076,1909f56bfc062723c751e8b465ee728b)  -> (artifact id: '7946bdbb9ffd715c388ea8bc9c552669') in 0.038192 seconds 
Number of asset objects unloaded after import = 3
========================================================================
Received Import Request.
  Time since last request: 0.000020 seconds.
  path: Assets/04_Textures/NewUI/FaceCircle/border light.png
  artifactKey: Guid(74a89b8e5f75cfb43973309a161256d3) Importer(815301076,1909f56bfc062723c751e8b465ee728b)
Number of updated assets reloaded before import = 0
Start importing Assets/04_Textures/NewUI/FaceCircle/border light.png using Guid(74a89b8e5f75cfb43973309a161256d3) Importer(815301076,1909f56bfc062723c751e8b465ee728b)  -> (artifact id: 'e90825cfc669227e7f13a276d148c63b') in 0.040309 seconds 
Number of asset objects unloaded after import = 3
========================================================================
Received Import Request.
  Time since last request: 0.917917 seconds.
  path: Assets/04_Textures/TileMaps/Walls/bridge2.png
  artifactKey: Guid(51965220498483844b248ba461661cad) Importer(815301076,1909f56bfc062723c751e8b465ee728b)
Number of updated assets reloaded before import = 0
Start importing Assets/04_Textures/TileMaps/Walls/bridge2.png using Guid(51965220498483844b248ba461661cad) Importer(815301076,1909f56bfc062723c751e8b465ee728b)  -> (artifact id: '61bbdd7f8ae669bdf2eb841f71c61a88') in 0.024296 seconds 
Number of asset objects unloaded after import = 3
========================================================================
Received Import Request.
  Time since last request: 0.482083 seconds.
  path: Assets/04_Textures/fantasy_gui_png/button_06_custom.png
  artifactKey: Guid(08a79b4f4dd176149b2b91aa478ca579) Importer(815301076,1909f56bfc062723c751e8b465ee728b)
Number of updated assets reloaded before import = 0
Start importing Assets/04_Textures/fantasy_gui_png/button_06_custom.png using Guid(08a79b4f4dd176149b2b91aa478ca579) Importer(815301076,1909f56bfc062723c751e8b465ee728b)  -> (artifact id: '9593891e8ab48e440846504ced484ce7') in 0.024149 seconds 
Number of asset objects unloaded after import = 3
========================================================================
Received Import Request.
  Time since last request: 0.000014 seconds.
  path: Assets/04_Textures/fantasy_gui_png/button_10_s07.png
  artifactKey: Guid(b581ff13e36e20e47bb6e35ac2164135) Importer(815301076,1909f56bfc062723c751e8b465ee728b)
Number of updated assets reloaded before import = 0
Start importing Assets/04_Textures/fantasy_gui_png/button_10_s07.png using Guid(b581ff13e36e20e47bb6e35ac2164135) Importer(815301076,1909f56bfc062723c751e8b465ee728b)  -> (artifact id: '6eb043e8a0a01b15f8645e404b6fa3ed') in 0.020542 seconds 
Number of asset objects unloaded after import = 3
