Unity Editor version:    2021.3.32f1 (3b9dae9532f5)
Branch:                  2021.3/staging
Build type:              Release
Batch mode:              YES
macOS version:           Version 14.1.1 (Build 23B2082)
Darwin version:          23.1.0
Architecture:            arm64
Running under Rosetta:   NO
Available memory:        18432 MB
Using pre-set license
Pro License: YES

COMMAND LINE ARGUMENTS:
/Applications/Unity/Hub/Editor/2021.3.32f1/Unity.app/Contents/MacOS/Unity
-adb2
-batchMode
-noUpm
-name
AssetImportWorker38
-projectPath
/Users/daniel/Documents/fe-kingdom-mobile/trunk/FireEmblemMobile/FireEmblemMobileUnityProject
-logFile
Logs/AssetImportWorker38.log
-srvPort
49232
Successfully changed project path to: /Users/daniel/Documents/fe-kingdom-mobile/trunk/FireEmblemMobile/FireEmblemMobileUnityProject
/Users/daniel/Documents/fe-kingdom-mobile/trunk/FireEmblemMobile/FireEmblemMobileUnityProject
[UnityMemory] Configuration Parameters - Can be set up in boot.config
    "memorysetup-bucket-allocator-granularity=16"
    "memorysetup-bucket-allocator-bucket-count=8"
    "memorysetup-bucket-allocator-block-size=33554432"
    "memorysetup-bucket-allocator-block-count=8"
    "memorysetup-main-allocator-block-size=16777216"
    "memorysetup-thread-allocator-block-size=16777216"
    "memorysetup-gfx-main-allocator-block-size=16777216"
    "memorysetup-gfx-thread-allocator-block-size=16777216"
    "memorysetup-cache-allocator-block-size=4194304"
    "memorysetup-typetree-allocator-block-size=2097152"
    "memorysetup-profiler-bucket-allocator-granularity=16"
    "memorysetup-profiler-bucket-allocator-bucket-count=8"
    "memorysetup-profiler-bucket-allocator-block-size=33554432"
    "memorysetup-profiler-bucket-allocator-block-count=8"
    "memorysetup-profiler-allocator-block-size=16777216"
    "memorysetup-profiler-editor-allocator-block-size=1048576"
    "memorysetup-temp-allocator-size-main=16777216"
    "memorysetup-job-temp-allocator-block-size=2097152"
    "memorysetup-job-temp-allocator-block-size-background=1048576"
    "memorysetup-job-temp-allocator-reduction-small-platforms=262144"
    "memorysetup-temp-allocator-size-background-worker=32768"
    "memorysetup-temp-allocator-size-job-worker=262144"
    "memorysetup-temp-allocator-size-preload-manager=33554432"
    "memorysetup-temp-allocator-size-nav-mesh-worker=65536"
    "memorysetup-temp-allocator-size-audio-worker=65536"
    "memorysetup-temp-allocator-size-cloud-worker=32768"
    "memorysetup-temp-allocator-size-gi-baking-worker=262144"
    "memorysetup-temp-allocator-size-gfx=262144"
Player connection [8031248064] Host "[IP] 192.168.0.17 [Port] 0 [Flags] 2 [Guid] 3288979132 [EditorId] 3288979132 [Version] 1048832 [Id] OSXEditor(0,Daniels-MacBook-Pro.local) [Debug] 1 [PackageName] OSXEditor [ProjectName] Editor" joined multi-casting on [225.0.0.222:54997]...

Player connection [8031248064] Host "[IP] 192.168.0.17 [Port] 0 [Flags] 2 [Guid] 3288979132 [EditorId] 3288979132 [Version] 1048832 [Id] OSXEditor(0,Daniels-MacBook-Pro.local) [Debug] 1 [PackageName] OSXEditor [ProjectName] Editor" joined alternative multi-casting on [225.0.0.222:34997]...

[Physics::Module] Initialized MultithreadedJobDispatcher with {0} workers.
Refreshing native plugins compatible for Editor in 149.61 ms, found 2 plugins.
Preloading 1 native plugins for Editor in 0.57 ms.
Initialize engine version: 2021.3.32f1 (3b9dae9532f5)
[Subsystems] Discovering subsystems at path /Applications/Unity/Hub/Editor/2021.3.32f1/Unity.app/Contents/Resources/UnitySubsystems
[Subsystems] Discovering subsystems at path /Users/daniel/Documents/fe-kingdom-mobile/trunk/FireEmblemMobile/FireEmblemMobileUnityProject/Assets
GfxDevice: creating device client; threaded=0; jobified=0
 preferred device: Apple M3 Pro (high power)
Metal devices available: 1
0: Apple M3 Pro (high power)
Using device Apple M3 Pro (high power)
Initializing Metal device caps: Apple M3 Pro
Shader 'CartoonCoffee/Particle Basic': fallback shader '2' not found
Shader 'CartoonCoffee/Particle Additive': fallback shader '2' not found
Shader 'MoreMountains/MMRipple': fallback shader 'Particle/AlphaBlended' not found
Initialize mono
Mono path[0] = '/Applications/Unity/Hub/Editor/2021.3.32f1/Unity.app/Contents/Managed'
Mono path[1] = '/Applications/Unity/Hub/Editor/2021.3.32f1/Unity.app/Contents/MonoBleedingEdge/lib/mono/unityjit-macos'
Mono config path = '/Applications/Unity/Hub/Editor/2021.3.32f1/Unity.app/Contents/MonoBleedingEdge/etc'
Using monoOptions --debugger-agent=transport=dt_socket,embedding=1,server=y,suspend=n,address=127.0.0.1:56649
Begin MonoManager ReloadAssembly
Registering precompiled unity dll's ...
Register platform support module: /Applications/Unity/Hub/Editor/2021.3.32f1/Unity.app/Contents/PlaybackEngines/MacStandaloneSupport/UnityEditor.OSXStandalone.Extensions.dll
Register platform support module: /Applications/Unity/Hub/Editor/2021.3.32f1/PlaybackEngines/AndroidPlayer/UnityEditor.Android.Extensions.dll
Register platform support module: /Applications/Unity/Hub/Editor/2021.3.32f1/PlaybackEngines/iOSSupport/UnityEditor.iOS.Extensions.dll
Registered in 0.002122 seconds.
[usbmuxd] Start listen thread
[usbmuxd] Listen thread started
[usbmuxd] Send listen message
Native extension for iOS target not found
Native extension for Android target not found
Android Extension - Scanning For ADB Devices 63 ms
Native extension for OSXStandalone target not found
Refreshing native plugins compatible for Editor in 115.05 ms, found 2 plugins.
Preloading 1 native plugins for Editor in 0.21 ms.
Mono: successfully reloaded assembly
- Completed reload, in  0.536 seconds
Domain Reload Profiling:
	ReloadAssembly (536ms)
		BeginReloadAssembly (70ms)
			ExecutionOrderSort (0ms)
			DisableScriptedObjects (0ms)
			BackupInstance (0ms)
			ReleaseScriptingObjects (0ms)
			CreateAndSetChildDomain (0ms)
		EndReloadAssembly (420ms)
			LoadAssemblies (71ms)
			RebuildTransferFunctionScriptingTraits (0ms)
			SetupTypeCache (57ms)
			ReleaseScriptCaches (0ms)
			RebuildScriptCaches (15ms)
			SetupLoadedEditorAssemblies (326ms)
				LogAssemblyErrors (0ms)
				InitializePlatformSupportModulesInManaged (160ms)
				SetLoadedEditorAssemblies (0ms)
				RefreshPlugins (115ms)
				BeforeProcessingInitializeOnLoad (1ms)
				ProcessInitializeOnLoadAttributes (31ms)
				ProcessInitializeOnLoadMethodAttributes (18ms)
				AfterProcessingInitializeOnLoad (0ms)
				EditorAssembliesLoaded (0ms)
			ExecutionOrderSort2 (0ms)
			AwakeInstancesAfterBackupRestoration (0ms)
Platform modules already initialized, skipping
Registering precompiled user dll's ...
Registered in 0.009013 seconds.
Begin MonoManager ReloadAssembly
Symbol file LoadedFromMemory is not a mono symbol file
Native extension for iOS target not found
Native extension for Android target not found
Native extension for OSXStandalone target not found
Refreshing native plugins compatible for Editor in 120.48 ms, found 2 plugins.
Preloading 1 native plugins for Editor in 0.17 ms.
Package Manager log level set to [2]
[Package Manager] Server::EnsureServerProcessIsRunning -- launch failed, reason: Unity was launched with the -noUpm command-line argument
[Package Manager] Cannot connect to Unity Package Manager local server
Mono: successfully reloaded assembly
- Completed reload, in  1.243 seconds
Domain Reload Profiling:
	ReloadAssembly (1243ms)
		BeginReloadAssembly (51ms)
			ExecutionOrderSort (0ms)
			DisableScriptedObjects (3ms)
			BackupInstance (0ms)
			ReleaseScriptingObjects (0ms)
			CreateAndSetChildDomain (14ms)
		EndReloadAssembly (1140ms)
			LoadAssemblies (95ms)
			RebuildTransferFunctionScriptingTraits (0ms)
			SetupTypeCache (187ms)
			ReleaseScriptCaches (1ms)
			RebuildScriptCaches (59ms)
			SetupLoadedEditorAssemblies (762ms)
				LogAssemblyErrors (0ms)
				InitializePlatformSupportModulesInManaged (13ms)
				SetLoadedEditorAssemblies (0ms)
				RefreshPlugins (121ms)
				BeforeProcessingInitializeOnLoad (58ms)
				ProcessInitializeOnLoadAttributes (487ms)
				ProcessInitializeOnLoadMethodAttributes (83ms)
				AfterProcessingInitializeOnLoad (0ms)
				EditorAssembliesLoaded (0ms)
			ExecutionOrderSort2 (0ms)
			AwakeInstancesAfterBackupRestoration (1ms)
Platform modules already initialized, skipping
========================================================================
Worker process is ready to serve import requests
Shader 'MoreMountains/MMRipple': fallback shader 'Particle/AlphaBlended' not found
Shader 'CartoonCoffee/Particle Additive': fallback shader '2' not found
Shader 'CartoonCoffee/Particle Basic': fallback shader '2' not found
Launching external process: /Applications/Unity/Hub/Editor/2021.3.32f1/Unity.app/Contents/Tools/UnityShaderCompiler
Launched and connected shader compiler UnityShaderCompiler after 0.04 seconds
Refreshing native plugins compatible for Editor in 1.26 ms, found 2 plugins.
Preloading 1 native plugins for Editor in 0.15 ms.
Unloading 6761 Unused Serialized files (Serialized files now loaded: 0)
Unloading 102 unused Assets / (2.0 MB). Loaded Objects now: 7259.
Memory consumption went from 368.3 MB to 366.3 MB.
Total: 4.729625 ms (FindLiveObjects: 0.175292 ms CreateObjectMapping: 0.059583 ms MarkObjects: 4.160916 ms  DeleteObjects: 0.333375 ms)

AssetImportParameters requested are different than current active one (requested -> active):
  custom:video-decoder-ogg-theora: a1e56fd34408186e4bbccfd4996cb3dc -> 
  custom:container-muxer-webm: aa71ff27fc2769a1b78a27578f13a17b -> 
  custom:container-demuxer-webm: 4f35f7cbe854078d1ac9338744f61a02 -> 
  custom:video-encoder-webm-vp8: eb34c28f22e8b96e1ab97ce403110664 -> 
  custom:framework-osx-AVFoundation: e770b220cccbd017edd2c1fefb359320 -> 
  custom:CustomObjectIndexerAttribute: f67f22312cbe972f2da930a377ed3d15 -> 
  custom:audio-encoder-webm-vorbis: bf7c407c2cedff20999df2af8eb42d56 -> 
  custom:SearchIndexIgnoredProperties: e643bd26f0fe6173181afceb89e7c659 -> 
  custom:container-demuxer-ogg: 62fdf1f143b41e24485cea50d1cbac27 -> 
  custom:video-decoder-webm-vp8: 9c59270c3fd7afecdb556c50c9e8de78 -> 
  custom:audio-decoder-ogg-vorbis: bf7c407c2cedff20999df2af8eb42d56 -> 
========================================================================
Received Import Request.
  Time since last request: 92884.431686 seconds.
  path: Assets/JMO Assets/Cartoon FX (legacy)/CFX2 Prefabs/Misc/Variants/CFX2_CartoonFight Alt Smoke.prefab
  artifactKey: Guid(970dc52c4f47dd54bb3e91199294d714) Importer(815301076,1909f56bfc062723c751e8b465ee728b)
Number of updated assets reloaded before import = 0
Start importing Assets/JMO Assets/Cartoon FX (legacy)/CFX2 Prefabs/Misc/Variants/CFX2_CartoonFight Alt Smoke.prefab using Guid(970dc52c4f47dd54bb3e91199294d714) Importer(815301076,1909f56bfc062723c751e8b465ee728b)  -> (artifact id: '7b82e3719df03e1069bcb8d292061275') in 0.148669 seconds 
Number of asset objects unloaded after import = 44
========================================================================
Received Import Request.
  Time since last request: 1.350994 seconds.
  path: Assets/JMO Assets/Cartoon FX (legacy)/CFX2 Prefabs/Misc/Variants/CFX2_CartoonFightGround Alt Smoke.prefab
  artifactKey: Guid(0363f447c288848418b6cd06b36796bd) Importer(815301076,1909f56bfc062723c751e8b465ee728b)
Number of updated assets reloaded before import = 0
Start importing Assets/JMO Assets/Cartoon FX (legacy)/CFX2 Prefabs/Misc/Variants/CFX2_CartoonFightGround Alt Smoke.prefab using Guid(0363f447c288848418b6cd06b36796bd) Importer(815301076,1909f56bfc062723c751e8b465ee728b)  -> (artifact id: '64fe00fde6592e1c912dd46ba2f0d2e6') in 0.014898 seconds 
Number of asset objects unloaded after import = 34
========================================================================
Received Import Request.
  Time since last request: 65.011835 seconds.
  path: Assets/JMO Assets/Cartoon FX (legacy)/Materials/Symbols/CFX2_Star Add.mat
  artifactKey: Guid(08192a9c1c42061469892514fe447db9) Importer(815301076,1909f56bfc062723c751e8b465ee728b)
Number of updated assets reloaded before import = 0
Start importing Assets/JMO Assets/Cartoon FX (legacy)/Materials/Symbols/CFX2_Star Add.mat using Guid(08192a9c1c42061469892514fe447db9) Importer(815301076,1909f56bfc062723c751e8b465ee728b)  -> (artifact id: 'ab06a9a2f3d08e46f3421703695295b7') in 0.058837 seconds 
Number of asset objects unloaded after import = 3
========================================================================
Received Import Request.
  Time since last request: 27.962133 seconds.
  path: Assets/JMO Assets/Cartoon FX (legacy)/Materials/Animated/CFX_Anim_Triangle_AddSoft.mat
  artifactKey: Guid(944bc1016f6ac38439ec1bf04fab9550) Importer(815301076,1909f56bfc062723c751e8b465ee728b)
Number of updated assets reloaded before import = 0
Start importing Assets/JMO Assets/Cartoon FX (legacy)/Materials/Animated/CFX_Anim_Triangle_AddSoft.mat using Guid(944bc1016f6ac38439ec1bf04fab9550) Importer(815301076,1909f56bfc062723c751e8b465ee728b)  -> (artifact id: '96cdfc3ff5463816921d19e11a347d6b') in 0.023272 seconds 
Number of asset objects unloaded after import = 3
========================================================================
Received Import Request.
  Time since last request: 34.842437 seconds.
  path: Assets/JMO Assets/Cartoon FX (legacy)/CFX3 Prefabs/Misc/CFX3_Hit_SmokePuff.prefab
  artifactKey: Guid(83cd9cc9f9c88824ba18dc59b05ae328) Importer(815301076,1909f56bfc062723c751e8b465ee728b)
Number of updated assets reloaded before import = 0
Start importing Assets/JMO Assets/Cartoon FX (legacy)/CFX3 Prefabs/Misc/CFX3_Hit_SmokePuff.prefab using Guid(83cd9cc9f9c88824ba18dc59b05ae328) Importer(815301076,1909f56bfc062723c751e8b465ee728b)  -> (artifact id: '55e244d32fe9b1996dde1eb8175553b1') in 0.069428 seconds 
Number of asset objects unloaded after import = 10
========================================================================
Received Import Request.
  Time since last request: 36.185348 seconds.
  path: Assets/JMO Assets/Cartoon FX (legacy)/CFX4 Prefabs/Explosions/Variants/CFX4 Explosion SoftEdge Ground (No Smoke).prefab
  artifactKey: Guid(5ac3e145b7a9a124999838d9097f51df) Importer(815301076,1909f56bfc062723c751e8b465ee728b)
Number of updated assets reloaded before import = 0
Start importing Assets/JMO Assets/Cartoon FX (legacy)/CFX4 Prefabs/Explosions/Variants/CFX4 Explosion SoftEdge Ground (No Smoke).prefab using Guid(5ac3e145b7a9a124999838d9097f51df) Importer(815301076,1909f56bfc062723c751e8b465ee728b)  -> (artifact id: '2b18cefbf01319025a53d95ada9db4e5') in 0.020502 seconds 
Number of asset objects unloaded after import = 33
========================================================================
Received Import Request.
  Time since last request: 0.000036 seconds.
  path: Assets/JMO Assets/Cartoon FX (legacy)/CFX4 Prefabs/Misc/CFX4 Smoke Trail A (Curved).prefab
  artifactKey: Guid(73e35f859cfce1f43b0b91055e5f2169) Importer(815301076,1909f56bfc062723c751e8b465ee728b)
Number of updated assets reloaded before import = 0
Start importing Assets/JMO Assets/Cartoon FX (legacy)/CFX4 Prefabs/Misc/CFX4 Smoke Trail A (Curved).prefab using Guid(73e35f859cfce1f43b0b91055e5f2169) Importer(815301076,1909f56bfc062723c751e8b465ee728b)  -> (artifact id: '76978b67fe9cefef21553f09e7e643c9') in 0.005874 seconds 
Number of asset objects unloaded after import = 13
========================================================================
Received Import Request.
  Time since last request: 0.000031 seconds.
  path: Assets/JMO Assets/Cartoon FX (legacy)/CFX4 Prefabs/Misc/CFX4 Smoke Trail B.prefab
  artifactKey: Guid(66e7703d302252149a5bab568149be61) Importer(815301076,1909f56bfc062723c751e8b465ee728b)
Number of updated assets reloaded before import = 0
Start importing Assets/JMO Assets/Cartoon FX (legacy)/CFX4 Prefabs/Misc/CFX4 Smoke Trail B.prefab using Guid(66e7703d302252149a5bab568149be61) Importer(815301076,1909f56bfc062723c751e8b465ee728b)  -> (artifact id: '9c6cc32153a8dde878f3ba4dcedf0556') in 0.004408 seconds 
Number of asset objects unloaded after import = 13
========================================================================
Received Import Request.
  Time since last request: 0.251306 seconds.
  path: Assets/JMO Assets/Cartoon FX (legacy)/CFX4 Prefabs/Misc/CFX4 Smoke Trail B (Black).prefab
  artifactKey: Guid(e59c5511bb7547a459ab624f6ad1e548) Importer(815301076,1909f56bfc062723c751e8b465ee728b)
Number of updated assets reloaded before import = 0
Start importing Assets/JMO Assets/Cartoon FX (legacy)/CFX4 Prefabs/Misc/CFX4 Smoke Trail B (Black).prefab using Guid(e59c5511bb7547a459ab624f6ad1e548) Importer(815301076,1909f56bfc062723c751e8b465ee728b)  -> (artifact id: '801b58fcdb857136231a9278f1e085de') in 0.005709 seconds 
Number of asset objects unloaded after import = 13
========================================================================
Received Import Request.
  Time since last request: 0.000033 seconds.
  path: Assets/JMO Assets/Cartoon FX (legacy)/CFX4 Prefabs/Misc/CFX4 SmokePuff Ground A.prefab
  artifactKey: Guid(794c2f5a017428d4a87f5726c32865a8) Importer(815301076,1909f56bfc062723c751e8b465ee728b)
Number of updated assets reloaded before import = 0
Start importing Assets/JMO Assets/Cartoon FX (legacy)/CFX4 Prefabs/Misc/CFX4 SmokePuff Ground A.prefab using Guid(794c2f5a017428d4a87f5726c32865a8) Importer(815301076,1909f56bfc062723c751e8b465ee728b)  -> (artifact id: '8c2efc31eac67cf013f1ee529df01e7d') in 0.023456 seconds 
Number of asset objects unloaded after import = 10
========================================================================
Received Import Request.
  Time since last request: 18.053180 seconds.
  path: Assets/JMO Assets/Cartoon FX (legacy)/Materials/Light/CFX3_GlowSpike ADD.mat
  artifactKey: Guid(1de66e5f4e86e2e4cb564890916f7a9c) Importer(815301076,1909f56bfc062723c751e8b465ee728b)
Number of updated assets reloaded before import = 0
Start importing Assets/JMO Assets/Cartoon FX (legacy)/Materials/Light/CFX3_GlowSpike ADD.mat using Guid(1de66e5f4e86e2e4cb564890916f7a9c) Importer(815301076,1909f56bfc062723c751e8b465ee728b)  -> (artifact id: '504719ee7199a7373660801a9322b1e0') in 0.011415 seconds 
Number of asset objects unloaded after import = 3
========================================================================
Received Import Request.
  Time since last request: 2.498904 seconds.
  path: Assets/JMO Assets/Cartoon FX (legacy)/CFX Prefabs/Explosions/CFX_Explosion NoSmoke.prefab
  artifactKey: Guid(e7a1d0bf030dda147bc543bbd59f8608) Importer(815301076,1909f56bfc062723c751e8b465ee728b)
Number of updated assets reloaded before import = 0
Start importing Assets/JMO Assets/Cartoon FX (legacy)/CFX Prefabs/Explosions/CFX_Explosion NoSmoke.prefab using Guid(e7a1d0bf030dda147bc543bbd59f8608) Importer(815301076,1909f56bfc062723c751e8b465ee728b)  -> (artifact id: 'b551668165d8edcc46a5ecf29ca6a602') in 0.013997 seconds 
Number of asset objects unloaded after import = 20
========================================================================
Received Import Request.
  Time since last request: 0.000039 seconds.
  path: Assets/JMO Assets/Cartoon FX (legacy)/CFX Prefabs/Explosions/CFX_Explosion_B_Smoke+Text.prefab
  artifactKey: Guid(46876a2780737ec45a19d62f88e5ce56) Importer(815301076,1909f56bfc062723c751e8b465ee728b)
Number of updated assets reloaded before import = 0
Start importing Assets/JMO Assets/Cartoon FX (legacy)/CFX Prefabs/Explosions/CFX_Explosion_B_Smoke+Text.prefab using Guid(46876a2780737ec45a19d62f88e5ce56) Importer(815301076,1909f56bfc062723c751e8b465ee728b)  -> (artifact id: '4ac2bc58180f087e53dc254a2badfa38') in 0.008302 seconds 
Number of asset objects unloaded after import = 38
========================================================================
Received Import Request.
  Time since last request: 1.069893 seconds.
  path: Assets/JMO Assets/Cartoon FX (legacy)/CFX4 Prefabs/Explosions/Variants/CFX4 Explosion SoftEdge Air (Blue, No Smoke).prefab
  artifactKey: Guid(e3a741cefbfa28a4db670784df925359) Importer(815301076,1909f56bfc062723c751e8b465ee728b)
Number of updated assets reloaded before import = 0
Start importing Assets/JMO Assets/Cartoon FX (legacy)/CFX4 Prefabs/Explosions/Variants/CFX4 Explosion SoftEdge Air (Blue, No Smoke).prefab using Guid(e3a741cefbfa28a4db670784df925359) Importer(815301076,1909f56bfc062723c751e8b465ee728b)  -> (artifact id: 'b2d6fca0ded8e7b38ed2ca23e33a533e') in 0.011089 seconds 
Number of asset objects unloaded after import = 27
========================================================================
Received Import Request.
  Time since last request: 1.251642 seconds.
  path: Assets/JMO Assets/Cartoon FX (legacy)/CFX4 Prefabs/Explosions/Variants/CFX4 Explosion SoftEdge Air (No Smoke).prefab
  artifactKey: Guid(5b715a23d9a4cc04fb477c3e66a5885e) Importer(815301076,1909f56bfc062723c751e8b465ee728b)
Number of updated assets reloaded before import = 0
Start importing Assets/JMO Assets/Cartoon FX (legacy)/CFX4 Prefabs/Explosions/Variants/CFX4 Explosion SoftEdge Air (No Smoke).prefab using Guid(5b715a23d9a4cc04fb477c3e66a5885e) Importer(815301076,1909f56bfc062723c751e8b465ee728b)  -> (artifact id: '5d5740877835af416e3b598c55cf6228') in 0.009404 seconds 
Number of asset objects unloaded after import = 27
========================================================================
Received Import Request.
  Time since last request: 12.421646 seconds.
  path: Assets/JMO Assets/Cartoon FX (legacy)/CFX4 Prefabs/Misc/CFX4 Smoke Trail A (Black).prefab
  artifactKey: Guid(21c10d7bba326c74c8a13dc9bc1a6e42) Importer(815301076,1909f56bfc062723c751e8b465ee728b)
Number of updated assets reloaded before import = 0
Start importing Assets/JMO Assets/Cartoon FX (legacy)/CFX4 Prefabs/Misc/CFX4 Smoke Trail A (Black).prefab using Guid(21c10d7bba326c74c8a13dc9bc1a6e42) Importer(815301076,1909f56bfc062723c751e8b465ee728b)  -> (artifact id: '581e9361d75873ff933311d8fd48db83') in 0.008517 seconds 
Number of asset objects unloaded after import = 13
========================================================================
Received Import Request.
  Time since last request: 0.605970 seconds.
  path: Assets/JMO Assets/Cartoon FX (legacy)/CFX4 Prefabs/Misc/CFX4 Smoke Trail A (Curved).prefab
  artifactKey: Guid(73e35f859cfce1f43b0b91055e5f2169) Importer(815301076,1909f56bfc062723c751e8b465ee728b)
Number of updated assets reloaded before import = 0
Start importing Assets/JMO Assets/Cartoon FX (legacy)/CFX4 Prefabs/Misc/CFX4 Smoke Trail A (Curved).prefab using Guid(73e35f859cfce1f43b0b91055e5f2169) Importer(815301076,1909f56bfc062723c751e8b465ee728b)  -> (artifact id: 'dd542ea3fd117799bb9d3725aa709c25') in 0.004293 seconds 
Number of asset objects unloaded after import = 13
========================================================================
Received Import Request.
  Time since last request: 1.018400 seconds.
  path: Assets/JMO Assets/Cartoon FX (legacy)/CFX Prefabs/Fire/CFX_Fire_Breath_NoSmoke.prefab
  artifactKey: Guid(8592779914fd19542baa73050848b84d) Importer(815301076,1909f56bfc062723c751e8b465ee728b)
Number of updated assets reloaded before import = 0
Start importing Assets/JMO Assets/Cartoon FX (legacy)/CFX Prefabs/Fire/CFX_Fire_Breath_NoSmoke.prefab using Guid(8592779914fd19542baa73050848b84d) Importer(815301076,1909f56bfc062723c751e8b465ee728b)  -> (artifact id: 'dd7f012285f64a8b81835b96feb1dc9d') in 0.008124 seconds 
Number of asset objects unloaded after import = 16
========================================================================
Received Import Request.
  Time since last request: 0.000042 seconds.
  path: Assets/JMO Assets/Cartoon FX (legacy)/CFX Prefabs/Smoke/CFX_SmokePuffs.prefab
  artifactKey: Guid(754a7a7c55ee2ce4493a0e4079785280) Importer(815301076,1909f56bfc062723c751e8b465ee728b)
Number of updated assets reloaded before import = 0
Start importing Assets/JMO Assets/Cartoon FX (legacy)/CFX Prefabs/Smoke/CFX_SmokePuffs.prefab using Guid(754a7a7c55ee2ce4493a0e4079785280) Importer(815301076,1909f56bfc062723c751e8b465ee728b)  -> (artifact id: '8714ac549b2626d495487924703928e5') in 0.008434 seconds 
Number of asset objects unloaded after import = 20
========================================================================
Received Import Request.
  Time since last request: 0.000030 seconds.
  path: Assets/JMO Assets/Cartoon FX (legacy)/CFX Prefabs/Explosions/CFX_SmokeExplosionAlt.prefab
  artifactKey: Guid(1b2f8e049c22af2438cac65a921271a6) Importer(815301076,1909f56bfc062723c751e8b465ee728b)
Number of updated assets reloaded before import = 0
Start importing Assets/JMO Assets/Cartoon FX (legacy)/CFX Prefabs/Explosions/CFX_SmokeExplosionAlt.prefab using Guid(1b2f8e049c22af2438cac65a921271a6) Importer(815301076,1909f56bfc062723c751e8b465ee728b)  -> (artifact id: '175ee6b12c44e83d880e8b4fcddcb97b') in 0.006513 seconds 
Number of asset objects unloaded after import = 32
========================================================================
Received Import Request.
  Time since last request: 0.889286 seconds.
  path: Assets/JMO Assets/Cartoon FX (legacy)/CFX4 Prefabs/Misc/CFX4 Smoke Trail A (Curved, Black).prefab
  artifactKey: Guid(f8358b91a80734748b79ab9420c8e384) Importer(815301076,1909f56bfc062723c751e8b465ee728b)
Number of updated assets reloaded before import = 0
Start importing Assets/JMO Assets/Cartoon FX (legacy)/CFX4 Prefabs/Misc/CFX4 Smoke Trail A (Curved, Black).prefab using Guid(f8358b91a80734748b79ab9420c8e384) Importer(815301076,1909f56bfc062723c751e8b465ee728b)  -> (artifact id: '26f314d8c8fe65f0a3a63450e3e57274') in 0.004206 seconds 
Number of asset objects unloaded after import = 13
========================================================================
Received Import Request.
  Time since last request: 2.338629 seconds.
  path: Assets/JMO Assets/Cartoon FX (legacy)/CFX4 Prefabs/Misc/CFX4 Smoke Trail B (Black).prefab
  artifactKey: Guid(e59c5511bb7547a459ab624f6ad1e548) Importer(815301076,1909f56bfc062723c751e8b465ee728b)
Number of updated assets reloaded before import = 0
Start importing Assets/JMO Assets/Cartoon FX (legacy)/CFX4 Prefabs/Misc/CFX4 Smoke Trail B (Black).prefab using Guid(e59c5511bb7547a459ab624f6ad1e548) Importer(815301076,1909f56bfc062723c751e8b465ee728b)  -> (artifact id: '1b5f2fd570ac6199c85eb4da27c6a7a8') in 0.008518 seconds 
Number of asset objects unloaded after import = 13
========================================================================
Received Import Request.
  Time since last request: 7.631723 seconds.
  path: Assets/JMO Assets/Cartoon FX (legacy)/CFX Prefabs/Smoke/CFX_SmokePuffs+Text.prefab
  artifactKey: Guid(db5c3efbba2f1b7419632d7966b542f3) Importer(815301076,1909f56bfc062723c751e8b465ee728b)
Number of updated assets reloaded before import = 0
Start importing Assets/JMO Assets/Cartoon FX (legacy)/CFX Prefabs/Smoke/CFX_SmokePuffs+Text.prefab using Guid(db5c3efbba2f1b7419632d7966b542f3) Importer(815301076,1909f56bfc062723c751e8b465ee728b)  -> (artifact id: '766af8561adbeaab6844e77d1ec49388') in 0.013444 seconds 
Number of asset objects unloaded after import = 26
========================================================================
Received Import Request.
  Time since last request: 0.000040 seconds.
  path: Assets/JMO Assets/Cartoon FX (legacy)/CFX Prefabs/Smoke/CFX_SmokePuffsAlt.prefab
  artifactKey: Guid(9670926e073251b4d9e7cc13c294ea9e) Importer(815301076,1909f56bfc062723c751e8b465ee728b)
Number of updated assets reloaded before import = 0
Start importing Assets/JMO Assets/Cartoon FX (legacy)/CFX Prefabs/Smoke/CFX_SmokePuffsAlt.prefab using Guid(9670926e073251b4d9e7cc13c294ea9e) Importer(815301076,1909f56bfc062723c751e8b465ee728b)  -> (artifact id: 'a2f3e1ae1fae2642b521589a37f8101f') in 0.005199 seconds 
Number of asset objects unloaded after import = 16
========================================================================
Received Import Request.
  Time since last request: 1.140149 seconds.
  path: Assets/JMO Assets/Cartoon FX (legacy)/CFX4 Prefabs/Misc/CFX4 SmokePuff Ground B.prefab
  artifactKey: Guid(d1ffd334735bb3741a3e97c39c810029) Importer(815301076,1909f56bfc062723c751e8b465ee728b)
Number of updated assets reloaded before import = 0
Start importing Assets/JMO Assets/Cartoon FX (legacy)/CFX4 Prefabs/Misc/CFX4 SmokePuff Ground B.prefab using Guid(d1ffd334735bb3741a3e97c39c810029) Importer(815301076,1909f56bfc062723c751e8b465ee728b)  -> (artifact id: 'c7aa4a94d2228053d9301c5dc17a6d6d') in 0.008534 seconds 
Number of asset objects unloaded after import = 10
========================================================================
Received Import Request.
  Time since last request: 9.968386 seconds.
  path: Assets/JMO Assets/Cartoon FX (legacy)/CFX Prefabs/Smoke/CFX_Sole_Smoke.prefab
  artifactKey: Guid(a381ded06c204a54e909a18e574f7436) Importer(815301076,1909f56bfc062723c751e8b465ee728b)
Number of updated assets reloaded before import = 0
Start importing Assets/JMO Assets/Cartoon FX (legacy)/CFX Prefabs/Smoke/CFX_Sole_Smoke.prefab using Guid(a381ded06c204a54e909a18e574f7436) Importer(815301076,1909f56bfc062723c751e8b465ee728b)  -> (artifact id: '5d865a010d435fce822f95c44845c4b6') in 0.012206 seconds 
Number of asset objects unloaded after import = 10
========================================================================
Received Import Request.
  Time since last request: 8.673374 seconds.
  path: Assets/JMO Assets/Cartoon FX (legacy)/Materials (Mobile)/Misc/CFXM2_SingleSmoke AB.mat
  artifactKey: Guid(cf2c2ce1d80c3b0478268d19103dea11) Importer(815301076,1909f56bfc062723c751e8b465ee728b)
Number of updated assets reloaded before import = 0
Start importing Assets/JMO Assets/Cartoon FX (legacy)/Materials (Mobile)/Misc/CFXM2_SingleSmoke AB.mat using Guid(cf2c2ce1d80c3b0478268d19103dea11) Importer(815301076,1909f56bfc062723c751e8b465ee728b)  -> (artifact id: '984fb21f853c06dc77738a5ecdf16ba5') in 0.012718 seconds 
Number of asset objects unloaded after import = 3
========================================================================
Received Import Request.
  Time since last request: 17.504192 seconds.
  path: Assets/JMO Assets/Cartoon FX (legacy)/Materials (Mobile)/Misc/CFXM2_WWSmoke AB.mat
  artifactKey: Guid(d591111ab079ae34d945d8a754191dc8) Importer(815301076,1909f56bfc062723c751e8b465ee728b)
Number of updated assets reloaded before import = 0
Start importing Assets/JMO Assets/Cartoon FX (legacy)/Materials (Mobile)/Misc/CFXM2_WWSmoke AB.mat using Guid(d591111ab079ae34d945d8a754191dc8) Importer(815301076,1909f56bfc062723c751e8b465ee728b)  -> (artifact id: 'ff863c136fdf960bef352601d9f899eb') in 0.018395 seconds 
Number of asset objects unloaded after import = 3
========================================================================
Received Import Request.
  Time since last request: 0.000044 seconds.
  path: Assets/JMO Assets/Cartoon FX (legacy)/Materials (Mobile)/Water/CFXM3_IceSmoke ADD.mat
  artifactKey: Guid(0bae96837733cfe40ad617e2bc581c34) Importer(815301076,1909f56bfc062723c751e8b465ee728b)
Number of updated assets reloaded before import = 0
Start importing Assets/JMO Assets/Cartoon FX (legacy)/Materials (Mobile)/Water/CFXM3_IceSmoke ADD.mat using Guid(0bae96837733cfe40ad617e2bc581c34) Importer(815301076,1909f56bfc062723c751e8b465ee728b)  -> (artifact id: '9bd9c29a32b70cfae39a05e45d9da380') in 0.006353 seconds 
Number of asset objects unloaded after import = 3
========================================================================
Received Import Request.
  Time since last request: 0.000033 seconds.
  path: Assets/JMO Assets/Cartoon FX (legacy)/Materials (Mobile)/Misc/CFXM2_WWSmoke2 AB.mat
  artifactKey: Guid(27dab3857097382488af70b9b1854870) Importer(815301076,1909f56bfc062723c751e8b465ee728b)
Number of updated assets reloaded before import = 0
Start importing Assets/JMO Assets/Cartoon FX (legacy)/Materials (Mobile)/Misc/CFXM2_WWSmoke2 AB.mat using Guid(27dab3857097382488af70b9b1854870) Importer(815301076,1909f56bfc062723c751e8b465ee728b)  -> (artifact id: 'e8689cc8474ebe1f4dc4b4acf9ce74ce') in 0.010637 seconds 
Number of asset objects unloaded after import = 3
========================================================================
Received Import Request.
  Time since last request: 0.000042 seconds.
  path: Assets/JMO Assets/Cartoon FX (legacy)/CFX3 Prefabs (Mobile)/Misc/CFXM3_Hit_SmokePuff.prefab
  artifactKey: Guid(3b9bac949dbca6048ac36631722dce4b) Importer(815301076,1909f56bfc062723c751e8b465ee728b)
Number of updated assets reloaded before import = 0
Start importing Assets/JMO Assets/Cartoon FX (legacy)/CFX3 Prefabs (Mobile)/Misc/CFXM3_Hit_SmokePuff.prefab using Guid(3b9bac949dbca6048ac36631722dce4b) Importer(815301076,1909f56bfc062723c751e8b465ee728b)  -> (artifact id: 'cc8f726c00a27c5cd6aa48e0e0471860') in 0.006054 seconds 
Number of asset objects unloaded after import = 10
========================================================================
Received Import Request.
  Time since last request: 4.723488 seconds.
  path: Assets/JMO Assets/Cartoon FX (legacy)/Materials (Mobile)/Misc/CFXM_Smoke_4frms.mat
  artifactKey: Guid(0d7928d671ec5d4468a8171667aebf22) Importer(815301076,1909f56bfc062723c751e8b465ee728b)
Number of updated assets reloaded before import = 0
Start importing Assets/JMO Assets/Cartoon FX (legacy)/Materials (Mobile)/Misc/CFXM_Smoke_4frms.mat using Guid(0d7928d671ec5d4468a8171667aebf22) Importer(815301076,1909f56bfc062723c751e8b465ee728b)  -> (artifact id: '409ef63835fec9c3b8c52f7139e967b1') in 0.009720 seconds 
Number of asset objects unloaded after import = 3
========================================================================
Received Import Request.
  Time since last request: 2.924030 seconds.
  path: Assets/JMO Assets/Cartoon FX (legacy)/Materials (Mobile)/Water/CFXM3_IceSmoke Intense ADD.mat
  artifactKey: Guid(dbc0726520a1c2a4ea1190e959325a4b) Importer(815301076,1909f56bfc062723c751e8b465ee728b)
Number of updated assets reloaded before import = 0
Start importing Assets/JMO Assets/Cartoon FX (legacy)/Materials (Mobile)/Water/CFXM3_IceSmoke Intense ADD.mat using Guid(dbc0726520a1c2a4ea1190e959325a4b) Importer(815301076,1909f56bfc062723c751e8b465ee728b)  -> (artifact id: '75a538488e11b4fc1030c703690c5a83') in 0.015396 seconds 
Number of asset objects unloaded after import = 3
========================================================================
Received Import Request.
  Time since last request: 0.000038 seconds.
  path: Assets/JMO Assets/Cartoon FX (legacy)/CFX3 Prefabs (Mobile)/Environment/CFXM3_SmokeColumn_Green.prefab
  artifactKey: Guid(8cf54124f612a3c44b46c1c5ec3704b6) Importer(815301076,1909f56bfc062723c751e8b465ee728b)
Number of updated assets reloaded before import = 0
Start importing Assets/JMO Assets/Cartoon FX (legacy)/CFX3 Prefabs (Mobile)/Environment/CFXM3_SmokeColumn_Green.prefab using Guid(8cf54124f612a3c44b46c1c5ec3704b6) Importer(815301076,1909f56bfc062723c751e8b465ee728b)  -> (artifact id: 'cb03e2c4488caee9c66e899e8dd71cdc') in 0.004887 seconds 
Number of asset objects unloaded after import = 9
========================================================================
Received Import Request.
  Time since last request: 0.372974 seconds.
  path: Assets/JMO Assets/Cartoon FX (legacy)/CFX3 Prefabs (Mobile)/Environment/Variants/CFXM3_SmokeColumn_Green (Prewarm).prefab
  artifactKey: Guid(501f0422f91188244871b78e295bd4cb) Importer(815301076,1909f56bfc062723c751e8b465ee728b)
Number of updated assets reloaded before import = 0
Start importing Assets/JMO Assets/Cartoon FX (legacy)/CFX3 Prefabs (Mobile)/Environment/Variants/CFXM3_SmokeColumn_Green (Prewarm).prefab using Guid(501f0422f91188244871b78e295bd4cb) Importer(815301076,1909f56bfc062723c751e8b465ee728b)  -> (artifact id: 'd19f8b749d6cd8848c8af97f0cc2c2c1') in 0.005967 seconds 
Number of asset objects unloaded after import = 9
========================================================================
Received Import Request.
  Time since last request: 0.000040 seconds.
  path: Assets/JMO Assets/Cartoon FX (legacy)/CFX3 Prefabs (Mobile)/Environment/Variants/CFXM3_SmokeColumn_White (Prewarm).prefab
  artifactKey: Guid(53573894a245653439c0478de841f2bd) Importer(815301076,1909f56bfc062723c751e8b465ee728b)
Number of updated assets reloaded before import = 0
Start importing Assets/JMO Assets/Cartoon FX (legacy)/CFX3 Prefabs (Mobile)/Environment/Variants/CFXM3_SmokeColumn_White (Prewarm).prefab using Guid(53573894a245653439c0478de841f2bd) Importer(815301076,1909f56bfc062723c751e8b465ee728b)  -> (artifact id: '77c76e1e806d9129305de0c1e644556b') in 0.005626 seconds 
Number of asset objects unloaded after import = 9
========================================================================
Received Import Request.
  Time since last request: 0.675593 seconds.
  path: Assets/JMO Assets/Cartoon FX (legacy)/CFX3 Prefabs (Mobile)/Environment/Variants/CFXM3_SmokeColumn_Wind_Black (Prewarm).prefab
  artifactKey: Guid(b548bf4d05a044d4cae7e63ce3b3f29d) Importer(815301076,1909f56bfc062723c751e8b465ee728b)
Number of updated assets reloaded before import = 0
Start importing Assets/JMO Assets/Cartoon FX (legacy)/CFX3 Prefabs (Mobile)/Environment/Variants/CFXM3_SmokeColumn_Wind_Black (Prewarm).prefab using Guid(b548bf4d05a044d4cae7e63ce3b3f29d) Importer(815301076,1909f56bfc062723c751e8b465ee728b)  -> (artifact id: 'ce919a54873a6b663db47e0910859eab') in 0.006528 seconds 
Number of asset objects unloaded after import = 9
========================================================================
Received Import Request.
  Time since last request: 0.000039 seconds.
  path: Assets/JMO Assets/Cartoon FX (legacy)/CFX3 Prefabs (Mobile)/Environment/CFXM3_SmokeColumn_Wind_Red.prefab
  artifactKey: Guid(6bf40f2481ac1f14ba33aa8d4975a5c8) Importer(815301076,1909f56bfc062723c751e8b465ee728b)
Number of updated assets reloaded before import = 0
Start importing Assets/JMO Assets/Cartoon FX (legacy)/CFX3 Prefabs (Mobile)/Environment/CFXM3_SmokeColumn_Wind_Red.prefab using Guid(6bf40f2481ac1f14ba33aa8d4975a5c8) Importer(815301076,1909f56bfc062723c751e8b465ee728b)  -> (artifact id: '0e11d89995bdc700e0f56b568f79dc7c') in 0.005830 seconds 
Number of asset objects unloaded after import = 9
========================================================================
Received Import Request.
  Time since last request: 1.470729 seconds.
  path: Assets/JMO Assets/Cartoon FX (legacy)/Materials (Mobile)/Misc/CFXM3_SmokePuff ADDSOFT.mat
  artifactKey: Guid(dace1be5c39ca544f9b612fc59554b11) Importer(815301076,1909f56bfc062723c751e8b465ee728b)
Number of updated assets reloaded before import = 0
Start importing Assets/JMO Assets/Cartoon FX (legacy)/Materials (Mobile)/Misc/CFXM3_SmokePuff ADDSOFT.mat using Guid(dace1be5c39ca544f9b612fc59554b11) Importer(815301076,1909f56bfc062723c751e8b465ee728b)  -> (artifact id: 'e3c6d7172076f0c83747b559a2f64c5c') in 0.009250 seconds 
Number of asset objects unloaded after import = 3
========================================================================
Received Import Request.
  Time since last request: 4.907700 seconds.
  path: Assets/JMO Assets/Cartoon FX (legacy)/CFX3 Prefabs (Mobile)/Environment/Variants/CFXM3_SmokeColumn_Wind_Red (Prewarm).prefab
  artifactKey: Guid(ce6b8945cfcc1e74c8626878834eb94b) Importer(815301076,1909f56bfc062723c751e8b465ee728b)
Number of updated assets reloaded before import = 0
Start importing Assets/JMO Assets/Cartoon FX (legacy)/CFX3 Prefabs (Mobile)/Environment/Variants/CFXM3_SmokeColumn_Wind_Red (Prewarm).prefab using Guid(ce6b8945cfcc1e74c8626878834eb94b) Importer(815301076,1909f56bfc062723c751e8b465ee728b)  -> (artifact id: '74c4edba2b818058497bdcff51eb0b01') in 0.011485 seconds 
Number of asset objects unloaded after import = 9
========================================================================
Received Import Request.
  Time since last request: 0.254331 seconds.
  path: Assets/JMO Assets/Cartoon FX (legacy)/CFX4 Prefabs (Mobile)/Explosions/Variants/CFXM4 Explosion Quick (No Smoke).prefab
  artifactKey: Guid(353dadf73d2aee941839730d21935846) Importer(815301076,1909f56bfc062723c751e8b465ee728b)
Number of updated assets reloaded before import = 0
Start importing Assets/JMO Assets/Cartoon FX (legacy)/CFX4 Prefabs (Mobile)/Explosions/Variants/CFXM4 Explosion Quick (No Smoke).prefab using Guid(353dadf73d2aee941839730d21935846) Importer(815301076,1909f56bfc062723c751e8b465ee728b)  -> (artifact id: 'a75ef6a12eab372bf396698fc8eb4901') in 0.010821 seconds 
Number of asset objects unloaded after import = 27
========================================================================
Received Import Request.
  Time since last request: 1.908960 seconds.
  path: Assets/JMO Assets/Cartoon FX (legacy)/CFX4 Prefabs (Mobile)/Misc/CFXM4 Smoke Trail A.prefab
  artifactKey: Guid(5b7cec646fc730e41957589a6cdda65e) Importer(815301076,1909f56bfc062723c751e8b465ee728b)
Number of updated assets reloaded before import = 0
Start importing Assets/JMO Assets/Cartoon FX (legacy)/CFX4 Prefabs (Mobile)/Misc/CFXM4 Smoke Trail A.prefab using Guid(5b7cec646fc730e41957589a6cdda65e) Importer(815301076,1909f56bfc062723c751e8b465ee728b)  -> (artifact id: '20d4857fe612bd74048feae5056db93b') in 0.012544 seconds 
Number of asset objects unloaded after import = 13
========================================================================
Received Import Request.
  Time since last request: 0.000034 seconds.
  path: Assets/JMO Assets/Cartoon FX (legacy)/CFX4 Prefabs (Mobile)/Misc/CFXM4 Smoke Trail A (Curved, Black).prefab
  artifactKey: Guid(e04d8d752362a77468a81d3d9c5b1d01) Importer(815301076,1909f56bfc062723c751e8b465ee728b)
Number of updated assets reloaded before import = 0
Start importing Assets/JMO Assets/Cartoon FX (legacy)/CFX4 Prefabs (Mobile)/Misc/CFXM4 Smoke Trail A (Curved, Black).prefab using Guid(e04d8d752362a77468a81d3d9c5b1d01) Importer(815301076,1909f56bfc062723c751e8b465ee728b)  -> (artifact id: '81a503f3133a5db7f3f6530e6002f378') in 0.005873 seconds 
Number of asset objects unloaded after import = 13
========================================================================
Received Import Request.
  Time since last request: 2.327199 seconds.
  path: Assets/JMO Assets/Cartoon FX (legacy)/CFX4 Prefabs (Mobile)/Misc/CFXM4 SmokePuff.prefab
  artifactKey: Guid(40f59a5c9ded7444fbb6769e02d1b1b9) Importer(815301076,1909f56bfc062723c751e8b465ee728b)
Number of updated assets reloaded before import = 0
Start importing Assets/JMO Assets/Cartoon FX (legacy)/CFX4 Prefabs (Mobile)/Misc/CFXM4 SmokePuff.prefab using Guid(40f59a5c9ded7444fbb6769e02d1b1b9) Importer(815301076,1909f56bfc062723c751e8b465ee728b)  -> (artifact id: 'd224afb8f94c8459ba46851c93fa2950') in 0.011854 seconds 
Number of asset objects unloaded after import = 10
========================================================================
Received Import Request.
  Time since last request: 0.000032 seconds.
  path: Assets/JMO Assets/Cartoon FX (legacy)/Materials (Mobile)/Animated/CFXM_Anim_SmokePuff_Add.mat
  artifactKey: Guid(2061cfe3ba52a4a4e8e87c35a8fde37c) Importer(815301076,1909f56bfc062723c751e8b465ee728b)
Number of updated assets reloaded before import = 0
Start importing Assets/JMO Assets/Cartoon FX (legacy)/Materials (Mobile)/Animated/CFXM_Anim_SmokePuff_Add.mat using Guid(2061cfe3ba52a4a4e8e87c35a8fde37c) Importer(815301076,1909f56bfc062723c751e8b465ee728b)  -> (artifact id: 'c0c8c2a368b7e29bf2965f74f6608e76') in 0.005374 seconds 
Number of asset objects unloaded after import = 3
========================================================================
Received Import Request.
  Time since last request: 1.869270 seconds.
  path: Assets/JMO Assets/Cartoon FX (legacy)/Materials (Mobile)/Light/CFXM3_GlowSpike ADD.mat
  artifactKey: Guid(0a32c42115c5e4d418c034afced866a7) Importer(815301076,1909f56bfc062723c751e8b465ee728b)
Number of updated assets reloaded before import = 0
Start importing Assets/JMO Assets/Cartoon FX (legacy)/Materials (Mobile)/Light/CFXM3_GlowSpike ADD.mat using Guid(0a32c42115c5e4d418c034afced866a7) Importer(815301076,1909f56bfc062723c751e8b465ee728b)  -> (artifact id: '059cab775a9d5c881637da6109c6bc3c') in 0.008582 seconds 
Number of asset objects unloaded after import = 3
========================================================================
Received Import Request.
  Time since last request: 2.102418 seconds.
  path: Assets/JMO Assets/Cartoon FX (legacy)/Materials (Mobile)/Animated/CFXM_Anim_SoleSmoke_Add.mat
  artifactKey: Guid(605ba7b5a906f2b469716473f481ea90) Importer(815301076,1909f56bfc062723c751e8b465ee728b)
Number of updated assets reloaded before import = 0
Start importing Assets/JMO Assets/Cartoon FX (legacy)/Materials (Mobile)/Animated/CFXM_Anim_SoleSmoke_Add.mat using Guid(605ba7b5a906f2b469716473f481ea90) Importer(815301076,1909f56bfc062723c751e8b465ee728b)  -> (artifact id: '2454d4387d03fbab00a49f76801369a5') in 0.011959 seconds 
Number of asset objects unloaded after import = 3
========================================================================
Received Import Request.
  Time since last request: 0.000036 seconds.
  path: Assets/JMO Assets/Cartoon FX (legacy)/CFX Prefabs (Mobile)/Explosions/CFXM_Explosion_B_Smoke+Text.prefab
  artifactKey: Guid(ff603a5c6ea52f943b91ebf74f513828) Importer(815301076,1909f56bfc062723c751e8b465ee728b)
Number of updated assets reloaded before import = 0
Start importing Assets/JMO Assets/Cartoon FX (legacy)/CFX Prefabs (Mobile)/Explosions/CFXM_Explosion_B_Smoke+Text.prefab using Guid(ff603a5c6ea52f943b91ebf74f513828) Importer(815301076,1909f56bfc062723c751e8b465ee728b)  -> (artifact id: '64363f1a4de13c40f9d353e47924c4d9') in 0.008231 seconds 
Number of asset objects unloaded after import = 38
========================================================================
Received Import Request.
  Time since last request: 0.882214 seconds.
  path: Assets/JMO Assets/Cartoon FX (legacy)/CFX4 Prefabs (Mobile)/Misc/CFXM4 Smoke Trail A (Black).prefab
  artifactKey: Guid(10c5d920b26f05f4e876f4a55b38691b) Importer(815301076,1909f56bfc062723c751e8b465ee728b)
Number of updated assets reloaded before import = 0
Start importing Assets/JMO Assets/Cartoon FX (legacy)/CFX4 Prefabs (Mobile)/Misc/CFXM4 Smoke Trail A (Black).prefab using Guid(10c5d920b26f05f4e876f4a55b38691b) Importer(815301076,1909f56bfc062723c751e8b465ee728b)  -> (artifact id: 'b4917dccbe023777793b51b378469e58') in 0.004194 seconds 
Number of asset objects unloaded after import = 13
========================================================================
Received Import Request.
  Time since last request: 1.167827 seconds.
  path: Assets/JMO Assets/Cartoon FX (legacy)/CFX4 Prefabs (Mobile)/Misc/CFXM4 SmokePuff.prefab
  artifactKey: Guid(40f59a5c9ded7444fbb6769e02d1b1b9) Importer(815301076,1909f56bfc062723c751e8b465ee728b)
Number of updated assets reloaded before import = 0
Start importing Assets/JMO Assets/Cartoon FX (legacy)/CFX4 Prefabs (Mobile)/Misc/CFXM4 SmokePuff.prefab using Guid(40f59a5c9ded7444fbb6769e02d1b1b9) Importer(815301076,1909f56bfc062723c751e8b465ee728b)  -> (artifact id: '8fd4e04f516388973a2966d596926152') in 0.004306 seconds 
Number of asset objects unloaded after import = 10
========================================================================
Received Import Request.
  Time since last request: 0.382527 seconds.
  path: Assets/JMO Assets/Cartoon FX (legacy)/Materials (Mobile)/Misc/CFXM_Smoke_4frms AB.mat
  artifactKey: Guid(a21c986f7eba7824a81614089f40aafc) Importer(815301076,1909f56bfc062723c751e8b465ee728b)
Number of updated assets reloaded before import = 0
Start importing Assets/JMO Assets/Cartoon FX (legacy)/Materials (Mobile)/Misc/CFXM_Smoke_4frms AB.mat using Guid(a21c986f7eba7824a81614089f40aafc) Importer(815301076,1909f56bfc062723c751e8b465ee728b)  -> (artifact id: 'c337ecd4684d7b14fcd4d634688ba25f') in 0.005419 seconds 
Number of asset objects unloaded after import = 3
========================================================================
Received Import Request.
  Time since last request: 0.000032 seconds.
  path: Assets/JMO Assets/Cartoon FX (legacy)/CFX Prefabs (Mobile)/Explosions/CFXM_SmokeExplosionAlt.prefab
  artifactKey: Guid(714fe68d1bdbba84f9ee530135492817) Importer(815301076,1909f56bfc062723c751e8b465ee728b)
Number of updated assets reloaded before import = 0
Start importing Assets/JMO Assets/Cartoon FX (legacy)/CFX Prefabs (Mobile)/Explosions/CFXM_SmokeExplosionAlt.prefab using Guid(714fe68d1bdbba84f9ee530135492817) Importer(815301076,1909f56bfc062723c751e8b465ee728b)  -> (artifact id: '4b8142ea4b41032e1aeec7b92c77e459') in 0.005133 seconds 
Number of asset objects unloaded after import = 32
========================================================================
Received Import Request.
  Time since last request: 1.529771 seconds.
  path: Assets/JMO Assets/Cartoon FX (legacy)/CFX4 Prefabs (Mobile)/Misc/CFXM4 SmokePuff Ground A.prefab
  artifactKey: Guid(eb5c60523d0efcb43b82bfbd0ad58bf8) Importer(815301076,1909f56bfc062723c751e8b465ee728b)
Number of updated assets reloaded before import = 0
Start importing Assets/JMO Assets/Cartoon FX (legacy)/CFX4 Prefabs (Mobile)/Misc/CFXM4 SmokePuff Ground A.prefab using Guid(eb5c60523d0efcb43b82bfbd0ad58bf8) Importer(815301076,1909f56bfc062723c751e8b465ee728b)  -> (artifact id: '0031892c4b4ff4c8d62588f457afc283') in 0.008922 seconds 
Number of asset objects unloaded after import = 10
========================================================================
Received Import Request.
  Time since last request: 0.596841 seconds.
  path: Assets/JMO Assets/Cartoon FX (legacy)/CFX4 Prefabs (Mobile)/Misc/CFXM4 SmokePuff Ground B.prefab
  artifactKey: Guid(57f53ea4a9ac9cf47825264a57f4de1b) Importer(815301076,1909f56bfc062723c751e8b465ee728b)
Number of updated assets reloaded before import = 0
Start importing Assets/JMO Assets/Cartoon FX (legacy)/CFX4 Prefabs (Mobile)/Misc/CFXM4 SmokePuff Ground B.prefab using Guid(57f53ea4a9ac9cf47825264a57f4de1b) Importer(815301076,1909f56bfc062723c751e8b465ee728b)  -> (artifact id: '27199d748eb9c6d0918e8093ac895570') in 0.004163 seconds 
Number of asset objects unloaded after import = 10
========================================================================
Received Import Request.
  Time since last request: 1.215190 seconds.
  path: Assets/JMO Assets/Cartoon FX (legacy)/CFX Prefabs (Mobile)/Smoke/CFXM_SmokePuffs+Text.prefab
  artifactKey: Guid(03178cb46b6fa1248ada5c2e098781d1) Importer(815301076,1909f56bfc062723c751e8b465ee728b)
Number of updated assets reloaded before import = 0
Start importing Assets/JMO Assets/Cartoon FX (legacy)/CFX Prefabs (Mobile)/Smoke/CFXM_SmokePuffs+Text.prefab using Guid(03178cb46b6fa1248ada5c2e098781d1) Importer(815301076,1909f56bfc062723c751e8b465ee728b)  -> (artifact id: 'cf58e49dcc180e96cb26b84aaa61fc7c') in 0.011576 seconds 
Number of asset objects unloaded after import = 26
========================================================================
Received Import Request.
  Time since last request: 0.000032 seconds.
  path: Assets/JMO Assets/Cartoon FX (legacy)/CFX Prefabs (Mobile)/Smoke/CFXM_Sole_Smoke.prefab
  artifactKey: Guid(8dfb05b57dbd9a648802f583881da9dc) Importer(815301076,1909f56bfc062723c751e8b465ee728b)
Number of updated assets reloaded before import = 0
Start importing Assets/JMO Assets/Cartoon FX (legacy)/CFX Prefabs (Mobile)/Smoke/CFXM_Sole_Smoke.prefab using Guid(8dfb05b57dbd9a648802f583881da9dc) Importer(815301076,1909f56bfc062723c751e8b465ee728b)  -> (artifact id: '18cc7472479b22cc84d5099bfbfe15e8') in 0.005271 seconds 
Number of asset objects unloaded after import = 10
========================================================================
Received Import Request.
  Time since last request: 0.122055 seconds.
  path: Assets/JMO Assets/Cartoon FX Remaster/CFXR Prefabs/Explosions/Variants/CFXR Explosion 1 (no smoke).prefab
  artifactKey: Guid(4f40fc272bff80040a56fe75f182c101) Importer(815301076,1909f56bfc062723c751e8b465ee728b)
Number of updated assets reloaded before import = 0
Start importing Assets/JMO Assets/Cartoon FX Remaster/CFXR Prefabs/Explosions/Variants/CFXR Explosion 1 (no smoke).prefab using Guid(4f40fc272bff80040a56fe75f182c101) Importer(815301076,1909f56bfc062723c751e8b465ee728b)  -> (artifact id: '087f1015f036489a9dbdd7a25d30ec1b') in 0.063775 seconds 
Number of asset objects unloaded after import = 72
========================================================================
Received Import Request.
  Time since last request: 1.098027 seconds.
  path: Assets/JMO Assets/Cartoon FX Remaster/CFXR Prefabs/Explosions/CFXR Explosion Smoke 1.prefab
  artifactKey: Guid(e9ebc9689ce4dd24c86e0e3309cb75c8) Importer(815301076,1909f56bfc062723c751e8b465ee728b)
Number of updated assets reloaded before import = 0
Start importing Assets/JMO Assets/Cartoon FX Remaster/CFXR Prefabs/Explosions/CFXR Explosion Smoke 1.prefab using Guid(e9ebc9689ce4dd24c86e0e3309cb75c8) Importer(815301076,1909f56bfc062723c751e8b465ee728b)  -> (artifact id: 'f3265f8ec01c71489d53937926b7998b') in 0.019522 seconds 
Number of asset objects unloaded after import = 24
========================================================================
Received Import Request.
  Time since last request: 0.000037 seconds.
  path: Assets/JMO Assets/Cartoon FX Remaster/CFXR Prefabs/Explosions/CFXR Explosion Smoke 2 Solo (HDR).prefab
  artifactKey: Guid(4bda94453d2ca7444a0fff05b2d425f5) Importer(815301076,1909f56bfc062723c751e8b465ee728b)
Number of updated assets reloaded before import = 0
Start importing Assets/JMO Assets/Cartoon FX Remaster/CFXR Prefabs/Explosions/CFXR Explosion Smoke 2 Solo (HDR).prefab using Guid(4bda94453d2ca7444a0fff05b2d425f5) Importer(815301076,1909f56bfc062723c751e8b465ee728b)  -> (artifact id: '14deb57062675850f0aed136c52600e6') in 0.074414 seconds 
Number of asset objects unloaded after import = 33
========================================================================
Received Import Request.
  Time since last request: 1.464766 seconds.
  path: Assets/JMO Assets/Cartoon FX Remaster/CFXR Prefabs/Fire/Variants/CFXR Fire Trail (no smoke).prefab
  artifactKey: Guid(819a6128dcef2bd47a9c595b4171d3db) Importer(815301076,1909f56bfc062723c751e8b465ee728b)
Number of updated assets reloaded before import = 0
Start importing Assets/JMO Assets/Cartoon FX Remaster/CFXR Prefabs/Fire/Variants/CFXR Fire Trail (no smoke).prefab using Guid(819a6128dcef2bd47a9c595b4171d3db) Importer(815301076,1909f56bfc062723c751e8b465ee728b)  -> (artifact id: '706383078267d8cabecc93be0c84f3f9') in 0.105652 seconds 
Number of asset objects unloaded after import = 39
========================================================================
Received Import Request.
  Time since last request: 0.090280 seconds.
  path: Assets/JMO Assets/Cartoon FX Remaster/CFXR Assets/Graphics/cfxr smoke cloud x4 ab.mat
  artifactKey: Guid(7840d900dc0a4ed4dbcd26e23f064dd8) Importer(815301076,1909f56bfc062723c751e8b465ee728b)
Number of updated assets reloaded before import = 0
Start importing Assets/JMO Assets/Cartoon FX Remaster/CFXR Assets/Graphics/cfxr smoke cloud x4 ab.mat using Guid(7840d900dc0a4ed4dbcd26e23f064dd8) Importer(815301076,1909f56bfc062723c751e8b465ee728b)  -> (artifact id: '16502ba48e04ad83ab73d6d348f7b73f') in 0.009918 seconds 
Number of asset objects unloaded after import = 4
========================================================================
Received Import Request.
  Time since last request: 0.676105 seconds.
  path: Assets/JMO Assets/Cartoon FX Remaster/CFXR Assets/Graphics/cfxr smoke cloud x4 second color ab.mat
  artifactKey: Guid(ec1892961c3d27347b1ed3a3cb5f854e) Importer(815301076,1909f56bfc062723c751e8b465ee728b)
Number of updated assets reloaded before import = 0
Start importing Assets/JMO Assets/Cartoon FX Remaster/CFXR Assets/Graphics/cfxr smoke cloud x4 second color ab.mat using Guid(ec1892961c3d27347b1ed3a3cb5f854e) Importer(815301076,1909f56bfc062723c751e8b465ee728b)  -> (artifact id: 'c47a82a9fc69be6263f6f7e7a6517967') in 0.010151 seconds 
Number of asset objects unloaded after import = 5
========================================================================
Received Import Request.
  Time since last request: 0.605851 seconds.
  path: Assets/JMO Assets/Cartoon FX Remaster/CFXR Assets/Graphics/cfxr smoke cloud x4 ab lit soft individual.mat
  artifactKey: Guid(75bda02c67d09b04399d1912243a32b2) Importer(815301076,1909f56bfc062723c751e8b465ee728b)
Number of updated assets reloaded before import = 0
Start importing Assets/JMO Assets/Cartoon FX Remaster/CFXR Assets/Graphics/cfxr smoke cloud x4 ab lit soft individual.mat using Guid(75bda02c67d09b04399d1912243a32b2) Importer(815301076,1909f56bfc062723c751e8b465ee728b)  -> (artifact id: '251c1c01d281067e11c0ec9d97be5717') in 0.099002 seconds 
Number of asset objects unloaded after import = 4
========================================================================
Received Import Request.
  Time since last request: 0.000035 seconds.
  path: Assets/JMO Assets/Cartoon FX Remaster/CFXR Assets/Graphics/cfxr smoke cloud x4 crisp dissolve ab.mat
  artifactKey: Guid(211e690ffcd5bf1469e778995a8b144b) Importer(815301076,1909f56bfc062723c751e8b465ee728b)
Number of updated assets reloaded before import = 0
Start importing Assets/JMO Assets/Cartoon FX Remaster/CFXR Assets/Graphics/cfxr smoke cloud x4 crisp dissolve ab.mat using Guid(211e690ffcd5bf1469e778995a8b144b) Importer(815301076,1909f56bfc062723c751e8b465ee728b)  -> (artifact id: '319f9052a6a6e928bd94c3fdb524b3fe') in 0.004815 seconds 
Number of asset objects unloaded after import = 4
========================================================================
Received Import Request.
  Time since last request: 0.092158 seconds.
  path: Assets/JMO Assets/Cartoon FX Remaster/CFXR Assets/Graphics/cfxr smoke cloud x4 second color underlit ab.mat
  artifactKey: Guid(5005ee354c9f83748aaf746cea1880d9) Importer(815301076,1909f56bfc062723c751e8b465ee728b)
Number of updated assets reloaded before import = 0
Start importing Assets/JMO Assets/Cartoon FX Remaster/CFXR Assets/Graphics/cfxr smoke cloud x4 second color underlit ab.mat using Guid(5005ee354c9f83748aaf746cea1880d9) Importer(815301076,1909f56bfc062723c751e8b465ee728b)  -> (artifact id: 'f0f051398e14a3ea81ff811199b5f33f') in 0.006529 seconds 
Number of asset objects unloaded after import = 5
========================================================================
Received Import Request.
  Time since last request: 0.963084 seconds.
  path: Assets/JMO Assets/Cartoon FX Remaster/CFXR Prefabs/Misc/CFXR Smoke Poof.prefab
  artifactKey: Guid(b2f0b8902a31c8a46a1c4bb24ed9ea36) Importer(815301076,1909f56bfc062723c751e8b465ee728b)
Number of updated assets reloaded before import = 0
Start importing Assets/JMO Assets/Cartoon FX Remaster/CFXR Prefabs/Misc/CFXR Smoke Poof.prefab using Guid(b2f0b8902a31c8a46a1c4bb24ed9ea36) Importer(815301076,1909f56bfc062723c751e8b465ee728b)  -> (artifact id: '6ce473a51b8c45cd36cc2ffc4c52a201') in 0.008852 seconds 
Number of asset objects unloaded after import = 17
========================================================================
Received Import Request.
  Time since last request: 0.000036 seconds.
  path: Assets/JMO Assets/Cartoon FX Remaster/CFXR Prefabs/Misc/CFXR Smoke Poof Alt.prefab
  artifactKey: Guid(f0ad7a5f1c59e164aa62b3689281c0f8) Importer(815301076,1909f56bfc062723c751e8b465ee728b)
Number of updated assets reloaded before import = 0
Start importing Assets/JMO Assets/Cartoon FX Remaster/CFXR Prefabs/Misc/CFXR Smoke Poof Alt.prefab using Guid(f0ad7a5f1c59e164aa62b3689281c0f8) Importer(815301076,1909f56bfc062723c751e8b465ee728b)  -> (artifact id: '2c3d0036beffe64db221acef0beb3416') in 0.007056 seconds 
Number of asset objects unloaded after import = 35
========================================================================
Received Import Request.
  Time since last request: 0.054372 seconds.
  path: Assets/JMO Assets/Cartoon FX Remaster/CFXR Prefabs/Misc/CFXR Smoke Poof Circle Screen.prefab
  artifactKey: Guid(74ccf31d718fbea49a5c201d4b7c5af2) Importer(815301076,1909f56bfc062723c751e8b465ee728b)
Number of updated assets reloaded before import = 0
Start importing Assets/JMO Assets/Cartoon FX Remaster/CFXR Prefabs/Misc/CFXR Smoke Poof Circle Screen.prefab using Guid(74ccf31d718fbea49a5c201d4b7c5af2) Importer(815301076,1909f56bfc062723c751e8b465ee728b)  -> (artifact id: '04d4f54a2991d0c0ef9e13ae02917eac') in 0.006534 seconds 
Number of asset objects unloaded after import = 11
========================================================================
Received Import Request.
  Time since last request: 0.000034 seconds.
  path: Assets/JMO Assets/Cartoon FX Remaster/CFXR Prefabs/Misc/CFXR Smoke Source Spiral 3D.prefab
  artifactKey: Guid(d618707dc03cd0649a29d9fd2964a3d9) Importer(815301076,1909f56bfc062723c751e8b465ee728b)
Number of updated assets reloaded before import = 0
Start importing Assets/JMO Assets/Cartoon FX Remaster/CFXR Prefabs/Misc/CFXR Smoke Source Spiral 3D.prefab using Guid(d618707dc03cd0649a29d9fd2964a3d9) Importer(815301076,1909f56bfc062723c751e8b465ee728b)  -> (artifact id: '3aa6f72cc354e55944fa482e5fd9bd85') in 0.004900 seconds 
Number of asset objects unloaded after import = 11
========================================================================
Received Import Request.
  Time since last request: 0.525270 seconds.
  path: Assets/JMO Assets/Cartoon FX Remaster/CFXR Assets/Graphics/cfxr stretch smoke fume blur ab.mat
  artifactKey: Guid(a16809106044f5b41b7cbe1d711a1c98) Importer(815301076,1909f56bfc062723c751e8b465ee728b)
Number of updated assets reloaded before import = 0
Start importing Assets/JMO Assets/Cartoon FX Remaster/CFXR Assets/Graphics/cfxr stretch smoke fume blur ab.mat using Guid(a16809106044f5b41b7cbe1d711a1c98) Importer(815301076,1909f56bfc062723c751e8b465ee728b)  -> (artifact id: '16a60bcf11b0da4f1f047aad9c160d58') in 0.010756 seconds 
Number of asset objects unloaded after import = 3
========================================================================
Received Import Request.
  Time since last request: 0.110114 seconds.
  path: Assets/JMO Assets/Cartoon FX Remaster/CFXR Prefabs/Misc/CFXR2 Potion Smoke.prefab
  artifactKey: Guid(402ac84174b107c43b6603ad54e752f7) Importer(815301076,1909f56bfc062723c751e8b465ee728b)
Number of updated assets reloaded before import = 0
Start importing Assets/JMO Assets/Cartoon FX Remaster/CFXR Prefabs/Misc/CFXR2 Potion Smoke.prefab using Guid(402ac84174b107c43b6603ad54e752f7) Importer(815301076,1909f56bfc062723c751e8b465ee728b)  -> (artifact id: '4df6d0d12b3b8e4eab6b9915fe7062b9') in 0.006131 seconds 
Number of asset objects unloaded after import = 11
========================================================================
Received Import Request.
  Time since last request: 0.167006 seconds.
  path: Assets/JMO Assets/Cartoon FX Remaster/CFXR Prefabs/Misc/CFXR2 Smoke Cloud (Loop, Lit Normal Map).prefab
  artifactKey: Guid(0effa8b9cb5448a41a762e523509b36a) Importer(815301076,1909f56bfc062723c751e8b465ee728b)
Number of updated assets reloaded before import = 0
Start importing Assets/JMO Assets/Cartoon FX Remaster/CFXR Prefabs/Misc/CFXR2 Smoke Cloud (Loop, Lit Normal Map).prefab using Guid(0effa8b9cb5448a41a762e523509b36a) Importer(815301076,1909f56bfc062723c751e8b465ee728b)  -> (artifact id: '16f4b6a729625872a7e631fdb40ca1d0') in 0.093570 seconds 
Number of asset objects unloaded after import = 21
========================================================================
Received Import Request.
  Time since last request: 1.432765 seconds.
  path: Assets/JMO Assets/Cartoon FX Remaster/CFXR Prefabs/Misc/Variants/Smoke White/CFXR3 Broken Machine Smoke (White).prefab
  artifactKey: Guid(acbe2cdf47b5bcb459c8c118a84bb7f2) Importer(815301076,1909f56bfc062723c751e8b465ee728b)
Number of updated assets reloaded before import = 0
Start importing Assets/JMO Assets/Cartoon FX Remaster/CFXR Prefabs/Misc/Variants/Smoke White/CFXR3 Broken Machine Smoke (White).prefab using Guid(acbe2cdf47b5bcb459c8c118a84bb7f2) Importer(815301076,1909f56bfc062723c751e8b465ee728b)  -> (artifact id: '52392004187b16a6688db19c844e99f0') in 0.012571 seconds 
Number of asset objects unloaded after import = 24
========================================================================
Received Import Request.
  Time since last request: 0.000037 seconds.
  path: Assets/JMO Assets/Cartoon FX Remaster/CFXR Prefabs/Fire/Variants/CFXR3 Fireball B + Fire Trail (No Smoke).prefab
  artifactKey: Guid(7e1c300094189634da0a260382a7c32f) Importer(815301076,1909f56bfc062723c751e8b465ee728b)
Number of updated assets reloaded before import = 0
Start importing Assets/JMO Assets/Cartoon FX Remaster/CFXR Prefabs/Fire/Variants/CFXR3 Fireball B + Fire Trail (No Smoke).prefab using Guid(7e1c300094189634da0a260382a7c32f) Importer(815301076,1909f56bfc062723c751e8b465ee728b)  -> (artifact id: '4abb28b56bf338049fe6ce9b7b5daae8') in 0.012852 seconds 
Number of asset objects unloaded after import = 130
========================================================================
Received Import Request.
  Time since last request: 0.000040 seconds.
  path: Assets/JMO Assets/Cartoon FX Remaster/CFXR Prefabs/Explosions/Variants/CFXR3 Fire Explosion A (no smoke).prefab
  artifactKey: Guid(b2e7eeb3185df564086225fd63ab7040) Importer(815301076,1909f56bfc062723c751e8b465ee728b)
Number of updated assets reloaded before import = 0
Start importing Assets/JMO Assets/Cartoon FX Remaster/CFXR Prefabs/Explosions/Variants/CFXR3 Fire Explosion A (no smoke).prefab using Guid(b2e7eeb3185df564086225fd63ab7040) Importer(815301076,1909f56bfc062723c751e8b465ee728b)  -> (artifact id: '35939566f62e0b39c02fad84979f4f77') in 0.103444 seconds 
Number of asset objects unloaded after import = 117
========================================================================
Received Import Request.
  Time since last request: 0.000033 seconds.
  path: Assets/JMO Assets/Cartoon FX Remaster/CFXR Prefabs/Misc/Variants/Smoke Black/CFXR3 Smoke Column (Black, Straight).prefab
  artifactKey: Guid(39f049e68b638df4d874fbc88d7206b0) Importer(815301076,1909f56bfc062723c751e8b465ee728b)
Number of updated assets reloaded before import = 0
Start importing Assets/JMO Assets/Cartoon FX Remaster/CFXR Prefabs/Misc/Variants/Smoke Black/CFXR3 Smoke Column (Black, Straight).prefab using Guid(39f049e68b638df4d874fbc88d7206b0) Importer(815301076,1909f56bfc062723c751e8b465ee728b)  -> (artifact id: '85fd981bc4a0e37029da5aec365d07b6') in 0.005275 seconds 
Number of asset objects unloaded after import = 16
========================================================================
Received Import Request.
  Time since last request: 0.047968 seconds.
  path: Assets/JMO Assets/Cartoon FX Remaster/CFXR Prefabs/Misc/Variants/Smoke Gray/CFXR3 Smoke Column (Gray).prefab
  artifactKey: Guid(a7dafd73ef18113419818eddfd4e792f) Importer(815301076,1909f56bfc062723c751e8b465ee728b)
Number of updated assets reloaded before import = 0
Start importing Assets/JMO Assets/Cartoon FX Remaster/CFXR Prefabs/Misc/Variants/Smoke Gray/CFXR3 Smoke Column (Gray).prefab using Guid(a7dafd73ef18113419818eddfd4e792f) Importer(815301076,1909f56bfc062723c751e8b465ee728b)  -> (artifact id: '75e4d5a41737d44541044d142dc51053') in 0.006213 seconds 
Number of asset objects unloaded after import = 22
========================================================================
Received Import Request.
  Time since last request: 0.000030 seconds.
  path: Assets/JMO Assets/Cartoon FX Remaster/CFXR Prefabs/Misc/Variants/Smoke White/CFXR3 Smoke Column (White, Lit).prefab
  artifactKey: Guid(fc5308264adec7d4c83304a407655cf1) Importer(815301076,1909f56bfc062723c751e8b465ee728b)
Number of updated assets reloaded before import = 0
Start importing Assets/JMO Assets/Cartoon FX Remaster/CFXR Prefabs/Misc/Variants/Smoke White/CFXR3 Smoke Column (White, Lit).prefab using Guid(fc5308264adec7d4c83304a407655cf1) Importer(815301076,1909f56bfc062723c751e8b465ee728b)  -> (artifact id: 'f5521e08847d61c6de0fc5afcb46bb92') in 0.007525 seconds 
Number of asset objects unloaded after import = 37
========================================================================
Received Import Request.
  Time since last request: 0.388348 seconds.
  path: Assets/JMO Assets/Cartoon FX Remaster/CFXR Prefabs/Misc/Variants/Smoke White/CFXR3 Smoke Column (White, Lit, Straight).prefab
  artifactKey: Guid(e9e43c3f6b1e4834f904dd69bbbade54) Importer(815301076,1909f56bfc062723c751e8b465ee728b)
Number of updated assets reloaded before import = 0
Start importing Assets/JMO Assets/Cartoon FX Remaster/CFXR Prefabs/Misc/Variants/Smoke White/CFXR3 Smoke Column (White, Lit, Straight).prefab using Guid(e9e43c3f6b1e4834f904dd69bbbade54) Importer(815301076,1909f56bfc062723c751e8b465ee728b)  -> (artifact id: '331ee3b1db31ea5cf2793802a2e8dd4e') in 0.006266 seconds 
Number of asset objects unloaded after import = 43
========================================================================
Received Import Request.
  Time since last request: 0.000029 seconds.
  path: Assets/JMO Assets/Cartoon FX Remaster/CFXR Prefabs/Misc/Variants/Smoke Black/CFXR3 Smoke Signals (Black, Lit).prefab
  artifactKey: Guid(fa80a176233959d4cb52f1820e322ec6) Importer(815301076,1909f56bfc062723c751e8b465ee728b)
Number of updated assets reloaded before import = 0
Start importing Assets/JMO Assets/Cartoon FX Remaster/CFXR Prefabs/Misc/Variants/Smoke Black/CFXR3 Smoke Signals (Black, Lit).prefab using Guid(fa80a176233959d4cb52f1820e322ec6) Importer(815301076,1909f56bfc062723c751e8b465ee728b)  -> (artifact id: '04d4a66be6701d75752ee207071db6aa') in 0.006651 seconds 
Number of asset objects unloaded after import = 36
Editor requested this worker to shutdown with reason: Scaling down because of idle timeout
AssetImportWorker is now disconnected from the server
Process exiting
