Using pre-set license
Built from '2021.3/staging' branch; Version is '2021.3.31f1 (3409e2af086f) revision 3410402'; Using compiler version '192829333'; Build Type 'Release'
OS: 'Windows 11  (10.0.22621) 64bit Core' Language: 'de' Physical Memory: 32671 MB
BatchMode: 1, IsHumanControllingUs: 0, StartBugReporterOnCrash: 0, Is64bit: 1, IsPro: 1

COMMAND LINE ARGUMENTS:
C:\Program Files\Unity\Hub\Editor\2021.3.31f1\Editor\Unity.exe
-adb2
-batchMode
-noUpm
-name
AssetImportWorker19
-projectPath
D:/Projects/fe-kingdom-mobile/trunk/FireEmblemMobile/FireEmblemMobileUnityProject
-logFile
Logs/AssetImportWorker19.log
-srvPort
63537
Successfully changed project path to: D:/Projects/fe-kingdom-mobile/trunk/FireEmblemMobile/FireEmblemMobileUnityProject
D:/Projects/fe-kingdom-mobile/trunk/FireEmblemMobile/FireEmblemMobileUnityProject
[UnityMemory] Configuration Parameters - Can be set up in boot.config
    "memorysetup-bucket-allocator-granularity=16"
    "memorysetup-bucket-allocator-bucket-count=8"
    "memorysetup-bucket-allocator-block-size=33554432"
    "memorysetup-bucket-allocator-block-count=8"
    "memorysetup-main-allocator-block-size=16777216"
    "memorysetup-thread-allocator-block-size=16777216"
    "memorysetup-gfx-main-allocator-block-size=16777216"
    "memorysetup-gfx-thread-allocator-block-size=16777216"
    "memorysetup-cache-allocator-block-size=4194304"
    "memorysetup-typetree-allocator-block-size=2097152"
    "memorysetup-profiler-bucket-allocator-granularity=16"
    "memorysetup-profiler-bucket-allocator-bucket-count=8"
    "memorysetup-profiler-bucket-allocator-block-size=33554432"
    "memorysetup-profiler-bucket-allocator-block-count=8"
    "memorysetup-profiler-allocator-block-size=16777216"
    "memorysetup-profiler-editor-allocator-block-size=1048576"
    "memorysetup-temp-allocator-size-main=16777216"
    "memorysetup-job-temp-allocator-block-size=2097152"
    "memorysetup-job-temp-allocator-block-size-background=1048576"
    "memorysetup-job-temp-allocator-reduction-small-platforms=262144"
    "memorysetup-temp-allocator-size-background-worker=32768"
    "memorysetup-temp-allocator-size-job-worker=262144"
    "memorysetup-temp-allocator-size-preload-manager=33554432"
    "memorysetup-temp-allocator-size-nav-mesh-worker=65536"
    "memorysetup-temp-allocator-size-audio-worker=65536"
    "memorysetup-temp-allocator-size-cloud-worker=32768"
    "memorysetup-temp-allocator-size-gi-baking-worker=262144"
    "memorysetup-temp-allocator-size-gfx=262144"
Player connection [34360] Host "[IP] 192.168.0.11 [Port] 0 [Flags] 2 [Guid] 2677338055 [EditorId] 2677338055 [Version] 1048832 [Id] WindowsEditor(7,DESKTOP-N1UFFTN) [Debug] 1 [PackageName] WindowsEditor [ProjectName] Editor" joined multi-casting on [225.0.0.222:54997]...

Player connection [34360] Host "[IP] 192.168.0.11 [Port] 0 [Flags] 2 [Guid] 2677338055 [EditorId] 2677338055 [Version] 1048832 [Id] WindowsEditor(7,DESKTOP-N1UFFTN) [Debug] 1 [PackageName] WindowsEditor [ProjectName] Editor" joined alternative multi-casting on [225.0.0.222:34997]...

[Physics::Module] Initialized MultithreadedJobDispatcher with {0} workers.
Refreshing native plugins compatible for Editor in 120.47 ms, found 3 plugins.
Preloading 0 native plugins for Editor in 0.00 ms.
Initialize engine version: 2021.3.31f1 (3409e2af086f)
[Subsystems] Discovering subsystems at path C:/Program Files/Unity/Hub/Editor/2021.3.31f1/Editor/Data/Resources/UnitySubsystems
[Subsystems] Discovering subsystems at path D:/Projects/fe-kingdom-mobile/trunk/FireEmblemMobile/FireEmblemMobileUnityProject/Assets
GfxDevice: creating device client; threaded=0; jobified=0
Direct3D:
    Version:  Direct3D 11.0 [level 11.1]
    Renderer: NVIDIA GeForce RTX 3070 (ID=0x2488)
    Vendor:   NVIDIA
    VRAM:     8031 MB
    Driver:   31.0.15.3699
Shader 'MoreMountains/MMRipple': fallback shader 'Particle/AlphaBlended' not found
Initialize mono
Mono path[0] = 'C:/Program Files/Unity/Hub/Editor/2021.3.31f1/Editor/Data/Managed'
Mono path[1] = 'C:/Program Files/Unity/Hub/Editor/2021.3.31f1/Editor/Data/MonoBleedingEdge/lib/mono/unityjit-win32'
Mono config path = 'C:/Program Files/Unity/Hub/Editor/2021.3.31f1/Editor/Data/MonoBleedingEdge/etc'
Using monoOptions --debugger-agent=transport=dt_socket,embedding=1,server=y,suspend=n,address=127.0.0.1:56092
Begin MonoManager ReloadAssembly
Registering precompiled unity dll's ...
Register platform support module: C:/Program Files/Unity/Hub/Editor/2021.3.31f1/Editor/Data/PlaybackEngines/AndroidPlayer/UnityEditor.Android.Extensions.dll
Register platform support module: C:/Program Files/Unity/Hub/Editor/2021.3.31f1/Editor/Data/PlaybackEngines/iOSSupport/UnityEditor.iOS.Extensions.dll
Register platform support module: C:/Program Files/Unity/Hub/Editor/2021.3.31f1/Editor/Data/PlaybackEngines/WindowsStandaloneSupport/UnityEditor.WindowsStandalone.Extensions.dll
Registered in 0.003928 seconds.
Native extension for WindowsStandalone target not found
[usbmuxd] Start listen thread
[usbmuxd] Listen thread started
Native extension for iOS target not found
Native extension for Android target not found
Android Extension - Scanning For ADB Devices 225 ms
Refreshing native plugins compatible for Editor in 113.68 ms, found 3 plugins.
Preloading 0 native plugins for Editor in 0.00 ms.
Mono: successfully reloaded assembly
- Completed reload, in  0.836 seconds
Domain Reload Profiling:
	ReloadAssembly (837ms)
		BeginReloadAssembly (69ms)
			ExecutionOrderSort (0ms)
			DisableScriptedObjects (0ms)
			BackupInstance (0ms)
			ReleaseScriptingObjects (0ms)
			CreateAndSetChildDomain (1ms)
		EndReloadAssembly (693ms)
			LoadAssemblies (68ms)
			RebuildTransferFunctionScriptingTraits (0ms)
			SetupTypeCache (93ms)
			ReleaseScriptCaches (0ms)
			RebuildScriptCaches (22ms)
			SetupLoadedEditorAssemblies (539ms)
				LogAssemblyErrors (0ms)
				InitializePlatformSupportModulesInManaged (317ms)
				SetLoadedEditorAssemblies (0ms)
				RefreshPlugins (114ms)
				BeforeProcessingInitializeOnLoad (2ms)
				ProcessInitializeOnLoadAttributes (72ms)
				ProcessInitializeOnLoadMethodAttributes (34ms)
				AfterProcessingInitializeOnLoad (0ms)
				EditorAssembliesLoaded (0ms)
			ExecutionOrderSort2 (0ms)
			AwakeInstancesAfterBackupRestoration (0ms)
Platform modules already initialized, skipping
Registering precompiled user dll's ...
Registered in 0.003978 seconds.
Begin MonoManager ReloadAssembly
Symbol file LoadedFromMemory is not a mono symbol file
Native extension for WindowsStandalone target not found
Native extension for iOS target not found
Native extension for Android target not found
Refreshing native plugins compatible for Editor in 118.52 ms, found 3 plugins.
Preloading 0 native plugins for Editor in 0.00 ms.
Package Manager log level set to [2]
[Package Manager] Server::EnsureServerProcessIsRunning -- launch failed, reason: Unity was launched with the -noUpm command-line argument
[Package Manager] Cannot connect to Unity Package Manager local server
Mono: successfully reloaded assembly
- Completed reload, in  1.826 seconds
Domain Reload Profiling:
	ReloadAssembly (1827ms)
		BeginReloadAssembly (115ms)
			ExecutionOrderSort (0ms)
			DisableScriptedObjects (6ms)
			BackupInstance (0ms)
			ReleaseScriptingObjects (0ms)
			CreateAndSetChildDomain (19ms)
		EndReloadAssembly (1612ms)
			LoadAssemblies (105ms)
			RebuildTransferFunctionScriptingTraits (0ms)
			SetupTypeCache (319ms)
			ReleaseScriptCaches (1ms)
			RebuildScriptCaches (107ms)
			SetupLoadedEditorAssemblies (1046ms)
				LogAssemblyErrors (0ms)
				InitializePlatformSupportModulesInManaged (23ms)
				SetLoadedEditorAssemblies (0ms)
				RefreshPlugins (119ms)
				BeforeProcessingInitializeOnLoad (109ms)
				ProcessInitializeOnLoadAttributes (634ms)
				ProcessInitializeOnLoadMethodAttributes (154ms)
				AfterProcessingInitializeOnLoad (7ms)
				EditorAssembliesLoaded (1ms)
			ExecutionOrderSort2 (0ms)
			AwakeInstancesAfterBackupRestoration (6ms)
Platform modules already initialized, skipping
========================================================================
Worker process is ready to serve import requests
Shader 'MoreMountains/MMRipple': fallback shader 'Particle/AlphaBlended' not found
Launched and connected shader compiler UnityShaderCompiler.exe after 0.04 seconds
Refreshing native plugins compatible for Editor in 1.55 ms, found 3 plugins.
Preloading 0 native plugins for Editor in 0.00 ms.
Unloading 6542 Unused Serialized files (Serialized files now loaded: 0)
Unloading 96 unused Assets / (2.0 MB). Loaded Objects now: 7062.
Memory consumption went from 361.3 MB to 359.3 MB.
Total: 6.469100 ms (FindLiveObjects: 0.413600 ms CreateObjectMapping: 0.175100 ms MarkObjects: 5.271300 ms  DeleteObjects: 0.608100 ms)

AssetImportParameters requested are different than current active one (requested -> active):
  custom:video-decoder-ogg-theora: a1e56fd34408186e4bbccfd4996cb3dc -> 
  custom:container-muxer-webm: aa71ff27fc2769a1b78a27578f13a17b -> 
  custom:container-demuxer-webm: 4f35f7cbe854078d1ac9338744f61a02 -> 
  custom:video-encoder-webm-vp8: eb34c28f22e8b96e1ab97ce403110664 -> 
  custom:CustomObjectIndexerAttribute: f67f22312cbe972f2da930a377ed3d15 -> 
  custom:audio-encoder-webm-vorbis: bf7c407c2cedff20999df2af8eb42d56 -> 
  custom:framework-win-MediaFoundation: 216162199b28c13a410421893ffa2e32 -> 
  custom:SearchIndexIgnoredProperties: e643bd26f0fe6173181afceb89e7c659 -> 
  custom:container-demuxer-ogg: 62fdf1f143b41e24485cea50d1cbac27 -> 
  custom:video-decoder-webm-vp8: 9c59270c3fd7afecdb556c50c9e8de78 -> 
  custom:audio-decoder-ogg-vorbis: bf7c407c2cedff20999df2af8eb42d56 -> 
========================================================================
Received Import Request.
  Time since last request: 758588.761085 seconds.
  path: Assets/Feel/MMTools/Tools/MMSceneLoading/Sprites/LoadingProgressBar.png
  artifactKey: Guid(553f615332baa0d4a842d5600f824551) Importer(815301076,1909f56bfc062723c751e8b465ee728b)
Number of updated assets reloaded before import = 0
Start importing Assets/Feel/MMTools/Tools/MMSceneLoading/Sprites/LoadingProgressBar.png using Guid(553f615332baa0d4a842d5600f824551) Importer(815301076,1909f56bfc062723c751e8b465ee728b)  -> (artifact id: '59b7771d9de17ebead95616fa1fde310') in 0.152260 seconds 
Number of asset objects unloaded after import = 3
========================================================================
Received Import Request.
  Time since last request: 0.000020 seconds.
  path: Assets/04_Textures/Characters/Bosses/Attack/Minotaur_attack_sprite.png
  artifactKey: Guid(e53b874ff1b10e741a5452d1d15aed40) Importer(815301076,1909f56bfc062723c751e8b465ee728b)
Number of updated assets reloaded before import = 0
Start importing Assets/04_Textures/Characters/Bosses/Attack/Minotaur_attack_sprite.png using Guid(e53b874ff1b10e741a5452d1d15aed40) Importer(815301076,1909f56bfc062723c751e8b465ee728b)  -> (artifact id: '274563f3fef31f7d734cc2f062bbed8e') in 0.047612 seconds 
Number of asset objects unloaded after import = 3
========================================================================
Received Import Request.
  Time since last request: 0.000018 seconds.
  path: Assets/Feel/MMTools/Tools/MMVFX/MMPalette/MMLowPolyPalette.png
  artifactKey: Guid(0f7538ff15051d14c9a387d4773180bc) Importer(815301076,1909f56bfc062723c751e8b465ee728b)
Number of updated assets reloaded before import = 0
Start importing Assets/Feel/MMTools/Tools/MMVFX/MMPalette/MMLowPolyPalette.png using Guid(0f7538ff15051d14c9a387d4773180bc) Importer(815301076,1909f56bfc062723c751e8b465ee728b)  -> (artifact id: '433903ed64f3e66fb030e5d615722b20') in 0.029992 seconds 
Number of asset objects unloaded after import = 3
========================================================================
Received Import Request.
  Time since last request: 0.000020 seconds.
  path: Assets/04_Textures/Icons/Unused/red/r_14.PNG
  artifactKey: Guid(488d9f82ec9f9254fb506f5c377d7682) Importer(815301076,1909f56bfc062723c751e8b465ee728b)
Number of updated assets reloaded before import = 0
Start importing Assets/04_Textures/Icons/Unused/red/r_14.PNG using Guid(488d9f82ec9f9254fb506f5c377d7682) Importer(815301076,1909f56bfc062723c751e8b465ee728b)  -> (artifact id: '29d23601bff7bb9c3429c3b9e9004e56') in 0.034868 seconds 
Number of asset objects unloaded after import = 3
========================================================================
Received Import Request.
  Time since last request: 0.000016 seconds.
  path: Assets/04_Textures/Characters/AngelCleric/Fly/cleric_walk_3.png
  artifactKey: Guid(efa39464a65c0c34f9afc75bd7407c93) Importer(815301076,1909f56bfc062723c751e8b465ee728b)
Number of updated assets reloaded before import = 0
Start importing Assets/04_Textures/Characters/AngelCleric/Fly/cleric_walk_3.png using Guid(efa39464a65c0c34f9afc75bd7407c93) Importer(815301076,1909f56bfc062723c751e8b465ee728b)  -> (artifact id: 'af2d5b43527d9cc24d04de9ae78fa612') in 0.192955 seconds 
Number of asset objects unloaded after import = 3
========================================================================
Received Import Request.
  Time since last request: 0.000016 seconds.
  path: Assets/Plugins/Editor/JetBrains.RiderFlow/InstallationData/Resources/Completion/completion_pin_dark.png
  artifactKey: Guid(b4c9102f667849238fa89554c7433f4f) Importer(815301076,1909f56bfc062723c751e8b465ee728b)
Number of updated assets reloaded before import = 0
Start importing Assets/Plugins/Editor/JetBrains.RiderFlow/InstallationData/Resources/Completion/completion_pin_dark.png using Guid(b4c9102f667849238fa89554c7433f4f) Importer(815301076,1909f56bfc062723c751e8b465ee728b)  -> (artifact id: '0d9ab06a8fa8fe5312d0d26f1665ea17') in 0.023267 seconds 
Number of asset objects unloaded after import = 3
========================================================================
Received Import Request.
  Time since last request: 0.000027 seconds.
  path: Assets/04_Textures/Icons/Items/Potions/healthpotion.png
  artifactKey: Guid(f4953ae66596c1244aba000cde66b58c) Importer(815301076,1909f56bfc062723c751e8b465ee728b)
Number of updated assets reloaded before import = 0
Start importing Assets/04_Textures/Icons/Items/Potions/healthpotion.png using Guid(f4953ae66596c1244aba000cde66b58c) Importer(815301076,1909f56bfc062723c751e8b465ee728b)  -> (artifact id: 'd8e9287bdb8e45604948a8c9f79f93cf') in 0.024025 seconds 
Number of asset objects unloaded after import = 3
========================================================================
Received Import Request.
  Time since last request: 0.000012 seconds.
  path: Assets/04_Textures/EncounterArea/dottedLine.png
  artifactKey: Guid(53ac7faa0a75a24468358a7d828fc90a) Importer(815301076,1909f56bfc062723c751e8b465ee728b)
Number of updated assets reloaded before import = 0
Start importing Assets/04_Textures/EncounterArea/dottedLine.png using Guid(53ac7faa0a75a24468358a7d828fc90a) Importer(815301076,1909f56bfc062723c751e8b465ee728b)  -> (artifact id: '3f3e280141f8e529772caa4c82baa554') in 0.015284 seconds 
Number of asset objects unloaded after import = 3
========================================================================
Received Import Request.
  Time since last request: 0.000015 seconds.
  path: Assets/04_Textures/fantasy_gui_png/MyUI_bg_04.png
  artifactKey: Guid(48a0a5580b78a9d4c99e68527f65fd67) Importer(815301076,1909f56bfc062723c751e8b465ee728b)
Number of updated assets reloaded before import = 0
Start importing Assets/04_Textures/fantasy_gui_png/MyUI_bg_04.png using Guid(48a0a5580b78a9d4c99e68527f65fd67) Importer(815301076,1909f56bfc062723c751e8b465ee728b)  -> (artifact id: '229395648a5d444450bb3fc241be7e3c') in 0.024286 seconds 
Number of asset objects unloaded after import = 3
========================================================================
Received Import Request.
  Time since last request: 0.000012 seconds.
  path: Assets/04_Textures/TileMaps/Walls/doormetal1_2.png
  artifactKey: Guid(34af6027df978b34ca3ff633369854f4) Importer(815301076,1909f56bfc062723c751e8b465ee728b)
Number of updated assets reloaded before import = 0
Start importing Assets/04_Textures/TileMaps/Walls/doormetal1_2.png using Guid(34af6027df978b34ca3ff633369854f4) Importer(815301076,1909f56bfc062723c751e8b465ee728b)  -> (artifact id: '53aca05e67d3efbdf3372ac5a62b2e2c') in 0.027034 seconds 
Number of asset objects unloaded after import = 3
========================================================================
Received Import Request.
  Time since last request: 0.000015 seconds.
  path: Assets/04_Textures/Characters/Gods/Hestia/Hestia_Body.png
  artifactKey: Guid(acc5f760c5dcecd4a93c96f919698aab) Importer(815301076,1909f56bfc062723c751e8b465ee728b)
Number of updated assets reloaded before import = 0
Start importing Assets/04_Textures/Characters/Gods/Hestia/Hestia_Body.png using Guid(acc5f760c5dcecd4a93c96f919698aab) Importer(815301076,1909f56bfc062723c751e8b465ee728b)  -> (artifact id: '6705a5331f2c177a192f3a096887f785') in 0.146595 seconds 
Number of asset objects unloaded after import = 3
========================================================================
Received Import Request.
  Time since last request: 0.000014 seconds.
  path: Assets/AchievementSystem/Resources/Example Icons/CompleteAll_Example.png
  artifactKey: Guid(03bf8e5b765702646955a781f14f77dc) Importer(815301076,1909f56bfc062723c751e8b465ee728b)
Number of updated assets reloaded before import = 0
Start importing Assets/AchievementSystem/Resources/Example Icons/CompleteAll_Example.png using Guid(03bf8e5b765702646955a781f14f77dc) Importer(815301076,1909f56bfc062723c751e8b465ee728b)  -> (artifact id: 'a2aec4ce22a23e8ee2c61918949f740f') in 0.056090 seconds 
Number of asset objects unloaded after import = 3
========================================================================
Received Import Request.
  Time since last request: 0.000019 seconds.
  path: Assets/AchievementSystem/Resources/Example Icons/GE_Locked_Example.png
  artifactKey: Guid(eaf6b4fc727cf034ebd1f72705fb4162) Importer(815301076,1909f56bfc062723c751e8b465ee728b)
Number of updated assets reloaded before import = 0
Start importing Assets/AchievementSystem/Resources/Example Icons/GE_Locked_Example.png using Guid(eaf6b4fc727cf034ebd1f72705fb4162) Importer(815301076,1909f56bfc062723c751e8b465ee728b)  -> (artifact id: 'f776fbbf8ab0866b879e386eedd4c4ab') in 0.020928 seconds 
Number of asset objects unloaded after import = 3
========================================================================
Received Import Request.
  Time since last request: 0.000018 seconds.
  path: Assets/04_Textures/Characters/Gods/Hermes/HermesBody.png
  artifactKey: Guid(1bdca29b54fe8464596665c8a8b1854e) Importer(815301076,1909f56bfc062723c751e8b465ee728b)
Number of updated assets reloaded before import = 0
Start importing Assets/04_Textures/Characters/Gods/Hermes/HermesBody.png using Guid(1bdca29b54fe8464596665c8a8b1854e) Importer(815301076,1909f56bfc062723c751e8b465ee728b)  -> (artifact id: '344bcf90a559b37e256fa5a49dd80935') in 0.127507 seconds 
Number of asset objects unloaded after import = 3
========================================================================
Received Import Request.
  Time since last request: 0.000015 seconds.
  path: Assets/04_Textures/Characters/Gods/Hermes/HermesEyesOpen.png
  artifactKey: Guid(e97a93c8cd607d043a994fd9bad69094) Importer(815301076,1909f56bfc062723c751e8b465ee728b)
Number of updated assets reloaded before import = 0
Start importing Assets/04_Textures/Characters/Gods/Hermes/HermesEyesOpen.png using Guid(e97a93c8cd607d043a994fd9bad69094) Importer(815301076,1909f56bfc062723c751e8b465ee728b)  -> (artifact id: 'dfa10fb22cea288296a79fb93081ae21') in 0.053533 seconds 
Number of asset objects unloaded after import = 3
========================================================================
Received Import Request.
  Time since last request: 0.000022 seconds.
  path: Assets/Feel/NiceVibrations/Demo/_Common/Sprites/NVVerticalProgressBar.png
  artifactKey: Guid(1c1d29f153f98364ca23263a0c96c8a9) Importer(815301076,1909f56bfc062723c751e8b465ee728b)
Number of updated assets reloaded before import = 0
Start importing Assets/Feel/NiceVibrations/Demo/_Common/Sprites/NVVerticalProgressBar.png using Guid(1c1d29f153f98364ca23263a0c96c8a9) Importer(815301076,1909f56bfc062723c751e8b465ee728b)  -> (artifact id: 'a97c37adf91526f38da7cee9439fa14b') in 0.016175 seconds 
Number of asset objects unloaded after import = 3
========================================================================
Received Import Request.
  Time since last request: 0.000021 seconds.
  path: Assets/04_Textures/Characters/Dragon/dodge.png
  artifactKey: Guid(4568a2b5df3da0f48ac8f98fc3dcee19) Importer(815301076,1909f56bfc062723c751e8b465ee728b)
Number of updated assets reloaded before import = 0
Start importing Assets/04_Textures/Characters/Dragon/dodge.png using Guid(4568a2b5df3da0f48ac8f98fc3dcee19) Importer(815301076,1909f56bfc062723c751e8b465ee728b)  -> (artifact id: '845dd8cc58c57a2428bc9cfd4cd653c0') in 0.202572 seconds 
Number of asset objects unloaded after import = 3
========================================================================
Received Import Request.
  Time since last request: 0.000019 seconds.
  path: Assets/04_Textures/NewUI/Moralitybar/img_对话框.png
  artifactKey: Guid(f6f387190583b0b4eb34e3be55af1e84) Importer(815301076,1909f56bfc062723c751e8b465ee728b)
Number of updated assets reloaded before import = 0
Start importing Assets/04_Textures/NewUI/Moralitybar/img_对话框.png using Guid(f6f387190583b0b4eb34e3be55af1e84) Importer(815301076,1909f56bfc062723c751e8b465ee728b)  -> (artifact id: '3318dd09e3f54a247c18fa11efae6dd2') in 0.028533 seconds 
Number of asset objects unloaded after import = 3
========================================================================
Received Import Request.
  Time since last request: 0.000031 seconds.
  path: Assets/04_Textures/NewUI/coolButton (2).png
  artifactKey: Guid(bc3f2425e27401a41b6063f1ca24b685) Importer(815301076,1909f56bfc062723c751e8b465ee728b)
Number of updated assets reloaded before import = 0
Start importing Assets/04_Textures/NewUI/coolButton (2).png using Guid(bc3f2425e27401a41b6063f1ca24b685) Importer(815301076,1909f56bfc062723c751e8b465ee728b)  -> (artifact id: '9a707025acc40a4275b9edb7b955e1b7') in 0.027880 seconds 
Number of asset objects unloaded after import = 3
========================================================================
Received Import Request.
  Time since last request: 0.000021 seconds.
  path: Assets/04_Textures/Icons/Unused/red/r_22.PNG
  artifactKey: Guid(ff13dd9698020a64e928f01ad05fb2a5) Importer(815301076,1909f56bfc062723c751e8b465ee728b)
Number of updated assets reloaded before import = 0
Start importing Assets/04_Textures/Icons/Unused/red/r_22.PNG using Guid(ff13dd9698020a64e928f01ad05fb2a5) Importer(815301076,1909f56bfc062723c751e8b465ee728b)  -> (artifact id: 'c622e4e617803e00c53e85ac329df91b') in 0.031187 seconds 
Number of asset objects unloaded after import = 3
========================================================================
Received Import Request.
  Time since last request: 0.000014 seconds.
  path: Assets/04_Textures/Characters/TwoHanded/mercenary_attack_effect.png
  artifactKey: Guid(69d8efc5fe31ab64a9b432786bca7b26) Importer(815301076,1909f56bfc062723c751e8b465ee728b)
Number of updated assets reloaded before import = 0
Start importing Assets/04_Textures/Characters/TwoHanded/mercenary_attack_effect.png using Guid(69d8efc5fe31ab64a9b432786bca7b26) Importer(815301076,1909f56bfc062723c751e8b465ee728b)  -> (artifact id: '458aa2fa8aff36c700fe555796c27aa1') in 0.030209 seconds 
Number of asset objects unloaded after import = 3
========================================================================
Received Import Request.
  Time since last request: 0.000016 seconds.
  path: Assets/04_Textures/Icons/Unused/red/r_17.png
  artifactKey: Guid(b55b65816830c644c93404f1088e4089) Importer(815301076,1909f56bfc062723c751e8b465ee728b)
Number of updated assets reloaded before import = 0
Start importing Assets/04_Textures/Icons/Unused/red/r_17.png using Guid(b55b65816830c644c93404f1088e4089) Importer(815301076,1909f56bfc062723c751e8b465ee728b)  -> (artifact id: '06b37507888a83670e167509ca5be082') in 0.030969 seconds 
Number of asset objects unloaded after import = 3
========================================================================
Received Import Request.
  Time since last request: 0.000016 seconds.
  path: Assets/04_Textures/NewUI/LvlUpScreen/Group 4.png
  artifactKey: Guid(5baed91032c8dfd4ebfca3385bedff0e) Importer(815301076,1909f56bfc062723c751e8b465ee728b)
Number of updated assets reloaded before import = 0
Start importing Assets/04_Textures/NewUI/LvlUpScreen/Group 4.png using Guid(5baed91032c8dfd4ebfca3385bedff0e) Importer(815301076,1909f56bfc062723c751e8b465ee728b)  -> (artifact id: 'cc5119cacac19b6a3cce9844734408be') in 0.019177 seconds 
Number of asset objects unloaded after import = 3
========================================================================
Received Import Request.
  Time since last request: 0.000012 seconds.
  path: Assets/04_Textures/NewUI/SkillTooltip/Group 275.png
  artifactKey: Guid(af200759cb44d084096ef89754cbfd40) Importer(815301076,1909f56bfc062723c751e8b465ee728b)
Number of updated assets reloaded before import = 0
Start importing Assets/04_Textures/NewUI/SkillTooltip/Group 275.png using Guid(af200759cb44d084096ef89754cbfd40) Importer(815301076,1909f56bfc062723c751e8b465ee728b)  -> (artifact id: '4efbb1427672754ca22d1d70ab4930bd') in 0.019045 seconds 
Number of asset objects unloaded after import = 3
========================================================================
Received Import Request.
  Time since last request: 0.000013 seconds.
  path: Assets/Feel/NiceVibrations/Demo/_Common/Sprites/NVRoundedCorners.png
  artifactKey: Guid(a6ae458264a4a8e42a10f166c8becc96) Importer(815301076,1909f56bfc062723c751e8b465ee728b)
Number of updated assets reloaded before import = 0
Start importing Assets/Feel/NiceVibrations/Demo/_Common/Sprites/NVRoundedCorners.png using Guid(a6ae458264a4a8e42a10f166c8becc96) Importer(815301076,1909f56bfc062723c751e8b465ee728b)  -> (artifact id: '987721f63def301df147b98142aafcfe') in 0.018532 seconds 
Number of asset objects unloaded after import = 3
========================================================================
Received Import Request.
  Time since last request: 0.000013 seconds.
  path: Assets/04_Textures/Characters/Cavalier/cavalierClassUpgrade/Cavalier Running.png
  artifactKey: Guid(3d92c6d87cf1c4b40b463ffec1e0f209) Importer(815301076,1909f56bfc062723c751e8b465ee728b)
Number of updated assets reloaded before import = 0
Start importing Assets/04_Textures/Characters/Cavalier/cavalierClassUpgrade/Cavalier Running.png using Guid(3d92c6d87cf1c4b40b463ffec1e0f209) Importer(815301076,1909f56bfc062723c751e8b465ee728b)  -> (artifact id: '537077f33cdccf24cb878c255944d3b4') in 0.068974 seconds 
Number of asset objects unloaded after import = 6
========================================================================
Received Import Request.
  Time since last request: 0.000016 seconds.
  path: Assets/Feel/NiceVibrations/Demo/_Common/Sprites/NVLogoNice.png
  artifactKey: Guid(4c8fd0c851c8cbc4bb6dc9453b9ae786) Importer(815301076,1909f56bfc062723c751e8b465ee728b)
Number of updated assets reloaded before import = 0
Start importing Assets/Feel/NiceVibrations/Demo/_Common/Sprites/NVLogoNice.png using Guid(4c8fd0c851c8cbc4bb6dc9453b9ae786) Importer(815301076,1909f56bfc062723c751e8b465ee728b)  -> (artifact id: '9dca8cbf9fa11949e7f9dad8ea2d7732') in 0.027171 seconds 
Number of asset objects unloaded after import = 3
========================================================================
Received Import Request.
  Time since last request: 0.000024 seconds.
  path: Assets/04_Textures/NewUI/Moralitybar/img_对话框 (1).png
  artifactKey: Guid(342a247f072db3c4e8c2c1f03268d445) Importer(815301076,1909f56bfc062723c751e8b465ee728b)
Number of updated assets reloaded before import = 0
Start importing Assets/04_Textures/NewUI/Moralitybar/img_对话框 (1).png using Guid(342a247f072db3c4e8c2c1f03268d445) Importer(815301076,1909f56bfc062723c751e8b465ee728b)  -> (artifact id: '6c7b7c665c73cf43f1cce37a4cd2557a') in 0.029971 seconds 
Number of asset objects unloaded after import = 3
========================================================================
Received Import Request.
  Time since last request: 0.000019 seconds.
  path: Assets/Feel/NiceVibrations/Demo/DemoAssets/CarDemo/Sprites/NVCar.png
  artifactKey: Guid(4ca0dd4a0b132db4c9e5e7f164b7d2c7) Importer(815301076,1909f56bfc062723c751e8b465ee728b)
Number of updated assets reloaded before import = 0
Start importing Assets/Feel/NiceVibrations/Demo/DemoAssets/CarDemo/Sprites/NVCar.png using Guid(4ca0dd4a0b132db4c9e5e7f164b7d2c7) Importer(815301076,1909f56bfc062723c751e8b465ee728b)  -> (artifact id: '0a54ade9b9a5a4c547a1b5703841069c') in 0.032557 seconds 
Number of asset objects unloaded after import = 3
========================================================================
Received Import Request.
  Time since last request: 0.000013 seconds.
  path: Assets/Feel/NiceVibrations/Demo/_Common/Sprites/NVSwitchBackground.png
  artifactKey: Guid(3dd0295cf0922b64192d5ee88a250b4e) Importer(815301076,1909f56bfc062723c751e8b465ee728b)
Number of updated assets reloaded before import = 0
Start importing Assets/Feel/NiceVibrations/Demo/_Common/Sprites/NVSwitchBackground.png using Guid(3dd0295cf0922b64192d5ee88a250b4e) Importer(815301076,1909f56bfc062723c751e8b465ee728b)  -> (artifact id: '941028186c400d58a29a1a4595634aa2') in 0.017034 seconds 
Number of asset objects unloaded after import = 3
========================================================================
Received Import Request.
  Time since last request: 0.000013 seconds.
  path: Assets/Feel/MMTools/Tools/MMSceneLoading/Sprites/LoadingCompleteAnimation.png
  artifactKey: Guid(109174f54ddf71a4fbe62bf30e9cf0e0) Importer(815301076,1909f56bfc062723c751e8b465ee728b)
Number of updated assets reloaded before import = 0
Start importing Assets/Feel/MMTools/Tools/MMSceneLoading/Sprites/LoadingCompleteAnimation.png using Guid(109174f54ddf71a4fbe62bf30e9cf0e0) Importer(815301076,1909f56bfc062723c751e8b465ee728b)  -> (artifact id: '8e9c75b2b9174955b7c00072e5b99bfb') in 0.065405 seconds 
Number of asset objects unloaded after import = 13
========================================================================
Received Import Request.
  Time since last request: 0.000012 seconds.
  path: Assets/04_Textures/Icons/Unused/red/r_16.PNG
  artifactKey: Guid(ceaeef3eba6c04445977440cc35b2a93) Importer(815301076,1909f56bfc062723c751e8b465ee728b)
Number of updated assets reloaded before import = 0
Start importing Assets/04_Textures/Icons/Unused/red/r_16.PNG using Guid(ceaeef3eba6c04445977440cc35b2a93) Importer(815301076,1909f56bfc062723c751e8b465ee728b)  -> (artifact id: '3d3b6ce5eb1cfbe5407dd97699e5e44e') in 0.028506 seconds 
Number of asset objects unloaded after import = 3
========================================================================
Received Import Request.
  Time since last request: 0.000014 seconds.
  path: Assets/04_Textures/Icons/Unused/red/r_33.png
  artifactKey: Guid(f3e06c3026f643a45a409b3229ae6105) Importer(815301076,1909f56bfc062723c751e8b465ee728b)
Number of updated assets reloaded before import = 0
Start importing Assets/04_Textures/Icons/Unused/red/r_33.png using Guid(f3e06c3026f643a45a409b3229ae6105) Importer(815301076,1909f56bfc062723c751e8b465ee728b)  -> (artifact id: '9e83a67b16e422dbe7374a045e658f85') in 0.030095 seconds 
Number of asset objects unloaded after import = 3
========================================================================
Received Import Request.
  Time since last request: 0.000022 seconds.
  path: Assets/04_Textures/churchNode.png
  artifactKey: Guid(b2fd9bd102f726a40961143b1dbfaeb1) Importer(815301076,1909f56bfc062723c751e8b465ee728b)
Number of updated assets reloaded before import = 0
Start importing Assets/04_Textures/churchNode.png using Guid(b2fd9bd102f726a40961143b1dbfaeb1) Importer(815301076,1909f56bfc062723c751e8b465ee728b)  -> (artifact id: 'b3d9020c05303b88bfab95a673f21822') in 0.014226 seconds 
Number of asset objects unloaded after import = 3
========================================================================
Received Import Request.
  Time since last request: 0.000014 seconds.
  path: Assets/Feel/NiceVibrations/Demo/_Common/Sprites/NV3Dots.png
  artifactKey: Guid(ae832dcdd98f8f44f979034fbe2b302e) Importer(815301076,1909f56bfc062723c751e8b465ee728b)
Number of updated assets reloaded before import = 0
Start importing Assets/Feel/NiceVibrations/Demo/_Common/Sprites/NV3Dots.png using Guid(ae832dcdd98f8f44f979034fbe2b302e) Importer(815301076,1909f56bfc062723c751e8b465ee728b)  -> (artifact id: '8c0c64172fa35e0a101ccf9bbdf78d3b') in 0.019679 seconds 
Number of asset objects unloaded after import = 3
========================================================================
Received Import Request.
  Time since last request: 0.000012 seconds.
  path: Assets/04_Textures/Icons/Unused/red/r_38.png
  artifactKey: Guid(7c175a63db9903d4dac59ed6696a152a) Importer(815301076,1909f56bfc062723c751e8b465ee728b)
Number of updated assets reloaded before import = 0
Start importing Assets/04_Textures/Icons/Unused/red/r_38.png using Guid(7c175a63db9903d4dac59ed6696a152a) Importer(815301076,1909f56bfc062723c751e8b465ee728b)  -> (artifact id: '6ca83cca432923247674313d33243a6d') in 0.033104 seconds 
Number of asset objects unloaded after import = 3
========================================================================
Received Import Request.
  Time since last request: 0.000019 seconds.
  path: Assets/04_Textures/TileMaps/Walls/house2.png
  artifactKey: Guid(428cb226b454e8d47a47f4228841988e) Importer(815301076,1909f56bfc062723c751e8b465ee728b)
Number of updated assets reloaded before import = 0
Start importing Assets/04_Textures/TileMaps/Walls/house2.png using Guid(428cb226b454e8d47a47f4228841988e) Importer(815301076,1909f56bfc062723c751e8b465ee728b)  -> (artifact id: '4de2849a03dee8305a3b66c2d7dc37b8') in 0.021667 seconds 
Number of asset objects unloaded after import = 3
========================================================================
Received Import Request.
  Time since last request: 0.000013 seconds.
  path: Assets/04_Textures/Characters/Bosses/Dazed/minotaur_dazed_sprites.png
  artifactKey: Guid(fc4bcff6f7a19d34b9f33fa86fd209c0) Importer(815301076,1909f56bfc062723c751e8b465ee728b)
Number of updated assets reloaded before import = 0
Start importing Assets/04_Textures/Characters/Bosses/Dazed/minotaur_dazed_sprites.png using Guid(fc4bcff6f7a19d34b9f33fa86fd209c0) Importer(815301076,1909f56bfc062723c751e8b465ee728b)  -> (artifact id: '173315427b5d375fef1fb829f7010ca1') in 0.072518 seconds 
Number of asset objects unloaded after import = 6
========================================================================
Received Import Request.
  Time since last request: 0.000012 seconds.
  path: Assets/04_Textures/NewUI/Inn/image 45.png
  artifactKey: Guid(6e2382ae44e0bca4baffdd7ab540e10b) Importer(815301076,1909f56bfc062723c751e8b465ee728b)
Number of updated assets reloaded before import = 0
Start importing Assets/04_Textures/NewUI/Inn/image 45.png using Guid(6e2382ae44e0bca4baffdd7ab540e10b) Importer(815301076,1909f56bfc062723c751e8b465ee728b)  -> (artifact id: '9a1b58e028c2c81705056df054e5d98a') in 0.020479 seconds 
Number of asset objects unloaded after import = 3
========================================================================
Received Import Request.
  Time since last request: 0.000016 seconds.
  path: Assets/04_Textures/Characters/Dragon/damage.png
  artifactKey: Guid(bdceb877c251d0245ace52c24478016a) Importer(815301076,1909f56bfc062723c751e8b465ee728b)
Number of updated assets reloaded before import = 0
Start importing Assets/04_Textures/Characters/Dragon/damage.png using Guid(bdceb877c251d0245ace52c24478016a) Importer(815301076,1909f56bfc062723c751e8b465ee728b)  -> (artifact id: '73a995111efa2e8d28a4cb551c02b2c9') in 0.193446 seconds 
Number of asset objects unloaded after import = 3
========================================================================
Received Import Request.
  Time since last request: 0.000021 seconds.
  path: Assets/Le Tai's Asset/TrueShadow/Demo/Inspiration/Sprites/Circle.png
  artifactKey: Guid(6251a4bfa3edd424ab73ffa1e08b9789) Importer(815301076,1909f56bfc062723c751e8b465ee728b)
Number of updated assets reloaded before import = 0
Start importing Assets/Le Tai's Asset/TrueShadow/Demo/Inspiration/Sprites/Circle.png using Guid(6251a4bfa3edd424ab73ffa1e08b9789) Importer(815301076,1909f56bfc062723c751e8b465ee728b)  -> (artifact id: '5ed7d5da6c0c96996447679cf3a1760c') in 0.022623 seconds 
Number of asset objects unloaded after import = 3
========================================================================
Received Import Request.
  Time since last request: 0.000013 seconds.
  path: Assets/04_Textures/Sanctuary/Clouds/cloud_03.png
  artifactKey: Guid(4ad92822c8d866f4694ca2b75152dd55) Importer(815301076,1909f56bfc062723c751e8b465ee728b)
Number of updated assets reloaded before import = 0
Start importing Assets/04_Textures/Sanctuary/Clouds/cloud_03.png using Guid(4ad92822c8d866f4694ca2b75152dd55) Importer(815301076,1909f56bfc062723c751e8b465ee728b)  -> (artifact id: '711f6b9ddb631652b5216caee2b9b5da') in 0.026004 seconds 
Number of asset objects unloaded after import = 3
========================================================================
Received Import Request.
  Time since last request: 0.000014 seconds.
  path: Assets/04_Textures/NewUI/ShopScreen/img_changguidi (3).png
  artifactKey: Guid(1f9f87789b5dc9547b940d7886383044) Importer(815301076,1909f56bfc062723c751e8b465ee728b)
Number of updated assets reloaded before import = 0
Start importing Assets/04_Textures/NewUI/ShopScreen/img_changguidi (3).png using Guid(1f9f87789b5dc9547b940d7886383044) Importer(815301076,1909f56bfc062723c751e8b465ee728b)  -> (artifact id: '9ad5f84d0bb2301ce2faebc82750b432') in 0.026173 seconds 
Number of asset objects unloaded after import = 3
========================================================================
Received Import Request.
  Time since last request: 0.000014 seconds.
  path: Assets/04_Textures/Characters/Gods/Hestia/Hestia_Eyes_Closed.png
  artifactKey: Guid(cd81ec4940c441e4c9f91585eb9e4b97) Importer(815301076,1909f56bfc062723c751e8b465ee728b)
Number of updated assets reloaded before import = 0
Start importing Assets/04_Textures/Characters/Gods/Hestia/Hestia_Eyes_Closed.png using Guid(cd81ec4940c441e4c9f91585eb9e4b97) Importer(815301076,1909f56bfc062723c751e8b465ee728b)  -> (artifact id: '06119be85b0cf53efe960c5f94866644') in 0.053833 seconds 
Number of asset objects unloaded after import = 3
========================================================================
Received Import Request.
  Time since last request: 0.000013 seconds.
  path: Assets/04_Textures/TileMaps/Walls/doormetal1.png
  artifactKey: Guid(37071105b76425e48bec37f84125d651) Importer(815301076,1909f56bfc062723c751e8b465ee728b)
Number of updated assets reloaded before import = 0
Start importing Assets/04_Textures/TileMaps/Walls/doormetal1.png using Guid(37071105b76425e48bec37f84125d651) Importer(815301076,1909f56bfc062723c751e8b465ee728b)  -> (artifact id: '02c0f58da21f5aaf22f079019b20c1e2') in 0.024523 seconds 
Number of asset objects unloaded after import = 3
========================================================================
Received Import Request.
  Time since last request: 8.640750 seconds.
  path: Assets/04_Textures/BlackCrusaderUI_png/BlackCrusaderUI_el_01_04.png
  artifactKey: Guid(c4751344ff5267140b583d1661194061) Importer(815301076,1909f56bfc062723c751e8b465ee728b)
Number of updated assets reloaded before import = 0
Start importing Assets/04_Textures/BlackCrusaderUI_png/BlackCrusaderUI_el_01_04.png using Guid(c4751344ff5267140b583d1661194061) Importer(815301076,1909f56bfc062723c751e8b465ee728b)  -> (artifact id: 'dc4ed48a257bebdc45848818db2b366b') in 0.027635 seconds 
Number of asset objects unloaded after import = 3
========================================================================
Received Import Request.
  Time since last request: 0.000013 seconds.
  path: Assets/04_Textures/BlackCrusaderUI_png/BlackCrusaderUI_el_36.png
  artifactKey: Guid(7223fdfb5e922014d8aa31a580f167ec) Importer(815301076,1909f56bfc062723c751e8b465ee728b)
Number of updated assets reloaded before import = 0
Start importing Assets/04_Textures/BlackCrusaderUI_png/BlackCrusaderUI_el_36.png using Guid(7223fdfb5e922014d8aa31a580f167ec) Importer(815301076,1909f56bfc062723c751e8b465ee728b)  -> (artifact id: 'd1f68498f3880adae13a82544b8c548e') in 0.035181 seconds 
Number of asset objects unloaded after import = 3
========================================================================
Received Import Request.
  Time since last request: 0.019813 seconds.
  path: Assets/AchievementSystem/Resources/Blank.png
  artifactKey: Guid(28906be28f657f54aa031e4f55f6221d) Importer(815301076,1909f56bfc062723c751e8b465ee728b)
Number of updated assets reloaded before import = 0
Start importing Assets/AchievementSystem/Resources/Blank.png using Guid(28906be28f657f54aa031e4f55f6221d) Importer(815301076,1909f56bfc062723c751e8b465ee728b)  -> (artifact id: 'fc5dac8b0e0618d9b2661610d7189383') in 0.026898 seconds 
Number of asset objects unloaded after import = 3
========================================================================
Received Import Request.
  Time since last request: 0.000013 seconds.
  path: Assets/04_Textures/Icons/Items/Gems/blueGem.png
  artifactKey: Guid(dbfa35942d855fd438e3b2af6af4a74c) Importer(815301076,1909f56bfc062723c751e8b465ee728b)
Number of updated assets reloaded before import = 0
Start importing Assets/04_Textures/Icons/Items/Gems/blueGem.png using Guid(dbfa35942d855fd438e3b2af6af4a74c) Importer(815301076,1909f56bfc062723c751e8b465ee728b)  -> (artifact id: 'e6877a936a661c4f2a69b349df65c9fd') in 0.046496 seconds 
Number of asset objects unloaded after import = 3
========================================================================
Received Import Request.
  Time since last request: 0.000023 seconds.
  path: Assets/04_Textures/Icons/Items/Gems/blueGemSmall.png
  artifactKey: Guid(51186a23ccad88f4a94a66ac18278b81) Importer(815301076,1909f56bfc062723c751e8b465ee728b)
Number of updated assets reloaded before import = 0
Start importing Assets/04_Textures/Icons/Items/Gems/blueGemSmall.png using Guid(51186a23ccad88f4a94a66ac18278b81) Importer(815301076,1909f56bfc062723c751e8b465ee728b)  -> (artifact id: 'ae5694e11be5c628a74db854ee3842f2') in 0.046366 seconds 
Number of asset objects unloaded after import = 3
========================================================================
Received Import Request.
  Time since last request: 0.957120 seconds.
  path: Assets/04_Textures/TileMaps/Walls/bridge1.png
  artifactKey: Guid(86442e902a32c5148bf3a982b457336e) Importer(815301076,1909f56bfc062723c751e8b465ee728b)
Number of updated assets reloaded before import = 0
Start importing Assets/04_Textures/TileMaps/Walls/bridge1.png using Guid(86442e902a32c5148bf3a982b457336e) Importer(815301076,1909f56bfc062723c751e8b465ee728b)  -> (artifact id: '81245c6b37621239ac7ebe6bdec0707e') in 0.023939 seconds 
Number of asset objects unloaded after import = 3
========================================================================
Received Import Request.
  Time since last request: 0.000015 seconds.
  path: Assets/Le Tai's Asset/TrueShadow/Demo/Swipe/Sprites/Burrito.png
  artifactKey: Guid(aae5f72068528ec46b4dc1e793c1a3a3) Importer(815301076,1909f56bfc062723c751e8b465ee728b)
Number of updated assets reloaded before import = 0
Start importing Assets/Le Tai's Asset/TrueShadow/Demo/Swipe/Sprites/Burrito.png using Guid(aae5f72068528ec46b4dc1e793c1a3a3) Importer(815301076,1909f56bfc062723c751e8b465ee728b)  -> (artifact id: '76da78a7fb472b21473aad16f2429a37') in 0.090352 seconds 
Number of asset objects unloaded after import = 3
========================================================================
Received Import Request.
  Time since last request: 0.384550 seconds.
  path: Assets/04_Textures/fantasy_gui_png/button_06.png
  artifactKey: Guid(47b5af5a851da8a45b7b94d605716dd0) Importer(815301076,1909f56bfc062723c751e8b465ee728b)
Number of updated assets reloaded before import = 0
Start importing Assets/04_Textures/fantasy_gui_png/button_06.png using Guid(47b5af5a851da8a45b7b94d605716dd0) Importer(815301076,1909f56bfc062723c751e8b465ee728b)  -> (artifact id: 'ed6e53e9cc38f44272ce4db2bf03d3fe') in 0.026124 seconds 
Number of asset objects unloaded after import = 3
Editor requested this worker to shutdown with reason: Scaling down because of idle timeout
AssetImportWorker is now disconnected from the server
Process exiting
Exiting without the bug reporter. Application will terminate with return code 0