Using pre-set license
Built from '2021.3/staging' branch; Version is '2021.3.31f1 (3409e2af086f) revision 3410402'; Using compiler version '192829333'; Build Type 'Release'
OS: 'Windows 11  (10.0.22621) 64bit Core' Language: 'de' Physical Memory: 32671 MB
BatchMode: 1, IsHumanControllingUs: 0, StartBugReporterOnCrash: 0, Is64bit: 1, IsPro: 1

COMMAND LINE ARGUMENTS:
C:\Program Files\Unity\Hub\Editor\2021.3.31f1\Editor\Unity.exe
-adb2
-batchMode
-noUpm
-name
AssetImportWorker33
-projectPath
D:/Projects/fe-kingdom-mobile/trunk/FireEmblemMobile/FireEmblemMobileUnityProject
-logFile
Logs/AssetImportWorker33.log
-srvPort
63537
Successfully changed project path to: D:/Projects/fe-kingdom-mobile/trunk/FireEmblemMobile/FireEmblemMobileUnityProject
D:/Projects/fe-kingdom-mobile/trunk/FireEmblemMobile/FireEmblemMobileUnityProject
[UnityMemory] Configuration Parameters - Can be set up in boot.config
    "memorysetup-bucket-allocator-granularity=16"
    "memorysetup-bucket-allocator-bucket-count=8"
    "memorysetup-bucket-allocator-block-size=33554432"
    "memorysetup-bucket-allocator-block-count=8"
    "memorysetup-main-allocator-block-size=16777216"
    "memorysetup-thread-allocator-block-size=16777216"
    "memorysetup-gfx-main-allocator-block-size=16777216"
    "memorysetup-gfx-thread-allocator-block-size=16777216"
    "memorysetup-cache-allocator-block-size=4194304"
    "memorysetup-typetree-allocator-block-size=2097152"
    "memorysetup-profiler-bucket-allocator-granularity=16"
    "memorysetup-profiler-bucket-allocator-bucket-count=8"
    "memorysetup-profiler-bucket-allocator-block-size=33554432"
    "memorysetup-profiler-bucket-allocator-block-count=8"
    "memorysetup-profiler-allocator-block-size=16777216"
    "memorysetup-profiler-editor-allocator-block-size=1048576"
    "memorysetup-temp-allocator-size-main=16777216"
    "memorysetup-job-temp-allocator-block-size=2097152"
    "memorysetup-job-temp-allocator-block-size-background=1048576"
    "memorysetup-job-temp-allocator-reduction-small-platforms=262144"
    "memorysetup-temp-allocator-size-background-worker=32768"
    "memorysetup-temp-allocator-size-job-worker=262144"
    "memorysetup-temp-allocator-size-preload-manager=33554432"
    "memorysetup-temp-allocator-size-nav-mesh-worker=65536"
    "memorysetup-temp-allocator-size-audio-worker=65536"
    "memorysetup-temp-allocator-size-cloud-worker=32768"
    "memorysetup-temp-allocator-size-gi-baking-worker=262144"
    "memorysetup-temp-allocator-size-gfx=262144"
Player connection [40788] Host "[IP] 192.168.0.11 [Port] 0 [Flags] 2 [Guid] 2310168158 [EditorId] 2310168158 [Version] 1048832 [Id] WindowsEditor(7,DESKTOP-N1UFFTN) [Debug] 1 [PackageName] WindowsEditor [ProjectName] Editor" joined multi-casting on [225.0.0.222:54997]...

Player connection [40788] Host "[IP] 192.168.0.11 [Port] 0 [Flags] 2 [Guid] 2310168158 [EditorId] 2310168158 [Version] 1048832 [Id] WindowsEditor(7,DESKTOP-N1UFFTN) [Debug] 1 [PackageName] WindowsEditor [ProjectName] Editor" joined alternative multi-casting on [225.0.0.222:34997]...

[Physics::Module] Initialized MultithreadedJobDispatcher with {0} workers.
Refreshing native plugins compatible for Editor in 128.03 ms, found 3 plugins.
Preloading 0 native plugins for Editor in 0.00 ms.
Initialize engine version: 2021.3.31f1 (3409e2af086f)
[Subsystems] Discovering subsystems at path C:/Program Files/Unity/Hub/Editor/2021.3.31f1/Editor/Data/Resources/UnitySubsystems
[Subsystems] Discovering subsystems at path D:/Projects/fe-kingdom-mobile/trunk/FireEmblemMobile/FireEmblemMobileUnityProject/Assets
GfxDevice: creating device client; threaded=0; jobified=0
Direct3D:
    Version:  Direct3D 11.0 [level 11.1]
    Renderer: NVIDIA GeForce RTX 3070 (ID=0x2488)
    Vendor:   NVIDIA
    VRAM:     8031 MB
    Driver:   31.0.15.3699
Shader 'MoreMountains/MMRipple': fallback shader 'Particle/AlphaBlended' not found
Initialize mono
Mono path[0] = 'C:/Program Files/Unity/Hub/Editor/2021.3.31f1/Editor/Data/Managed'
Mono path[1] = 'C:/Program Files/Unity/Hub/Editor/2021.3.31f1/Editor/Data/MonoBleedingEdge/lib/mono/unityjit-win32'
Mono config path = 'C:/Program Files/Unity/Hub/Editor/2021.3.31f1/Editor/Data/MonoBleedingEdge/etc'
Using monoOptions --debugger-agent=transport=dt_socket,embedding=1,server=y,suspend=n,address=127.0.0.1:56324
Begin MonoManager ReloadAssembly
Registering precompiled unity dll's ...
Register platform support module: C:/Program Files/Unity/Hub/Editor/2021.3.31f1/Editor/Data/PlaybackEngines/AndroidPlayer/UnityEditor.Android.Extensions.dll
Register platform support module: C:/Program Files/Unity/Hub/Editor/2021.3.31f1/Editor/Data/PlaybackEngines/iOSSupport/UnityEditor.iOS.Extensions.dll
Register platform support module: C:/Program Files/Unity/Hub/Editor/2021.3.31f1/Editor/Data/PlaybackEngines/WindowsStandaloneSupport/UnityEditor.WindowsStandalone.Extensions.dll
Registered in 0.004312 seconds.
Native extension for WindowsStandalone target not found
[usbmuxd] Start listen thread
[usbmuxd] Listen thread started
Native extension for iOS target not found
Native extension for Android target not found
Android Extension - Scanning For ADB Devices 238 ms
Refreshing native plugins compatible for Editor in 100.81 ms, found 3 plugins.
Preloading 0 native plugins for Editor in 0.00 ms.
Mono: successfully reloaded assembly
- Completed reload, in  0.873 seconds
Domain Reload Profiling:
	ReloadAssembly (873ms)
		BeginReloadAssembly (88ms)
			ExecutionOrderSort (0ms)
			DisableScriptedObjects (0ms)
			BackupInstance (0ms)
			ReleaseScriptingObjects (0ms)
			CreateAndSetChildDomain (0ms)
		EndReloadAssembly (709ms)
			LoadAssemblies (88ms)
			RebuildTransferFunctionScriptingTraits (0ms)
			SetupTypeCache (91ms)
			ReleaseScriptCaches (0ms)
			RebuildScriptCaches (28ms)
			SetupLoadedEditorAssemblies (548ms)
				LogAssemblyErrors (0ms)
				InitializePlatformSupportModulesInManaged (338ms)
				SetLoadedEditorAssemblies (0ms)
				RefreshPlugins (101ms)
				BeforeProcessingInitializeOnLoad (1ms)
				ProcessInitializeOnLoadAttributes (72ms)
				ProcessInitializeOnLoadMethodAttributes (36ms)
				AfterProcessingInitializeOnLoad (0ms)
				EditorAssembliesLoaded (0ms)
			ExecutionOrderSort2 (0ms)
			AwakeInstancesAfterBackupRestoration (0ms)
Platform modules already initialized, skipping
Registering precompiled user dll's ...
Registered in 0.004398 seconds.
Begin MonoManager ReloadAssembly
Symbol file LoadedFromMemory is not a mono symbol file
Native extension for WindowsStandalone target not found
Native extension for iOS target not found
Native extension for Android target not found
Refreshing native plugins compatible for Editor in 106.99 ms, found 3 plugins.
Preloading 0 native plugins for Editor in 0.00 ms.
Package Manager log level set to [2]
[Package Manager] Server::EnsureServerProcessIsRunning -- launch failed, reason: Unity was launched with the -noUpm command-line argument
[Package Manager] Cannot connect to Unity Package Manager local server
Mono: successfully reloaded assembly
- Completed reload, in  1.757 seconds
Domain Reload Profiling:
	ReloadAssembly (1758ms)
		BeginReloadAssembly (97ms)
			ExecutionOrderSort (0ms)
			DisableScriptedObjects (6ms)
			BackupInstance (0ms)
			ReleaseScriptingObjects (0ms)
			CreateAndSetChildDomain (17ms)
		EndReloadAssembly (1583ms)
			LoadAssemblies (98ms)
			RebuildTransferFunctionScriptingTraits (0ms)
			SetupTypeCache (332ms)
			ReleaseScriptCaches (1ms)
			RebuildScriptCaches (96ms)
			SetupLoadedEditorAssemblies (1010ms)
				LogAssemblyErrors (0ms)
				InitializePlatformSupportModulesInManaged (24ms)
				SetLoadedEditorAssemblies (0ms)
				RefreshPlugins (107ms)
				BeforeProcessingInitializeOnLoad (111ms)
				ProcessInitializeOnLoadAttributes (618ms)
				ProcessInitializeOnLoadMethodAttributes (145ms)
				AfterProcessingInitializeOnLoad (5ms)
				EditorAssembliesLoaded (0ms)
			ExecutionOrderSort2 (0ms)
			AwakeInstancesAfterBackupRestoration (4ms)
Platform modules already initialized, skipping
========================================================================
Worker process is ready to serve import requests
Shader 'MoreMountains/MMRipple': fallback shader 'Particle/AlphaBlended' not found
Launched and connected shader compiler UnityShaderCompiler.exe after 0.04 seconds
Refreshing native plugins compatible for Editor in 1.91 ms, found 3 plugins.
Preloading 0 native plugins for Editor in 0.00 ms.
Unloading 6549 Unused Serialized files (Serialized files now loaded: 0)
Unloading 96 unused Assets / (2.0 MB). Loaded Objects now: 7069.
Memory consumption went from 362.6 MB to 360.6 MB.
Total: 6.934800 ms (FindLiveObjects: 0.417500 ms CreateObjectMapping: 0.307200 ms MarkObjects: 5.734300 ms  DeleteObjects: 0.475000 ms)

AssetImportParameters requested are different than current active one (requested -> active):
  custom:video-decoder-ogg-theora: a1e56fd34408186e4bbccfd4996cb3dc -> 
  custom:container-muxer-webm: aa71ff27fc2769a1b78a27578f13a17b -> 
  custom:container-demuxer-webm: 4f35f7cbe854078d1ac9338744f61a02 -> 
  custom:video-encoder-webm-vp8: eb34c28f22e8b96e1ab97ce403110664 -> 
  custom:CustomObjectIndexerAttribute: f67f22312cbe972f2da930a377ed3d15 -> 
  custom:audio-encoder-webm-vorbis: bf7c407c2cedff20999df2af8eb42d56 -> 
  custom:framework-win-MediaFoundation: 216162199b28c13a410421893ffa2e32 -> 
  custom:SearchIndexIgnoredProperties: e643bd26f0fe6173181afceb89e7c659 -> 
  custom:container-demuxer-ogg: 62fdf1f143b41e24485cea50d1cbac27 -> 
  custom:video-decoder-webm-vp8: 9c59270c3fd7afecdb556c50c9e8de78 -> 
  custom:audio-decoder-ogg-vorbis: bf7c407c2cedff20999df2af8eb42d56 -> 
========================================================================
Received Import Request.
  Time since last request: 831981.064059 seconds.
  path: Assets/04_Textures/Characters/concept2.png
  artifactKey: Guid(b9942c9711e45f646bd860cb7d3937fc) Importer(815301076,1909f56bfc062723c751e8b465ee728b)
Number of updated assets reloaded before import = 0
Start importing Assets/04_Textures/Characters/concept2.png using Guid(b9942c9711e45f646bd860cb7d3937fc) Importer(815301076,1909f56bfc062723c751e8b465ee728b)  -> (artifact id: '3dd70df9045960e483af72932083220d') in 0.165365 seconds 
Number of asset objects unloaded after import = 3
========================================================================
Received Import Request.
  Time since last request: 40.017136 seconds.
  path: Assets/04_Textures/Characters/concept2.png
  artifactKey: Guid(b9942c9711e45f646bd860cb7d3937fc) Importer(815301076,1909f56bfc062723c751e8b465ee728b)
Number of updated assets reloaded before import = 0
Start importing Assets/04_Textures/Characters/concept2.png using Guid(b9942c9711e45f646bd860cb7d3937fc) Importer(815301076,1909f56bfc062723c751e8b465ee728b)  -> (artifact id: '6c8f3a217fd1b4efd16d3cc16c5e2880') in 0.073958 seconds 
Number of asset objects unloaded after import = 3
========================================================================
Received Import Request.
  Time since last request: 7.309839 seconds.
  path: Assets/04_Textures/Characters/concept2.png
  artifactKey: Guid(b9942c9711e45f646bd860cb7d3937fc) Importer(815301076,1909f56bfc062723c751e8b465ee728b)
Number of updated assets reloaded before import = 0
Start importing Assets/04_Textures/Characters/concept2.png using Guid(b9942c9711e45f646bd860cb7d3937fc) Importer(815301076,1909f56bfc062723c751e8b465ee728b)  -> (artifact id: '84fe2e62b6bbfb7fdecd87a5233486f1') in 0.072850 seconds 
Number of asset objects unloaded after import = 3
========================================================================
Received Import Request.
  Time since last request: 21.248312 seconds.
  path: Assets/04_Textures/Characters/concept2.png
  artifactKey: Guid(b9942c9711e45f646bd860cb7d3937fc) Importer(815301076,1909f56bfc062723c751e8b465ee728b)
Number of updated assets reloaded before import = 0
Start importing Assets/04_Textures/Characters/concept2.png using Guid(b9942c9711e45f646bd860cb7d3937fc) Importer(815301076,1909f56bfc062723c751e8b465ee728b)  -> (artifact id: '30fa14d41294ed65eb1fb597553a8de4') in 0.070544 seconds 
Number of asset objects unloaded after import = 3
========================================================================
Received Import Request.
  Time since last request: 84.969236 seconds.
  path: Assets/04_Textures/TileMaps/OutdoorProps/DryBush.png
  artifactKey: Guid(4dc4fba09472cd249a232b61d202a103) Importer(815301076,1909f56bfc062723c751e8b465ee728b)
Number of updated assets reloaded before import = 0
Start importing Assets/04_Textures/TileMaps/OutdoorProps/DryBush.png using Guid(4dc4fba09472cd249a232b61d202a103) Importer(815301076,1909f56bfc062723c751e8b465ee728b)  -> (artifact id: '934f1edcccb5aa20713be99a37caa020') in 0.024948 seconds 
Number of asset objects unloaded after import = 3
========================================================================
Received Import Request.
  Time since last request: 0.000015 seconds.
  path: Assets/Feel/FeelDemos/Wheel/Animation/FeelWheelDust.png
  artifactKey: Guid(bad6c0f0bf6c3aa4690d400a757fa284) Importer(815301076,1909f56bfc062723c751e8b465ee728b)
Number of updated assets reloaded before import = 0
Start importing Assets/Feel/FeelDemos/Wheel/Animation/FeelWheelDust.png using Guid(bad6c0f0bf6c3aa4690d400a757fa284) Importer(815301076,1909f56bfc062723c751e8b465ee728b)  -> (artifact id: '5d5bb7849a4c4af8ab0f7b2cd4b9c218') in 0.132299 seconds 
Number of asset objects unloaded after import = 27
========================================================================
Received Import Request.
  Time since last request: 1.088635 seconds.
  path: Assets/04_Textures/TabletopBadges_png/TabletopBadges_12.png
  artifactKey: Guid(f806eb404051c0944a3d9a15832e6682) Importer(815301076,1909f56bfc062723c751e8b465ee728b)
Number of updated assets reloaded before import = 0
Start importing Assets/04_Textures/TabletopBadges_png/TabletopBadges_12.png using Guid(f806eb404051c0944a3d9a15832e6682) Importer(815301076,1909f56bfc062723c751e8b465ee728b)  -> (artifact id: '9e21f47588e806a8238d04a05403e87d') in 0.042179 seconds 
Number of asset objects unloaded after import = 3
========================================================================
Received Import Request.
  Time since last request: 0.000018 seconds.
  path: Assets/04_Textures/Characters/Valkyrie/valkyrie-critical-attacks-sprite-p1.png
  artifactKey: Guid(b2015bad17fafb445a83270b6053e7b5) Importer(815301076,1909f56bfc062723c751e8b465ee728b)
Number of updated assets reloaded before import = 0
Start importing Assets/04_Textures/Characters/Valkyrie/valkyrie-critical-attacks-sprite-p1.png using Guid(b2015bad17fafb445a83270b6053e7b5) Importer(815301076,1909f56bfc062723c751e8b465ee728b)  -> (artifact id: 'a48fe6a86b11cf97b5a9c48effe36d05') in 0.050700 seconds 
Number of asset objects unloaded after import = 3
========================================================================
Received Import Request.
  Time since last request: 0.000019 seconds.
  path: Assets/04_Textures/Characters/Valkyrie2/Viking girl basic attack (1).png
  artifactKey: Guid(0cc70579446b3ba4abd532f93af62215) Importer(815301076,1909f56bfc062723c751e8b465ee728b)
Number of updated assets reloaded before import = 0
Start importing Assets/04_Textures/Characters/Valkyrie2/Viking girl basic attack (1).png using Guid(0cc70579446b3ba4abd532f93af62215) Importer(815301076,1909f56bfc062723c751e8b465ee728b)  -> (artifact id: 'eac4537c751f9a420ef5f33b43d41147') in 0.046993 seconds 
Number of asset objects unloaded after import = 3
========================================================================
Received Import Request.
  Time since last request: 0.000016 seconds.
  path: Assets/04_Textures/TabletopBadges_png/TabletopBadges_41.PNG
  artifactKey: Guid(75ccd5e7096e6404ea707d9c7435086b) Importer(815301076,1909f56bfc062723c751e8b465ee728b)
Number of updated assets reloaded before import = 0
Start importing Assets/04_Textures/TabletopBadges_png/TabletopBadges_41.PNG using Guid(75ccd5e7096e6404ea707d9c7435086b) Importer(815301076,1909f56bfc062723c751e8b465ee728b)  -> (artifact id: '3a41450aa8ede41009a80f2f0d917cdc') in 0.038182 seconds 
Number of asset objects unloaded after import = 3
========================================================================
Received Import Request.
  Time since last request: 0.000022 seconds.
  path: Assets/04_Textures/TabletopBadges_png/TabletopBadges_32.PNG
  artifactKey: Guid(d53746bab5e7e594eaa962b2adf2c54d) Importer(815301076,1909f56bfc062723c751e8b465ee728b)
Number of updated assets reloaded before import = 0
Start importing Assets/04_Textures/TabletopBadges_png/TabletopBadges_32.PNG using Guid(d53746bab5e7e594eaa962b2adf2c54d) Importer(815301076,1909f56bfc062723c751e8b465ee728b)  -> (artifact id: '57e5ac3be45f83b99764551891a3c316') in 0.052545 seconds 
Number of asset objects unloaded after import = 3
========================================================================
Received Import Request.
  Time since last request: 0.000015 seconds.
  path: Assets/04_Textures/TabletopBadges_png/TabletopBadges_46.PNG
  artifactKey: Guid(2254b3342f32fd5499e891c170f28435) Importer(815301076,1909f56bfc062723c751e8b465ee728b)
Number of updated assets reloaded before import = 0
Start importing Assets/04_Textures/TabletopBadges_png/TabletopBadges_46.PNG using Guid(2254b3342f32fd5499e891c170f28435) Importer(815301076,1909f56bfc062723c751e8b465ee728b)  -> (artifact id: 'dd1998753abdbf281c85f119787c528c') in 0.033975 seconds 
Number of asset objects unloaded after import = 3
========================================================================
Received Import Request.
  Time since last request: 0.000014 seconds.
  path: Assets/04_Textures/TabletopBadges_png/TabletopBadges_31.PNG
  artifactKey: Guid(97263e9ebfecb1245b274606eda09563) Importer(815301076,1909f56bfc062723c751e8b465ee728b)
Number of updated assets reloaded before import = 0
Start importing Assets/04_Textures/TabletopBadges_png/TabletopBadges_31.PNG using Guid(97263e9ebfecb1245b274606eda09563) Importer(815301076,1909f56bfc062723c751e8b465ee728b)  -> (artifact id: 'ba8d500d89c9421d11523c98f31a1196') in 0.039744 seconds 
Number of asset objects unloaded after import = 3
========================================================================
Received Import Request.
  Time since last request: 0.000034 seconds.
  path: Assets/04_Textures/Icons/Weapons/UI_Icons_weapons_staff.png
  artifactKey: Guid(49345b4e6b6effc4dbd63be9f4264bdc) Importer(815301076,1909f56bfc062723c751e8b465ee728b)
Number of updated assets reloaded before import = 0
Start importing Assets/04_Textures/Icons/Weapons/UI_Icons_weapons_staff.png using Guid(49345b4e6b6effc4dbd63be9f4264bdc) Importer(815301076,1909f56bfc062723c751e8b465ee728b)  -> (artifact id: '9154ea0ca3c207b4308680edad2a40b1') in 0.030414 seconds 
Number of asset objects unloaded after import = 3
========================================================================
Received Import Request.
  Time since last request: 0.000016 seconds.
  path: Assets/04_Textures/TabletopBadges_png/TabletopBadges_47.PNG
  artifactKey: Guid(ca7d86eeb5422da4fb6597d2eb9879e2) Importer(815301076,1909f56bfc062723c751e8b465ee728b)
Number of updated assets reloaded before import = 0
Start importing Assets/04_Textures/TabletopBadges_png/TabletopBadges_47.PNG using Guid(ca7d86eeb5422da4fb6597d2eb9879e2) Importer(815301076,1909f56bfc062723c751e8b465ee728b)  -> (artifact id: '683b91ab8474971302948e34757afc1c') in 0.028554 seconds 
Number of asset objects unloaded after import = 3
========================================================================
Received Import Request.
  Time since last request: 0.000015 seconds.
  path: Assets/04_Textures/TabletopBadges_png/TabletopBadges_50.PNG
  artifactKey: Guid(faedb8c40c2efca4f8ab41f3bea32c42) Importer(815301076,1909f56bfc062723c751e8b465ee728b)
Number of updated assets reloaded before import = 0
Start importing Assets/04_Textures/TabletopBadges_png/TabletopBadges_50.PNG using Guid(faedb8c40c2efca4f8ab41f3bea32c42) Importer(815301076,1909f56bfc062723c751e8b465ee728b)  -> (artifact id: '345ae6e8d45051fb02cd6f83d5679384') in 0.032013 seconds 
Number of asset objects unloaded after import = 3
========================================================================
Received Import Request.
  Time since last request: 0.000033 seconds.
  path: Assets/04_Textures/TabletopBadges_png/TabletopBadges_25.PNG
  artifactKey: Guid(fc1fa7794ce4e0b4cac5648dfaea0eff) Importer(815301076,1909f56bfc062723c751e8b465ee728b)
Number of updated assets reloaded before import = 0
Start importing Assets/04_Textures/TabletopBadges_png/TabletopBadges_25.PNG using Guid(fc1fa7794ce4e0b4cac5648dfaea0eff) Importer(815301076,1909f56bfc062723c751e8b465ee728b)  -> (artifact id: 'ebd619cb5da05c76dbf57b85685118fc') in 0.039986 seconds 
Number of asset objects unloaded after import = 3
========================================================================
Received Import Request.
  Time since last request: 0.000023 seconds.
  path: Assets/04_Textures/TabletopBadges_png/TabletopBadges_34.PNG
  artifactKey: Guid(6fa4f93048d1e554ea1d1a77f5acb64c) Importer(815301076,1909f56bfc062723c751e8b465ee728b)
Number of updated assets reloaded before import = 0
Start importing Assets/04_Textures/TabletopBadges_png/TabletopBadges_34.PNG using Guid(6fa4f93048d1e554ea1d1a77f5acb64c) Importer(815301076,1909f56bfc062723c751e8b465ee728b)  -> (artifact id: '3beb01159f0e78013b6a40201e430310') in 0.049670 seconds 
Number of asset objects unloaded after import = 3
========================================================================
Received Import Request.
  Time since last request: 0.000022 seconds.
  path: Assets/04_Textures/TabletopBadges_png/TabletopBadges_20.PNG
  artifactKey: Guid(6aa187f5d2b12494d82f97ee0e56decf) Importer(815301076,1909f56bfc062723c751e8b465ee728b)
Number of updated assets reloaded before import = 0
Start importing Assets/04_Textures/TabletopBadges_png/TabletopBadges_20.PNG using Guid(6aa187f5d2b12494d82f97ee0e56decf) Importer(815301076,1909f56bfc062723c751e8b465ee728b)  -> (artifact id: '54192dcb31d2cb3af31c446a78a5ed6f') in 0.034239 seconds 
Number of asset objects unloaded after import = 3
========================================================================
Received Import Request.
  Time since last request: 0.000014 seconds.
  path: Assets/04_Textures/TabletopBadges_png/TabletopBadges_43.PNG
  artifactKey: Guid(ebbb25b7fa3946a45ae441d64dcb3dc0) Importer(815301076,1909f56bfc062723c751e8b465ee728b)
Number of updated assets reloaded before import = 0
Start importing Assets/04_Textures/TabletopBadges_png/TabletopBadges_43.PNG using Guid(ebbb25b7fa3946a45ae441d64dcb3dc0) Importer(815301076,1909f56bfc062723c751e8b465ee728b)  -> (artifact id: '87cb2372e3aab46158bbd2284ba2977b') in 0.037142 seconds 
Number of asset objects unloaded after import = 3
========================================================================
Received Import Request.
  Time since last request: 0.000016 seconds.
  path: Assets/04_Textures/TabletopBadges_png/TabletopBadges_45.PNG
  artifactKey: Guid(4f6d23f1afd69f24fac34f2ee86f571b) Importer(815301076,1909f56bfc062723c751e8b465ee728b)
Number of updated assets reloaded before import = 0
Start importing Assets/04_Textures/TabletopBadges_png/TabletopBadges_45.PNG using Guid(4f6d23f1afd69f24fac34f2ee86f571b) Importer(815301076,1909f56bfc062723c751e8b465ee728b)  -> (artifact id: '270a892072011bdf0ad02f17fb50207f') in 0.038555 seconds 
Number of asset objects unloaded after import = 3
========================================================================
Received Import Request.
  Time since last request: 0.000018 seconds.
  path: Assets/04_Textures/Characters/taller.png
  artifactKey: Guid(e5bb577009291ea40a6b97c9da66e0e0) Importer(815301076,1909f56bfc062723c751e8b465ee728b)
Number of updated assets reloaded before import = 0
Start importing Assets/04_Textures/Characters/taller.png using Guid(e5bb577009291ea40a6b97c9da66e0e0) Importer(815301076,1909f56bfc062723c751e8b465ee728b)  -> (artifact id: 'f316e5c7cf44553261233b6bd62ca4d4') in 0.077411 seconds 
Number of asset objects unloaded after import = 3
========================================================================
Received Import Request.
  Time since last request: 0.000014 seconds.
  path: Assets/04_Textures/TabletopBadges_png/TabletopBadges_16.PNG
  artifactKey: Guid(747114e42d87566409228b56a65c8963) Importer(815301076,1909f56bfc062723c751e8b465ee728b)
Number of updated assets reloaded before import = 0
Start importing Assets/04_Textures/TabletopBadges_png/TabletopBadges_16.PNG using Guid(747114e42d87566409228b56a65c8963) Importer(815301076,1909f56bfc062723c751e8b465ee728b)  -> (artifact id: '0b37101b46366066657010d1a2f8c6cf') in 0.032184 seconds 
Number of asset objects unloaded after import = 3
========================================================================
Received Import Request.
  Time since last request: 0.000015 seconds.
  path: Assets/Le Tai's Asset/TrueShadow/Demo/Swipe/Sprites/Taco.png
  artifactKey: Guid(adbadebcc758d564a932be7a5f50ecf4) Importer(815301076,1909f56bfc062723c751e8b465ee728b)
Number of updated assets reloaded before import = 0
Start importing Assets/Le Tai's Asset/TrueShadow/Demo/Swipe/Sprites/Taco.png using Guid(adbadebcc758d564a932be7a5f50ecf4) Importer(815301076,1909f56bfc062723c751e8b465ee728b)  -> (artifact id: '3bb568728fb1b5bd3a180c263408515a') in 0.025346 seconds 
Number of asset objects unloaded after import = 3
========================================================================
Received Import Request.
  Time since last request: 0.000014 seconds.
  path: Assets/04_Textures/Characters/Valkyrie/valkyrie-attack-trail.png
  artifactKey: Guid(0f6365e6ee2f5314c95b63f56b192eb9) Importer(815301076,1909f56bfc062723c751e8b465ee728b)
Number of updated assets reloaded before import = 0
Start importing Assets/04_Textures/Characters/Valkyrie/valkyrie-attack-trail.png using Guid(0f6365e6ee2f5314c95b63f56b192eb9) Importer(815301076,1909f56bfc062723c751e8b465ee728b)  -> (artifact id: '27b24cf9e356bdc15a83c364fda75e38') in 0.024283 seconds 
Number of asset objects unloaded after import = 3
========================================================================
Received Import Request.
  Time since last request: 0.000016 seconds.
  path: Assets/04_Textures/Characters/Valkyrie/valkyrie-takes-damage-sprite.png
  artifactKey: Guid(91e9702cf6885904582f468982c32c0b) Importer(815301076,1909f56bfc062723c751e8b465ee728b)
Number of updated assets reloaded before import = 0
Start importing Assets/04_Textures/Characters/Valkyrie/valkyrie-takes-damage-sprite.png using Guid(91e9702cf6885904582f468982c32c0b) Importer(815301076,1909f56bfc062723c751e8b465ee728b)  -> (artifact id: '89921b0c190a848a00c9bf1c22db7479') in 0.051810 seconds 
Number of asset objects unloaded after import = 3
========================================================================
Received Import Request.
  Time since last request: 0.000019 seconds.
  path: Assets/04_Textures/Characters/Valkyrie/valkyrie-attack-sprite.png
  artifactKey: Guid(530edc3a8a3e0294bb23ca6f3a5555ee) Importer(815301076,1909f56bfc062723c751e8b465ee728b)
Number of updated assets reloaded before import = 0
Start importing Assets/04_Textures/Characters/Valkyrie/valkyrie-attack-sprite.png using Guid(530edc3a8a3e0294bb23ca6f3a5555ee) Importer(815301076,1909f56bfc062723c751e8b465ee728b)  -> (artifact id: 'ee86a610356b6cebb6e3851fe245cfdf') in 0.049818 seconds 
Number of asset objects unloaded after import = 3
========================================================================
Received Import Request.
  Time since last request: 0.000019 seconds.
  path: Assets/04_Textures/TabletopBadges_png/TabletopBadges_36.PNG
  artifactKey: Guid(b43f67d214a4e8146996fb560beca799) Importer(815301076,1909f56bfc062723c751e8b465ee728b)
Number of updated assets reloaded before import = 0
Start importing Assets/04_Textures/TabletopBadges_png/TabletopBadges_36.PNG using Guid(b43f67d214a4e8146996fb560beca799) Importer(815301076,1909f56bfc062723c751e8b465ee728b)  -> (artifact id: '9de0237afeb9a7030fedcca62304b3a7') in 0.032754 seconds 
Number of asset objects unloaded after import = 3
========================================================================
Received Import Request.
  Time since last request: 0.000013 seconds.
  path: Assets/04_Textures/TabletopBadges_png/TabletopBadges_21.PNG
  artifactKey: Guid(f0d6243a7fe79624a9da27e65a399c4b) Importer(815301076,1909f56bfc062723c751e8b465ee728b)
Number of updated assets reloaded before import = 0
Start importing Assets/04_Textures/TabletopBadges_png/TabletopBadges_21.PNG using Guid(f0d6243a7fe79624a9da27e65a399c4b) Importer(815301076,1909f56bfc062723c751e8b465ee728b)  -> (artifact id: '7f13df52e011cf79d3a7b99022c4ec1e') in 0.028705 seconds 
Number of asset objects unloaded after import = 3
========================================================================
Received Import Request.
  Time since last request: 0.000016 seconds.
  path: Assets/04_Textures/TabletopBadges_png/TabletopBadges_18.PNG
  artifactKey: Guid(3bf3900f1077f5e45bd5d6d92ad8ce1f) Importer(815301076,1909f56bfc062723c751e8b465ee728b)
Number of updated assets reloaded before import = 0
Start importing Assets/04_Textures/TabletopBadges_png/TabletopBadges_18.PNG using Guid(3bf3900f1077f5e45bd5d6d92ad8ce1f) Importer(815301076,1909f56bfc062723c751e8b465ee728b)  -> (artifact id: '007f44fe242f5db12355f831b8e4aa92') in 0.037395 seconds 
Number of asset objects unloaded after import = 3
========================================================================
Received Import Request.
  Time since last request: 0.000017 seconds.
  path: Assets/04_Textures/Characters/Valkyrie2/Viking girl critical attack.png
  artifactKey: Guid(7e34b910958c41944978798bc3210133) Importer(815301076,1909f56bfc062723c751e8b465ee728b)
Number of updated assets reloaded before import = 0
Start importing Assets/04_Textures/Characters/Valkyrie2/Viking girl critical attack.png using Guid(7e34b910958c41944978798bc3210133) Importer(815301076,1909f56bfc062723c751e8b465ee728b)  -> (artifact id: 'd1df2792d9113d024d7dcd6339c5f176') in 0.050353 seconds 
Number of asset objects unloaded after import = 3
Editor requested this worker to shutdown with reason: Scaling down because of idle timeout
AssetImportWorker is now disconnected from the server
Process exiting
Exiting without the bug reporter. Application will terminate with return code 0