Unity Editor version:    2021.3.32f1 (3b9dae9532f5)
Branch:                  2021.3/staging
Build type:              Release
Batch mode:              YES
macOS version:           Version 14.1.1 (Build 23B2082)
Darwin version:          23.1.0
Architecture:            arm64
Running under Rosetta:   NO
Available memory:        18432 MB
Using pre-set license
Pro License: YES

COMMAND LINE ARGUMENTS:
/Applications/Unity/Hub/Editor/2021.3.32f1/Unity.app/Contents/MacOS/Unity
-adb2
-batchMode
-noUpm
-name
AssetImportWorker25
-projectPath
/Users/daniel/Documents/fe-kingdom-mobile/trunk/FireEmblemMobile/FireEmblemMobileUnityProject
-logFile
Logs/AssetImportWorker25.log
-srvPort
50955
Successfully changed project path to: /Users/daniel/Documents/fe-kingdom-mobile/trunk/FireEmblemMobile/FireEmblemMobileUnityProject
/Users/daniel/Documents/fe-kingdom-mobile/trunk/FireEmblemMobile/FireEmblemMobileUnityProject
[UnityMemory] Configuration Parameters - Can be set up in boot.config
    "memorysetup-bucket-allocator-granularity=16"
    "memorysetup-bucket-allocator-bucket-count=8"
    "memorysetup-bucket-allocator-block-size=33554432"
    "memorysetup-bucket-allocator-block-count=8"
    "memorysetup-main-allocator-block-size=16777216"
    "memorysetup-thread-allocator-block-size=16777216"
    "memorysetup-gfx-main-allocator-block-size=16777216"
    "memorysetup-gfx-thread-allocator-block-size=16777216"
    "memorysetup-cache-allocator-block-size=4194304"
    "memorysetup-typetree-allocator-block-size=2097152"
    "memorysetup-profiler-bucket-allocator-granularity=16"
    "memorysetup-profiler-bucket-allocator-bucket-count=8"
    "memorysetup-profiler-bucket-allocator-block-size=33554432"
    "memorysetup-profiler-bucket-allocator-block-count=8"
    "memorysetup-profiler-allocator-block-size=16777216"
    "memorysetup-profiler-editor-allocator-block-size=1048576"
    "memorysetup-temp-allocator-size-main=16777216"
    "memorysetup-job-temp-allocator-block-size=2097152"
    "memorysetup-job-temp-allocator-block-size-background=1048576"
    "memorysetup-job-temp-allocator-reduction-small-platforms=262144"
    "memorysetup-temp-allocator-size-background-worker=32768"
    "memorysetup-temp-allocator-size-job-worker=262144"
    "memorysetup-temp-allocator-size-preload-manager=33554432"
    "memorysetup-temp-allocator-size-nav-mesh-worker=65536"
    "memorysetup-temp-allocator-size-audio-worker=65536"
    "memorysetup-temp-allocator-size-cloud-worker=32768"
    "memorysetup-temp-allocator-size-gi-baking-worker=262144"
    "memorysetup-temp-allocator-size-gfx=262144"
Player connection [7958519488] Host "[IP] 192.168.0.2 [Port] 0 [Flags] 2 [Guid] 1641391193 [EditorId] 1641391193 [Version] 1048832 [Id] OSXEditor(0,Daniels-MacBook-Pro.local) [Debug] 1 [PackageName] OSXEditor [ProjectName] Editor" joined multi-casting on [225.0.0.222:54997]...

Player connection [7958519488] Host "[IP] 192.168.0.2 [Port] 0 [Flags] 2 [Guid] 1641391193 [EditorId] 1641391193 [Version] 1048832 [Id] OSXEditor(0,Daniels-MacBook-Pro.local) [Debug] 1 [PackageName] OSXEditor [ProjectName] Editor" joined alternative multi-casting on [225.0.0.222:34997]...

[Physics::Module] Initialized MultithreadedJobDispatcher with {0} workers.
Refreshing native plugins compatible for Editor in 143.84 ms, found 2 plugins.
Preloading 1 native plugins for Editor in 0.56 ms.
Initialize engine version: 2021.3.32f1 (3b9dae9532f5)
[Subsystems] Discovering subsystems at path /Applications/Unity/Hub/Editor/2021.3.32f1/Unity.app/Contents/Resources/UnitySubsystems
[Subsystems] Discovering subsystems at path /Users/daniel/Documents/fe-kingdom-mobile/trunk/FireEmblemMobile/FireEmblemMobileUnityProject/Assets
GfxDevice: creating device client; threaded=0; jobified=0
 preferred device: Apple M3 Pro (high power)
Metal devices available: 1
0: Apple M3 Pro (high power)
Using device Apple M3 Pro (high power)
Initializing Metal device caps: Apple M3 Pro
Shader 'CartoonCoffee/Particle Basic': fallback shader '2' not found
Shader 'CartoonCoffee/Particle Additive': fallback shader '2' not found
Shader 'MoreMountains/MMRipple': fallback shader 'Particle/AlphaBlended' not found
Initialize mono
Mono path[0] = '/Applications/Unity/Hub/Editor/2021.3.32f1/Unity.app/Contents/Managed'
Mono path[1] = '/Applications/Unity/Hub/Editor/2021.3.32f1/Unity.app/Contents/MonoBleedingEdge/lib/mono/unityjit-macos'
Mono config path = '/Applications/Unity/Hub/Editor/2021.3.32f1/Unity.app/Contents/MonoBleedingEdge/etc'
Using monoOptions --debugger-agent=transport=dt_socket,embedding=1,server=y,suspend=n,address=127.0.0.1:56852
Begin MonoManager ReloadAssembly
Registering precompiled unity dll's ...
Register platform support module: /Applications/Unity/Hub/Editor/2021.3.32f1/Unity.app/Contents/PlaybackEngines/MacStandaloneSupport/UnityEditor.OSXStandalone.Extensions.dll
Register platform support module: /Applications/Unity/Hub/Editor/2021.3.32f1/PlaybackEngines/AndroidPlayer/UnityEditor.Android.Extensions.dll
Register platform support module: /Applications/Unity/Hub/Editor/2021.3.32f1/PlaybackEngines/iOSSupport/UnityEditor.iOS.Extensions.dll
Registered in 0.001074 seconds.
[usbmuxd] Start listen thread
[usbmuxd] Listen thread started
[usbmuxd] Send listen message
Native extension for iOS target not found
Native extension for Android target not found
Android Extension - Scanning For ADB Devices 66 ms
Native extension for OSXStandalone target not found
Refreshing native plugins compatible for Editor in 110.60 ms, found 2 plugins.
Preloading 1 native plugins for Editor in 0.19 ms.
Mono: successfully reloaded assembly
- Completed reload, in  0.517 seconds
Domain Reload Profiling:
	ReloadAssembly (517ms)
		BeginReloadAssembly (55ms)
			ExecutionOrderSort (0ms)
			DisableScriptedObjects (0ms)
			BackupInstance (0ms)
			ReleaseScriptingObjects (0ms)
			CreateAndSetChildDomain (0ms)
		EndReloadAssembly (416ms)
			LoadAssemblies (56ms)
			RebuildTransferFunctionScriptingTraits (0ms)
			SetupTypeCache (56ms)
			ReleaseScriptCaches (0ms)
			RebuildScriptCaches (15ms)
			SetupLoadedEditorAssemblies (322ms)
				LogAssemblyErrors (0ms)
				InitializePlatformSupportModulesInManaged (162ms)
				SetLoadedEditorAssemblies (0ms)
				RefreshPlugins (111ms)
				BeforeProcessingInitializeOnLoad (1ms)
				ProcessInitializeOnLoadAttributes (32ms)
				ProcessInitializeOnLoadMethodAttributes (17ms)
				AfterProcessingInitializeOnLoad (0ms)
				EditorAssembliesLoaded (0ms)
			ExecutionOrderSort2 (0ms)
			AwakeInstancesAfterBackupRestoration (0ms)
Platform modules already initialized, skipping
Registering precompiled user dll's ...
Registered in 0.010053 seconds.
Begin MonoManager ReloadAssembly
Symbol file LoadedFromMemory is not a mono symbol file
Native extension for iOS target not found
Native extension for Android target not found
Native extension for OSXStandalone target not found
Refreshing native plugins compatible for Editor in 105.63 ms, found 2 plugins.
Preloading 1 native plugins for Editor in 0.17 ms.
Package Manager log level set to [2]
[Package Manager] Server::EnsureServerProcessIsRunning -- launch failed, reason: Unity was launched with the -noUpm command-line argument
[Package Manager] Cannot connect to Unity Package Manager local server
Mono: successfully reloaded assembly
- Completed reload, in  1.185 seconds
Domain Reload Profiling:
	ReloadAssembly (1186ms)
		BeginReloadAssembly (51ms)
			ExecutionOrderSort (0ms)
			DisableScriptedObjects (2ms)
			BackupInstance (0ms)
			ReleaseScriptingObjects (0ms)
			CreateAndSetChildDomain (14ms)
		EndReloadAssembly (1085ms)
			LoadAssemblies (78ms)
			RebuildTransferFunctionScriptingTraits (0ms)
			SetupTypeCache (181ms)
			ReleaseScriptCaches (0ms)
			RebuildScriptCaches (57ms)
			SetupLoadedEditorAssemblies (734ms)
				LogAssemblyErrors (0ms)
				InitializePlatformSupportModulesInManaged (12ms)
				SetLoadedEditorAssemblies (0ms)
				RefreshPlugins (106ms)
				BeforeProcessingInitializeOnLoad (54ms)
				ProcessInitializeOnLoadAttributes (481ms)
				ProcessInitializeOnLoadMethodAttributes (81ms)
				AfterProcessingInitializeOnLoad (1ms)
				EditorAssembliesLoaded (0ms)
			ExecutionOrderSort2 (0ms)
			AwakeInstancesAfterBackupRestoration (1ms)
Platform modules already initialized, skipping
========================================================================
Worker process is ready to serve import requests
Shader 'CartoonCoffee/Particle Basic': fallback shader '2' not found
Shader 'MoreMountains/MMRipple': fallback shader 'Particle/AlphaBlended' not found
Shader 'CartoonCoffee/Particle Additive': fallback shader '2' not found
Launching external process: /Applications/Unity/Hub/Editor/2021.3.32f1/Unity.app/Contents/Tools/UnityShaderCompiler
Launched and connected shader compiler UnityShaderCompiler after 0.04 seconds
Refreshing native plugins compatible for Editor in 1.18 ms, found 2 plugins.
Preloading 1 native plugins for Editor in 0.25 ms.
Unloading 6619 Unused Serialized files (Serialized files now loaded: 0)
Unloading 102 unused Assets / (2.6 MB). Loaded Objects now: 7121.
Memory consumption went from 360.0 MB to 357.5 MB.
Total: 5.171125 ms (FindLiveObjects: 0.187667 ms CreateObjectMapping: 0.084166 ms MarkObjects: 4.501500 ms  DeleteObjects: 0.397375 ms)

AssetImportParameters requested are different than current active one (requested -> active):
  custom:video-decoder-ogg-theora: a1e56fd34408186e4bbccfd4996cb3dc -> 
  custom:container-muxer-webm: aa71ff27fc2769a1b78a27578f13a17b -> 
  custom:container-demuxer-webm: 4f35f7cbe854078d1ac9338744f61a02 -> 
  custom:video-encoder-webm-vp8: eb34c28f22e8b96e1ab97ce403110664 -> 
  custom:framework-osx-AVFoundation: e770b220cccbd017edd2c1fefb359320 -> 
  custom:CustomObjectIndexerAttribute: f67f22312cbe972f2da930a377ed3d15 -> 
  custom:audio-encoder-webm-vorbis: bf7c407c2cedff20999df2af8eb42d56 -> 
  custom:SearchIndexIgnoredProperties: e643bd26f0fe6173181afceb89e7c659 -> 
  custom:container-demuxer-ogg: 62fdf1f143b41e24485cea50d1cbac27 -> 
  custom:video-decoder-webm-vp8: 9c59270c3fd7afecdb556c50c9e8de78 -> 
  custom:audio-decoder-ogg-vorbis: bf7c407c2cedff20999df2af8eb42d56 -> 
========================================================================
Received Import Request.
  Time since last request: 144024.093816 seconds.
  path: Assets/12_External/Cartoon Coffee/VFX Deluxe/Textures/Radial_Glow_005.png
  artifactKey: Guid(6b58ab69af3d5d84e9226c21bb695796) Importer(815301076,1909f56bfc062723c751e8b465ee728b)
Number of updated assets reloaded before import = 0
Start importing Assets/12_External/Cartoon Coffee/VFX Deluxe/Textures/Radial_Glow_005.png using Guid(6b58ab69af3d5d84e9226c21bb695796) Importer(815301076,1909f56bfc062723c751e8b465ee728b)  -> (artifact id: '56c59ee349bbf6e08749215afb6ce909') in 0.151834 seconds 
Number of asset objects unloaded after import = 3
========================================================================
Received Import Request.
  Time since last request: 0.777908 seconds.
  path: Assets/12_External/Cartoon Coffee/VFX Deluxe/Prefabs/Loops/Radial_Loop_V1.prefab
  artifactKey: Guid(b021ce9eb6da0c3459fc5934fc1e7b1e) Importer(815301076,1909f56bfc062723c751e8b465ee728b)
Number of updated assets reloaded before import = 0
Start importing Assets/12_External/Cartoon Coffee/VFX Deluxe/Prefabs/Loops/Radial_Loop_V1.prefab using Guid(b021ce9eb6da0c3459fc5934fc1e7b1e) Importer(815301076,1909f56bfc062723c751e8b465ee728b)  -> (artifact id: 'f589595329f004a9b2f76217532c33cd') in 0.177594 seconds 
Number of asset objects unloaded after import = 30
========================================================================
Received Import Request.
  Time since last request: 64.120874 seconds.
  path: Assets/12_External/Cartoon Coffee/VFX Deluxe/Materials/CartoonCoffee_Glow_001-Basic-[1.0].mat
  artifactKey: Guid(a052b79a1aa0f7d4ba473bc15519925c) Importer(815301076,1909f56bfc062723c751e8b465ee728b)
Number of updated assets reloaded before import = 0
Start importing Assets/12_External/Cartoon Coffee/VFX Deluxe/Materials/CartoonCoffee_Glow_001-Basic-[1.0].mat using Guid(a052b79a1aa0f7d4ba473bc15519925c) Importer(815301076,1909f56bfc062723c751e8b465ee728b)  -> (artifact id: 'ebfc397b077c3da5920e8fa75dfdf2b4') in 0.044698 seconds 
Number of asset objects unloaded after import = 3
========================================================================
Received Prepare
Registering precompiled user dll's ...
Registered in 0.001619 seconds.
Begin MonoManager ReloadAssembly
Thread 0x2d0687000 may have been prematurely finalized
Symbol file LoadedFromMemory is not a mono symbol file
Native extension for iOS target not found
Native extension for Android target not found
Native extension for OSXStandalone target not found
Refreshing native plugins compatible for Editor in 1.14 ms, found 2 plugins.
Preloading 1 native plugins for Editor in 0.17 ms.
[Package Manager] Server::EnsureServerProcessIsRunning -- launch failed, reason: Unity was launched with the -noUpm command-line argument
[Package Manager] Cannot connect to Unity Package Manager local server
Mono: successfully reloaded assembly
- Completed reload, in  1.029 seconds
Domain Reload Profiling:
	ReloadAssembly (1029ms)
		BeginReloadAssembly (90ms)
			ExecutionOrderSort (0ms)
			DisableScriptedObjects (4ms)
			BackupInstance (0ms)
			ReleaseScriptingObjects (0ms)
			CreateAndSetChildDomain (40ms)
		EndReloadAssembly (895ms)
			LoadAssemblies (38ms)
			RebuildTransferFunctionScriptingTraits (0ms)
			SetupTypeCache (195ms)
			ReleaseScriptCaches (1ms)
			RebuildScriptCaches (31ms)
			SetupLoadedEditorAssemblies (573ms)
				LogAssemblyErrors (0ms)
				InitializePlatformSupportModulesInManaged (14ms)
				SetLoadedEditorAssemblies (0ms)
				RefreshPlugins (1ms)
				BeforeProcessingInitializeOnLoad (40ms)
				ProcessInitializeOnLoadAttributes (439ms)
				ProcessInitializeOnLoadMethodAttributes (77ms)
				AfterProcessingInitializeOnLoad (0ms)
				EditorAssembliesLoaded (0ms)
			ExecutionOrderSort2 (0ms)
			AwakeInstancesAfterBackupRestoration (7ms)
Platform modules already initialized, skipping
Shader 'CartoonCoffee/Particle Basic': fallback shader '2' not found
Shader 'MoreMountains/MMRipple': fallback shader 'Particle/AlphaBlended' not found
Shader 'CartoonCoffee/Particle Additive': fallback shader '2' not found
Refreshing native plugins compatible for Editor in 1.35 ms, found 2 plugins.
Preloading 1 native plugins for Editor in 0.16 ms.
Unloading 6399 Unused Serialized files (Serialized files now loaded: 0)
Unloading 94 unused Assets / (1.7 MB). Loaded Objects now: 7235.
Memory consumption went from 356.1 MB to 354.3 MB.
Total: 5.403625 ms (FindLiveObjects: 0.235250 ms CreateObjectMapping: 0.066875 ms MarkObjects: 4.883416 ms  DeleteObjects: 0.217459 ms)

AssetImportParameters requested are different than current active one (requested -> active):
  custom:video-decoder-ogg-theora: a1e56fd34408186e4bbccfd4996cb3dc -> 
  custom:container-muxer-webm: aa71ff27fc2769a1b78a27578f13a17b -> 
  custom:container-demuxer-webm: 4f35f7cbe854078d1ac9338744f61a02 -> 
  custom:video-encoder-webm-vp8: eb34c28f22e8b96e1ab97ce403110664 -> 
  custom:framework-osx-AVFoundation: e770b220cccbd017edd2c1fefb359320 -> 
  custom:CustomObjectIndexerAttribute: f67f22312cbe972f2da930a377ed3d15 -> 
  custom:audio-encoder-webm-vorbis: bf7c407c2cedff20999df2af8eb42d56 -> 
  custom:SearchIndexIgnoredProperties: e643bd26f0fe6173181afceb89e7c659 -> 
  custom:container-demuxer-ogg: 62fdf1f143b41e24485cea50d1cbac27 -> 
  custom:video-decoder-webm-vp8: 9c59270c3fd7afecdb556c50c9e8de78 -> 
  custom:audio-decoder-ogg-vorbis: bf7c407c2cedff20999df2af8eb42d56 -> 
========================================================================
Received Prepare
Registering precompiled user dll's ...
Registered in 0.001655 seconds.
Begin MonoManager ReloadAssembly
Thread 0x2b1f87000 may have been prematurely finalized
Symbol file LoadedFromMemory is not a mono symbol file
Native extension for iOS target not found
Native extension for Android target not found
Native extension for OSXStandalone target not found
Refreshing native plugins compatible for Editor in 0.96 ms, found 2 plugins.
Preloading 1 native plugins for Editor in 0.13 ms.
[Package Manager] Server::EnsureServerProcessIsRunning -- launch failed, reason: Unity was launched with the -noUpm command-line argument
[Package Manager] Cannot connect to Unity Package Manager local server
Mono: successfully reloaded assembly
- Completed reload, in  1.048 seconds
Domain Reload Profiling:
	ReloadAssembly (1048ms)
		BeginReloadAssembly (100ms)
			ExecutionOrderSort (0ms)
			DisableScriptedObjects (3ms)
			BackupInstance (0ms)
			ReleaseScriptingObjects (0ms)
			CreateAndSetChildDomain (38ms)
		EndReloadAssembly (904ms)
			LoadAssemblies (68ms)
			RebuildTransferFunctionScriptingTraits (0ms)
			SetupTypeCache (192ms)
			ReleaseScriptCaches (1ms)
			RebuildScriptCaches (31ms)
			SetupLoadedEditorAssemblies (573ms)
				LogAssemblyErrors (0ms)
				InitializePlatformSupportModulesInManaged (14ms)
				SetLoadedEditorAssemblies (0ms)
				RefreshPlugins (1ms)
				BeforeProcessingInitializeOnLoad (39ms)
				ProcessInitializeOnLoadAttributes (438ms)
				ProcessInitializeOnLoadMethodAttributes (80ms)
				AfterProcessingInitializeOnLoad (1ms)
				EditorAssembliesLoaded (0ms)
			ExecutionOrderSort2 (0ms)
			AwakeInstancesAfterBackupRestoration (7ms)
Platform modules already initialized, skipping
Shader 'CartoonCoffee/Particle Basic': fallback shader '2' not found
Shader 'MoreMountains/MMRipple': fallback shader 'Particle/AlphaBlended' not found
Shader 'CartoonCoffee/Particle Additive': fallback shader '2' not found
Refreshing native plugins compatible for Editor in 1.15 ms, found 2 plugins.
Preloading 1 native plugins for Editor in 0.15 ms.
Unloading 6388 Unused Serialized files (Serialized files now loaded: 0)
Unloading 77 unused Assets / (1.7 MB). Loaded Objects now: 7250.
Memory consumption went from 355.2 MB to 353.5 MB.
Total: 5.106417 ms (FindLiveObjects: 0.204167 ms CreateObjectMapping: 0.085875 ms MarkObjects: 4.585000 ms  DeleteObjects: 0.230667 ms)

AssetImportParameters requested are different than current active one (requested -> active):
  custom:video-decoder-ogg-theora: a1e56fd34408186e4bbccfd4996cb3dc -> 
  custom:container-muxer-webm: aa71ff27fc2769a1b78a27578f13a17b -> 
  custom:container-demuxer-webm: 4f35f7cbe854078d1ac9338744f61a02 -> 
  custom:video-encoder-webm-vp8: eb34c28f22e8b96e1ab97ce403110664 -> 
  custom:framework-osx-AVFoundation: e770b220cccbd017edd2c1fefb359320 -> 
  custom:CustomObjectIndexerAttribute: f67f22312cbe972f2da930a377ed3d15 -> 
  custom:audio-encoder-webm-vorbis: bf7c407c2cedff20999df2af8eb42d56 -> 
  custom:SearchIndexIgnoredProperties: e643bd26f0fe6173181afceb89e7c659 -> 
  custom:container-demuxer-ogg: 62fdf1f143b41e24485cea50d1cbac27 -> 
  custom:video-decoder-webm-vp8: 9c59270c3fd7afecdb556c50c9e8de78 -> 
  custom:audio-decoder-ogg-vorbis: bf7c407c2cedff20999df2af8eb42d56 -> 
========================================================================
Received Import Request.
  Time since last request: 142.677160 seconds.
  path: Assets/03_Prefabs/Units/Grid/AnimatedSpriteBase.prefab
  artifactKey: Guid(3354878379061eb4d965f27520d43c6c) Importer(815301076,1909f56bfc062723c751e8b465ee728b)
Number of updated assets reloaded before import = 0
Start importing Assets/03_Prefabs/Units/Grid/AnimatedSpriteBase.prefab using Guid(3354878379061eb4d965f27520d43c6c) Importer(815301076,1909f56bfc062723c751e8b465ee728b)  -> (artifact id: '95881d6af7dd836abd7adfcec7dc2289') in 0.199682 seconds 
Number of asset objects unloaded after import = 634
========================================================================
Received Import Request.
  Time since last request: 0.000038 seconds.
  path: Assets/08_Animations/Characters/ArmorKnight/ArmorKnightUIAnimationController 1.overrideController
  artifactKey: Guid(b4bfd81d4edae7f468fe36513d7c3160) Importer(815301076,1909f56bfc062723c751e8b465ee728b)
Number of updated assets reloaded before import = 0
Start importing Assets/08_Animations/Characters/ArmorKnight/ArmorKnightUIAnimationController 1.overrideController using Guid(b4bfd81d4edae7f468fe36513d7c3160) Importer(815301076,1909f56bfc062723c751e8b465ee728b)  -> (artifact id: '0ca684b2db5127e62878797ebe041188') in 0.023438 seconds 
Number of asset objects unloaded after import = 6
========================================================================
Received Import Request.
  Time since last request: 0.270402 seconds.
  path: Assets/03_Prefabs/Units/Grid/CavalierAnimatedSprite.prefab
  artifactKey: Guid(6ceace14316c57c48bfc74a1f2799d19) Importer(815301076,1909f56bfc062723c751e8b465ee728b)
Number of updated assets reloaded before import = 0
Start importing Assets/03_Prefabs/Units/Grid/CavalierAnimatedSprite.prefab using Guid(6ceace14316c57c48bfc74a1f2799d19) Importer(815301076,1909f56bfc062723c751e8b465ee728b)  -> (artifact id: '60adbe6b83d86b98b332857c3be50ded') in 0.124234 seconds 
Number of asset objects unloaded after import = 1537
========================================================================
Received Import Request.
  Time since last request: 0.000074 seconds.
  path: Assets/03_Prefabs/Units/Grid/SkeletonMantaRayAnimatedSprite.prefab
  artifactKey: Guid(d945d0a00c0d87e43b844af5d93771cc) Importer(815301076,1909f56bfc062723c751e8b465ee728b)
Number of updated assets reloaded before import = 0
Start importing Assets/03_Prefabs/Units/Grid/SkeletonMantaRayAnimatedSprite.prefab using Guid(d945d0a00c0d87e43b844af5d93771cc) Importer(815301076,1909f56bfc062723c751e8b465ee728b)  -> (artifact id: '27ae62cd03931dee8b35952e15c9cc58') in 0.122903 seconds 
Number of asset objects unloaded after import = 1627
========================================================================
Received Import Request.
  Time since last request: 0.000051 seconds.
  path: Assets/03_Prefabs/Units/Grid/SkeletonDragonAnimatedSprite.prefab
  artifactKey: Guid(671f6660e81711848ad0d3a82688811e) Importer(815301076,1909f56bfc062723c751e8b465ee728b)
Number of updated assets reloaded before import = 0
Start importing Assets/03_Prefabs/Units/Grid/SkeletonDragonAnimatedSprite.prefab using Guid(671f6660e81711848ad0d3a82688811e) Importer(815301076,1909f56bfc062723c751e8b465ee728b)  -> (artifact id: '621e59ce5432189cd802646d22105902') in 0.158837 seconds 
Number of asset objects unloaded after import = 1664
========================================================================
Received Import Request.
  Time since last request: 0.000069 seconds.
  path: Assets/03_Prefabs/Units/Grid/SkeletonMageAnimatedSprite.prefab
  artifactKey: Guid(f345930fca389694cbb90b5355553c4b) Importer(815301076,1909f56bfc062723c751e8b465ee728b)
Number of updated assets reloaded before import = 0
Start importing Assets/03_Prefabs/Units/Grid/SkeletonMageAnimatedSprite.prefab using Guid(f345930fca389694cbb90b5355553c4b) Importer(815301076,1909f56bfc062723c751e8b465ee728b)  -> (artifact id: '4237584569788c53f51ea8d1c8cc3d6a') in 0.115632 seconds 
Number of asset objects unloaded after import = 1662
========================================================================
Received Import Request.
  Time since last request: 0.000050 seconds.
  path: Assets/03_Prefabs/Units/Grid/ValkyrieAnimatedSprite.prefab
  artifactKey: Guid(95a5bf019a92d9a4dbb9918295f2a706) Importer(815301076,1909f56bfc062723c751e8b465ee728b)
Number of updated assets reloaded before import = 0
Start importing Assets/03_Prefabs/Units/Grid/ValkyrieAnimatedSprite.prefab using Guid(95a5bf019a92d9a4dbb9918295f2a706) Importer(815301076,1909f56bfc062723c751e8b465ee728b)  -> (artifact id: '0eb15a736c800b4ab5cb6acccd60eeff') in 0.080787 seconds 
Number of asset objects unloaded after import = 1625
========================================================================
Received Import Request.
  Time since last request: 0.000063 seconds.
  path: Assets/03_Prefabs/Units/Grid/SkeletonBansheeAnimatedSprite.prefab
  artifactKey: Guid(1bdcc87f545ddf94d8f589889c10b6cb) Importer(815301076,1909f56bfc062723c751e8b465ee728b)
Number of updated assets reloaded before import = 0
Start importing Assets/03_Prefabs/Units/Grid/SkeletonBansheeAnimatedSprite.prefab using Guid(1bdcc87f545ddf94d8f589889c10b6cb) Importer(815301076,1909f56bfc062723c751e8b465ee728b)  -> (artifact id: 'a8a87428910699a01a956065f53d4292') in 0.088612 seconds 
Number of asset objects unloaded after import = 1628
========================================================================
Received Import Request.
  Time since last request: 0.000043 seconds.
  path: Assets/03_Prefabs/Units/Grid/MinoTaurAnimatedSprite 1.prefab
  artifactKey: Guid(aa509024bcacd8442959915ca2a42f1f) Importer(815301076,1909f56bfc062723c751e8b465ee728b)
Number of updated assets reloaded before import = 0
Start importing Assets/03_Prefabs/Units/Grid/MinoTaurAnimatedSprite 1.prefab using Guid(aa509024bcacd8442959915ca2a42f1f) Importer(815301076,1909f56bfc062723c751e8b465ee728b)  -> (artifact id: '89da32ed58aa5e0243620064ff093b02') in 0.090842 seconds 
Number of asset objects unloaded after import = 1635
========================================================================
Received Import Request.
  Time since last request: 0.000051 seconds.
  path: Assets/03_Prefabs/Units/Grid/RangerAndOthersAnimatedSprite.prefab
  artifactKey: Guid(171415ab38e1bf24dbd1923f554bb171) Importer(815301076,1909f56bfc062723c751e8b465ee728b)
Number of updated assets reloaded before import = 0
Start importing Assets/03_Prefabs/Units/Grid/RangerAndOthersAnimatedSprite.prefab using Guid(171415ab38e1bf24dbd1923f554bb171) Importer(815301076,1909f56bfc062723c751e8b465ee728b)  -> (artifact id: '3f6570432843a8a26992f0dd9988c2f0') in 0.084551 seconds 
Number of asset objects unloaded after import = 1537
========================================================================
Received Import Request.
  Time since last request: 0.000032 seconds.
  path: Assets/03_Prefabs/Units/Grid/SkeletonRogueAnimatedSprite.prefab
  artifactKey: Guid(3144ec182250abc44abfc90360188f35) Importer(815301076,1909f56bfc062723c751e8b465ee728b)
Number of updated assets reloaded before import = 0
Start importing Assets/03_Prefabs/Units/Grid/SkeletonRogueAnimatedSprite.prefab using Guid(3144ec182250abc44abfc90360188f35) Importer(815301076,1909f56bfc062723c751e8b465ee728b)  -> (artifact id: '53be780377c6e5e49614a622558b8fa9') in 0.081262 seconds 
Number of asset objects unloaded after import = 1625
========================================================================
Received Import Request.
  Time since last request: 0.000058 seconds.
  path: Assets/03_Prefabs/Units/Grid/SkeletonArcherAnimatedSprite.prefab
  artifactKey: Guid(05a1237786156db40ab6cfd870e1fdad) Importer(815301076,1909f56bfc062723c751e8b465ee728b)
Number of updated assets reloaded before import = 0
Start importing Assets/03_Prefabs/Units/Grid/SkeletonArcherAnimatedSprite.prefab using Guid(05a1237786156db40ab6cfd870e1fdad) Importer(815301076,1909f56bfc062723c751e8b465ee728b)  -> (artifact id: '3d4d24156e67bcce19d1b108349565dc') in 0.087745 seconds 
Number of asset objects unloaded after import = 1656
========================================================================
Received Import Request.
  Time since last request: 14.152660 seconds.
  path: Assets/12_External/Cartoon Coffee/VFX Deluxe/Prefabs/Loops/Aura_V22.prefab
  artifactKey: Guid(4788c38eb0a834543bfaf32f65e349f3) Importer(815301076,1909f56bfc062723c751e8b465ee728b)
Number of updated assets reloaded before import = 0
Start importing Assets/12_External/Cartoon Coffee/VFX Deluxe/Prefabs/Loops/Aura_V22.prefab using Guid(4788c38eb0a834543bfaf32f65e349f3) Importer(815301076,1909f56bfc062723c751e8b465ee728b)  -> (artifact id: '53fef4f2b12e42757e22cc0563437c98') in 0.023029 seconds 
Number of asset objects unloaded after import = 15
========================================================================
Received Import Request.
  Time since last request: 0.000053 seconds.
  path: Assets/12_External/Cartoon Coffee/VFX Deluxe/Prefabs/Loops/Aura_V26.prefab
  artifactKey: Guid(b9be014e13c6f7249a719db03572704c) Importer(815301076,1909f56bfc062723c751e8b465ee728b)
Number of updated assets reloaded before import = 0
Start importing Assets/12_External/Cartoon Coffee/VFX Deluxe/Prefabs/Loops/Aura_V26.prefab using Guid(b9be014e13c6f7249a719db03572704c) Importer(815301076,1909f56bfc062723c751e8b465ee728b)  -> (artifact id: 'b35a8e59b518a903659216f13248f637') in 0.010245 seconds 
Number of asset objects unloaded after import = 15
========================================================================
Received Import Request.
  Time since last request: 1.438004 seconds.
  path: Assets/12_External/Cartoon Coffee/VFX Deluxe/Prefabs/Loops/Aura_V28.prefab
  artifactKey: Guid(5cff2bdbc1ae234469bf13d76b93c59e) Importer(815301076,1909f56bfc062723c751e8b465ee728b)
Number of updated assets reloaded before import = 0
Start importing Assets/12_External/Cartoon Coffee/VFX Deluxe/Prefabs/Loops/Aura_V28.prefab using Guid(5cff2bdbc1ae234469bf13d76b93c59e) Importer(815301076,1909f56bfc062723c751e8b465ee728b)  -> (artifact id: 'ff67aab985a5bf4ec7415e20ba8240f2') in 0.017017 seconds 
Number of asset objects unloaded after import = 15
========================================================================
Received Import Request.
  Time since last request: 46.676376 seconds.
  path: Assets/12_External/Cartoon Coffee/VFX Deluxe/Materials/CartoonCoffee_Halo_001-Distort-Basic-[2.0].mat
  artifactKey: Guid(9b4c75ddcceb23f41a8543725115da1f) Importer(815301076,1909f56bfc062723c751e8b465ee728b)
Number of updated assets reloaded before import = 0
Start importing Assets/12_External/Cartoon Coffee/VFX Deluxe/Materials/CartoonCoffee_Halo_001-Distort-Basic-[2.0].mat using Guid(9b4c75ddcceb23f41a8543725115da1f) Importer(815301076,1909f56bfc062723c751e8b465ee728b)  -> (artifact id: 'bcce799523a6baf462c324eb87d914ea') in 0.072808 seconds 
Number of asset objects unloaded after import = 4
========================================================================
Received Prepare
Registering precompiled user dll's ...
Registered in 0.001526 seconds.
Begin MonoManager ReloadAssembly
Thread 0x2b1f87000 may have been prematurely finalized
Symbol file LoadedFromMemory is not a mono symbol file
Native extension for iOS target not found
Native extension for Android target not found
Native extension for OSXStandalone target not found
Refreshing native plugins compatible for Editor in 1.01 ms, found 2 plugins.
Preloading 1 native plugins for Editor in 0.13 ms.
[Package Manager] Server::EnsureServerProcessIsRunning -- launch failed, reason: Unity was launched with the -noUpm command-line argument
[Package Manager] Cannot connect to Unity Package Manager local server
Mono: successfully reloaded assembly
- Completed reload, in  1.026 seconds
Domain Reload Profiling:
	ReloadAssembly (1026ms)
		BeginReloadAssembly (94ms)
			ExecutionOrderSort (0ms)
			DisableScriptedObjects (5ms)
			BackupInstance (0ms)
			ReleaseScriptingObjects (0ms)
			CreateAndSetChildDomain (44ms)
		EndReloadAssembly (888ms)
			LoadAssemblies (37ms)
			RebuildTransferFunctionScriptingTraits (0ms)
			SetupTypeCache (193ms)
			ReleaseScriptCaches (1ms)
			RebuildScriptCaches (32ms)
			SetupLoadedEditorAssemblies (573ms)
				LogAssemblyErrors (0ms)
				InitializePlatformSupportModulesInManaged (13ms)
				SetLoadedEditorAssemblies (0ms)
				RefreshPlugins (1ms)
				BeforeProcessingInitializeOnLoad (39ms)
				ProcessInitializeOnLoadAttributes (438ms)
				ProcessInitializeOnLoadMethodAttributes (80ms)
				AfterProcessingInitializeOnLoad (1ms)
				EditorAssembliesLoaded (0ms)
			ExecutionOrderSort2 (0ms)
			AwakeInstancesAfterBackupRestoration (7ms)
Platform modules already initialized, skipping
Shader 'CartoonCoffee/Particle Basic': fallback shader '2' not found
Shader 'MoreMountains/MMRipple': fallback shader 'Particle/AlphaBlended' not found
Shader 'CartoonCoffee/Particle Additive': fallback shader '2' not found
Refreshing native plugins compatible for Editor in 1.18 ms, found 2 plugins.
Preloading 1 native plugins for Editor in 0.12 ms.
Unloading 6388 Unused Serialized files (Serialized files now loaded: 0)
Unloading 96 unused Assets / (1.7 MB). Loaded Objects now: 7306.
Memory consumption went from 360.0 MB to 358.3 MB.
Total: 5.697416 ms (FindLiveObjects: 0.247666 ms CreateObjectMapping: 0.128334 ms MarkObjects: 5.070666 ms  DeleteObjects: 0.249959 ms)

AssetImportParameters requested are different than current active one (requested -> active):
  custom:video-decoder-ogg-theora: a1e56fd34408186e4bbccfd4996cb3dc -> 
  custom:container-muxer-webm: aa71ff27fc2769a1b78a27578f13a17b -> 
  custom:container-demuxer-webm: 4f35f7cbe854078d1ac9338744f61a02 -> 
  custom:video-encoder-webm-vp8: eb34c28f22e8b96e1ab97ce403110664 -> 
  custom:framework-osx-AVFoundation: e770b220cccbd017edd2c1fefb359320 -> 
  custom:CustomObjectIndexerAttribute: f67f22312cbe972f2da930a377ed3d15 -> 
  custom:audio-encoder-webm-vorbis: bf7c407c2cedff20999df2af8eb42d56 -> 
  custom:SearchIndexIgnoredProperties: e643bd26f0fe6173181afceb89e7c659 -> 
  custom:container-demuxer-ogg: 62fdf1f143b41e24485cea50d1cbac27 -> 
  custom:video-decoder-webm-vp8: 9c59270c3fd7afecdb556c50c9e8de78 -> 
  custom:audio-decoder-ogg-vorbis: bf7c407c2cedff20999df2af8eb42d56 -> 
========================================================================
Received Import Request.
  Time since last request: 59.199989 seconds.
  path: Assets/03_Prefabs/Units/Grid/AnimatedSpriteBase.prefab
  artifactKey: Guid(3354878379061eb4d965f27520d43c6c) Importer(815301076,1909f56bfc062723c751e8b465ee728b)
Number of updated assets reloaded before import = 0
Start importing Assets/03_Prefabs/Units/Grid/AnimatedSpriteBase.prefab using Guid(3354878379061eb4d965f27520d43c6c) Importer(815301076,1909f56bfc062723c751e8b465ee728b)  -> (artifact id: '83e43ba1d904ad70182ca94246d824f2') in 0.194161 seconds 
Number of asset objects unloaded after import = 648
========================================================================
Received Import Request.
  Time since last request: 0.000073 seconds.
  path: Assets/03_Prefabs/Units/Grid/SkeletonMantaRayAnimatedSprite.prefab
  artifactKey: Guid(d945d0a00c0d87e43b844af5d93771cc) Importer(815301076,1909f56bfc062723c751e8b465ee728b)
Number of updated assets reloaded before import = 0
Start importing Assets/03_Prefabs/Units/Grid/SkeletonMantaRayAnimatedSprite.prefab using Guid(d945d0a00c0d87e43b844af5d93771cc) Importer(815301076,1909f56bfc062723c751e8b465ee728b)  -> (artifact id: 'ff2b5d92979d916fef03e3e81a390548') in 0.118581 seconds 
Number of asset objects unloaded after import = 1671
========================================================================
Received Import Request.
  Time since last request: 0.000091 seconds.
  path: Assets/03_Prefabs/Units/Grid/SkeletonDragonAnimatedSprite.prefab
  artifactKey: Guid(671f6660e81711848ad0d3a82688811e) Importer(815301076,1909f56bfc062723c751e8b465ee728b)
Number of updated assets reloaded before import = 0
Start importing Assets/03_Prefabs/Units/Grid/SkeletonDragonAnimatedSprite.prefab using Guid(671f6660e81711848ad0d3a82688811e) Importer(815301076,1909f56bfc062723c751e8b465ee728b)  -> (artifact id: '8350fae65448c413c4c70249d542a868') in 0.155088 seconds 
Number of asset objects unloaded after import = 1708
========================================================================
Received Import Request.
  Time since last request: 0.000038 seconds.
  path: Assets/03_Prefabs/Units/Grid/ClericAnimatedSprite.prefab
  artifactKey: Guid(be623a0cde1bf5e4485fb1d57310ccae) Importer(815301076,1909f56bfc062723c751e8b465ee728b)
Number of updated assets reloaded before import = 0
Start importing Assets/03_Prefabs/Units/Grid/ClericAnimatedSprite.prefab using Guid(be623a0cde1bf5e4485fb1d57310ccae) Importer(815301076,1909f56bfc062723c751e8b465ee728b)  -> (artifact id: '3e5600847ee609b451a7ca1de88f049a') in 0.137403 seconds 
Number of asset objects unloaded after import = 1708
========================================================================
Received Import Request.
  Time since last request: 0.000059 seconds.
  path: Assets/03_Prefabs/Units/Grid/CavalierAnimatedSprite.prefab
  artifactKey: Guid(6ceace14316c57c48bfc74a1f2799d19) Importer(815301076,1909f56bfc062723c751e8b465ee728b)
Number of updated assets reloaded before import = 0
Start importing Assets/03_Prefabs/Units/Grid/CavalierAnimatedSprite.prefab using Guid(6ceace14316c57c48bfc74a1f2799d19) Importer(815301076,1909f56bfc062723c751e8b465ee728b)  -> (artifact id: '3a1f9b2efd000ada7c2643fbf83b7191') in 0.083320 seconds 
Number of asset objects unloaded after import = 1573
========================================================================
Received Import Request.
  Time since last request: 0.000067 seconds.
  path: Assets/03_Prefabs/Units/Grid/SkeletonAnimatedSprite.prefab
  artifactKey: Guid(84d07bf8bd645534fb93a338f78522a6) Importer(815301076,1909f56bfc062723c751e8b465ee728b)
Number of updated assets reloaded before import = 0
Start importing Assets/03_Prefabs/Units/Grid/SkeletonAnimatedSprite.prefab using Guid(84d07bf8bd645534fb93a338f78522a6) Importer(815301076,1909f56bfc062723c751e8b465ee728b)  -> (artifact id: 'a46677eddb0eedee1a9078f5a23e08b5') in 0.088420 seconds 
Number of asset objects unloaded after import = 1709
========================================================================
Received Import Request.
  Time since last request: 0.000058 seconds.
  path: Assets/03_Prefabs/Units/Grid/TwoHandedAnimatedSprite.prefab
  artifactKey: Guid(6d4bc504bf009cc4f93767a3c51ddf59) Importer(815301076,1909f56bfc062723c751e8b465ee728b)
Number of updated assets reloaded before import = 0
Start importing Assets/03_Prefabs/Units/Grid/TwoHandedAnimatedSprite.prefab using Guid(6d4bc504bf009cc4f93767a3c51ddf59) Importer(815301076,1909f56bfc062723c751e8b465ee728b)  -> (artifact id: '0fa23a78f722565611dcfa74646a0113') in 0.086030 seconds 
Number of asset objects unloaded after import = 1703
========================================================================
Received Import Request.
  Time since last request: 0.000035 seconds.
  path: Assets/03_Prefabs/Units/Grid/ScorpionRiderAnimatedSprite.prefab
  artifactKey: Guid(7e373fae0dfd0de4aa0656b3697e5c9f) Importer(815301076,1909f56bfc062723c751e8b465ee728b)
Number of updated assets reloaded before import = 0
Start importing Assets/03_Prefabs/Units/Grid/ScorpionRiderAnimatedSprite.prefab using Guid(7e373fae0dfd0de4aa0656b3697e5c9f) Importer(815301076,1909f56bfc062723c751e8b465ee728b)  -> (artifact id: 'baed2248c8eda9ccbb42311d1cc7099b') in 0.109215 seconds 
Number of asset objects unloaded after import = 1712
========================================================================
Received Import Request.
  Time since last request: 0.000042 seconds.
  path: Assets/03_Prefabs/Units/Grid/SkeletonRogueAnimatedSprite.prefab
  artifactKey: Guid(3144ec182250abc44abfc90360188f35) Importer(815301076,1909f56bfc062723c751e8b465ee728b)
Number of updated assets reloaded before import = 0
Start importing Assets/03_Prefabs/Units/Grid/SkeletonRogueAnimatedSprite.prefab using Guid(3144ec182250abc44abfc90360188f35) Importer(815301076,1909f56bfc062723c751e8b465ee728b)  -> (artifact id: '63770acd25171c7e3af67801e2a16d42') in 0.086387 seconds 
Number of asset objects unloaded after import = 1669
========================================================================
Received Import Request.
  Time since last request: 0.000050 seconds.
  path: Assets/03_Prefabs/Units/Grid/SkeletonArcherAnimatedSprite.prefab
  artifactKey: Guid(05a1237786156db40ab6cfd870e1fdad) Importer(815301076,1909f56bfc062723c751e8b465ee728b)
Number of updated assets reloaded before import = 0
Start importing Assets/03_Prefabs/Units/Grid/SkeletonArcherAnimatedSprite.prefab using Guid(05a1237786156db40ab6cfd870e1fdad) Importer(815301076,1909f56bfc062723c751e8b465ee728b)  -> (artifact id: 'af252365eb9f584927af6b77c3d334c4') in 0.087563 seconds 
Number of asset objects unloaded after import = 1700
Editor requested this worker to shutdown with reason: Scaling down because of idle timeout
AssetImportWorker is now disconnected from the server
Process exiting
