Unity Editor version:    2021.3.32f1 (3b9dae9532f5)
Branch:                  2021.3/staging
Build type:              Release
Batch mode:              YES
macOS version:           Version 14.1.1 (Build 23B2082)
Darwin version:          23.1.0
Architecture:            arm64
Running under Rosetta:   NO
Available memory:        18432 MB
Using pre-set license
Pro License: YES

COMMAND LINE ARGUMENTS:
/Applications/Unity/Hub/Editor/2021.3.32f1/Unity.app/Contents/MacOS/Unity
-adb2
-batchMode
-noUpm
-name
AssetImportWorker1
-projectPath
/Users/daniel/Documents/fe-kingdom-mobile/trunk/FireEmblemMobile/FireEmblemMobileUnityProject
-logFile
Logs/AssetImportWorker1.log
-srvPort
49216
Successfully changed project path to: /Users/daniel/Documents/fe-kingdom-mobile/trunk/FireEmblemMobile/FireEmblemMobileUnityProject
/Users/daniel/Documents/fe-kingdom-mobile/trunk/FireEmblemMobile/FireEmblemMobileUnityProject
[UnityMemory] Configuration Parameters - Can be set up in boot.config
    "memorysetup-bucket-allocator-granularity=16"
    "memorysetup-bucket-allocator-bucket-count=8"
    "memorysetup-bucket-allocator-block-size=33554432"
    "memorysetup-bucket-allocator-block-count=8"
    "memorysetup-main-allocator-block-size=16777216"
    "memorysetup-thread-allocator-block-size=16777216"
    "memorysetup-gfx-main-allocator-block-size=16777216"
    "memorysetup-gfx-thread-allocator-block-size=16777216"
    "memorysetup-cache-allocator-block-size=4194304"
    "memorysetup-typetree-allocator-block-size=2097152"
    "memorysetup-profiler-bucket-allocator-granularity=16"
    "memorysetup-profiler-bucket-allocator-bucket-count=8"
    "memorysetup-profiler-bucket-allocator-block-size=33554432"
    "memorysetup-profiler-bucket-allocator-block-count=8"
    "memorysetup-profiler-allocator-block-size=16777216"
    "memorysetup-profiler-editor-allocator-block-size=1048576"
    "memorysetup-temp-allocator-size-main=16777216"
    "memorysetup-job-temp-allocator-block-size=2097152"
    "memorysetup-job-temp-allocator-block-size-background=1048576"
    "memorysetup-job-temp-allocator-reduction-small-platforms=262144"
    "memorysetup-temp-allocator-size-background-worker=32768"
    "memorysetup-temp-allocator-size-job-worker=262144"
    "memorysetup-temp-allocator-size-preload-manager=33554432"
    "memorysetup-temp-allocator-size-nav-mesh-worker=65536"
    "memorysetup-temp-allocator-size-audio-worker=65536"
    "memorysetup-temp-allocator-size-cloud-worker=32768"
    "memorysetup-temp-allocator-size-gi-baking-worker=262144"
    "memorysetup-temp-allocator-size-gfx=262144"
Player connection [8115576512] Host "[IP] 192.168.0.2 [Port] 0 [Flags] 2 [Guid] 901852250 [EditorId] 901852250 [Version] 1048832 [Id] OSXEditor(0,Daniels-MacBook-Pro.local) [Debug] 1 [PackageName] OSXEditor [ProjectName] Editor" joined multi-casting on [225.0.0.222:54997]...

Player connection [8115576512] Host "[IP] 192.168.0.2 [Port] 0 [Flags] 2 [Guid] 901852250 [EditorId] 901852250 [Version] 1048832 [Id] OSXEditor(0,Daniels-MacBook-Pro.local) [Debug] 1 [PackageName] OSXEditor [ProjectName] Editor" joined alternative multi-casting on [225.0.0.222:34997]...

[Physics::Module] Initialized MultithreadedJobDispatcher with {0} workers.
Refreshing native plugins compatible for Editor in 124.08 ms, found 2 plugins.
Preloading 1 native plugins for Editor in 0.54 ms.
Initialize engine version: 2021.3.32f1 (3b9dae9532f5)
[Subsystems] Discovering subsystems at path /Applications/Unity/Hub/Editor/2021.3.32f1/Unity.app/Contents/Resources/UnitySubsystems
[Subsystems] Discovering subsystems at path /Users/daniel/Documents/fe-kingdom-mobile/trunk/FireEmblemMobile/FireEmblemMobileUnityProject/Assets
GfxDevice: creating device client; threaded=0; jobified=0
 preferred device: Apple M3 Pro (high power)
Metal devices available: 1
0: Apple M3 Pro (high power)
Using device Apple M3 Pro (high power)
Initializing Metal device caps: Apple M3 Pro
Shader 'CartoonCoffee/Particle Basic': fallback shader '2' not found
Shader 'CartoonCoffee/Particle Additive': fallback shader '2' not found
Shader 'MoreMountains/MMRipple': fallback shader 'Particle/AlphaBlended' not found
Initialize mono
Mono path[0] = '/Applications/Unity/Hub/Editor/2021.3.32f1/Unity.app/Contents/Managed'
Mono path[1] = '/Applications/Unity/Hub/Editor/2021.3.32f1/Unity.app/Contents/MonoBleedingEdge/lib/mono/unityjit-macos'
Mono config path = '/Applications/Unity/Hub/Editor/2021.3.32f1/Unity.app/Contents/MonoBleedingEdge/etc'
Using monoOptions --debugger-agent=transport=dt_socket,embedding=1,server=y,suspend=n,address=127.0.0.1:56329
Begin MonoManager ReloadAssembly
Registering precompiled unity dll's ...
Register platform support module: /Applications/Unity/Hub/Editor/2021.3.32f1/Unity.app/Contents/PlaybackEngines/MacStandaloneSupport/UnityEditor.OSXStandalone.Extensions.dll
Register platform support module: /Applications/Unity/Hub/Editor/2021.3.32f1/PlaybackEngines/AndroidPlayer/UnityEditor.Android.Extensions.dll
Register platform support module: /Applications/Unity/Hub/Editor/2021.3.32f1/PlaybackEngines/iOSSupport/UnityEditor.iOS.Extensions.dll
Registered in 0.001790 seconds.
[usbmuxd] Start listen thread
[usbmuxd] Listen thread started
[usbmuxd] Send listen message
Native extension for iOS target not found
Native extension for Android target not found
Android Extension - Scanning For ADB Devices 68 ms
Native extension for OSXStandalone target not found
Refreshing native plugins compatible for Editor in 122.25 ms, found 2 plugins.
Preloading 1 native plugins for Editor in 0.20 ms.
Mono: successfully reloaded assembly
- Completed reload, in  0.552 seconds
Domain Reload Profiling:
	ReloadAssembly (552ms)
		BeginReloadAssembly (55ms)
			ExecutionOrderSort (0ms)
			DisableScriptedObjects (0ms)
			BackupInstance (0ms)
			ReleaseScriptingObjects (0ms)
			CreateAndSetChildDomain (0ms)
		EndReloadAssembly (449ms)
			LoadAssemblies (56ms)
			RebuildTransferFunctionScriptingTraits (0ms)
			SetupTypeCache (61ms)
			ReleaseScriptCaches (0ms)
			RebuildScriptCaches (16ms)
			SetupLoadedEditorAssemblies (349ms)
				LogAssemblyErrors (0ms)
				InitializePlatformSupportModulesInManaged (172ms)
				SetLoadedEditorAssemblies (0ms)
				RefreshPlugins (122ms)
				BeforeProcessingInitializeOnLoad (1ms)
				ProcessInitializeOnLoadAttributes (33ms)
				ProcessInitializeOnLoadMethodAttributes (21ms)
				AfterProcessingInitializeOnLoad (0ms)
				EditorAssembliesLoaded (0ms)
			ExecutionOrderSort2 (0ms)
			AwakeInstancesAfterBackupRestoration (0ms)
Platform modules already initialized, skipping
Registering precompiled user dll's ...
Registered in 0.007551 seconds.
Begin MonoManager ReloadAssembly
Symbol file LoadedFromMemory is not a mono symbol file
Native extension for iOS target not found
Native extension for Android target not found
Native extension for OSXStandalone target not found
Refreshing native plugins compatible for Editor in 133.14 ms, found 2 plugins.
Preloading 1 native plugins for Editor in 0.17 ms.
Package Manager log level set to [2]
[Package Manager] Server::EnsureServerProcessIsRunning -- launch failed, reason: Unity was launched with the -noUpm command-line argument
[Package Manager] Cannot connect to Unity Package Manager local server
Mono: successfully reloaded assembly
- Completed reload, in  1.255 seconds
Domain Reload Profiling:
	ReloadAssembly (1255ms)
		BeginReloadAssembly (51ms)
			ExecutionOrderSort (0ms)
			DisableScriptedObjects (3ms)
			BackupInstance (0ms)
			ReleaseScriptingObjects (0ms)
			CreateAndSetChildDomain (14ms)
		EndReloadAssembly (1151ms)
			LoadAssemblies (75ms)
			RebuildTransferFunctionScriptingTraits (0ms)
			SetupTypeCache (195ms)
			ReleaseScriptCaches (1ms)
			RebuildScriptCaches (61ms)
			SetupLoadedEditorAssemblies (779ms)
				LogAssemblyErrors (0ms)
				InitializePlatformSupportModulesInManaged (14ms)
				SetLoadedEditorAssemblies (0ms)
				RefreshPlugins (133ms)
				BeforeProcessingInitializeOnLoad (57ms)
				ProcessInitializeOnLoadAttributes (486ms)
				ProcessInitializeOnLoadMethodAttributes (87ms)
				AfterProcessingInitializeOnLoad (1ms)
				EditorAssembliesLoaded (0ms)
			ExecutionOrderSort2 (0ms)
			AwakeInstancesAfterBackupRestoration (1ms)
Platform modules already initialized, skipping
========================================================================
Worker process is ready to serve import requests
Shader 'CartoonCoffee/Particle Additive': fallback shader '2' not found
Shader 'MoreMountains/MMRipple': fallback shader 'Particle/AlphaBlended' not found
Shader 'CartoonCoffee/Particle Basic': fallback shader '2' not found
Launching external process: /Applications/Unity/Hub/Editor/2021.3.32f1/Unity.app/Contents/Tools/UnityShaderCompiler
Launched and connected shader compiler UnityShaderCompiler after 0.06 seconds
Refreshing native plugins compatible for Editor in 1.12 ms, found 2 plugins.
Preloading 1 native plugins for Editor in 0.15 ms.
Unloading 6643 Unused Serialized files (Serialized files now loaded: 0)
Unloading 102 unused Assets / (2.1 MB). Loaded Objects now: 7145.
Memory consumption went from 361.2 MB to 359.2 MB.
Total: 5.300583 ms (FindLiveObjects: 0.205166 ms CreateObjectMapping: 0.075625 ms MarkObjects: 4.638584 ms  DeleteObjects: 0.380916 ms)

AssetImportParameters requested are different than current active one (requested -> active):
  custom:video-decoder-ogg-theora: a1e56fd34408186e4bbccfd4996cb3dc -> 
  custom:container-muxer-webm: aa71ff27fc2769a1b78a27578f13a17b -> 
  custom:container-demuxer-webm: 4f35f7cbe854078d1ac9338744f61a02 -> 
  custom:video-encoder-webm-vp8: eb34c28f22e8b96e1ab97ce403110664 -> 
  custom:framework-osx-AVFoundation: e770b220cccbd017edd2c1fefb359320 -> 
  custom:CustomObjectIndexerAttribute: f67f22312cbe972f2da930a377ed3d15 -> 
  custom:audio-encoder-webm-vorbis: bf7c407c2cedff20999df2af8eb42d56 -> 
  custom:SearchIndexIgnoredProperties: e643bd26f0fe6173181afceb89e7c659 -> 
  custom:container-demuxer-ogg: 62fdf1f143b41e24485cea50d1cbac27 -> 
  custom:video-decoder-webm-vp8: 9c59270c3fd7afecdb556c50c9e8de78 -> 
  custom:audio-decoder-ogg-vorbis: bf7c407c2cedff20999df2af8eb42d56 -> 
========================================================================
Received Import Request.
  Time since last request: 783.953464 seconds.
  path: Assets/07_GameData/Inn/Ambrosia.asset
  artifactKey: Guid(d5ca06507985cfa448eb71e74756cc0a) Importer(815301076,1909f56bfc062723c751e8b465ee728b)
Number of updated assets reloaded before import = 0
Start importing Assets/07_GameData/Inn/Ambrosia.asset using Guid(d5ca06507985cfa448eb71e74756cc0a) Importer(815301076,1909f56bfc062723c751e8b465ee728b)  -> (artifact id: '93cd50aff2933f92afda657c0da5cde7') in 0.842569 seconds 
Number of asset objects unloaded after import = 1
========================================================================
Received Prepare
Registering precompiled user dll's ...
Registered in 0.002189 seconds.
Begin MonoManager ReloadAssembly
Thread 0x2d15c7000 may have been prematurely finalized
Symbol file LoadedFromMemory is not a mono symbol file
Native extension for iOS target not found
Native extension for Android target not found
Native extension for OSXStandalone target not found
Refreshing native plugins compatible for Editor in 1.49 ms, found 2 plugins.
Preloading 1 native plugins for Editor in 0.18 ms.
[Package Manager] Server::EnsureServerProcessIsRunning -- launch failed, reason: Unity was launched with the -noUpm command-line argument
[Package Manager] Cannot connect to Unity Package Manager local server
Mono: successfully reloaded assembly
- Completed reload, in  1.066 seconds
Domain Reload Profiling:
	ReloadAssembly (1066ms)
		BeginReloadAssembly (87ms)
			ExecutionOrderSort (0ms)
			DisableScriptedObjects (3ms)
			BackupInstance (0ms)
			ReleaseScriptingObjects (0ms)
			CreateAndSetChildDomain (38ms)
		EndReloadAssembly (935ms)
			LoadAssemblies (40ms)
			RebuildTransferFunctionScriptingTraits (0ms)
			SetupTypeCache (201ms)
			ReleaseScriptCaches (1ms)
			RebuildScriptCaches (33ms)
			SetupLoadedEditorAssemblies (602ms)
				LogAssemblyErrors (0ms)
				InitializePlatformSupportModulesInManaged (16ms)
				SetLoadedEditorAssemblies (0ms)
				RefreshPlugins (2ms)
				BeforeProcessingInitializeOnLoad (43ms)
				ProcessInitializeOnLoadAttributes (451ms)
				ProcessInitializeOnLoadMethodAttributes (89ms)
				AfterProcessingInitializeOnLoad (1ms)
				EditorAssembliesLoaded (0ms)
			ExecutionOrderSort2 (0ms)
			AwakeInstancesAfterBackupRestoration (6ms)
Platform modules already initialized, skipping
Shader 'CartoonCoffee/Particle Additive': fallback shader '2' not found
Shader 'MoreMountains/MMRipple': fallback shader 'Particle/AlphaBlended' not found
Shader 'CartoonCoffee/Particle Basic': fallback shader '2' not found
Refreshing native plugins compatible for Editor in 1.48 ms, found 2 plugins.
Preloading 1 native plugins for Editor in 0.25 ms.
Unloading 6415 Unused Serialized files (Serialized files now loaded: 0)
Unloading 80 unused Assets / (2.1 MB). Loaded Objects now: 7162.
Memory consumption went from 344.5 MB to 342.4 MB.
Total: 6.138958 ms (FindLiveObjects: 0.226667 ms CreateObjectMapping: 0.072375 ms MarkObjects: 5.316000 ms  DeleteObjects: 0.523167 ms)

AssetImportParameters requested are different than current active one (requested -> active):
  custom:video-decoder-ogg-theora: a1e56fd34408186e4bbccfd4996cb3dc -> 
  custom:container-muxer-webm: aa71ff27fc2769a1b78a27578f13a17b -> 
  custom:container-demuxer-webm: 4f35f7cbe854078d1ac9338744f61a02 -> 
  custom:video-encoder-webm-vp8: eb34c28f22e8b96e1ab97ce403110664 -> 
  custom:framework-osx-AVFoundation: e770b220cccbd017edd2c1fefb359320 -> 
  custom:CustomObjectIndexerAttribute: f67f22312cbe972f2da930a377ed3d15 -> 
  custom:audio-encoder-webm-vorbis: bf7c407c2cedff20999df2af8eb42d56 -> 
  custom:SearchIndexIgnoredProperties: e643bd26f0fe6173181afceb89e7c659 -> 
  custom:container-demuxer-ogg: 62fdf1f143b41e24485cea50d1cbac27 -> 
  custom:video-decoder-webm-vp8: 9c59270c3fd7afecdb556c50c9e8de78 -> 
  custom:audio-decoder-ogg-vorbis: bf7c407c2cedff20999df2af8eb42d56 -> 
========================================================================
Received Prepare
Registering precompiled user dll's ...
Registered in 0.002187 seconds.
Begin MonoManager ReloadAssembly
Thread 0x2b2787000 may have been prematurely finalized
Symbol file LoadedFromMemory is not a mono symbol file
Native extension for iOS target not found
Native extension for Android target not found
Native extension for OSXStandalone target not found
Refreshing native plugins compatible for Editor in 1.49 ms, found 2 plugins.
Preloading 1 native plugins for Editor in 0.22 ms.
[Package Manager] Server::EnsureServerProcessIsRunning -- launch failed, reason: Unity was launched with the -noUpm command-line argument
[Package Manager] Cannot connect to Unity Package Manager local server
Mono: successfully reloaded assembly
- Completed reload, in  1.076 seconds
Domain Reload Profiling:
	ReloadAssembly (1077ms)
		BeginReloadAssembly (95ms)
			ExecutionOrderSort (0ms)
			DisableScriptedObjects (3ms)
			BackupInstance (0ms)
			ReleaseScriptingObjects (0ms)
			CreateAndSetChildDomain (43ms)
		EndReloadAssembly (938ms)
			LoadAssemblies (40ms)
			RebuildTransferFunctionScriptingTraits (0ms)
			SetupTypeCache (202ms)
			ReleaseScriptCaches (1ms)
			RebuildScriptCaches (32ms)
			SetupLoadedEditorAssemblies (610ms)
				LogAssemblyErrors (0ms)
				InitializePlatformSupportModulesInManaged (15ms)
				SetLoadedEditorAssemblies (0ms)
				RefreshPlugins (2ms)
				BeforeProcessingInitializeOnLoad (45ms)
				ProcessInitializeOnLoadAttributes (455ms)
				ProcessInitializeOnLoadMethodAttributes (92ms)
				AfterProcessingInitializeOnLoad (1ms)
				EditorAssembliesLoaded (0ms)
			ExecutionOrderSort2 (0ms)
			AwakeInstancesAfterBackupRestoration (6ms)
Platform modules already initialized, skipping
Shader 'CartoonCoffee/Particle Additive': fallback shader '2' not found
Shader 'MoreMountains/MMRipple': fallback shader 'Particle/AlphaBlended' not found
Shader 'CartoonCoffee/Particle Basic': fallback shader '2' not found
Refreshing native plugins compatible for Editor in 1.63 ms, found 2 plugins.
Preloading 1 native plugins for Editor in 0.20 ms.
Unloading 6414 Unused Serialized files (Serialized files now loaded: 0)
Unloading 80 unused Assets / (2.1 MB). Loaded Objects now: 7177.
Memory consumption went from 344.4 MB to 342.3 MB.
Total: 6.137917 ms (FindLiveObjects: 0.227750 ms CreateObjectMapping: 0.075667 ms MarkObjects: 5.474208 ms  DeleteObjects: 0.359875 ms)

AssetImportParameters requested are different than current active one (requested -> active):
  custom:video-decoder-ogg-theora: a1e56fd34408186e4bbccfd4996cb3dc -> 
  custom:container-muxer-webm: aa71ff27fc2769a1b78a27578f13a17b -> 
  custom:container-demuxer-webm: 4f35f7cbe854078d1ac9338744f61a02 -> 
  custom:video-encoder-webm-vp8: eb34c28f22e8b96e1ab97ce403110664 -> 
  custom:framework-osx-AVFoundation: e770b220cccbd017edd2c1fefb359320 -> 
  custom:CustomObjectIndexerAttribute: f67f22312cbe972f2da930a377ed3d15 -> 
  custom:audio-encoder-webm-vorbis: bf7c407c2cedff20999df2af8eb42d56 -> 
  custom:SearchIndexIgnoredProperties: e643bd26f0fe6173181afceb89e7c659 -> 
  custom:container-demuxer-ogg: 62fdf1f143b41e24485cea50d1cbac27 -> 
  custom:video-decoder-webm-vp8: 9c59270c3fd7afecdb556c50c9e8de78 -> 
  custom:audio-decoder-ogg-vorbis: bf7c407c2cedff20999df2af8eb42d56 -> 
========================================================================
Received Prepare
Registering precompiled user dll's ...
Registered in 0.002011 seconds.
Begin MonoManager ReloadAssembly
Thread 0x2b20ef000 may have been prematurely finalized
Symbol file LoadedFromMemory is not a mono symbol file
Native extension for iOS target not found
Native extension for Android target not found
Native extension for OSXStandalone target not found
Refreshing native plugins compatible for Editor in 1.22 ms, found 2 plugins.
Preloading 1 native plugins for Editor in 0.17 ms.
[Package Manager] Server::EnsureServerProcessIsRunning -- launch failed, reason: Unity was launched with the -noUpm command-line argument
[Package Manager] Cannot connect to Unity Package Manager local server
Mono: successfully reloaded assembly
- Completed reload, in  1.031 seconds
Domain Reload Profiling:
	ReloadAssembly (1031ms)
		BeginReloadAssembly (82ms)
			ExecutionOrderSort (0ms)
			DisableScriptedObjects (3ms)
			BackupInstance (0ms)
			ReleaseScriptingObjects (0ms)
			CreateAndSetChildDomain (35ms)
		EndReloadAssembly (906ms)
			LoadAssemblies (36ms)
			RebuildTransferFunctionScriptingTraits (0ms)
			SetupTypeCache (197ms)
			ReleaseScriptCaches (1ms)
			RebuildScriptCaches (31ms)
			SetupLoadedEditorAssemblies (588ms)
				LogAssemblyErrors (0ms)
				InitializePlatformSupportModulesInManaged (13ms)
				SetLoadedEditorAssemblies (0ms)
				RefreshPlugins (1ms)
				BeforeProcessingInitializeOnLoad (40ms)
				ProcessInitializeOnLoadAttributes (443ms)
				ProcessInitializeOnLoadMethodAttributes (88ms)
				AfterProcessingInitializeOnLoad (1ms)
				EditorAssembliesLoaded (0ms)
			ExecutionOrderSort2 (0ms)
			AwakeInstancesAfterBackupRestoration (6ms)
Platform modules already initialized, skipping
Shader 'CartoonCoffee/Particle Additive': fallback shader '2' not found
Shader 'MoreMountains/MMRipple': fallback shader 'Particle/AlphaBlended' not found
Shader 'CartoonCoffee/Particle Basic': fallback shader '2' not found
Refreshing native plugins compatible for Editor in 1.49 ms, found 2 plugins.
Preloading 1 native plugins for Editor in 0.12 ms.
Unloading 6414 Unused Serialized files (Serialized files now loaded: 0)
Unloading 80 unused Assets / (2.1 MB). Loaded Objects now: 7192.
Memory consumption went from 344.4 MB to 342.4 MB.
Total: 5.923792 ms (FindLiveObjects: 0.217625 ms CreateObjectMapping: 0.063875 ms MarkObjects: 5.209709 ms  DeleteObjects: 0.432042 ms)

AssetImportParameters requested are different than current active one (requested -> active):
  custom:video-decoder-ogg-theora: a1e56fd34408186e4bbccfd4996cb3dc -> 
  custom:container-muxer-webm: aa71ff27fc2769a1b78a27578f13a17b -> 
  custom:container-demuxer-webm: 4f35f7cbe854078d1ac9338744f61a02 -> 
  custom:video-encoder-webm-vp8: eb34c28f22e8b96e1ab97ce403110664 -> 
  custom:framework-osx-AVFoundation: e770b220cccbd017edd2c1fefb359320 -> 
  custom:CustomObjectIndexerAttribute: f67f22312cbe972f2da930a377ed3d15 -> 
  custom:audio-encoder-webm-vorbis: bf7c407c2cedff20999df2af8eb42d56 -> 
  custom:SearchIndexIgnoredProperties: e643bd26f0fe6173181afceb89e7c659 -> 
  custom:container-demuxer-ogg: 62fdf1f143b41e24485cea50d1cbac27 -> 
  custom:video-decoder-webm-vp8: 9c59270c3fd7afecdb556c50c9e8de78 -> 
  custom:audio-decoder-ogg-vorbis: bf7c407c2cedff20999df2af8eb42d56 -> 
========================================================================
Received Import Request.
  Time since last request: 370.278560 seconds.
  path: Assets/02_Scripts/External/Editor/AstarPathFindingProject/Editor/EditorAssets/scene_box@1x.png
  artifactKey: Guid(a4bb5812f98bf40a68d9c1a69ad860cb) Importer(815301076,1909f56bfc062723c751e8b465ee728b)
Number of updated assets reloaded before import = 0
Start importing Assets/02_Scripts/External/Editor/AstarPathFindingProject/Editor/EditorAssets/scene_box@1x.png using Guid(a4bb5812f98bf40a68d9c1a69ad860cb) Importer(815301076,1909f56bfc062723c751e8b465ee728b)  -> (artifact id: '42e4397d093b87f8252fc1098475293c') in 0.277002 seconds 
Number of asset objects unloaded after import = 2
========================================================================
Received Import Request.
  Time since last request: 0.000039 seconds.
  path: Assets/02_Scripts/External/Editor/AstarPathFindingProject/Editor/EditorAssets/scene_box@2x.png
  artifactKey: Guid(f834e7df6f42446b59c83dca1e5bd098) Importer(815301076,1909f56bfc062723c751e8b465ee728b)
Number of updated assets reloaded before import = 0
Start importing Assets/02_Scripts/External/Editor/AstarPathFindingProject/Editor/EditorAssets/scene_box@2x.png using Guid(f834e7df6f42446b59c83dca1e5bd098) Importer(815301076,1909f56bfc062723c751e8b465ee728b)  -> (artifact id: '29600cefdd095968bb2c4538a83d7189') in 0.004988 seconds 
Number of asset objects unloaded after import = 2
========================================================================
Received Prepare
Registering precompiled user dll's ...
Registered in 0.001471 seconds.
Begin MonoManager ReloadAssembly
Thread 0x2b20ef000 may have been prematurely finalized
Symbol file LoadedFromMemory is not a mono symbol file
Native extension for iOS target not found
Native extension for Android target not found
Native extension for OSXStandalone target not found
Refreshing native plugins compatible for Editor in 1.73 ms, found 2 plugins.
Preloading 1 native plugins for Editor in 0.20 ms.
[Package Manager] Server::EnsureServerProcessIsRunning -- launch failed, reason: Unity was launched with the -noUpm command-line argument
[Package Manager] Cannot connect to Unity Package Manager local server
Mono: successfully reloaded assembly
- Completed reload, in  1.065 seconds
Domain Reload Profiling:
	ReloadAssembly (1066ms)
		BeginReloadAssembly (85ms)
			ExecutionOrderSort (0ms)
			DisableScriptedObjects (3ms)
			BackupInstance (0ms)
			ReleaseScriptingObjects (0ms)
			CreateAndSetChildDomain (38ms)
		EndReloadAssembly (935ms)
			LoadAssemblies (36ms)
			RebuildTransferFunctionScriptingTraits (0ms)
			SetupTypeCache (198ms)
			ReleaseScriptCaches (1ms)
			RebuildScriptCaches (33ms)
			SetupLoadedEditorAssemblies (608ms)
				LogAssemblyErrors (0ms)
				InitializePlatformSupportModulesInManaged (16ms)
				SetLoadedEditorAssemblies (0ms)
				RefreshPlugins (2ms)
				BeforeProcessingInitializeOnLoad (44ms)
				ProcessInitializeOnLoadAttributes (452ms)
				ProcessInitializeOnLoadMethodAttributes (92ms)
				AfterProcessingInitializeOnLoad (1ms)
				EditorAssembliesLoaded (0ms)
			ExecutionOrderSort2 (0ms)
			AwakeInstancesAfterBackupRestoration (6ms)
Platform modules already initialized, skipping
Shader 'CartoonCoffee/Particle Additive': fallback shader '2' not found
Shader 'MoreMountains/MMRipple': fallback shader 'Particle/AlphaBlended' not found
Shader 'CartoonCoffee/Particle Basic': fallback shader '2' not found
Refreshing native plugins compatible for Editor in 1.45 ms, found 2 plugins.
Preloading 1 native plugins for Editor in 0.20 ms.
Unloading 6414 Unused Serialized files (Serialized files now loaded: 0)
Unloading 80 unused Assets / (2.1 MB). Loaded Objects now: 7210.
Memory consumption went from 348.6 MB to 346.5 MB.
Total: 6.137583 ms (FindLiveObjects: 0.321167 ms CreateObjectMapping: 0.078458 ms MarkObjects: 5.351667 ms  DeleteObjects: 0.385334 ms)

AssetImportParameters requested are different than current active one (requested -> active):
  custom:video-decoder-ogg-theora: a1e56fd34408186e4bbccfd4996cb3dc -> 
  custom:container-muxer-webm: aa71ff27fc2769a1b78a27578f13a17b -> 
  custom:container-demuxer-webm: 4f35f7cbe854078d1ac9338744f61a02 -> 
  custom:video-encoder-webm-vp8: eb34c28f22e8b96e1ab97ce403110664 -> 
  custom:framework-osx-AVFoundation: e770b220cccbd017edd2c1fefb359320 -> 
  custom:CustomObjectIndexerAttribute: f67f22312cbe972f2da930a377ed3d15 -> 
  custom:audio-encoder-webm-vorbis: bf7c407c2cedff20999df2af8eb42d56 -> 
  custom:SearchIndexIgnoredProperties: e643bd26f0fe6173181afceb89e7c659 -> 
  custom:container-demuxer-ogg: 62fdf1f143b41e24485cea50d1cbac27 -> 
  custom:video-decoder-webm-vp8: 9c59270c3fd7afecdb556c50c9e8de78 -> 
  custom:audio-decoder-ogg-vorbis: bf7c407c2cedff20999df2af8eb42d56 -> 
========================================================================
Received Prepare
Registering precompiled user dll's ...
Registered in 0.002168 seconds.
Begin MonoManager ReloadAssembly
Thread 0x2b20ef000 may have been prematurely finalized
Symbol file LoadedFromMemory is not a mono symbol file
Native extension for iOS target not found
Native extension for Android target not found
Native extension for OSXStandalone target not found
Refreshing native plugins compatible for Editor in 1.16 ms, found 2 plugins.
Preloading 1 native plugins for Editor in 0.15 ms.
[Package Manager] Server::EnsureServerProcessIsRunning -- launch failed, reason: Unity was launched with the -noUpm command-line argument
[Package Manager] Cannot connect to Unity Package Manager local server
Mono: successfully reloaded assembly
- Completed reload, in  1.054 seconds
Domain Reload Profiling:
	ReloadAssembly (1055ms)
		BeginReloadAssembly (83ms)
			ExecutionOrderSort (0ms)
			DisableScriptedObjects (3ms)
			BackupInstance (0ms)
			ReleaseScriptingObjects (0ms)
			CreateAndSetChildDomain (36ms)
		EndReloadAssembly (927ms)
			LoadAssemblies (37ms)
			RebuildTransferFunctionScriptingTraits (0ms)
			SetupTypeCache (201ms)
			ReleaseScriptCaches (1ms)
			RebuildScriptCaches (33ms)
			SetupLoadedEditorAssemblies (601ms)
				LogAssemblyErrors (0ms)
				InitializePlatformSupportModulesInManaged (14ms)
				SetLoadedEditorAssemblies (0ms)
				RefreshPlugins (1ms)
				BeforeProcessingInitializeOnLoad (41ms)
				ProcessInitializeOnLoadAttributes (450ms)
				ProcessInitializeOnLoadMethodAttributes (93ms)
				AfterProcessingInitializeOnLoad (1ms)
				EditorAssembliesLoaded (0ms)
			ExecutionOrderSort2 (0ms)
			AwakeInstancesAfterBackupRestoration (6ms)
Platform modules already initialized, skipping
Shader 'CartoonCoffee/Particle Additive': fallback shader '2' not found
Shader 'MoreMountains/MMRipple': fallback shader 'Particle/AlphaBlended' not found
Shader 'CartoonCoffee/Particle Basic': fallback shader '2' not found
Refreshing native plugins compatible for Editor in 1.48 ms, found 2 plugins.
Preloading 1 native plugins for Editor in 0.20 ms.
Unloading 6414 Unused Serialized files (Serialized files now loaded: 0)
Unloading 80 unused Assets / (2.1 MB). Loaded Objects now: 7225.
Memory consumption went from 348.6 MB to 346.6 MB.
Total: 6.044708 ms (FindLiveObjects: 0.233458 ms CreateObjectMapping: 0.072375 ms MarkObjects: 5.333875 ms  DeleteObjects: 0.404291 ms)

AssetImportParameters requested are different than current active one (requested -> active):
  custom:video-decoder-ogg-theora: a1e56fd34408186e4bbccfd4996cb3dc -> 
  custom:container-muxer-webm: aa71ff27fc2769a1b78a27578f13a17b -> 
  custom:container-demuxer-webm: 4f35f7cbe854078d1ac9338744f61a02 -> 
  custom:video-encoder-webm-vp8: eb34c28f22e8b96e1ab97ce403110664 -> 
  custom:framework-osx-AVFoundation: e770b220cccbd017edd2c1fefb359320 -> 
  custom:CustomObjectIndexerAttribute: f67f22312cbe972f2da930a377ed3d15 -> 
  custom:audio-encoder-webm-vorbis: bf7c407c2cedff20999df2af8eb42d56 -> 
  custom:SearchIndexIgnoredProperties: e643bd26f0fe6173181afceb89e7c659 -> 
  custom:container-demuxer-ogg: 62fdf1f143b41e24485cea50d1cbac27 -> 
  custom:video-decoder-webm-vp8: 9c59270c3fd7afecdb556c50c9e8de78 -> 
  custom:audio-decoder-ogg-vorbis: bf7c407c2cedff20999df2af8eb42d56 -> 
========================================================================
Received Prepare
Registering precompiled user dll's ...
Registered in 0.001754 seconds.
Begin MonoManager ReloadAssembly
Thread 0x2b2787000 may have been prematurely finalized
Symbol file LoadedFromMemory is not a mono symbol file
Native extension for iOS target not found
Native extension for Android target not found
Native extension for OSXStandalone target not found
Refreshing native plugins compatible for Editor in 1.15 ms, found 2 plugins.
Preloading 1 native plugins for Editor in 0.17 ms.
[Package Manager] Server::EnsureServerProcessIsRunning -- launch failed, reason: Unity was launched with the -noUpm command-line argument
[Package Manager] Cannot connect to Unity Package Manager local server
Mono: successfully reloaded assembly
- Completed reload, in  1.041 seconds
Domain Reload Profiling:
	ReloadAssembly (1042ms)
		BeginReloadAssembly (83ms)
			ExecutionOrderSort (0ms)
			DisableScriptedObjects (3ms)
			BackupInstance (0ms)
			ReleaseScriptingObjects (0ms)
			CreateAndSetChildDomain (37ms)
		EndReloadAssembly (914ms)
			LoadAssemblies (36ms)
			RebuildTransferFunctionScriptingTraits (0ms)
			SetupTypeCache (197ms)
			ReleaseScriptCaches (1ms)
			RebuildScriptCaches (32ms)
			SetupLoadedEditorAssemblies (595ms)
				LogAssemblyErrors (0ms)
				InitializePlatformSupportModulesInManaged (14ms)
				SetLoadedEditorAssemblies (0ms)
				RefreshPlugins (1ms)
				BeforeProcessingInitializeOnLoad (42ms)
				ProcessInitializeOnLoadAttributes (449ms)
				ProcessInitializeOnLoadMethodAttributes (89ms)
				AfterProcessingInitializeOnLoad (1ms)
				EditorAssembliesLoaded (0ms)
			ExecutionOrderSort2 (0ms)
			AwakeInstancesAfterBackupRestoration (5ms)
Platform modules already initialized, skipping
Shader 'CartoonCoffee/Particle Additive': fallback shader '2' not found
Shader 'MoreMountains/MMRipple': fallback shader 'Particle/AlphaBlended' not found
Shader 'CartoonCoffee/Particle Basic': fallback shader '2' not found
Refreshing native plugins compatible for Editor in 1.28 ms, found 2 plugins.
Preloading 1 native plugins for Editor in 0.17 ms.
Unloading 6414 Unused Serialized files (Serialized files now loaded: 0)
Unloading 80 unused Assets / (2.0 MB). Loaded Objects now: 7240.
Memory consumption went from 348.6 MB to 346.6 MB.
Total: 5.353708 ms (FindLiveObjects: 0.200500 ms CreateObjectMapping: 0.073208 ms MarkObjects: 4.749042 ms  DeleteObjects: 0.330625 ms)

AssetImportParameters requested are different than current active one (requested -> active):
  custom:video-decoder-ogg-theora: a1e56fd34408186e4bbccfd4996cb3dc -> 
  custom:container-muxer-webm: aa71ff27fc2769a1b78a27578f13a17b -> 
  custom:container-demuxer-webm: 4f35f7cbe854078d1ac9338744f61a02 -> 
  custom:video-encoder-webm-vp8: eb34c28f22e8b96e1ab97ce403110664 -> 
  custom:framework-osx-AVFoundation: e770b220cccbd017edd2c1fefb359320 -> 
  custom:CustomObjectIndexerAttribute: f67f22312cbe972f2da930a377ed3d15 -> 
  custom:audio-encoder-webm-vorbis: bf7c407c2cedff20999df2af8eb42d56 -> 
  custom:SearchIndexIgnoredProperties: e643bd26f0fe6173181afceb89e7c659 -> 
  custom:container-demuxer-ogg: 62fdf1f143b41e24485cea50d1cbac27 -> 
  custom:video-decoder-webm-vp8: 9c59270c3fd7afecdb556c50c9e8de78 -> 
  custom:audio-decoder-ogg-vorbis: bf7c407c2cedff20999df2af8eb42d56 -> 
========================================================================
Received Prepare
Registering precompiled user dll's ...
Registered in 0.001457 seconds.
Begin MonoManager ReloadAssembly
Thread 0x2b2787000 may have been prematurely finalized
Symbol file LoadedFromMemory is not a mono symbol file
Native extension for iOS target not found
Native extension for Android target not found
Native extension for OSXStandalone target not found
Refreshing native plugins compatible for Editor in 1.19 ms, found 2 plugins.
Preloading 1 native plugins for Editor in 0.17 ms.
[Package Manager] Server::EnsureServerProcessIsRunning -- launch failed, reason: Unity was launched with the -noUpm command-line argument
[Package Manager] Cannot connect to Unity Package Manager local server
Mono: successfully reloaded assembly
- Completed reload, in  1.030 seconds
Domain Reload Profiling:
	ReloadAssembly (1031ms)
		BeginReloadAssembly (84ms)
			ExecutionOrderSort (0ms)
			DisableScriptedObjects (3ms)
			BackupInstance (0ms)
			ReleaseScriptingObjects (0ms)
			CreateAndSetChildDomain (37ms)
		EndReloadAssembly (902ms)
			LoadAssemblies (37ms)
			RebuildTransferFunctionScriptingTraits (0ms)
			SetupTypeCache (197ms)
			ReleaseScriptCaches (1ms)
			RebuildScriptCaches (32ms)
			SetupLoadedEditorAssemblies (586ms)
				LogAssemblyErrors (0ms)
				InitializePlatformSupportModulesInManaged (14ms)
				SetLoadedEditorAssemblies (0ms)
				RefreshPlugins (1ms)
				BeforeProcessingInitializeOnLoad (40ms)
				ProcessInitializeOnLoadAttributes (442ms)
				ProcessInitializeOnLoadMethodAttributes (89ms)
				AfterProcessingInitializeOnLoad (1ms)
				EditorAssembliesLoaded (0ms)
			ExecutionOrderSort2 (0ms)
			AwakeInstancesAfterBackupRestoration (5ms)
Platform modules already initialized, skipping
Shader 'CartoonCoffee/Particle Additive': fallback shader '2' not found
Shader 'MoreMountains/MMRipple': fallback shader 'Particle/AlphaBlended' not found
Shader 'CartoonCoffee/Particle Basic': fallback shader '2' not found
Refreshing native plugins compatible for Editor in 1.32 ms, found 2 plugins.
Preloading 1 native plugins for Editor in 0.18 ms.
Unloading 6414 Unused Serialized files (Serialized files now loaded: 0)
Unloading 80 unused Assets / (2.0 MB). Loaded Objects now: 7255.
Memory consumption went from 348.6 MB to 346.6 MB.
Total: 5.483209 ms (FindLiveObjects: 0.203417 ms CreateObjectMapping: 0.061667 ms MarkObjects: 4.857291 ms  DeleteObjects: 0.360334 ms)

AssetImportParameters requested are different than current active one (requested -> active):
  custom:video-decoder-ogg-theora: a1e56fd34408186e4bbccfd4996cb3dc -> 
  custom:container-muxer-webm: aa71ff27fc2769a1b78a27578f13a17b -> 
  custom:container-demuxer-webm: 4f35f7cbe854078d1ac9338744f61a02 -> 
  custom:video-encoder-webm-vp8: eb34c28f22e8b96e1ab97ce403110664 -> 
  custom:framework-osx-AVFoundation: e770b220cccbd017edd2c1fefb359320 -> 
  custom:CustomObjectIndexerAttribute: f67f22312cbe972f2da930a377ed3d15 -> 
  custom:audio-encoder-webm-vorbis: bf7c407c2cedff20999df2af8eb42d56 -> 
  custom:SearchIndexIgnoredProperties: e643bd26f0fe6173181afceb89e7c659 -> 
  custom:container-demuxer-ogg: 62fdf1f143b41e24485cea50d1cbac27 -> 
  custom:video-decoder-webm-vp8: 9c59270c3fd7afecdb556c50c9e8de78 -> 
  custom:audio-decoder-ogg-vorbis: bf7c407c2cedff20999df2af8eb42d56 -> 
========================================================================
Received Prepare
Registering precompiled user dll's ...
Registered in 0.001744 seconds.
Begin MonoManager ReloadAssembly
Thread 0x2b2787000 may have been prematurely finalized
Symbol file LoadedFromMemory is not a mono symbol file
Native extension for iOS target not found
Native extension for Android target not found
Native extension for OSXStandalone target not found
Refreshing native plugins compatible for Editor in 1.18 ms, found 2 plugins.
Preloading 1 native plugins for Editor in 0.15 ms.
[Package Manager] Server::EnsureServerProcessIsRunning -- launch failed, reason: Unity was launched with the -noUpm command-line argument
[Package Manager] Cannot connect to Unity Package Manager local server
Mono: successfully reloaded assembly
- Completed reload, in  1.054 seconds
Domain Reload Profiling:
	ReloadAssembly (1054ms)
		BeginReloadAssembly (83ms)
			ExecutionOrderSort (0ms)
			DisableScriptedObjects (3ms)
			BackupInstance (0ms)
			ReleaseScriptingObjects (0ms)
			CreateAndSetChildDomain (36ms)
		EndReloadAssembly (927ms)
			LoadAssemblies (37ms)
			RebuildTransferFunctionScriptingTraits (0ms)
			SetupTypeCache (199ms)
			ReleaseScriptCaches (2ms)
			RebuildScriptCaches (32ms)
			SetupLoadedEditorAssemblies (604ms)
				LogAssemblyErrors (0ms)
				InitializePlatformSupportModulesInManaged (14ms)
				SetLoadedEditorAssemblies (0ms)
				RefreshPlugins (1ms)
				BeforeProcessingInitializeOnLoad (42ms)
				ProcessInitializeOnLoadAttributes (454ms)
				ProcessInitializeOnLoadMethodAttributes (92ms)
				AfterProcessingInitializeOnLoad (1ms)
				EditorAssembliesLoaded (0ms)
			ExecutionOrderSort2 (0ms)
			AwakeInstancesAfterBackupRestoration (6ms)
Platform modules already initialized, skipping
Shader 'CartoonCoffee/Particle Additive': fallback shader '2' not found
Shader 'MoreMountains/MMRipple': fallback shader 'Particle/AlphaBlended' not found
Shader 'CartoonCoffee/Particle Basic': fallback shader '2' not found
Refreshing native plugins compatible for Editor in 1.50 ms, found 2 plugins.
Preloading 1 native plugins for Editor in 0.27 ms.
Unloading 6414 Unused Serialized files (Serialized files now loaded: 0)
Unloading 80 unused Assets / (2.1 MB). Loaded Objects now: 7270.
Memory consumption went from 348.7 MB to 346.6 MB.
Total: 5.834500 ms (FindLiveObjects: 0.257959 ms CreateObjectMapping: 0.066083 ms MarkObjects: 5.124458 ms  DeleteObjects: 0.385208 ms)

AssetImportParameters requested are different than current active one (requested -> active):
  custom:video-decoder-ogg-theora: a1e56fd34408186e4bbccfd4996cb3dc -> 
  custom:container-muxer-webm: aa71ff27fc2769a1b78a27578f13a17b -> 
  custom:container-demuxer-webm: 4f35f7cbe854078d1ac9338744f61a02 -> 
  custom:video-encoder-webm-vp8: eb34c28f22e8b96e1ab97ce403110664 -> 
  custom:framework-osx-AVFoundation: e770b220cccbd017edd2c1fefb359320 -> 
  custom:CustomObjectIndexerAttribute: f67f22312cbe972f2da930a377ed3d15 -> 
  custom:audio-encoder-webm-vorbis: bf7c407c2cedff20999df2af8eb42d56 -> 
  custom:SearchIndexIgnoredProperties: e643bd26f0fe6173181afceb89e7c659 -> 
  custom:container-demuxer-ogg: 62fdf1f143b41e24485cea50d1cbac27 -> 
  custom:video-decoder-webm-vp8: 9c59270c3fd7afecdb556c50c9e8de78 -> 
  custom:audio-decoder-ogg-vorbis: bf7c407c2cedff20999df2af8eb42d56 -> 
========================================================================
Received Prepare
Registering precompiled user dll's ...
Registered in 0.001496 seconds.
Begin MonoManager ReloadAssembly
Thread 0x2b2787000 may have been prematurely finalized
Symbol file LoadedFromMemory is not a mono symbol file
Native extension for iOS target not found
Native extension for Android target not found
Native extension for OSXStandalone target not found
Refreshing native plugins compatible for Editor in 1.14 ms, found 2 plugins.
Preloading 1 native plugins for Editor in 0.17 ms.
[Package Manager] Server::EnsureServerProcessIsRunning -- launch failed, reason: Unity was launched with the -noUpm command-line argument
[Package Manager] Cannot connect to Unity Package Manager local server
Mono: successfully reloaded assembly
- Completed reload, in  1.040 seconds
Domain Reload Profiling:
	ReloadAssembly (1041ms)
		BeginReloadAssembly (85ms)
			ExecutionOrderSort (0ms)
			DisableScriptedObjects (3ms)
			BackupInstance (0ms)
			ReleaseScriptingObjects (0ms)
			CreateAndSetChildDomain (38ms)
		EndReloadAssembly (912ms)
			LoadAssemblies (36ms)
			RebuildTransferFunctionScriptingTraits (0ms)
			SetupTypeCache (197ms)
			ReleaseScriptCaches (1ms)
			RebuildScriptCaches (32ms)
			SetupLoadedEditorAssemblies (593ms)
				LogAssemblyErrors (0ms)
				InitializePlatformSupportModulesInManaged (14ms)
				SetLoadedEditorAssemblies (0ms)
				RefreshPlugins (1ms)
				BeforeProcessingInitializeOnLoad (40ms)
				ProcessInitializeOnLoadAttributes (452ms)
				ProcessInitializeOnLoadMethodAttributes (84ms)
				AfterProcessingInitializeOnLoad (1ms)
				EditorAssembliesLoaded (0ms)
			ExecutionOrderSort2 (0ms)
			AwakeInstancesAfterBackupRestoration (6ms)
Platform modules already initialized, skipping
Shader 'CartoonCoffee/Particle Additive': fallback shader '2' not found
Shader 'MoreMountains/MMRipple': fallback shader 'Particle/AlphaBlended' not found
Shader 'CartoonCoffee/Particle Basic': fallback shader '2' not found
Refreshing native plugins compatible for Editor in 1.46 ms, found 2 plugins.
Preloading 1 native plugins for Editor in 0.20 ms.
Unloading 6414 Unused Serialized files (Serialized files now loaded: 0)
Unloading 80 unused Assets / (2.1 MB). Loaded Objects now: 7285.
Memory consumption went from 348.7 MB to 346.6 MB.
Total: 5.798042 ms (FindLiveObjects: 0.190125 ms CreateObjectMapping: 0.069875 ms MarkObjects: 5.082750 ms  DeleteObjects: 0.454834 ms)

AssetImportParameters requested are different than current active one (requested -> active):
  custom:video-decoder-ogg-theora: a1e56fd34408186e4bbccfd4996cb3dc -> 
  custom:container-muxer-webm: aa71ff27fc2769a1b78a27578f13a17b -> 
  custom:container-demuxer-webm: 4f35f7cbe854078d1ac9338744f61a02 -> 
  custom:video-encoder-webm-vp8: eb34c28f22e8b96e1ab97ce403110664 -> 
  custom:framework-osx-AVFoundation: e770b220cccbd017edd2c1fefb359320 -> 
  custom:CustomObjectIndexerAttribute: f67f22312cbe972f2da930a377ed3d15 -> 
  custom:audio-encoder-webm-vorbis: bf7c407c2cedff20999df2af8eb42d56 -> 
  custom:SearchIndexIgnoredProperties: e643bd26f0fe6173181afceb89e7c659 -> 
  custom:container-demuxer-ogg: 62fdf1f143b41e24485cea50d1cbac27 -> 
  custom:video-decoder-webm-vp8: 9c59270c3fd7afecdb556c50c9e8de78 -> 
  custom:audio-decoder-ogg-vorbis: bf7c407c2cedff20999df2af8eb42d56 -> 
========================================================================
Received Prepare
Registering precompiled user dll's ...
Registered in 0.001547 seconds.
Begin MonoManager ReloadAssembly
Thread 0x2b2787000 may have been prematurely finalized
Symbol file LoadedFromMemory is not a mono symbol file
Native extension for iOS target not found
Native extension for Android target not found
Native extension for OSXStandalone target not found
Refreshing native plugins compatible for Editor in 1.15 ms, found 2 plugins.
Preloading 1 native plugins for Editor in 0.15 ms.
[Package Manager] Server::EnsureServerProcessIsRunning -- launch failed, reason: Unity was launched with the -noUpm command-line argument
[Package Manager] Cannot connect to Unity Package Manager local server
Mono: successfully reloaded assembly
- Completed reload, in  1.044 seconds
Domain Reload Profiling:
	ReloadAssembly (1044ms)
		BeginReloadAssembly (85ms)
			ExecutionOrderSort (0ms)
			DisableScriptedObjects (3ms)
			BackupInstance (0ms)
			ReleaseScriptingObjects (0ms)
			CreateAndSetChildDomain (37ms)
		EndReloadAssembly (916ms)
			LoadAssemblies (37ms)
			RebuildTransferFunctionScriptingTraits (0ms)
			SetupTypeCache (200ms)
			ReleaseScriptCaches (1ms)
			RebuildScriptCaches (34ms)
			SetupLoadedEditorAssemblies (592ms)
				LogAssemblyErrors (0ms)
				InitializePlatformSupportModulesInManaged (14ms)
				SetLoadedEditorAssemblies (0ms)
				RefreshPlugins (1ms)
				BeforeProcessingInitializeOnLoad (41ms)
				ProcessInitializeOnLoadAttributes (448ms)
				ProcessInitializeOnLoadMethodAttributes (88ms)
				AfterProcessingInitializeOnLoad (1ms)
				EditorAssembliesLoaded (0ms)
			ExecutionOrderSort2 (0ms)
			AwakeInstancesAfterBackupRestoration (5ms)
Platform modules already initialized, skipping
Shader 'CartoonCoffee/Particle Additive': fallback shader '2' not found
Shader 'MoreMountains/MMRipple': fallback shader 'Particle/AlphaBlended' not found
Shader 'CartoonCoffee/Particle Basic': fallback shader '2' not found
Refreshing native plugins compatible for Editor in 1.30 ms, found 2 plugins.
Preloading 1 native plugins for Editor in 0.19 ms.
Unloading 6414 Unused Serialized files (Serialized files now loaded: 0)
Unloading 80 unused Assets / (2.1 MB). Loaded Objects now: 7300.
Memory consumption went from 348.7 MB to 346.6 MB.
Total: 5.454458 ms (FindLiveObjects: 0.203041 ms CreateObjectMapping: 0.067792 ms MarkObjects: 4.801875 ms  DeleteObjects: 0.381167 ms)

AssetImportParameters requested are different than current active one (requested -> active):
  custom:video-decoder-ogg-theora: a1e56fd34408186e4bbccfd4996cb3dc -> 
  custom:container-muxer-webm: aa71ff27fc2769a1b78a27578f13a17b -> 
  custom:container-demuxer-webm: 4f35f7cbe854078d1ac9338744f61a02 -> 
  custom:video-encoder-webm-vp8: eb34c28f22e8b96e1ab97ce403110664 -> 
  custom:framework-osx-AVFoundation: e770b220cccbd017edd2c1fefb359320 -> 
  custom:CustomObjectIndexerAttribute: f67f22312cbe972f2da930a377ed3d15 -> 
  custom:audio-encoder-webm-vorbis: bf7c407c2cedff20999df2af8eb42d56 -> 
  custom:SearchIndexIgnoredProperties: e643bd26f0fe6173181afceb89e7c659 -> 
  custom:container-demuxer-ogg: 62fdf1f143b41e24485cea50d1cbac27 -> 
  custom:video-decoder-webm-vp8: 9c59270c3fd7afecdb556c50c9e8de78 -> 
  custom:audio-decoder-ogg-vorbis: bf7c407c2cedff20999df2af8eb42d56 -> 
========================================================================
Received Prepare
Registering precompiled user dll's ...
Registered in 0.001483 seconds.
Begin MonoManager ReloadAssembly
Thread 0x2b2787000 may have been prematurely finalized
Symbol file LoadedFromMemory is not a mono symbol file
Native extension for iOS target not found
Native extension for Android target not found
Native extension for OSXStandalone target not found
Refreshing native plugins compatible for Editor in 1.19 ms, found 2 plugins.
Preloading 1 native plugins for Editor in 0.17 ms.
[Package Manager] Server::EnsureServerProcessIsRunning -- launch failed, reason: Unity was launched with the -noUpm command-line argument
[Package Manager] Cannot connect to Unity Package Manager local server
Mono: successfully reloaded assembly
- Completed reload, in  1.040 seconds
Domain Reload Profiling:
	ReloadAssembly (1040ms)
		BeginReloadAssembly (85ms)
			ExecutionOrderSort (0ms)
			DisableScriptedObjects (3ms)
			BackupInstance (0ms)
			ReleaseScriptingObjects (0ms)
			CreateAndSetChildDomain (38ms)
		EndReloadAssembly (911ms)
			LoadAssemblies (36ms)
			RebuildTransferFunctionScriptingTraits (0ms)
			SetupTypeCache (199ms)
			ReleaseScriptCaches (1ms)
			RebuildScriptCaches (33ms)
			SetupLoadedEditorAssemblies (589ms)
				LogAssemblyErrors (0ms)
				InitializePlatformSupportModulesInManaged (14ms)
				SetLoadedEditorAssemblies (0ms)
				RefreshPlugins (1ms)
				BeforeProcessingInitializeOnLoad (41ms)
				ProcessInitializeOnLoadAttributes (447ms)
				ProcessInitializeOnLoadMethodAttributes (85ms)
				AfterProcessingInitializeOnLoad (1ms)
				EditorAssembliesLoaded (0ms)
			ExecutionOrderSort2 (0ms)
			AwakeInstancesAfterBackupRestoration (5ms)
Platform modules already initialized, skipping
Shader 'CartoonCoffee/Particle Additive': fallback shader '2' not found
Shader 'MoreMountains/MMRipple': fallback shader 'Particle/AlphaBlended' not found
Shader 'CartoonCoffee/Particle Basic': fallback shader '2' not found
Refreshing native plugins compatible for Editor in 1.29 ms, found 2 plugins.
Preloading 1 native plugins for Editor in 0.18 ms.
Unloading 6414 Unused Serialized files (Serialized files now loaded: 0)
Unloading 80 unused Assets / (2.0 MB). Loaded Objects now: 7315.
Memory consumption went from 348.7 MB to 346.7 MB.
Total: 5.404208 ms (FindLiveObjects: 0.209583 ms CreateObjectMapping: 0.072125 ms MarkObjects: 4.772417 ms  DeleteObjects: 0.349667 ms)

AssetImportParameters requested are different than current active one (requested -> active):
  custom:video-decoder-ogg-theora: a1e56fd34408186e4bbccfd4996cb3dc -> 
  custom:container-muxer-webm: aa71ff27fc2769a1b78a27578f13a17b -> 
  custom:container-demuxer-webm: 4f35f7cbe854078d1ac9338744f61a02 -> 
  custom:video-encoder-webm-vp8: eb34c28f22e8b96e1ab97ce403110664 -> 
  custom:framework-osx-AVFoundation: e770b220cccbd017edd2c1fefb359320 -> 
  custom:CustomObjectIndexerAttribute: f67f22312cbe972f2da930a377ed3d15 -> 
  custom:audio-encoder-webm-vorbis: bf7c407c2cedff20999df2af8eb42d56 -> 
  custom:SearchIndexIgnoredProperties: e643bd26f0fe6173181afceb89e7c659 -> 
  custom:container-demuxer-ogg: 62fdf1f143b41e24485cea50d1cbac27 -> 
  custom:video-decoder-webm-vp8: 9c59270c3fd7afecdb556c50c9e8de78 -> 
  custom:audio-decoder-ogg-vorbis: bf7c407c2cedff20999df2af8eb42d56 -> 
========================================================================
Received Prepare
Registering precompiled user dll's ...
Registered in 0.001472 seconds.
Begin MonoManager ReloadAssembly
Thread 0x2b2787000 may have been prematurely finalized
Symbol file LoadedFromMemory is not a mono symbol file
Native extension for iOS target not found
Native extension for Android target not found
Native extension for OSXStandalone target not found
Refreshing native plugins compatible for Editor in 1.23 ms, found 2 plugins.
Preloading 1 native plugins for Editor in 0.18 ms.
[Package Manager] Server::EnsureServerProcessIsRunning -- launch failed, reason: Unity was launched with the -noUpm command-line argument
[Package Manager] Cannot connect to Unity Package Manager local server
Mono: successfully reloaded assembly
- Completed reload, in  1.067 seconds
Domain Reload Profiling:
	ReloadAssembly (1068ms)
		BeginReloadAssembly (87ms)
			ExecutionOrderSort (0ms)
			DisableScriptedObjects (3ms)
			BackupInstance (0ms)
			ReleaseScriptingObjects (0ms)
			CreateAndSetChildDomain (38ms)
		EndReloadAssembly (937ms)
			LoadAssemblies (38ms)
			RebuildTransferFunctionScriptingTraits (0ms)
			SetupTypeCache (200ms)
			ReleaseScriptCaches (1ms)
			RebuildScriptCaches (33ms)
			SetupLoadedEditorAssemblies (610ms)
				LogAssemblyErrors (0ms)
				InitializePlatformSupportModulesInManaged (14ms)
				SetLoadedEditorAssemblies (0ms)
				RefreshPlugins (1ms)
				BeforeProcessingInitializeOnLoad (41ms)
				ProcessInitializeOnLoadAttributes (458ms)
				ProcessInitializeOnLoadMethodAttributes (94ms)
				AfterProcessingInitializeOnLoad (1ms)
				EditorAssembliesLoaded (0ms)
			ExecutionOrderSort2 (0ms)
			AwakeInstancesAfterBackupRestoration (6ms)
Platform modules already initialized, skipping
Shader 'CartoonCoffee/Particle Additive': fallback shader '2' not found
Shader 'MoreMountains/MMRipple': fallback shader 'Particle/AlphaBlended' not found
Shader 'CartoonCoffee/Particle Basic': fallback shader '2' not found
Refreshing native plugins compatible for Editor in 1.49 ms, found 2 plugins.
Preloading 1 native plugins for Editor in 0.24 ms.
Unloading 6414 Unused Serialized files (Serialized files now loaded: 0)
Unloading 80 unused Assets / (2.0 MB). Loaded Objects now: 7330.
Memory consumption went from 348.8 MB to 346.7 MB.
Total: 6.049750 ms (FindLiveObjects: 0.230666 ms CreateObjectMapping: 0.080292 ms MarkObjects: 5.316292 ms  DeleteObjects: 0.421875 ms)

AssetImportParameters requested are different than current active one (requested -> active):
  custom:video-decoder-ogg-theora: a1e56fd34408186e4bbccfd4996cb3dc -> 
  custom:container-muxer-webm: aa71ff27fc2769a1b78a27578f13a17b -> 
  custom:container-demuxer-webm: 4f35f7cbe854078d1ac9338744f61a02 -> 
  custom:video-encoder-webm-vp8: eb34c28f22e8b96e1ab97ce403110664 -> 
  custom:framework-osx-AVFoundation: e770b220cccbd017edd2c1fefb359320 -> 
  custom:CustomObjectIndexerAttribute: f67f22312cbe972f2da930a377ed3d15 -> 
  custom:audio-encoder-webm-vorbis: bf7c407c2cedff20999df2af8eb42d56 -> 
  custom:SearchIndexIgnoredProperties: e643bd26f0fe6173181afceb89e7c659 -> 
  custom:container-demuxer-ogg: 62fdf1f143b41e24485cea50d1cbac27 -> 
  custom:video-decoder-webm-vp8: 9c59270c3fd7afecdb556c50c9e8de78 -> 
  custom:audio-decoder-ogg-vorbis: bf7c407c2cedff20999df2af8eb42d56 -> 
========================================================================
Received Prepare
Registering precompiled user dll's ...
Registered in 0.001543 seconds.
Begin MonoManager ReloadAssembly
Thread 0x16d9fb000 may have been prematurely finalized
Symbol file LoadedFromMemory is not a mono symbol file
Native extension for iOS target not found
Native extension for Android target not found
Native extension for OSXStandalone target not found
Refreshing native plugins compatible for Editor in 1.15 ms, found 2 plugins.
Preloading 1 native plugins for Editor in 0.15 ms.
[Package Manager] Server::EnsureServerProcessIsRunning -- launch failed, reason: Unity was launched with the -noUpm command-line argument
[Package Manager] Cannot connect to Unity Package Manager local server
Mono: successfully reloaded assembly
- Completed reload, in  1.053 seconds
Domain Reload Profiling:
	ReloadAssembly (1054ms)
		BeginReloadAssembly (84ms)
			ExecutionOrderSort (0ms)
			DisableScriptedObjects (3ms)
			BackupInstance (0ms)
			ReleaseScriptingObjects (0ms)
			CreateAndSetChildDomain (37ms)
		EndReloadAssembly (925ms)
			LoadAssemblies (37ms)
			RebuildTransferFunctionScriptingTraits (0ms)
			SetupTypeCache (198ms)
			ReleaseScriptCaches (1ms)
			RebuildScriptCaches (32ms)
			SetupLoadedEditorAssemblies (605ms)
				LogAssemblyErrors (0ms)
				InitializePlatformSupportModulesInManaged (14ms)
				SetLoadedEditorAssemblies (0ms)
				RefreshPlugins (1ms)
				BeforeProcessingInitializeOnLoad (41ms)
				ProcessInitializeOnLoadAttributes (453ms)
				ProcessInitializeOnLoadMethodAttributes (93ms)
				AfterProcessingInitializeOnLoad (1ms)
				EditorAssembliesLoaded (0ms)
			ExecutionOrderSort2 (0ms)
			AwakeInstancesAfterBackupRestoration (5ms)
Platform modules already initialized, skipping
Shader 'CartoonCoffee/Particle Additive': fallback shader '2' not found
Shader 'MoreMountains/MMRipple': fallback shader 'Particle/AlphaBlended' not found
Shader 'CartoonCoffee/Particle Basic': fallback shader '2' not found
Refreshing native plugins compatible for Editor in 1.54 ms, found 2 plugins.
Preloading 1 native plugins for Editor in 0.32 ms.
Unloading 6414 Unused Serialized files (Serialized files now loaded: 0)
Unloading 80 unused Assets / (2.0 MB). Loaded Objects now: 7345.
Memory consumption went from 348.8 MB to 346.7 MB.
Total: 5.753583 ms (FindLiveObjects: 0.245791 ms CreateObjectMapping: 0.067000 ms MarkObjects: 5.036625 ms  DeleteObjects: 0.403417 ms)

AssetImportParameters requested are different than current active one (requested -> active):
  custom:video-decoder-ogg-theora: a1e56fd34408186e4bbccfd4996cb3dc -> 
  custom:container-muxer-webm: aa71ff27fc2769a1b78a27578f13a17b -> 
  custom:container-demuxer-webm: 4f35f7cbe854078d1ac9338744f61a02 -> 
  custom:video-encoder-webm-vp8: eb34c28f22e8b96e1ab97ce403110664 -> 
  custom:framework-osx-AVFoundation: e770b220cccbd017edd2c1fefb359320 -> 
  custom:CustomObjectIndexerAttribute: f67f22312cbe972f2da930a377ed3d15 -> 
  custom:audio-encoder-webm-vorbis: bf7c407c2cedff20999df2af8eb42d56 -> 
  custom:SearchIndexIgnoredProperties: e643bd26f0fe6173181afceb89e7c659 -> 
  custom:container-demuxer-ogg: 62fdf1f143b41e24485cea50d1cbac27 -> 
  custom:video-decoder-webm-vp8: 9c59270c3fd7afecdb556c50c9e8de78 -> 
  custom:audio-decoder-ogg-vorbis: bf7c407c2cedff20999df2af8eb42d56 -> 
========================================================================
Received Prepare
Registering precompiled user dll's ...
Registered in 0.001479 seconds.
Begin MonoManager ReloadAssembly
Thread 0x2b2787000 may have been prematurely finalized
Symbol file LoadedFromMemory is not a mono symbol file
Native extension for iOS target not found
Native extension for Android target not found
Native extension for OSXStandalone target not found
Refreshing native plugins compatible for Editor in 1.16 ms, found 2 plugins.
Preloading 1 native plugins for Editor in 0.18 ms.
[Package Manager] Server::EnsureServerProcessIsRunning -- launch failed, reason: Unity was launched with the -noUpm command-line argument
[Package Manager] Cannot connect to Unity Package Manager local server
Mono: successfully reloaded assembly
- Completed reload, in  1.054 seconds
Domain Reload Profiling:
	ReloadAssembly (1054ms)
		BeginReloadAssembly (85ms)
			ExecutionOrderSort (0ms)
			DisableScriptedObjects (3ms)
			BackupInstance (0ms)
			ReleaseScriptingObjects (0ms)
			CreateAndSetChildDomain (37ms)
		EndReloadAssembly (925ms)
			LoadAssemblies (38ms)
			RebuildTransferFunctionScriptingTraits (0ms)
			SetupTypeCache (198ms)
			ReleaseScriptCaches (1ms)
			RebuildScriptCaches (32ms)
			SetupLoadedEditorAssemblies (602ms)
				LogAssemblyErrors (0ms)
				InitializePlatformSupportModulesInManaged (14ms)
				SetLoadedEditorAssemblies (0ms)
				RefreshPlugins (1ms)
				BeforeProcessingInitializeOnLoad (42ms)
				ProcessInitializeOnLoadAttributes (452ms)
				ProcessInitializeOnLoadMethodAttributes (92ms)
				AfterProcessingInitializeOnLoad (1ms)
				EditorAssembliesLoaded (0ms)
			ExecutionOrderSort2 (0ms)
			AwakeInstancesAfterBackupRestoration (5ms)
Platform modules already initialized, skipping
Shader 'CartoonCoffee/Particle Additive': fallback shader '2' not found
Shader 'MoreMountains/MMRipple': fallback shader 'Particle/AlphaBlended' not found
Shader 'CartoonCoffee/Particle Basic': fallback shader '2' not found
Refreshing native plugins compatible for Editor in 1.34 ms, found 2 plugins.
Preloading 1 native plugins for Editor in 1.10 ms.
Unloading 6414 Unused Serialized files (Serialized files now loaded: 0)
Unloading 80 unused Assets / (2.1 MB). Loaded Objects now: 7360.
Memory consumption went from 348.8 MB to 346.7 MB.
Total: 5.964375 ms (FindLiveObjects: 0.228500 ms CreateObjectMapping: 0.075250 ms MarkObjects: 5.048792 ms  DeleteObjects: 0.611000 ms)

AssetImportParameters requested are different than current active one (requested -> active):
  custom:video-decoder-ogg-theora: a1e56fd34408186e4bbccfd4996cb3dc -> 
  custom:container-muxer-webm: aa71ff27fc2769a1b78a27578f13a17b -> 
  custom:container-demuxer-webm: 4f35f7cbe854078d1ac9338744f61a02 -> 
  custom:video-encoder-webm-vp8: eb34c28f22e8b96e1ab97ce403110664 -> 
  custom:framework-osx-AVFoundation: e770b220cccbd017edd2c1fefb359320 -> 
  custom:CustomObjectIndexerAttribute: f67f22312cbe972f2da930a377ed3d15 -> 
  custom:audio-encoder-webm-vorbis: bf7c407c2cedff20999df2af8eb42d56 -> 
  custom:SearchIndexIgnoredProperties: e643bd26f0fe6173181afceb89e7c659 -> 
  custom:container-demuxer-ogg: 62fdf1f143b41e24485cea50d1cbac27 -> 
  custom:video-decoder-webm-vp8: 9c59270c3fd7afecdb556c50c9e8de78 -> 
  custom:audio-decoder-ogg-vorbis: bf7c407c2cedff20999df2af8eb42d56 -> 
========================================================================
Received Prepare
Registering precompiled user dll's ...
Registered in 0.002138 seconds.
Begin MonoManager ReloadAssembly
Thread 0x2b2787000 may have been prematurely finalized
Symbol file LoadedFromMemory is not a mono symbol file
Native extension for iOS target not found
Native extension for Android target not found
Native extension for OSXStandalone target not found
Refreshing native plugins compatible for Editor in 1.17 ms, found 2 plugins.
Preloading 1 native plugins for Editor in 0.17 ms.
[Package Manager] Server::EnsureServerProcessIsRunning -- launch failed, reason: Unity was launched with the -noUpm command-line argument
[Package Manager] Cannot connect to Unity Package Manager local server
Mono: successfully reloaded assembly
- Completed reload, in  1.048 seconds
Domain Reload Profiling:
	ReloadAssembly (1048ms)
		BeginReloadAssembly (85ms)
			ExecutionOrderSort (0ms)
			DisableScriptedObjects (3ms)
			BackupInstance (0ms)
			ReleaseScriptingObjects (0ms)
			CreateAndSetChildDomain (37ms)
		EndReloadAssembly (919ms)
			LoadAssemblies (38ms)
			RebuildTransferFunctionScriptingTraits (0ms)
			SetupTypeCache (200ms)
			ReleaseScriptCaches (1ms)
			RebuildScriptCaches (33ms)
			SetupLoadedEditorAssemblies (595ms)
				LogAssemblyErrors (0ms)
				InitializePlatformSupportModulesInManaged (14ms)
				SetLoadedEditorAssemblies (0ms)
				RefreshPlugins (1ms)
				BeforeProcessingInitializeOnLoad (41ms)
				ProcessInitializeOnLoadAttributes (448ms)
				ProcessInitializeOnLoadMethodAttributes (91ms)
				AfterProcessingInitializeOnLoad (1ms)
				EditorAssembliesLoaded (0ms)
			ExecutionOrderSort2 (0ms)
			AwakeInstancesAfterBackupRestoration (6ms)
Platform modules already initialized, skipping
Shader 'CartoonCoffee/Particle Additive': fallback shader '2' not found
Shader 'MoreMountains/MMRipple': fallback shader 'Particle/AlphaBlended' not found
Shader 'CartoonCoffee/Particle Basic': fallback shader '2' not found
Refreshing native plugins compatible for Editor in 1.46 ms, found 2 plugins.
Preloading 1 native plugins for Editor in 0.19 ms.
Unloading 6414 Unused Serialized files (Serialized files now loaded: 0)
Unloading 80 unused Assets / (2.0 MB). Loaded Objects now: 7375.
Memory consumption went from 348.8 MB to 346.8 MB.
Total: 6.143041 ms (FindLiveObjects: 0.221542 ms CreateObjectMapping: 0.068292 ms MarkObjects: 5.250459 ms  DeleteObjects: 0.602292 ms)

AssetImportParameters requested are different than current active one (requested -> active):
  custom:video-decoder-ogg-theora: a1e56fd34408186e4bbccfd4996cb3dc -> 
  custom:container-muxer-webm: aa71ff27fc2769a1b78a27578f13a17b -> 
  custom:container-demuxer-webm: 4f35f7cbe854078d1ac9338744f61a02 -> 
  custom:video-encoder-webm-vp8: eb34c28f22e8b96e1ab97ce403110664 -> 
  custom:framework-osx-AVFoundation: e770b220cccbd017edd2c1fefb359320 -> 
  custom:CustomObjectIndexerAttribute: f67f22312cbe972f2da930a377ed3d15 -> 
  custom:audio-encoder-webm-vorbis: bf7c407c2cedff20999df2af8eb42d56 -> 
  custom:SearchIndexIgnoredProperties: e643bd26f0fe6173181afceb89e7c659 -> 
  custom:container-demuxer-ogg: 62fdf1f143b41e24485cea50d1cbac27 -> 
  custom:video-decoder-webm-vp8: 9c59270c3fd7afecdb556c50c9e8de78 -> 
  custom:audio-decoder-ogg-vorbis: bf7c407c2cedff20999df2af8eb42d56 -> 
========================================================================
Received Import Request.
  Time since last request: 1091.660129 seconds.
  path: Assets/07_GameData/BattleMaps/Area1Maps/Area1_RockyArea_Encounter_Small.prefab
  artifactKey: Guid(f8f227f2b8cae91498db96de01b97852) Importer(815301076,1909f56bfc062723c751e8b465ee728b)
Number of updated assets reloaded before import = 0
Start importing Assets/07_GameData/BattleMaps/Area1Maps/Area1_RockyArea_Encounter_Small.prefab using Guid(f8f227f2b8cae91498db96de01b97852) Importer(815301076,1909f56bfc062723c751e8b465ee728b)  -> (artifact id: '9ee41b5795407175c561a2bc3f5d9a2c') in 0.399183 seconds 
Number of asset objects unloaded after import = 2377
========================================================================
Received Import Request.
  Time since last request: 643.334793 seconds.
  path: Assets/12_External/Cartoon Coffee/VFX Deluxe/Prefabs/Loops/Projectile_Wind_Ball_Lv2.prefab
  artifactKey: Guid(ed7b575cc865d9447991dcc58c66131a) Importer(815301076,1909f56bfc062723c751e8b465ee728b)
Number of updated assets reloaded before import = 0
Start importing Assets/12_External/Cartoon Coffee/VFX Deluxe/Prefabs/Loops/Projectile_Wind_Ball_Lv2.prefab using Guid(ed7b575cc865d9447991dcc58c66131a) Importer(815301076,1909f56bfc062723c751e8b465ee728b)  -> (artifact id: '630b85914c3d6a6e04743c4dc3c35c84') in 0.126678 seconds 
Number of asset objects unloaded after import = 59
========================================================================
Received Import Request.
  Time since last request: 0.000085 seconds.
  path: Assets/03_Prefabs/NewUI/SkillPoints.prefab
  artifactKey: Guid(62b6ccff1a78042b8aad39e9eae1c5ec) Importer(815301076,1909f56bfc062723c751e8b465ee728b)
Number of updated assets reloaded before import = 0
Start importing Assets/03_Prefabs/NewUI/SkillPoints.prefab using Guid(62b6ccff1a78042b8aad39e9eae1c5ec) Importer(815301076,1909f56bfc062723c751e8b465ee728b)  -> (artifact id: '70a8fc55b5c4cffb91ef863238c93386') in 0.043649 seconds 
Number of asset objects unloaded after import = 28
========================================================================
Received Import Request.
  Time since last request: 0.000028 seconds.
  path: Assets/12_External/Cartoon Coffee/VFX Deluxe/Prefabs/Loops/Smoke_Cloud_Loop_V3.prefab
  artifactKey: Guid(2d99e8ad6e915634b90dbf83aaf48197) Importer(815301076,1909f56bfc062723c751e8b465ee728b)
Number of updated assets reloaded before import = 0
Start importing Assets/12_External/Cartoon Coffee/VFX Deluxe/Prefabs/Loops/Smoke_Cloud_Loop_V3.prefab using Guid(2d99e8ad6e915634b90dbf83aaf48197) Importer(815301076,1909f56bfc062723c751e8b465ee728b)  -> (artifact id: 'fd69a7553b3fdfa2845cfe069b4267a6') in 0.019768 seconds 
Number of asset objects unloaded after import = 30
========================================================================
Received Import Request.
  Time since last request: 0.000086 seconds.
  path: Assets/03_Prefabs/OnGrid/SelectedAttackTarget.prefab
  artifactKey: Guid(e9999e2419ff07a4d8a2f83c788e9524) Importer(815301076,1909f56bfc062723c751e8b465ee728b)
Number of updated assets reloaded before import = 0
Start importing Assets/03_Prefabs/OnGrid/SelectedAttackTarget.prefab using Guid(e9999e2419ff07a4d8a2f83c788e9524) Importer(815301076,1909f56bfc062723c751e8b465ee728b)  -> (artifact id: '3a7b2105f4d5b778bf593815e26d8697') in 0.022680 seconds 
Number of asset objects unloaded after import = 44
========================================================================
Received Import Request.
  Time since last request: 0.000031 seconds.
  path: Assets/03_Prefabs/Units/Grid/SkeletonMantaRayAnimatedSprite.prefab
  artifactKey: Guid(d945d0a00c0d87e43b844af5d93771cc) Importer(815301076,1909f56bfc062723c751e8b465ee728b)
Number of updated assets reloaded before import = 0
Start importing Assets/03_Prefabs/Units/Grid/SkeletonMantaRayAnimatedSprite.prefab using Guid(d945d0a00c0d87e43b844af5d93771cc) Importer(815301076,1909f56bfc062723c751e8b465ee728b)  -> (artifact id: 'bc709a12eaf5e0c8356cb421662d429e') in 0.162103 seconds 
Number of asset objects unloaded after import = 1561
========================================================================
Received Import Request.
  Time since last request: 0.000040 seconds.
  path: Assets/03_Prefabs/UI/Tooltips/SKILLToolTip (1).prefab
  artifactKey: Guid(efab31ff8d1c80a44bd57aabe6488fa4) Importer(815301076,1909f56bfc062723c751e8b465ee728b)
Number of updated assets reloaded before import = 0
Start importing Assets/03_Prefabs/UI/Tooltips/SKILLToolTip (1).prefab using Guid(efab31ff8d1c80a44bd57aabe6488fa4) Importer(815301076,1909f56bfc062723c751e8b465ee728b)  -> (artifact id: 'bf87e4c7e69669e5158d3b0d2740e732') in 0.023466 seconds 
Number of asset objects unloaded after import = 134
========================================================================
Received Import Request.
  Time since last request: 0.000030 seconds.
  path: Assets/03_Prefabs/Units/Grid/SkeletonAnimatedSprite.prefab
  artifactKey: Guid(84d07bf8bd645534fb93a338f78522a6) Importer(815301076,1909f56bfc062723c751e8b465ee728b)
Number of updated assets reloaded before import = 0
Start importing Assets/03_Prefabs/Units/Grid/SkeletonAnimatedSprite.prefab using Guid(84d07bf8bd645534fb93a338f78522a6) Importer(815301076,1909f56bfc062723c751e8b465ee728b)  -> (artifact id: '1843cc32c23b5b5649df42ae4957adba') in 0.109282 seconds 
Number of asset objects unloaded after import = 1599
========================================================================
Received Import Request.
  Time since last request: 0.000044 seconds.
  path: Assets/03_Prefabs/UI/Screens/SkillButton.prefab
  artifactKey: Guid(c6628d2621e449c47ab70078ef0668bb) Importer(815301076,1909f56bfc062723c751e8b465ee728b)
Number of updated assets reloaded before import = 0
Start importing Assets/03_Prefabs/UI/Screens/SkillButton.prefab using Guid(c6628d2621e449c47ab70078ef0668bb) Importer(815301076,1909f56bfc062723c751e8b465ee728b)  -> (artifact id: '6c681f0de41fe2b3c281219abdc751d3') in 0.084573 seconds 
Number of asset objects unloaded after import = 800
========================================================================
Received Import Request.
  Time since last request: 0.000035 seconds.
  path: Assets/03_Prefabs/Units/BattleAnimation/SkeletSoldierBattleGONew.prefab
  artifactKey: Guid(eb99b0add60824c4596014d9632343b9) Importer(815301076,1909f56bfc062723c751e8b465ee728b)
Number of updated assets reloaded before import = 0
Start importing Assets/03_Prefabs/Units/BattleAnimation/SkeletSoldierBattleGONew.prefab using Guid(eb99b0add60824c4596014d9632343b9) Importer(815301076,1909f56bfc062723c751e8b465ee728b)  -> (artifact id: 'dbe660b769ae16f85d968bfd7f5cb1ef') in 0.107151 seconds 
Number of asset objects unloaded after import = 1838
========================================================================
Received Import Request.
  Time since last request: 0.000034 seconds.
  path: Assets/12_External/Cartoon Coffee/VFX Deluxe/Prefabs/Bursts/Smoke_Cloud_Burst_v4.prefab
  artifactKey: Guid(1e64769078805da4493c01c52e7dd684) Importer(815301076,1909f56bfc062723c751e8b465ee728b)
Number of updated assets reloaded before import = 0
Start importing Assets/12_External/Cartoon Coffee/VFX Deluxe/Prefabs/Bursts/Smoke_Cloud_Burst_v4.prefab using Guid(1e64769078805da4493c01c52e7dd684) Importer(815301076,1909f56bfc062723c751e8b465ee728b)  -> (artifact id: '149f8d7002aa4485c739604d465045d4') in 0.008370 seconds 
Number of asset objects unloaded after import = 16
========================================================================
Received Import Request.
  Time since last request: 0.000067 seconds.
  path: Assets/12_External/Cartoon Coffee/VFX Deluxe/Prefabs/Loops/Smoke_Cloud_Center_Spray_v1.prefab
  artifactKey: Guid(29368a47dda8caf4a812c309b10ea662) Importer(815301076,1909f56bfc062723c751e8b465ee728b)
Number of updated assets reloaded before import = 0
Start importing Assets/12_External/Cartoon Coffee/VFX Deluxe/Prefabs/Loops/Smoke_Cloud_Center_Spray_v1.prefab using Guid(29368a47dda8caf4a812c309b10ea662) Importer(815301076,1909f56bfc062723c751e8b465ee728b)  -> (artifact id: 'fdc51cea668fee4064e16e0ebd806b4d') in 0.008458 seconds 
Number of asset objects unloaded after import = 16
========================================================================
Received Import Request.
  Time since last request: 0.000043 seconds.
  path: Assets/03_Prefabs/Units/BattleAnimation/RangerBattleGONew.prefab
  artifactKey: Guid(37e0c73e5e0d77a468f6ad0c2d172d99) Importer(815301076,1909f56bfc062723c751e8b465ee728b)
Number of updated assets reloaded before import = 0
Start importing Assets/03_Prefabs/Units/BattleAnimation/RangerBattleGONew.prefab using Guid(37e0c73e5e0d77a468f6ad0c2d172d99) Importer(815301076,1909f56bfc062723c751e8b465ee728b)  -> (artifact id: '93b18dcda641d9c297244f50c5ef2e1a') in 0.113267 seconds 
Number of asset objects unloaded after import = 1483
========================================================================
Received Import Request.
  Time since last request: 0.000044 seconds.
  path: Assets/03_Prefabs/Units/BattleAnimation/RogueGO.prefab
  artifactKey: Guid(bd34587105454124f95f8072e234d6be) Importer(815301076,1909f56bfc062723c751e8b465ee728b)
Number of updated assets reloaded before import = 0
Start importing Assets/03_Prefabs/Units/BattleAnimation/RogueGO.prefab using Guid(bd34587105454124f95f8072e234d6be) Importer(815301076,1909f56bfc062723c751e8b465ee728b)  -> (artifact id: '7ff6d13d412648ed103d9445c48d58f0') in 0.114647 seconds 
Number of asset objects unloaded after import = 1706
========================================================================
Received Import Request.
  Time since last request: 0.000043 seconds.
  path: Assets/12_External/Cartoon Coffee/VFX Deluxe/Prefabs/Loops/Scream.prefab
  artifactKey: Guid(ca558b205b9f10b48bd818e72b151f35) Importer(815301076,1909f56bfc062723c751e8b465ee728b)
Number of updated assets reloaded before import = 0
Start importing Assets/12_External/Cartoon Coffee/VFX Deluxe/Prefabs/Loops/Scream.prefab using Guid(ca558b205b9f10b48bd818e72b151f35) Importer(815301076,1909f56bfc062723c751e8b465ee728b)  -> (artifact id: 'cead01c1e8bf95611de8a5f71946eb8d') in 0.010570 seconds 
Number of asset objects unloaded after import = 22
========================================================================
Received Import Request.
  Time since last request: 0.000031 seconds.
  path: Assets/03_Prefabs/Units/BattleAnimation/SkeletDragonBattleGO.prefab
  artifactKey: Guid(9a36fac037403774384f02f7c6aebca4) Importer(815301076,1909f56bfc062723c751e8b465ee728b)
Number of updated assets reloaded before import = 0
Start importing Assets/03_Prefabs/Units/BattleAnimation/SkeletDragonBattleGO.prefab using Guid(9a36fac037403774384f02f7c6aebca4) Importer(815301076,1909f56bfc062723c751e8b465ee728b)  -> (artifact id: '6be1ca7432d0eb6a452a942957d1b48e') in 0.175618 seconds 
Number of asset objects unloaded after import = 404
========================================================================
Received Import Request.
  Time since last request: 0.000059 seconds.
  path: Assets/03_Prefabs/Units/Grid/SkeletonRiderAnimatedSprite.prefab
  artifactKey: Guid(f782b017bae238340ba6faff38e743c9) Importer(815301076,1909f56bfc062723c751e8b465ee728b)
Number of updated assets reloaded before import = 0
Start importing Assets/03_Prefabs/Units/Grid/SkeletonRiderAnimatedSprite.prefab using Guid(f782b017bae238340ba6faff38e743c9) Importer(815301076,1909f56bfc062723c751e8b465ee728b)  -> (artifact id: '16ae56dea7a341b490c0d37fd15d202e') in 0.091692 seconds 
Number of asset objects unloaded after import = 1599
========================================================================
Received Import Request.
  Time since last request: 0.000049 seconds.
  path: Assets/12_External/Cartoon Coffee/VFX Deluxe/Prefabs/Bursts/Smoke_Cloud_Burst_Thick_v4.prefab
  artifactKey: Guid(2c1a801ea4de6c94685a452fd2e67af7) Importer(815301076,1909f56bfc062723c751e8b465ee728b)
Number of updated assets reloaded before import = 0
Start importing Assets/12_External/Cartoon Coffee/VFX Deluxe/Prefabs/Bursts/Smoke_Cloud_Burst_Thick_v4.prefab using Guid(2c1a801ea4de6c94685a452fd2e67af7) Importer(815301076,1909f56bfc062723c751e8b465ee728b)  -> (artifact id: '00c37b255fa9ffe09d9b71b6ae72d682') in 0.007981 seconds 
Number of asset objects unloaded after import = 16
========================================================================
Received Import Request.
  Time since last request: 0.000026 seconds.
  path: Assets/03_Prefabs/Unused/SlashBlue.prefab
  artifactKey: Guid(0bbb97d719865f043ba8146356b08ceb) Importer(815301076,1909f56bfc062723c751e8b465ee728b)
Number of updated assets reloaded before import = 0
Start importing Assets/03_Prefabs/Unused/SlashBlue.prefab using Guid(0bbb97d719865f043ba8146356b08ceb) Importer(815301076,1909f56bfc062723c751e8b465ee728b)  -> (artifact id: '31a0a1e7c47422bdf48e1dac1963c396') in 0.007527 seconds 
Number of asset objects unloaded after import = 11
========================================================================
Received Import Request.
  Time since last request: 0.000033 seconds.
  path: Assets/03_Prefabs/Units/Grid/RangerAndOthersAnimatedSprite.prefab
  artifactKey: Guid(171415ab38e1bf24dbd1923f554bb171) Importer(815301076,1909f56bfc062723c751e8b465ee728b)
Number of updated assets reloaded before import = 0
Start importing Assets/03_Prefabs/Units/Grid/RangerAndOthersAnimatedSprite.prefab using Guid(171415ab38e1bf24dbd1923f554bb171) Importer(815301076,1909f56bfc062723c751e8b465ee728b)  -> (artifact id: 'a89d91a5118dab053110fb5d128f75a0') in 0.078287 seconds 
Number of asset objects unloaded after import = 1483
========================================================================
Received Import Request.
  Time since last request: 0.000053 seconds.
  path: Assets/03_Prefabs/Units/Grid/SkeletonMageAnimatedSprite.prefab
  artifactKey: Guid(f345930fca389694cbb90b5355553c4b) Importer(815301076,1909f56bfc062723c751e8b465ee728b)
Number of updated assets reloaded before import = 0
Start importing Assets/03_Prefabs/Units/Grid/SkeletonMageAnimatedSprite.prefab using Guid(f345930fca389694cbb90b5355553c4b) Importer(815301076,1909f56bfc062723c751e8b465ee728b)  -> (artifact id: '6b5ad0267e245fdc51a93f38c8bfc0d4') in 0.086843 seconds 
Number of asset objects unloaded after import = 1596
========================================================================
Received Import Request.
  Time since last request: 0.000038 seconds.
  path: Assets/03_Prefabs/Units/BattleAnimation/SkeletMantaRayBattleGONew.prefab
  artifactKey: Guid(900d1a4908f73f04594e909b64df8fbd) Importer(815301076,1909f56bfc062723c751e8b465ee728b)
Number of updated assets reloaded before import = 0
Start importing Assets/03_Prefabs/Units/BattleAnimation/SkeletMantaRayBattleGONew.prefab using Guid(900d1a4908f73f04594e909b64df8fbd) Importer(815301076,1909f56bfc062723c751e8b465ee728b)  -> (artifact id: '71af1c5a6e8598b45733e356a286d516') in 0.102902 seconds 
Number of asset objects unloaded after import = 1806
========================================================================
Received Import Request.
  Time since last request: 0.000038 seconds.
  path: Assets/03_Prefabs/UI/Screens/Teile/SelectableItem.prefab
  artifactKey: Guid(9e5477e7b2e96284da6c70945cab440a) Importer(815301076,1909f56bfc062723c751e8b465ee728b)
Number of updated assets reloaded before import = 0
Start importing Assets/03_Prefabs/UI/Screens/Teile/SelectableItem.prefab using Guid(9e5477e7b2e96284da6c70945cab440a) Importer(815301076,1909f56bfc062723c751e8b465ee728b)  -> (artifact id: '31886e9d7fdeecc9809865001f6b2f2b') in 0.017087 seconds 
Number of asset objects unloaded after import = 55
========================================================================
Received Import Request.
  Time since last request: 0.000044 seconds.
  path: Assets/07_GameData/Skills/Witch/Silence/SilencedVFX.prefab
  artifactKey: Guid(2aa56854a46a7d142bf10b96270e2a15) Importer(815301076,1909f56bfc062723c751e8b465ee728b)
Number of updated assets reloaded before import = 0
Start importing Assets/07_GameData/Skills/Witch/Silence/SilencedVFX.prefab using Guid(2aa56854a46a7d142bf10b96270e2a15) Importer(815301076,1909f56bfc062723c751e8b465ee728b)  -> (artifact id: '6a925908511af9b8678ad2339356ed64') in 0.036669 seconds 
Number of asset objects unloaded after import = 137
========================================================================
Received Import Request.
  Time since last request: 0.000059 seconds.
  path: Assets/03_Prefabs/Units/Grid/SkeletonRogueAnimatedSprite.prefab
  artifactKey: Guid(3144ec182250abc44abfc90360188f35) Importer(815301076,1909f56bfc062723c751e8b465ee728b)
Number of updated assets reloaded before import = 0
Start importing Assets/03_Prefabs/Units/Grid/SkeletonRogueAnimatedSprite.prefab using Guid(3144ec182250abc44abfc90360188f35) Importer(815301076,1909f56bfc062723c751e8b465ee728b)  -> (artifact id: '9de0662fff4798e1f272f5f2e0b25d72') in 0.094382 seconds 
Number of asset objects unloaded after import = 1559
========================================================================
Received Import Request.
  Time since last request: 0.000065 seconds.
  path: Assets/12_External/Cartoon Coffee/VFX Deluxe/Prefabs/Loops/Smoke_Cloud_Loop_V1.prefab
  artifactKey: Guid(c620a12913a7050409783ac9df3cb68e) Importer(815301076,1909f56bfc062723c751e8b465ee728b)
Number of updated assets reloaded before import = 0
Start importing Assets/12_External/Cartoon Coffee/VFX Deluxe/Prefabs/Loops/Smoke_Cloud_Loop_V1.prefab using Guid(c620a12913a7050409783ac9df3cb68e) Importer(815301076,1909f56bfc062723c751e8b465ee728b)  -> (artifact id: 'af1aceb18419495d7e87eb37b6e47978') in 0.006601 seconds 
Number of asset objects unloaded after import = 16
========================================================================
Received Import Request.
  Time since last request: 0.000035 seconds.
  path: Assets/12_External/Cartoon Coffee/VFX Deluxe/Prefabs/Loops/Smoke_Cloud_Center_Spray_v2.prefab
  artifactKey: Guid(e34c0ac7637517f46bcd3208b0bb28bf) Importer(815301076,1909f56bfc062723c751e8b465ee728b)
Number of updated assets reloaded before import = 0
Start importing Assets/12_External/Cartoon Coffee/VFX Deluxe/Prefabs/Loops/Smoke_Cloud_Center_Spray_v2.prefab using Guid(e34c0ac7637517f46bcd3208b0bb28bf) Importer(815301076,1909f56bfc062723c751e8b465ee728b)  -> (artifact id: '507f0b52828a2a455fbe96c59c4c3e49') in 0.006075 seconds 
Number of asset objects unloaded after import = 16
========================================================================
Received Import Request.
  Time since last request: 0.000037 seconds.
  path: Assets/03_Prefabs/UI/Screens/BottomUI/Skills.prefab
  artifactKey: Guid(d006641954f9ad74abc57fb0b46fa4a3) Importer(815301076,1909f56bfc062723c751e8b465ee728b)
Number of updated assets reloaded before import = 0
Start importing Assets/03_Prefabs/UI/Screens/BottomUI/Skills.prefab using Guid(d006641954f9ad74abc57fb0b46fa4a3) Importer(815301076,1909f56bfc062723c751e8b465ee728b)  -> (artifact id: '656d84b33d8f1fa40690e3366e76c169') in 0.002938 seconds 
Number of asset objects unloaded after import = 89
========================================================================
Received Import Request.
  Time since last request: 0.000036 seconds.
  path: Assets/12_External/Cartoon Coffee/VFX Deluxe/Prefabs/Bursts/Shield_Off.prefab
  artifactKey: Guid(f0a06848241726e4684a85ddb25cab25) Importer(815301076,1909f56bfc062723c751e8b465ee728b)
Number of updated assets reloaded before import = 0
Start importing Assets/12_External/Cartoon Coffee/VFX Deluxe/Prefabs/Bursts/Shield_Off.prefab using Guid(f0a06848241726e4684a85ddb25cab25) Importer(815301076,1909f56bfc062723c751e8b465ee728b)  -> (artifact id: '2f2e7b89bcba82f9a3f92dfcd1e0421e') in 0.075393 seconds 
Number of asset objects unloaded after import = 34
========================================================================
Received Import Request.
  Time since last request: 0.000040 seconds.
  path: Assets/03_Prefabs/UI/Screens/ChooseSkillScreen/SkillChoice.prefab
  artifactKey: Guid(cb61cf8a542180c438006ecf3158e672) Importer(815301076,1909f56bfc062723c751e8b465ee728b)
Number of updated assets reloaded before import = 0
Start importing Assets/03_Prefabs/UI/Screens/ChooseSkillScreen/SkillChoice.prefab using Guid(cb61cf8a542180c438006ecf3158e672) Importer(815301076,1909f56bfc062723c751e8b465ee728b)  -> (artifact id: '3f28e17552e61c755f6524d49f5f1751') in 0.054345 seconds 
Number of asset objects unloaded after import = 2298
========================================================================
Received Import Request.
  Time since last request: 0.000040 seconds.
  path: Assets/03_Prefabs/UI/Screens/SmithyPanel.prefab
  artifactKey: Guid(9e25d529b71d48d49a25d2adb418139d) Importer(815301076,1909f56bfc062723c751e8b465ee728b)
Number of updated assets reloaded before import = 0
Start importing Assets/03_Prefabs/UI/Screens/SmithyPanel.prefab using Guid(9e25d529b71d48d49a25d2adb418139d) Importer(815301076,1909f56bfc062723c751e8b465ee728b)  -> (artifact id: '18d433a0fd433464df97e98df07b5698') in 0.067574 seconds 
Number of asset objects unloaded after import = 1018
========================================================================
Received Import Request.
  Time since last request: 0.000038 seconds.
  path: Assets/07_GameData/Skills/Mercenary/Shockwave/ShockwaveVFX.prefab
  artifactKey: Guid(e6ad03d2059565742b13d1a03e9e6a2b) Importer(815301076,1909f56bfc062723c751e8b465ee728b)
Number of updated assets reloaded before import = 0
Start importing Assets/07_GameData/Skills/Mercenary/Shockwave/ShockwaveVFX.prefab using Guid(e6ad03d2059565742b13d1a03e9e6a2b) Importer(815301076,1909f56bfc062723c751e8b465ee728b)  -> (artifact id: '4eac42f6e009c21c4482c7a743ca7910') in 0.112597 seconds 
Number of asset objects unloaded after import = 65
========================================================================
Received Import Request.
  Time since last request: 0.000030 seconds.
  path: Assets/12_External/Cartoon Coffee/VFX Deluxe/Prefabs/Bursts/Smoke_Cloud_Burst_v3.prefab
  artifactKey: Guid(f206072cbb42a1d478f15f3cd2577439) Importer(815301076,1909f56bfc062723c751e8b465ee728b)
Number of updated assets reloaded before import = 0
Start importing Assets/12_External/Cartoon Coffee/VFX Deluxe/Prefabs/Bursts/Smoke_Cloud_Burst_v3.prefab using Guid(f206072cbb42a1d478f15f3cd2577439) Importer(815301076,1909f56bfc062723c751e8b465ee728b)  -> (artifact id: '85321631d33c5506c2dacc281b2d51e0') in 0.006550 seconds 
Number of asset objects unloaded after import = 16
========================================================================
Received Import Request.
  Time since last request: 0.000035 seconds.
  path: Assets/03_Prefabs/UI/Screens/SkillActivation.prefab
  artifactKey: Guid(ff28bda691ba1f54ebee578fbf32cf05) Importer(815301076,1909f56bfc062723c751e8b465ee728b)
Number of updated assets reloaded before import = 0
Start importing Assets/03_Prefabs/UI/Screens/SkillActivation.prefab using Guid(ff28bda691ba1f54ebee578fbf32cf05) Importer(815301076,1909f56bfc062723c751e8b465ee728b)  -> (artifact id: '3bfde4ea9b855d4e658ee7c23fe9dd2f') in 0.028229 seconds 
Number of asset objects unloaded after import = 400
========================================================================
Received Import Request.
  Time since last request: 0.000034 seconds.
  path: Assets/03_Prefabs/Units/Grid/RogueAnimatedSprite.prefab
  artifactKey: Guid(671f247f3a9afd54a9fd63203bf3b25f) Importer(815301076,1909f56bfc062723c751e8b465ee728b)
Number of updated assets reloaded before import = 0
Start importing Assets/03_Prefabs/Units/Grid/RogueAnimatedSprite.prefab using Guid(671f247f3a9afd54a9fd63203bf3b25f) Importer(815301076,1909f56bfc062723c751e8b465ee728b)  -> (artifact id: '73ff3e3e0ad868cce05ca6cfdb7bcb14') in 0.085538 seconds 
Number of asset objects unloaded after import = 1561
========================================================================
Received Import Request.
  Time since last request: 0.000043 seconds.
  path: Assets/03_Prefabs/UI/Tooltips/SKILLToolTip.prefab
  artifactKey: Guid(e9ec16dfdb17a2a4ba26820009027c6e) Importer(815301076,1909f56bfc062723c751e8b465ee728b)
Number of updated assets reloaded before import = 0
Start importing Assets/03_Prefabs/UI/Tooltips/SKILLToolTip.prefab using Guid(e9ec16dfdb17a2a4ba26820009027c6e) Importer(815301076,1909f56bfc062723c751e8b465ee728b)  -> (artifact id: 'd4f74f404365500576ae96f5deb524b1') in 0.012529 seconds 
Number of asset objects unloaded after import = 117
========================================================================
Received Import Request.
  Time since last request: 0.000038 seconds.
  path: Assets/07_GameData/Units/Bosses/SlothLion/RefreshingSlumber/SlothSlumberVFX.prefab
  artifactKey: Guid(1acba51dbb7c14f4eabb4054cf67f3fc) Importer(815301076,1909f56bfc062723c751e8b465ee728b)
Number of updated assets reloaded before import = 0
Start importing Assets/07_GameData/Units/Bosses/SlothLion/RefreshingSlumber/SlothSlumberVFX.prefab using Guid(1acba51dbb7c14f4eabb4054cf67f3fc) Importer(815301076,1909f56bfc062723c751e8b465ee728b)  -> (artifact id: '2f7b660a06738cc0310b6e68583814ce') in 0.008731 seconds 
Number of asset objects unloaded after import = 30
Editor requested this worker to shutdown with reason: Scaling down because of idle timeout
AssetImportWorker is now disconnected from the server
Process exiting
