Using pre-set license
Built from '2021.3/staging' branch; Version is '2021.3.31f1 (3409e2af086f) revision 3410402'; Using compiler version '192829333'; Build Type 'Release'
OS: 'Windows 11  (10.0.22621) 64bit Core' Language: 'de' Physical Memory: 32671 MB
BatchMode: 1, IsHumanControllingUs: 0, StartBugReporterOnCrash: 0, Is64bit: 1, IsPro: 1

COMMAND LINE ARGUMENTS:
C:\Program Files\Unity\Hub\Editor\2021.3.31f1\Editor\Unity.exe
-adb2
-batchMode
-noUpm
-name
AssetImportWorker22
-projectPath
D:/Projects/fe-kingdom-mobile/trunk/FireEmblemMobile/FireEmblemMobileUnityProject
-logFile
Logs/AssetImportWorker22.log
-srvPort
63537
Successfully changed project path to: D:/Projects/fe-kingdom-mobile/trunk/FireEmblemMobile/FireEmblemMobileUnityProject
D:/Projects/fe-kingdom-mobile/trunk/FireEmblemMobile/FireEmblemMobileUnityProject
[UnityMemory] Configuration Parameters - Can be set up in boot.config
    "memorysetup-bucket-allocator-granularity=16"
    "memorysetup-bucket-allocator-bucket-count=8"
    "memorysetup-bucket-allocator-block-size=33554432"
    "memorysetup-bucket-allocator-block-count=8"
    "memorysetup-main-allocator-block-size=16777216"
    "memorysetup-thread-allocator-block-size=16777216"
    "memorysetup-gfx-main-allocator-block-size=16777216"
    "memorysetup-gfx-thread-allocator-block-size=16777216"
    "memorysetup-cache-allocator-block-size=4194304"
    "memorysetup-typetree-allocator-block-size=2097152"
    "memorysetup-profiler-bucket-allocator-granularity=16"
    "memorysetup-profiler-bucket-allocator-bucket-count=8"
    "memorysetup-profiler-bucket-allocator-block-size=33554432"
    "memorysetup-profiler-bucket-allocator-block-count=8"
    "memorysetup-profiler-allocator-block-size=16777216"
    "memorysetup-profiler-editor-allocator-block-size=1048576"
    "memorysetup-temp-allocator-size-main=16777216"
    "memorysetup-job-temp-allocator-block-size=2097152"
    "memorysetup-job-temp-allocator-block-size-background=1048576"
    "memorysetup-job-temp-allocator-reduction-small-platforms=262144"
    "memorysetup-temp-allocator-size-background-worker=32768"
    "memorysetup-temp-allocator-size-job-worker=262144"
    "memorysetup-temp-allocator-size-preload-manager=33554432"
    "memorysetup-temp-allocator-size-nav-mesh-worker=65536"
    "memorysetup-temp-allocator-size-audio-worker=65536"
    "memorysetup-temp-allocator-size-cloud-worker=32768"
    "memorysetup-temp-allocator-size-gi-baking-worker=262144"
    "memorysetup-temp-allocator-size-gfx=262144"
Player connection [30152] Host "[IP] 192.168.0.11 [Port] 0 [Flags] 2 [Guid] 2567686759 [EditorId] 2567686759 [Version] 1048832 [Id] WindowsEditor(7,DESKTOP-N1UFFTN) [Debug] 1 [PackageName] WindowsEditor [ProjectName] Editor" joined multi-casting on [225.0.0.222:54997]...

Player connection [30152] Host "[IP] 192.168.0.11 [Port] 0 [Flags] 2 [Guid] 2567686759 [EditorId] 2567686759 [Version] 1048832 [Id] WindowsEditor(7,DESKTOP-N1UFFTN) [Debug] 1 [PackageName] WindowsEditor [ProjectName] Editor" joined alternative multi-casting on [225.0.0.222:34997]...

[Physics::Module] Initialized MultithreadedJobDispatcher with {0} workers.
Refreshing native plugins compatible for Editor in 107.36 ms, found 3 plugins.
Preloading 0 native plugins for Editor in 0.00 ms.
Initialize engine version: 2021.3.31f1 (3409e2af086f)
[Subsystems] Discovering subsystems at path C:/Program Files/Unity/Hub/Editor/2021.3.31f1/Editor/Data/Resources/UnitySubsystems
[Subsystems] Discovering subsystems at path D:/Projects/fe-kingdom-mobile/trunk/FireEmblemMobile/FireEmblemMobileUnityProject/Assets
GfxDevice: creating device client; threaded=0; jobified=0
Direct3D:
    Version:  Direct3D 11.0 [level 11.1]
    Renderer: NVIDIA GeForce RTX 3070 (ID=0x2488)
    Vendor:   NVIDIA
    VRAM:     8031 MB
    Driver:   31.0.15.3699
Shader 'MoreMountains/MMRipple': fallback shader 'Particle/AlphaBlended' not found
Initialize mono
Mono path[0] = 'C:/Program Files/Unity/Hub/Editor/2021.3.31f1/Editor/Data/Managed'
Mono path[1] = 'C:/Program Files/Unity/Hub/Editor/2021.3.31f1/Editor/Data/MonoBleedingEdge/lib/mono/unityjit-win32'
Mono config path = 'C:/Program Files/Unity/Hub/Editor/2021.3.31f1/Editor/Data/MonoBleedingEdge/etc'
Using monoOptions --debugger-agent=transport=dt_socket,embedding=1,server=y,suspend=n,address=127.0.0.1:56144
Begin MonoManager ReloadAssembly
Registering precompiled unity dll's ...
Register platform support module: C:/Program Files/Unity/Hub/Editor/2021.3.31f1/Editor/Data/PlaybackEngines/AndroidPlayer/UnityEditor.Android.Extensions.dll
Register platform support module: C:/Program Files/Unity/Hub/Editor/2021.3.31f1/Editor/Data/PlaybackEngines/iOSSupport/UnityEditor.iOS.Extensions.dll
Register platform support module: C:/Program Files/Unity/Hub/Editor/2021.3.31f1/Editor/Data/PlaybackEngines/WindowsStandaloneSupport/UnityEditor.WindowsStandalone.Extensions.dll
Registered in 0.003997 seconds.
Native extension for WindowsStandalone target not found
[usbmuxd] Start listen thread
[usbmuxd] Listen thread started
Native extension for iOS target not found
Native extension for Android target not found
Android Extension - Scanning For ADB Devices 207 ms
Refreshing native plugins compatible for Editor in 99.19 ms, found 3 plugins.
Preloading 0 native plugins for Editor in 0.00 ms.
Mono: successfully reloaded assembly
- Completed reload, in  0.737 seconds
Domain Reload Profiling:
	ReloadAssembly (738ms)
		BeginReloadAssembly (66ms)
			ExecutionOrderSort (0ms)
			DisableScriptedObjects (0ms)
			BackupInstance (0ms)
			ReleaseScriptingObjects (0ms)
			CreateAndSetChildDomain (1ms)
		EndReloadAssembly (604ms)
			LoadAssemblies (65ms)
			RebuildTransferFunctionScriptingTraits (0ms)
			SetupTypeCache (71ms)
			ReleaseScriptCaches (0ms)
			RebuildScriptCaches (19ms)
			SetupLoadedEditorAssemblies (484ms)
				LogAssemblyErrors (0ms)
				InitializePlatformSupportModulesInManaged (289ms)
				SetLoadedEditorAssemblies (0ms)
				RefreshPlugins (99ms)
				BeforeProcessingInitializeOnLoad (1ms)
				ProcessInitializeOnLoadAttributes (63ms)
				ProcessInitializeOnLoadMethodAttributes (30ms)
				AfterProcessingInitializeOnLoad (0ms)
				EditorAssembliesLoaded (0ms)
			ExecutionOrderSort2 (0ms)
			AwakeInstancesAfterBackupRestoration (0ms)
Platform modules already initialized, skipping
Registering precompiled user dll's ...
Registered in 0.004398 seconds.
Begin MonoManager ReloadAssembly
Symbol file LoadedFromMemory is not a mono symbol file
Native extension for WindowsStandalone target not found
Native extension for iOS target not found
Native extension for Android target not found
Refreshing native plugins compatible for Editor in 98.91 ms, found 3 plugins.
Preloading 0 native plugins for Editor in 0.00 ms.
Package Manager log level set to [2]
[Package Manager] Server::EnsureServerProcessIsRunning -- launch failed, reason: Unity was launched with the -noUpm command-line argument
[Package Manager] Cannot connect to Unity Package Manager local server
Mono: successfully reloaded assembly
- Completed reload, in  1.553 seconds
Domain Reload Profiling:
	ReloadAssembly (1553ms)
		BeginReloadAssembly (94ms)
			ExecutionOrderSort (0ms)
			DisableScriptedObjects (4ms)
			BackupInstance (0ms)
			ReleaseScriptingObjects (0ms)
			CreateAndSetChildDomain (16ms)
		EndReloadAssembly (1388ms)
			LoadAssemblies (85ms)
			RebuildTransferFunctionScriptingTraits (0ms)
			SetupTypeCache (247ms)
			ReleaseScriptCaches (1ms)
			RebuildScriptCaches (81ms)
			SetupLoadedEditorAssemblies (943ms)
				LogAssemblyErrors (0ms)
				InitializePlatformSupportModulesInManaged (21ms)
				SetLoadedEditorAssemblies (0ms)
				RefreshPlugins (99ms)
				BeforeProcessingInitializeOnLoad (97ms)
				ProcessInitializeOnLoadAttributes (591ms)
				ProcessInitializeOnLoadMethodAttributes (130ms)
				AfterProcessingInitializeOnLoad (4ms)
				EditorAssembliesLoaded (0ms)
			ExecutionOrderSort2 (0ms)
			AwakeInstancesAfterBackupRestoration (4ms)
Platform modules already initialized, skipping
========================================================================
Worker process is ready to serve import requests
Shader 'MoreMountains/MMRipple': fallback shader 'Particle/AlphaBlended' not found
Launched and connected shader compiler UnityShaderCompiler.exe after 0.03 seconds
Refreshing native plugins compatible for Editor in 1.61 ms, found 3 plugins.
Preloading 0 native plugins for Editor in 0.00 ms.
Unloading 6545 Unused Serialized files (Serialized files now loaded: 0)
Unloading 96 unused Assets / (2.0 MB). Loaded Objects now: 7065.
Memory consumption went from 362.3 MB to 360.2 MB.
Total: 6.360300 ms (FindLiveObjects: 0.368100 ms CreateObjectMapping: 0.165400 ms MarkObjects: 5.393100 ms  DeleteObjects: 0.433000 ms)

AssetImportParameters requested are different than current active one (requested -> active):
  custom:video-decoder-ogg-theora: a1e56fd34408186e4bbccfd4996cb3dc -> 
  custom:container-muxer-webm: aa71ff27fc2769a1b78a27578f13a17b -> 
  custom:container-demuxer-webm: 4f35f7cbe854078d1ac9338744f61a02 -> 
  custom:video-encoder-webm-vp8: eb34c28f22e8b96e1ab97ce403110664 -> 
  custom:CustomObjectIndexerAttribute: f67f22312cbe972f2da930a377ed3d15 -> 
  custom:audio-encoder-webm-vorbis: bf7c407c2cedff20999df2af8eb42d56 -> 
  custom:framework-win-MediaFoundation: 216162199b28c13a410421893ffa2e32 -> 
  custom:SearchIndexIgnoredProperties: e643bd26f0fe6173181afceb89e7c659 -> 
  custom:container-demuxer-ogg: 62fdf1f143b41e24485cea50d1cbac27 -> 
  custom:video-decoder-webm-vp8: 9c59270c3fd7afecdb556c50c9e8de78 -> 
  custom:audio-decoder-ogg-vorbis: bf7c407c2cedff20999df2af8eb42d56 -> 
========================================================================
Received Import Request.
  Time since last request: 800022.174908 seconds.
  path: Assets/07_GameData/Singletons/GameData.asset
  artifactKey: Guid(bdbcf239f1bd3c148a54c303e94aeded) Importer(815301076,1909f56bfc062723c751e8b465ee728b)
Number of updated assets reloaded before import = 0
Start importing Assets/07_GameData/Singletons/GameData.asset using Guid(bdbcf239f1bd3c148a54c303e94aeded) Importer(815301076,1909f56bfc062723c751e8b465ee728b)  -> (artifact id: 'bf7de59576bb8ccddad4e56b11ba6c04') in 4.397147 seconds 
Number of asset objects unloaded after import = 6760
========================================================================
Received Import Request.
  Time since last request: 4.953789 seconds.
  path: Assets/07_GameData/DialogueSystem/Dialogues/Events/Groups/ChasedBySkeletons/Dialogues/ChaseBySkeletons3.asset
  artifactKey: Guid(c41b49e218c5fd745ae52e6f8f3f2a43) Importer(815301076,1909f56bfc062723c751e8b465ee728b)
Number of updated assets reloaded before import = 0
Start importing Assets/07_GameData/DialogueSystem/Dialogues/Events/Groups/ChasedBySkeletons/Dialogues/ChaseBySkeletons3.asset using Guid(c41b49e218c5fd745ae52e6f8f3f2a43) Importer(815301076,1909f56bfc062723c751e8b465ee728b)  -> (artifact id: 'f86b0d84219f5d137d705eb64c39b418') in 0.006571 seconds 
Number of asset objects unloaded after import = 1
========================================================================
Received Import Request.
  Time since last request: 0.000020 seconds.
  path: Assets/07_GameData/DialogueSystem/Dialogues/Events/Groups/ChasedBySkeletons/Dialogues/ChasedBySkeletons4.asset
  artifactKey: Guid(1a9562b4d0b85c9428fed26a265fccf9) Importer(815301076,1909f56bfc062723c751e8b465ee728b)
Number of updated assets reloaded before import = 0
Start importing Assets/07_GameData/DialogueSystem/Dialogues/Events/Groups/ChasedBySkeletons/Dialogues/ChasedBySkeletons4.asset using Guid(1a9562b4d0b85c9428fed26a265fccf9) Importer(815301076,1909f56bfc062723c751e8b465ee728b)  -> (artifact id: 'baba4b61ce42d3c5614da884ba7eea2d') in 0.005993 seconds 
Number of asset objects unloaded after import = 1
========================================================================
Received Import Request.
  Time since last request: 0.000015 seconds.
  path: Assets/07_GameData/DialogueSystem/Dialogues/Events/Groups/MemoryGame/Dialogues/MemoryGame3.asset
  artifactKey: Guid(6a9eb5d80805ea84982dfb2a7b1124a2) Importer(815301076,1909f56bfc062723c751e8b465ee728b)
Number of updated assets reloaded before import = 0
Start importing Assets/07_GameData/DialogueSystem/Dialogues/Events/Groups/MemoryGame/Dialogues/MemoryGame3.asset using Guid(6a9eb5d80805ea84982dfb2a7b1124a2) Importer(815301076,1909f56bfc062723c751e8b465ee728b)  -> (artifact id: 'e910b032cad88273764fd0585f4efa36') in 0.008783 seconds 
Number of asset objects unloaded after import = 25
========================================================================
Received Import Request.
  Time since last request: 0.000013 seconds.
  path: Assets/07_GameData/DialogueSystem/Dialogues/Events/Groups/TheMysteriousInstructor/Dialogues/MysteriousInstructor3.asset
  artifactKey: Guid(42aceb9ec6dbd154b853bfa1338aa95d) Importer(815301076,1909f56bfc062723c751e8b465ee728b)
Number of updated assets reloaded before import = 0
Start importing Assets/07_GameData/DialogueSystem/Dialogues/Events/Groups/TheMysteriousInstructor/Dialogues/MysteriousInstructor3.asset using Guid(42aceb9ec6dbd154b853bfa1338aa95d) Importer(815301076,1909f56bfc062723c751e8b465ee728b)  -> (artifact id: 'd07499458d35b1253839fcec526a6b79') in 0.006405 seconds 
Number of asset objects unloaded after import = 1
========================================================================
Received Import Request.
  Time since last request: 0.000014 seconds.
  path: Assets/07_GameData/DialogueSystem/Dialogues/Events/Groups/TheEthicalDilemma/Dialogues/TheEthicalDilemma1.asset
  artifactKey: Guid(073abde262f6a414d9e329a9cbea1f78) Importer(815301076,1909f56bfc062723c751e8b465ee728b)
Number of updated assets reloaded before import = 0
Start importing Assets/07_GameData/DialogueSystem/Dialogues/Events/Groups/TheEthicalDilemma/Dialogues/TheEthicalDilemma1.asset using Guid(073abde262f6a414d9e329a9cbea1f78) Importer(815301076,1909f56bfc062723c751e8b465ee728b)  -> (artifact id: 'fd3f05ea6c619200a261fa213e6ece1f') in 0.006542 seconds 
Number of asset objects unloaded after import = 1
========================================================================
Received Import Request.
  Time since last request: 0.000013 seconds.
  path: Assets/07_GameData/DialogueSystem/Dialogues/Events/Groups/TheSilentMentor/Dialogues/TheSilentMentor1b.asset
  artifactKey: Guid(33a123c0c48466b4284ce7276aea2203) Importer(815301076,1909f56bfc062723c751e8b465ee728b)
Number of updated assets reloaded before import = 0
Start importing Assets/07_GameData/DialogueSystem/Dialogues/Events/Groups/TheSilentMentor/Dialogues/TheSilentMentor1b.asset using Guid(33a123c0c48466b4284ce7276aea2203) Importer(815301076,1909f56bfc062723c751e8b465ee728b)  -> (artifact id: 'ad7478a4d0691379bea5e70e47b3445c') in 0.005585 seconds 
Number of asset objects unloaded after import = 3
========================================================================
Received Import Request.
  Time since last request: 0.000015 seconds.
  path: Assets/07_GameData/DialogueSystem/Dialogues/GoddessConversation/Global/Dialogues/WHUT.asset
  artifactKey: Guid(b6af162954f71ed4e971bc988183f133) Importer(815301076,1909f56bfc062723c751e8b465ee728b)
Number of updated assets reloaded before import = 0
Start importing Assets/07_GameData/DialogueSystem/Dialogues/GoddessConversation/Global/Dialogues/WHUT.asset using Guid(b6af162954f71ed4e971bc988183f133) Importer(815301076,1909f56bfc062723c751e8b465ee728b)  -> (artifact id: '8626aa3104b6863f304ef67a81e2b0df') in 0.005862 seconds 
Number of asset objects unloaded after import = 4
========================================================================
Received Import Request.
  Time since last request: 0.000013 seconds.
  path: Assets/07_GameData/DialogueSystem/Dialogues/Events/Groups/TheEthicalDilemma/Dialogues/TheEthicalDilemma2.asset
  artifactKey: Guid(4a287a11c05f93c4e92dabe779012dc3) Importer(815301076,1909f56bfc062723c751e8b465ee728b)
Number of updated assets reloaded before import = 0
Start importing Assets/07_GameData/DialogueSystem/Dialogues/Events/Groups/TheEthicalDilemma/Dialogues/TheEthicalDilemma2.asset using Guid(4a287a11c05f93c4e92dabe779012dc3) Importer(815301076,1909f56bfc062723c751e8b465ee728b)  -> (artifact id: '8f13e6dd1a1ab945bec5b803e11a2120') in 0.006051 seconds 
Number of asset objects unloaded after import = 1
========================================================================
Received Import Request.
  Time since last request: 0.000013 seconds.
  path: Assets/07_GameData/DialogueSystem/Dialogues/Events/Groups/TheWhisperingWoods/Dialogues/TheWhisperingWoods1R2Won.asset
  artifactKey: Guid(eaf59d5bf95ebcd4d8eb6816d8b34bc9) Importer(815301076,1909f56bfc062723c751e8b465ee728b)
Number of updated assets reloaded before import = 0
Start importing Assets/07_GameData/DialogueSystem/Dialogues/Events/Groups/TheWhisperingWoods/Dialogues/TheWhisperingWoods1R2Won.asset using Guid(eaf59d5bf95ebcd4d8eb6816d8b34bc9) Importer(815301076,1909f56bfc062723c751e8b465ee728b)  -> (artifact id: 'bc1b83e1c45aac521b97cab8f7735812') in 0.006386 seconds 
Number of asset objects unloaded after import = 3
========================================================================
Received Import Request.
  Time since last request: 0.000016 seconds.
  path: Assets/07_GameData/DialogueSystem/Dialogues/Events/Groups/LumberjackParty/Dialogues/LumberjackParty2.asset
  artifactKey: Guid(5c20db2ae5aa7b64484e83ce2bead05a) Importer(815301076,1909f56bfc062723c751e8b465ee728b)
Number of updated assets reloaded before import = 0
Start importing Assets/07_GameData/DialogueSystem/Dialogues/Events/Groups/LumberjackParty/Dialogues/LumberjackParty2.asset using Guid(5c20db2ae5aa7b64484e83ce2bead05a) Importer(815301076,1909f56bfc062723c751e8b465ee728b)  -> (artifact id: '4f56241d1102d635ca5a7978d81a1c6c') in 0.007647 seconds 
Number of asset objects unloaded after import = 1
========================================================================
Received Import Request.
  Time since last request: 0.000016 seconds.
  path: Assets/07_GameData/DialogueSystem/Dialogues/Events/Groups/MemoryGame/Dialogues/MemoryGame1.asset
  artifactKey: Guid(064f702ae14a38843b7aa2d5900c37ef) Importer(815301076,1909f56bfc062723c751e8b465ee728b)
Number of updated assets reloaded before import = 0
Start importing Assets/07_GameData/DialogueSystem/Dialogues/Events/Groups/MemoryGame/Dialogues/MemoryGame1.asset using Guid(064f702ae14a38843b7aa2d5900c37ef) Importer(815301076,1909f56bfc062723c751e8b465ee728b)  -> (artifact id: 'a5a0df4e2ef2cc69ab5b6d1a29579d2b') in 0.010278 seconds 
Number of asset objects unloaded after import = 27
========================================================================
Received Import Request.
  Time since last request: 0.000019 seconds.
  path: Assets/07_GameData/DialogueSystem/Dialogues/Events/Groups/TheWhisperingWoods/Dialogues/TheWhisperingWoods.asset
  artifactKey: Guid(c7346bb5a907a0049aaefa4d85552bf6) Importer(815301076,1909f56bfc062723c751e8b465ee728b)
Number of updated assets reloaded before import = 0
Start importing Assets/07_GameData/DialogueSystem/Dialogues/Events/Groups/TheWhisperingWoods/Dialogues/TheWhisperingWoods.asset using Guid(c7346bb5a907a0049aaefa4d85552bf6) Importer(815301076,1909f56bfc062723c751e8b465ee728b)  -> (artifact id: '733282fa7ee5c942f53aba864e698cea') in 0.092017 seconds 
Number of asset objects unloaded after import = 551
========================================================================
Received Import Request.
  Time since last request: 0.000015 seconds.
  path: Assets/07_GameData/DialogueSystem/Dialogues/GoddessConversation/Global/Dialogues/Testerino.asset
  artifactKey: Guid(d7b79fdd78ce94144bc5cecae85331c1) Importer(815301076,1909f56bfc062723c751e8b465ee728b)
Number of updated assets reloaded before import = 0
Start importing Assets/07_GameData/DialogueSystem/Dialogues/GoddessConversation/Global/Dialogues/Testerino.asset using Guid(d7b79fdd78ce94144bc5cecae85331c1) Importer(815301076,1909f56bfc062723c751e8b465ee728b)  -> (artifact id: '69f299e58183173c13cda624f426e052') in 0.007623 seconds 
Number of asset objects unloaded after import = 3
========================================================================
Received Import Request.
  Time since last request: 0.000013 seconds.
  path: Assets/07_GameData/DialogueSystem/Dialogues/Events/Groups/TheEnchantedGarden/Dialogues/TheEnchantedGarden1R.asset
  artifactKey: Guid(07e8293ddc08d264ba042df5d3919b7f) Importer(815301076,1909f56bfc062723c751e8b465ee728b)
Number of updated assets reloaded before import = 0
Start importing Assets/07_GameData/DialogueSystem/Dialogues/Events/Groups/TheEnchantedGarden/Dialogues/TheEnchantedGarden1R.asset using Guid(07e8293ddc08d264ba042df5d3919b7f) Importer(815301076,1909f56bfc062723c751e8b465ee728b)  -> (artifact id: 'ce8bfd3086f789aa0fc21467922e3c1b') in 0.011726 seconds 
Number of asset objects unloaded after import = 30
========================================================================
Received Import Request.
  Time since last request: 0.000015 seconds.
  path: Assets/07_GameData/DialogueSystem/Dialogues/Events/Groups/TheRitual/Dialogues/TheRitual1c.asset
  artifactKey: Guid(62c12fd16922ad249b9f260f23f967b7) Importer(815301076,1909f56bfc062723c751e8b465ee728b)
Number of updated assets reloaded before import = 0
Start importing Assets/07_GameData/DialogueSystem/Dialogues/Events/Groups/TheRitual/Dialogues/TheRitual1c.asset using Guid(62c12fd16922ad249b9f260f23f967b7) Importer(815301076,1909f56bfc062723c751e8b465ee728b)  -> (artifact id: '1833a955fb7e8a90d3b6c605bbc150b5') in 0.007127 seconds 
Number of asset objects unloaded after import = 1
========================================================================
Received Import Request.
  Time since last request: 0.000021 seconds.
  path: Assets/07_GameData/DialogueSystem/Dialogues/Events/Groups/TheRitual/Dialogues/TheRitual1a.asset
  artifactKey: Guid(59c448912b359b140818121801d93048) Importer(815301076,1909f56bfc062723c751e8b465ee728b)
Number of updated assets reloaded before import = 0
Start importing Assets/07_GameData/DialogueSystem/Dialogues/Events/Groups/TheRitual/Dialogues/TheRitual1a.asset using Guid(59c448912b359b140818121801d93048) Importer(815301076,1909f56bfc062723c751e8b465ee728b)  -> (artifact id: '4f4eb80eda129a1263722be41cde95f4') in 0.006469 seconds 
Number of asset objects unloaded after import = 1
========================================================================
Received Import Request.
  Time since last request: 0.000018 seconds.
  path: Assets/07_GameData/DialogueSystem/Dialogues/Events/Groups/TheEnchantedGarden/Dialogues/TheEnchantedGarden.asset
  artifactKey: Guid(c1f4aaf5f74fcd340adba08a4cebf6d2) Importer(815301076,1909f56bfc062723c751e8b465ee728b)
Number of updated assets reloaded before import = 0
Start importing Assets/07_GameData/DialogueSystem/Dialogues/Events/Groups/TheEnchantedGarden/Dialogues/TheEnchantedGarden.asset using Guid(c1f4aaf5f74fcd340adba08a4cebf6d2) Importer(815301076,1909f56bfc062723c751e8b465ee728b)  -> (artifact id: '0f17d90f4d4d81547740a9878472c82e') in 0.014530 seconds 
Number of asset objects unloaded after import = 48
========================================================================
Received Import Request.
  Time since last request: 0.000014 seconds.
  path: Assets/07_GameData/DialogueSystem/Dialogues/Events/Groups/TheWhisperingWoods/Dialogues/TheWhisperingWoods1R1b.asset
  artifactKey: Guid(556b695e9588beb43a4b87a7b327d50d) Importer(815301076,1909f56bfc062723c751e8b465ee728b)
Number of updated assets reloaded before import = 0
Start importing Assets/07_GameData/DialogueSystem/Dialogues/Events/Groups/TheWhisperingWoods/Dialogues/TheWhisperingWoods1R1b.asset using Guid(556b695e9588beb43a4b87a7b327d50d) Importer(815301076,1909f56bfc062723c751e8b465ee728b)  -> (artifact id: '6aae5a5d95f0100046a86c9c664e53ae') in 0.006414 seconds 
Number of asset objects unloaded after import = 1
========================================================================
Received Import Request.
  Time since last request: 0.000017 seconds.
  path: Assets/07_GameData/DialogueSystem/Dialogues/Events/Groups/TheMysteriousInstructor/Dialogues/MysteriousInstructor1.asset
  artifactKey: Guid(cf955d2f32c475b459ed0bcc60973c3f) Importer(815301076,1909f56bfc062723c751e8b465ee728b)
Number of updated assets reloaded before import = 0
Start importing Assets/07_GameData/DialogueSystem/Dialogues/Events/Groups/TheMysteriousInstructor/Dialogues/MysteriousInstructor1.asset using Guid(cf955d2f32c475b459ed0bcc60973c3f) Importer(815301076,1909f56bfc062723c751e8b465ee728b)  -> (artifact id: '95a1f5073d9c2bbcf267ebca25c72826') in 0.006894 seconds 
Number of asset objects unloaded after import = 8
========================================================================
Received Import Request.
  Time since last request: 0.000023 seconds.
  path: Assets/07_GameData/DialogueSystem/Dialogues/Events/Groups/WingedCreature/Dialogues/WingedCreature1Success.asset
  artifactKey: Guid(bfa4117b9962a2d44a9f9e91e4e43d6a) Importer(815301076,1909f56bfc062723c751e8b465ee728b)
Number of updated assets reloaded before import = 0
Start importing Assets/07_GameData/DialogueSystem/Dialogues/Events/Groups/WingedCreature/Dialogues/WingedCreature1Success.asset using Guid(bfa4117b9962a2d44a9f9e91e4e43d6a) Importer(815301076,1909f56bfc062723c751e8b465ee728b)  -> (artifact id: 'a5207ad14679ee7f41d882ca5e79aea7') in 0.005241 seconds 
Number of asset objects unloaded after import = 1
========================================================================
Received Import Request.
  Time since last request: 0.000012 seconds.
  path: Assets/07_GameData/DialogueSystem/Dialogues/Events/Groups/ThemysteriousAltar/Dialogues/TheMysteriousAltar1.asset
  artifactKey: Guid(4f46fe633831d1f4d8a05f8378a5bf33) Importer(815301076,1909f56bfc062723c751e8b465ee728b)
Number of updated assets reloaded before import = 0
Start importing Assets/07_GameData/DialogueSystem/Dialogues/Events/Groups/ThemysteriousAltar/Dialogues/TheMysteriousAltar1.asset using Guid(4f46fe633831d1f4d8a05f8378a5bf33) Importer(815301076,1909f56bfc062723c751e8b465ee728b)  -> (artifact id: '62454940c525d1eabc30f856e7e907bf') in 0.006123 seconds 
Number of asset objects unloaded after import = 3
========================================================================
Received Import Request.
  Time since last request: 0.000014 seconds.
  path: Assets/07_GameData/DialogueSystem/Dialogues/Events/Groups/SecretMerchant/Dialogues/SecretMerchant3.asset
  artifactKey: Guid(a9e6ec1d5410cdd4b9393b5305f61fbf) Importer(815301076,1909f56bfc062723c751e8b465ee728b)
Number of updated assets reloaded before import = 0
Start importing Assets/07_GameData/DialogueSystem/Dialogues/Events/Groups/SecretMerchant/Dialogues/SecretMerchant3.asset using Guid(a9e6ec1d5410cdd4b9393b5305f61fbf) Importer(815301076,1909f56bfc062723c751e8b465ee728b)  -> (artifact id: '127716d7d5f886c4a229cb2c4fa4c528') in 0.006634 seconds 
Number of asset objects unloaded after import = 8
========================================================================
Received Import Request.
  Time since last request: 0.000012 seconds.
  path: Assets/07_GameData/DialogueSystem/Dialogues/Events/Groups/TheEnchantedGarden/Dialogues/TheEnchantedGarden1Rb.asset
  artifactKey: Guid(69db5ed4d4a7301408357a25e4cb59fc) Importer(815301076,1909f56bfc062723c751e8b465ee728b)
Number of updated assets reloaded before import = 0
Start importing Assets/07_GameData/DialogueSystem/Dialogues/Events/Groups/TheEnchantedGarden/Dialogues/TheEnchantedGarden1Rb.asset using Guid(69db5ed4d4a7301408357a25e4cb59fc) Importer(815301076,1909f56bfc062723c751e8b465ee728b)  -> (artifact id: '9b0c009faf0c30c4b2cef57102c9ab47') in 0.006344 seconds 
Number of asset objects unloaded after import = 23
========================================================================
Received Import Request.
  Time since last request: 0.000012 seconds.
  path: Assets/07_GameData/DialogueSystem/Dialogues/Events/Groups/TheWeepingWidow/Dialogues/TheWeepingWidow1.asset
  artifactKey: Guid(3e0abfb4f45296446826dddb5eab9934) Importer(815301076,1909f56bfc062723c751e8b465ee728b)
Number of updated assets reloaded before import = 0
Start importing Assets/07_GameData/DialogueSystem/Dialogues/Events/Groups/TheWeepingWidow/Dialogues/TheWeepingWidow1.asset using Guid(3e0abfb4f45296446826dddb5eab9934) Importer(815301076,1909f56bfc062723c751e8b465ee728b)  -> (artifact id: 'db943b8478067a82efe2fe3027221437') in 0.006174 seconds 
Number of asset objects unloaded after import = 1
========================================================================
Received Import Request.
  Time since last request: 0.000016 seconds.
  path: Assets/07_GameData/DialogueSystem/Dialogues/Events/Groups/TheKnightAndHisHarem/Dialogues/KnightHaremWon.asset
  artifactKey: Guid(6e0e9bd4eb96cee489395deb3a72ef19) Importer(815301076,1909f56bfc062723c751e8b465ee728b)
Number of updated assets reloaded before import = 0
Start importing Assets/07_GameData/DialogueSystem/Dialogues/Events/Groups/TheKnightAndHisHarem/Dialogues/KnightHaremWon.asset using Guid(6e0e9bd4eb96cee489395deb3a72ef19) Importer(815301076,1909f56bfc062723c751e8b465ee728b)  -> (artifact id: '3bffbd9b7918923669900b0eca514d68') in 0.007474 seconds 
Number of asset objects unloaded after import = 3
========================================================================
Received Import Request.
  Time since last request: 0.000015 seconds.
  path: Assets/07_GameData/DialogueSystem/Dialogues/Events/Groups/TheWhisperingWoods/Dialogues/TheWhisperingWoods1R.asset
  artifactKey: Guid(5bbfbb41999ebdb4ab54cfb03f51088f) Importer(815301076,1909f56bfc062723c751e8b465ee728b)
Number of updated assets reloaded before import = 0
Start importing Assets/07_GameData/DialogueSystem/Dialogues/Events/Groups/TheWhisperingWoods/Dialogues/TheWhisperingWoods1R.asset using Guid(5bbfbb41999ebdb4ab54cfb03f51088f) Importer(815301076,1909f56bfc062723c751e8b465ee728b)  -> (artifact id: 'e3e03f0a9f06ea5c4e3c1d9d2ef0b009') in 0.114887 seconds 
Number of asset objects unloaded after import = 550
========================================================================
Received Import Request.
  Time since last request: 0.000029 seconds.
  path: Assets/07_GameData/DialogueSystem/Dialogues/Events/Groups/LumberjackParty/Dialogues/LumberjackParty1.asset
  artifactKey: Guid(c8f4481dad342534d92da9214dcaac9f) Importer(815301076,1909f56bfc062723c751e8b465ee728b)
Number of updated assets reloaded before import = 0
Start importing Assets/07_GameData/DialogueSystem/Dialogues/Events/Groups/LumberjackParty/Dialogues/LumberjackParty1.asset using Guid(c8f4481dad342534d92da9214dcaac9f) Importer(815301076,1909f56bfc062723c751e8b465ee728b)  -> (artifact id: 'bd71b6128eabdf2bd46e70bc3ef41bc9') in 0.009231 seconds 
Number of asset objects unloaded after import = 3
========================================================================
Received Import Request.
  Time since last request: 0.000026 seconds.
  path: Assets/07_GameData/DialogueSystem/Dialogues/Events/Groups/TheMysteriousInstructor/Dialogues/MysteriousInstructor2b.asset
  artifactKey: Guid(2be24c2c6f873b6459e37d6a711cff3a) Importer(815301076,1909f56bfc062723c751e8b465ee728b)
Number of updated assets reloaded before import = 0
Start importing Assets/07_GameData/DialogueSystem/Dialogues/Events/Groups/TheMysteriousInstructor/Dialogues/MysteriousInstructor2b.asset using Guid(2be24c2c6f873b6459e37d6a711cff3a) Importer(815301076,1909f56bfc062723c751e8b465ee728b)  -> (artifact id: '8b79a68e21afa9992f4aa5afbb96f9dd') in 0.006761 seconds 
Number of asset objects unloaded after import = 1
========================================================================
Received Import Request.
  Time since last request: 0.000014 seconds.
  path: Assets/07_GameData/DialogueSystem/Dialogues/Events/Groups/TheSilentMentor/Dialogues/SilentMentor2.asset
  artifactKey: Guid(af21d776f7a38b342bad3d41a29496b1) Importer(815301076,1909f56bfc062723c751e8b465ee728b)
Number of updated assets reloaded before import = 0
Start importing Assets/07_GameData/DialogueSystem/Dialogues/Events/Groups/TheSilentMentor/Dialogues/SilentMentor2.asset using Guid(af21d776f7a38b342bad3d41a29496b1) Importer(815301076,1909f56bfc062723c751e8b465ee728b)  -> (artifact id: '10ca885e05532a923654cae359917539') in 0.008126 seconds 
Number of asset objects unloaded after import = 1
========================================================================
Received Import Request.
  Time since last request: 0.000015 seconds.
  path: Assets/07_GameData/DialogueSystem/Dialogues/Events/Groups/ThemysteriousAltar/Dialogues/TheMysteriousAltar3.asset
  artifactKey: Guid(8f9dbc946d73e754680489ed99b6a2d6) Importer(815301076,1909f56bfc062723c751e8b465ee728b)
Number of updated assets reloaded before import = 0
Start importing Assets/07_GameData/DialogueSystem/Dialogues/Events/Groups/ThemysteriousAltar/Dialogues/TheMysteriousAltar3.asset using Guid(8f9dbc946d73e754680489ed99b6a2d6) Importer(815301076,1909f56bfc062723c751e8b465ee728b)  -> (artifact id: '3aa42874dbe3a7f7919a7688bd792b8d') in 0.007712 seconds 
Number of asset objects unloaded after import = 5
========================================================================
Received Import Request.
  Time since last request: 0.000015 seconds.
  path: Assets/07_GameData/DialogueSystem/Dialogues/Events/Groups/LumberjackParty/Dialogues/LumberjackParty3.asset
  artifactKey: Guid(3455ec4ff8756b64da5f549ddfdc878f) Importer(815301076,1909f56bfc062723c751e8b465ee728b)
Number of updated assets reloaded before import = 0
Start importing Assets/07_GameData/DialogueSystem/Dialogues/Events/Groups/LumberjackParty/Dialogues/LumberjackParty3.asset using Guid(3455ec4ff8756b64da5f549ddfdc878f) Importer(815301076,1909f56bfc062723c751e8b465ee728b)  -> (artifact id: 'ec65ed30d64d43876b5c512867bcd2d2') in 0.006460 seconds 
Number of asset objects unloaded after import = 1
========================================================================
Received Import Request.
  Time since last request: 0.000013 seconds.
  path: Assets/07_GameData/DialogueSystem/Dialogues/Events/Groups/TheKnightAndHisHarem/Dialogues/KnightHarem2.asset
  artifactKey: Guid(f19b04c426f15e2409ef351ec58a97d2) Importer(815301076,1909f56bfc062723c751e8b465ee728b)
Number of updated assets reloaded before import = 0
Start importing Assets/07_GameData/DialogueSystem/Dialogues/Events/Groups/TheKnightAndHisHarem/Dialogues/KnightHarem2.asset using Guid(f19b04c426f15e2409ef351ec58a97d2) Importer(815301076,1909f56bfc062723c751e8b465ee728b)  -> (artifact id: 'ceb40f371b07f0fdb2f1bec9b44fbf18') in 0.139850 seconds 
Number of asset objects unloaded after import = 1178
========================================================================
Received Import Request.
  Time since last request: 0.000015 seconds.
  path: Assets/07_GameData/DialogueSystem/Dialogues/Events/Groups/TheMysteriousInstructor/Dialogues/MysteriousInstructor2.asset
  artifactKey: Guid(a1c97e2dc6851a241a6fbdd50a9934cf) Importer(815301076,1909f56bfc062723c751e8b465ee728b)
Number of updated assets reloaded before import = 0
Start importing Assets/07_GameData/DialogueSystem/Dialogues/Events/Groups/TheMysteriousInstructor/Dialogues/MysteriousInstructor2.asset using Guid(a1c97e2dc6851a241a6fbdd50a9934cf) Importer(815301076,1909f56bfc062723c751e8b465ee728b)  -> (artifact id: '3e8f54df2d98458c510b84c506a0a676') in 0.005966 seconds 
Number of asset objects unloaded after import = 3
========================================================================
Received Import Request.
  Time since last request: 0.000020 seconds.
  path: Assets/07_GameData/DialogueSystem/Dialogues/Events/Groups/TheKnightAndHisHarem/Dialogues/KnightHaremLost.asset
  artifactKey: Guid(04d99d6ab2121fe459ffcf07078a96f3) Importer(815301076,1909f56bfc062723c751e8b465ee728b)
Number of updated assets reloaded before import = 0
Start importing Assets/07_GameData/DialogueSystem/Dialogues/Events/Groups/TheKnightAndHisHarem/Dialogues/KnightHaremLost.asset using Guid(04d99d6ab2121fe459ffcf07078a96f3) Importer(815301076,1909f56bfc062723c751e8b465ee728b)  -> (artifact id: 'a7b03f488e2262626cb1a4f7abef534d') in 0.006139 seconds 
Number of asset objects unloaded after import = 1
========================================================================
Received Import Request.
  Time since last request: 0.000014 seconds.
  path: Assets/07_GameData/DialogueSystem/Dialogues/Events/Groups/TheMysteriousInstructor/Dialogues/MysteriousInstructor4.asset
  artifactKey: Guid(a7522a7d0e236c84e8e0765a43f9020f) Importer(815301076,1909f56bfc062723c751e8b465ee728b)
Number of updated assets reloaded before import = 0
Start importing Assets/07_GameData/DialogueSystem/Dialogues/Events/Groups/TheMysteriousInstructor/Dialogues/MysteriousInstructor4.asset using Guid(a7522a7d0e236c84e8e0765a43f9020f) Importer(815301076,1909f56bfc062723c751e8b465ee728b)  -> (artifact id: '0a0d88feb694e0f5796ca378d4a2a46f') in 0.005254 seconds 
Number of asset objects unloaded after import = 1
========================================================================
Received Import Request.
  Time since last request: 0.000015 seconds.
  path: Assets/07_GameData/DialogueSystem/Dialogues/Events/Groups/TheSilentMentor/Dialogues/SilentMentor1.asset
  artifactKey: Guid(08c0a8cef7660a34aad15b80c154236f) Importer(815301076,1909f56bfc062723c751e8b465ee728b)
Number of updated assets reloaded before import = 0
Start importing Assets/07_GameData/DialogueSystem/Dialogues/Events/Groups/TheSilentMentor/Dialogues/SilentMentor1.asset using Guid(08c0a8cef7660a34aad15b80c154236f) Importer(815301076,1909f56bfc062723c751e8b465ee728b)  -> (artifact id: '16e0147044684589482e7b2675104e8c') in 0.005967 seconds 
Number of asset objects unloaded after import = 8
========================================================================
Received Import Request.
  Time since last request: 0.000011 seconds.
  path: Assets/07_GameData/DialogueSystem/Dialogues/Events/Groups/TheWeepingWidow/Dialogues/TheWeepingWidow2.asset
  artifactKey: Guid(965cb795e704e894aa4ce03442261525) Importer(815301076,1909f56bfc062723c751e8b465ee728b)
Number of updated assets reloaded before import = 0
Start importing Assets/07_GameData/DialogueSystem/Dialogues/Events/Groups/TheWeepingWidow/Dialogues/TheWeepingWidow2.asset using Guid(965cb795e704e894aa4ce03442261525) Importer(815301076,1909f56bfc062723c751e8b465ee728b)  -> (artifact id: 'f20f6ddb9d859e4f745e1fcbec166496') in 0.006136 seconds 
Number of asset objects unloaded after import = 1
========================================================================
Received Import Request.
  Time since last request: 0.000013 seconds.
  path: Assets/07_GameData/DialogueSystem/Dialogues/Events/Groups/ChasedBySkeletons/Dialogues/ChasedBySkeletons2.asset
  artifactKey: Guid(59565c07a15829441a871a5a5400b950) Importer(815301076,1909f56bfc062723c751e8b465ee728b)
Number of updated assets reloaded before import = 0
Start importing Assets/07_GameData/DialogueSystem/Dialogues/Events/Groups/ChasedBySkeletons/Dialogues/ChasedBySkeletons2.asset using Guid(59565c07a15829441a871a5a5400b950) Importer(815301076,1909f56bfc062723c751e8b465ee728b)  -> (artifact id: '39911a4970e1beb3e227cdfb73357c0f') in 0.006478 seconds 
Number of asset objects unloaded after import = 3
========================================================================
Received Import Request.
  Time since last request: 0.000016 seconds.
  path: Assets/07_GameData/DialogueSystem/Dialogues/Events/Groups/TheStarvingSettlement/Dialogues/StarvingSettlement2Fail.asset
  artifactKey: Guid(e4d8b8af34c4e994e8fb7c5e377a87c9) Importer(815301076,1909f56bfc062723c751e8b465ee728b)
Number of updated assets reloaded before import = 0
Start importing Assets/07_GameData/DialogueSystem/Dialogues/Events/Groups/TheStarvingSettlement/Dialogues/StarvingSettlement2Fail.asset using Guid(e4d8b8af34c4e994e8fb7c5e377a87c9) Importer(815301076,1909f56bfc062723c751e8b465ee728b)  -> (artifact id: 'de0c87a4b6a454a9f0fce4c882b6a2ed') in 0.006567 seconds 
Number of asset objects unloaded after import = 1
========================================================================
Received Import Request.
  Time since last request: 0.000013 seconds.
  path: Assets/07_GameData/DialogueSystem/Dialogues/Events/Groups/WingedCreature/Dialogues/WingedCreature1.asset
  artifactKey: Guid(39fe277b9abc91d4b83952dbfb004f0b) Importer(815301076,1909f56bfc062723c751e8b465ee728b)
Number of updated assets reloaded before import = 0
Start importing Assets/07_GameData/DialogueSystem/Dialogues/Events/Groups/WingedCreature/Dialogues/WingedCreature1.asset using Guid(39fe277b9abc91d4b83952dbfb004f0b) Importer(815301076,1909f56bfc062723c751e8b465ee728b)  -> (artifact id: 'bac28281b45b798da887d3eac1a7ece6') in 0.133045 seconds 
Number of asset objects unloaded after import = 890
========================================================================
Received Import Request.
  Time since last request: 0.000022 seconds.
  path: Assets/07_GameData/DialogueSystem/Dialogues/Events/Groups/TheEthicalDilemma/Dialogues/TheEthicalDilemma.asset
  artifactKey: Guid(4672f6ffed57c80488eedb674776a046) Importer(815301076,1909f56bfc062723c751e8b465ee728b)
Number of updated assets reloaded before import = 0
Start importing Assets/07_GameData/DialogueSystem/Dialogues/Events/Groups/TheEthicalDilemma/Dialogues/TheEthicalDilemma.asset using Guid(4672f6ffed57c80488eedb674776a046) Importer(815301076,1909f56bfc062723c751e8b465ee728b)  -> (artifact id: '532cca756a05bf0424080e71391bd293') in 0.007518 seconds 
Number of asset objects unloaded after import = 5
========================================================================
Received Import Request.
  Time since last request: 0.000020 seconds.
  path: Assets/07_GameData/DialogueSystem/Dialogues/Events/Groups/TheKnightAndHisHarem/Dialogues/KnightHarem1.asset
  artifactKey: Guid(0af8a83f5be981949b4adc7c7abc18bb) Importer(815301076,1909f56bfc062723c751e8b465ee728b)
Number of updated assets reloaded before import = 0
Start importing Assets/07_GameData/DialogueSystem/Dialogues/Events/Groups/TheKnightAndHisHarem/Dialogues/KnightHarem1.asset using Guid(0af8a83f5be981949b4adc7c7abc18bb) Importer(815301076,1909f56bfc062723c751e8b465ee728b)  -> (artifact id: 'e760a6c5560e4df6d3b44a2491f9805d') in 0.137013 seconds 
Number of asset objects unloaded after import = 1179
========================================================================
Received Import Request.
  Time since last request: 0.000024 seconds.
  path: Assets/07_GameData/DialogueSystem/Dialogues/Events/Groups/TheStarvingSettlement/Dialogues/StarvingSettlement2Success.asset
  artifactKey: Guid(4dbdd2377500f5b48a673387f4598add) Importer(815301076,1909f56bfc062723c751e8b465ee728b)
Number of updated assets reloaded before import = 0
Start importing Assets/07_GameData/DialogueSystem/Dialogues/Events/Groups/TheStarvingSettlement/Dialogues/StarvingSettlement2Success.asset using Guid(4dbdd2377500f5b48a673387f4598add) Importer(815301076,1909f56bfc062723c751e8b465ee728b)  -> (artifact id: 'edcef95cdcc53b74e6588e09b4c90a68') in 0.007242 seconds 
Number of asset objects unloaded after import = 3
========================================================================
Received Import Request.
  Time since last request: 0.000014 seconds.
  path: Assets/07_GameData/DialogueSystem/Dialogues/Events/Groups/TheSilentMentor/Dialogues/TheSilentMentor1a.asset
  artifactKey: Guid(26b87e449c970154fa5354e14e29ad17) Importer(815301076,1909f56bfc062723c751e8b465ee728b)
Number of updated assets reloaded before import = 0
Start importing Assets/07_GameData/DialogueSystem/Dialogues/Events/Groups/TheSilentMentor/Dialogues/TheSilentMentor1a.asset using Guid(26b87e449c970154fa5354e14e29ad17) Importer(815301076,1909f56bfc062723c751e8b465ee728b)  -> (artifact id: '07fad2759e8080b8e90b893f0b1b7be9') in 0.007779 seconds 
Number of asset objects unloaded after import = 3
========================================================================
Received Import Request.
  Time since last request: 0.000013 seconds.
  path: Assets/07_GameData/DialogueSystem/Dialogues/Events/Groups/TheRitual/Dialogues/TheRitual2.asset
  artifactKey: Guid(3feda932a1343444684e049582133e66) Importer(815301076,1909f56bfc062723c751e8b465ee728b)
Number of updated assets reloaded before import = 0
Start importing Assets/07_GameData/DialogueSystem/Dialogues/Events/Groups/TheRitual/Dialogues/TheRitual2.asset using Guid(3feda932a1343444684e049582133e66) Importer(815301076,1909f56bfc062723c751e8b465ee728b)  -> (artifact id: 'ee078689b98bb0bcec1de65d88676723') in 0.006666 seconds 
Number of asset objects unloaded after import = 1
========================================================================
Received Import Request.
  Time since last request: 0.000019 seconds.
  path: Assets/07_GameData/DialogueSystem/Dialogues/Events/Groups/TheSilentMentor/Dialogues/SilentMentor3Fail.asset
  artifactKey: Guid(24af490088daa834aba079b7b173f701) Importer(815301076,1909f56bfc062723c751e8b465ee728b)
Number of updated assets reloaded before import = 0
Start importing Assets/07_GameData/DialogueSystem/Dialogues/Events/Groups/TheSilentMentor/Dialogues/SilentMentor3Fail.asset using Guid(24af490088daa834aba079b7b173f701) Importer(815301076,1909f56bfc062723c751e8b465ee728b)  -> (artifact id: 'ce4696c03be4a0303e7b0dccec370a45') in 0.009328 seconds 
Number of asset objects unloaded after import = 1
========================================================================
Received Import Request.
  Time since last request: 0.000015 seconds.
  path: Assets/07_GameData/DialogueSystem/Dialogues/Events/Groups/TheWeepingWidow/Dialogues/TheWeepingWidow3.asset
  artifactKey: Guid(e20d9bc60da5a144f840686feb99588c) Importer(815301076,1909f56bfc062723c751e8b465ee728b)
Number of updated assets reloaded before import = 0
Start importing Assets/07_GameData/DialogueSystem/Dialogues/Events/Groups/TheWeepingWidow/Dialogues/TheWeepingWidow3.asset using Guid(e20d9bc60da5a144f840686feb99588c) Importer(815301076,1909f56bfc062723c751e8b465ee728b)  -> (artifact id: '831e07d528f92f7745edccf40c0d181d') in 0.007951 seconds 
Number of asset objects unloaded after import = 3
========================================================================
Received Import Request.
  Time since last request: 0.000027 seconds.
  path: Assets/07_GameData/DialogueSystem/Dialogues/Events/Groups/ThemysteriousAltar/Dialogues/TheMysteriousAltar1b.asset
  artifactKey: Guid(6528e8ded3bc00f4fa22caad6f481181) Importer(815301076,1909f56bfc062723c751e8b465ee728b)
Number of updated assets reloaded before import = 0
Start importing Assets/07_GameData/DialogueSystem/Dialogues/Events/Groups/ThemysteriousAltar/Dialogues/TheMysteriousAltar1b.asset using Guid(6528e8ded3bc00f4fa22caad6f481181) Importer(815301076,1909f56bfc062723c751e8b465ee728b)  -> (artifact id: 'a9b4b870fdf074bd97b5dcc3a45a9809') in 0.007556 seconds 
Number of asset objects unloaded after import = 1
========================================================================
Received Import Request.
  Time since last request: 19.893649 seconds.
  path: Assets/07_GameData/Singletons/GameData.asset
  artifactKey: Guid(bdbcf239f1bd3c148a54c303e94aeded) Importer(815301076,1909f56bfc062723c751e8b465ee728b)
Number of updated assets reloaded before import = 0
Start importing Assets/07_GameData/Singletons/GameData.asset using Guid(bdbcf239f1bd3c148a54c303e94aeded) Importer(815301076,1909f56bfc062723c751e8b465ee728b)  -> (artifact id: '39cc1eee7020f0ed4444b09dc3a7db42') in 1.392779 seconds 
Number of asset objects unloaded after import = 6760
========================================================================
Received Import Request.
  Time since last request: 3387.935927 seconds.
  path: Assets/01_Scenes/EncounterArea.unity
  artifactKey: Guid(42c2386d9327d6c4197acd575ef9891a) Importer(815301076,1909f56bfc062723c751e8b465ee728b)
Number of updated assets reloaded before import = 0
Start importing Assets/01_Scenes/EncounterArea.unity using Guid(42c2386d9327d6c4197acd575ef9891a) Importer(815301076,1909f56bfc062723c751e8b465ee728b)  -> (artifact id: '9da66d4af873dde89d684a86ba331603') in 0.006193 seconds 
Number of asset objects unloaded after import = 0
========================================================================
Received Import Request.
  Time since last request: 12.837520 seconds.
  path: Assets/01_Scenes/MainMenu.unity
  artifactKey: Guid(7e41894ce0d142646b3888eacf4ae1d1) Importer(815301076,1909f56bfc062723c751e8b465ee728b)
Number of updated assets reloaded before import = 0
Start importing Assets/01_Scenes/MainMenu.unity using Guid(7e41894ce0d142646b3888eacf4ae1d1) Importer(815301076,1909f56bfc062723c751e8b465ee728b)  -> (artifact id: '0ff5c508ecb8d003920cd5ce711a5eb4') in 0.006142 seconds 
Number of asset objects unloaded after import = 0
========================================================================
Received Import Request.
  Time since last request: 96.652226 seconds.
  path: Assets/01_Scenes/MainMenu.unity
  artifactKey: Guid(7e41894ce0d142646b3888eacf4ae1d1) Importer(815301076,1909f56bfc062723c751e8b465ee728b)
Number of updated assets reloaded before import = 0
Start importing Assets/01_Scenes/MainMenu.unity using Guid(7e41894ce0d142646b3888eacf4ae1d1) Importer(815301076,1909f56bfc062723c751e8b465ee728b)  -> (artifact id: '0c266f4e1304a70f4dee82b340544b31') in 0.001196 seconds 
Number of asset objects unloaded after import = 0
========================================================================
Received Prepare
Registering precompiled user dll's ...
Registered in 0.003916 seconds.
Begin MonoManager ReloadAssembly
Symbol file LoadedFromMemory is not a mono symbol file
Native extension for WindowsStandalone target not found
Native extension for iOS target not found
Native extension for Android target not found
Refreshing native plugins compatible for Editor in 1.55 ms, found 3 plugins.
Preloading 0 native plugins for Editor in 0.00 ms.
[Package Manager] Server::EnsureServerProcessIsRunning -- launch failed, reason: Unity was launched with the -noUpm command-line argument
[Package Manager] Cannot connect to Unity Package Manager local server
Mono: successfully reloaded assembly
- Completed reload, in  1.868 seconds
Domain Reload Profiling:
	ReloadAssembly (1869ms)
		BeginReloadAssembly (202ms)
			ExecutionOrderSort (0ms)
			DisableScriptedObjects (9ms)
			BackupInstance (0ms)
			ReleaseScriptingObjects (0ms)
			CreateAndSetChildDomain (85ms)
		EndReloadAssembly (1578ms)
			LoadAssemblies (101ms)
			RebuildTransferFunctionScriptingTraits (0ms)
			SetupTypeCache (506ms)
			ReleaseScriptCaches (3ms)
			RebuildScriptCaches (89ms)
			SetupLoadedEditorAssemblies (853ms)
				LogAssemblyErrors (0ms)
				InitializePlatformSupportModulesInManaged (22ms)
				SetLoadedEditorAssemblies (1ms)
				RefreshPlugins (2ms)
				BeforeProcessingInitializeOnLoad (97ms)
				ProcessInitializeOnLoadAttributes (612ms)
				ProcessInitializeOnLoadMethodAttributes (115ms)
				AfterProcessingInitializeOnLoad (4ms)
				EditorAssembliesLoaded (0ms)
			ExecutionOrderSort2 (0ms)
			AwakeInstancesAfterBackupRestoration (10ms)
Platform modules already initialized, skipping
Shader 'MoreMountains/MMRipple': fallback shader 'Particle/AlphaBlended' not found
Refreshing native plugins compatible for Editor in 1.51 ms, found 3 plugins.
Preloading 0 native plugins for Editor in 0.00 ms.
Unloading 6330 Unused Serialized files (Serialized files now loaded: 0)
Unloading 88 unused Assets / (2.0 MB). Loaded Objects now: 7075.
Memory consumption went from 345.3 MB to 343.3 MB.
Total: 8.294000 ms (FindLiveObjects: 0.416500 ms CreateObjectMapping: 0.166800 ms MarkObjects: 7.189400 ms  DeleteObjects: 0.520600 ms)

AssetImportParameters requested are different than current active one (requested -> active):
  custom:video-decoder-ogg-theora: a1e56fd34408186e4bbccfd4996cb3dc -> 
  custom:container-muxer-webm: aa71ff27fc2769a1b78a27578f13a17b -> 
  custom:container-demuxer-webm: 4f35f7cbe854078d1ac9338744f61a02 -> 
  custom:video-encoder-webm-vp8: eb34c28f22e8b96e1ab97ce403110664 -> 
  custom:CustomObjectIndexerAttribute: f67f22312cbe972f2da930a377ed3d15 -> 
  custom:audio-encoder-webm-vorbis: bf7c407c2cedff20999df2af8eb42d56 -> 
  custom:framework-win-MediaFoundation: 216162199b28c13a410421893ffa2e32 -> 
  custom:SearchIndexIgnoredProperties: e643bd26f0fe6173181afceb89e7c659 -> 
  custom:container-demuxer-ogg: 62fdf1f143b41e24485cea50d1cbac27 -> 
  custom:video-decoder-webm-vp8: 9c59270c3fd7afecdb556c50c9e8de78 -> 
  custom:audio-decoder-ogg-vorbis: bf7c407c2cedff20999df2af8eb42d56 -> 
========================================================================
Received Import Request.
  Time since last request: 1975.374377 seconds.
  path: Assets/04_Textures
  artifactKey: Guid(e76f15094b793e6468230b7a6ee0b893) Importer(815301076,1909f56bfc062723c751e8b465ee728b)
Number of updated assets reloaded before import = 0
Start importing Assets/04_Textures using Guid(e76f15094b793e6468230b7a6ee0b893) Importer(815301076,1909f56bfc062723c751e8b465ee728b)  -> (artifact id: 'cd744bd08541bd8091f85f1de6ca1648') in 0.052653 seconds 
Number of asset objects unloaded after import = 0
========================================================================
Received Import Request.
  Time since last request: 9.446251 seconds.
  path: Assets/03_Prefabs/NewUI/ChronikEntry.prefab
  artifactKey: Guid(2eaeb501ad0c8d84990cfbf24cc2e558) Importer(815301076,1909f56bfc062723c751e8b465ee728b)
Number of updated assets reloaded before import = 0
Start importing Assets/03_Prefabs/NewUI/ChronikEntry.prefab using Guid(2eaeb501ad0c8d84990cfbf24cc2e558) Importer(815301076,1909f56bfc062723c751e8b465ee728b)  -> (artifact id: 'e96167ae97142635c1c5b96d2e6778c5') in 0.063189 seconds 
Number of asset objects unloaded after import = 22
========================================================================
Received Import Request.
  Time since last request: 90.196283 seconds.
  path: Assets/03_Prefabs/NewUI/ChronikEntry.prefab
  artifactKey: Guid(2eaeb501ad0c8d84990cfbf24cc2e558) Importer(815301076,1909f56bfc062723c751e8b465ee728b)
Number of updated assets reloaded before import = 0
Start importing Assets/03_Prefabs/NewUI/ChronikEntry.prefab using Guid(2eaeb501ad0c8d84990cfbf24cc2e558) Importer(815301076,1909f56bfc062723c751e8b465ee728b)  -> (artifact id: '057f7156c158a89d55ade94bf0fbad94') in 0.014076 seconds 
Number of asset objects unloaded after import = 24
========================================================================
Received Prepare
Registering precompiled user dll's ...
Registered in 0.004075 seconds.
Begin MonoManager ReloadAssembly
Symbol file LoadedFromMemory is not a mono symbol file
Native extension for WindowsStandalone target not found
Native extension for iOS target not found
Native extension for Android target not found
Refreshing native plugins compatible for Editor in 1.52 ms, found 3 plugins.
Preloading 0 native plugins for Editor in 0.00 ms.
[Package Manager] Server::EnsureServerProcessIsRunning -- launch failed, reason: Unity was launched with the -noUpm command-line argument
[Package Manager] Cannot connect to Unity Package Manager local server
Mono: successfully reloaded assembly
- Completed reload, in  1.527 seconds
Domain Reload Profiling:
	ReloadAssembly (1527ms)
		BeginReloadAssembly (151ms)
			ExecutionOrderSort (0ms)
			DisableScriptedObjects (5ms)
			BackupInstance (0ms)
			ReleaseScriptingObjects (0ms)
			CreateAndSetChildDomain (60ms)
		EndReloadAssembly (1309ms)
			LoadAssemblies (89ms)
			RebuildTransferFunctionScriptingTraits (0ms)
			SetupTypeCache (260ms)
			ReleaseScriptCaches (3ms)
			RebuildScriptCaches (88ms)
			SetupLoadedEditorAssemblies (832ms)
				LogAssemblyErrors (0ms)
				InitializePlatformSupportModulesInManaged (22ms)
				SetLoadedEditorAssemblies (0ms)
				RefreshPlugins (2ms)
				BeforeProcessingInitializeOnLoad (111ms)
				ProcessInitializeOnLoadAttributes (574ms)
				ProcessInitializeOnLoadMethodAttributes (118ms)
				AfterProcessingInitializeOnLoad (5ms)
				EditorAssembliesLoaded (0ms)
			ExecutionOrderSort2 (0ms)
			AwakeInstancesAfterBackupRestoration (10ms)
Platform modules already initialized, skipping
Shader 'MoreMountains/MMRipple': fallback shader 'Particle/AlphaBlended' not found
Refreshing native plugins compatible for Editor in 10.51 ms, found 3 plugins.
Preloading 0 native plugins for Editor in 0.00 ms.
Unloading 6329 Unused Serialized files (Serialized files now loaded: 0)
Unloading 87 unused Assets / (2.0 MB). Loaded Objects now: 7078.
Memory consumption went from 345.3 MB to 343.2 MB.
Total: 7.645400 ms (FindLiveObjects: 0.520500 ms CreateObjectMapping: 0.199000 ms MarkObjects: 6.432400 ms  DeleteObjects: 0.492600 ms)

AssetImportParameters requested are different than current active one (requested -> active):
  custom:video-decoder-ogg-theora: a1e56fd34408186e4bbccfd4996cb3dc -> 
  custom:container-muxer-webm: aa71ff27fc2769a1b78a27578f13a17b -> 
  custom:container-demuxer-webm: 4f35f7cbe854078d1ac9338744f61a02 -> 
  custom:video-encoder-webm-vp8: eb34c28f22e8b96e1ab97ce403110664 -> 
  custom:CustomObjectIndexerAttribute: f67f22312cbe972f2da930a377ed3d15 -> 
  custom:audio-encoder-webm-vorbis: bf7c407c2cedff20999df2af8eb42d56 -> 
  custom:framework-win-MediaFoundation: 216162199b28c13a410421893ffa2e32 -> 
  custom:SearchIndexIgnoredProperties: e643bd26f0fe6173181afceb89e7c659 -> 
  custom:container-demuxer-ogg: 62fdf1f143b41e24485cea50d1cbac27 -> 
  custom:video-decoder-webm-vp8: 9c59270c3fd7afecdb556c50c9e8de78 -> 
  custom:audio-decoder-ogg-vorbis: bf7c407c2cedff20999df2af8eb42d56 -> 
========================================================================
Received Prepare
Registering precompiled user dll's ...
Registered in 0.003770 seconds.
Begin MonoManager ReloadAssembly
Symbol file LoadedFromMemory is not a mono symbol file
Native extension for WindowsStandalone target not found
Native extension for iOS target not found
Native extension for Android target not found
Refreshing native plugins compatible for Editor in 1.56 ms, found 3 plugins.
Preloading 0 native plugins for Editor in 0.00 ms.
[Package Manager] Server::EnsureServerProcessIsRunning -- launch failed, reason: Unity was launched with the -noUpm command-line argument
[Package Manager] Cannot connect to Unity Package Manager local server
Mono: successfully reloaded assembly
- Completed reload, in  1.510 seconds
Domain Reload Profiling:
	ReloadAssembly (1511ms)
		BeginReloadAssembly (133ms)
			ExecutionOrderSort (0ms)
			DisableScriptedObjects (5ms)
			BackupInstance (0ms)
			ReleaseScriptingObjects (0ms)
			CreateAndSetChildDomain (44ms)
		EndReloadAssembly (1304ms)
			LoadAssemblies (84ms)
			RebuildTransferFunctionScriptingTraits (0ms)
			SetupTypeCache (252ms)
			ReleaseScriptCaches (3ms)
			RebuildScriptCaches (95ms)
			SetupLoadedEditorAssemblies (827ms)
				LogAssemblyErrors (0ms)
				InitializePlatformSupportModulesInManaged (22ms)
				SetLoadedEditorAssemblies (0ms)
				RefreshPlugins (2ms)
				BeforeProcessingInitializeOnLoad (96ms)
				ProcessInitializeOnLoadAttributes (577ms)
				ProcessInitializeOnLoadMethodAttributes (124ms)
				AfterProcessingInitializeOnLoad (5ms)
				EditorAssembliesLoaded (0ms)
			ExecutionOrderSort2 (0ms)
			AwakeInstancesAfterBackupRestoration (9ms)
Platform modules already initialized, skipping
Shader 'MoreMountains/MMRipple': fallback shader 'Particle/AlphaBlended' not found
Refreshing native plugins compatible for Editor in 1.61 ms, found 3 plugins.
Preloading 0 native plugins for Editor in 0.00 ms.
Unloading 6329 Unused Serialized files (Serialized files now loaded: 0)
Unloading 87 unused Assets / (2.0 MB). Loaded Objects now: 7081.
Memory consumption went from 345.3 MB to 343.2 MB.
Total: 5.406100 ms (FindLiveObjects: 0.374700 ms CreateObjectMapping: 0.169300 ms MarkObjects: 4.404700 ms  DeleteObjects: 0.456800 ms)

AssetImportParameters requested are different than current active one (requested -> active):
  custom:video-decoder-ogg-theora: a1e56fd34408186e4bbccfd4996cb3dc -> 
  custom:container-muxer-webm: aa71ff27fc2769a1b78a27578f13a17b -> 
  custom:container-demuxer-webm: 4f35f7cbe854078d1ac9338744f61a02 -> 
  custom:video-encoder-webm-vp8: eb34c28f22e8b96e1ab97ce403110664 -> 
  custom:CustomObjectIndexerAttribute: f67f22312cbe972f2da930a377ed3d15 -> 
  custom:audio-encoder-webm-vorbis: bf7c407c2cedff20999df2af8eb42d56 -> 
  custom:framework-win-MediaFoundation: 216162199b28c13a410421893ffa2e32 -> 
  custom:SearchIndexIgnoredProperties: e643bd26f0fe6173181afceb89e7c659 -> 
  custom:container-demuxer-ogg: 62fdf1f143b41e24485cea50d1cbac27 -> 
  custom:video-decoder-webm-vp8: 9c59270c3fd7afecdb556c50c9e8de78 -> 
  custom:audio-decoder-ogg-vorbis: bf7c407c2cedff20999df2af8eb42d56 -> 
========================================================================
Received Import Request.
  Time since last request: 533.334004 seconds.
  path: Assets/07_GameData/Gods/Aphrodite/Aphrodite.asset
  artifactKey: Guid(3f7839629d8e8484bba66b70ce48c5b8) Importer(815301076,1909f56bfc062723c751e8b465ee728b)
Number of updated assets reloaded before import = 0
Start importing Assets/07_GameData/Gods/Aphrodite/Aphrodite.asset using Guid(3f7839629d8e8484bba66b70ce48c5b8) Importer(815301076,1909f56bfc062723c751e8b465ee728b)  -> (artifact id: 'ab7352f66f1ddee3959f34635b47b225') in 0.046129 seconds 
Number of asset objects unloaded after import = 5
========================================================================
Received Prepare
Registering precompiled user dll's ...
Registered in 0.004537 seconds.
Begin MonoManager ReloadAssembly
Symbol file LoadedFromMemory is not a mono symbol file
Native extension for WindowsStandalone target not found
Native extension for iOS target not found
Native extension for Android target not found
Refreshing native plugins compatible for Editor in 1.53 ms, found 3 plugins.
Preloading 0 native plugins for Editor in 0.00 ms.
[Package Manager] Server::EnsureServerProcessIsRunning -- launch failed, reason: Unity was launched with the -noUpm command-line argument
[Package Manager] Cannot connect to Unity Package Manager local server
Mono: successfully reloaded assembly
- Completed reload, in  1.782 seconds
Domain Reload Profiling:
	ReloadAssembly (1783ms)
		BeginReloadAssembly (200ms)
			ExecutionOrderSort (0ms)
			DisableScriptedObjects (5ms)
			BackupInstance (0ms)
			ReleaseScriptingObjects (0ms)
			CreateAndSetChildDomain (44ms)
		EndReloadAssembly (1497ms)
			LoadAssemblies (150ms)
			RebuildTransferFunctionScriptingTraits (0ms)
			SetupTypeCache (479ms)
			ReleaseScriptCaches (3ms)
			RebuildScriptCaches (80ms)
			SetupLoadedEditorAssemblies (814ms)
				LogAssemblyErrors (0ms)
				InitializePlatformSupportModulesInManaged (21ms)
				SetLoadedEditorAssemblies (0ms)
				RefreshPlugins (2ms)
				BeforeProcessingInitializeOnLoad (97ms)
				ProcessInitializeOnLoadAttributes (570ms)
				ProcessInitializeOnLoadMethodAttributes (119ms)
				AfterProcessingInitializeOnLoad (4ms)
				EditorAssembliesLoaded (0ms)
			ExecutionOrderSort2 (0ms)
			AwakeInstancesAfterBackupRestoration (9ms)
Platform modules already initialized, skipping
Shader 'MoreMountains/MMRipple': fallback shader 'Particle/AlphaBlended' not found
Refreshing native plugins compatible for Editor in 1.65 ms, found 3 plugins.
Preloading 0 native plugins for Editor in 0.00 ms.
Unloading 6330 Unused Serialized files (Serialized files now loaded: 0)
Unloading 87 unused Assets / (2.0 MB). Loaded Objects now: 7085.
Memory consumption went from 345.3 MB to 343.3 MB.
Total: 7.445700 ms (FindLiveObjects: 0.484700 ms CreateObjectMapping: 0.179500 ms MarkObjects: 6.294300 ms  DeleteObjects: 0.486500 ms)

AssetImportParameters requested are different than current active one (requested -> active):
  custom:video-decoder-ogg-theora: a1e56fd34408186e4bbccfd4996cb3dc -> 
  custom:container-muxer-webm: aa71ff27fc2769a1b78a27578f13a17b -> 
  custom:container-demuxer-webm: 4f35f7cbe854078d1ac9338744f61a02 -> 
  custom:video-encoder-webm-vp8: eb34c28f22e8b96e1ab97ce403110664 -> 
  custom:CustomObjectIndexerAttribute: f67f22312cbe972f2da930a377ed3d15 -> 
  custom:audio-encoder-webm-vorbis: bf7c407c2cedff20999df2af8eb42d56 -> 
  custom:framework-win-MediaFoundation: 216162199b28c13a410421893ffa2e32 -> 
  custom:SearchIndexIgnoredProperties: e643bd26f0fe6173181afceb89e7c659 -> 
  custom:container-demuxer-ogg: 62fdf1f143b41e24485cea50d1cbac27 -> 
  custom:video-decoder-webm-vp8: 9c59270c3fd7afecdb556c50c9e8de78 -> 
  custom:audio-decoder-ogg-vorbis: bf7c407c2cedff20999df2af8eb42d56 -> 
========================================================================
Received Import Request.
  Time since last request: 2009.482627 seconds.
  path: Assets/07_GameData/Gods/Aphrodite/AphroditeSpriteSet.asset
  artifactKey: Guid(fa2ded2527a1023408ee249cb4c42608) Importer(815301076,1909f56bfc062723c751e8b465ee728b)
Number of updated assets reloaded before import = 0
Start importing Assets/07_GameData/Gods/Aphrodite/AphroditeSpriteSet.asset using Guid(fa2ded2527a1023408ee249cb4c42608) Importer(815301076,1909f56bfc062723c751e8b465ee728b)  -> (artifact id: 'fb886d920a5f9fe057baa6149cad709b') in 0.031050 seconds 
Number of asset objects unloaded after import = 1
========================================================================
Received Import Request.
  Time since last request: 3.662441 seconds.
  path: Assets/07_GameData/Gods/Apollo/ApolloSpriteSet.asset
  artifactKey: Guid(06ce882baaf207c4d9a7c6a8594b279f) Importer(815301076,1909f56bfc062723c751e8b465ee728b)
Number of updated assets reloaded before import = 0
Start importing Assets/07_GameData/Gods/Apollo/ApolloSpriteSet.asset using Guid(06ce882baaf207c4d9a7c6a8594b279f) Importer(815301076,1909f56bfc062723c751e8b465ee728b)  -> (artifact id: '006f93fe9287b605c09c89e80950a576') in 0.029681 seconds 
Number of asset objects unloaded after import = 6
========================================================================
Received Import Request.
  Time since last request: 2.177509 seconds.
  path: Assets/07_GameData/Gods/Artemis/ArtemisSpriteSet.asset
  artifactKey: Guid(10d410a87d5914744ba7e38d6b39d7ff) Importer(815301076,1909f56bfc062723c751e8b465ee728b)
Number of updated assets reloaded before import = 0
Start importing Assets/07_GameData/Gods/Artemis/ArtemisSpriteSet.asset using Guid(10d410a87d5914744ba7e38d6b39d7ff) Importer(815301076,1909f56bfc062723c751e8b465ee728b)  -> (artifact id: 'ad1192d2df86426d9bcf41cf044e6910') in 0.023514 seconds 
Number of asset objects unloaded after import = 6
========================================================================
Received Import Request.
  Time since last request: 1.535004 seconds.
  path: Assets/07_GameData/Gods/Apollo/Apollo.asset
  artifactKey: Guid(091969163a879f24d807c5d7fc4b22aa) Importer(815301076,1909f56bfc062723c751e8b465ee728b)
Number of updated assets reloaded before import = 0
Start importing Assets/07_GameData/Gods/Apollo/Apollo.asset using Guid(091969163a879f24d807c5d7fc4b22aa) Importer(815301076,1909f56bfc062723c751e8b465ee728b)  -> (artifact id: '338c5c44d37a6ff5b9c31fd8f8fbd96f') in 0.022171 seconds 
Number of asset objects unloaded after import = 10
========================================================================
Received Prepare
Registering precompiled user dll's ...
Registered in 0.004207 seconds.
Begin MonoManager ReloadAssembly
Symbol file LoadedFromMemory is not a mono symbol file
Native extension for WindowsStandalone target not found
Native extension for iOS target not found
Native extension for Android target not found
Refreshing native plugins compatible for Editor in 1.53 ms, found 3 plugins.
Preloading 0 native plugins for Editor in 0.00 ms.
[Package Manager] Server::EnsureServerProcessIsRunning -- launch failed, reason: Unity was launched with the -noUpm command-line argument
[Package Manager] Cannot connect to Unity Package Manager local server
Mono: successfully reloaded assembly
- Completed reload, in  1.499 seconds
Domain Reload Profiling:
	ReloadAssembly (1499ms)
		BeginReloadAssembly (136ms)
			ExecutionOrderSort (0ms)
			DisableScriptedObjects (5ms)
			BackupInstance (0ms)
			ReleaseScriptingObjects (0ms)
			CreateAndSetChildDomain (46ms)
		EndReloadAssembly (1288ms)
			LoadAssemblies (86ms)
			RebuildTransferFunctionScriptingTraits (0ms)
			SetupTypeCache (238ms)
			ReleaseScriptCaches (3ms)
			RebuildScriptCaches (81ms)
			SetupLoadedEditorAssemblies (838ms)
				LogAssemblyErrors (0ms)
				InitializePlatformSupportModulesInManaged (23ms)
				SetLoadedEditorAssemblies (0ms)
				RefreshPlugins (2ms)
				BeforeProcessingInitializeOnLoad (99ms)
				ProcessInitializeOnLoadAttributes (579ms)
				ProcessInitializeOnLoadMethodAttributes (130ms)
				AfterProcessingInitializeOnLoad (4ms)
				EditorAssembliesLoaded (0ms)
			ExecutionOrderSort2 (0ms)
			AwakeInstancesAfterBackupRestoration (11ms)
Platform modules already initialized, skipping
Shader 'MoreMountains/MMRipple': fallback shader 'Particle/AlphaBlended' not found
Refreshing native plugins compatible for Editor in 1.90 ms, found 3 plugins.
Preloading 0 native plugins for Editor in 0.00 ms.
Unloading 6330 Unused Serialized files (Serialized files now loaded: 0)
Unloading 87 unused Assets / (2.0 MB). Loaded Objects now: 7088.
Memory consumption went from 345.3 MB to 343.3 MB.
Total: 6.214200 ms (FindLiveObjects: 0.383100 ms CreateObjectMapping: 0.164400 ms MarkObjects: 5.185200 ms  DeleteObjects: 0.480200 ms)

AssetImportParameters requested are different than current active one (requested -> active):
  custom:video-decoder-ogg-theora: a1e56fd34408186e4bbccfd4996cb3dc -> 
  custom:container-muxer-webm: aa71ff27fc2769a1b78a27578f13a17b -> 
  custom:container-demuxer-webm: 4f35f7cbe854078d1ac9338744f61a02 -> 
  custom:video-encoder-webm-vp8: eb34c28f22e8b96e1ab97ce403110664 -> 
  custom:CustomObjectIndexerAttribute: f67f22312cbe972f2da930a377ed3d15 -> 
  custom:audio-encoder-webm-vorbis: bf7c407c2cedff20999df2af8eb42d56 -> 
  custom:framework-win-MediaFoundation: 216162199b28c13a410421893ffa2e32 -> 
  custom:SearchIndexIgnoredProperties: e643bd26f0fe6173181afceb89e7c659 -> 
  custom:container-demuxer-ogg: 62fdf1f143b41e24485cea50d1cbac27 -> 
  custom:video-decoder-webm-vp8: 9c59270c3fd7afecdb556c50c9e8de78 -> 
  custom:audio-decoder-ogg-vorbis: bf7c407c2cedff20999df2af8eb42d56 -> 
========================================================================
Received Import Request.
  Time since last request: 28.661260 seconds.
  path: Assets/07_GameData/Gods/Artemis/Artemis.asset
  artifactKey: Guid(55ef559ac2812b5408a6565e5ac73008) Importer(815301076,1909f56bfc062723c751e8b465ee728b)
Number of updated assets reloaded before import = 0
Start importing Assets/07_GameData/Gods/Artemis/Artemis.asset using Guid(55ef559ac2812b5408a6565e5ac73008) Importer(815301076,1909f56bfc062723c751e8b465ee728b)  -> (artifact id: 'd920594bd7cf4fd5fdded445102cd694') in 0.045165 seconds 
Number of asset objects unloaded after import = 10
========================================================================
Received Prepare
Registering precompiled user dll's ...
Registered in 0.004619 seconds.
Begin MonoManager ReloadAssembly
Symbol file LoadedFromMemory is not a mono symbol file
Native extension for WindowsStandalone target not found
Native extension for iOS target not found
Native extension for Android target not found
Refreshing native plugins compatible for Editor in 1.33 ms, found 3 plugins.
Preloading 0 native plugins for Editor in 0.00 ms.
[Package Manager] Server::EnsureServerProcessIsRunning -- launch failed, reason: Unity was launched with the -noUpm command-line argument
[Package Manager] Cannot connect to Unity Package Manager local server
Mono: successfully reloaded assembly
- Completed reload, in  1.449 seconds
Domain Reload Profiling:
	ReloadAssembly (1449ms)
		BeginReloadAssembly (131ms)
			ExecutionOrderSort (0ms)
			DisableScriptedObjects (5ms)
			BackupInstance (0ms)
			ReleaseScriptingObjects (0ms)
			CreateAndSetChildDomain (41ms)
		EndReloadAssembly (1252ms)
			LoadAssemblies (81ms)
			RebuildTransferFunctionScriptingTraits (0ms)
			SetupTypeCache (237ms)
			ReleaseScriptCaches (3ms)
			RebuildScriptCaches (79ms)
			SetupLoadedEditorAssemblies (815ms)
				LogAssemblyErrors (0ms)
				InitializePlatformSupportModulesInManaged (20ms)
				SetLoadedEditorAssemblies (0ms)
				RefreshPlugins (1ms)
				BeforeProcessingInitializeOnLoad (97ms)
				ProcessInitializeOnLoadAttributes (576ms)
				ProcessInitializeOnLoadMethodAttributes (116ms)
				AfterProcessingInitializeOnLoad (5ms)
				EditorAssembliesLoaded (0ms)
			ExecutionOrderSort2 (0ms)
			AwakeInstancesAfterBackupRestoration (9ms)
Platform modules already initialized, skipping
Shader 'MoreMountains/MMRipple': fallback shader 'Particle/AlphaBlended' not found
Refreshing native plugins compatible for Editor in 1.65 ms, found 3 plugins.
Preloading 0 native plugins for Editor in 0.00 ms.
Unloading 6330 Unused Serialized files (Serialized files now loaded: 0)
Unloading 87 unused Assets / (2.0 MB). Loaded Objects now: 7091.
Memory consumption went from 345.4 MB to 343.3 MB.
Total: 6.978700 ms (FindLiveObjects: 0.410000 ms CreateObjectMapping: 0.322000 ms MarkObjects: 5.760300 ms  DeleteObjects: 0.485500 ms)

AssetImportParameters requested are different than current active one (requested -> active):
  custom:video-decoder-ogg-theora: a1e56fd34408186e4bbccfd4996cb3dc -> 
  custom:container-muxer-webm: aa71ff27fc2769a1b78a27578f13a17b -> 
  custom:container-demuxer-webm: 4f35f7cbe854078d1ac9338744f61a02 -> 
  custom:video-encoder-webm-vp8: eb34c28f22e8b96e1ab97ce403110664 -> 
  custom:CustomObjectIndexerAttribute: f67f22312cbe972f2da930a377ed3d15 -> 
  custom:audio-encoder-webm-vorbis: bf7c407c2cedff20999df2af8eb42d56 -> 
  custom:framework-win-MediaFoundation: 216162199b28c13a410421893ffa2e32 -> 
  custom:SearchIndexIgnoredProperties: e643bd26f0fe6173181afceb89e7c659 -> 
  custom:container-demuxer-ogg: 62fdf1f143b41e24485cea50d1cbac27 -> 
  custom:video-decoder-webm-vp8: 9c59270c3fd7afecdb556c50c9e8de78 -> 
  custom:audio-decoder-ogg-vorbis: bf7c407c2cedff20999df2af8eb42d56 -> 
========================================================================
Received Prepare
Registering precompiled user dll's ...
Registered in 0.004613 seconds.
Begin MonoManager ReloadAssembly
Symbol file LoadedFromMemory is not a mono symbol file
Native extension for WindowsStandalone target not found
Native extension for iOS target not found
Native extension for Android target not found
Refreshing native plugins compatible for Editor in 1.41 ms, found 3 plugins.
Preloading 0 native plugins for Editor in 0.00 ms.
[Package Manager] Server::EnsureServerProcessIsRunning -- launch failed, reason: Unity was launched with the -noUpm command-line argument
[Package Manager] Cannot connect to Unity Package Manager local server
Mono: successfully reloaded assembly
- Completed reload, in  1.525 seconds
Domain Reload Profiling:
	ReloadAssembly (1526ms)
		BeginReloadAssembly (145ms)
			ExecutionOrderSort (0ms)
			DisableScriptedObjects (5ms)
			BackupInstance (0ms)
			ReleaseScriptingObjects (0ms)
			CreateAndSetChildDomain (47ms)
		EndReloadAssembly (1311ms)
			LoadAssemblies (88ms)
			RebuildTransferFunctionScriptingTraits (0ms)
			SetupTypeCache (251ms)
			ReleaseScriptCaches (3ms)
			RebuildScriptCaches (104ms)
			SetupLoadedEditorAssemblies (834ms)
				LogAssemblyErrors (0ms)
				InitializePlatformSupportModulesInManaged (20ms)
				SetLoadedEditorAssemblies (0ms)
				RefreshPlugins (1ms)
				BeforeProcessingInitializeOnLoad (113ms)
				ProcessInitializeOnLoadAttributes (575ms)
				ProcessInitializeOnLoadMethodAttributes (119ms)
				AfterProcessingInitializeOnLoad (4ms)
				EditorAssembliesLoaded (0ms)
			ExecutionOrderSort2 (0ms)
			AwakeInstancesAfterBackupRestoration (9ms)
Platform modules already initialized, skipping
Shader 'MoreMountains/MMRipple': fallback shader 'Particle/AlphaBlended' not found
Refreshing native plugins compatible for Editor in 2.46 ms, found 3 plugins.
Preloading 0 native plugins for Editor in 0.00 ms.
Unloading 6330 Unused Serialized files (Serialized files now loaded: 0)
Unloading 87 unused Assets / (2.0 MB). Loaded Objects now: 7094.
Memory consumption went from 345.3 MB to 343.3 MB.
Total: 9.442000 ms (FindLiveObjects: 0.471200 ms CreateObjectMapping: 0.167000 ms MarkObjects: 8.006100 ms  DeleteObjects: 0.796800 ms)

AssetImportParameters requested are different than current active one (requested -> active):
  custom:video-decoder-ogg-theora: a1e56fd34408186e4bbccfd4996cb3dc -> 
  custom:container-muxer-webm: aa71ff27fc2769a1b78a27578f13a17b -> 
  custom:container-demuxer-webm: 4f35f7cbe854078d1ac9338744f61a02 -> 
  custom:video-encoder-webm-vp8: eb34c28f22e8b96e1ab97ce403110664 -> 
  custom:CustomObjectIndexerAttribute: f67f22312cbe972f2da930a377ed3d15 -> 
  custom:audio-encoder-webm-vorbis: bf7c407c2cedff20999df2af8eb42d56 -> 
  custom:framework-win-MediaFoundation: 216162199b28c13a410421893ffa2e32 -> 
  custom:SearchIndexIgnoredProperties: e643bd26f0fe6173181afceb89e7c659 -> 
  custom:container-demuxer-ogg: 62fdf1f143b41e24485cea50d1cbac27 -> 
  custom:video-decoder-webm-vp8: 9c59270c3fd7afecdb556c50c9e8de78 -> 
  custom:audio-decoder-ogg-vorbis: bf7c407c2cedff20999df2af8eb42d56 -> 
========================================================================
Received Import Request.
  Time since last request: 5091.180197 seconds.
  path: Assets/Feel/FeelDemos/Letters/Sprites/FeelLettersDemoDustParticles.png
  artifactKey: Guid(71f805173b14765458dfbb504230c671) Importer(815301076,1909f56bfc062723c751e8b465ee728b)
Number of updated assets reloaded before import = 0
Start importing Assets/Feel/FeelDemos/Letters/Sprites/FeelLettersDemoDustParticles.png using Guid(71f805173b14765458dfbb504230c671) Importer(815301076,1909f56bfc062723c751e8b465ee728b)  -> (artifact id: '8b99982609b1fc81187958aaba40bd7b') in 0.140121 seconds 
Number of asset objects unloaded after import = 3
========================================================================
Received Import Request.
  Time since last request: 0.000018 seconds.
  path: Assets/04_Textures/EncounterArea/startNode.psd
  artifactKey: Guid(0255d16275a580a43b949a6d291542cb) Importer(815301076,1909f56bfc062723c751e8b465ee728b)
Number of updated assets reloaded before import = 0
Start importing Assets/04_Textures/EncounterArea/startNode.psd using Guid(0255d16275a580a43b949a6d291542cb) Importer(815301076,1909f56bfc062723c751e8b465ee728b)  -> (artifact id: 'f4181be03abe88b018e975ce1433dab0') in 0.021273 seconds 
Number of asset objects unloaded after import = 3
========================================================================
Received Import Request.
  Time since last request: 80.871802 seconds.
  path: Assets/07_GameData/Gods/Athena/AthenaSpriteSet.asset
  artifactKey: Guid(35cb0a4b70657ab428b451b50419f8fd) Importer(815301076,1909f56bfc062723c751e8b465ee728b)
Number of updated assets reloaded before import = 0
Start importing Assets/07_GameData/Gods/Athena/AthenaSpriteSet.asset using Guid(35cb0a4b70657ab428b451b50419f8fd) Importer(815301076,1909f56bfc062723c751e8b465ee728b)  -> (artifact id: '548af85d6b497d2f05cb5f46f759f22f') in 0.010733 seconds 
Number of asset objects unloaded after import = 1
========================================================================
Received Import Request.
  Time since last request: 1.056233 seconds.
  path: Assets/07_GameData/Gods/Athena/Athena.asset
  artifactKey: Guid(c174ae32f88d7b84fb8bb4d8b2b019df) Importer(815301076,1909f56bfc062723c751e8b465ee728b)
Number of updated assets reloaded before import = 0
Start importing Assets/07_GameData/Gods/Athena/Athena.asset using Guid(c174ae32f88d7b84fb8bb4d8b2b019df) Importer(815301076,1909f56bfc062723c751e8b465ee728b)  -> (artifact id: 'ec8748a3846e69c5bbebc9c4e69ccabb') in 0.019017 seconds 
Number of asset objects unloaded after import = 5
========================================================================
Received Import Request.
  Time since last request: 9.204890 seconds.
  path: Assets/Feel/FeelDemos/Letters/Sprites/FeelLettersDemoSpark.png
  artifactKey: Guid(544caa0353497f24faed28c569d18fe4) Importer(815301076,1909f56bfc062723c751e8b465ee728b)
Number of updated assets reloaded before import = 0
Start importing Assets/Feel/FeelDemos/Letters/Sprites/FeelLettersDemoSpark.png using Guid(544caa0353497f24faed28c569d18fe4) Importer(815301076,1909f56bfc062723c751e8b465ee728b)  -> (artifact id: 'cf5df0e3dd6d8af044b290c08c1543f0') in 0.043642 seconds 
Number of asset objects unloaded after import = 3
========================================================================
Received Import Request.
  Time since last request: 0.000023 seconds.
  path: Assets/Plugins/Editor/JetBrains.RiderFlow/InstallationData/Resources/FindUsages/find_usages_grouping_dark.png
  artifactKey: Guid(820fb22bdc844fafb9afeac72391f92f) Importer(815301076,1909f56bfc062723c751e8b465ee728b)
Number of updated assets reloaded before import = 0
Start importing Assets/Plugins/Editor/JetBrains.RiderFlow/InstallationData/Resources/FindUsages/find_usages_grouping_dark.png using Guid(820fb22bdc844fafb9afeac72391f92f) Importer(815301076,1909f56bfc062723c751e8b465ee728b)  -> (artifact id: 'f7c1f72596585c0031fdf7f5bac1a97d') in 0.027064 seconds 
Number of asset objects unloaded after import = 3
========================================================================
Received Import Request.
  Time since last request: 0.000024 seconds.
  path: Assets/04_Textures/Grid/FieldGreenDark.psd
  artifactKey: Guid(3985e3d6991c12c4f84cbc33b2ed9f84) Importer(815301076,1909f56bfc062723c751e8b465ee728b)
Number of updated assets reloaded before import = 0
Start importing Assets/04_Textures/Grid/FieldGreenDark.psd using Guid(3985e3d6991c12c4f84cbc33b2ed9f84) Importer(815301076,1909f56bfc062723c751e8b465ee728b)  -> (artifact id: 'd2988f8fe2bb07177389f77afe8a88f2') in 0.030668 seconds 
Number of asset objects unloaded after import = 3
========================================================================
Received Import Request.
  Time since last request: 0.000017 seconds.
  path: Assets/04_Textures/Grid/FieldRedDark.psd
  artifactKey: Guid(8f2f6bd7f9f410e408f0c708609f8ec2) Importer(815301076,1909f56bfc062723c751e8b465ee728b)
Number of updated assets reloaded before import = 0
Start importing Assets/04_Textures/Grid/FieldRedDark.psd using Guid(8f2f6bd7f9f410e408f0c708609f8ec2) Importer(815301076,1909f56bfc062723c751e8b465ee728b)  -> (artifact id: '39efc704ece4e3617207e699f9e10a86') in 0.025658 seconds 
Number of asset objects unloaded after import = 4
========================================================================
Received Import Request.
  Time since last request: 0.000014 seconds.
  path: Assets/Feel/FeelDemosURP/Strike/Textures/FeelStrikeArrow.png
  artifactKey: Guid(4ca9e709a65faf543a1b376009b64e12) Importer(815301076,1909f56bfc062723c751e8b465ee728b)
Number of updated assets reloaded before import = 0
Start importing Assets/Feel/FeelDemosURP/Strike/Textures/FeelStrikeArrow.png using Guid(4ca9e709a65faf543a1b376009b64e12) Importer(815301076,1909f56bfc062723c751e8b465ee728b)  -> (artifact id: '3e9b1b381a3a8f123bc0e85a42940774') in 0.051907 seconds 
Number of asset objects unloaded after import = 4
========================================================================
Received Import Request.
  Time since last request: 0.000020 seconds.
  path: Assets/04_Textures/Grid/FieldBlueDark - Kopie.psd
  artifactKey: Guid(b924277cc099250469c218eeeeb17ba4) Importer(815301076,1909f56bfc062723c751e8b465ee728b)
Number of updated assets reloaded before import = 0
Start importing Assets/04_Textures/Grid/FieldBlueDark - Kopie.psd using Guid(b924277cc099250469c218eeeeb17ba4) Importer(815301076,1909f56bfc062723c751e8b465ee728b)  -> (artifact id: '781f653d533a2d48333cd3a4b03e8f3c') in 0.027485 seconds 
Number of asset objects unloaded after import = 4
========================================================================
Received Import Request.
  Time since last request: 3.298533 seconds.
  path: Assets/04_Textures/NewUI/LvlUpScreen/Polygon 2.png
  artifactKey: Guid(ace712a78f3c16e4ab2fce07ef445863) Importer(815301076,1909f56bfc062723c751e8b465ee728b)
Number of updated assets reloaded before import = 0
Start importing Assets/04_Textures/NewUI/LvlUpScreen/Polygon 2.png using Guid(ace712a78f3c16e4ab2fce07ef445863) Importer(815301076,1909f56bfc062723c751e8b465ee728b)  -> (artifact id: 'ee4586bea805cdee6a37933385b2c29c') in 0.024536 seconds 
Number of asset objects unloaded after import = 4
========================================================================
Received Import Request.
  Time since last request: 0.000015 seconds.
  path: Assets/04_Textures/Characters/Dragon/Zombie-Skeletal dragon portrait polished.png
  artifactKey: Guid(8d62120158976834bb3ed70a54b42801) Importer(815301076,1909f56bfc062723c751e8b465ee728b)
Number of updated assets reloaded before import = 0
Start importing Assets/04_Textures/Characters/Dragon/Zombie-Skeletal dragon portrait polished.png using Guid(8d62120158976834bb3ed70a54b42801) Importer(815301076,1909f56bfc062723c751e8b465ee728b)  -> (artifact id: '556fb253c9b0333fbae72a41380a0119') in 0.242992 seconds 
Number of asset objects unloaded after import = 4
========================================================================
Received Import Request.
  Time since last request: 8.631160 seconds.
  path: Assets/04_Textures/Icons/Unused/green/g_19.PNG
  artifactKey: Guid(97f71768952a8924ba74b6c205937d6b) Importer(815301076,1909f56bfc062723c751e8b465ee728b)
Number of updated assets reloaded before import = 0
Start importing Assets/04_Textures/Icons/Unused/green/g_19.PNG using Guid(97f71768952a8924ba74b6c205937d6b) Importer(815301076,1909f56bfc062723c751e8b465ee728b)  -> (artifact id: '9a94db60ff9e2f99572d193e381345a4') in 0.035634 seconds 
Number of asset objects unloaded after import = 4
========================================================================
Received Import Request.
  Time since last request: 0.000012 seconds.
  path: Assets/04_Textures/Icons/Unused/green/g_23.png
  artifactKey: Guid(541126a08ce2ca04ba3210e79a41f9f0) Importer(815301076,1909f56bfc062723c751e8b465ee728b)
Number of updated assets reloaded before import = 0
Start importing Assets/04_Textures/Icons/Unused/green/g_23.png using Guid(541126a08ce2ca04ba3210e79a41f9f0) Importer(815301076,1909f56bfc062723c751e8b465ee728b)  -> (artifact id: '63e2d398d77bf85fdc1e1237393413ae') in 0.032643 seconds 
Number of asset objects unloaded after import = 4
========================================================================
Received Import Request.
  Time since last request: 0.000013 seconds.
  path: Assets/04_Textures/Icons/Unused/green/g_26.png
  artifactKey: Guid(09f799a41a3981a4e90a07c76034754f) Importer(815301076,1909f56bfc062723c751e8b465ee728b)
Number of updated assets reloaded before import = 0
Start importing Assets/04_Textures/Icons/Unused/green/g_26.png using Guid(09f799a41a3981a4e90a07c76034754f) Importer(815301076,1909f56bfc062723c751e8b465ee728b)  -> (artifact id: '8112c2b58d623b8439053bcc4241f505') in 0.031517 seconds 
Number of asset objects unloaded after import = 4
========================================================================
Received Import Request.
  Time since last request: 2.269734 seconds.
  path: Assets/04_Textures/Icons/Skills/skill_buffadjacentAttack.PNG
  artifactKey: Guid(4633f2461d99e1c49bd789087fd69b76) Importer(815301076,1909f56bfc062723c751e8b465ee728b)
Number of updated assets reloaded before import = 0
Start importing Assets/04_Textures/Icons/Skills/skill_buffadjacentAttack.PNG using Guid(4633f2461d99e1c49bd789087fd69b76) Importer(815301076,1909f56bfc062723c751e8b465ee728b)  -> (artifact id: 'edb4a42afc69bde12df768ea1f86e512') in 0.037663 seconds 
Number of asset objects unloaded after import = 4
========================================================================
Received Import Request.
  Time since last request: 33.627514 seconds.
  path: Assets/07_GameData/Gods/Hermes/Hermes.asset
  artifactKey: Guid(46217dc482751654798a36d4216df51a) Importer(815301076,1909f56bfc062723c751e8b465ee728b)
Number of updated assets reloaded before import = 0
Start importing Assets/07_GameData/Gods/Hermes/Hermes.asset using Guid(46217dc482751654798a36d4216df51a) Importer(815301076,1909f56bfc062723c751e8b465ee728b)  -> (artifact id: 'de89fd1279984742e17adab2ea63b021') in 0.035221 seconds 
Number of asset objects unloaded after import = 11
========================================================================
Received Import Request.
  Time since last request: 47.099479 seconds.
  path: Assets/Plugins/Editor/JetBrains.RiderFlow/InstallationData/Resources/SearchEverywhereNew/search_everywhere_browser.png
  artifactKey: Guid(cf036419562448c8882a7ebb12a9d301) Importer(815301076,1909f56bfc062723c751e8b465ee728b)
Number of updated assets reloaded before import = 0
Start importing Assets/Plugins/Editor/JetBrains.RiderFlow/InstallationData/Resources/SearchEverywhereNew/search_everywhere_browser.png using Guid(cf036419562448c8882a7ebb12a9d301) Importer(815301076,1909f56bfc062723c751e8b465ee728b)  -> (artifact id: 'ea277ffb2365777b9b3cf5a6064291bc') in 0.022806 seconds 
Number of asset objects unloaded after import = 4
========================================================================
Received Import Request.
  Time since last request: 0.000015 seconds.
  path: Assets/Plugins/Editor/JetBrains.RiderFlow/InstallationData/Resources/SearchEverywhereNew/search_everywhere_filter.png
  artifactKey: Guid(9090a28ea61c4bea8e9c99b85ce0a489) Importer(815301076,1909f56bfc062723c751e8b465ee728b)
Number of updated assets reloaded before import = 0
Start importing Assets/Plugins/Editor/JetBrains.RiderFlow/InstallationData/Resources/SearchEverywhereNew/search_everywhere_filter.png using Guid(9090a28ea61c4bea8e9c99b85ce0a489) Importer(815301076,1909f56bfc062723c751e8b465ee728b)  -> (artifact id: 'b88c3da3da5b92640d368eed0dd2e011') in 0.018334 seconds 
Number of asset objects unloaded after import = 4
========================================================================
Received Import Request.
  Time since last request: 0.000014 seconds.
  path: Assets/Plugins/Editor/JetBrains.RiderFlow/InstallationData/Resources/SearchEverywhereNew/search_everywhere_browser_dark@2x.png
  artifactKey: Guid(87ab3ba67cda4dc583a64d62fbf2da8b) Importer(815301076,1909f56bfc062723c751e8b465ee728b)
Number of updated assets reloaded before import = 0
Start importing Assets/Plugins/Editor/JetBrains.RiderFlow/InstallationData/Resources/SearchEverywhereNew/search_everywhere_browser_dark@2x.png using Guid(87ab3ba67cda4dc583a64d62fbf2da8b) Importer(815301076,1909f56bfc062723c751e8b465ee728b)  -> (artifact id: '7ac7de1dd0c832a5887877642ecfa2e2') in 0.020225 seconds 
Number of asset objects unloaded after import = 4
========================================================================
Received Import Request.
  Time since last request: 0.000012 seconds.
  path: Assets/Plugins/Editor/JetBrains.RiderFlow/InstallationData/Resources/SearchEverywhereNew/search_everywhere_browser_dark.png
  artifactKey: Guid(8eeecd7cf5d049749818b59c280ac535) Importer(815301076,1909f56bfc062723c751e8b465ee728b)
Number of updated assets reloaded before import = 0
Start importing Assets/Plugins/Editor/JetBrains.RiderFlow/InstallationData/Resources/SearchEverywhereNew/search_everywhere_browser_dark.png using Guid(8eeecd7cf5d049749818b59c280ac535) Importer(815301076,1909f56bfc062723c751e8b465ee728b)  -> (artifact id: '319d0667f2f57f0020eb740125c4f30b') in 0.017164 seconds 
Number of asset objects unloaded after import = 4
Editor requested this worker to shutdown with reason: Scaling down because of idle timeout
AssetImportWorker is now disconnected from the server
Process exiting
Exiting without the bug reporter. Application will terminate with return code 0