Unity Editor version:    2021.3.32f1 (3b9dae9532f5)
Branch:                  2021.3/staging
Build type:              Release
Batch mode:              YES
macOS version:           Version 14.1.1 (Build 23B2082)
Darwin version:          23.1.0
Architecture:            arm64
Running under Rosetta:   NO
Available memory:        18432 MB
Using pre-set license
Pro License: YES

COMMAND LINE ARGUMENTS:
/Applications/Unity/Hub/Editor/2021.3.32f1/Unity.app/Contents/MacOS/Unity
-adb2
-batchMode
-noUpm
-name
AssetImportWorker17
-projectPath
/Users/daniel/Documents/fe-kingdom-mobile/trunk/FireEmblemMobile/FireEmblemMobileUnityProject
-logFile
Logs/AssetImportWorker17.log
-srvPort
49251
Successfully changed project path to: /Users/daniel/Documents/fe-kingdom-mobile/trunk/FireEmblemMobile/FireEmblemMobileUnityProject
/Users/daniel/Documents/fe-kingdom-mobile/trunk/FireEmblemMobile/FireEmblemMobileUnityProject
[UnityMemory] Configuration Parameters - Can be set up in boot.config
    "memorysetup-bucket-allocator-granularity=16"
    "memorysetup-bucket-allocator-bucket-count=8"
    "memorysetup-bucket-allocator-block-size=33554432"
    "memorysetup-bucket-allocator-block-count=8"
    "memorysetup-main-allocator-block-size=16777216"
    "memorysetup-thread-allocator-block-size=16777216"
    "memorysetup-gfx-main-allocator-block-size=16777216"
    "memorysetup-gfx-thread-allocator-block-size=16777216"
    "memorysetup-cache-allocator-block-size=4194304"
    "memorysetup-typetree-allocator-block-size=2097152"
    "memorysetup-profiler-bucket-allocator-granularity=16"
    "memorysetup-profiler-bucket-allocator-bucket-count=8"
    "memorysetup-profiler-bucket-allocator-block-size=33554432"
    "memorysetup-profiler-bucket-allocator-block-count=8"
    "memorysetup-profiler-allocator-block-size=16777216"
    "memorysetup-profiler-editor-allocator-block-size=1048576"
    "memorysetup-temp-allocator-size-main=16777216"
    "memorysetup-job-temp-allocator-block-size=2097152"
    "memorysetup-job-temp-allocator-block-size-background=1048576"
    "memorysetup-job-temp-allocator-reduction-small-platforms=262144"
    "memorysetup-temp-allocator-size-background-worker=32768"
    "memorysetup-temp-allocator-size-job-worker=262144"
    "memorysetup-temp-allocator-size-preload-manager=33554432"
    "memorysetup-temp-allocator-size-nav-mesh-worker=65536"
    "memorysetup-temp-allocator-size-audio-worker=65536"
    "memorysetup-temp-allocator-size-cloud-worker=32768"
    "memorysetup-temp-allocator-size-gi-baking-worker=262144"
    "memorysetup-temp-allocator-size-gfx=262144"
Player connection [8030576320] Host "[IP] 192.168.0.2 [Port] 0 [Flags] 2 [Guid] 3530430918 [EditorId] 3530430918 [Version] 1048832 [Id] OSXEditor(0,Daniels-MacBook-Pro.local) [Debug] 1 [PackageName] OSXEditor [ProjectName] Editor" joined multi-casting on [225.0.0.222:54997]...

Player connection [8030576320] Host "[IP] 192.168.0.2 [Port] 0 [Flags] 2 [Guid] 3530430918 [EditorId] 3530430918 [Version] 1048832 [Id] OSXEditor(0,Daniels-MacBook-Pro.local) [Debug] 1 [PackageName] OSXEditor [ProjectName] Editor" joined alternative multi-casting on [225.0.0.222:34997]...

[Physics::Module] Initialized MultithreadedJobDispatcher with {0} workers.
Refreshing native plugins compatible for Editor in 126.58 ms, found 2 plugins.
Preloading 1 native plugins for Editor in 0.49 ms.
Initialize engine version: 2021.3.32f1 (3b9dae9532f5)
[Subsystems] Discovering subsystems at path /Applications/Unity/Hub/Editor/2021.3.32f1/Unity.app/Contents/Resources/UnitySubsystems
[Subsystems] Discovering subsystems at path /Users/daniel/Documents/fe-kingdom-mobile/trunk/FireEmblemMobile/FireEmblemMobileUnityProject/Assets
GfxDevice: creating device client; threaded=0; jobified=0
 preferred device: Apple M3 Pro (high power)
Metal devices available: 1
0: Apple M3 Pro (high power)
Using device Apple M3 Pro (high power)
Initializing Metal device caps: Apple M3 Pro
Shader 'CartoonCoffee/Particle Basic': fallback shader '2' not found
Shader 'CartoonCoffee/Particle Additive': fallback shader '2' not found
Shader 'MoreMountains/MMRipple': fallback shader 'Particle/AlphaBlended' not found
Initialize mono
Mono path[0] = '/Applications/Unity/Hub/Editor/2021.3.32f1/Unity.app/Contents/Managed'
Mono path[1] = '/Applications/Unity/Hub/Editor/2021.3.32f1/Unity.app/Contents/MonoBleedingEdge/lib/mono/unityjit-macos'
Mono config path = '/Applications/Unity/Hub/Editor/2021.3.32f1/Unity.app/Contents/MonoBleedingEdge/etc'
Using monoOptions --debugger-agent=transport=dt_socket,embedding=1,server=y,suspend=n,address=127.0.0.1:56185
Begin MonoManager ReloadAssembly
Registering precompiled unity dll's ...
Register platform support module: /Applications/Unity/Hub/Editor/2021.3.32f1/Unity.app/Contents/PlaybackEngines/MacStandaloneSupport/UnityEditor.OSXStandalone.Extensions.dll
Register platform support module: /Applications/Unity/Hub/Editor/2021.3.32f1/PlaybackEngines/AndroidPlayer/UnityEditor.Android.Extensions.dll
Register platform support module: /Applications/Unity/Hub/Editor/2021.3.32f1/PlaybackEngines/iOSSupport/UnityEditor.iOS.Extensions.dll
Registered in 0.000488 seconds.
[usbmuxd] Start listen thread
[usbmuxd] Listen thread started
[usbmuxd] Send listen message
Native extension for iOS target not found
Native extension for Android target not found
Android Extension - Scanning For ADB Devices 66 ms
Native extension for OSXStandalone target not found
Refreshing native plugins compatible for Editor in 124.38 ms, found 2 plugins.
Preloading 1 native plugins for Editor in 0.16 ms.
Mono: successfully reloaded assembly
- Completed reload, in  0.501 seconds
Domain Reload Profiling:
	ReloadAssembly (501ms)
		BeginReloadAssembly (31ms)
			ExecutionOrderSort (0ms)
			DisableScriptedObjects (0ms)
			BackupInstance (0ms)
			ReleaseScriptingObjects (0ms)
			CreateAndSetChildDomain (0ms)
		EndReloadAssembly (427ms)
			LoadAssemblies (30ms)
			RebuildTransferFunctionScriptingTraits (0ms)
			SetupTypeCache (58ms)
			ReleaseScriptCaches (0ms)
			RebuildScriptCaches (15ms)
			SetupLoadedEditorAssemblies (332ms)
				LogAssemblyErrors (0ms)
				InitializePlatformSupportModulesInManaged (155ms)
				SetLoadedEditorAssemblies (0ms)
				RefreshPlugins (125ms)
				BeforeProcessingInitializeOnLoad (1ms)
				ProcessInitializeOnLoadAttributes (33ms)
				ProcessInitializeOnLoadMethodAttributes (18ms)
				AfterProcessingInitializeOnLoad (0ms)
				EditorAssembliesLoaded (0ms)
			ExecutionOrderSort2 (0ms)
			AwakeInstancesAfterBackupRestoration (0ms)
Platform modules already initialized, skipping
Registering precompiled user dll's ...
Registered in 0.001551 seconds.
Begin MonoManager ReloadAssembly
Symbol file LoadedFromMemory is not a mono symbol file
Native extension for iOS target not found
Native extension for Android target not found
Native extension for OSXStandalone target not found
Refreshing native plugins compatible for Editor in 143.20 ms, found 2 plugins.
Preloading 1 native plugins for Editor in 0.21 ms.
Package Manager log level set to [2]
[Package Manager] Server::EnsureServerProcessIsRunning -- launch failed, reason: Unity was launched with the -noUpm command-line argument
[Package Manager] Cannot connect to Unity Package Manager local server
Mono: successfully reloaded assembly
- Completed reload, in  1.261 seconds
Domain Reload Profiling:
	ReloadAssembly (1262ms)
		BeginReloadAssembly (58ms)
			ExecutionOrderSort (0ms)
			DisableScriptedObjects (2ms)
			BackupInstance (0ms)
			ReleaseScriptingObjects (0ms)
			CreateAndSetChildDomain (21ms)
		EndReloadAssembly (1150ms)
			LoadAssemblies (80ms)
			RebuildTransferFunctionScriptingTraits (0ms)
			SetupTypeCache (191ms)
			ReleaseScriptCaches (0ms)
			RebuildScriptCaches (58ms)
			SetupLoadedEditorAssemblies (781ms)
				LogAssemblyErrors (0ms)
				InitializePlatformSupportModulesInManaged (15ms)
				SetLoadedEditorAssemblies (0ms)
				RefreshPlugins (143ms)
				BeforeProcessingInitializeOnLoad (56ms)
				ProcessInitializeOnLoadAttributes (480ms)
				ProcessInitializeOnLoadMethodAttributes (85ms)
				AfterProcessingInitializeOnLoad (1ms)
				EditorAssembliesLoaded (0ms)
			ExecutionOrderSort2 (0ms)
			AwakeInstancesAfterBackupRestoration (1ms)
Platform modules already initialized, skipping
========================================================================
Worker process is ready to serve import requests
Shader 'CartoonCoffee/Particle Additive': fallback shader '2' not found
Shader 'MoreMountains/MMRipple': fallback shader 'Particle/AlphaBlended' not found
Shader 'CartoonCoffee/Particle Basic': fallback shader '2' not found
Launching external process: /Applications/Unity/Hub/Editor/2021.3.32f1/Unity.app/Contents/Tools/UnityShaderCompiler
Launched and connected shader compiler UnityShaderCompiler after 0.04 seconds
Refreshing native plugins compatible for Editor in 1.24 ms, found 2 plugins.
Preloading 1 native plugins for Editor in 0.24 ms.
Unloading 6643 Unused Serialized files (Serialized files now loaded: 0)
Unloading 102 unused Assets / (2.1 MB). Loaded Objects now: 7145.
Memory consumption went from 361.4 MB to 359.3 MB.
Total: 5.310416 ms (FindLiveObjects: 0.176416 ms CreateObjectMapping: 0.060000 ms MarkObjects: 4.686500 ms  DeleteObjects: 0.386917 ms)

AssetImportParameters requested are different than current active one (requested -> active):
  custom:video-decoder-ogg-theora: a1e56fd34408186e4bbccfd4996cb3dc -> 
  custom:container-muxer-webm: aa71ff27fc2769a1b78a27578f13a17b -> 
  custom:container-demuxer-webm: 4f35f7cbe854078d1ac9338744f61a02 -> 
  custom:video-encoder-webm-vp8: eb34c28f22e8b96e1ab97ce403110664 -> 
  custom:framework-osx-AVFoundation: e770b220cccbd017edd2c1fefb359320 -> 
  custom:CustomObjectIndexerAttribute: f67f22312cbe972f2da930a377ed3d15 -> 
  custom:audio-encoder-webm-vorbis: bf7c407c2cedff20999df2af8eb42d56 -> 
  custom:SearchIndexIgnoredProperties: e643bd26f0fe6173181afceb89e7c659 -> 
  custom:container-demuxer-ogg: 62fdf1f143b41e24485cea50d1cbac27 -> 
  custom:video-decoder-webm-vp8: 9c59270c3fd7afecdb556c50c9e8de78 -> 
  custom:audio-decoder-ogg-vorbis: bf7c407c2cedff20999df2af8eb42d56 -> 
========================================================================
Received Import Request.
  Time since last request: 37475.566537 seconds.
  path: Assets/07_GameData/StatusEffects/FrogVFX.prefab
  artifactKey: Guid(a26e9b505d0e94e46bcf4cd1ecdf54ba) Importer(815301076,1909f56bfc062723c751e8b465ee728b)
Number of updated assets reloaded before import = 0
Start importing Assets/07_GameData/StatusEffects/FrogVFX.prefab using Guid(a26e9b505d0e94e46bcf4cd1ecdf54ba) Importer(815301076,1909f56bfc062723c751e8b465ee728b)  -> (artifact id: '1506b0aadbaebfbd72211aec37f23bfa') in 0.163586 seconds 
Number of asset objects unloaded after import = 122
========================================================================
Received Import Request.
  Time since last request: 16.353460 seconds.
  path: Assets/12_External/Cartoon Coffee/VFX Deluxe/Prefabs/Loops/Stun_Stars_V1.prefab
  artifactKey: Guid(a833dc0675124fc429e9a223bf04c922) Importer(815301076,1909f56bfc062723c751e8b465ee728b)
Number of updated assets reloaded before import = 0
Start importing Assets/12_External/Cartoon Coffee/VFX Deluxe/Prefabs/Loops/Stun_Stars_V1.prefab using Guid(a833dc0675124fc429e9a223bf04c922) Importer(815301076,1909f56bfc062723c751e8b465ee728b)  -> (artifact id: '7f3cc790739f4047498e42ed94fc268a') in 0.014587 seconds 
Number of asset objects unloaded after import = 14
========================================================================
Received Import Request.
  Time since last request: 72.258210 seconds.
  path: Assets/07_GameData/StatusEffects/StunnedVFX.prefab
  artifactKey: Guid(09e04918599c64a99b37c1cf95ba98bf) Importer(815301076,1909f56bfc062723c751e8b465ee728b)
Number of updated assets reloaded before import = 0
Start importing Assets/07_GameData/StatusEffects/StunnedVFX.prefab using Guid(09e04918599c64a99b37c1cf95ba98bf) Importer(815301076,1909f56bfc062723c751e8b465ee728b)  -> (artifact id: 'cfb16e26dceaffdf5e016fbc11d4bf29') in 0.010048 seconds 
Number of asset objects unloaded after import = 14
========================================================================
Received Import Request.
  Time since last request: 57.761989 seconds.
  path: Assets/12_External/JMO Assets/Cartoon FX Remaster/CFXR Prefabs/Texts/Variants Font WashYourHand/CFXR2 _BAM_.prefab
  artifactKey: Guid(305715fe1a3c35643b55d48a5e1dbcee) Importer(815301076,1909f56bfc062723c751e8b465ee728b)
Number of updated assets reloaded before import = 0
Start importing Assets/12_External/JMO Assets/Cartoon FX Remaster/CFXR Prefabs/Texts/Variants Font WashYourHand/CFXR2 _BAM_.prefab using Guid(305715fe1a3c35643b55d48a5e1dbcee) Importer(815301076,1909f56bfc062723c751e8b465ee728b)  -> (artifact id: '30dea7172c26d91ef2359cab29702c2b') in 0.015402 seconds 
Number of asset objects unloaded after import = 91
========================================================================
Received Import Request.
  Time since last request: 0.000047 seconds.
  path: Assets/12_External/JMO Assets/Cartoon FX Remaster/CFXR Prefabs/Liquids/Variants/CFXR2 Blood Shape Gravity.prefab
  artifactKey: Guid(97c48ef636fabba40aba2a7d6ebf8203) Importer(815301076,1909f56bfc062723c751e8b465ee728b)
Number of updated assets reloaded before import = 0
Start importing Assets/12_External/JMO Assets/Cartoon FX Remaster/CFXR Prefabs/Liquids/Variants/CFXR2 Blood Shape Gravity.prefab using Guid(97c48ef636fabba40aba2a7d6ebf8203) Importer(815301076,1909f56bfc062723c751e8b465ee728b)  -> (artifact id: 'c56f8e297c943609927d103624685a90') in 0.015392 seconds 
Number of asset objects unloaded after import = 35
========================================================================
Received Import Request.
  Time since last request: 0.000029 seconds.
  path: Assets/12_External/JMO Assets/Cartoon FX Remaster/CFXR Prefabs/Liquids/Variants/CFXR2 Blood Shape Splash (Blue).prefab
  artifactKey: Guid(cd4bf6be4b6077f4e96a427097a3faf9) Importer(815301076,1909f56bfc062723c751e8b465ee728b)
Number of updated assets reloaded before import = 0
Start importing Assets/12_External/JMO Assets/Cartoon FX Remaster/CFXR Prefabs/Liquids/Variants/CFXR2 Blood Shape Splash (Blue).prefab using Guid(cd4bf6be4b6077f4e96a427097a3faf9) Importer(815301076,1909f56bfc062723c751e8b465ee728b)  -> (artifact id: 'ceaa6c33aaca55d7f0e286bae54aea64') in 0.008752 seconds 
Number of asset objects unloaded after import = 36
========================================================================
Received Import Request.
  Time since last request: 0.000040 seconds.
  path: Assets/12_External/JMO Assets/Cartoon FX Remaster/CFXR Prefabs/Texts/CFXR2 _BOOM_.prefab
  artifactKey: Guid(406a192c82eea1e45aa44a049ed2071d) Importer(815301076,1909f56bfc062723c751e8b465ee728b)
Number of updated assets reloaded before import = 0
Start importing Assets/12_External/JMO Assets/Cartoon FX Remaster/CFXR Prefabs/Texts/CFXR2 _BOOM_.prefab using Guid(406a192c82eea1e45aa44a049ed2071d) Importer(815301076,1909f56bfc062723c751e8b465ee728b)  -> (artifact id: 'e2b98ece2f1c6bf83efb44ed81331161') in 0.006422 seconds 
Number of asset objects unloaded after import = 95
========================================================================
Received Import Request.
  Time since last request: 0.000035 seconds.
  path: Assets/12_External/JMO Assets/Cartoon FX Remaster/CFXR Prefabs/Texts/Variants Font WashYourHand/CFXR2 _DEAD_.prefab
  artifactKey: Guid(04f00a0f34509e34694538adcd408da5) Importer(815301076,1909f56bfc062723c751e8b465ee728b)
Number of updated assets reloaded before import = 0
Start importing Assets/12_External/JMO Assets/Cartoon FX Remaster/CFXR Prefabs/Texts/Variants Font WashYourHand/CFXR2 _DEAD_.prefab using Guid(04f00a0f34509e34694538adcd408da5) Importer(815301076,1909f56bfc062723c751e8b465ee728b)  -> (artifact id: '6e27d56586851216ab368593c3010f77') in 0.006542 seconds 
Number of asset objects unloaded after import = 95
========================================================================
Received Import Request.
  Time since last request: 0.000031 seconds.
  path: Assets/12_External/JMO Assets/Cartoon FX Remaster/CFXR Prefabs/Texts/Variants Font WashYourHand/CFXR2 _BOOM_.prefab
  artifactKey: Guid(c7f8ded3eb8ef2449b43ce7e87c5c424) Importer(815301076,1909f56bfc062723c751e8b465ee728b)
Number of updated assets reloaded before import = 0
Start importing Assets/12_External/JMO Assets/Cartoon FX Remaster/CFXR Prefabs/Texts/Variants Font WashYourHand/CFXR2 _BOOM_.prefab using Guid(c7f8ded3eb8ef2449b43ce7e87c5c424) Importer(815301076,1909f56bfc062723c751e8b465ee728b)  -> (artifact id: '01ac090427068c37dfa63c3627504852') in 0.007824 seconds 
Number of asset objects unloaded after import = 95
========================================================================
Received Import Request.
  Time since last request: 0.000054 seconds.
  path: Assets/12_External/JMO Assets/Cartoon FX Remaster/CFXR Prefabs/Liquids/CFXR2 Blood (Directional).prefab
  artifactKey: Guid(8f8fe12323625f5499b2853dd2ad3e58) Importer(815301076,1909f56bfc062723c751e8b465ee728b)
Number of updated assets reloaded before import = 0
Start importing Assets/12_External/JMO Assets/Cartoon FX Remaster/CFXR Prefabs/Liquids/CFXR2 Blood (Directional).prefab using Guid(8f8fe12323625f5499b2853dd2ad3e58) Importer(815301076,1909f56bfc062723c751e8b465ee728b)  -> (artifact id: 'c8bc550c25cd630f5a00308ee335a2de') in 0.007383 seconds 
Number of asset objects unloaded after import = 13
========================================================================
Received Import Request.
  Time since last request: 0.000031 seconds.
  path: Assets/12_External/JMO Assets/Cartoon FX Remaster/CFXR Prefabs/Texts/CFXR2 _WHAM_ 2.prefab
  artifactKey: Guid(2c9d7e7b6f836d44290370dda5b4b41f) Importer(815301076,1909f56bfc062723c751e8b465ee728b)
Number of updated assets reloaded before import = 0
Start importing Assets/12_External/JMO Assets/Cartoon FX Remaster/CFXR Prefabs/Texts/CFXR2 _WHAM_ 2.prefab using Guid(2c9d7e7b6f836d44290370dda5b4b41f) Importer(815301076,1909f56bfc062723c751e8b465ee728b)  -> (artifact id: '82aaba5109f24c08eea4153fa4892670') in 0.010675 seconds 
Number of asset objects unloaded after import = 99
========================================================================
Received Import Request.
  Time since last request: 0.000035 seconds.
  path: Assets/12_External/JMO Assets/Cartoon FX Remaster/CFXR Prefabs/Liquids/CFXR2 Blood Shape Splash.prefab
  artifactKey: Guid(15483e51212e3d74886ea57291f4639a) Importer(815301076,1909f56bfc062723c751e8b465ee728b)
Number of updated assets reloaded before import = 0
Start importing Assets/12_External/JMO Assets/Cartoon FX Remaster/CFXR Prefabs/Liquids/CFXR2 Blood Shape Splash.prefab using Guid(15483e51212e3d74886ea57291f4639a) Importer(815301076,1909f56bfc062723c751e8b465ee728b)  -> (artifact id: '17a1bfdf84992e3aead109b52c6ab3bd') in 0.005867 seconds 
Number of asset objects unloaded after import = 21
========================================================================
Received Import Request.
  Time since last request: 0.000034 seconds.
  path: Assets/12_External/JMO Assets/Cartoon FX Remaster/CFXR Prefabs/Texts/Variants Font WashYourHand/CFXR2 _WHAM_ 3.prefab
  artifactKey: Guid(e60e313c693b9f04d932211467d353f5) Importer(815301076,1909f56bfc062723c751e8b465ee728b)
Number of updated assets reloaded before import = 0
Start importing Assets/12_External/JMO Assets/Cartoon FX Remaster/CFXR Prefabs/Texts/Variants Font WashYourHand/CFXR2 _WHAM_ 3.prefab using Guid(e60e313c693b9f04d932211467d353f5) Importer(815301076,1909f56bfc062723c751e8b465ee728b)  -> (artifact id: 'c0c508c986e0a9b1da49f5ec41ce2ae2') in 0.007203 seconds 
Number of asset objects unloaded after import = 99
========================================================================
Received Import Request.
  Time since last request: 0.966359 seconds.
  path: Assets/12_External/JMO Assets/Cartoon FX Remaster/CFXR Prefabs/Eerie/CFXR2 Enemy Explosion (Lit).prefab
  artifactKey: Guid(56f5ad7439b8d9c4d8926108f39f84dd) Importer(815301076,1909f56bfc062723c751e8b465ee728b)
Number of updated assets reloaded before import = 0
Start importing Assets/12_External/JMO Assets/Cartoon FX Remaster/CFXR Prefabs/Eerie/CFXR2 Enemy Explosion (Lit).prefab using Guid(56f5ad7439b8d9c4d8926108f39f84dd) Importer(815301076,1909f56bfc062723c751e8b465ee728b)  -> (artifact id: '2e005e064047c50afe82ee0b46693562') in 0.012205 seconds 
Number of asset objects unloaded after import = 79
========================================================================
Received Import Request.
  Time since last request: 0.000039 seconds.
  path: Assets/12_External/JMO Assets/Cartoon FX Remaster/CFXR Prefabs/Explosions/CFXR2 Explosion (Lit, Omni).prefab
  artifactKey: Guid(a2c54af0fefc68747813073754ebe949) Importer(815301076,1909f56bfc062723c751e8b465ee728b)
Number of updated assets reloaded before import = 0
Start importing Assets/12_External/JMO Assets/Cartoon FX Remaster/CFXR Prefabs/Explosions/CFXR2 Explosion (Lit, Omni).prefab using Guid(a2c54af0fefc68747813073754ebe949) Importer(815301076,1909f56bfc062723c751e8b465ee728b)  -> (artifact id: '22f52859b9ab90469b4e9933d5853179') in 0.006497 seconds 
Number of asset objects unloaded after import = 31
========================================================================
Received Import Request.
  Time since last request: 0.000089 seconds.
  path: Assets/12_External/JMO Assets/Cartoon FX Remaster/CFXR Prefabs/Explosions/Variants/CFXR2 Explosion + Projections (Lit, Blue).prefab
  artifactKey: Guid(dd65ff4b89c218741b49af1c4002a5d3) Importer(815301076,1909f56bfc062723c751e8b465ee728b)
Number of updated assets reloaded before import = 0
Start importing Assets/12_External/JMO Assets/Cartoon FX Remaster/CFXR Prefabs/Explosions/Variants/CFXR2 Explosion + Projections (Lit, Blue).prefab using Guid(dd65ff4b89c218741b49af1c4002a5d3) Importer(815301076,1909f56bfc062723c751e8b465ee728b)  -> (artifact id: 'cce762e14f766058f183eab29dd2ad4b') in 0.011880 seconds 
Number of asset objects unloaded after import = 236
========================================================================
Received Import Request.
  Time since last request: 0.000075 seconds.
  path: Assets/12_External/JMO Assets/Cartoon FX Remaster/CFXR Prefabs/Expressions/Variants/CFXR2 Expression Loving (Timed).prefab
  artifactKey: Guid(91f2fc1fbb658b148a4ab7cc61d8fb70) Importer(815301076,1909f56bfc062723c751e8b465ee728b)
Number of updated assets reloaded before import = 0
Start importing Assets/12_External/JMO Assets/Cartoon FX Remaster/CFXR Prefabs/Expressions/Variants/CFXR2 Expression Loving (Timed).prefab using Guid(91f2fc1fbb658b148a4ab7cc61d8fb70) Importer(815301076,1909f56bfc062723c751e8b465ee728b)  -> (artifact id: '95fc3ee40061f1ffab378a28a68c84ff') in 0.007709 seconds 
Number of asset objects unloaded after import = 38
========================================================================
Received Import Request.
  Time since last request: 0.000046 seconds.
  path: Assets/12_External/JMO Assets/Cartoon FX Remaster/CFXR Prefabs/Expressions/CFXR2 Expression Loving (Loop).prefab
  artifactKey: Guid(051fd934eff3b06408c99c7b05a9e820) Importer(815301076,1909f56bfc062723c751e8b465ee728b)
Number of updated assets reloaded before import = 0
Start importing Assets/12_External/JMO Assets/Cartoon FX Remaster/CFXR Prefabs/Expressions/CFXR2 Expression Loving (Loop).prefab using Guid(051fd934eff3b06408c99c7b05a9e820) Importer(815301076,1909f56bfc062723c751e8b465ee728b)  -> (artifact id: '20f237d548238de3a725ea96a702db17') in 0.006151 seconds 
Number of asset objects unloaded after import = 28
========================================================================
Received Import Request.
  Time since last request: 0.000039 seconds.
  path: Assets/12_External/JMO Assets/Cartoon FX Remaster/CFXR Prefabs/Explosions/Variants/CFXR2 Explosion (Lit, Omni) + Screen Distortion.prefab
  artifactKey: Guid(54f62d7dbac21b94db8c1cc82225ec68) Importer(815301076,1909f56bfc062723c751e8b465ee728b)
Number of updated assets reloaded before import = 0
Start importing Assets/12_External/JMO Assets/Cartoon FX Remaster/CFXR Prefabs/Explosions/Variants/CFXR2 Explosion (Lit, Omni) + Screen Distortion.prefab using Guid(54f62d7dbac21b94db8c1cc82225ec68) Importer(815301076,1909f56bfc062723c751e8b465ee728b)  -> (artifact id: 'aa47fe5da2026b94e38cefe2d7826592') in 0.010367 seconds 
Number of asset objects unloaded after import = 66
========================================================================
Received Import Request.
  Time since last request: 0.250267 seconds.
  path: Assets/12_External/JMO Assets/Cartoon FX Remaster/CFXR Prefabs/Expressions/CFXR2 Expression Stun (Loop).prefab
  artifactKey: Guid(461201e8882e77f42afb2baa65d2d6be) Importer(815301076,1909f56bfc062723c751e8b465ee728b)
Number of updated assets reloaded before import = 0
Start importing Assets/12_External/JMO Assets/Cartoon FX Remaster/CFXR Prefabs/Expressions/CFXR2 Expression Stun (Loop).prefab using Guid(461201e8882e77f42afb2baa65d2d6be) Importer(815301076,1909f56bfc062723c751e8b465ee728b)  -> (artifact id: '6615ae36baa96d7337a813852bff3dd1') in 0.006175 seconds 
Number of asset objects unloaded after import = 16
========================================================================
Received Import Request.
  Time since last request: 0.000033 seconds.
  path: Assets/12_External/JMO Assets/Cartoon FX Remaster/CFXR Prefabs/Expressions/CFXR2 Expression Very Happy (Loop).prefab
  artifactKey: Guid(af5e9da0076107144bcf46ee1a3f68da) Importer(815301076,1909f56bfc062723c751e8b465ee728b)
Number of updated assets reloaded before import = 0
Start importing Assets/12_External/JMO Assets/Cartoon FX Remaster/CFXR Prefabs/Expressions/CFXR2 Expression Very Happy (Loop).prefab using Guid(af5e9da0076107144bcf46ee1a3f68da) Importer(815301076,1909f56bfc062723c751e8b465ee728b)  -> (artifact id: '5cb266887bcc50812e7942b7e4f4140d') in 0.006956 seconds 
Number of asset objects unloaded after import = 28
========================================================================
Received Import Request.
  Time since last request: 59.825874 seconds.
  path: Assets/07_GameData/StatusEffects/WrathVFX.prefab
  artifactKey: Guid(2ccfd686b1a44472293b85afc5b5572d) Importer(815301076,1909f56bfc062723c751e8b465ee728b)
Number of updated assets reloaded before import = 0
Start importing Assets/07_GameData/StatusEffects/WrathVFX.prefab using Guid(2ccfd686b1a44472293b85afc5b5572d) Importer(815301076,1909f56bfc062723c751e8b465ee728b)  -> (artifact id: '7aa7d1434d793271da69c934a44ab410') in 0.035329 seconds 
Number of asset objects unloaded after import = 17
========================================================================
Received Import Request.
  Time since last request: 29.661051 seconds.
  path: Assets/12_External/JMO Assets/Cartoon FX Remaster/CFXR Assets/Graphics/cfxr star ab.mat
  artifactKey: Guid(39029f13e4f0bd94493ed939a7feff9c) Importer(815301076,1909f56bfc062723c751e8b465ee728b)
Number of updated assets reloaded before import = 0
Start importing Assets/12_External/JMO Assets/Cartoon FX Remaster/CFXR Assets/Graphics/cfxr star ab.mat using Guid(39029f13e4f0bd94493ed939a7feff9c) Importer(815301076,1909f56bfc062723c751e8b465ee728b)  -> (artifact id: 'e93ec2c307f9beeb33c6ee609cf7f64c') in 0.040320 seconds 
Number of asset objects unloaded after import = 3
========================================================================
Received Import Request.
  Time since last request: 77.906861 seconds.
  path: Assets/07_GameData/StatusEffects/EnvyVFX.prefab
  artifactKey: Guid(e4476b4323c934099918fd01017f81e5) Importer(815301076,1909f56bfc062723c751e8b465ee728b)
Number of updated assets reloaded before import = 0
Start importing Assets/07_GameData/StatusEffects/EnvyVFX.prefab using Guid(e4476b4323c934099918fd01017f81e5) Importer(815301076,1909f56bfc062723c751e8b465ee728b)  -> (artifact id: 'a910dcd1de8dbbb9f4c48dff0ec769af') in 0.010259 seconds 
Number of asset objects unloaded after import = 17
========================================================================
Received Import Request.
  Time since last request: 13.897704 seconds.
  path: Assets/12_External/JMO Assets/Cartoon FX Remaster/CFXR Prefabs/Texts/CFXR _ZAP_.prefab
  artifactKey: Guid(7d89f08c06e56ed4e98eeaf31442b27b) Importer(815301076,1909f56bfc062723c751e8b465ee728b)
Number of updated assets reloaded before import = 0
Start importing Assets/12_External/JMO Assets/Cartoon FX Remaster/CFXR Prefabs/Texts/CFXR _ZAP_.prefab using Guid(7d89f08c06e56ed4e98eeaf31442b27b) Importer(815301076,1909f56bfc062723c751e8b465ee728b)  -> (artifact id: 'a8f0113def0d9f6632366f49fc4a03b9') in 0.015550 seconds 
Number of asset objects unloaded after import = 91
========================================================================
Received Import Request.
  Time since last request: 0.000045 seconds.
  path: Assets/12_External/JMO Assets/Cartoon FX Remaster/CFXR Prefabs/Impacts/CFXR Big Impact HDR.prefab
  artifactKey: Guid(7a1f5c2344e7b8046b22ca0e8ffce4c1) Importer(815301076,1909f56bfc062723c751e8b465ee728b)
Number of updated assets reloaded before import = 0
Start importing Assets/12_External/JMO Assets/Cartoon FX Remaster/CFXR Prefabs/Impacts/CFXR Big Impact HDR.prefab using Guid(7a1f5c2344e7b8046b22ca0e8ffce4c1) Importer(815301076,1909f56bfc062723c751e8b465ee728b)  -> (artifact id: '22dc6b0d4dd9202edc9e434c56963b58') in 0.014116 seconds 
Number of asset objects unloaded after import = 26
========================================================================
Received Import Request.
  Time since last request: 0.000041 seconds.
  path: Assets/12_External/JMO Assets/Cartoon FX Remaster/CFXR Prefabs/Texts/CFXR _ZAP_ (invert).prefab
  artifactKey: Guid(2f9fd40248ceca4448762efa309bfef7) Importer(815301076,1909f56bfc062723c751e8b465ee728b)
Number of updated assets reloaded before import = 0
Start importing Assets/12_External/JMO Assets/Cartoon FX Remaster/CFXR Prefabs/Texts/CFXR _ZAP_ (invert).prefab using Guid(2f9fd40248ceca4448762efa309bfef7) Importer(815301076,1909f56bfc062723c751e8b465ee728b)  -> (artifact id: '3c7f8281f5e6212270977747497644c2') in 0.007419 seconds 
Number of asset objects unloaded after import = 91
========================================================================
Received Import Request.
  Time since last request: 0.000034 seconds.
  path: Assets/12_External/JMO Assets/Cartoon FX Remaster/CFXR Prefabs/Texts/Variants Font WashYourHand/CFXR _ZAP_ (invert).prefab
  artifactKey: Guid(338191182a4a66f4f88793c1b340ee35) Importer(815301076,1909f56bfc062723c751e8b465ee728b)
Number of updated assets reloaded before import = 0
Start importing Assets/12_External/JMO Assets/Cartoon FX Remaster/CFXR Prefabs/Texts/Variants Font WashYourHand/CFXR _ZAP_ (invert).prefab using Guid(338191182a4a66f4f88793c1b340ee35) Importer(815301076,1909f56bfc062723c751e8b465ee728b)  -> (artifact id: '3231fbc09d5bbaa14da64780ca1ddc31') in 0.006742 seconds 
Number of asset objects unloaded after import = 91
========================================================================
Received Import Request.
  Time since last request: 0.475588 seconds.
  path: Assets/12_External/JMO Assets/Cartoon FX Remaster/CFXR Prefabs/Item Pickups/CFXR2 Pickup Club.prefab
  artifactKey: Guid(3982aa2fc9c372a4c99c8ea4569263f8) Importer(815301076,1909f56bfc062723c751e8b465ee728b)
Number of updated assets reloaded before import = 0
Start importing Assets/12_External/JMO Assets/Cartoon FX Remaster/CFXR Prefabs/Item Pickups/CFXR2 Pickup Club.prefab using Guid(3982aa2fc9c372a4c99c8ea4569263f8) Importer(815301076,1909f56bfc062723c751e8b465ee728b)  -> (artifact id: '3b1d2c744b4108369d2589e013418b2b') in 0.007820 seconds 
Number of asset objects unloaded after import = 37
========================================================================
Received Import Request.
  Time since last request: 0.000040 seconds.
  path: Assets/12_External/JMO Assets/Cartoon FX Remaster/CFXR Prefabs/Item Pickups/CFXR2 Pickup Diamond.prefab
  artifactKey: Guid(2b1eed4f9c9907f459a068888d1c29e7) Importer(815301076,1909f56bfc062723c751e8b465ee728b)
Number of updated assets reloaded before import = 0
Start importing Assets/12_External/JMO Assets/Cartoon FX Remaster/CFXR Prefabs/Item Pickups/CFXR2 Pickup Diamond.prefab using Guid(2b1eed4f9c9907f459a068888d1c29e7) Importer(815301076,1909f56bfc062723c751e8b465ee728b)  -> (artifact id: 'ac2170d9f95d8c1e71a222641f3b48ca') in 0.006792 seconds 
Number of asset objects unloaded after import = 37
========================================================================
Received Import Request.
  Time since last request: 0.000035 seconds.
  path: Assets/12_External/JMO Assets/Cartoon FX Remaster/CFXR Prefabs/Item Pickups/CFXR2 Pickup Diamond (Alt).prefab
  artifactKey: Guid(48decf9ec0f905e4a98863a6910706ce) Importer(815301076,1909f56bfc062723c751e8b465ee728b)
Number of updated assets reloaded before import = 0
Start importing Assets/12_External/JMO Assets/Cartoon FX Remaster/CFXR Prefabs/Item Pickups/CFXR2 Pickup Diamond (Alt).prefab using Guid(48decf9ec0f905e4a98863a6910706ce) Importer(815301076,1909f56bfc062723c751e8b465ee728b)  -> (artifact id: '1fdc016b48d657acec3315ae1fe44de0') in 0.006871 seconds 
Number of asset objects unloaded after import = 54
========================================================================
Received Import Request.
  Time since last request: 0.000034 seconds.
  path: Assets/12_External/JMO Assets/Cartoon FX Remaster/CFXR Prefabs/Item Pickups/CFXR2 Pickup Heart.prefab
  artifactKey: Guid(453e29524a7762b48a38e197575325b1) Importer(815301076,1909f56bfc062723c751e8b465ee728b)
Number of updated assets reloaded before import = 0
Start importing Assets/12_External/JMO Assets/Cartoon FX Remaster/CFXR Prefabs/Item Pickups/CFXR2 Pickup Heart.prefab using Guid(453e29524a7762b48a38e197575325b1) Importer(815301076,1909f56bfc062723c751e8b465ee728b)  -> (artifact id: 'df20a60fb4989109ac0ac91b74f166f8') in 0.006753 seconds 
Number of asset objects unloaded after import = 36
========================================================================
Received Import Request.
  Time since last request: 0.000031 seconds.
  path: Assets/12_External/JMO Assets/Cartoon FX Remaster/CFXR Prefabs/Item Pickups/CFXR2 Pickup Club (Alt).prefab
  artifactKey: Guid(12496ea07713c2541bd683fa49b87f44) Importer(815301076,1909f56bfc062723c751e8b465ee728b)
Number of updated assets reloaded before import = 0
Start importing Assets/12_External/JMO Assets/Cartoon FX Remaster/CFXR Prefabs/Item Pickups/CFXR2 Pickup Club (Alt).prefab using Guid(12496ea07713c2541bd683fa49b87f44) Importer(815301076,1909f56bfc062723c751e8b465ee728b)  -> (artifact id: '3188fb5fc181630cac2b4b53693aee50') in 0.006432 seconds 
Number of asset objects unloaded after import = 51
========================================================================
Received Import Request.
  Time since last request: 0.000036 seconds.
  path: Assets/12_External/JMO Assets/Cartoon FX Remaster/CFXR Prefabs/Item Pickups/CFXR2 Pickup Diamond (+ Stars).prefab
  artifactKey: Guid(64ce60e4876281e4da34f46ee5244462) Importer(815301076,1909f56bfc062723c751e8b465ee728b)
Number of updated assets reloaded before import = 0
Start importing Assets/12_External/JMO Assets/Cartoon FX Remaster/CFXR Prefabs/Item Pickups/CFXR2 Pickup Diamond (+ Stars).prefab using Guid(64ce60e4876281e4da34f46ee5244462) Importer(815301076,1909f56bfc062723c751e8b465ee728b)  -> (artifact id: 'd6d7dcb4cd997cb6f660880241262690') in 0.008659 seconds 
Number of asset objects unloaded after import = 70
========================================================================
Received Import Request.
  Time since last request: 0.000051 seconds.
  path: Assets/12_External/JMO Assets/Cartoon FX Remaster/CFXR Prefabs/Item Pickups/CFXR2 Pickup Heart (Alt).prefab
  artifactKey: Guid(f2adeccbe4e3c8f4095cd61877b0af5e) Importer(815301076,1909f56bfc062723c751e8b465ee728b)
Number of updated assets reloaded before import = 0
Start importing Assets/12_External/JMO Assets/Cartoon FX Remaster/CFXR Prefabs/Item Pickups/CFXR2 Pickup Heart (Alt).prefab using Guid(f2adeccbe4e3c8f4095cd61877b0af5e) Importer(815301076,1909f56bfc062723c751e8b465ee728b)  -> (artifact id: '9bd22fa69a6809c83b6140b0995e241e') in 0.007094 seconds 
Number of asset objects unloaded after import = 53
========================================================================
Received Import Request.
  Time since last request: 0.000032 seconds.
  path: Assets/12_External/JMO Assets/Cartoon FX Remaster/CFXR Prefabs/Item Pickups/CFXR2 Pickup Spade (Alt).prefab
  artifactKey: Guid(e878fda287944c942b21eb814cc3746d) Importer(815301076,1909f56bfc062723c751e8b465ee728b)
Number of updated assets reloaded before import = 0
Start importing Assets/12_External/JMO Assets/Cartoon FX Remaster/CFXR Prefabs/Item Pickups/CFXR2 Pickup Spade (Alt).prefab using Guid(e878fda287944c942b21eb814cc3746d) Importer(815301076,1909f56bfc062723c751e8b465ee728b)  -> (artifact id: '219ee57d89866a15154b6809dc84c5ec') in 0.007683 seconds 
Number of asset objects unloaded after import = 53
========================================================================
Received Import Request.
  Time since last request: 7.121971 seconds.
  path: Assets/12_External/Cartoon Coffee/VFX Deluxe/Prefabs/Bursts/Impact_Darkness_Lv2.prefab
  artifactKey: Guid(58fda082f086e4f4b80b3723cb1246f1) Importer(815301076,1909f56bfc062723c751e8b465ee728b)
Number of updated assets reloaded before import = 0
Start importing Assets/12_External/Cartoon Coffee/VFX Deluxe/Prefabs/Bursts/Impact_Darkness_Lv2.prefab using Guid(58fda082f086e4f4b80b3723cb1246f1) Importer(815301076,1909f56bfc062723c751e8b465ee728b)  -> (artifact id: 'd2bf514289bd22169863c54a02b250d0') in 0.045453 seconds 
Number of asset objects unloaded after import = 52
Editor requested this worker to shutdown with reason: Scaling down because of idle timeout
AssetImportWorker is now disconnected from the server
Process exiting
