Unity Editor version:    2021.3.32f1 (3b9dae9532f5)
Branch:                  2021.3/staging
Build type:              Release
Batch mode:              YES
macOS version:           Version 14.1.1 (Build 23B2082)
Darwin version:          23.1.0
Architecture:            arm64
Running under Rosetta:   NO
Available memory:        18432 MB
Using pre-set license
Pro License: YES

COMMAND LINE ARGUMENTS:
/Applications/Unity/Hub/Editor/2021.3.32f1/Unity.app/Contents/MacOS/Unity
-adb2
-batchMode
-noUpm
-name
AssetImportWorker28
-projectPath
/Users/daniel/Documents/fe-kingdom-mobile/trunk/FireEmblemMobile/FireEmblemMobileUnityProject
-logFile
Logs/AssetImportWorker28.log
-srvPort
50955
Successfully changed project path to: /Users/daniel/Documents/fe-kingdom-mobile/trunk/FireEmblemMobile/FireEmblemMobileUnityProject
/Users/daniel/Documents/fe-kingdom-mobile/trunk/FireEmblemMobile/FireEmblemMobileUnityProject
[UnityMemory] Configuration Parameters - Can be set up in boot.config
    "memorysetup-bucket-allocator-granularity=16"
    "memorysetup-bucket-allocator-bucket-count=8"
    "memorysetup-bucket-allocator-block-size=33554432"
    "memorysetup-bucket-allocator-block-count=8"
    "memorysetup-main-allocator-block-size=16777216"
    "memorysetup-thread-allocator-block-size=16777216"
    "memorysetup-gfx-main-allocator-block-size=16777216"
    "memorysetup-gfx-thread-allocator-block-size=16777216"
    "memorysetup-cache-allocator-block-size=4194304"
    "memorysetup-typetree-allocator-block-size=2097152"
    "memorysetup-profiler-bucket-allocator-granularity=16"
    "memorysetup-profiler-bucket-allocator-bucket-count=8"
    "memorysetup-profiler-bucket-allocator-block-size=33554432"
    "memorysetup-profiler-bucket-allocator-block-count=8"
    "memorysetup-profiler-allocator-block-size=16777216"
    "memorysetup-profiler-editor-allocator-block-size=1048576"
    "memorysetup-temp-allocator-size-main=16777216"
    "memorysetup-job-temp-allocator-block-size=2097152"
    "memorysetup-job-temp-allocator-block-size-background=1048576"
    "memorysetup-job-temp-allocator-reduction-small-platforms=262144"
    "memorysetup-temp-allocator-size-background-worker=32768"
    "memorysetup-temp-allocator-size-job-worker=262144"
    "memorysetup-temp-allocator-size-preload-manager=33554432"
    "memorysetup-temp-allocator-size-nav-mesh-worker=65536"
    "memorysetup-temp-allocator-size-audio-worker=65536"
    "memorysetup-temp-allocator-size-cloud-worker=32768"
    "memorysetup-temp-allocator-size-gi-baking-worker=262144"
    "memorysetup-temp-allocator-size-gfx=262144"
Player connection [7958519488] Host "[IP] 192.168.0.2 [Port] 0 [Flags] 2 [Guid] 2736866625 [EditorId] 2736866625 [Version] 1048832 [Id] OSXEditor(0,Daniels-MacBook-Pro.local) [Debug] 1 [PackageName] OSXEditor [ProjectName] Editor" joined multi-casting on [225.0.0.222:54997]...

Player connection [7958519488] Host "[IP] 192.168.0.2 [Port] 0 [Flags] 2 [Guid] 2736866625 [EditorId] 2736866625 [Version] 1048832 [Id] OSXEditor(0,Daniels-MacBook-Pro.local) [Debug] 1 [PackageName] OSXEditor [ProjectName] Editor" joined alternative multi-casting on [225.0.0.222:34997]...

[Physics::Module] Initialized MultithreadedJobDispatcher with {0} workers.
Refreshing native plugins compatible for Editor in 121.01 ms, found 2 plugins.
Preloading 1 native plugins for Editor in 0.53 ms.
Initialize engine version: 2021.3.32f1 (3b9dae9532f5)
[Subsystems] Discovering subsystems at path /Applications/Unity/Hub/Editor/2021.3.32f1/Unity.app/Contents/Resources/UnitySubsystems
[Subsystems] Discovering subsystems at path /Users/daniel/Documents/fe-kingdom-mobile/trunk/FireEmblemMobile/FireEmblemMobileUnityProject/Assets
GfxDevice: creating device client; threaded=0; jobified=0
 preferred device: Apple M3 Pro (high power)
Metal devices available: 1
0: Apple M3 Pro (high power)
Using device Apple M3 Pro (high power)
Initializing Metal device caps: Apple M3 Pro
Shader 'CartoonCoffee/Particle Basic': fallback shader '2' not found
Shader 'CartoonCoffee/Particle Additive': fallback shader '2' not found
Shader 'MoreMountains/MMRipple': fallback shader 'Particle/AlphaBlended' not found
Initialize mono
Mono path[0] = '/Applications/Unity/Hub/Editor/2021.3.32f1/Unity.app/Contents/Managed'
Mono path[1] = '/Applications/Unity/Hub/Editor/2021.3.32f1/Unity.app/Contents/MonoBleedingEdge/lib/mono/unityjit-macos'
Mono config path = '/Applications/Unity/Hub/Editor/2021.3.32f1/Unity.app/Contents/MonoBleedingEdge/etc'
Using monoOptions --debugger-agent=transport=dt_socket,embedding=1,server=y,suspend=n,address=127.0.0.1:56986
Begin MonoManager ReloadAssembly
Registering precompiled unity dll's ...
Register platform support module: /Applications/Unity/Hub/Editor/2021.3.32f1/Unity.app/Contents/PlaybackEngines/MacStandaloneSupport/UnityEditor.OSXStandalone.Extensions.dll
Register platform support module: /Applications/Unity/Hub/Editor/2021.3.32f1/PlaybackEngines/AndroidPlayer/UnityEditor.Android.Extensions.dll
Register platform support module: /Applications/Unity/Hub/Editor/2021.3.32f1/PlaybackEngines/iOSSupport/UnityEditor.iOS.Extensions.dll
Registered in 0.001500 seconds.
[usbmuxd] Start listen thread
[usbmuxd] Listen thread started
[usbmuxd] Send listen message
Native extension for iOS target not found
Native extension for Android target not found
Android Extension - Scanning For ADB Devices 68 ms
Native extension for OSXStandalone target not found
Refreshing native plugins compatible for Editor in 141.10 ms, found 2 plugins.
Preloading 1 native plugins for Editor in 0.17 ms.
Mono: successfully reloaded assembly
- Completed reload, in  0.591 seconds
Domain Reload Profiling:
	ReloadAssembly (591ms)
		BeginReloadAssembly (60ms)
			ExecutionOrderSort (0ms)
			DisableScriptedObjects (0ms)
			BackupInstance (0ms)
			ReleaseScriptingObjects (0ms)
			CreateAndSetChildDomain (0ms)
		EndReloadAssembly (479ms)
			LoadAssemblies (61ms)
			RebuildTransferFunctionScriptingTraits (0ms)
			SetupTypeCache (65ms)
			ReleaseScriptCaches (0ms)
			RebuildScriptCaches (17ms)
			SetupLoadedEditorAssemblies (372ms)
				LogAssemblyErrors (0ms)
				InitializePlatformSupportModulesInManaged (174ms)
				SetLoadedEditorAssemblies (0ms)
				RefreshPlugins (141ms)
				BeforeProcessingInitializeOnLoad (1ms)
				ProcessInitializeOnLoadAttributes (36ms)
				ProcessInitializeOnLoadMethodAttributes (21ms)
				AfterProcessingInitializeOnLoad (0ms)
				EditorAssembliesLoaded (0ms)
			ExecutionOrderSort2 (0ms)
			AwakeInstancesAfterBackupRestoration (0ms)
Platform modules already initialized, skipping
Registering precompiled user dll's ...
Registered in 0.007220 seconds.
Begin MonoManager ReloadAssembly
Symbol file LoadedFromMemory is not a mono symbol file
Native extension for iOS target not found
2023-12-15 18:16:12.712 Unity[30986:1255146] [XcodeApplications] Failed to read NSDictionary from path Hq=/Contents/Info.plist
Native extension for Android target not found
Native extension for OSXStandalone target not found
Refreshing native plugins compatible for Editor in 124.42 ms, found 2 plugins.
Preloading 1 native plugins for Editor in 0.16 ms.
Package Manager log level set to [2]
[Package Manager] Server::EnsureServerProcessIsRunning -- launch failed, reason: Unity was launched with the -noUpm command-line argument
[Package Manager] Cannot connect to Unity Package Manager local server
Mono: successfully reloaded assembly
- Completed reload, in  1.232 seconds
Domain Reload Profiling:
	ReloadAssembly (1232ms)
		BeginReloadAssembly (53ms)
			ExecutionOrderSort (0ms)
			DisableScriptedObjects (3ms)
			BackupInstance (0ms)
			ReleaseScriptingObjects (0ms)
			CreateAndSetChildDomain (14ms)
		EndReloadAssembly (1123ms)
			LoadAssemblies (78ms)
			RebuildTransferFunctionScriptingTraits (0ms)
			SetupTypeCache (203ms)
			ReleaseScriptCaches (0ms)
			RebuildScriptCaches (61ms)
			SetupLoadedEditorAssemblies (740ms)
				LogAssemblyErrors (0ms)
				InitializePlatformSupportModulesInManaged (15ms)
				SetLoadedEditorAssemblies (0ms)
				RefreshPlugins (125ms)
				BeforeProcessingInitializeOnLoad (58ms)
				ProcessInitializeOnLoadAttributes (456ms)
				ProcessInitializeOnLoadMethodAttributes (86ms)
				AfterProcessingInitializeOnLoad (1ms)
				EditorAssembliesLoaded (0ms)
			ExecutionOrderSort2 (0ms)
			AwakeInstancesAfterBackupRestoration (1ms)
Platform modules already initialized, skipping
========================================================================
Worker process is ready to serve import requests
Shader 'CartoonCoffee/Particle Additive': fallback shader '2' not found
Shader 'MoreMountains/MMRipple': fallback shader 'Particle/AlphaBlended' not found
Shader 'CartoonCoffee/Particle Basic': fallback shader '2' not found
Launching external process: /Applications/Unity/Hub/Editor/2021.3.32f1/Unity.app/Contents/Tools/UnityShaderCompiler
Launched and connected shader compiler UnityShaderCompiler after 0.04 seconds
Refreshing native plugins compatible for Editor in 1.09 ms, found 2 plugins.
Preloading 1 native plugins for Editor in 0.14 ms.
Unloading 6619 Unused Serialized files (Serialized files now loaded: 0)
Unloading 102 unused Assets / (2.1 MB). Loaded Objects now: 7121.
Memory consumption went from 359.7 MB to 357.6 MB.
Total: 5.038084 ms (FindLiveObjects: 0.163042 ms CreateObjectMapping: 0.066458 ms MarkObjects: 4.393292 ms  DeleteObjects: 0.414709 ms)

AssetImportParameters requested are different than current active one (requested -> active):
  custom:video-decoder-ogg-theora: a1e56fd34408186e4bbccfd4996cb3dc -> 
  custom:container-muxer-webm: aa71ff27fc2769a1b78a27578f13a17b -> 
  custom:container-demuxer-webm: 4f35f7cbe854078d1ac9338744f61a02 -> 
  custom:video-encoder-webm-vp8: eb34c28f22e8b96e1ab97ce403110664 -> 
  custom:framework-osx-AVFoundation: e770b220cccbd017edd2c1fefb359320 -> 
  custom:CustomObjectIndexerAttribute: f67f22312cbe972f2da930a377ed3d15 -> 
  custom:audio-encoder-webm-vorbis: bf7c407c2cedff20999df2af8eb42d56 -> 
  custom:SearchIndexIgnoredProperties: e643bd26f0fe6173181afceb89e7c659 -> 
  custom:container-demuxer-ogg: 62fdf1f143b41e24485cea50d1cbac27 -> 
  custom:video-decoder-webm-vp8: 9c59270c3fd7afecdb556c50c9e8de78 -> 
  custom:audio-decoder-ogg-vorbis: bf7c407c2cedff20999df2af8eb42d56 -> 
========================================================================
Received Prepare
Registering precompiled user dll's ...
Registered in 0.001534 seconds.
Begin MonoManager ReloadAssembly
Thread 0x2d2bc7000 may have been prematurely finalized
Symbol file LoadedFromMemory is not a mono symbol file
Native extension for iOS target not found
Native extension for Android target not found
Native extension for OSXStandalone target not found
Refreshing native plugins compatible for Editor in 1.08 ms, found 2 plugins.
Preloading 1 native plugins for Editor in 0.15 ms.
[Package Manager] Server::EnsureServerProcessIsRunning -- launch failed, reason: Unity was launched with the -noUpm command-line argument
[Package Manager] Cannot connect to Unity Package Manager local server
Mono: successfully reloaded assembly
- Completed reload, in  1.011 seconds
Domain Reload Profiling:
	ReloadAssembly (1011ms)
		BeginReloadAssembly (83ms)
			ExecutionOrderSort (0ms)
			DisableScriptedObjects (3ms)
			BackupInstance (0ms)
			ReleaseScriptingObjects (0ms)
			CreateAndSetChildDomain (36ms)
		EndReloadAssembly (884ms)
			LoadAssemblies (37ms)
			RebuildTransferFunctionScriptingTraits (0ms)
			SetupTypeCache (193ms)
			ReleaseScriptCaches (1ms)
			RebuildScriptCaches (31ms)
			SetupLoadedEditorAssemblies (576ms)
				LogAssemblyErrors (0ms)
				InitializePlatformSupportModulesInManaged (13ms)
				SetLoadedEditorAssemblies (0ms)
				RefreshPlugins (1ms)
				BeforeProcessingInitializeOnLoad (40ms)
				ProcessInitializeOnLoadAttributes (442ms)
				ProcessInitializeOnLoadMethodAttributes (78ms)
				AfterProcessingInitializeOnLoad (1ms)
				EditorAssembliesLoaded (0ms)
			ExecutionOrderSort2 (0ms)
			AwakeInstancesAfterBackupRestoration (5ms)
Platform modules already initialized, skipping
Shader 'CartoonCoffee/Particle Additive': fallback shader '2' not found
Shader 'MoreMountains/MMRipple': fallback shader 'Particle/AlphaBlended' not found
Shader 'CartoonCoffee/Particle Basic': fallback shader '2' not found
Refreshing native plugins compatible for Editor in 1.26 ms, found 2 plugins.
Preloading 1 native plugins for Editor in 0.16 ms.
Unloading 6392 Unused Serialized files (Serialized files now loaded: 0)
Unloading 80 unused Assets / (2.1 MB). Loaded Objects now: 7137.
Memory consumption went from 338.9 MB to 336.8 MB.
Total: 5.330750 ms (FindLiveObjects: 0.222208 ms CreateObjectMapping: 0.096292 ms MarkObjects: 4.655125 ms  DeleteObjects: 0.356583 ms)

AssetImportParameters requested are different than current active one (requested -> active):
  custom:video-decoder-ogg-theora: a1e56fd34408186e4bbccfd4996cb3dc -> 
  custom:container-muxer-webm: aa71ff27fc2769a1b78a27578f13a17b -> 
  custom:container-demuxer-webm: 4f35f7cbe854078d1ac9338744f61a02 -> 
  custom:video-encoder-webm-vp8: eb34c28f22e8b96e1ab97ce403110664 -> 
  custom:framework-osx-AVFoundation: e770b220cccbd017edd2c1fefb359320 -> 
  custom:CustomObjectIndexerAttribute: f67f22312cbe972f2da930a377ed3d15 -> 
  custom:audio-encoder-webm-vorbis: bf7c407c2cedff20999df2af8eb42d56 -> 
  custom:SearchIndexIgnoredProperties: e643bd26f0fe6173181afceb89e7c659 -> 
  custom:container-demuxer-ogg: 62fdf1f143b41e24485cea50d1cbac27 -> 
  custom:video-decoder-webm-vp8: 9c59270c3fd7afecdb556c50c9e8de78 -> 
  custom:audio-decoder-ogg-vorbis: bf7c407c2cedff20999df2af8eb42d56 -> 
========================================================================
Received Import Request.
  Time since last request: 144467.984147 seconds.
  path: Assets/03_Prefabs/Units/Grid/ArmorKnightAnimatedSprite.prefab
  artifactKey: Guid(3023e7b61d707844091efebe0d84d607) Importer(815301076,1909f56bfc062723c751e8b465ee728b)
Number of updated assets reloaded before import = 0
Start importing Assets/03_Prefabs/Units/Grid/ArmorKnightAnimatedSprite.prefab using Guid(3023e7b61d707844091efebe0d84d607) Importer(815301076,1909f56bfc062723c751e8b465ee728b)  -> (artifact id: 'e7ce1e96cd634285a45dde88128dfe40') in 0.247512 seconds 
Number of asset objects unloaded after import = 1043
========================================================================
Received Import Request.
  Time since last request: 0.000048 seconds.
  path: Assets/03_Prefabs/Units/Grid/SkeletonRiderAnimatedSprite.prefab
  artifactKey: Guid(f782b017bae238340ba6faff38e743c9) Importer(815301076,1909f56bfc062723c751e8b465ee728b)
Number of updated assets reloaded before import = 0
Start importing Assets/03_Prefabs/Units/Grid/SkeletonRiderAnimatedSprite.prefab using Guid(f782b017bae238340ba6faff38e743c9) Importer(815301076,1909f56bfc062723c751e8b465ee728b)  -> (artifact id: 'df35db67161048d40328917fe0b76c31') in 0.137945 seconds 
Number of asset objects unloaded after import = 1688
========================================================================
Received Import Request.
  Time since last request: 0.000040 seconds.
  path: Assets/03_Prefabs/Units/Grid/SlothAnimatedSprite.prefab
  artifactKey: Guid(ad0d9392db7054d24bced45f262ccd6f) Importer(815301076,1909f56bfc062723c751e8b465ee728b)
Number of updated assets reloaded before import = 0
Start importing Assets/03_Prefabs/Units/Grid/SlothAnimatedSprite.prefab using Guid(ad0d9392db7054d24bced45f262ccd6f) Importer(815301076,1909f56bfc062723c751e8b465ee728b)  -> (artifact id: 'd2c68187a689597c21b0bb9b5d4afd65') in 0.094274 seconds 
Number of asset objects unloaded after import = 1651
========================================================================
Received Import Request.
  Time since last request: 0.000080 seconds.
  path: Assets/03_Prefabs/Units/Grid/ClericAnimatedSprite.prefab
  artifactKey: Guid(be623a0cde1bf5e4485fb1d57310ccae) Importer(815301076,1909f56bfc062723c751e8b465ee728b)
Number of updated assets reloaded before import = 0
Start importing Assets/03_Prefabs/Units/Grid/ClericAnimatedSprite.prefab using Guid(be623a0cde1bf5e4485fb1d57310ccae) Importer(815301076,1909f56bfc062723c751e8b465ee728b)  -> (artifact id: 'e992eba4d91c04d952de98aecaef84b2') in 0.124371 seconds 
Number of asset objects unloaded after import = 1687
========================================================================
Received Import Request.
  Time since last request: 0.000055 seconds.
  path: Assets/03_Prefabs/Units/Grid/CavalierAnimatedSprite.prefab
  artifactKey: Guid(6ceace14316c57c48bfc74a1f2799d19) Importer(815301076,1909f56bfc062723c751e8b465ee728b)
Number of updated assets reloaded before import = 0
Start importing Assets/03_Prefabs/Units/Grid/CavalierAnimatedSprite.prefab using Guid(6ceace14316c57c48bfc74a1f2799d19) Importer(815301076,1909f56bfc062723c751e8b465ee728b)  -> (artifact id: 'bff73019176a933e25f2ea5c6a93cf84') in 0.079901 seconds 
Number of asset objects unloaded after import = 1556
========================================================================
Received Import Request.
  Time since last request: 0.000041 seconds.
  path: Assets/03_Prefabs/Units/Grid/SkeletonAnimatedSprite.prefab
  artifactKey: Guid(84d07bf8bd645534fb93a338f78522a6) Importer(815301076,1909f56bfc062723c751e8b465ee728b)
Number of updated assets reloaded before import = 0
Start importing Assets/03_Prefabs/Units/Grid/SkeletonAnimatedSprite.prefab using Guid(84d07bf8bd645534fb93a338f78522a6) Importer(815301076,1909f56bfc062723c751e8b465ee728b)  -> (artifact id: 'ae0ef1220facfe793b4e86e725fb173b') in 0.088553 seconds 
Number of asset objects unloaded after import = 1688
========================================================================
Received Import Request.
  Time since last request: 0.000048 seconds.
  path: Assets/03_Prefabs/Units/Grid/TwoHandedAnimatedSprite.prefab
  artifactKey: Guid(6d4bc504bf009cc4f93767a3c51ddf59) Importer(815301076,1909f56bfc062723c751e8b465ee728b)
Number of updated assets reloaded before import = 0
Start importing Assets/03_Prefabs/Units/Grid/TwoHandedAnimatedSprite.prefab using Guid(6d4bc504bf009cc4f93767a3c51ddf59) Importer(815301076,1909f56bfc062723c751e8b465ee728b)  -> (artifact id: '06464e4c87c31c2cad1f4dacf71dcb6a') in 0.086212 seconds 
Number of asset objects unloaded after import = 1682
========================================================================
Received Import Request.
  Time since last request: 0.000039 seconds.
  path: Assets/03_Prefabs/Units/Grid/ScorpionRiderAnimatedSprite.prefab
  artifactKey: Guid(7e373fae0dfd0de4aa0656b3697e5c9f) Importer(815301076,1909f56bfc062723c751e8b465ee728b)
Number of updated assets reloaded before import = 0
Start importing Assets/03_Prefabs/Units/Grid/ScorpionRiderAnimatedSprite.prefab using Guid(7e373fae0dfd0de4aa0656b3697e5c9f) Importer(815301076,1909f56bfc062723c751e8b465ee728b)  -> (artifact id: 'd90447858f84cd60649dd833f906bb17') in 0.106097 seconds 
Number of asset objects unloaded after import = 1691
========================================================================
Received Import Request.
  Time since last request: 0.000034 seconds.
  path: Assets/03_Prefabs/Units/Grid/WitchAnimatedSprite.prefab
  artifactKey: Guid(5bf837911a4ad784d94dc19dd361bd78) Importer(815301076,1909f56bfc062723c751e8b465ee728b)
Number of updated assets reloaded before import = 0
Start importing Assets/03_Prefabs/Units/Grid/WitchAnimatedSprite.prefab using Guid(5bf837911a4ad784d94dc19dd361bd78) Importer(815301076,1909f56bfc062723c751e8b465ee728b)  -> (artifact id: '6d3a106e6eff4a3eff6aa14e4bdf62f9') in 0.084713 seconds 
Number of asset objects unloaded after import = 1681
========================================================================
Received Import Request.
  Time since last request: 0.000042 seconds.
  path: Assets/03_Prefabs/Units/Grid/SkeletonOfficierAnimatedSprite.prefab
  artifactKey: Guid(2103419a607df6f49b01cab5ef383302) Importer(815301076,1909f56bfc062723c751e8b465ee728b)
Number of updated assets reloaded before import = 0
Start importing Assets/03_Prefabs/Units/Grid/SkeletonOfficierAnimatedSprite.prefab using Guid(2103419a607df6f49b01cab5ef383302) Importer(815301076,1909f56bfc062723c751e8b465ee728b)  -> (artifact id: '4704c5c5bca6190d562824d5af4c60b1') in 0.081639 seconds 
Number of asset objects unloaded after import = 1675
========================================================================
Received Import Request.
  Time since last request: 0.000041 seconds.
  path: Assets/03_Prefabs/Units/Grid/RogueAnimatedSprite.prefab
  artifactKey: Guid(671f247f3a9afd54a9fd63203bf3b25f) Importer(815301076,1909f56bfc062723c751e8b465ee728b)
Number of updated assets reloaded before import = 0
Start importing Assets/03_Prefabs/Units/Grid/RogueAnimatedSprite.prefab using Guid(671f247f3a9afd54a9fd63203bf3b25f) Importer(815301076,1909f56bfc062723c751e8b465ee728b)  -> (artifact id: '8c2808c28a273f41803be7f16136b1eb') in 0.082841 seconds 
Number of asset objects unloaded after import = 1650
========================================================================
Received Import Request.
  Time since last request: 5.573857 seconds.
  path: Assets/12_External/JMO Assets/Cartoon FX (legacy)/Materials/Blood/CFX2_Blood AB.mat
  artifactKey: Guid(cfeb0e44c6f4bc34086102e1a7ace033) Importer(815301076,1909f56bfc062723c751e8b465ee728b)
Number of updated assets reloaded before import = 0
Start importing Assets/12_External/JMO Assets/Cartoon FX (legacy)/Materials/Blood/CFX2_Blood AB.mat using Guid(cfeb0e44c6f4bc34086102e1a7ace033) Importer(815301076,1909f56bfc062723c751e8b465ee728b)  -> (artifact id: '38c0d541a238d839c599cc48df05b35e') in 0.095328 seconds 
Number of asset objects unloaded after import = 3
========================================================================
Received Import Request.
  Time since last request: 0.579815 seconds.
  path: Assets/12_External/JMO Assets/Cartoon FX Remaster/CFXR Prefabs/Texts/CFXR _POW_.prefab
  artifactKey: Guid(141e1779869c79845bd243610f187f47) Importer(815301076,1909f56bfc062723c751e8b465ee728b)
Number of updated assets reloaded before import = 0
Start importing Assets/12_External/JMO Assets/Cartoon FX Remaster/CFXR Prefabs/Texts/CFXR _POW_.prefab using Guid(141e1779869c79845bd243610f187f47) Importer(815301076,1909f56bfc062723c751e8b465ee728b)  -> (artifact id: '04936bc165ad04dc89562f552d4f053d') in 0.024218 seconds 
Number of asset objects unloaded after import = 91
========================================================================
Received Import Request.
  Time since last request: 0.000044 seconds.
  path: Assets/12_External/JMO Assets/Cartoon FX Remaster/CFXR Prefabs/Texts/CFXR _WHOOSH_.prefab
  artifactKey: Guid(3651823a41fca8344af5998405e31e9c) Importer(815301076,1909f56bfc062723c751e8b465ee728b)
Number of updated assets reloaded before import = 0
Start importing Assets/12_External/JMO Assets/Cartoon FX Remaster/CFXR Prefabs/Texts/CFXR _WHOOSH_.prefab using Guid(3651823a41fca8344af5998405e31e9c) Importer(815301076,1909f56bfc062723c751e8b465ee728b)  -> (artifact id: '82233da5d160794574377465853eaecd') in 0.009216 seconds 
Number of asset objects unloaded after import = 99
========================================================================
Received Import Request.
  Time since last request: 0.000059 seconds.
  path: Assets/12_External/JMO Assets/Cartoon FX Remaster/CFXR Prefabs/Texts/Variants Font WashYourHand/CFXR _WHAM_.prefab
  artifactKey: Guid(970babb23bb4acc4b817b8e85749b4d6) Importer(815301076,1909f56bfc062723c751e8b465ee728b)
Number of updated assets reloaded before import = 0
Start importing Assets/12_External/JMO Assets/Cartoon FX Remaster/CFXR Prefabs/Texts/Variants Font WashYourHand/CFXR _WHAM_.prefab using Guid(970babb23bb4acc4b817b8e85749b4d6) Importer(815301076,1909f56bfc062723c751e8b465ee728b)  -> (artifact id: '589fd7ed30ce4077891bad38b54d92dc') in 0.010772 seconds 
Number of asset objects unloaded after import = 95
========================================================================
Received Import Request.
  Time since last request: 0.000033 seconds.
  path: Assets/12_External/JMO Assets/Cartoon FX Remaster/CFXR Prefabs/Texts/CFXR _SPLASH_ 2.prefab
  artifactKey: Guid(b37a451fed04afa419e1991cfdffbf99) Importer(815301076,1909f56bfc062723c751e8b465ee728b)
Number of updated assets reloaded before import = 0
Start importing Assets/12_External/JMO Assets/Cartoon FX Remaster/CFXR Prefabs/Texts/CFXR _SPLASH_ 2.prefab using Guid(b37a451fed04afa419e1991cfdffbf99) Importer(815301076,1909f56bfc062723c751e8b465ee728b)  -> (artifact id: 'cc997e378afb8980859dafa928cecde8') in 0.008387 seconds 
Number of asset objects unloaded after import = 107
========================================================================
Received Import Request.
  Time since last request: 0.000050 seconds.
  path: Assets/12_External/JMO Assets/Cartoon FX Remaster/CFXR Prefabs/Texts/CFXR _SPLASH_.prefab
  artifactKey: Guid(e99894e95a9cbca4b9d985829c59f645) Importer(815301076,1909f56bfc062723c751e8b465ee728b)
Number of updated assets reloaded before import = 0
Start importing Assets/12_External/JMO Assets/Cartoon FX Remaster/CFXR Prefabs/Texts/CFXR _SPLASH_.prefab using Guid(e99894e95a9cbca4b9d985829c59f645) Importer(815301076,1909f56bfc062723c751e8b465ee728b)  -> (artifact id: '1c7b9c8cd4f41582681ab55c3ccfdb75') in 0.008066 seconds 
Number of asset objects unloaded after import = 107
========================================================================
Received Import Request.
  Time since last request: 1.229147 seconds.
  path: Assets/12_External/JMO Assets/Cartoon FX Remaster/CFXR Prefabs/Magic Misc/Variants/CFXR3 Hit Magical Stars (Green).prefab
  artifactKey: Guid(4f3fcbeca39ff4449869ad5e5f7c6d37) Importer(815301076,1909f56bfc062723c751e8b465ee728b)
Number of updated assets reloaded before import = 0
Start importing Assets/12_External/JMO Assets/Cartoon FX Remaster/CFXR Prefabs/Magic Misc/Variants/CFXR3 Hit Magical Stars (Green).prefab using Guid(4f3fcbeca39ff4449869ad5e5f7c6d37) Importer(815301076,1909f56bfc062723c751e8b465ee728b)  -> (artifact id: '9e1e9840040f8399d27d9e15f13e25aa') in 0.030156 seconds 
Number of asset objects unloaded after import = 75
========================================================================
Received Import Request.
  Time since last request: 0.000041 seconds.
  path: Assets/12_External/JMO Assets/Cartoon FX Remaster/CFXR Prefabs/Magic Misc/CFXR3 Magic Aura A (Runic).prefab
  artifactKey: Guid(a71be3e7990efb040a07565c43cbb198) Importer(815301076,1909f56bfc062723c751e8b465ee728b)
Number of updated assets reloaded before import = 0
Start importing Assets/12_External/JMO Assets/Cartoon FX Remaster/CFXR Prefabs/Magic Misc/CFXR3 Magic Aura A (Runic).prefab using Guid(a71be3e7990efb040a07565c43cbb198) Importer(815301076,1909f56bfc062723c751e8b465ee728b)  -> (artifact id: '377d33e89e6a83d8dd8edd775f901b83') in 0.032977 seconds 
Number of asset objects unloaded after import = 30
Editor requested this worker to shutdown with reason: Scaling down because of idle timeout
AssetImportWorker is now disconnected from the server
Process exiting
