Unity Editor version:    2021.3.32f1 (3b9dae9532f5)
Branch:                  2021.3/staging
Build type:              Release
Batch mode:              YES
macOS version:           Version 14.1.1 (Build 23B2082)
Darwin version:          23.1.0
Architecture:            arm64
Running under Rosetta:   NO
Available memory:        18432 MB
Using pre-set license
Pro License: YES

COMMAND LINE ARGUMENTS:
/Applications/Unity/Hub/Editor/2021.3.32f1/Unity.app/Contents/MacOS/Unity
-adb2
-batchMode
-noUpm
-name
AssetImportWorker11
-projectPath
/Users/daniel/Documents/fe-kingdom-mobile/trunk/FireEmblemMobile/FireEmblemMobileUnityProject
-logFile
Logs/AssetImportWorker11.log
-srvPort
49287
Successfully changed project path to: /Users/daniel/Documents/fe-kingdom-mobile/trunk/FireEmblemMobile/FireEmblemMobileUnityProject
/Users/daniel/Documents/fe-kingdom-mobile/trunk/FireEmblemMobile/FireEmblemMobileUnityProject
[UnityMemory] Configuration Parameters - Can be set up in boot.config
    "memorysetup-bucket-allocator-granularity=16"
    "memorysetup-bucket-allocator-bucket-count=8"
    "memorysetup-bucket-allocator-block-size=33554432"
    "memorysetup-bucket-allocator-block-count=8"
    "memorysetup-main-allocator-block-size=16777216"
    "memorysetup-thread-allocator-block-size=16777216"
    "memorysetup-gfx-main-allocator-block-size=16777216"
    "memorysetup-gfx-thread-allocator-block-size=16777216"
    "memorysetup-cache-allocator-block-size=4194304"
    "memorysetup-typetree-allocator-block-size=2097152"
    "memorysetup-profiler-bucket-allocator-granularity=16"
    "memorysetup-profiler-bucket-allocator-bucket-count=8"
    "memorysetup-profiler-bucket-allocator-block-size=33554432"
    "memorysetup-profiler-bucket-allocator-block-count=8"
    "memorysetup-profiler-allocator-block-size=16777216"
    "memorysetup-profiler-editor-allocator-block-size=1048576"
    "memorysetup-temp-allocator-size-main=16777216"
    "memorysetup-job-temp-allocator-block-size=2097152"
    "memorysetup-job-temp-allocator-block-size-background=1048576"
    "memorysetup-job-temp-allocator-reduction-small-platforms=262144"
    "memorysetup-temp-allocator-size-background-worker=32768"
    "memorysetup-temp-allocator-size-job-worker=262144"
    "memorysetup-temp-allocator-size-preload-manager=33554432"
    "memorysetup-temp-allocator-size-nav-mesh-worker=65536"
    "memorysetup-temp-allocator-size-audio-worker=65536"
    "memorysetup-temp-allocator-size-cloud-worker=32768"
    "memorysetup-temp-allocator-size-gi-baking-worker=262144"
    "memorysetup-temp-allocator-size-gfx=262144"
Player connection [8035589824] Host "[IP] 192.168.0.2 [Port] 0 [Flags] 2 [Guid] 3084702279 [EditorId] 3084702279 [Version] 1048832 [Id] OSXEditor(0,Daniels-MacBook-Pro.local) [Debug] 1 [PackageName] OSXEditor [ProjectName] Editor" joined multi-casting on [225.0.0.222:54997]...

Player connection [8035589824] Host "[IP] 192.168.0.2 [Port] 0 [Flags] 2 [Guid] 3084702279 [EditorId] 3084702279 [Version] 1048832 [Id] OSXEditor(0,Daniels-MacBook-Pro.local) [Debug] 1 [PackageName] OSXEditor [ProjectName] Editor" joined alternative multi-casting on [225.0.0.222:34997]...

[Physics::Module] Initialized MultithreadedJobDispatcher with {0} workers.
Refreshing native plugins compatible for Editor in 126.88 ms, found 2 plugins.
Preloading 1 native plugins for Editor in 0.51 ms.
Initialize engine version: 2021.3.32f1 (3b9dae9532f5)
[Subsystems] Discovering subsystems at path /Applications/Unity/Hub/Editor/2021.3.32f1/Unity.app/Contents/Resources/UnitySubsystems
[Subsystems] Discovering subsystems at path /Users/daniel/Documents/fe-kingdom-mobile/trunk/FireEmblemMobile/FireEmblemMobileUnityProject/Assets
GfxDevice: creating device client; threaded=0; jobified=0
 preferred device: Apple M3 Pro (high power)
Metal devices available: 1
0: Apple M3 Pro (high power)
Using device Apple M3 Pro (high power)
Initializing Metal device caps: Apple M3 Pro
Shader 'CartoonCoffee/Particle Basic': fallback shader '2' not found
Shader 'CartoonCoffee/Particle Additive': fallback shader '2' not found
Shader 'MoreMountains/MMRipple': fallback shader 'Particle/AlphaBlended' not found
Initialize mono
Mono path[0] = '/Applications/Unity/Hub/Editor/2021.3.32f1/Unity.app/Contents/Managed'
Mono path[1] = '/Applications/Unity/Hub/Editor/2021.3.32f1/Unity.app/Contents/MonoBleedingEdge/lib/mono/unityjit-macos'
Mono config path = '/Applications/Unity/Hub/Editor/2021.3.32f1/Unity.app/Contents/MonoBleedingEdge/etc'
Using monoOptions --debugger-agent=transport=dt_socket,embedding=1,server=y,suspend=n,address=127.0.0.1:56939
Begin MonoManager ReloadAssembly
Registering precompiled unity dll's ...
Register platform support module: /Applications/Unity/Hub/Editor/2021.3.32f1/Unity.app/Contents/PlaybackEngines/MacStandaloneSupport/UnityEditor.OSXStandalone.Extensions.dll
Register platform support module: /Applications/Unity/Hub/Editor/2021.3.32f1/PlaybackEngines/AndroidPlayer/UnityEditor.Android.Extensions.dll
Register platform support module: /Applications/Unity/Hub/Editor/2021.3.32f1/PlaybackEngines/iOSSupport/UnityEditor.iOS.Extensions.dll
Registered in 0.001940 seconds.
[usbmuxd] Start listen thread
[usbmuxd] Listen thread started
[usbmuxd] Send listen message
Native extension for iOS target not found
Native extension for Android target not found
Android Extension - Scanning For ADB Devices 68 ms
Native extension for OSXStandalone target not found
Refreshing native plugins compatible for Editor in 120.08 ms, found 2 plugins.
Preloading 1 native plugins for Editor in 0.19 ms.
Mono: successfully reloaded assembly
- Completed reload, in  0.525 seconds
Domain Reload Profiling:
	ReloadAssembly (525ms)
		BeginReloadAssembly (51ms)
			ExecutionOrderSort (0ms)
			DisableScriptedObjects (0ms)
			BackupInstance (0ms)
			ReleaseScriptingObjects (0ms)
			CreateAndSetChildDomain (0ms)
		EndReloadAssembly (426ms)
			LoadAssemblies (52ms)
			RebuildTransferFunctionScriptingTraits (0ms)
			SetupTypeCache (57ms)
			ReleaseScriptCaches (0ms)
			RebuildScriptCaches (15ms)
			SetupLoadedEditorAssemblies (333ms)
				LogAssemblyErrors (0ms)
				InitializePlatformSupportModulesInManaged (162ms)
				SetLoadedEditorAssemblies (0ms)
				RefreshPlugins (120ms)
				BeforeProcessingInitializeOnLoad (1ms)
				ProcessInitializeOnLoadAttributes (31ms)
				ProcessInitializeOnLoadMethodAttributes (18ms)
				AfterProcessingInitializeOnLoad (0ms)
				EditorAssembliesLoaded (0ms)
			ExecutionOrderSort2 (0ms)
			AwakeInstancesAfterBackupRestoration (0ms)
Platform modules already initialized, skipping
Registering precompiled user dll's ...
Registered in 0.009490 seconds.
Begin MonoManager ReloadAssembly
Symbol file LoadedFromMemory is not a mono symbol file
Native extension for iOS target not found
2023-12-01 08:43:54.802 Unity[7939:390837] [XcodeApplications] Failed to read NSDictionary from path HW(/Contents/Info.plist
Native extension for Android target not found
Native extension for OSXStandalone target not found
Refreshing native plugins compatible for Editor in 123.39 ms, found 2 plugins.
Preloading 1 native plugins for Editor in 0.19 ms.
Package Manager log level set to [2]
[Package Manager] Server::EnsureServerProcessIsRunning -- launch failed, reason: Unity was launched with the -noUpm command-line argument
[Package Manager] Cannot connect to Unity Package Manager local server
Mono: successfully reloaded assembly
- Completed reload, in  1.222 seconds
Domain Reload Profiling:
	ReloadAssembly (1223ms)
		BeginReloadAssembly (49ms)
			ExecutionOrderSort (0ms)
			DisableScriptedObjects (2ms)
			BackupInstance (0ms)
			ReleaseScriptingObjects (0ms)
			CreateAndSetChildDomain (13ms)
		EndReloadAssembly (1121ms)
			LoadAssemblies (79ms)
			RebuildTransferFunctionScriptingTraits (0ms)
			SetupTypeCache (186ms)
			ReleaseScriptCaches (0ms)
			RebuildScriptCaches (58ms)
			SetupLoadedEditorAssemblies (760ms)
				LogAssemblyErrors (0ms)
				InitializePlatformSupportModulesInManaged (13ms)
				SetLoadedEditorAssemblies (0ms)
				RefreshPlugins (124ms)
				BeforeProcessingInitializeOnLoad (56ms)
				ProcessInitializeOnLoadAttributes (483ms)
				ProcessInitializeOnLoadMethodAttributes (84ms)
				AfterProcessingInitializeOnLoad (1ms)
				EditorAssembliesLoaded (0ms)
			ExecutionOrderSort2 (0ms)
			AwakeInstancesAfterBackupRestoration (1ms)
Platform modules already initialized, skipping
========================================================================
Worker process is ready to serve import requests
Shader 'MoreMountains/MMRipple': fallback shader 'Particle/AlphaBlended' not found
Shader 'CartoonCoffee/Particle Basic': fallback shader '2' not found
Shader 'CartoonCoffee/Particle Additive': fallback shader '2' not found
Launching external process: /Applications/Unity/Hub/Editor/2021.3.32f1/Unity.app/Contents/Tools/UnityShaderCompiler
Launched and connected shader compiler UnityShaderCompiler after 0.04 seconds
Refreshing native plugins compatible for Editor in 1.17 ms, found 2 plugins.
Preloading 1 native plugins for Editor in 0.17 ms.
Unloading 6760 Unused Serialized files (Serialized files now loaded: 0)
Unloading 102 unused Assets / (2.6 MB). Loaded Objects now: 7261.
Memory consumption went from 362.8 MB to 360.2 MB.
Total: 4.926375 ms (FindLiveObjects: 0.194416 ms CreateObjectMapping: 0.064125 ms MarkObjects: 4.302667 ms  DeleteObjects: 0.364833 ms)

AssetImportParameters requested are different than current active one (requested -> active):
  custom:video-decoder-ogg-theora: a1e56fd34408186e4bbccfd4996cb3dc -> 
  custom:container-muxer-webm: aa71ff27fc2769a1b78a27578f13a17b -> 
  custom:container-demuxer-webm: 4f35f7cbe854078d1ac9338744f61a02 -> 
  custom:video-encoder-webm-vp8: eb34c28f22e8b96e1ab97ce403110664 -> 
  custom:framework-osx-AVFoundation: e770b220cccbd017edd2c1fefb359320 -> 
  custom:CustomObjectIndexerAttribute: f67f22312cbe972f2da930a377ed3d15 -> 
  custom:audio-encoder-webm-vorbis: bf7c407c2cedff20999df2af8eb42d56 -> 
  custom:SearchIndexIgnoredProperties: e643bd26f0fe6173181afceb89e7c659 -> 
  custom:container-demuxer-ogg: 62fdf1f143b41e24485cea50d1cbac27 -> 
  custom:video-decoder-webm-vp8: 9c59270c3fd7afecdb556c50c9e8de78 -> 
  custom:audio-decoder-ogg-vorbis: bf7c407c2cedff20999df2af8eb42d56 -> 
========================================================================
Received Import Request.
  Time since last request: 50241.371323 seconds.
  path: Assets/07_GameData/Items
  artifactKey: Guid(c6e93002e6c06c94ca0f48c619e75d7a) Importer(815301076,1909f56bfc062723c751e8b465ee728b)
Number of updated assets reloaded before import = 0
Start importing Assets/07_GameData/Items using Guid(c6e93002e6c06c94ca0f48c619e75d7a) Importer(815301076,1909f56bfc062723c751e8b465ee728b)  -> (artifact id: '28cfb0e539a60ff58ca24a66aa5f6adb') in 0.009900 seconds 
Number of asset objects unloaded after import = 0
========================================================================
Received Import Request.
  Time since last request: 4.051493 seconds.
  path: Assets/07_GameData/Units/Bosses/SlothLion/SlothBP.asset
  artifactKey: Guid(3819c88fbc3a643168561bff4efa6d9d) Importer(815301076,1909f56bfc062723c751e8b465ee728b)
Number of updated assets reloaded before import = 0
Start importing Assets/07_GameData/Units/Bosses/SlothLion/SlothBP.asset using Guid(3819c88fbc3a643168561bff4efa6d9d) Importer(815301076,1909f56bfc062723c751e8b465ee728b)  -> (artifact id: '1753ac52c2efc5c794729d7707cbdfe4') in 0.157720 seconds 
Number of asset objects unloaded after import = 997
========================================================================
Received Import Request.
  Time since last request: 481.401896 seconds.
  path: Assets/07_GameData/Units/Visuals/MinoTaurSpriteSet 1.asset
  artifactKey: Guid(569f26b11a5864939beb659fabb37a70) Importer(815301076,1909f56bfc062723c751e8b465ee728b)
Number of updated assets reloaded before import = 0
Start importing Assets/07_GameData/Units/Visuals/MinoTaurSpriteSet 1.asset using Guid(569f26b11a5864939beb659fabb37a70) Importer(815301076,1909f56bfc062723c751e8b465ee728b)  -> (artifact id: 'b0ec1db7658318709738e6fadce720c3') in 0.074819 seconds 
Number of asset objects unloaded after import = 862
========================================================================
Received Import Request.
  Time since last request: 9.247921 seconds.
  path: Assets/07_GameData/Units/Visuals/SlothSpriteSet.asset
  artifactKey: Guid(569f26b11a5864939beb659fabb37a70) Importer(815301076,1909f56bfc062723c751e8b465ee728b)
Number of updated assets reloaded before import = 0
Start importing Assets/07_GameData/Units/Visuals/SlothSpriteSet.asset using Guid(569f26b11a5864939beb659fabb37a70) Importer(815301076,1909f56bfc062723c751e8b465ee728b)  -> (artifact id: 'a28d39f46fa0f0a8c699c5b8f7564e1a') in 0.027254 seconds 
Number of asset objects unloaded after import = 862
========================================================================
Received Import Request.
  Time since last request: 6.884104 seconds.
  path: Assets/07_GameData/Units/Bosses/SlothLion/SlothBP.asset
  artifactKey: Guid(3819c88fbc3a643168561bff4efa6d9d) Importer(815301076,1909f56bfc062723c751e8b465ee728b)
Number of updated assets reloaded before import = 0
Start importing Assets/07_GameData/Units/Bosses/SlothLion/SlothBP.asset using Guid(3819c88fbc3a643168561bff4efa6d9d) Importer(815301076,1909f56bfc062723c751e8b465ee728b)  -> (artifact id: 'b5091a4ee57effde682665bf2446d46d') in 0.047401 seconds 
Number of asset objects unloaded after import = 984
========================================================================
Received Import Request.
  Time since last request: 3.171270 seconds.
  path: Assets/07_GameData/Units/Visuals/ArmorKnightSpriteSet.asset
  artifactKey: Guid(0d6a4708cd96f9743b309d04b2d3861f) Importer(815301076,1909f56bfc062723c751e8b465ee728b)
Number of updated assets reloaded before import = 0
Start importing Assets/07_GameData/Units/Visuals/ArmorKnightSpriteSet.asset using Guid(0d6a4708cd96f9743b309d04b2d3861f) Importer(815301076,1909f56bfc062723c751e8b465ee728b)  -> (artifact id: '5174aef6cd3b20f4bcadcc3ddee17bbc') in 0.059122 seconds 
Number of asset objects unloaded after import = 1129
========================================================================
Received Import Request.
  Time since last request: 0.000040 seconds.
  path: Assets/07_GameData/Units/Visuals/RangerClassUpgradeSpriteSet.asset
  artifactKey: Guid(34ac43852669f3d40a5d69f65844ef76) Importer(815301076,1909f56bfc062723c751e8b465ee728b)
Number of updated assets reloaded before import = 0
Start importing Assets/07_GameData/Units/Visuals/RangerClassUpgradeSpriteSet.asset using Guid(34ac43852669f3d40a5d69f65844ef76) Importer(815301076,1909f56bfc062723c751e8b465ee728b)  -> (artifact id: '6d29ff3d34fc6944f0e19862e79fc760') in 0.020950 seconds 
Number of asset objects unloaded after import = 477
========================================================================
Received Import Request.
  Time since last request: 0.000038 seconds.
  path: Assets/07_GameData/Units/Visuals/ValkyrieSpriteSet.asset
  artifactKey: Guid(0a605384716b2de48a645f5d1df0f9d4) Importer(815301076,1909f56bfc062723c751e8b465ee728b)
Number of updated assets reloaded before import = 0
Start importing Assets/07_GameData/Units/Visuals/ValkyrieSpriteSet.asset using Guid(0a605384716b2de48a645f5d1df0f9d4) Importer(815301076,1909f56bfc062723c751e8b465ee728b)  -> (artifact id: 'c3d578e926f473bae16f03fb3fd7dc58') in 0.046646 seconds 
Number of asset objects unloaded after import = 1120
========================================================================
Received Import Request.
  Time since last request: 0.000077 seconds.
  path: Assets/07_GameData/Units/Visuals/SkeletonRiderSpriteSet.asset
  artifactKey: Guid(6794c0f4d719e6942a4d49d293b72285) Importer(815301076,1909f56bfc062723c751e8b465ee728b)
Number of updated assets reloaded before import = 0
Start importing Assets/07_GameData/Units/Visuals/SkeletonRiderSpriteSet.asset using Guid(6794c0f4d719e6942a4d49d293b72285) Importer(815301076,1909f56bfc062723c751e8b465ee728b)  -> (artifact id: 'd1e18a4a9e5d078714ee862982083ce3') in 0.039699 seconds 
Number of asset objects unloaded after import = 793
========================================================================
Received Import Request.
  Time since last request: 0.000032 seconds.
  path: Assets/07_GameData/Units/Visuals/SkeletonNecroSpriteSet.asset
  artifactKey: Guid(3431388b4a93f654daeab5a45aba55f5) Importer(815301076,1909f56bfc062723c751e8b465ee728b)
Number of updated assets reloaded before import = 0
Start importing Assets/07_GameData/Units/Visuals/SkeletonNecroSpriteSet.asset using Guid(3431388b4a93f654daeab5a45aba55f5) Importer(815301076,1909f56bfc062723c751e8b465ee728b)  -> (artifact id: '58c78b55de349b5c02cc4af8e2636eff') in 0.037560 seconds 
Number of asset objects unloaded after import = 802
========================================================================
Received Import Request.
  Time since last request: 0.000042 seconds.
  path: Assets/07_GameData/Units/Visuals/RogueSpriteSet.asset
  artifactKey: Guid(a4fe09c36fc4edf4a932e0e4500b34f0) Importer(815301076,1909f56bfc062723c751e8b465ee728b)
Number of updated assets reloaded before import = 0
Start importing Assets/07_GameData/Units/Visuals/RogueSpriteSet.asset using Guid(a4fe09c36fc4edf4a932e0e4500b34f0) Importer(815301076,1909f56bfc062723c751e8b465ee728b)  -> (artifact id: 'b974fceb35b9f3c08fb1acbc0267ab8f') in 0.043730 seconds 
Number of asset objects unloaded after import = 1133
========================================================================
Received Import Request.
  Time since last request: 0.000033 seconds.
  path: Assets/07_GameData/Units/Visuals/SkeletonBansheeSpriteSet.asset
  artifactKey: Guid(ab9b8dad3d6903c4db946c04721d22ac) Importer(815301076,1909f56bfc062723c751e8b465ee728b)
Number of updated assets reloaded before import = 0
Start importing Assets/07_GameData/Units/Visuals/SkeletonBansheeSpriteSet.asset using Guid(ab9b8dad3d6903c4db946c04721d22ac) Importer(815301076,1909f56bfc062723c751e8b465ee728b)  -> (artifact id: '2ea44d310c78c0bdf77ef2de6c1265d4') in 0.054518 seconds 
Number of asset objects unloaded after import = 1105
========================================================================
Received Import Request.
  Time since last request: 0.000039 seconds.
  path: Assets/07_GameData/Units/Visuals/MercenaryClassUpgradeSpriteSet.asset
  artifactKey: Guid(c7f8f2d61f15b6547966c55268f61f67) Importer(815301076,1909f56bfc062723c751e8b465ee728b)
Number of updated assets reloaded before import = 0
Start importing Assets/07_GameData/Units/Visuals/MercenaryClassUpgradeSpriteSet.asset using Guid(c7f8f2d61f15b6547966c55268f61f67) Importer(815301076,1909f56bfc062723c751e8b465ee728b)  -> (artifact id: 'a5a6679cf17c236e2dbe1a7fc7aeaa9b') in 0.047660 seconds 
Number of asset objects unloaded after import = 1045
========================================================================
Received Import Request.
  Time since last request: 0.000032 seconds.
  path: Assets/07_GameData/Units/Visuals/ClericSpriteSet.asset
  artifactKey: Guid(360a4df67a83ed9479500506440226cb) Importer(815301076,1909f56bfc062723c751e8b465ee728b)
Number of updated assets reloaded before import = 0
Start importing Assets/07_GameData/Units/Visuals/ClericSpriteSet.asset using Guid(360a4df67a83ed9479500506440226cb) Importer(815301076,1909f56bfc062723c751e8b465ee728b)  -> (artifact id: 'cd5ca18d6133876b7bdd031e10b75461') in 0.058666 seconds 
Number of asset objects unloaded after import = 791
========================================================================
Received Import Request.
  Time since last request: 0.000049 seconds.
  path: Assets/07_GameData/Units/Visuals/SkeletonSpriteSet.asset
  artifactKey: Guid(264e060a14a28f74f97790eaa5e1b8aa) Importer(815301076,1909f56bfc062723c751e8b465ee728b)
Number of updated assets reloaded before import = 0
Start importing Assets/07_GameData/Units/Visuals/SkeletonSpriteSet.asset using Guid(264e060a14a28f74f97790eaa5e1b8aa) Importer(815301076,1909f56bfc062723c751e8b465ee728b)  -> (artifact id: '9e7076553265c92da9800d260654ba11') in 0.027412 seconds 
Number of asset objects unloaded after import = 792
========================================================================
Received Import Request.
  Time since last request: 0.000035 seconds.
  path: Assets/07_GameData/Units/Visuals/SkeletonMantaRaySpriteSet.asset
  artifactKey: Guid(21ad3e9768d1ab444a617f8586816cc5) Importer(815301076,1909f56bfc062723c751e8b465ee728b)
Number of updated assets reloaded before import = 0
Start importing Assets/07_GameData/Units/Visuals/SkeletonMantaRaySpriteSet.asset using Guid(21ad3e9768d1ab444a617f8586816cc5) Importer(815301076,1909f56bfc062723c751e8b465ee728b)  -> (artifact id: '1803de9943a7dcc578f40f824dbdb60d') in 0.046719 seconds 
Number of asset objects unloaded after import = 792
========================================================================
Received Import Request.
  Time since last request: 0.000051 seconds.
  path: Assets/07_GameData/Units/Visuals/SkeletonSageSpriteSet.asset
  artifactKey: Guid(1972d3fda77f57943b4ff6a9bbaa723f) Importer(815301076,1909f56bfc062723c751e8b465ee728b)
Number of updated assets reloaded before import = 0
Start importing Assets/07_GameData/Units/Visuals/SkeletonSageSpriteSet.asset using Guid(1972d3fda77f57943b4ff6a9bbaa723f) Importer(815301076,1909f56bfc062723c751e8b465ee728b)  -> (artifact id: 'ce41a7ed2a4748c70e543e5041de322b') in 0.037960 seconds 
Number of asset objects unloaded after import = 808
========================================================================
Received Import Request.
  Time since last request: 0.000033 seconds.
  path: Assets/07_GameData/Units/Visuals/SkeletonOfficierSpriteSet.asset
  artifactKey: Guid(392c72f68c80c9149b520db7c54f784b) Importer(815301076,1909f56bfc062723c751e8b465ee728b)
Number of updated assets reloaded before import = 0
Start importing Assets/07_GameData/Units/Visuals/SkeletonOfficierSpriteSet.asset using Guid(392c72f68c80c9149b520db7c54f784b) Importer(815301076,1909f56bfc062723c751e8b465ee728b)  -> (artifact id: '78ab99a378882dcf92be803aecf977dd') in 0.028889 seconds 
Number of asset objects unloaded after import = 565
========================================================================
Received Import Request.
  Time since last request: 0.000028 seconds.
  path: Assets/07_GameData/Units/Visuals/MercenarySpriteSet.asset
  artifactKey: Guid(c185c26f8316f0e4085cfdb9f4d4d5d2) Importer(815301076,1909f56bfc062723c751e8b465ee728b)
Number of updated assets reloaded before import = 0
Start importing Assets/07_GameData/Units/Visuals/MercenarySpriteSet.asset using Guid(c185c26f8316f0e4085cfdb9f4d4d5d2) Importer(815301076,1909f56bfc062723c751e8b465ee728b)  -> (artifact id: 'b4a9dcd5950ca9995bbcfcaddf4aac8a') in 0.040338 seconds 
Number of asset objects unloaded after import = 1118
========================================================================
Received Import Request.
  Time since last request: 0.000075 seconds.
  path: Assets/07_GameData/Units/Visuals/ScorpionRiderSpriteSet.asset
  artifactKey: Guid(ac3cd740d62477c4e8c88deaafa90f83) Importer(815301076,1909f56bfc062723c751e8b465ee728b)
Number of updated assets reloaded before import = 0
Start importing Assets/07_GameData/Units/Visuals/ScorpionRiderSpriteSet.asset using Guid(ac3cd740d62477c4e8c88deaafa90f83) Importer(815301076,1909f56bfc062723c751e8b465ee728b)  -> (artifact id: '3641e72a58f0a977d7ae52ed096a5322') in 0.038601 seconds 
Number of asset objects unloaded after import = 795
========================================================================
Received Import Request.
  Time since last request: 0.000032 seconds.
  path: Assets/07_GameData/Units/Visuals/RogueUpgradeSpriteSet.asset
  artifactKey: Guid(37e851755a4c6444bb5d77f5a8715956) Importer(815301076,1909f56bfc062723c751e8b465ee728b)
Number of updated assets reloaded before import = 0
Start importing Assets/07_GameData/Units/Visuals/RogueUpgradeSpriteSet.asset using Guid(37e851755a4c6444bb5d77f5a8715956) Importer(815301076,1909f56bfc062723c751e8b465ee728b)  -> (artifact id: '2390d05cd2e5bd7d169286a7e4294e9a') in 0.036594 seconds 
Number of asset objects unloaded after import = 1121
========================================================================
Received Import Request.
  Time since last request: 0.000034 seconds.
  path: Assets/07_GameData/Units/Visuals/SkeletonRogueSpriteSet.asset
  artifactKey: Guid(b8f49db385ad75449b96f6dc3799d9bf) Importer(815301076,1909f56bfc062723c751e8b465ee728b)
Number of updated assets reloaded before import = 0
Start importing Assets/07_GameData/Units/Visuals/SkeletonRogueSpriteSet.asset using Guid(b8f49db385ad75449b96f6dc3799d9bf) Importer(815301076,1909f56bfc062723c751e8b465ee728b)  -> (artifact id: 'dc8059ce971a7eed0d4eed45e78333cd') in 0.043927 seconds 
Number of asset objects unloaded after import = 1099
Editor requested this worker to shutdown with reason: Scaling down because of idle timeout
AssetImportWorker is now disconnected from the server
Process exiting
