Using pre-set license
Built from '2021.3/staging' branch; Version is '2021.3.31f1 (3409e2af086f) revision 3410402'; Using compiler version '192829333'; Build Type 'Release'
OS: 'Windows 11  (10.0.22621) 64bit Core' Language: 'de' Physical Memory: 32671 MB
BatchMode: 1, IsHumanControllingUs: 0, StartBugReporterOnCrash: 0, Is64bit: 1, IsPro: 1

COMMAND LINE ARGUMENTS:
C:\Program Files\Unity\Hub\Editor\2021.3.31f1\Editor\Unity.exe
-adb2
-batchMode
-noUpm
-name
AssetImportWorker7
-projectPath
D:/Projects/fe-kingdom-mobile/trunk/FireEmblemMobile/FireEmblemMobileUnityProject
-logFile
Logs/AssetImportWorker7.log
-srvPort
61615
Successfully changed project path to: D:/Projects/fe-kingdom-mobile/trunk/FireEmblemMobile/FireEmblemMobileUnityProject
D:/Projects/fe-kingdom-mobile/trunk/FireEmblemMobile/FireEmblemMobileUnityProject
[UnityMemory] Configuration Parameters - Can be set up in boot.config
    "memorysetup-bucket-allocator-granularity=16"
    "memorysetup-bucket-allocator-bucket-count=8"
    "memorysetup-bucket-allocator-block-size=33554432"
    "memorysetup-bucket-allocator-block-count=8"
    "memorysetup-main-allocator-block-size=16777216"
    "memorysetup-thread-allocator-block-size=16777216"
    "memorysetup-gfx-main-allocator-block-size=16777216"
    "memorysetup-gfx-thread-allocator-block-size=16777216"
    "memorysetup-cache-allocator-block-size=4194304"
    "memorysetup-typetree-allocator-block-size=2097152"
    "memorysetup-profiler-bucket-allocator-granularity=16"
    "memorysetup-profiler-bucket-allocator-bucket-count=8"
    "memorysetup-profiler-bucket-allocator-block-size=33554432"
    "memorysetup-profiler-bucket-allocator-block-count=8"
    "memorysetup-profiler-allocator-block-size=16777216"
    "memorysetup-profiler-editor-allocator-block-size=1048576"
    "memorysetup-temp-allocator-size-main=16777216"
    "memorysetup-job-temp-allocator-block-size=2097152"
    "memorysetup-job-temp-allocator-block-size-background=1048576"
    "memorysetup-job-temp-allocator-reduction-small-platforms=262144"
    "memorysetup-temp-allocator-size-background-worker=32768"
    "memorysetup-temp-allocator-size-job-worker=262144"
    "memorysetup-temp-allocator-size-preload-manager=33554432"
    "memorysetup-temp-allocator-size-nav-mesh-worker=65536"
    "memorysetup-temp-allocator-size-audio-worker=65536"
    "memorysetup-temp-allocator-size-cloud-worker=32768"
    "memorysetup-temp-allocator-size-gi-baking-worker=262144"
    "memorysetup-temp-allocator-size-gfx=262144"
Player connection [28500] Host "[IP] 192.168.0.11 [Port] 0 [Flags] 2 [Guid] 281307761 [EditorId] 281307761 [Version] 1048832 [Id] WindowsEditor(7,DESKTOP-N1UFFTN) [Debug] 1 [PackageName] WindowsEditor [ProjectName] Editor" joined multi-casting on [225.0.0.222:54997]...

Player connection [28500] Host "[IP] 192.168.0.11 [Port] 0 [Flags] 2 [Guid] 281307761 [EditorId] 281307761 [Version] 1048832 [Id] WindowsEditor(7,DESKTOP-N1UFFTN) [Debug] 1 [PackageName] WindowsEditor [ProjectName] Editor" joined alternative multi-casting on [225.0.0.222:34997]...

[Physics::Module] Initialized MultithreadedJobDispatcher with {0} workers.
Refreshing native plugins compatible for Editor in 135.86 ms, found 3 plugins.
Preloading 0 native plugins for Editor in 0.00 ms.
Initialize engine version: 2021.3.31f1 (3409e2af086f)
[Subsystems] Discovering subsystems at path C:/Program Files/Unity/Hub/Editor/2021.3.31f1/Editor/Data/Resources/UnitySubsystems
[Subsystems] Discovering subsystems at path D:/Projects/fe-kingdom-mobile/trunk/FireEmblemMobile/FireEmblemMobileUnityProject/Assets
GfxDevice: creating device client; threaded=0; jobified=0
Direct3D:
    Version:  Direct3D 11.0 [level 11.1]
    Renderer: NVIDIA GeForce RTX 3070 (ID=0x2488)
    Vendor:   NVIDIA
    VRAM:     8031 MB
    Driver:   31.0.15.3699
Shader 'MoreMountains/MMRipple': fallback shader 'Particle/AlphaBlended' not found
Shader 'CartoonCoffee/Particle Basic': fallback shader '2' not found
Shader 'CartoonCoffee/Particle Additive': fallback shader '2' not found
Initialize mono
Mono path[0] = 'C:/Program Files/Unity/Hub/Editor/2021.3.31f1/Editor/Data/Managed'
Mono path[1] = 'C:/Program Files/Unity/Hub/Editor/2021.3.31f1/Editor/Data/MonoBleedingEdge/lib/mono/unityjit-win32'
Mono config path = 'C:/Program Files/Unity/Hub/Editor/2021.3.31f1/Editor/Data/MonoBleedingEdge/etc'
Using monoOptions --debugger-agent=transport=dt_socket,embedding=1,server=y,suspend=n,address=127.0.0.1:56140
Begin MonoManager ReloadAssembly
Registering precompiled unity dll's ...
Register platform support module: C:/Program Files/Unity/Hub/Editor/2021.3.31f1/Editor/Data/PlaybackEngines/AndroidPlayer/UnityEditor.Android.Extensions.dll
Register platform support module: C:/Program Files/Unity/Hub/Editor/2021.3.31f1/Editor/Data/PlaybackEngines/iOSSupport/UnityEditor.iOS.Extensions.dll
Register platform support module: C:/Program Files/Unity/Hub/Editor/2021.3.31f1/Editor/Data/PlaybackEngines/WindowsStandaloneSupport/UnityEditor.WindowsStandalone.Extensions.dll
Registered in 0.005926 seconds.
Native extension for WindowsStandalone target not found
[usbmuxd] Start listen thread
[usbmuxd] Listen thread started
Native extension for iOS target not found
Native extension for Android target not found
Android Extension - Scanning For ADB Devices 182 ms
Refreshing native plugins compatible for Editor in 123.47 ms, found 3 plugins.
Preloading 0 native plugins for Editor in 0.00 ms.
Mono: successfully reloaded assembly
- Completed reload, in  0.771 seconds
Domain Reload Profiling:
	ReloadAssembly (771ms)
		BeginReloadAssembly (81ms)
			ExecutionOrderSort (0ms)
			DisableScriptedObjects (0ms)
			BackupInstance (0ms)
			ReleaseScriptingObjects (0ms)
			CreateAndSetChildDomain (1ms)
		EndReloadAssembly (611ms)
			LoadAssemblies (79ms)
			RebuildTransferFunctionScriptingTraits (0ms)
			SetupTypeCache (74ms)
			ReleaseScriptCaches (0ms)
			RebuildScriptCaches (20ms)
			SetupLoadedEditorAssemblies (484ms)
				LogAssemblyErrors (0ms)
				InitializePlatformSupportModulesInManaged (263ms)
				SetLoadedEditorAssemblies (0ms)
				RefreshPlugins (124ms)
				BeforeProcessingInitializeOnLoad (1ms)
				ProcessInitializeOnLoadAttributes (65ms)
				ProcessInitializeOnLoadMethodAttributes (31ms)
				AfterProcessingInitializeOnLoad (0ms)
				EditorAssembliesLoaded (0ms)
			ExecutionOrderSort2 (0ms)
			AwakeInstancesAfterBackupRestoration (0ms)
Platform modules already initialized, skipping
Registering precompiled user dll's ...
Registered in 0.003964 seconds.
Begin MonoManager ReloadAssembly
Symbol file LoadedFromMemory is not a mono symbol file
Native extension for WindowsStandalone target not found
Native extension for iOS target not found
Native extension for Android target not found
Refreshing native plugins compatible for Editor in 135.96 ms, found 3 plugins.
Preloading 0 native plugins for Editor in 0.00 ms.
Package Manager log level set to [2]
[Package Manager] Server::EnsureServerProcessIsRunning -- launch failed, reason: Unity was launched with the -noUpm command-line argument
[Package Manager] Cannot connect to Unity Package Manager local server
Mono: successfully reloaded assembly
- Completed reload, in  1.654 seconds
Domain Reload Profiling:
	ReloadAssembly (1654ms)
		BeginReloadAssembly (92ms)
			ExecutionOrderSort (0ms)
			DisableScriptedObjects (4ms)
			BackupInstance (0ms)
			ReleaseScriptingObjects (0ms)
			CreateAndSetChildDomain (16ms)
		EndReloadAssembly (1478ms)
			LoadAssemblies (83ms)
			RebuildTransferFunctionScriptingTraits (0ms)
			SetupTypeCache (259ms)
			ReleaseScriptCaches (1ms)
			RebuildScriptCaches (88ms)
			SetupLoadedEditorAssemblies (1015ms)
				LogAssemblyErrors (0ms)
				InitializePlatformSupportModulesInManaged (24ms)
				SetLoadedEditorAssemblies (0ms)
				RefreshPlugins (136ms)
				BeforeProcessingInitializeOnLoad (103ms)
				ProcessInitializeOnLoadAttributes (616ms)
				ProcessInitializeOnLoadMethodAttributes (131ms)
				AfterProcessingInitializeOnLoad (5ms)
				EditorAssembliesLoaded (0ms)
			ExecutionOrderSort2 (0ms)
			AwakeInstancesAfterBackupRestoration (4ms)
Platform modules already initialized, skipping
========================================================================
Worker process is ready to serve import requests
Shader 'CartoonCoffee/Particle Basic': fallback shader '2' not found
Shader 'MoreMountains/MMRipple': fallback shader 'Particle/AlphaBlended' not found
Shader 'CartoonCoffee/Particle Additive': fallback shader '2' not found
Launched and connected shader compiler UnityShaderCompiler.exe after 0.04 seconds
Refreshing native plugins compatible for Editor in 2.46 ms, found 3 plugins.
Preloading 0 native plugins for Editor in 0.00 ms.
Unloading 6736 Unused Serialized files (Serialized files now loaded: 0)
Unloading 100 unused Assets / (2.1 MB). Loaded Objects now: 7253.
Memory consumption went from 374.7 MB to 372.6 MB.
Total: 6.998500 ms (FindLiveObjects: 0.434300 ms CreateObjectMapping: 0.465800 ms MarkObjects: 5.565800 ms  DeleteObjects: 0.531500 ms)

AssetImportParameters requested are different than current active one (requested -> active):
  custom:video-decoder-ogg-theora: a1e56fd34408186e4bbccfd4996cb3dc -> 
  custom:container-muxer-webm: aa71ff27fc2769a1b78a27578f13a17b -> 
  custom:container-demuxer-webm: 4f35f7cbe854078d1ac9338744f61a02 -> 
  custom:video-encoder-webm-vp8: eb34c28f22e8b96e1ab97ce403110664 -> 
  custom:CustomObjectIndexerAttribute: f67f22312cbe972f2da930a377ed3d15 -> 
  custom:audio-encoder-webm-vorbis: bf7c407c2cedff20999df2af8eb42d56 -> 
  custom:framework-win-MediaFoundation: 216162199b28c13a410421893ffa2e32 -> 
  custom:SearchIndexIgnoredProperties: e643bd26f0fe6173181afceb89e7c659 -> 
  custom:container-demuxer-ogg: 62fdf1f143b41e24485cea50d1cbac27 -> 
  custom:video-decoder-webm-vp8: 9c59270c3fd7afecdb556c50c9e8de78 -> 
  custom:audio-decoder-ogg-vorbis: bf7c407c2cedff20999df2af8eb42d56 -> 
========================================================================
Received Import Request.
  Time since last request: 17178.607102 seconds.
  path: Assets/03_Prefabs/NewUI/Attackpreview/AllyHeal.prefab
  artifactKey: Guid(65a186dacbc79a84fbf12da0d8609b60) Importer(815301076,1909f56bfc062723c751e8b465ee728b)
Number of updated assets reloaded before import = 0
Start importing Assets/03_Prefabs/NewUI/Attackpreview/AllyHeal.prefab using Guid(65a186dacbc79a84fbf12da0d8609b60) Importer(815301076,1909f56bfc062723c751e8b465ee728b)  -> (artifact id: '0c59d8a1a3b58c452562d4c141c1f937') in 0.077161 seconds 
Number of asset objects unloaded after import = 47
========================================================================
Received Import Request.
  Time since last request: 0.305194 seconds.
  path: Assets/03_Prefabs/EncounterArea/Nodes/BattleEncounter.prefab
  artifactKey: Guid(590a6575568fa5143987fe1f8b2c848f) Importer(815301076,1909f56bfc062723c751e8b465ee728b)
Number of updated assets reloaded before import = 0
Start importing Assets/03_Prefabs/EncounterArea/Nodes/BattleEncounter.prefab using Guid(590a6575568fa5143987fe1f8b2c848f) Importer(815301076,1909f56bfc062723c751e8b465ee728b)  -> (artifact id: 'a9ee43dab9e978b38b56016cff947fb4') in 0.405649 seconds 
Number of asset objects unloaded after import = 694
========================================================================
Received Import Request.
  Time since last request: 0.984266 seconds.
  path: Assets/JMO Assets/Cartoon FX (legacy)/CFX2 Prefabs/Blood/Variants/Green/CFX2_BloodFountainHeavy Green.prefab
  artifactKey: Guid(d4056f5f99ea6d24db7994ae1a043117) Importer(815301076,1909f56bfc062723c751e8b465ee728b)
Number of updated assets reloaded before import = 0
Start importing Assets/JMO Assets/Cartoon FX (legacy)/CFX2 Prefabs/Blood/Variants/Green/CFX2_BloodFountainHeavy Green.prefab using Guid(d4056f5f99ea6d24db7994ae1a043117) Importer(815301076,1909f56bfc062723c751e8b465ee728b)  -> (artifact id: '1386f12722a8765d2676dff5c87c3db8') in 0.014974 seconds 
Number of asset objects unloaded after import = 20
========================================================================
Received Import Request.
  Time since last request: 0.000022 seconds.
  path: Assets/JMO Assets/Cartoon FX (legacy)/CFX2 Prefabs/Blood/CFX2_BloodFountainHeavy_Add.prefab
  artifactKey: Guid(73e6e95e885197f41928a383511b6709) Importer(815301076,1909f56bfc062723c751e8b465ee728b)
Number of updated assets reloaded before import = 0
Start importing Assets/JMO Assets/Cartoon FX (legacy)/CFX2 Prefabs/Blood/CFX2_BloodFountainHeavy_Add.prefab using Guid(73e6e95e885197f41928a383511b6709) Importer(815301076,1909f56bfc062723c751e8b465ee728b)  -> (artifact id: 'db8b2c91c8980a69560a8c5cca7922b5') in 0.022572 seconds 
Number of asset objects unloaded after import = 20
========================================================================
Received Import Request.
  Time since last request: 0.000018 seconds.
  path: Assets/JMO Assets/Cartoon FX (legacy)/CFX2 Prefabs/Misc/CFX2_BrokenHeart.prefab
  artifactKey: Guid(bcaff8fc36e95584bb27cc3cf7c6cb14) Importer(815301076,1909f56bfc062723c751e8b465ee728b)
Number of updated assets reloaded before import = 0
Start importing Assets/JMO Assets/Cartoon FX (legacy)/CFX2 Prefabs/Misc/CFX2_BrokenHeart.prefab using Guid(bcaff8fc36e95584bb27cc3cf7c6cb14) Importer(815301076,1909f56bfc062723c751e8b465ee728b)  -> (artifact id: '4d5072dee4216602058c47a75ee392b7') in 0.034605 seconds 
Number of asset objects unloaded after import = 26
========================================================================
Received Import Request.
  Time since last request: 0.000026 seconds.
  path: Assets/JMO Assets/Cartoon FX (legacy)/CFX2 Prefabs (Mobile)/Blood/Variants/Cyan/CFXM2_BloodFountainHeavy_Add Cyan.prefab
  artifactKey: Guid(e661c0ba53df83e4680a712fcd70b93d) Importer(815301076,1909f56bfc062723c751e8b465ee728b)
Number of updated assets reloaded before import = 0
Start importing Assets/JMO Assets/Cartoon FX (legacy)/CFX2 Prefabs (Mobile)/Blood/Variants/Cyan/CFXM2_BloodFountainHeavy_Add Cyan.prefab using Guid(e661c0ba53df83e4680a712fcd70b93d) Importer(815301076,1909f56bfc062723c751e8b465ee728b)  -> (artifact id: 'b4c87f677e8ca366823f7c1a7151c488') in 0.022753 seconds 
Number of asset objects unloaded after import = 20
========================================================================
Received Import Request.
  Time since last request: 0.000016 seconds.
  path: Assets/JMO Assets/Cartoon FX (legacy)/CFX2 Prefabs (Mobile)/Blood/Variants/Green/CFXM2_BloodHeavy Green.prefab
  artifactKey: Guid(5c77e5e1b3419294ca8da34092bc6121) Importer(815301076,1909f56bfc062723c751e8b465ee728b)
Number of updated assets reloaded before import = 0
Start importing Assets/JMO Assets/Cartoon FX (legacy)/CFX2 Prefabs (Mobile)/Blood/Variants/Green/CFXM2_BloodHeavy Green.prefab using Guid(5c77e5e1b3419294ca8da34092bc6121) Importer(815301076,1909f56bfc062723c751e8b465ee728b)  -> (artifact id: 'fa3e43fc74dca5feb676e0e5dc9e2c4e') in 0.011334 seconds 
Number of asset objects unloaded after import = 16
========================================================================
Received Import Request.
  Time since last request: 0.000017 seconds.
  path: Assets/JMO Assets/Cartoon FX (legacy)/CFX2 Prefabs (Mobile)/Pickup Items/CFXM2_PickupHeart3.prefab
  artifactKey: Guid(e116059325ae3e640a98f7a1b89d797b) Importer(815301076,1909f56bfc062723c751e8b465ee728b)
Number of updated assets reloaded before import = 0
Start importing Assets/JMO Assets/Cartoon FX (legacy)/CFX2 Prefabs (Mobile)/Pickup Items/CFXM2_PickupHeart3.prefab using Guid(e116059325ae3e640a98f7a1b89d797b) Importer(815301076,1909f56bfc062723c751e8b465ee728b)  -> (artifact id: 'e4a3d83113cc1d33cbea33d6a68f53af') in 0.023638 seconds 
Number of asset objects unloaded after import = 26
========================================================================
Received Import Request.
  Time since last request: 0.000014 seconds.
  path: Assets/JMO Assets/Cartoon FX Remaster/CFXR Prefabs/Eerie/Variants/CFXR2 Skull Head + Eyes (Fire HDR).prefab
  artifactKey: Guid(96679bc10afc50845962599d04695343) Importer(815301076,1909f56bfc062723c751e8b465ee728b)
Number of updated assets reloaded before import = 0
Start importing Assets/JMO Assets/Cartoon FX Remaster/CFXR Prefabs/Eerie/Variants/CFXR2 Skull Head + Eyes (Fire HDR).prefab using Guid(96679bc10afc50845962599d04695343) Importer(815301076,1909f56bfc062723c751e8b465ee728b)  -> (artifact id: '79c18a361d55dbc9960dbbb6a199dd9a') in 0.224958 seconds 
Number of asset objects unloaded after import = 58
========================================================================
Received Import Request.
  Time since last request: 0.000018 seconds.
  path: Assets/JMO Assets/Cartoon FX Remaster/CFXR Prefabs/Eerie/Variants/CFXR2 Skull Head + Eyes (Fire HDR, Blue).prefab
  artifactKey: Guid(1133eea8c8df7bd429f442fe70e31822) Importer(815301076,1909f56bfc062723c751e8b465ee728b)
Number of updated assets reloaded before import = 0
Start importing Assets/JMO Assets/Cartoon FX Remaster/CFXR Prefabs/Eerie/Variants/CFXR2 Skull Head + Eyes (Fire HDR, Blue).prefab using Guid(1133eea8c8df7bd429f442fe70e31822) Importer(815301076,1909f56bfc062723c751e8b465ee728b)  -> (artifact id: '6fbd10386d5a3b886d01ddd621b18c6d') in 0.018976 seconds 
Number of asset objects unloaded after import = 84
========================================================================
Received Import Request.
  Time since last request: 0.000029 seconds.
  path: Assets/JMO Assets/Cartoon FX (legacy)/CFX2 Prefabs (Mobile)/Blood/Variants/Cyan/CFXM2_BloodHeavy_Add Cyan.prefab
  artifactKey: Guid(0a0964fbfe68382498cef63ad7b5dabf) Importer(815301076,1909f56bfc062723c751e8b465ee728b)
Number of updated assets reloaded before import = 0
Start importing Assets/JMO Assets/Cartoon FX (legacy)/CFX2 Prefabs (Mobile)/Blood/Variants/Cyan/CFXM2_BloodHeavy_Add Cyan.prefab using Guid(0a0964fbfe68382498cef63ad7b5dabf) Importer(815301076,1909f56bfc062723c751e8b465ee728b)  -> (artifact id: 'a8725fa694cf32e0c53cbcb32f15e5f4') in 0.012852 seconds 
Number of asset objects unloaded after import = 16
========================================================================
Received Import Request.
  Time since last request: 0.000016 seconds.
  path: Assets/JMO Assets/Cartoon FX (legacy)/CFX2 Prefabs (Mobile)/Blood/Variants/Green/CFXM2_BloodFountainHeavy_Add Green.prefab
  artifactKey: Guid(33919d515489d2940a757315071a7174) Importer(815301076,1909f56bfc062723c751e8b465ee728b)
Number of updated assets reloaded before import = 0
Start importing Assets/JMO Assets/Cartoon FX (legacy)/CFX2 Prefabs (Mobile)/Blood/Variants/Green/CFXM2_BloodFountainHeavy_Add Green.prefab using Guid(33919d515489d2940a757315071a7174) Importer(815301076,1909f56bfc062723c751e8b465ee728b)  -> (artifact id: '5d0d6dad08e549897dd7664ee9d02ca4') in 0.019883 seconds 
Number of asset objects unloaded after import = 20
========================================================================
Received Import Request.
  Time since last request: 0.000018 seconds.
  path: Assets/JMO Assets/Cartoon FX (legacy)/CFX2 Prefabs/Pickup Items/CFX2_PickupHeart3.prefab
  artifactKey: Guid(a79e16f6e7eac69419481c053898a559) Importer(815301076,1909f56bfc062723c751e8b465ee728b)
Number of updated assets reloaded before import = 0
Start importing Assets/JMO Assets/Cartoon FX (legacy)/CFX2 Prefabs/Pickup Items/CFX2_PickupHeart3.prefab using Guid(a79e16f6e7eac69419481c053898a559) Importer(815301076,1909f56bfc062723c751e8b465ee728b)  -> (artifact id: 'cb767bfe629e4b3ce3cfe6d978b09475') in 0.012997 seconds 
Number of asset objects unloaded after import = 26
========================================================================
Received Import Request.
  Time since last request: 0.000014 seconds.
  path: Assets/JMO Assets/Cartoon FX (legacy)/CFX2 Prefabs/Blood/CFX2_BloodHeavy.prefab
  artifactKey: Guid(606a850aa430f1f448f49cd1ff453dcc) Importer(815301076,1909f56bfc062723c751e8b465ee728b)
Number of updated assets reloaded before import = 0
Start importing Assets/JMO Assets/Cartoon FX (legacy)/CFX2 Prefabs/Blood/CFX2_BloodHeavy.prefab using Guid(606a850aa430f1f448f49cd1ff453dcc) Importer(815301076,1909f56bfc062723c751e8b465ee728b)  -> (artifact id: '71653489a0f4bff9d73d0e07a8105199') in 0.011335 seconds 
Number of asset objects unloaded after import = 16
========================================================================
Received Import Request.
  Time since last request: 0.000014 seconds.
  path: Assets/JMO Assets/Cartoon FX (legacy)/CFX2 Prefabs (Mobile)/Blood/Variants/Green/CFXM2_BloodHeavy_Add Green.prefab
  artifactKey: Guid(7ee7500a19d40dd4593b0c4ca7d34344) Importer(815301076,1909f56bfc062723c751e8b465ee728b)
Number of updated assets reloaded before import = 0
Start importing Assets/JMO Assets/Cartoon FX (legacy)/CFX2 Prefabs (Mobile)/Blood/Variants/Green/CFXM2_BloodHeavy_Add Green.prefab using Guid(7ee7500a19d40dd4593b0c4ca7d34344) Importer(815301076,1909f56bfc062723c751e8b465ee728b)  -> (artifact id: 'd19060ee975ea156b6574c96289658dc') in 0.010140 seconds 
Number of asset objects unloaded after import = 16
========================================================================
Received Import Request.
  Time since last request: 0.000015 seconds.
  path: Assets/JMO Assets/Cartoon FX (legacy)/CFX2 Prefabs (Mobile)/Rain/CFXM2_RainHeavy.prefab
  artifactKey: Guid(485d42988bf26a94597f3d8b05ee714f) Importer(815301076,1909f56bfc062723c751e8b465ee728b)
Number of updated assets reloaded before import = 0
Start importing Assets/JMO Assets/Cartoon FX (legacy)/CFX2 Prefabs (Mobile)/Rain/CFXM2_RainHeavy.prefab using Guid(485d42988bf26a94597f3d8b05ee714f) Importer(815301076,1909f56bfc062723c751e8b465ee728b)  -> (artifact id: 'e6e71989a31fafe01b3bc088c0dc986d') in 0.026223 seconds 
Number of asset objects unloaded after import = 19
========================================================================
Received Import Request.
  Time since last request: 0.000016 seconds.
  path: Assets/JMO Assets/Cartoon FX (legacy)/CFX2 Prefabs (Mobile)/Pickup Items/CFXM2_PickupHeart2.prefab
  artifactKey: Guid(e924fcf6020d18c4fa09c83b3a5a600a) Importer(815301076,1909f56bfc062723c751e8b465ee728b)
Number of updated assets reloaded before import = 0
Start importing Assets/JMO Assets/Cartoon FX (legacy)/CFX2 Prefabs (Mobile)/Pickup Items/CFXM2_PickupHeart2.prefab using Guid(e924fcf6020d18c4fa09c83b3a5a600a) Importer(815301076,1909f56bfc062723c751e8b465ee728b)  -> (artifact id: 'fe2aabb26c8a35aa9dd9d5ef3eb00030') in 0.010724 seconds 
Number of asset objects unloaded after import = 16
========================================================================
Received Prepare
Registering precompiled user dll's ...
Registered in 0.005485 seconds.
Begin MonoManager ReloadAssembly
Symbol file LoadedFromMemory is not a mono symbol file
Native extension for WindowsStandalone target not found
Native extension for iOS target not found
Native extension for Android target not found
Refreshing native plugins compatible for Editor in 2.43 ms, found 3 plugins.
Preloading 0 native plugins for Editor in 0.00 ms.
[Package Manager] Server::EnsureServerProcessIsRunning -- launch failed, reason: Unity was launched with the -noUpm command-line argument
[Package Manager] Cannot connect to Unity Package Manager local server
Mono: successfully reloaded assembly
- Completed reload, in  1.554 seconds
Domain Reload Profiling:
	ReloadAssembly (1555ms)
		BeginReloadAssembly (143ms)
			ExecutionOrderSort (0ms)
			DisableScriptedObjects (7ms)
			BackupInstance (0ms)
			ReleaseScriptingObjects (0ms)
			CreateAndSetChildDomain (50ms)
		EndReloadAssembly (1338ms)
			LoadAssemblies (94ms)
			RebuildTransferFunctionScriptingTraits (0ms)
			SetupTypeCache (250ms)
			ReleaseScriptCaches (3ms)
			RebuildScriptCaches (90ms)
			SetupLoadedEditorAssemblies (845ms)
				LogAssemblyErrors (0ms)
				InitializePlatformSupportModulesInManaged (21ms)
				SetLoadedEditorAssemblies (0ms)
				RefreshPlugins (2ms)
				BeforeProcessingInitializeOnLoad (110ms)
				ProcessInitializeOnLoadAttributes (577ms)
				ProcessInitializeOnLoadMethodAttributes (129ms)
				AfterProcessingInitializeOnLoad (4ms)
				EditorAssembliesLoaded (0ms)
			ExecutionOrderSort2 (0ms)
			AwakeInstancesAfterBackupRestoration (13ms)
Platform modules already initialized, skipping
Shader 'CartoonCoffee/Particle Basic': fallback shader '2' not found
Shader 'MoreMountains/MMRipple': fallback shader 'Particle/AlphaBlended' not found
Shader 'CartoonCoffee/Particle Additive': fallback shader '2' not found
Refreshing native plugins compatible for Editor in 3.71 ms, found 3 plugins.
Preloading 0 native plugins for Editor in 0.00 ms.
Unloading 6510 Unused Serialized files (Serialized files now loaded: 0)
Unloading 106 unused Assets / (1.8 MB). Loaded Objects now: 7320.
Memory consumption went from 358.7 MB to 357.0 MB.
Total: 8.866800 ms (FindLiveObjects: 0.686500 ms CreateObjectMapping: 0.287000 ms MarkObjects: 7.277900 ms  DeleteObjects: 0.614200 ms)

AssetImportParameters requested are different than current active one (requested -> active):
  custom:video-decoder-ogg-theora: a1e56fd34408186e4bbccfd4996cb3dc -> 
  custom:container-muxer-webm: aa71ff27fc2769a1b78a27578f13a17b -> 
  custom:container-demuxer-webm: 4f35f7cbe854078d1ac9338744f61a02 -> 
  custom:video-encoder-webm-vp8: eb34c28f22e8b96e1ab97ce403110664 -> 
  custom:CustomObjectIndexerAttribute: f67f22312cbe972f2da930a377ed3d15 -> 
  custom:audio-encoder-webm-vorbis: bf7c407c2cedff20999df2af8eb42d56 -> 
  custom:framework-win-MediaFoundation: 216162199b28c13a410421893ffa2e32 -> 
  custom:SearchIndexIgnoredProperties: e643bd26f0fe6173181afceb89e7c659 -> 
  custom:container-demuxer-ogg: 62fdf1f143b41e24485cea50d1cbac27 -> 
  custom:video-decoder-webm-vp8: 9c59270c3fd7afecdb556c50c9e8de78 -> 
  custom:audio-decoder-ogg-vorbis: bf7c407c2cedff20999df2af8eb42d56 -> 
========================================================================
Received Prepare
Registering precompiled user dll's ...
Registered in 0.004529 seconds.
Begin MonoManager ReloadAssembly
Symbol file LoadedFromMemory is not a mono symbol file
Native extension for WindowsStandalone target not found
Native extension for iOS target not found
Native extension for Android target not found
Refreshing native plugins compatible for Editor in 1.81 ms, found 3 plugins.
Preloading 0 native plugins for Editor in 0.00 ms.
[Package Manager] Server::EnsureServerProcessIsRunning -- launch failed, reason: Unity was launched with the -noUpm command-line argument
[Package Manager] Cannot connect to Unity Package Manager local server
Mono: successfully reloaded assembly
- Completed reload, in  1.478 seconds
Domain Reload Profiling:
	ReloadAssembly (1479ms)
		BeginReloadAssembly (132ms)
			ExecutionOrderSort (0ms)
			DisableScriptedObjects (5ms)
			BackupInstance (0ms)
			ReleaseScriptingObjects (0ms)
			CreateAndSetChildDomain (42ms)
		EndReloadAssembly (1278ms)
			LoadAssemblies (85ms)
			RebuildTransferFunctionScriptingTraits (0ms)
			SetupTypeCache (237ms)
			ReleaseScriptCaches (3ms)
			RebuildScriptCaches (83ms)
			SetupLoadedEditorAssemblies (826ms)
				LogAssemblyErrors (0ms)
				InitializePlatformSupportModulesInManaged (21ms)
				SetLoadedEditorAssemblies (0ms)
				RefreshPlugins (2ms)
				BeforeProcessingInitializeOnLoad (103ms)
				ProcessInitializeOnLoadAttributes (576ms)
				ProcessInitializeOnLoadMethodAttributes (119ms)
				AfterProcessingInitializeOnLoad (4ms)
				EditorAssembliesLoaded (0ms)
			ExecutionOrderSort2 (0ms)
			AwakeInstancesAfterBackupRestoration (18ms)
Platform modules already initialized, skipping
Shader 'CartoonCoffee/Particle Basic': fallback shader '2' not found
Shader 'MoreMountains/MMRipple': fallback shader 'Particle/AlphaBlended' not found
Shader 'CartoonCoffee/Particle Additive': fallback shader '2' not found
Refreshing native plugins compatible for Editor in 2.52 ms, found 3 plugins.
Preloading 0 native plugins for Editor in 0.00 ms.
Unloading 6499 Unused Serialized files (Serialized files now loaded: 0)
Unloading 88 unused Assets / (1.8 MB). Loaded Objects now: 7323.
Memory consumption went from 357.8 MB to 356.1 MB.
Total: 7.745500 ms (FindLiveObjects: 0.521000 ms CreateObjectMapping: 0.420300 ms MarkObjects: 6.377200 ms  DeleteObjects: 0.426100 ms)

AssetImportParameters requested are different than current active one (requested -> active):
  custom:video-decoder-ogg-theora: a1e56fd34408186e4bbccfd4996cb3dc -> 
  custom:container-muxer-webm: aa71ff27fc2769a1b78a27578f13a17b -> 
  custom:container-demuxer-webm: 4f35f7cbe854078d1ac9338744f61a02 -> 
  custom:video-encoder-webm-vp8: eb34c28f22e8b96e1ab97ce403110664 -> 
  custom:CustomObjectIndexerAttribute: f67f22312cbe972f2da930a377ed3d15 -> 
  custom:audio-encoder-webm-vorbis: bf7c407c2cedff20999df2af8eb42d56 -> 
  custom:framework-win-MediaFoundation: 216162199b28c13a410421893ffa2e32 -> 
  custom:SearchIndexIgnoredProperties: e643bd26f0fe6173181afceb89e7c659 -> 
  custom:container-demuxer-ogg: 62fdf1f143b41e24485cea50d1cbac27 -> 
  custom:video-decoder-webm-vp8: 9c59270c3fd7afecdb556c50c9e8de78 -> 
  custom:audio-decoder-ogg-vorbis: bf7c407c2cedff20999df2af8eb42d56 -> 
========================================================================
Received Prepare
Registering precompiled user dll's ...
Registered in 0.004459 seconds.
Begin MonoManager ReloadAssembly
Symbol file LoadedFromMemory is not a mono symbol file
Native extension for WindowsStandalone target not found
Native extension for iOS target not found
Native extension for Android target not found
Refreshing native plugins compatible for Editor in 2.05 ms, found 3 plugins.
Preloading 0 native plugins for Editor in 0.00 ms.
[Package Manager] Server::EnsureServerProcessIsRunning -- launch failed, reason: Unity was launched with the -noUpm command-line argument
[Package Manager] Cannot connect to Unity Package Manager local server
Mono: successfully reloaded assembly
- Completed reload, in  1.489 seconds
Domain Reload Profiling:
	ReloadAssembly (1490ms)
		BeginReloadAssembly (128ms)
			ExecutionOrderSort (0ms)
			DisableScriptedObjects (5ms)
			BackupInstance (0ms)
			ReleaseScriptingObjects (0ms)
			CreateAndSetChildDomain (39ms)
		EndReloadAssembly (1295ms)
			LoadAssemblies (85ms)
			RebuildTransferFunctionScriptingTraits (0ms)
			SetupTypeCache (245ms)
			ReleaseScriptCaches (3ms)
			RebuildScriptCaches (81ms)
			SetupLoadedEditorAssemblies (832ms)
				LogAssemblyErrors (0ms)
				InitializePlatformSupportModulesInManaged (24ms)
				SetLoadedEditorAssemblies (0ms)
				RefreshPlugins (2ms)
				BeforeProcessingInitializeOnLoad (98ms)
				ProcessInitializeOnLoadAttributes (588ms)
				ProcessInitializeOnLoadMethodAttributes (114ms)
				AfterProcessingInitializeOnLoad (4ms)
				EditorAssembliesLoaded (0ms)
			ExecutionOrderSort2 (0ms)
			AwakeInstancesAfterBackupRestoration (13ms)
Platform modules already initialized, skipping
Shader 'CartoonCoffee/Particle Basic': fallback shader '2' not found
Shader 'MoreMountains/MMRipple': fallback shader 'Particle/AlphaBlended' not found
Shader 'CartoonCoffee/Particle Additive': fallback shader '2' not found
Refreshing native plugins compatible for Editor in 2.32 ms, found 3 plugins.
Preloading 0 native plugins for Editor in 0.00 ms.
Unloading 6499 Unused Serialized files (Serialized files now loaded: 0)
Unloading 88 unused Assets / (1.8 MB). Loaded Objects now: 7326.
Memory consumption went from 357.9 MB to 356.1 MB.
Total: 6.809000 ms (FindLiveObjects: 0.482200 ms CreateObjectMapping: 0.195300 ms MarkObjects: 5.704600 ms  DeleteObjects: 0.425600 ms)

AssetImportParameters requested are different than current active one (requested -> active):
  custom:video-decoder-ogg-theora: a1e56fd34408186e4bbccfd4996cb3dc -> 
  custom:container-muxer-webm: aa71ff27fc2769a1b78a27578f13a17b -> 
  custom:container-demuxer-webm: 4f35f7cbe854078d1ac9338744f61a02 -> 
  custom:video-encoder-webm-vp8: eb34c28f22e8b96e1ab97ce403110664 -> 
  custom:CustomObjectIndexerAttribute: f67f22312cbe972f2da930a377ed3d15 -> 
  custom:audio-encoder-webm-vorbis: bf7c407c2cedff20999df2af8eb42d56 -> 
  custom:framework-win-MediaFoundation: 216162199b28c13a410421893ffa2e32 -> 
  custom:SearchIndexIgnoredProperties: e643bd26f0fe6173181afceb89e7c659 -> 
  custom:container-demuxer-ogg: 62fdf1f143b41e24485cea50d1cbac27 -> 
  custom:video-decoder-webm-vp8: 9c59270c3fd7afecdb556c50c9e8de78 -> 
  custom:audio-decoder-ogg-vorbis: bf7c407c2cedff20999df2af8eb42d56 -> 
========================================================================
Received Prepare
Registering precompiled user dll's ...
Registered in 0.003960 seconds.
Begin MonoManager ReloadAssembly
Symbol file LoadedFromMemory is not a mono symbol file
Native extension for WindowsStandalone target not found
Native extension for iOS target not found
Native extension for Android target not found
Refreshing native plugins compatible for Editor in 2.01 ms, found 3 plugins.
Preloading 0 native plugins for Editor in 0.00 ms.
[Package Manager] Server::EnsureServerProcessIsRunning -- launch failed, reason: Unity was launched with the -noUpm command-line argument
[Package Manager] Cannot connect to Unity Package Manager local server
Mono: successfully reloaded assembly
- Completed reload, in  1.537 seconds
Domain Reload Profiling:
	ReloadAssembly (1538ms)
		BeginReloadAssembly (136ms)
			ExecutionOrderSort (0ms)
			DisableScriptedObjects (5ms)
			BackupInstance (0ms)
			ReleaseScriptingObjects (0ms)
			CreateAndSetChildDomain (43ms)
		EndReloadAssembly (1325ms)
			LoadAssemblies (89ms)
			RebuildTransferFunctionScriptingTraits (0ms)
			SetupTypeCache (260ms)
			ReleaseScriptCaches (4ms)
			RebuildScriptCaches (87ms)
			SetupLoadedEditorAssemblies (841ms)
				LogAssemblyErrors (0ms)
				InitializePlatformSupportModulesInManaged (25ms)
				SetLoadedEditorAssemblies (0ms)
				RefreshPlugins (2ms)
				BeforeProcessingInitializeOnLoad (100ms)
				ProcessInitializeOnLoadAttributes (585ms)
				ProcessInitializeOnLoadMethodAttributes (123ms)
				AfterProcessingInitializeOnLoad (5ms)
				EditorAssembliesLoaded (0ms)
			ExecutionOrderSort2 (0ms)
			AwakeInstancesAfterBackupRestoration (16ms)
Platform modules already initialized, skipping
Shader 'CartoonCoffee/Particle Basic': fallback shader '2' not found
Shader 'MoreMountains/MMRipple': fallback shader 'Particle/AlphaBlended' not found
Shader 'CartoonCoffee/Particle Additive': fallback shader '2' not found
Refreshing native plugins compatible for Editor in 2.56 ms, found 3 plugins.
Preloading 0 native plugins for Editor in 0.00 ms.
Unloading 6499 Unused Serialized files (Serialized files now loaded: 0)
Unloading 88 unused Assets / (1.8 MB). Loaded Objects now: 7329.
Memory consumption went from 357.9 MB to 356.1 MB.
Total: 6.292800 ms (FindLiveObjects: 0.457400 ms CreateObjectMapping: 0.356600 ms MarkObjects: 5.089000 ms  DeleteObjects: 0.388700 ms)

AssetImportParameters requested are different than current active one (requested -> active):
  custom:video-decoder-ogg-theora: a1e56fd34408186e4bbccfd4996cb3dc -> 
  custom:container-muxer-webm: aa71ff27fc2769a1b78a27578f13a17b -> 
  custom:container-demuxer-webm: 4f35f7cbe854078d1ac9338744f61a02 -> 
  custom:video-encoder-webm-vp8: eb34c28f22e8b96e1ab97ce403110664 -> 
  custom:CustomObjectIndexerAttribute: f67f22312cbe972f2da930a377ed3d15 -> 
  custom:audio-encoder-webm-vorbis: bf7c407c2cedff20999df2af8eb42d56 -> 
  custom:framework-win-MediaFoundation: 216162199b28c13a410421893ffa2e32 -> 
  custom:SearchIndexIgnoredProperties: e643bd26f0fe6173181afceb89e7c659 -> 
  custom:container-demuxer-ogg: 62fdf1f143b41e24485cea50d1cbac27 -> 
  custom:video-decoder-webm-vp8: 9c59270c3fd7afecdb556c50c9e8de78 -> 
  custom:audio-decoder-ogg-vorbis: bf7c407c2cedff20999df2af8eb42d56 -> 
========================================================================
Received Import Request.
  Time since last request: 239.522919 seconds.
  path: Assets/Cartoon Coffee/VFX Deluxe/Prefabs/Bursts/Glass Shatter_Cone_V1.prefab
  artifactKey: Guid(b834489c45acfe1499a7c0e47bb292c6) Importer(815301076,1909f56bfc062723c751e8b465ee728b)
Number of updated assets reloaded before import = 0
Start importing Assets/Cartoon Coffee/VFX Deluxe/Prefabs/Bursts/Glass Shatter_Cone_V1.prefab using Guid(b834489c45acfe1499a7c0e47bb292c6) Importer(815301076,1909f56bfc062723c751e8b465ee728b)  -> (artifact id: '3d49808ed3e8f2c72a4363d3d24537a0') in 0.170008 seconds 
Number of asset objects unloaded after import = 14
========================================================================
Received Import Request.
  Time since last request: 0.000019 seconds.
  path: Assets/Cartoon Coffee/VFX Deluxe/Prefabs/Bursts/Glass_Shatter_Gravity_V2.prefab
  artifactKey: Guid(d1f65aad9093c3f4087fd8d11aaeafb8) Importer(815301076,1909f56bfc062723c751e8b465ee728b)
Number of updated assets reloaded before import = 0
Start importing Assets/Cartoon Coffee/VFX Deluxe/Prefabs/Bursts/Glass_Shatter_Gravity_V2.prefab using Guid(d1f65aad9093c3f4087fd8d11aaeafb8) Importer(815301076,1909f56bfc062723c751e8b465ee728b)  -> (artifact id: '05e6a0bb2b6146d49a22bd72f37fe439') in 0.016615 seconds 
Number of asset objects unloaded after import = 14
========================================================================
Received Import Request.
  Time since last request: 0.000021 seconds.
  path: Assets/03_Prefabs/UI/GridText/GridTextPrefab.prefab
  artifactKey: Guid(af86bdb9ca549f340a8bf626348d1fde) Importer(815301076,1909f56bfc062723c751e8b465ee728b)
Number of updated assets reloaded before import = 0
Start importing Assets/03_Prefabs/UI/GridText/GridTextPrefab.prefab using Guid(af86bdb9ca549f340a8bf626348d1fde) Importer(815301076,1909f56bfc062723c751e8b465ee728b)  -> (artifact id: '022cf5e21fc5f1d468a3aba7f556d843') in 0.020203 seconds 
Number of asset objects unloaded after import = 12
========================================================================
Received Import Request.
  Time since last request: 0.000013 seconds.
  path: Assets/Cartoon Coffee/VFX Deluxe/Prefabs/Bursts/Hex_Bursts_Center_V2.prefab
  artifactKey: Guid(f13df24dd1dbea044abc81d17c163371) Importer(815301076,1909f56bfc062723c751e8b465ee728b)
Number of updated assets reloaded before import = 0
Start importing Assets/Cartoon Coffee/VFX Deluxe/Prefabs/Bursts/Hex_Bursts_Center_V2.prefab using Guid(f13df24dd1dbea044abc81d17c163371) Importer(815301076,1909f56bfc062723c751e8b465ee728b)  -> (artifact id: '4bbe27c9e4f4d78bcd184de61370c9f1') in 0.033409 seconds 
Number of asset objects unloaded after import = 19
========================================================================
Received Import Request.
  Time since last request: 0.000015 seconds.
  path: Assets/Cartoon Coffee/VFX Deluxe/Prefabs/Bursts/Impact_Cartoon_Hit_V2.prefab
  artifactKey: Guid(f27029e75a1167949956efe23a7f2e69) Importer(815301076,1909f56bfc062723c751e8b465ee728b)
Number of updated assets reloaded before import = 0
Start importing Assets/Cartoon Coffee/VFX Deluxe/Prefabs/Bursts/Impact_Cartoon_Hit_V2.prefab using Guid(f27029e75a1167949956efe23a7f2e69) Importer(815301076,1909f56bfc062723c751e8b465ee728b)  -> (artifact id: 'c0cca75f18e5794a539c23bc7e189c71') in 0.034697 seconds 
Number of asset objects unloaded after import = 21
========================================================================
Received Import Request.
  Time since last request: 0.000014 seconds.
  path: Assets/Cartoon Coffee/VFX Deluxe/Prefabs/Bursts/Impact_Ice_Lv2.prefab
  artifactKey: Guid(c1bcdc05012dcb04ab5454d759267ebb) Importer(815301076,1909f56bfc062723c751e8b465ee728b)
Number of updated assets reloaded before import = 0
Start importing Assets/Cartoon Coffee/VFX Deluxe/Prefabs/Bursts/Impact_Ice_Lv2.prefab using Guid(c1bcdc05012dcb04ab5454d759267ebb) Importer(815301076,1909f56bfc062723c751e8b465ee728b)  -> (artifact id: 'd59d72273e27e372445c02fcca1cf200') in 0.080055 seconds 
Number of asset objects unloaded after import = 52
========================================================================
Received Import Request.
  Time since last request: 0.000014 seconds.
  path: Assets/Cartoon Coffee/VFX Deluxe/Prefabs/Bursts/Impact_Shine_V1.prefab
  artifactKey: Guid(89000ad4858d68345a4d0a2150ae6d54) Importer(815301076,1909f56bfc062723c751e8b465ee728b)
Number of updated assets reloaded before import = 0
Start importing Assets/Cartoon Coffee/VFX Deluxe/Prefabs/Bursts/Impact_Shine_V1.prefab using Guid(89000ad4858d68345a4d0a2150ae6d54) Importer(815301076,1909f56bfc062723c751e8b465ee728b)  -> (artifact id: '7b4970d2eafde2ab1a1731da48b288f2') in 0.032464 seconds 
Number of asset objects unloaded after import = 26
========================================================================
Received Import Request.
  Time since last request: 0.000016 seconds.
  path: Assets/Cartoon Coffee/VFX Deluxe/Prefabs/Bursts/Impact_Ice_Lv3.prefab
  artifactKey: Guid(5748acc648867a547a324196df7975ea) Importer(815301076,1909f56bfc062723c751e8b465ee728b)
Number of updated assets reloaded before import = 0
Start importing Assets/Cartoon Coffee/VFX Deluxe/Prefabs/Bursts/Impact_Ice_Lv3.prefab using Guid(5748acc648867a547a324196df7975ea) Importer(815301076,1909f56bfc062723c751e8b465ee728b)  -> (artifact id: '05df2ff5fae5af82bd61fb10c1fae7b7') in 0.031699 seconds 
Number of asset objects unloaded after import = 52
========================================================================
Received Import Request.
  Time since last request: 0.000020 seconds.
  path: Assets/03_Prefabs/UI/Screens/InnPanel.prefab
  artifactKey: Guid(a6f15fdc1e53bc9479daa66388cbbc39) Importer(815301076,1909f56bfc062723c751e8b465ee728b)
Number of updated assets reloaded before import = 0
Start importing Assets/03_Prefabs/UI/Screens/InnPanel.prefab using Guid(a6f15fdc1e53bc9479daa66388cbbc39) Importer(815301076,1909f56bfc062723c751e8b465ee728b)  -> (artifact id: 'd38db0bc48456adfdd5b7160c42fb5fd') in 0.222155 seconds 
Number of asset objects unloaded after import = 1718
========================================================================
Received Import Request.
  Time since last request: 0.000019 seconds.
  path: Assets/03_Prefabs/UI/Bars/HPGage.prefab
  artifactKey: Guid(7e64226cfd2042b4ca657c2593e84a82) Importer(815301076,1909f56bfc062723c751e8b465ee728b)
Number of updated assets reloaded before import = 0
Start importing Assets/03_Prefabs/UI/Bars/HPGage.prefab using Guid(7e64226cfd2042b4ca657c2593e84a82) Importer(815301076,1909f56bfc062723c751e8b465ee728b)  -> (artifact id: 'ca13204f2cb2905c7bd93e0d50b2d82f') in 0.017822 seconds 
Number of asset objects unloaded after import = 51
========================================================================
Received Import Request.
  Time since last request: 0.000023 seconds.
  path: Assets/Cartoon Coffee/VFX Deluxe/Prefabs/Bursts/Impact_Smoke_V1.prefab
  artifactKey: Guid(f13e61830255cf646896334089da2c20) Importer(815301076,1909f56bfc062723c751e8b465ee728b)
Number of updated assets reloaded before import = 0
Start importing Assets/Cartoon Coffee/VFX Deluxe/Prefabs/Bursts/Impact_Smoke_V1.prefab using Guid(f13e61830255cf646896334089da2c20) Importer(815301076,1909f56bfc062723c751e8b465ee728b)  -> (artifact id: '3c9217b787fea5e26db5aa55aaac509a') in 0.053317 seconds 
Number of asset objects unloaded after import = 39
========================================================================
Received Import Request.
  Time since last request: 0.000017 seconds.
  path: Assets/Cartoon Coffee/VFX Deluxe/Prefabs/Bursts/Impact_Darkness_Lv3.prefab
  artifactKey: Guid(d10776942586398478a63c6485c7582e) Importer(815301076,1909f56bfc062723c751e8b465ee728b)
Number of updated assets reloaded before import = 0
Start importing Assets/Cartoon Coffee/VFX Deluxe/Prefabs/Bursts/Impact_Darkness_Lv3.prefab using Guid(d10776942586398478a63c6485c7582e) Importer(815301076,1909f56bfc062723c751e8b465ee728b)  -> (artifact id: 'f8eba75985a65f4ff654a2b8b8b2b20e') in 0.065023 seconds 
Number of asset objects unloaded after import = 66
========================================================================
Received Import Request.
  Time since last request: 0.000018 seconds.
  path: Assets/Cartoon Coffee/VFX Deluxe/Prefabs/Bursts/Impact_Hit_V7.prefab
  artifactKey: Guid(6f372e88ad4c7994984ae2eb6d7d6a8e) Importer(815301076,1909f56bfc062723c751e8b465ee728b)
Number of updated assets reloaded before import = 0
Start importing Assets/Cartoon Coffee/VFX Deluxe/Prefabs/Bursts/Impact_Hit_V7.prefab using Guid(6f372e88ad4c7994984ae2eb6d7d6a8e) Importer(815301076,1909f56bfc062723c751e8b465ee728b)  -> (artifact id: 'b31bae7253268bdbe1fcbb1f50ea4583') in 0.031533 seconds 
Number of asset objects unloaded after import = 26
========================================================================
Received Import Request.
  Time since last request: 0.000028 seconds.
  path: Assets/03_Prefabs/Volumes/Global Volume_DEFAULT.prefab
  artifactKey: Guid(163e1b268a570264c859cc60f131ff1c) Importer(815301076,1909f56bfc062723c751e8b465ee728b)
Number of updated assets reloaded before import = 0
Start importing Assets/03_Prefabs/Volumes/Global Volume_DEFAULT.prefab using Guid(163e1b268a570264c859cc60f131ff1c) Importer(815301076,1909f56bfc062723c751e8b465ee728b)  -> (artifact id: 'ef09f8adf46bf9296fc1a692f57c35d6') in 0.009546 seconds 
Number of asset objects unloaded after import = 16
========================================================================
Received Import Request.
  Time since last request: 0.000017 seconds.
  path: Assets/Cartoon Coffee/VFX Deluxe/Prefabs/Bursts/Impact_Star_V1.prefab
  artifactKey: Guid(4503b3a4d26e0ea41b60881951b58418) Importer(815301076,1909f56bfc062723c751e8b465ee728b)
Number of updated assets reloaded before import = 0
Start importing Assets/Cartoon Coffee/VFX Deluxe/Prefabs/Bursts/Impact_Star_V1.prefab using Guid(4503b3a4d26e0ea41b60881951b58418) Importer(815301076,1909f56bfc062723c751e8b465ee728b)  -> (artifact id: '20d07f6f757bea6ed2d3592857fac87b') in 0.041935 seconds 
Number of asset objects unloaded after import = 46
========================================================================
Received Import Request.
  Time since last request: 0.000021 seconds.
  path: Assets/Cartoon Coffee/2D Slash VFX/Prefabs/Bursts/Impact_Cut_V4.prefab
  artifactKey: Guid(f731886ddbc0d5c478c4b2908ad818a4) Importer(815301076,1909f56bfc062723c751e8b465ee728b)
Number of updated assets reloaded before import = 0
Start importing Assets/Cartoon Coffee/2D Slash VFX/Prefabs/Bursts/Impact_Cut_V4.prefab using Guid(f731886ddbc0d5c478c4b2908ad818a4) Importer(815301076,1909f56bfc062723c751e8b465ee728b)  -> (artifact id: 'e254eb29dca005a3bc75ea875e1836ec') in 0.014763 seconds 
Number of asset objects unloaded after import = 14
========================================================================
Received Import Request.
  Time since last request: 0.000022 seconds.
  path: Assets/Cartoon Coffee/VFX Deluxe/Prefabs/Bursts/Impact_Shockwave.prefab
  artifactKey: Guid(896327d564dd09a40a6ae0c24becb75f) Importer(815301076,1909f56bfc062723c751e8b465ee728b)
Number of updated assets reloaded before import = 0
Start importing Assets/Cartoon Coffee/VFX Deluxe/Prefabs/Bursts/Impact_Shockwave.prefab using Guid(896327d564dd09a40a6ae0c24becb75f) Importer(815301076,1909f56bfc062723c751e8b465ee728b)  -> (artifact id: '89116c541fdd01b3eda2ddfa453b74f3') in 0.017391 seconds 
Number of asset objects unloaded after import = 15
========================================================================
Received Import Request.
  Time since last request: 0.000018 seconds.
  path: Assets/Cartoon Coffee/VFX Deluxe/Prefabs/Bursts/Impact_Muzzle_Flash.prefab
  artifactKey: Guid(0878c99493450524f8bd94c47aafed87) Importer(815301076,1909f56bfc062723c751e8b465ee728b)
Number of updated assets reloaded before import = 0
Start importing Assets/Cartoon Coffee/VFX Deluxe/Prefabs/Bursts/Impact_Muzzle_Flash.prefab using Guid(0878c99493450524f8bd94c47aafed87) Importer(815301076,1909f56bfc062723c751e8b465ee728b)  -> (artifact id: '803f76f69e21e704bfb9a722422e5a29') in 0.019858 seconds 
Number of asset objects unloaded after import = 15
========================================================================
Received Import Request.
  Time since last request: 0.000013 seconds.
  path: Assets/Cartoon Coffee/VFX Deluxe/Prefabs/Bursts/Impact_Shine_V2.prefab
  artifactKey: Guid(b479dc93dc8caa0439acbc73e46e00e1) Importer(815301076,1909f56bfc062723c751e8b465ee728b)
Number of updated assets reloaded before import = 0
Start importing Assets/Cartoon Coffee/VFX Deluxe/Prefabs/Bursts/Impact_Shine_V2.prefab using Guid(b479dc93dc8caa0439acbc73e46e00e1) Importer(815301076,1909f56bfc062723c751e8b465ee728b)  -> (artifact id: '2afcdb1c0b2eed83bc57d5f28a7ced1f') in 0.028716 seconds 
Number of asset objects unloaded after import = 33
========================================================================
Received Import Request.
  Time since last request: 0.000019 seconds.
  path: Assets/03_Prefabs/UI/Panels/GoldPanel.prefab
  artifactKey: Guid(f40a2d79d06d64440a512e173e01f8c8) Importer(815301076,1909f56bfc062723c751e8b465ee728b)
Number of updated assets reloaded before import = 0
Start importing Assets/03_Prefabs/UI/Panels/GoldPanel.prefab using Guid(f40a2d79d06d64440a512e173e01f8c8) Importer(815301076,1909f56bfc062723c751e8b465ee728b)  -> (artifact id: '135940fde34c702a8b4c9ce1918ea425') in 0.050631 seconds 
Number of asset objects unloaded after import = 91
========================================================================
Received Import Request.
  Time since last request: 0.000014 seconds.
  path: Assets/Cartoon Coffee/VFX Deluxe/Prefabs/Bursts/Impact_Fire_Lv2.prefab
  artifactKey: Guid(3b6d31ab622956941a502c2a29929280) Importer(815301076,1909f56bfc062723c751e8b465ee728b)
Number of updated assets reloaded before import = 0
Start importing Assets/Cartoon Coffee/VFX Deluxe/Prefabs/Bursts/Impact_Fire_Lv2.prefab using Guid(3b6d31ab622956941a502c2a29929280) Importer(815301076,1909f56bfc062723c751e8b465ee728b)  -> (artifact id: 'cd9bd58acfb7a2913a742505aed1fab7') in 0.030950 seconds 
Number of asset objects unloaded after import = 52
========================================================================
Received Import Request.
  Time since last request: 0.000014 seconds.
  path: Assets/Cartoon Coffee/VFX Deluxe/Prefabs/Bursts/Impact_Cartoon_Hit_V4.prefab
  artifactKey: Guid(098ef2ac28edd344d9ae132cc8c01337) Importer(815301076,1909f56bfc062723c751e8b465ee728b)
Number of updated assets reloaded before import = 0
Start importing Assets/Cartoon Coffee/VFX Deluxe/Prefabs/Bursts/Impact_Cartoon_Hit_V4.prefab using Guid(098ef2ac28edd344d9ae132cc8c01337) Importer(815301076,1909f56bfc062723c751e8b465ee728b)  -> (artifact id: 'bcf420e6272145f9d26dd9e388c20c3d') in 0.031596 seconds 
Number of asset objects unloaded after import = 31
========================================================================
Received Import Request.
  Time since last request: 0.000016 seconds.
  path: Assets/Cartoon Coffee/VFX Deluxe/Prefabs/Bursts/Impact_Shine_V4.prefab
  artifactKey: Guid(308354f19e3dc57438d8a70cf24c6c56) Importer(815301076,1909f56bfc062723c751e8b465ee728b)
Number of updated assets reloaded before import = 0
Start importing Assets/Cartoon Coffee/VFX Deluxe/Prefabs/Bursts/Impact_Shine_V4.prefab using Guid(308354f19e3dc57438d8a70cf24c6c56) Importer(815301076,1909f56bfc062723c751e8b465ee728b)  -> (artifact id: '2a962e78d78e3a700da8d24b31f0dc93') in 0.026274 seconds 
Number of asset objects unloaded after import = 40
========================================================================
Received Import Request.
  Time since last request: 0.000034 seconds.
  path: Assets/02_Scripts/Game/HPValue.prefab
  artifactKey: Guid(6ccc3882d1b3cc4439e6660e2a65d633) Importer(815301076,1909f56bfc062723c751e8b465ee728b)
Number of updated assets reloaded before import = 0
Start importing Assets/02_Scripts/Game/HPValue.prefab using Guid(6ccc3882d1b3cc4439e6660e2a65d633) Importer(815301076,1909f56bfc062723c751e8b465ee728b)  -> (artifact id: '283f08dbd768330949f0a35adb59552c') in 0.021535 seconds 
Number of asset objects unloaded after import = 13
========================================================================
Received Import Request.
  Time since last request: 0.000015 seconds.
  path: Assets/Cartoon Coffee/VFX Deluxe/Prefabs/Bursts/Glass Shatter_Cone_V2.prefab
  artifactKey: Guid(e79d07d4162b0dc4a856b7a6f7c61efc) Importer(815301076,1909f56bfc062723c751e8b465ee728b)
Number of updated assets reloaded before import = 0
Start importing Assets/Cartoon Coffee/VFX Deluxe/Prefabs/Bursts/Glass Shatter_Cone_V2.prefab using Guid(e79d07d4162b0dc4a856b7a6f7c61efc) Importer(815301076,1909f56bfc062723c751e8b465ee728b)  -> (artifact id: '0f5cc02aec7b90623dcfe14d186938e8') in 0.013219 seconds 
Number of asset objects unloaded after import = 14
========================================================================
Received Import Request.
  Time since last request: 0.000017 seconds.
  path: Assets/Cartoon Coffee/VFX Deluxe/Prefabs/Bursts/Impact_Hit_V2.prefab
  artifactKey: Guid(bd3ac97e5c0a427458e6f587a2fdee34) Importer(815301076,1909f56bfc062723c751e8b465ee728b)
Number of updated assets reloaded before import = 0
Start importing Assets/Cartoon Coffee/VFX Deluxe/Prefabs/Bursts/Impact_Hit_V2.prefab using Guid(bd3ac97e5c0a427458e6f587a2fdee34) Importer(815301076,1909f56bfc062723c751e8b465ee728b)  -> (artifact id: 'dac69423af99380c9361013d11927631') in 0.013283 seconds 
Number of asset objects unloaded after import = 18
========================================================================
Received Import Request.
  Time since last request: 0.000021 seconds.
  path: Assets/Cartoon Coffee/2D Slash VFX/Prefabs/Bursts/Impact_Cut_V2.prefab
  artifactKey: Guid(393857b05eed30248aa5c9de2f2d9cb0) Importer(815301076,1909f56bfc062723c751e8b465ee728b)
Number of updated assets reloaded before import = 0
Start importing Assets/Cartoon Coffee/2D Slash VFX/Prefabs/Bursts/Impact_Cut_V2.prefab using Guid(393857b05eed30248aa5c9de2f2d9cb0) Importer(815301076,1909f56bfc062723c751e8b465ee728b)  -> (artifact id: '646a66fcbfa579ec4441930c4e1f2ba5') in 0.016582 seconds 
Number of asset objects unloaded after import = 14
========================================================================
Received Import Request.
  Time since last request: 0.000017 seconds.
  path: Assets/Cartoon Coffee/VFX Deluxe/Prefabs/Bursts/Impact_Light_Lv1.prefab
  artifactKey: Guid(07a8e2860b637574e823432af59dac30) Importer(815301076,1909f56bfc062723c751e8b465ee728b)
Number of updated assets reloaded before import = 0
Start importing Assets/Cartoon Coffee/VFX Deluxe/Prefabs/Bursts/Impact_Light_Lv1.prefab using Guid(07a8e2860b637574e823432af59dac30) Importer(815301076,1909f56bfc062723c751e8b465ee728b)  -> (artifact id: '8480fbd3ab86dd45f458c55af8d206db') in 0.030403 seconds 
Number of asset objects unloaded after import = 46
========================================================================
Received Import Request.
  Time since last request: 0.000018 seconds.
  path: Assets/Cartoon Coffee/VFX Deluxe/Prefabs/Bursts/Glass_Shatter_V2.prefab
  artifactKey: Guid(93c7eb722a57d6247adb1d95164508e2) Importer(815301076,1909f56bfc062723c751e8b465ee728b)
Number of updated assets reloaded before import = 0
Start importing Assets/Cartoon Coffee/VFX Deluxe/Prefabs/Bursts/Glass_Shatter_V2.prefab using Guid(93c7eb722a57d6247adb1d95164508e2) Importer(815301076,1909f56bfc062723c751e8b465ee728b)  -> (artifact id: '918426b99cbc99653692f3022a539005') in 0.013449 seconds 
Number of asset objects unloaded after import = 14
========================================================================
Received Import Request.
  Time since last request: 0.000015 seconds.
  path: Assets/Cartoon Coffee/VFX Deluxe/Prefabs/Bursts/Impact_Cartoon_Hit_V6.prefab
  artifactKey: Guid(f5f3a0c1fe1b1ba448593476aaf1b6bf) Importer(815301076,1909f56bfc062723c751e8b465ee728b)
Number of updated assets reloaded before import = 0
Start importing Assets/Cartoon Coffee/VFX Deluxe/Prefabs/Bursts/Impact_Cartoon_Hit_V6.prefab using Guid(f5f3a0c1fe1b1ba448593476aaf1b6bf) Importer(815301076,1909f56bfc062723c751e8b465ee728b)  -> (artifact id: '489eed83ee1becf77079b311c9d5083d') in 0.054004 seconds 
Number of asset objects unloaded after import = 59
========================================================================
Received Import Request.
  Time since last request: 0.000023 seconds.
  path: Assets/Cartoon Coffee/VFX Deluxe/Prefabs/Bursts/Impact_Water_Lv1.prefab
  artifactKey: Guid(3421a70049d1bca4aa45c86266da3c50) Importer(815301076,1909f56bfc062723c751e8b465ee728b)
Number of updated assets reloaded before import = 0
Start importing Assets/Cartoon Coffee/VFX Deluxe/Prefabs/Bursts/Impact_Water_Lv1.prefab using Guid(3421a70049d1bca4aa45c86266da3c50) Importer(815301076,1909f56bfc062723c751e8b465ee728b)  -> (artifact id: '2c4eb4fcb9ff3d1af025d441f2d85613') in 0.077696 seconds 
Number of asset objects unloaded after import = 48
========================================================================
Received Import Request.
  Time since last request: 0.000030 seconds.
  path: Assets/Cartoon Coffee/VFX Deluxe/Prefabs/Loops/Jet_Water.prefab
  artifactKey: Guid(c17e075fd76363e4e9cf9eca79564655) Importer(815301076,1909f56bfc062723c751e8b465ee728b)
Number of updated assets reloaded before import = 0
Start importing Assets/Cartoon Coffee/VFX Deluxe/Prefabs/Loops/Jet_Water.prefab using Guid(c17e075fd76363e4e9cf9eca79564655) Importer(815301076,1909f56bfc062723c751e8b465ee728b)  -> (artifact id: '0afc5bf40d879f297d53b2da237189a8') in 0.031632 seconds 
Number of asset objects unloaded after import = 29
========================================================================
Received Import Request.
  Time since last request: 0.000021 seconds.
  path: Assets/Cartoon Coffee/VFX Deluxe/Prefabs/Bursts/Impact_Lightning_Lv2.prefab
  artifactKey: Guid(b61b9f2ad9438834c97bf701fe47d415) Importer(815301076,1909f56bfc062723c751e8b465ee728b)
Number of updated assets reloaded before import = 0
Start importing Assets/Cartoon Coffee/VFX Deluxe/Prefabs/Bursts/Impact_Lightning_Lv2.prefab using Guid(b61b9f2ad9438834c97bf701fe47d415) Importer(815301076,1909f56bfc062723c751e8b465ee728b)  -> (artifact id: '80cb5a0da8301a1f7889acace7c2e4c0') in 0.039697 seconds 
Number of asset objects unloaded after import = 53
========================================================================
Received Import Request.
  Time since last request: 0.000023 seconds.
  path: Assets/Cartoon Coffee/VFX Deluxe/Prefabs/Bursts/Impact_Darkness_Lv1.prefab
  artifactKey: Guid(3b3473c3390f46441ba8f12ff261f25e) Importer(815301076,1909f56bfc062723c751e8b465ee728b)
Number of updated assets reloaded before import = 0
Start importing Assets/Cartoon Coffee/VFX Deluxe/Prefabs/Bursts/Impact_Darkness_Lv1.prefab using Guid(3b3473c3390f46441ba8f12ff261f25e) Importer(815301076,1909f56bfc062723c751e8b465ee728b)  -> (artifact id: 'a5f123df20cad92c81fa3f9630c34d76') in 0.021556 seconds 
Number of asset objects unloaded after import = 33
========================================================================
Received Import Request.
  Time since last request: 0.000017 seconds.
  path: Assets/Cartoon Coffee/VFX Deluxe/Prefabs/Bursts/Impact_Smoke_V2.prefab
  artifactKey: Guid(976bb459464ca0e47833c9251ba8c205) Importer(815301076,1909f56bfc062723c751e8b465ee728b)
Number of updated assets reloaded before import = 0
Start importing Assets/Cartoon Coffee/VFX Deluxe/Prefabs/Bursts/Impact_Smoke_V2.prefab using Guid(976bb459464ca0e47833c9251ba8c205) Importer(815301076,1909f56bfc062723c751e8b465ee728b)  -> (artifact id: '328304400f8aa800fd0b58504a1af7f9') in 0.032735 seconds 
Number of asset objects unloaded after import = 50
========================================================================
Received Import Request.
  Time since last request: 0.000019 seconds.
  path: Assets/Cartoon Coffee/VFX Deluxe/Prefabs/Bursts/Glass_Shatter_V1.prefab
  artifactKey: Guid(eebf26e560c5d834dbb5914d21ad79ca) Importer(815301076,1909f56bfc062723c751e8b465ee728b)
Number of updated assets reloaded before import = 0
Start importing Assets/Cartoon Coffee/VFX Deluxe/Prefabs/Bursts/Glass_Shatter_V1.prefab using Guid(eebf26e560c5d834dbb5914d21ad79ca) Importer(815301076,1909f56bfc062723c751e8b465ee728b)  -> (artifact id: '6a52b77609cd7795e4d293add66cbe30') in 0.013359 seconds 
Number of asset objects unloaded after import = 14
========================================================================
Received Import Request.
  Time since last request: 0.000017 seconds.
  path: Assets/03_Prefabs/NewUI/Inn/InnMenuBig.prefab
  artifactKey: Guid(b8f97d086cb31a745b3c27a26cb9b874) Importer(815301076,1909f56bfc062723c751e8b465ee728b)
Number of updated assets reloaded before import = 0
Start importing Assets/03_Prefabs/NewUI/Inn/InnMenuBig.prefab using Guid(b8f97d086cb31a745b3c27a26cb9b874) Importer(815301076,1909f56bfc062723c751e8b465ee728b)  -> (artifact id: '4d3e86fdbcaa706151d4a193f2461837') in 0.022911 seconds 
Number of asset objects unloaded after import = 91
========================================================================
Received Import Request.
  Time since last request: 0.000016 seconds.
  path: Assets/Cartoon Coffee/VFX Deluxe/Prefabs/Loops/Jet_Smoke.prefab
  artifactKey: Guid(296240fbcb391f44f89e9aadcdcb528f) Importer(815301076,1909f56bfc062723c751e8b465ee728b)
Number of updated assets reloaded before import = 0
Start importing Assets/Cartoon Coffee/VFX Deluxe/Prefabs/Loops/Jet_Smoke.prefab using Guid(296240fbcb391f44f89e9aadcdcb528f) Importer(815301076,1909f56bfc062723c751e8b465ee728b)  -> (artifact id: '74c7a2697e8bf995844464277a557342') in 0.027874 seconds 
Number of asset objects unloaded after import = 15
========================================================================
Received Import Request.
  Time since last request: 0.000024 seconds.
  path: Assets/Cartoon Coffee/VFX Deluxe/Prefabs/Bursts/Impact_Hit_V6.prefab
  artifactKey: Guid(ba67449b529f2ff44820027891f54ac0) Importer(815301076,1909f56bfc062723c751e8b465ee728b)
Number of updated assets reloaded before import = 0
Start importing Assets/Cartoon Coffee/VFX Deluxe/Prefabs/Bursts/Impact_Hit_V6.prefab using Guid(ba67449b529f2ff44820027891f54ac0) Importer(815301076,1909f56bfc062723c751e8b465ee728b)  -> (artifact id: 'a3ad1706bbc215668a6f8d6901814671') in 0.030447 seconds 
Number of asset objects unloaded after import = 32
========================================================================
Received Import Request.
  Time since last request: 0.000017 seconds.
  path: Assets/Cartoon Coffee/VFX Deluxe/Prefabs/Bursts/Impact_Star_V2.prefab
  artifactKey: Guid(ddd8c73046d4f364d969ed13ca53c644) Importer(815301076,1909f56bfc062723c751e8b465ee728b)
Number of updated assets reloaded before import = 0
Start importing Assets/Cartoon Coffee/VFX Deluxe/Prefabs/Bursts/Impact_Star_V2.prefab using Guid(ddd8c73046d4f364d969ed13ca53c644) Importer(815301076,1909f56bfc062723c751e8b465ee728b)  -> (artifact id: 'bd845d39a4a449c5d475fbe2a3f0fe9d') in 0.029888 seconds 
Number of asset objects unloaded after import = 34
========================================================================
Received Import Request.
  Time since last request: 0.000021 seconds.
  path: Assets/Cartoon Coffee/VFX Deluxe/Prefabs/Bursts/Impact_Hit_V8.prefab
  artifactKey: Guid(bdd0a765f74a141448669f82e02bcbf2) Importer(815301076,1909f56bfc062723c751e8b465ee728b)
Number of updated assets reloaded before import = 0
Start importing Assets/Cartoon Coffee/VFX Deluxe/Prefabs/Bursts/Impact_Hit_V8.prefab using Guid(bdd0a765f74a141448669f82e02bcbf2) Importer(815301076,1909f56bfc062723c751e8b465ee728b)  -> (artifact id: '1f1fe73eccd2bf9b20eefcc47418440b') in 0.032987 seconds 
Number of asset objects unloaded after import = 26
========================================================================
Received Import Request.
  Time since last request: 0.000018 seconds.
  path: Assets/Cartoon Coffee/VFX Deluxe/Prefabs/Bursts/Impact_Shock.prefab
  artifactKey: Guid(acce4b02a2ce6664aace9033fd7085a4) Importer(815301076,1909f56bfc062723c751e8b465ee728b)
Number of updated assets reloaded before import = 0
Start importing Assets/Cartoon Coffee/VFX Deluxe/Prefabs/Bursts/Impact_Shock.prefab using Guid(acce4b02a2ce6664aace9033fd7085a4) Importer(815301076,1909f56bfc062723c751e8b465ee728b)  -> (artifact id: '5353ae64123dcf94b9dde9857d8dda92') in 0.023098 seconds 
Number of asset objects unloaded after import = 42
========================================================================
Received Import Request.
  Time since last request: 0.000019 seconds.
  path: Assets/Cartoon Coffee/VFX Deluxe/Prefabs/Bursts/Impact_Cartoon_Hit_V3.prefab
  artifactKey: Guid(5ef3501b5b8d0f244bbb3771217afb26) Importer(815301076,1909f56bfc062723c751e8b465ee728b)
Number of updated assets reloaded before import = 0
Start importing Assets/Cartoon Coffee/VFX Deluxe/Prefabs/Bursts/Impact_Cartoon_Hit_V3.prefab using Guid(5ef3501b5b8d0f244bbb3771217afb26) Importer(815301076,1909f56bfc062723c751e8b465ee728b)  -> (artifact id: 'e5169450da73ec5759c8e7ca1500b0bb') in 0.018761 seconds 
Number of asset objects unloaded after import = 21
========================================================================
Received Import Request.
  Time since last request: 0.000015 seconds.
  path: Assets/Cartoon Coffee/VFX Deluxe/Prefabs/Loops/Jet_Sparks.prefab
  artifactKey: Guid(76a9f2765b8e1cc4db8c3442c41a1748) Importer(815301076,1909f56bfc062723c751e8b465ee728b)
Number of updated assets reloaded before import = 0
Start importing Assets/Cartoon Coffee/VFX Deluxe/Prefabs/Loops/Jet_Sparks.prefab using Guid(76a9f2765b8e1cc4db8c3442c41a1748) Importer(815301076,1909f56bfc062723c751e8b465ee728b)  -> (artifact id: 'c0296abc04b9cd85ffa9b701222d3e6d') in 0.032206 seconds 
Number of asset objects unloaded after import = 21
========================================================================
Received Import Request.
  Time since last request: 0.000017 seconds.
  path: Assets/Cartoon Coffee/VFX Deluxe/Prefabs/Bursts/Impact_Lightning_Lv3.prefab
  artifactKey: Guid(9bc9dc2c5871a864ab52eea8ea6e7643) Importer(815301076,1909f56bfc062723c751e8b465ee728b)
Number of updated assets reloaded before import = 0
Start importing Assets/Cartoon Coffee/VFX Deluxe/Prefabs/Bursts/Impact_Lightning_Lv3.prefab using Guid(9bc9dc2c5871a864ab52eea8ea6e7643) Importer(815301076,1909f56bfc062723c751e8b465ee728b)  -> (artifact id: '97c3e62b4f58f0c70860bad6816cf8bc') in 0.050283 seconds 
Number of asset objects unloaded after import = 57
========================================================================
Received Import Request.
  Time since last request: 0.000020 seconds.
  path: Assets/Cartoon Coffee/2D Slash VFX/Prefabs/Bursts/Impact_Cut_V5.prefab
  artifactKey: Guid(1a0c1db986b1f564fbe381e1bac56bb2) Importer(815301076,1909f56bfc062723c751e8b465ee728b)
Number of updated assets reloaded before import = 0
Start importing Assets/Cartoon Coffee/2D Slash VFX/Prefabs/Bursts/Impact_Cut_V5.prefab using Guid(1a0c1db986b1f564fbe381e1bac56bb2) Importer(815301076,1909f56bfc062723c751e8b465ee728b)  -> (artifact id: '3a0976d5ba605e2055e1d9a084f1c0b3') in 0.016285 seconds 
Number of asset objects unloaded after import = 14
========================================================================
Received Import Request.
  Time since last request: 0.000015 seconds.
  path: Assets/Cartoon Coffee/VFX Deluxe/Prefabs/Bursts/Impact_Wind_Lv1.prefab
  artifactKey: Guid(6985e73a336888e4eae65baa727db325) Importer(815301076,1909f56bfc062723c751e8b465ee728b)
Number of updated assets reloaded before import = 0
Start importing Assets/Cartoon Coffee/VFX Deluxe/Prefabs/Bursts/Impact_Wind_Lv1.prefab using Guid(6985e73a336888e4eae65baa727db325) Importer(815301076,1909f56bfc062723c751e8b465ee728b)  -> (artifact id: '8a059979c7280ca34c15db904f3a558a') in 0.052172 seconds 
Number of asset objects unloaded after import = 40
========================================================================
Received Import Request.
  Time since last request: 0.000016 seconds.
  path: Assets/Cartoon Coffee/VFX Deluxe/Prefabs/Bursts/Impact_Star_V4.prefab
  artifactKey: Guid(5d017848b8b7f6d4083c7a88c0d332d5) Importer(815301076,1909f56bfc062723c751e8b465ee728b)
Number of updated assets reloaded before import = 0
Start importing Assets/Cartoon Coffee/VFX Deluxe/Prefabs/Bursts/Impact_Star_V4.prefab using Guid(5d017848b8b7f6d4083c7a88c0d332d5) Importer(815301076,1909f56bfc062723c751e8b465ee728b)  -> (artifact id: '69e8c3a11c3d75b486ff2f7efdc171d7') in 0.029134 seconds 
Number of asset objects unloaded after import = 34
========================================================================
Received Import Request.
  Time since last request: 0.000015 seconds.
  path: Assets/Cartoon Coffee/VFX Deluxe/Prefabs/Bursts/Impact_Star_V3.prefab
  artifactKey: Guid(68d08eb4c885e8e4286572eea0a8e4c0) Importer(815301076,1909f56bfc062723c751e8b465ee728b)
Number of updated assets reloaded before import = 0
Start importing Assets/Cartoon Coffee/VFX Deluxe/Prefabs/Bursts/Impact_Star_V3.prefab using Guid(68d08eb4c885e8e4286572eea0a8e4c0) Importer(815301076,1909f56bfc062723c751e8b465ee728b)  -> (artifact id: '70311c78983fa0658d27458cb5f0ee01') in 0.031670 seconds 
Number of asset objects unloaded after import = 46
========================================================================
Received Import Request.
  Time since last request: 0.000019 seconds.
  path: Assets/Cartoon Coffee/VFX Deluxe/Prefabs/Bursts/Impact_Cartoon_Hit_V5.prefab
  artifactKey: Guid(e7257f5ece5dc124e91d4064c51fe135) Importer(815301076,1909f56bfc062723c751e8b465ee728b)
Number of updated assets reloaded before import = 0
Start importing Assets/Cartoon Coffee/VFX Deluxe/Prefabs/Bursts/Impact_Cartoon_Hit_V5.prefab using Guid(e7257f5ece5dc124e91d4064c51fe135) Importer(815301076,1909f56bfc062723c751e8b465ee728b)  -> (artifact id: '8a84d668d05e82d7ce81af8ad4764499') in 0.035780 seconds 
Number of asset objects unloaded after import = 48
========================================================================
Received Import Request.
  Time since last request: 0.000020 seconds.
  path: Assets/03_Prefabs/UI/Screens/BottomUI/InteractableFaceArea.prefab
  artifactKey: Guid(55a0935516603804c974128797b5c911) Importer(815301076,1909f56bfc062723c751e8b465ee728b)
Number of updated assets reloaded before import = 0
Start importing Assets/03_Prefabs/UI/Screens/BottomUI/InteractableFaceArea.prefab using Guid(55a0935516603804c974128797b5c911) Importer(815301076,1909f56bfc062723c751e8b465ee728b)  -> (artifact id: '9b1d351d186f0b8a8aca9b644d769ab0') in 0.009019 seconds 
Number of asset objects unloaded after import = 34
========================================================================
Received Prepare
Registering precompiled user dll's ...
Registered in 0.006408 seconds.
Begin MonoManager ReloadAssembly
Symbol file LoadedFromMemory is not a mono symbol file
Native extension for WindowsStandalone target not found
Native extension for iOS target not found
Native extension for Android target not found
Refreshing native plugins compatible for Editor in 2.17 ms, found 3 plugins.
Preloading 0 native plugins for Editor in 0.00 ms.
[Package Manager] Server::EnsureServerProcessIsRunning -- launch failed, reason: Unity was launched with the -noUpm command-line argument
[Package Manager] Cannot connect to Unity Package Manager local server
Mono: successfully reloaded assembly
- Completed reload, in  1.625 seconds
Domain Reload Profiling:
	ReloadAssembly (1626ms)
		BeginReloadAssembly (151ms)
			ExecutionOrderSort (0ms)
			DisableScriptedObjects (8ms)
			BackupInstance (0ms)
			ReleaseScriptingObjects (0ms)
			CreateAndSetChildDomain (53ms)
		EndReloadAssembly (1407ms)
			LoadAssemblies (96ms)
			RebuildTransferFunctionScriptingTraits (0ms)
			SetupTypeCache (293ms)
			ReleaseScriptCaches (3ms)
			RebuildScriptCaches (92ms)
			SetupLoadedEditorAssemblies (868ms)
				LogAssemblyErrors (0ms)
				InitializePlatformSupportModulesInManaged (23ms)
				SetLoadedEditorAssemblies (0ms)
				RefreshPlugins (2ms)
				BeforeProcessingInitializeOnLoad (102ms)
				ProcessInitializeOnLoadAttributes (596ms)
				ProcessInitializeOnLoadMethodAttributes (138ms)
				AfterProcessingInitializeOnLoad (5ms)
				EditorAssembliesLoaded (0ms)
			ExecutionOrderSort2 (0ms)
			AwakeInstancesAfterBackupRestoration (15ms)
Platform modules already initialized, skipping
Shader 'CartoonCoffee/Particle Basic': fallback shader '2' not found
Shader 'MoreMountains/MMRipple': fallback shader 'Particle/AlphaBlended' not found
Shader 'CartoonCoffee/Particle Additive': fallback shader '2' not found
Refreshing native plugins compatible for Editor in 2.71 ms, found 3 plugins.
Preloading 0 native plugins for Editor in 0.00 ms.
Unloading 6499 Unused Serialized files (Serialized files now loaded: 0)
Unloading 109 unused Assets / (1.8 MB). Loaded Objects now: 7373.
Memory consumption went from 358.6 MB to 356.8 MB.
Total: 8.553300 ms (FindLiveObjects: 0.848400 ms CreateObjectMapping: 0.311200 ms MarkObjects: 6.870600 ms  DeleteObjects: 0.522300 ms)

AssetImportParameters requested are different than current active one (requested -> active):
  custom:video-decoder-ogg-theora: a1e56fd34408186e4bbccfd4996cb3dc -> 
  custom:container-muxer-webm: aa71ff27fc2769a1b78a27578f13a17b -> 
  custom:container-demuxer-webm: 4f35f7cbe854078d1ac9338744f61a02 -> 
  custom:video-encoder-webm-vp8: eb34c28f22e8b96e1ab97ce403110664 -> 
  custom:CustomObjectIndexerAttribute: f67f22312cbe972f2da930a377ed3d15 -> 
  custom:audio-encoder-webm-vorbis: bf7c407c2cedff20999df2af8eb42d56 -> 
  custom:framework-win-MediaFoundation: 216162199b28c13a410421893ffa2e32 -> 
  custom:SearchIndexIgnoredProperties: e643bd26f0fe6173181afceb89e7c659 -> 
  custom:container-demuxer-ogg: 62fdf1f143b41e24485cea50d1cbac27 -> 
  custom:video-decoder-webm-vp8: 9c59270c3fd7afecdb556c50c9e8de78 -> 
  custom:audio-decoder-ogg-vorbis: bf7c407c2cedff20999df2af8eb42d56 -> 
========================================================================
Received Prepare
Registering precompiled user dll's ...
Registered in 0.003818 seconds.
Begin MonoManager ReloadAssembly
Symbol file LoadedFromMemory is not a mono symbol file
Native extension for WindowsStandalone target not found
Native extension for iOS target not found
Native extension for Android target not found
Refreshing native plugins compatible for Editor in 2.26 ms, found 3 plugins.
Preloading 0 native plugins for Editor in 0.00 ms.
[Package Manager] Server::EnsureServerProcessIsRunning -- launch failed, reason: Unity was launched with the -noUpm command-line argument
[Package Manager] Cannot connect to Unity Package Manager local server
Mono: successfully reloaded assembly
- Completed reload, in  1.670 seconds
Domain Reload Profiling:
	ReloadAssembly (1671ms)
		BeginReloadAssembly (140ms)
			ExecutionOrderSort (0ms)
			DisableScriptedObjects (5ms)
			BackupInstance (0ms)
			ReleaseScriptingObjects (0ms)
			CreateAndSetChildDomain (46ms)
		EndReloadAssembly (1459ms)
			LoadAssemblies (91ms)
			RebuildTransferFunctionScriptingTraits (0ms)
			SetupTypeCache (273ms)
			ReleaseScriptCaches (4ms)
			RebuildScriptCaches (116ms)
			SetupLoadedEditorAssemblies (908ms)
				LogAssemblyErrors (0ms)
				InitializePlatformSupportModulesInManaged (23ms)
				SetLoadedEditorAssemblies (0ms)
				RefreshPlugins (2ms)
				BeforeProcessingInitializeOnLoad (125ms)
				ProcessInitializeOnLoadAttributes (595ms)
				ProcessInitializeOnLoadMethodAttributes (156ms)
				AfterProcessingInitializeOnLoad (6ms)
				EditorAssembliesLoaded (1ms)
			ExecutionOrderSort2 (0ms)
			AwakeInstancesAfterBackupRestoration (15ms)
Platform modules already initialized, skipping
Shader 'CartoonCoffee/Particle Basic': fallback shader '2' not found
Shader 'MoreMountains/MMRipple': fallback shader 'Particle/AlphaBlended' not found
Shader 'CartoonCoffee/Particle Additive': fallback shader '2' not found
Refreshing native plugins compatible for Editor in 2.26 ms, found 3 plugins.
Preloading 0 native plugins for Editor in 0.00 ms.
Unloading 6499 Unused Serialized files (Serialized files now loaded: 0)
Unloading 88 unused Assets / (1.8 MB). Loaded Objects now: 7376.
Memory consumption went from 358.5 MB to 356.7 MB.
Total: 6.911600 ms (FindLiveObjects: 0.433400 ms CreateObjectMapping: 0.314100 ms MarkObjects: 5.784600 ms  DeleteObjects: 0.378800 ms)

AssetImportParameters requested are different than current active one (requested -> active):
  custom:video-decoder-ogg-theora: a1e56fd34408186e4bbccfd4996cb3dc -> 
  custom:container-muxer-webm: aa71ff27fc2769a1b78a27578f13a17b -> 
  custom:container-demuxer-webm: 4f35f7cbe854078d1ac9338744f61a02 -> 
  custom:video-encoder-webm-vp8: eb34c28f22e8b96e1ab97ce403110664 -> 
  custom:CustomObjectIndexerAttribute: f67f22312cbe972f2da930a377ed3d15 -> 
  custom:audio-encoder-webm-vorbis: bf7c407c2cedff20999df2af8eb42d56 -> 
  custom:framework-win-MediaFoundation: 216162199b28c13a410421893ffa2e32 -> 
  custom:SearchIndexIgnoredProperties: e643bd26f0fe6173181afceb89e7c659 -> 
  custom:container-demuxer-ogg: 62fdf1f143b41e24485cea50d1cbac27 -> 
  custom:video-decoder-webm-vp8: 9c59270c3fd7afecdb556c50c9e8de78 -> 
  custom:audio-decoder-ogg-vorbis: bf7c407c2cedff20999df2af8eb42d56 -> 
Editor requested this worker to shutdown with reason: Scaling down because of idle timeout
AssetImportWorker is now disconnected from the server
Process exiting
Exiting without the bug reporter. Application will terminate with return code 0