Using pre-set license
Built from '2021.3/staging' branch; Version is '2021.3.31f1 (3409e2af086f) revision 3410402'; Using compiler version '192829333'; Build Type 'Release'
OS: 'Windows 11  (10.0.22621) 64bit Core' Language: 'de' Physical Memory: 32671 MB
BatchMode: 1, IsHumanControllingUs: 0, StartBugReporterOnCrash: 0, Is64bit: 1, IsPro: 1

COMMAND LINE ARGUMENTS:
C:\Program Files\Unity\Hub\Editor\2021.3.31f1\Editor\Unity.exe
-adb2
-batchMode
-noUpm
-name
AssetImportWorker23
-projectPath
D:/Projects/fe-kingdom-mobile/trunk/FireEmblemMobile/FireEmblemMobileUnityProject
-logFile
Logs/AssetImportWorker23.log
-srvPort
63537
Successfully changed project path to: D:/Projects/fe-kingdom-mobile/trunk/FireEmblemMobile/FireEmblemMobileUnityProject
D:/Projects/fe-kingdom-mobile/trunk/FireEmblemMobile/FireEmblemMobileUnityProject
[UnityMemory] Configuration Parameters - Can be set up in boot.config
    "memorysetup-bucket-allocator-granularity=16"
    "memorysetup-bucket-allocator-bucket-count=8"
    "memorysetup-bucket-allocator-block-size=33554432"
    "memorysetup-bucket-allocator-block-count=8"
    "memorysetup-main-allocator-block-size=16777216"
    "memorysetup-thread-allocator-block-size=16777216"
    "memorysetup-gfx-main-allocator-block-size=16777216"
    "memorysetup-gfx-thread-allocator-block-size=16777216"
    "memorysetup-cache-allocator-block-size=4194304"
    "memorysetup-typetree-allocator-block-size=2097152"
    "memorysetup-profiler-bucket-allocator-granularity=16"
    "memorysetup-profiler-bucket-allocator-bucket-count=8"
    "memorysetup-profiler-bucket-allocator-block-size=33554432"
    "memorysetup-profiler-bucket-allocator-block-count=8"
    "memorysetup-profiler-allocator-block-size=16777216"
    "memorysetup-profiler-editor-allocator-block-size=1048576"
    "memorysetup-temp-allocator-size-main=16777216"
    "memorysetup-job-temp-allocator-block-size=2097152"
    "memorysetup-job-temp-allocator-block-size-background=1048576"
    "memorysetup-job-temp-allocator-reduction-small-platforms=262144"
    "memorysetup-temp-allocator-size-background-worker=32768"
    "memorysetup-temp-allocator-size-job-worker=262144"
    "memorysetup-temp-allocator-size-preload-manager=33554432"
    "memorysetup-temp-allocator-size-nav-mesh-worker=65536"
    "memorysetup-temp-allocator-size-audio-worker=65536"
    "memorysetup-temp-allocator-size-cloud-worker=32768"
    "memorysetup-temp-allocator-size-gi-baking-worker=262144"
    "memorysetup-temp-allocator-size-gfx=262144"
Player connection [32132] Host "[IP] 192.168.0.11 [Port] 0 [Flags] 2 [Guid] 421647663 [EditorId] 421647663 [Version] 1048832 [Id] WindowsEditor(7,DESKTOP-N1UFFTN) [Debug] 1 [PackageName] WindowsEditor [ProjectName] Editor" joined multi-casting on [225.0.0.222:54997]...

Player connection [32132] Host "[IP] 192.168.0.11 [Port] 0 [Flags] 2 [Guid] 421647663 [EditorId] 421647663 [Version] 1048832 [Id] WindowsEditor(7,DESKTOP-N1UFFTN) [Debug] 1 [PackageName] WindowsEditor [ProjectName] Editor" joined alternative multi-casting on [225.0.0.222:34997]...

[Physics::Module] Initialized MultithreadedJobDispatcher with {0} workers.
Refreshing native plugins compatible for Editor in 103.85 ms, found 3 plugins.
Preloading 0 native plugins for Editor in 0.00 ms.
Initialize engine version: 2021.3.31f1 (3409e2af086f)
[Subsystems] Discovering subsystems at path C:/Program Files/Unity/Hub/Editor/2021.3.31f1/Editor/Data/Resources/UnitySubsystems
[Subsystems] Discovering subsystems at path D:/Projects/fe-kingdom-mobile/trunk/FireEmblemMobile/FireEmblemMobileUnityProject/Assets
GfxDevice: creating device client; threaded=0; jobified=0
Direct3D:
    Version:  Direct3D 11.0 [level 11.1]
    Renderer: NVIDIA GeForce RTX 3070 (ID=0x2488)
    Vendor:   NVIDIA
    VRAM:     8031 MB
    Driver:   31.0.15.3699
Shader 'MoreMountains/MMRipple': fallback shader 'Particle/AlphaBlended' not found
Initialize mono
Mono path[0] = 'C:/Program Files/Unity/Hub/Editor/2021.3.31f1/Editor/Data/Managed'
Mono path[1] = 'C:/Program Files/Unity/Hub/Editor/2021.3.31f1/Editor/Data/MonoBleedingEdge/lib/mono/unityjit-win32'
Mono config path = 'C:/Program Files/Unity/Hub/Editor/2021.3.31f1/Editor/Data/MonoBleedingEdge/etc'
Using monoOptions --debugger-agent=transport=dt_socket,embedding=1,server=y,suspend=n,address=127.0.0.1:56652
Begin MonoManager ReloadAssembly
Registering precompiled unity dll's ...
Register platform support module: C:/Program Files/Unity/Hub/Editor/2021.3.31f1/Editor/Data/PlaybackEngines/AndroidPlayer/UnityEditor.Android.Extensions.dll
Register platform support module: C:/Program Files/Unity/Hub/Editor/2021.3.31f1/Editor/Data/PlaybackEngines/iOSSupport/UnityEditor.iOS.Extensions.dll
Register platform support module: C:/Program Files/Unity/Hub/Editor/2021.3.31f1/Editor/Data/PlaybackEngines/WindowsStandaloneSupport/UnityEditor.WindowsStandalone.Extensions.dll
Registered in 0.004718 seconds.
Native extension for WindowsStandalone target not found
[usbmuxd] Start listen thread
[usbmuxd] Listen thread started
Native extension for iOS target not found
Native extension for Android target not found
Android Extension - Scanning For ADB Devices 214 ms
Refreshing native plugins compatible for Editor in 97.28 ms, found 3 plugins.
Preloading 0 native plugins for Editor in 0.00 ms.
Mono: successfully reloaded assembly
- Completed reload, in  0.758 seconds
Domain Reload Profiling:
	ReloadAssembly (758ms)
		BeginReloadAssembly (66ms)
			ExecutionOrderSort (0ms)
			DisableScriptedObjects (0ms)
			BackupInstance (0ms)
			ReleaseScriptingObjects (0ms)
			CreateAndSetChildDomain (1ms)
		EndReloadAssembly (624ms)
			LoadAssemblies (64ms)
			RebuildTransferFunctionScriptingTraits (0ms)
			SetupTypeCache (75ms)
			ReleaseScriptCaches (0ms)
			RebuildScriptCaches (20ms)
			SetupLoadedEditorAssemblies (496ms)
				LogAssemblyErrors (0ms)
				InitializePlatformSupportModulesInManaged (300ms)
				SetLoadedEditorAssemblies (0ms)
				RefreshPlugins (97ms)
				BeforeProcessingInitializeOnLoad (1ms)
				ProcessInitializeOnLoadAttributes (64ms)
				ProcessInitializeOnLoadMethodAttributes (33ms)
				AfterProcessingInitializeOnLoad (0ms)
				EditorAssembliesLoaded (0ms)
			ExecutionOrderSort2 (0ms)
			AwakeInstancesAfterBackupRestoration (0ms)
Platform modules already initialized, skipping
Registering precompiled user dll's ...
Registered in 0.004038 seconds.
Begin MonoManager ReloadAssembly
Symbol file LoadedFromMemory is not a mono symbol file
Native extension for WindowsStandalone target not found
Native extension for iOS target not found
Native extension for Android target not found
Refreshing native plugins compatible for Editor in 99.33 ms, found 3 plugins.
Preloading 0 native plugins for Editor in 0.00 ms.
Package Manager log level set to [2]
[Package Manager] Server::EnsureServerProcessIsRunning -- launch failed, reason: Unity was launched with the -noUpm command-line argument
[Package Manager] Cannot connect to Unity Package Manager local server
Mono: successfully reloaded assembly
- Completed reload, in  1.550 seconds
Domain Reload Profiling:
	ReloadAssembly (1551ms)
		BeginReloadAssembly (93ms)
			ExecutionOrderSort (0ms)
			DisableScriptedObjects (4ms)
			BackupInstance (0ms)
			ReleaseScriptingObjects (0ms)
			CreateAndSetChildDomain (16ms)
		EndReloadAssembly (1384ms)
			LoadAssemblies (83ms)
			RebuildTransferFunctionScriptingTraits (0ms)
			SetupTypeCache (250ms)
			ReleaseScriptCaches (1ms)
			RebuildScriptCaches (80ms)
			SetupLoadedEditorAssemblies (939ms)
				LogAssemblyErrors (0ms)
				InitializePlatformSupportModulesInManaged (21ms)
				SetLoadedEditorAssemblies (0ms)
				RefreshPlugins (99ms)
				BeforeProcessingInitializeOnLoad (96ms)
				ProcessInitializeOnLoadAttributes (590ms)
				ProcessInitializeOnLoadMethodAttributes (128ms)
				AfterProcessingInitializeOnLoad (4ms)
				EditorAssembliesLoaded (0ms)
			ExecutionOrderSort2 (0ms)
			AwakeInstancesAfterBackupRestoration (4ms)
Platform modules already initialized, skipping
========================================================================
Worker process is ready to serve import requests
Shader 'MoreMountains/MMRipple': fallback shader 'Particle/AlphaBlended' not found
Launched and connected shader compiler UnityShaderCompiler.exe after 0.03 seconds
Refreshing native plugins compatible for Editor in 2.06 ms, found 3 plugins.
Preloading 0 native plugins for Editor in 0.00 ms.
Unloading 6545 Unused Serialized files (Serialized files now loaded: 0)
Unloading 96 unused Assets / (2.0 MB). Loaded Objects now: 7065.
Memory consumption went from 362.3 MB to 360.2 MB.
Total: 7.431000 ms (FindLiveObjects: 0.393900 ms CreateObjectMapping: 0.168100 ms MarkObjects: 6.419200 ms  DeleteObjects: 0.448900 ms)

AssetImportParameters requested are different than current active one (requested -> active):
  custom:video-decoder-ogg-theora: a1e56fd34408186e4bbccfd4996cb3dc -> 
  custom:container-muxer-webm: aa71ff27fc2769a1b78a27578f13a17b -> 
  custom:container-demuxer-webm: 4f35f7cbe854078d1ac9338744f61a02 -> 
  custom:video-encoder-webm-vp8: eb34c28f22e8b96e1ab97ce403110664 -> 
  custom:CustomObjectIndexerAttribute: f67f22312cbe972f2da930a377ed3d15 -> 
  custom:audio-encoder-webm-vorbis: bf7c407c2cedff20999df2af8eb42d56 -> 
  custom:framework-win-MediaFoundation: 216162199b28c13a410421893ffa2e32 -> 
  custom:SearchIndexIgnoredProperties: e643bd26f0fe6173181afceb89e7c659 -> 
  custom:container-demuxer-ogg: 62fdf1f143b41e24485cea50d1cbac27 -> 
  custom:video-decoder-webm-vp8: 9c59270c3fd7afecdb556c50c9e8de78 -> 
  custom:audio-decoder-ogg-vorbis: bf7c407c2cedff20999df2af8eb42d56 -> 
========================================================================
Received Import Request.
  Time since last request: 800031.560049 seconds.
  path: Assets/07_GameData/DialogueSystem/Dialogues/Events/Groups/ChasedBySkeletons/Dialogues/ChasedBySkeletons1.asset
  artifactKey: Guid(cddbb9480d0c43e4aa6bce4a3aa08091) Importer(815301076,1909f56bfc062723c751e8b465ee728b)
Number of updated assets reloaded before import = 0
Start importing Assets/07_GameData/DialogueSystem/Dialogues/Events/Groups/ChasedBySkeletons/Dialogues/ChasedBySkeletons1.asset using Guid(cddbb9480d0c43e4aa6bce4a3aa08091) Importer(815301076,1909f56bfc062723c751e8b465ee728b)  -> (artifact id: '09e09301f908de0856ac114079b2789a') in 0.045554 seconds 
Number of asset objects unloaded after import = 4
========================================================================
Received Import Request.
  Time since last request: 0.000014 seconds.
  path: Assets/07_GameData/DialogueSystem/Dialogues/Events/Groups/TheEnchantedGarden/Dialogues/TheEnchantedGarden1b.asset
  artifactKey: Guid(4b21b3bc6ed4d504787ad8136a0776a2) Importer(815301076,1909f56bfc062723c751e8b465ee728b)
Number of updated assets reloaded before import = 0
Start importing Assets/07_GameData/DialogueSystem/Dialogues/Events/Groups/TheEnchantedGarden/Dialogues/TheEnchantedGarden1b.asset using Guid(4b21b3bc6ed4d504787ad8136a0776a2) Importer(815301076,1909f56bfc062723c751e8b465ee728b)  -> (artifact id: '501b7ef060c82d805bb532dac3f0763b') in 0.005575 seconds 
Number of asset objects unloaded after import = 1
========================================================================
Received Import Request.
  Time since last request: 0.000013 seconds.
  path: Assets/07_GameData/DialogueSystem/Dialogues/Events/Groups/TheEnchantedGarden/Dialogues/TheEnchantedGarden1Ra.asset
  artifactKey: Guid(be421fd78e917854bb7f975147cf5b78) Importer(815301076,1909f56bfc062723c751e8b465ee728b)
Number of updated assets reloaded before import = 0
Start importing Assets/07_GameData/DialogueSystem/Dialogues/Events/Groups/TheEnchantedGarden/Dialogues/TheEnchantedGarden1Ra.asset using Guid(be421fd78e917854bb7f975147cf5b78) Importer(815301076,1909f56bfc062723c751e8b465ee728b)  -> (artifact id: '17da3809195468cdb1903d5aba33478d') in 0.006003 seconds 
Number of asset objects unloaded after import = 3
========================================================================
Received Import Request.
  Time since last request: 0.000012 seconds.
  path: Assets/07_GameData/DialogueSystem/Dialogues/Events/Groups/TheWhisperingWoods/Dialogues/TheWhisperingWoods2.asset
  artifactKey: Guid(f7ac722a45261ca45aee00dd520e09ed) Importer(815301076,1909f56bfc062723c751e8b465ee728b)
Number of updated assets reloaded before import = 0
Start importing Assets/07_GameData/DialogueSystem/Dialogues/Events/Groups/TheWhisperingWoods/Dialogues/TheWhisperingWoods2.asset using Guid(f7ac722a45261ca45aee00dd520e09ed) Importer(815301076,1909f56bfc062723c751e8b465ee728b)  -> (artifact id: 'd0374b465a038411f29195336448a336') in 0.004658 seconds 
Number of asset objects unloaded after import = 1
========================================================================
Received Import Request.
  Time since last request: 0.000012 seconds.
  path: Assets/07_GameData/DialogueSystem/Dialogues/Events/Groups/WingedCreature/Dialogues/WingedCreature4.asset
  artifactKey: Guid(2438d78b83f313b4a81bfb05257253f2) Importer(815301076,1909f56bfc062723c751e8b465ee728b)
Number of updated assets reloaded before import = 0
Start importing Assets/07_GameData/DialogueSystem/Dialogues/Events/Groups/WingedCreature/Dialogues/WingedCreature4.asset using Guid(2438d78b83f313b4a81bfb05257253f2) Importer(815301076,1909f56bfc062723c751e8b465ee728b)  -> (artifact id: '6621771751cfacb16e771bd44a042e6b') in 0.005795 seconds 
Number of asset objects unloaded after import = 1
========================================================================
Received Import Request.
  Time since last request: 0.000010 seconds.
  path: Assets/07_GameData/DialogueSystem/Dialogues/Events/Groups/TheKnightAndHisHarem/Dialogues/KnightHarem4.asset
  artifactKey: Guid(5789c5696bd78fc4f9e0cb5f87b6c857) Importer(815301076,1909f56bfc062723c751e8b465ee728b)
Number of updated assets reloaded before import = 0
Start importing Assets/07_GameData/DialogueSystem/Dialogues/Events/Groups/TheKnightAndHisHarem/Dialogues/KnightHarem4.asset using Guid(5789c5696bd78fc4f9e0cb5f87b6c857) Importer(815301076,1909f56bfc062723c751e8b465ee728b)  -> (artifact id: 'fe0b6f67361544afb9d9d2fb7be966c5') in 0.229923 seconds 
Number of asset objects unloaded after import = 1176
========================================================================
Received Import Request.
  Time since last request: 0.000022 seconds.
  path: Assets/07_GameData/DialogueSystem/Dialogues/Events/Groups/TheStarvingSettlement/Dialogues/StarvingSettlement1.asset
  artifactKey: Guid(3a7280d6cb4967f40a0180c4881c166f) Importer(815301076,1909f56bfc062723c751e8b465ee728b)
Number of updated assets reloaded before import = 0
Start importing Assets/07_GameData/DialogueSystem/Dialogues/Events/Groups/TheStarvingSettlement/Dialogues/StarvingSettlement1.asset using Guid(3a7280d6cb4967f40a0180c4881c166f) Importer(815301076,1909f56bfc062723c751e8b465ee728b)  -> (artifact id: 'beb2c31c3920782168ba09d12dc7ce87') in 0.007372 seconds 
Number of asset objects unloaded after import = 1
========================================================================
Received Import Request.
  Time since last request: 0.000038 seconds.
  path: Assets/07_GameData/DialogueSystem/Dialogues/Events/Groups/MemoryGame/Dialogues/MemoryGame2.asset
  artifactKey: Guid(78c1904216db4bd409ee11554ad77d90) Importer(815301076,1909f56bfc062723c751e8b465ee728b)
Number of updated assets reloaded before import = 0
Start importing Assets/07_GameData/DialogueSystem/Dialogues/Events/Groups/MemoryGame/Dialogues/MemoryGame2.asset using Guid(78c1904216db4bd409ee11554ad77d90) Importer(815301076,1909f56bfc062723c751e8b465ee728b)  -> (artifact id: '71450f618194aae24dc004990050d838') in 0.011302 seconds 
Number of asset objects unloaded after import = 26
========================================================================
Received Import Request.
  Time since last request: 0.000017 seconds.
  path: Assets/07_GameData/DialogueSystem/Dialogues/Events/Groups/TheSilentMentor/Dialogues/SilentMentor.asset
  artifactKey: Guid(0dc9ebead6b109946922db5364dee7fe) Importer(815301076,1909f56bfc062723c751e8b465ee728b)
Number of updated assets reloaded before import = 0
Start importing Assets/07_GameData/DialogueSystem/Dialogues/Events/Groups/TheSilentMentor/Dialogues/SilentMentor.asset using Guid(0dc9ebead6b109946922db5364dee7fe) Importer(815301076,1909f56bfc062723c751e8b465ee728b)  -> (artifact id: '025c0f1a501f043e7a9b907eebc78c40') in 0.009831 seconds 
Number of asset objects unloaded after import = 12
========================================================================
Received Import Request.
  Time since last request: 0.000013 seconds.
  path: Assets/07_GameData/DialogueSystem/Dialogues/Events/Groups/TheEnchantedGarden/Dialogues/TheEnchantedGarden4.asset
  artifactKey: Guid(017422f3e54a6f14e90067fd8b210538) Importer(815301076,1909f56bfc062723c751e8b465ee728b)
Number of updated assets reloaded before import = 0
Start importing Assets/07_GameData/DialogueSystem/Dialogues/Events/Groups/TheEnchantedGarden/Dialogues/TheEnchantedGarden4.asset using Guid(017422f3e54a6f14e90067fd8b210538) Importer(815301076,1909f56bfc062723c751e8b465ee728b)  -> (artifact id: 'e2a3606f16acd98fb34ba4ef7e4d4917') in 0.009196 seconds 
Number of asset objects unloaded after import = 13
========================================================================
Received Import Request.
  Time since last request: 0.000020 seconds.
  path: Assets/07_GameData/DialogueSystem/Dialogues/Events/Groups/TheRitual/Dialogues/TheRitual1.asset
  artifactKey: Guid(e9ad03775a065114f9759f625419d33a) Importer(815301076,1909f56bfc062723c751e8b465ee728b)
Number of updated assets reloaded before import = 0
Start importing Assets/07_GameData/DialogueSystem/Dialogues/Events/Groups/TheRitual/Dialogues/TheRitual1.asset using Guid(e9ad03775a065114f9759f625419d33a) Importer(815301076,1909f56bfc062723c751e8b465ee728b)  -> (artifact id: 'c7e2aeb059fe1ee3fcfecc642899bf57') in 0.006636 seconds 
Number of asset objects unloaded after import = 4
========================================================================
Received Import Request.
  Time since last request: 0.000012 seconds.
  path: Assets/07_GameData/DialogueSystem/Dialogues/Events/Groups/ThemysteriousAltar/Dialogues/TheMysteriousAltar2.asset
  artifactKey: Guid(fe3a66c61cb4b724e98845bc635c8a1a) Importer(815301076,1909f56bfc062723c751e8b465ee728b)
Number of updated assets reloaded before import = 0
Start importing Assets/07_GameData/DialogueSystem/Dialogues/Events/Groups/ThemysteriousAltar/Dialogues/TheMysteriousAltar2.asset using Guid(fe3a66c61cb4b724e98845bc635c8a1a) Importer(815301076,1909f56bfc062723c751e8b465ee728b)  -> (artifact id: 'b007b5da5dad3945251641989596128c') in 0.007285 seconds 
Number of asset objects unloaded after import = 5
========================================================================
Received Import Request.
  Time since last request: 0.000013 seconds.
  path: Assets/07_GameData/DialogueSystem/Dialogues/Events/Groups/ThemysteriousAltar/Dialogues/TheMysteriousAltar2b.asset
  artifactKey: Guid(7a5aa87aa0e7eb94ab3a8d5fbc91a1c4) Importer(815301076,1909f56bfc062723c751e8b465ee728b)
Number of updated assets reloaded before import = 0
Start importing Assets/07_GameData/DialogueSystem/Dialogues/Events/Groups/ThemysteriousAltar/Dialogues/TheMysteriousAltar2b.asset using Guid(7a5aa87aa0e7eb94ab3a8d5fbc91a1c4) Importer(815301076,1909f56bfc062723c751e8b465ee728b)  -> (artifact id: '5530d7a76642687cdc1915d0e818ad4b') in 0.006591 seconds 
Number of asset objects unloaded after import = 1
========================================================================
Received Import Request.
  Time since last request: 0.000017 seconds.
  path: Assets/07_GameData/DialogueSystem/Dialogues/Events/Groups/TheSirensSong/Dialogues/TheSirensSong3.asset
  artifactKey: Guid(9c5145bc6d70b5747a2d0ed9a4e196bd) Importer(815301076,1909f56bfc062723c751e8b465ee728b)
Number of updated assets reloaded before import = 0
Start importing Assets/07_GameData/DialogueSystem/Dialogues/Events/Groups/TheSirensSong/Dialogues/TheSirensSong3.asset using Guid(9c5145bc6d70b5747a2d0ed9a4e196bd) Importer(815301076,1909f56bfc062723c751e8b465ee728b)  -> (artifact id: 'c7f891631336011c18ce9f69e6b9a935') in 0.006487 seconds 
Number of asset objects unloaded after import = 1
========================================================================
Received Import Request.
  Time since last request: 0.000012 seconds.
  path: Assets/07_GameData/DialogueSystem/Dialogues/Events/Groups/TheRitual/Dialogues/TheRitual1b.asset
  artifactKey: Guid(7640dd14d1c17ff408165c220a5db9ff) Importer(815301076,1909f56bfc062723c751e8b465ee728b)
Number of updated assets reloaded before import = 0
Start importing Assets/07_GameData/DialogueSystem/Dialogues/Events/Groups/TheRitual/Dialogues/TheRitual1b.asset using Guid(7640dd14d1c17ff408165c220a5db9ff) Importer(815301076,1909f56bfc062723c751e8b465ee728b)  -> (artifact id: 'a116cff6882af637dce6e7356bccb5da') in 0.007925 seconds 
Number of asset objects unloaded after import = 1
========================================================================
Received Import Request.
  Time since last request: 0.000015 seconds.
  path: Assets/07_GameData/DialogueSystem/Dialogues/Events/Groups/TheRitual/Dialogues/TheRitual.asset
  artifactKey: Guid(fe234cc49a7a4784e9c851fdaaa7e4b7) Importer(815301076,1909f56bfc062723c751e8b465ee728b)
Number of updated assets reloaded before import = 0
Start importing Assets/07_GameData/DialogueSystem/Dialogues/Events/Groups/TheRitual/Dialogues/TheRitual.asset using Guid(fe234cc49a7a4784e9c851fdaaa7e4b7) Importer(815301076,1909f56bfc062723c751e8b465ee728b)  -> (artifact id: '542c311fc6744864a225a75e99f10312') in 0.008073 seconds 
Number of asset objects unloaded after import = 6
========================================================================
Received Import Request.
  Time since last request: 0.000013 seconds.
  path: Assets/07_GameData/DialogueSystem/Dialogues/Events/Groups/WingedCreature/Dialogues/WingedCreature1Fail.asset
  artifactKey: Guid(a1e27b1d263ef6c4983b7aaca46c2ca5) Importer(815301076,1909f56bfc062723c751e8b465ee728b)
Number of updated assets reloaded before import = 0
Start importing Assets/07_GameData/DialogueSystem/Dialogues/Events/Groups/WingedCreature/Dialogues/WingedCreature1Fail.asset using Guid(a1e27b1d263ef6c4983b7aaca46c2ca5) Importer(815301076,1909f56bfc062723c751e8b465ee728b)  -> (artifact id: 'd43a71b201491d3cdcc6e9253658215b') in 0.007989 seconds 
Number of asset objects unloaded after import = 1
========================================================================
Received Import Request.
  Time since last request: 0.000013 seconds.
  path: Assets/07_GameData/DialogueSystem/Dialogues/Events/Groups/TheWhisperingWoods/Dialogues/TheWhisperingWoods1R1.asset
  artifactKey: Guid(eafe037fc9ea28448b0e09ca1c364b29) Importer(815301076,1909f56bfc062723c751e8b465ee728b)
Number of updated assets reloaded before import = 0
Start importing Assets/07_GameData/DialogueSystem/Dialogues/Events/Groups/TheWhisperingWoods/Dialogues/TheWhisperingWoods1R1.asset using Guid(eafe037fc9ea28448b0e09ca1c364b29) Importer(815301076,1909f56bfc062723c751e8b465ee728b)  -> (artifact id: '2fc4391c7a671a091894e729f1ea923e') in 0.115037 seconds 
Number of asset objects unloaded after import = 549
========================================================================
Received Import Request.
  Time since last request: 0.000018 seconds.
  path: Assets/07_GameData/DialogueSystem/Dialogues/Events/Groups/TheKnightAndHisHarem/Dialogues/KnightHarem3.asset
  artifactKey: Guid(339d721beab59724d949e9fa9b56b818) Importer(815301076,1909f56bfc062723c751e8b465ee728b)
Number of updated assets reloaded before import = 0
Start importing Assets/07_GameData/DialogueSystem/Dialogues/Events/Groups/TheKnightAndHisHarem/Dialogues/KnightHarem3.asset using Guid(339d721beab59724d949e9fa9b56b818) Importer(815301076,1909f56bfc062723c751e8b465ee728b)  -> (artifact id: 'e95087bcd28ceaddcc3c56882f63b0d2') in 0.138096 seconds 
Number of asset objects unloaded after import = 1177
========================================================================
Received Import Request.
  Time since last request: 0.000033 seconds.
  path: Assets/07_GameData/DialogueSystem/Dialogues/Events/Groups/TheEnchantedGarden/Dialogues/TheEnchantedGarden3.asset
  artifactKey: Guid(883265226e013724380bcdae68a388ee) Importer(815301076,1909f56bfc062723c751e8b465ee728b)
Number of updated assets reloaded before import = 0
Start importing Assets/07_GameData/DialogueSystem/Dialogues/Events/Groups/TheEnchantedGarden/Dialogues/TheEnchantedGarden3.asset using Guid(883265226e013724380bcdae68a388ee) Importer(815301076,1909f56bfc062723c751e8b465ee728b)  -> (artifact id: '4f8827aadd9fcddf2a4586a5c73aa98c') in 0.006265 seconds 
Number of asset objects unloaded after import = 1
========================================================================
Received Import Request.
  Time since last request: 0.000020 seconds.
  path: Assets/07_GameData/DialogueSystem/Dialogues/Events/Groups/TheStarvingSettlement/Dialogues/StarvingSettlement2.asset
  artifactKey: Guid(6ca7450206ea125429724ba4bf431312) Importer(815301076,1909f56bfc062723c751e8b465ee728b)
Number of updated assets reloaded before import = 0
Start importing Assets/07_GameData/DialogueSystem/Dialogues/Events/Groups/TheStarvingSettlement/Dialogues/StarvingSettlement2.asset using Guid(6ca7450206ea125429724ba4bf431312) Importer(815301076,1909f56bfc062723c751e8b465ee728b)  -> (artifact id: '07f9d89a1cc24a9f379a29c44212fd1e') in 0.009781 seconds 
Number of asset objects unloaded after import = 5
========================================================================
Received Import Request.
  Time since last request: 0.000014 seconds.
  path: Assets/07_GameData/DialogueSystem/Dialogues/Events/Groups/TheSirensSong/Dialogues/TheSirensSong1Success.asset
  artifactKey: Guid(7237ad94e0efe1d49952f79855a1e8cc) Importer(815301076,1909f56bfc062723c751e8b465ee728b)
Number of updated assets reloaded before import = 0
Start importing Assets/07_GameData/DialogueSystem/Dialogues/Events/Groups/TheSirensSong/Dialogues/TheSirensSong1Success.asset using Guid(7237ad94e0efe1d49952f79855a1e8cc) Importer(815301076,1909f56bfc062723c751e8b465ee728b)  -> (artifact id: '48140100cff729538a2ae52032a46be6') in 0.007036 seconds 
Number of asset objects unloaded after import = 3
========================================================================
Received Import Request.
  Time since last request: 0.000013 seconds.
  path: Assets/07_GameData/DialogueSystem/Dialogues/Events/Groups/TheEnigmaticOracle/Dialogues/TheEnigmaticOracle1Fail.asset
  artifactKey: Guid(1c3766f3f142a5547b759fe0aa2d7fe0) Importer(815301076,1909f56bfc062723c751e8b465ee728b)
Number of updated assets reloaded before import = 0
Start importing Assets/07_GameData/DialogueSystem/Dialogues/Events/Groups/TheEnigmaticOracle/Dialogues/TheEnigmaticOracle1Fail.asset using Guid(1c3766f3f142a5547b759fe0aa2d7fe0) Importer(815301076,1909f56bfc062723c751e8b465ee728b)  -> (artifact id: 'ef98b5a16ac00b1447ab992cfab25e19') in 0.005795 seconds 
Number of asset objects unloaded after import = 1
========================================================================
Received Import Request.
  Time since last request: 0.000016 seconds.
  path: Assets/07_GameData/DialogueSystem/Dialogues/Events/Groups/TheEthicalDilemma/Dialogues/TheEthicalDilemma3Success.asset
  artifactKey: Guid(999d0cf92e592ef4393f6b1c21fb51fb) Importer(815301076,1909f56bfc062723c751e8b465ee728b)
Number of updated assets reloaded before import = 0
Start importing Assets/07_GameData/DialogueSystem/Dialogues/Events/Groups/TheEthicalDilemma/Dialogues/TheEthicalDilemma3Success.asset using Guid(999d0cf92e592ef4393f6b1c21fb51fb) Importer(815301076,1909f56bfc062723c751e8b465ee728b)  -> (artifact id: '3e5848420851cbdfddbd720c29f61ce1') in 0.005613 seconds 
Number of asset objects unloaded after import = 1
========================================================================
Received Import Request.
  Time since last request: 0.000013 seconds.
  path: Assets/07_GameData/DialogueSystem/Dialogues/Events/Groups/TheWeepingWidow/Dialogues/TheWeepingWidow.asset
  artifactKey: Guid(3e85bde4d061faa4c886bb8b030f0b81) Importer(815301076,1909f56bfc062723c751e8b465ee728b)
Number of updated assets reloaded before import = 0
Start importing Assets/07_GameData/DialogueSystem/Dialogues/Events/Groups/TheWeepingWidow/Dialogues/TheWeepingWidow.asset using Guid(3e85bde4d061faa4c886bb8b030f0b81) Importer(815301076,1909f56bfc062723c751e8b465ee728b)  -> (artifact id: '937dac626897c0c501d775c6f7206a29') in 0.006545 seconds 
Number of asset objects unloaded after import = 6
========================================================================
Received Import Request.
  Time since last request: 0.000013 seconds.
  path: Assets/07_GameData/DialogueSystem/Dialogues/Events/Groups/ThemysteriousAltar/Dialogues/TheMysteriousAltar.asset
  artifactKey: Guid(1b6287a8e9d96a747830077fd186022e) Importer(815301076,1909f56bfc062723c751e8b465ee728b)
Number of updated assets reloaded before import = 0
Start importing Assets/07_GameData/DialogueSystem/Dialogues/Events/Groups/ThemysteriousAltar/Dialogues/TheMysteriousAltar.asset using Guid(1b6287a8e9d96a747830077fd186022e) Importer(815301076,1909f56bfc062723c751e8b465ee728b)  -> (artifact id: '0ad32abca1ad2b459ba3be67a5d30c3a') in 0.008155 seconds 
Number of asset objects unloaded after import = 7
========================================================================
Received Import Request.
  Time since last request: 0.000016 seconds.
  path: Assets/07_GameData/DialogueSystem/Dialogues/Events/Groups/TheSilentMentor/Dialogues/TheSilentMentor1c.asset
  artifactKey: Guid(ec34c55b8b83ae34287a76fc8bd86aa4) Importer(815301076,1909f56bfc062723c751e8b465ee728b)
Number of updated assets reloaded before import = 0
Start importing Assets/07_GameData/DialogueSystem/Dialogues/Events/Groups/TheSilentMentor/Dialogues/TheSilentMentor1c.asset using Guid(ec34c55b8b83ae34287a76fc8bd86aa4) Importer(815301076,1909f56bfc062723c751e8b465ee728b)  -> (artifact id: '00af0fb25cc222d8ee980d7f36e835a1') in 0.005461 seconds 
Number of asset objects unloaded after import = 3
========================================================================
Received Import Request.
  Time since last request: 0.000011 seconds.
  path: Assets/07_GameData/DialogueSystem/Dialogues/Events/Groups/WingedCreature/Dialogues/WingedCreature3.asset
  artifactKey: Guid(e6df3bd9584c0bb4480cdea3fb47e2c8) Importer(815301076,1909f56bfc062723c751e8b465ee728b)
Number of updated assets reloaded before import = 0
Start importing Assets/07_GameData/DialogueSystem/Dialogues/Events/Groups/WingedCreature/Dialogues/WingedCreature3.asset using Guid(e6df3bd9584c0bb4480cdea3fb47e2c8) Importer(815301076,1909f56bfc062723c751e8b465ee728b)  -> (artifact id: '22e9d28c21275bfe35a49737bfe50221') in 0.004957 seconds 
Number of asset objects unloaded after import = 1
========================================================================
Received Import Request.
  Time since last request: 0.000011 seconds.
  path: Assets/07_GameData/DialogueSystem/Dialogues/Events/Groups/TheSirensSong/Dialogues/TheSirensSong2.asset
  artifactKey: Guid(4af1ed086c461564ca9bc4077b944670) Importer(815301076,1909f56bfc062723c751e8b465ee728b)
Number of updated assets reloaded before import = 0
Start importing Assets/07_GameData/DialogueSystem/Dialogues/Events/Groups/TheSirensSong/Dialogues/TheSirensSong2.asset using Guid(4af1ed086c461564ca9bc4077b944670) Importer(815301076,1909f56bfc062723c751e8b465ee728b)  -> (artifact id: '5dd14cbde66b94838895cf7f2a69136b') in 0.005314 seconds 
Number of asset objects unloaded after import = 1
========================================================================
Received Import Request.
  Time since last request: 0.000018 seconds.
  path: Assets/07_GameData/DialogueSystem/Dialogues/Events/Groups/TheEnchantedGarden/Dialogues/TheEnchantedGarden1.asset
  artifactKey: Guid(e8b80fa8471d11a4298f8148c527b3f0) Importer(815301076,1909f56bfc062723c751e8b465ee728b)
Number of updated assets reloaded before import = 0
Start importing Assets/07_GameData/DialogueSystem/Dialogues/Events/Groups/TheEnchantedGarden/Dialogues/TheEnchantedGarden1.asset using Guid(e8b80fa8471d11a4298f8148c527b3f0) Importer(815301076,1909f56bfc062723c751e8b465ee728b)  -> (artifact id: '5dc58663c0eca9991203ff5036b74995') in 0.009480 seconds 
Number of asset objects unloaded after import = 32
========================================================================
Received Import Request.
  Time since last request: 0.000013 seconds.
  path: Assets/07_GameData/DialogueSystem/Dialogues/Events/Groups/TheWhisperingWoods/Dialogues/TheWhisperingWoods1R1c.asset
  artifactKey: Guid(30e21590657f5384a84ed4227dee99d9) Importer(815301076,1909f56bfc062723c751e8b465ee728b)
Number of updated assets reloaded before import = 0
Start importing Assets/07_GameData/DialogueSystem/Dialogues/Events/Groups/TheWhisperingWoods/Dialogues/TheWhisperingWoods1R1c.asset using Guid(30e21590657f5384a84ed4227dee99d9) Importer(815301076,1909f56bfc062723c751e8b465ee728b)  -> (artifact id: '1742b1f6e205fc1394fef0015e915b9a') in 0.007221 seconds 
Number of asset objects unloaded after import = 3
========================================================================
Received Import Request.
  Time since last request: 0.000013 seconds.
  path: Assets/07_GameData/DialogueSystem/Dialogues/Events/Groups/TheWhisperingWoods/Dialogues/TheWhisperingWoods1R2.asset
  artifactKey: Guid(2e76c9721ce5ad448a2b375c3944196d) Importer(815301076,1909f56bfc062723c751e8b465ee728b)
Number of updated assets reloaded before import = 0
Start importing Assets/07_GameData/DialogueSystem/Dialogues/Events/Groups/TheWhisperingWoods/Dialogues/TheWhisperingWoods1R2.asset using Guid(2e76c9721ce5ad448a2b375c3944196d) Importer(815301076,1909f56bfc062723c751e8b465ee728b)  -> (artifact id: '09e8517421b6ed5a7f54da3033883b41') in 0.007381 seconds 
Number of asset objects unloaded after import = 4
========================================================================
Received Import Request.
  Time since last request: 0.000016 seconds.
  path: Assets/07_GameData/DialogueSystem/Dialogues/Events/Groups/SecretMerchant/Dialogues/SecretMerchant1.asset
  artifactKey: Guid(9822be62211c78f48b9a0bf18cdb30de) Importer(815301076,1909f56bfc062723c751e8b465ee728b)
Number of updated assets reloaded before import = 0
Start importing Assets/07_GameData/DialogueSystem/Dialogues/Events/Groups/SecretMerchant/Dialogues/SecretMerchant1.asset using Guid(9822be62211c78f48b9a0bf18cdb30de) Importer(815301076,1909f56bfc062723c751e8b465ee728b)  -> (artifact id: '9e2e10c2e5f857be02b735b53ba767c0') in 0.008506 seconds 
Number of asset objects unloaded after import = 9
========================================================================
Received Import Request.
  Time since last request: 0.000015 seconds.
  path: Assets/07_GameData/DialogueSystem/Dialogues/Events/Groups/TheStarvingSettlement/Dialogues/StarvingSettlement.asset
  artifactKey: Guid(94845395dea7b6547a3f867b59ef834f) Importer(815301076,1909f56bfc062723c751e8b465ee728b)
Number of updated assets reloaded before import = 0
Start importing Assets/07_GameData/DialogueSystem/Dialogues/Events/Groups/TheStarvingSettlement/Dialogues/StarvingSettlement.asset using Guid(94845395dea7b6547a3f867b59ef834f) Importer(815301076,1909f56bfc062723c751e8b465ee728b)  -> (artifact id: '48c9c94b2c92e8c11bace32f1dc47045') in 0.007441 seconds 
Number of asset objects unloaded after import = 8
========================================================================
Received Import Request.
  Time since last request: 0.000021 seconds.
  path: Assets/07_GameData/DialogueSystem/Dialogues/Events/Groups/TheEnigmaticOracle/Dialogues/TheEnigmaticOracle1Success.asset
  artifactKey: Guid(472e0a8795c556c4ca1b23902b922aa4) Importer(815301076,1909f56bfc062723c751e8b465ee728b)
Number of updated assets reloaded before import = 0
Start importing Assets/07_GameData/DialogueSystem/Dialogues/Events/Groups/TheEnigmaticOracle/Dialogues/TheEnigmaticOracle1Success.asset using Guid(472e0a8795c556c4ca1b23902b922aa4) Importer(815301076,1909f56bfc062723c751e8b465ee728b)  -> (artifact id: 'cd3cc42a7a204b039b82a515109ff680') in 0.007372 seconds 
Number of asset objects unloaded after import = 1
========================================================================
Received Import Request.
  Time since last request: 0.000015 seconds.
  path: Assets/07_GameData/DialogueSystem/Dialogues/Events/Groups/TheEnchantedGarden/Dialogues/TheEnchantedGarden2.asset
  artifactKey: Guid(00b5c69ecfcff8449ab793fcdafe41b4) Importer(815301076,1909f56bfc062723c751e8b465ee728b)
Number of updated assets reloaded before import = 0
Start importing Assets/07_GameData/DialogueSystem/Dialogues/Events/Groups/TheEnchantedGarden/Dialogues/TheEnchantedGarden2.asset using Guid(00b5c69ecfcff8449ab793fcdafe41b4) Importer(815301076,1909f56bfc062723c751e8b465ee728b)  -> (artifact id: '4b620d918c7f77dca276d8d4aa28784b') in 0.006490 seconds 
Number of asset objects unloaded after import = 1
========================================================================
Received Import Request.
  Time since last request: 0.000021 seconds.
  path: Assets/07_GameData/DialogueSystem/Dialogues/Events/Groups/TheMysteriousInstructor/Dialogues/MysteriousInstructor5.asset
  artifactKey: Guid(00e416bc39a18d54cb1b3b731ce51107) Importer(815301076,1909f56bfc062723c751e8b465ee728b)
Number of updated assets reloaded before import = 0
Start importing Assets/07_GameData/DialogueSystem/Dialogues/Events/Groups/TheMysteriousInstructor/Dialogues/MysteriousInstructor5.asset using Guid(00e416bc39a18d54cb1b3b731ce51107) Importer(815301076,1909f56bfc062723c751e8b465ee728b)  -> (artifact id: '815d24b0c3aba27746353d1faba72511') in 0.006481 seconds 
Number of asset objects unloaded after import = 3
========================================================================
Received Import Request.
  Time since last request: 0.000014 seconds.
  path: Assets/07_GameData/DialogueSystem/Dialogues/Events/Groups/ThemysteriousAltar/Dialogues/TheMysteriousAltar1a.asset
  artifactKey: Guid(93781f3a05d61d74981c4f77767a8d2b) Importer(815301076,1909f56bfc062723c751e8b465ee728b)
Number of updated assets reloaded before import = 0
Start importing Assets/07_GameData/DialogueSystem/Dialogues/Events/Groups/ThemysteriousAltar/Dialogues/TheMysteriousAltar1a.asset using Guid(93781f3a05d61d74981c4f77767a8d2b) Importer(815301076,1909f56bfc062723c751e8b465ee728b)  -> (artifact id: 'e1d3c86acde50d0c7c2380e9df3d31b9') in 0.004677 seconds 
Number of asset objects unloaded after import = 1
========================================================================
Received Import Request.
  Time since last request: 0.000015 seconds.
  path: Assets/07_GameData/DialogueSystem/Dialogues/Events/Groups/TheEnchantedGarden/Dialogues/TheEnchantedGarden1Rc.asset
  artifactKey: Guid(a8064ad4b9bc86e49b8da10a9e264082) Importer(815301076,1909f56bfc062723c751e8b465ee728b)
Number of updated assets reloaded before import = 0
Start importing Assets/07_GameData/DialogueSystem/Dialogues/Events/Groups/TheEnchantedGarden/Dialogues/TheEnchantedGarden1Rc.asset using Guid(a8064ad4b9bc86e49b8da10a9e264082) Importer(815301076,1909f56bfc062723c751e8b465ee728b)  -> (artifact id: '0cbbd86bbc551e24a04e03125bb31489') in 0.006725 seconds 
Number of asset objects unloaded after import = 3
========================================================================
Received Import Request.
  Time since last request: 0.000027 seconds.
  path: Assets/07_GameData/DialogueSystem/Dialogues/Events/Groups/TheWhisperingWoods/Dialogues/TheWhisperingWoods1R1a.asset
  artifactKey: Guid(28439f3eab1bfe244abdebedf0c5a157) Importer(815301076,1909f56bfc062723c751e8b465ee728b)
Number of updated assets reloaded before import = 0
Start importing Assets/07_GameData/DialogueSystem/Dialogues/Events/Groups/TheWhisperingWoods/Dialogues/TheWhisperingWoods1R1a.asset using Guid(28439f3eab1bfe244abdebedf0c5a157) Importer(815301076,1909f56bfc062723c751e8b465ee728b)  -> (artifact id: '391cc60897884387d6c12537470b77c8') in 0.005475 seconds 
Number of asset objects unloaded after import = 1
========================================================================
Received Import Request.
  Time since last request: 0.000014 seconds.
  path: Assets/07_GameData/DialogueSystem/Dialogues/Events/Groups/TheMysteriousInstructor/Dialogues/MysteriousInstructor2a.asset
  artifactKey: Guid(9a36675de417e234e984796f95750919) Importer(815301076,1909f56bfc062723c751e8b465ee728b)
Number of updated assets reloaded before import = 0
Start importing Assets/07_GameData/DialogueSystem/Dialogues/Events/Groups/TheMysteriousInstructor/Dialogues/MysteriousInstructor2a.asset using Guid(9a36675de417e234e984796f95750919) Importer(815301076,1909f56bfc062723c751e8b465ee728b)  -> (artifact id: '10aca220b3126d64ad7f217217b97f97') in 0.006216 seconds 
Number of asset objects unloaded after import = 1
========================================================================
Received Import Request.
  Time since last request: 0.000012 seconds.
  path: Assets/07_GameData/DialogueSystem/Dialogues/Events/Groups/TheWhisperingWoods/Dialogues/TheWhisperingWoods2R.asset
  artifactKey: Guid(52ecab07faa9ca54281d9f01170c5b04) Importer(815301076,1909f56bfc062723c751e8b465ee728b)
Number of updated assets reloaded before import = 0
Start importing Assets/07_GameData/DialogueSystem/Dialogues/Events/Groups/TheWhisperingWoods/Dialogues/TheWhisperingWoods2R.asset using Guid(52ecab07faa9ca54281d9f01170c5b04) Importer(815301076,1909f56bfc062723c751e8b465ee728b)  -> (artifact id: 'b5f1e85ebfc3710bab209191c7a3e42d') in 0.006856 seconds 
Number of asset objects unloaded after import = 5
========================================================================
Received Import Request.
  Time since last request: 0.000013 seconds.
  path: Assets/07_GameData/DialogueSystem/Dialogues/Events/Groups/TheSirensSong/Dialogues/TheSirensSong1Fail.asset
  artifactKey: Guid(e408fcb48a7bfaa47957da0ba8d0533b) Importer(815301076,1909f56bfc062723c751e8b465ee728b)
Number of updated assets reloaded before import = 0
Start importing Assets/07_GameData/DialogueSystem/Dialogues/Events/Groups/TheSirensSong/Dialogues/TheSirensSong1Fail.asset using Guid(e408fcb48a7bfaa47957da0ba8d0533b) Importer(815301076,1909f56bfc062723c751e8b465ee728b)  -> (artifact id: '6b4149d8f4552f004c551048425ecba4') in 0.005921 seconds 
Number of asset objects unloaded after import = 1
========================================================================
Received Import Request.
  Time since last request: 0.000014 seconds.
  path: Assets/07_GameData/DialogueSystem/Dialogues/Events/Groups/TheEnigmaticOracle/Dialogues/TheEnigmaticOracle2.asset
  artifactKey: Guid(15f77fa8e0944834b813cb1b78c9a160) Importer(815301076,1909f56bfc062723c751e8b465ee728b)
Number of updated assets reloaded before import = 0
Start importing Assets/07_GameData/DialogueSystem/Dialogues/Events/Groups/TheEnigmaticOracle/Dialogues/TheEnigmaticOracle2.asset using Guid(15f77fa8e0944834b813cb1b78c9a160) Importer(815301076,1909f56bfc062723c751e8b465ee728b)  -> (artifact id: '33e24430b9ca7d5f8c89b84f6a43ff27') in 0.006282 seconds 
Number of asset objects unloaded after import = 1
========================================================================
Received Import Request.
  Time since last request: 0.000014 seconds.
  path: Assets/07_GameData/DialogueSystem/Dialogues/Events/Groups/TheSirensSong/Dialogues/TheSirensSong.asset
  artifactKey: Guid(2f2907ad4f5da1b4d9aac53140749a4f) Importer(815301076,1909f56bfc062723c751e8b465ee728b)
Number of updated assets reloaded before import = 0
Start importing Assets/07_GameData/DialogueSystem/Dialogues/Events/Groups/TheSirensSong/Dialogues/TheSirensSong.asset using Guid(2f2907ad4f5da1b4d9aac53140749a4f) Importer(815301076,1909f56bfc062723c751e8b465ee728b)  -> (artifact id: 'a17b912d9e135779422402a389095503') in 0.007946 seconds 
Number of asset objects unloaded after import = 7
========================================================================
Received Import Request.
  Time since last request: 0.000015 seconds.
  path: Assets/07_GameData/DialogueSystem/Dialogues/Events/Groups/TheEnigmaticOracle/Dialogues/TheEnigmaticOracle.asset
  artifactKey: Guid(f1dc09242d1f4d44ab7bf8af5c278843) Importer(815301076,1909f56bfc062723c751e8b465ee728b)
Number of updated assets reloaded before import = 0
Start importing Assets/07_GameData/DialogueSystem/Dialogues/Events/Groups/TheEnigmaticOracle/Dialogues/TheEnigmaticOracle.asset using Guid(f1dc09242d1f4d44ab7bf8af5c278843) Importer(815301076,1909f56bfc062723c751e8b465ee728b)  -> (artifact id: '9d25c2b363a748a9504ec32016edee63') in 0.007554 seconds 
Number of asset objects unloaded after import = 4
========================================================================
Received Import Request.
  Time since last request: 0.000016 seconds.
  path: Assets/07_GameData/DialogueSystem/Dialogues/Events/Groups/TheSilentMentor/Dialogues/SilentMentor3Success.asset
  artifactKey: Guid(1e3a443e7510e3541bbc7b2927d55e45) Importer(815301076,1909f56bfc062723c751e8b465ee728b)
Number of updated assets reloaded before import = 0
Start importing Assets/07_GameData/DialogueSystem/Dialogues/Events/Groups/TheSilentMentor/Dialogues/SilentMentor3Success.asset using Guid(1e3a443e7510e3541bbc7b2927d55e45) Importer(815301076,1909f56bfc062723c751e8b465ee728b)  -> (artifact id: '44fb84476621979f908ca3d854010fae') in 0.007276 seconds 
Number of asset objects unloaded after import = 3
========================================================================
Received Import Request.
  Time since last request: 0.000015 seconds.
  path: Assets/07_GameData/DialogueSystem/Dialogues/Events/Groups/TheEthicalDilemma/Dialogues/TheEthicalDilemma3Fail.asset
  artifactKey: Guid(093b9578e01412140b85feaee228eebe) Importer(815301076,1909f56bfc062723c751e8b465ee728b)
Number of updated assets reloaded before import = 0
Start importing Assets/07_GameData/DialogueSystem/Dialogues/Events/Groups/TheEthicalDilemma/Dialogues/TheEthicalDilemma3Fail.asset using Guid(093b9578e01412140b85feaee228eebe) Importer(815301076,1909f56bfc062723c751e8b465ee728b)  -> (artifact id: '0b186096fe27b518fbc464ab1ca3285c') in 0.007597 seconds 
Number of asset objects unloaded after import = 1
========================================================================
Received Import Request.
  Time since last request: 0.000021 seconds.
  path: Assets/07_GameData/DialogueSystem/Dialogues/Events/Groups/TheStarvingSettlement/Dialogues/StarvingSettlement3.asset
  artifactKey: Guid(6e6c2c62abff01341af2a8a649e66628) Importer(815301076,1909f56bfc062723c751e8b465ee728b)
Number of updated assets reloaded before import = 0
Start importing Assets/07_GameData/DialogueSystem/Dialogues/Events/Groups/TheStarvingSettlement/Dialogues/StarvingSettlement3.asset using Guid(6e6c2c62abff01341af2a8a649e66628) Importer(815301076,1909f56bfc062723c751e8b465ee728b)  -> (artifact id: 'c404197ba3362020840949341c319572') in 0.007225 seconds 
Number of asset objects unloaded after import = 1
========================================================================
Received Import Request.
  Time since last request: 0.000021 seconds.
  path: Assets/07_GameData/DialogueSystem/Dialogues/GoddessConversation/Global/Dialogues/Fight.asset
  artifactKey: Guid(9682d34bb3be61e4abac2f65246bed88) Importer(815301076,1909f56bfc062723c751e8b465ee728b)
Number of updated assets reloaded before import = 0
Start importing Assets/07_GameData/DialogueSystem/Dialogues/GoddessConversation/Global/Dialogues/Fight.asset using Guid(9682d34bb3be61e4abac2f65246bed88) Importer(815301076,1909f56bfc062723c751e8b465ee728b)  -> (artifact id: 'd5a9dc2963c1ae22d5ca774276db6579') in 0.131359 seconds 
Number of asset objects unloaded after import = 1175
Editor requested this worker to shutdown with reason: Scaling down because of idle timeout
AssetImportWorker is now disconnected from the server
Process exiting
Exiting without the bug reporter. Application will terminate with return code 0