Unity Editor version:    2021.3.32f1 (3b9dae9532f5)
Branch:                  2021.3/staging
Build type:              Release
Batch mode:              YES
macOS version:           Version 14.1.1 (Build 23B2082)
Darwin version:          23.1.0
Architecture:            arm64
Running under Rosetta:   NO
Available memory:        18432 MB
Using pre-set license
Pro License: YES

COMMAND LINE ARGUMENTS:
/Applications/Unity/Hub/Editor/2021.3.32f1/Unity.app/Contents/MacOS/Unity
-adb2
-batchMode
-noUpm
-name
AssetImportWorker58
-projectPath
/Users/daniel/Documents/fe-kingdom-mobile/trunk/FireEmblemMobile/FireEmblemMobileUnityProject
-logFile
Logs/AssetImportWorker58.log
-srvPort
49232
Successfully changed project path to: /Users/daniel/Documents/fe-kingdom-mobile/trunk/FireEmblemMobile/FireEmblemMobileUnityProject
/Users/daniel/Documents/fe-kingdom-mobile/trunk/FireEmblemMobile/FireEmblemMobileUnityProject
[UnityMemory] Configuration Parameters - Can be set up in boot.config
    "memorysetup-bucket-allocator-granularity=16"
    "memorysetup-bucket-allocator-bucket-count=8"
    "memorysetup-bucket-allocator-block-size=33554432"
    "memorysetup-bucket-allocator-block-count=8"
    "memorysetup-main-allocator-block-size=16777216"
    "memorysetup-thread-allocator-block-size=16777216"
    "memorysetup-gfx-main-allocator-block-size=16777216"
    "memorysetup-gfx-thread-allocator-block-size=16777216"
    "memorysetup-cache-allocator-block-size=4194304"
    "memorysetup-typetree-allocator-block-size=2097152"
    "memorysetup-profiler-bucket-allocator-granularity=16"
    "memorysetup-profiler-bucket-allocator-bucket-count=8"
    "memorysetup-profiler-bucket-allocator-block-size=33554432"
    "memorysetup-profiler-bucket-allocator-block-count=8"
    "memorysetup-profiler-allocator-block-size=16777216"
    "memorysetup-profiler-editor-allocator-block-size=1048576"
    "memorysetup-temp-allocator-size-main=16777216"
    "memorysetup-job-temp-allocator-block-size=2097152"
    "memorysetup-job-temp-allocator-block-size-background=1048576"
    "memorysetup-job-temp-allocator-reduction-small-platforms=262144"
    "memorysetup-temp-allocator-size-background-worker=32768"
    "memorysetup-temp-allocator-size-job-worker=262144"
    "memorysetup-temp-allocator-size-preload-manager=33554432"
    "memorysetup-temp-allocator-size-nav-mesh-worker=65536"
    "memorysetup-temp-allocator-size-audio-worker=65536"
    "memorysetup-temp-allocator-size-cloud-worker=32768"
    "memorysetup-temp-allocator-size-gi-baking-worker=262144"
    "memorysetup-temp-allocator-size-gfx=262144"
Player connection [8031248064] Host "[IP] 192.168.0.2 [Port] 0 [Flags] 2 [Guid] 2913183251 [EditorId] 2913183251 [Version] 1048832 [Id] OSXEditor(0,Daniels-MacBook-Pro.local) [Debug] 1 [PackageName] OSXEditor [ProjectName] Editor" joined multi-casting on [225.0.0.222:54997]...

Player connection [8031248064] Host "[IP] 192.168.0.2 [Port] 0 [Flags] 2 [Guid] 2913183251 [EditorId] 2913183251 [Version] 1048832 [Id] OSXEditor(0,Daniels-MacBook-Pro.local) [Debug] 1 [PackageName] OSXEditor [ProjectName] Editor" joined alternative multi-casting on [225.0.0.222:34997]...

[Physics::Module] Initialized MultithreadedJobDispatcher with {0} workers.
Refreshing native plugins compatible for Editor in 144.25 ms, found 2 plugins.
Preloading 1 native plugins for Editor in 1.20 ms.
Initialize engine version: 2021.3.32f1 (3b9dae9532f5)
[Subsystems] Discovering subsystems at path /Applications/Unity/Hub/Editor/2021.3.32f1/Unity.app/Contents/Resources/UnitySubsystems
[Subsystems] Discovering subsystems at path /Users/daniel/Documents/fe-kingdom-mobile/trunk/FireEmblemMobile/FireEmblemMobileUnityProject/Assets
GfxDevice: creating device client; threaded=0; jobified=0
 preferred device: Apple M3 Pro (high power)
Metal devices available: 1
0: Apple M3 Pro (high power)
Using device Apple M3 Pro (high power)
Initializing Metal device caps: Apple M3 Pro
Shader 'CartoonCoffee/Particle Basic': fallback shader '2' not found
Shader 'CartoonCoffee/Particle Additive': fallback shader '2' not found
Shader 'MoreMountains/MMRipple': fallback shader 'Particle/AlphaBlended' not found
Initialize mono
Mono path[0] = '/Applications/Unity/Hub/Editor/2021.3.32f1/Unity.app/Contents/Managed'
Mono path[1] = '/Applications/Unity/Hub/Editor/2021.3.32f1/Unity.app/Contents/MonoBleedingEdge/lib/mono/unityjit-macos'
Mono config path = '/Applications/Unity/Hub/Editor/2021.3.32f1/Unity.app/Contents/MonoBleedingEdge/etc'
Using monoOptions --debugger-agent=transport=dt_socket,embedding=1,server=y,suspend=n,address=127.0.0.1:56629
Begin MonoManager ReloadAssembly
Registering precompiled unity dll's ...
Register platform support module: /Applications/Unity/Hub/Editor/2021.3.32f1/Unity.app/Contents/PlaybackEngines/MacStandaloneSupport/UnityEditor.OSXStandalone.Extensions.dll
Register platform support module: /Applications/Unity/Hub/Editor/2021.3.32f1/PlaybackEngines/AndroidPlayer/UnityEditor.Android.Extensions.dll
Register platform support module: /Applications/Unity/Hub/Editor/2021.3.32f1/PlaybackEngines/iOSSupport/UnityEditor.iOS.Extensions.dll
Registered in 0.003642 seconds.
[usbmuxd] Start listen thread
[usbmuxd] Listen thread started
[usbmuxd] Send listen message
Native extension for iOS target not found
Native extension for Android target not found
Android Extension - Scanning For ADB Devices 100 ms
Native extension for OSXStandalone target not found
Refreshing native plugins compatible for Editor in 137.44 ms, found 2 plugins.
Preloading 1 native plugins for Editor in 0.17 ms.
Mono: successfully reloaded assembly
- Completed reload, in  0.636 seconds
Domain Reload Profiling:
	ReloadAssembly (636ms)
		BeginReloadAssembly (59ms)
			ExecutionOrderSort (0ms)
			DisableScriptedObjects (0ms)
			BackupInstance (0ms)
			ReleaseScriptingObjects (0ms)
			CreateAndSetChildDomain (0ms)
		EndReloadAssembly (523ms)
			LoadAssemblies (61ms)
			RebuildTransferFunctionScriptingTraits (0ms)
			SetupTypeCache (71ms)
			ReleaseScriptCaches (0ms)
			RebuildScriptCaches (17ms)
			SetupLoadedEditorAssemblies (404ms)
				LogAssemblyErrors (0ms)
				InitializePlatformSupportModulesInManaged (213ms)
				SetLoadedEditorAssemblies (0ms)
				RefreshPlugins (138ms)
				BeforeProcessingInitializeOnLoad (1ms)
				ProcessInitializeOnLoadAttributes (34ms)
				ProcessInitializeOnLoadMethodAttributes (19ms)
				AfterProcessingInitializeOnLoad (0ms)
				EditorAssembliesLoaded (0ms)
			ExecutionOrderSort2 (0ms)
			AwakeInstancesAfterBackupRestoration (0ms)
Platform modules already initialized, skipping
Registering precompiled user dll's ...
Registered in 0.009222 seconds.
Begin MonoManager ReloadAssembly
Symbol file LoadedFromMemory is not a mono symbol file
Native extension for iOS target not found
Native extension for Android target not found
Native extension for OSXStandalone target not found
Refreshing native plugins compatible for Editor in 156.79 ms, found 2 plugins.
Preloading 1 native plugins for Editor in 0.19 ms.
Package Manager log level set to [2]
[Package Manager] Server::EnsureServerProcessIsRunning -- launch failed, reason: Unity was launched with the -noUpm command-line argument
[Package Manager] Cannot connect to Unity Package Manager local server
Mono: successfully reloaded assembly
- Completed reload, in  1.368 seconds
Domain Reload Profiling:
	ReloadAssembly (1368ms)
		BeginReloadAssembly (55ms)
			ExecutionOrderSort (0ms)
			DisableScriptedObjects (3ms)
			BackupInstance (0ms)
			ReleaseScriptingObjects (0ms)
			CreateAndSetChildDomain (16ms)
		EndReloadAssembly (1256ms)
			LoadAssemblies (121ms)
			RebuildTransferFunctionScriptingTraits (0ms)
			SetupTypeCache (216ms)
			ReleaseScriptCaches (2ms)
			RebuildScriptCaches (66ms)
			SetupLoadedEditorAssemblies (805ms)
				LogAssemblyErrors (0ms)
				InitializePlatformSupportModulesInManaged (15ms)
				SetLoadedEditorAssemblies (0ms)
				RefreshPlugins (157ms)
				BeforeProcessingInitializeOnLoad (62ms)
				ProcessInitializeOnLoadAttributes (473ms)
				ProcessInitializeOnLoadMethodAttributes (96ms)
				AfterProcessingInitializeOnLoad (1ms)
				EditorAssembliesLoaded (0ms)
			ExecutionOrderSort2 (0ms)
			AwakeInstancesAfterBackupRestoration (2ms)
Platform modules already initialized, skipping
========================================================================
Worker process is ready to serve import requests
Shader 'MoreMountains/MMRipple': fallback shader 'Particle/AlphaBlended' not found
Shader 'CartoonCoffee/Particle Additive': fallback shader '2' not found
Shader 'CartoonCoffee/Particle Basic': fallback shader '2' not found
Launching external process: /Applications/Unity/Hub/Editor/2021.3.32f1/Unity.app/Contents/Tools/UnityShaderCompiler
Launched and connected shader compiler UnityShaderCompiler after 0.19 seconds
Refreshing native plugins compatible for Editor in 1.16 ms, found 2 plugins.
Preloading 1 native plugins for Editor in 0.15 ms.
Unloading 6758 Unused Serialized files (Serialized files now loaded: 0)
Unloading 102 unused Assets / (2.1 MB). Loaded Objects now: 7259.
Memory consumption went from 361.0 MB to 358.9 MB.
Total: 5.750459 ms (FindLiveObjects: 0.216459 ms CreateObjectMapping: 0.065833 ms MarkObjects: 5.038750 ms  DeleteObjects: 0.428750 ms)

AssetImportParameters requested are different than current active one (requested -> active):
  custom:video-decoder-ogg-theora: a1e56fd34408186e4bbccfd4996cb3dc -> 
  custom:container-muxer-webm: aa71ff27fc2769a1b78a27578f13a17b -> 
  custom:container-demuxer-webm: 4f35f7cbe854078d1ac9338744f61a02 -> 
  custom:video-encoder-webm-vp8: eb34c28f22e8b96e1ab97ce403110664 -> 
  custom:framework-osx-AVFoundation: e770b220cccbd017edd2c1fefb359320 -> 
  custom:CustomObjectIndexerAttribute: f67f22312cbe972f2da930a377ed3d15 -> 
  custom:audio-encoder-webm-vorbis: bf7c407c2cedff20999df2af8eb42d56 -> 
  custom:SearchIndexIgnoredProperties: e643bd26f0fe6173181afceb89e7c659 -> 
  custom:container-demuxer-ogg: 62fdf1f143b41e24485cea50d1cbac27 -> 
  custom:video-decoder-webm-vp8: 9c59270c3fd7afecdb556c50c9e8de78 -> 
  custom:audio-decoder-ogg-vorbis: bf7c407c2cedff20999df2af8eb42d56 -> 
========================================================================
Received Prepare
Registering precompiled user dll's ...
Registered in 0.001563 seconds.
Begin MonoManager ReloadAssembly
Thread 0x2bd4cb000 may have been prematurely finalized
Symbol file LoadedFromMemory is not a mono symbol file
Native extension for iOS target not found
Native extension for Android target not found
Native extension for OSXStandalone target not found
Refreshing native plugins compatible for Editor in 1.34 ms, found 2 plugins.
Preloading 1 native plugins for Editor in 0.30 ms.
[Package Manager] Server::EnsureServerProcessIsRunning -- launch failed, reason: Unity was launched with the -noUpm command-line argument
[Package Manager] Cannot connect to Unity Package Manager local server
Mono: successfully reloaded assembly
- Completed reload, in  1.170 seconds
Domain Reload Profiling:
	ReloadAssembly (1170ms)
		BeginReloadAssembly (146ms)
			ExecutionOrderSort (0ms)
			DisableScriptedObjects (4ms)
			BackupInstance (0ms)
			ReleaseScriptingObjects (0ms)
			CreateAndSetChildDomain (58ms)
		EndReloadAssembly (976ms)
			LoadAssemblies (106ms)
			RebuildTransferFunctionScriptingTraits (0ms)
			SetupTypeCache (212ms)
			ReleaseScriptCaches (1ms)
			RebuildScriptCaches (32ms)
			SetupLoadedEditorAssemblies (592ms)
				LogAssemblyErrors (0ms)
				InitializePlatformSupportModulesInManaged (20ms)
				SetLoadedEditorAssemblies (0ms)
				RefreshPlugins (2ms)
				BeforeProcessingInitializeOnLoad (42ms)
				ProcessInitializeOnLoadAttributes (446ms)
				ProcessInitializeOnLoadMethodAttributes (80ms)
				AfterProcessingInitializeOnLoad (1ms)
				EditorAssembliesLoaded (0ms)
			ExecutionOrderSort2 (0ms)
			AwakeInstancesAfterBackupRestoration (5ms)
Platform modules already initialized, skipping
Shader 'MoreMountains/MMRipple': fallback shader 'Particle/AlphaBlended' not found
Shader 'CartoonCoffee/Particle Additive': fallback shader '2' not found
Shader 'CartoonCoffee/Particle Basic': fallback shader '2' not found
Refreshing native plugins compatible for Editor in 1.10 ms, found 2 plugins.
Preloading 1 native plugins for Editor in 0.13 ms.
Unloading 6528 Unused Serialized files (Serialized files now loaded: 0)
Unloading 80 unused Assets / (2.1 MB). Loaded Objects now: 7275.
Memory consumption went from 340.0 MB to 337.9 MB.
Total: 5.228000 ms (FindLiveObjects: 0.210666 ms CreateObjectMapping: 0.065625 ms MarkObjects: 4.661875 ms  DeleteObjects: 0.289500 ms)

AssetImportParameters requested are different than current active one (requested -> active):
  custom:video-decoder-ogg-theora: a1e56fd34408186e4bbccfd4996cb3dc -> 
  custom:container-muxer-webm: aa71ff27fc2769a1b78a27578f13a17b -> 
  custom:container-demuxer-webm: 4f35f7cbe854078d1ac9338744f61a02 -> 
  custom:video-encoder-webm-vp8: eb34c28f22e8b96e1ab97ce403110664 -> 
  custom:framework-osx-AVFoundation: e770b220cccbd017edd2c1fefb359320 -> 
  custom:CustomObjectIndexerAttribute: f67f22312cbe972f2da930a377ed3d15 -> 
  custom:audio-encoder-webm-vorbis: bf7c407c2cedff20999df2af8eb42d56 -> 
  custom:SearchIndexIgnoredProperties: e643bd26f0fe6173181afceb89e7c659 -> 
  custom:container-demuxer-ogg: 62fdf1f143b41e24485cea50d1cbac27 -> 
  custom:video-decoder-webm-vp8: 9c59270c3fd7afecdb556c50c9e8de78 -> 
  custom:audio-decoder-ogg-vorbis: bf7c407c2cedff20999df2af8eb42d56 -> 
========================================================================
Received Import Request.
  Time since last request: 163962.389994 seconds.
  path: Assets/09_TileMaps/bridge2.asset
  artifactKey: Guid(de017eb43e9defb49b7ff4c8054c11c3) Importer(815301076,1909f56bfc062723c751e8b465ee728b)
Number of updated assets reloaded before import = 0
Start importing Assets/09_TileMaps/bridge2.asset using Guid(de017eb43e9defb49b7ff4c8054c11c3) Importer(815301076,1909f56bfc062723c751e8b465ee728b)  -> (artifact id: 'a82a8ad5f20d159e73384e2d77d363cb') in 0.361074 seconds 
Number of asset objects unloaded after import = 3
========================================================================
Received Import Request.
  Time since last request: 0.000069 seconds.
  path: Assets/09_TileMaps/DeadForestProps/Tilemap Transparent Tiles Dead Forest_17.asset
  artifactKey: Guid(7dde45ea038fa8748a4ec651b6064c61) Importer(815301076,1909f56bfc062723c751e8b465ee728b)
Number of updated assets reloaded before import = 0
Start importing Assets/09_TileMaps/DeadForestProps/Tilemap Transparent Tiles Dead Forest_17.asset using Guid(7dde45ea038fa8748a4ec651b6064c61) Importer(815301076,1909f56bfc062723c751e8b465ee728b)  -> (artifact id: '7f99861d5f44817b1400125806b6b830') in 0.011016 seconds 
Number of asset objects unloaded after import = 3
========================================================================
Received Import Request.
  Time since last request: 0.000045 seconds.
  path: Assets/09_TileMaps/DeadForestProps/Tilemap Transparent Tiles Dead Forest_12.asset
  artifactKey: Guid(6ff8f3c52163e3e40aeb0041fda470e0) Importer(815301076,1909f56bfc062723c751e8b465ee728b)
Number of updated assets reloaded before import = 0
Start importing Assets/09_TileMaps/DeadForestProps/Tilemap Transparent Tiles Dead Forest_12.asset using Guid(6ff8f3c52163e3e40aeb0041fda470e0) Importer(815301076,1909f56bfc062723c751e8b465ee728b)  -> (artifact id: 'bac7e9cf1e22dd6c4a45ef15a794d523') in 0.006888 seconds 
Number of asset objects unloaded after import = 3
========================================================================
Received Import Request.
  Time since last request: 0.000030 seconds.
  path: Assets/09_TileMaps/DeadForestProps/Tilemap Transparent Tiles Dead Forest_44.asset
  artifactKey: Guid(260075a85853a0d4f9b5304043646513) Importer(815301076,1909f56bfc062723c751e8b465ee728b)
Number of updated assets reloaded before import = 0
Start importing Assets/09_TileMaps/DeadForestProps/Tilemap Transparent Tiles Dead Forest_44.asset using Guid(260075a85853a0d4f9b5304043646513) Importer(815301076,1909f56bfc062723c751e8b465ee728b)  -> (artifact id: '6914b1abdc92e177d0893ef8677ad079') in 0.006734 seconds 
Number of asset objects unloaded after import = 3
========================================================================
Received Import Request.
  Time since last request: 0.000032 seconds.
  path: Assets/09_TileMaps/DeadForestGround/Tilemap Ground Tiles Dead Forest_34.asset
  artifactKey: Guid(c745c8c342685d54bbc7c3b03fc8c048) Importer(815301076,1909f56bfc062723c751e8b465ee728b)
Number of updated assets reloaded before import = 0
Start importing Assets/09_TileMaps/DeadForestGround/Tilemap Ground Tiles Dead Forest_34.asset using Guid(c745c8c342685d54bbc7c3b03fc8c048) Importer(815301076,1909f56bfc062723c751e8b465ee728b)  -> (artifact id: '26e30991acd04c4c77493693f34e44b7') in 0.006966 seconds 
Number of asset objects unloaded after import = 4
========================================================================
Received Import Request.
  Time since last request: 0.000047 seconds.
  path: Assets/09_TileMaps/DeadForestProps/Tilemap Transparent Tiles Dead Forest_32.asset
  artifactKey: Guid(d2fe7b0942f9de341b103109835d6bb3) Importer(815301076,1909f56bfc062723c751e8b465ee728b)
Number of updated assets reloaded before import = 0
Start importing Assets/09_TileMaps/DeadForestProps/Tilemap Transparent Tiles Dead Forest_32.asset using Guid(d2fe7b0942f9de341b103109835d6bb3) Importer(815301076,1909f56bfc062723c751e8b465ee728b)  -> (artifact id: '855942788fdbc0e272efabecc86df389') in 0.025298 seconds 
Number of asset objects unloaded after import = 4
========================================================================
Received Import Request.
  Time since last request: 0.000032 seconds.
  path: Assets/09_TileMaps/DeadForestProps/Tilemap Transparent Tiles Dead Forest_39.asset
  artifactKey: Guid(ae7ff2242c414b8489bef5e87c6e82db) Importer(815301076,1909f56bfc062723c751e8b465ee728b)
Number of updated assets reloaded before import = 0
Start importing Assets/09_TileMaps/DeadForestProps/Tilemap Transparent Tiles Dead Forest_39.asset using Guid(ae7ff2242c414b8489bef5e87c6e82db) Importer(815301076,1909f56bfc062723c751e8b465ee728b)  -> (artifact id: '7274204adb1ec1e91d744f0c1bf0e7bf') in 0.008587 seconds 
Number of asset objects unloaded after import = 4
========================================================================
Received Import Request.
  Time since last request: 0.000030 seconds.
  path: Assets/09_TileMaps/DeadForestProps/Tilemap Transparent Tiles Dead Forest_9.asset
  artifactKey: Guid(76d06ebd95ad72645b01c4488bfeb014) Importer(815301076,1909f56bfc062723c751e8b465ee728b)
Number of updated assets reloaded before import = 0
Start importing Assets/09_TileMaps/DeadForestProps/Tilemap Transparent Tiles Dead Forest_9.asset using Guid(76d06ebd95ad72645b01c4488bfeb014) Importer(815301076,1909f56bfc062723c751e8b465ee728b)  -> (artifact id: '14bb073d6e50fc4487f3c84c89a56fa9') in 0.006401 seconds 
Number of asset objects unloaded after import = 4
========================================================================
Received Import Request.
  Time since last request: 0.000034 seconds.
  path: Assets/09_TileMaps/DeadForestProps/Tilemap Transparent Tiles Dead Forest_2.asset
  artifactKey: Guid(89d3b308f36dbac43a8a65d811253d63) Importer(815301076,1909f56bfc062723c751e8b465ee728b)
Number of updated assets reloaded before import = 0
Start importing Assets/09_TileMaps/DeadForestProps/Tilemap Transparent Tiles Dead Forest_2.asset using Guid(89d3b308f36dbac43a8a65d811253d63) Importer(815301076,1909f56bfc062723c751e8b465ee728b)  -> (artifact id: '02c1da67adba68c15b694db1d5acf16f') in 0.008491 seconds 
Number of asset objects unloaded after import = 4
========================================================================
Received Import Request.
  Time since last request: 0.000045 seconds.
  path: Assets/09_TileMaps/DeadForestProps/Tilemap Transparent Tiles Dead Forest_46.asset
  artifactKey: Guid(ff5dd789823068b45819c78ad6a9f017) Importer(815301076,1909f56bfc062723c751e8b465ee728b)
Number of updated assets reloaded before import = 0
Start importing Assets/09_TileMaps/DeadForestProps/Tilemap Transparent Tiles Dead Forest_46.asset using Guid(ff5dd789823068b45819c78ad6a9f017) Importer(815301076,1909f56bfc062723c751e8b465ee728b)  -> (artifact id: '6408e99cf67cb968d4c3e6eea539bd2c') in 0.006199 seconds 
Number of asset objects unloaded after import = 4
========================================================================
Received Import Request.
  Time since last request: 0.000030 seconds.
  path: Assets/09_TileMaps/DeadForestGround/Tilemap Ground Tiles Dead Forest_27.asset
  artifactKey: Guid(fadedc9a151757740b0073a80a594e4d) Importer(815301076,1909f56bfc062723c751e8b465ee728b)
Number of updated assets reloaded before import = 0
Start importing Assets/09_TileMaps/DeadForestGround/Tilemap Ground Tiles Dead Forest_27.asset using Guid(fadedc9a151757740b0073a80a594e4d) Importer(815301076,1909f56bfc062723c751e8b465ee728b)  -> (artifact id: 'ccd0cedd3e2a40536526d75c4384daf2') in 0.009216 seconds 
Number of asset objects unloaded after import = 4
========================================================================
Received Import Request.
  Time since last request: 0.000039 seconds.
  path: Assets/09_TileMaps/DeadForestGround/Tilemap Ground Tiles Dead Forest_11.asset
  artifactKey: Guid(3a615da4e62816a498eeaf864148bd49) Importer(815301076,1909f56bfc062723c751e8b465ee728b)
Number of updated assets reloaded before import = 0
Start importing Assets/09_TileMaps/DeadForestGround/Tilemap Ground Tiles Dead Forest_11.asset using Guid(3a615da4e62816a498eeaf864148bd49) Importer(815301076,1909f56bfc062723c751e8b465ee728b)  -> (artifact id: '67051814d27bb5bf5dc6eef38c3a61dc') in 0.008467 seconds 
Number of asset objects unloaded after import = 4
========================================================================
Received Import Request.
  Time since last request: 0.000032 seconds.
  path: Assets/09_TileMaps/DeadForestProps/Tilemap Transparent Tiles Dead Forest_23.asset
  artifactKey: Guid(273609bf365bd634ba8bff534c65a5c3) Importer(815301076,1909f56bfc062723c751e8b465ee728b)
Number of updated assets reloaded before import = 0
Start importing Assets/09_TileMaps/DeadForestProps/Tilemap Transparent Tiles Dead Forest_23.asset using Guid(273609bf365bd634ba8bff534c65a5c3) Importer(815301076,1909f56bfc062723c751e8b465ee728b)  -> (artifact id: 'f5c1899c1da37d063e555d7f0b6575d6') in 0.012426 seconds 
Number of asset objects unloaded after import = 4
========================================================================
Received Import Request.
  Time since last request: 0.000033 seconds.
  path: Assets/09_TileMaps/DeadForestProps/Tilemap Transparent Tiles Dead Forest_16.asset
  artifactKey: Guid(11548dafa687a24498910908a806bde3) Importer(815301076,1909f56bfc062723c751e8b465ee728b)
Number of updated assets reloaded before import = 0
Start importing Assets/09_TileMaps/DeadForestProps/Tilemap Transparent Tiles Dead Forest_16.asset using Guid(11548dafa687a24498910908a806bde3) Importer(815301076,1909f56bfc062723c751e8b465ee728b)  -> (artifact id: '4bf859e827775d1dbb09c0a3c75b3a98') in 0.010620 seconds 
Number of asset objects unloaded after import = 4
========================================================================
Received Import Request.
  Time since last request: 0.000049 seconds.
  path: Assets/09_TileMaps/DeadForestGround/Tilemap Ground Tiles Dead Forest_36.asset
  artifactKey: Guid(6b5ffaefb0018b94cb108bcc60d9de54) Importer(815301076,1909f56bfc062723c751e8b465ee728b)
Number of updated assets reloaded before import = 0
Start importing Assets/09_TileMaps/DeadForestGround/Tilemap Ground Tiles Dead Forest_36.asset using Guid(6b5ffaefb0018b94cb108bcc60d9de54) Importer(815301076,1909f56bfc062723c751e8b465ee728b)  -> (artifact id: 'a1df1d21373e9645d4677058bd358d68') in 0.005876 seconds 
Number of asset objects unloaded after import = 4
========================================================================
Received Import Request.
  Time since last request: 0.000025 seconds.
  path: Assets/09_TileMaps/DeadForestGround/Tilemap Ground Tiles Dead Forest_35.asset
  artifactKey: Guid(0dc28f88c3a7375409998331a9a6dabe) Importer(815301076,1909f56bfc062723c751e8b465ee728b)
Number of updated assets reloaded before import = 0
Start importing Assets/09_TileMaps/DeadForestGround/Tilemap Ground Tiles Dead Forest_35.asset using Guid(0dc28f88c3a7375409998331a9a6dabe) Importer(815301076,1909f56bfc062723c751e8b465ee728b)  -> (artifact id: '9db446c16956e3665af581a30215ea46') in 0.007327 seconds 
Number of asset objects unloaded after import = 4
========================================================================
Received Import Request.
  Time since last request: 0.000051 seconds.
  path: Assets/09_TileMaps/DeadForestProps/Tilemap Transparent Tiles Dead Forest_45.asset
  artifactKey: Guid(a59003aa730c0bc41984befefed32368) Importer(815301076,1909f56bfc062723c751e8b465ee728b)
Number of updated assets reloaded before import = 0
Start importing Assets/09_TileMaps/DeadForestProps/Tilemap Transparent Tiles Dead Forest_45.asset using Guid(a59003aa730c0bc41984befefed32368) Importer(815301076,1909f56bfc062723c751e8b465ee728b)  -> (artifact id: 'ebb9da31b15346120c0fa434f447ce49') in 0.007949 seconds 
Number of asset objects unloaded after import = 4
========================================================================
Received Import Request.
  Time since last request: 0.000033 seconds.
  path: Assets/09_TileMaps/DeadForestGround/Tilemap Ground Tiles Dead Forest_21.asset
  artifactKey: Guid(2f318d305134f1943a9675c5124b38c1) Importer(815301076,1909f56bfc062723c751e8b465ee728b)
Number of updated assets reloaded before import = 0
Start importing Assets/09_TileMaps/DeadForestGround/Tilemap Ground Tiles Dead Forest_21.asset using Guid(2f318d305134f1943a9675c5124b38c1) Importer(815301076,1909f56bfc062723c751e8b465ee728b)  -> (artifact id: '240785948ea493da356ed8737ce94821') in 0.006275 seconds 
Number of asset objects unloaded after import = 4
========================================================================
Received Import Request.
  Time since last request: 0.000031 seconds.
  path: Assets/09_TileMaps/DeadForestGround/Tilemap Ground Tiles Dead Forest_24.asset
  artifactKey: Guid(38fa6050d74d054429245845cc124dc5) Importer(815301076,1909f56bfc062723c751e8b465ee728b)
Number of updated assets reloaded before import = 0
Start importing Assets/09_TileMaps/DeadForestGround/Tilemap Ground Tiles Dead Forest_24.asset using Guid(38fa6050d74d054429245845cc124dc5) Importer(815301076,1909f56bfc062723c751e8b465ee728b)  -> (artifact id: 'dc3c13532d3ab49017121c1202aa7690') in 0.005985 seconds 
Number of asset objects unloaded after import = 4
========================================================================
Received Import Request.
  Time since last request: 0.000032 seconds.
  path: Assets/09_TileMaps/DeadForestGround/Tilemap Ground Tiles Dead Forest_28.asset
  artifactKey: Guid(8df089a298398e044b3c2f062b7b4870) Importer(815301076,1909f56bfc062723c751e8b465ee728b)
Number of updated assets reloaded before import = 0
Start importing Assets/09_TileMaps/DeadForestGround/Tilemap Ground Tiles Dead Forest_28.asset using Guid(8df089a298398e044b3c2f062b7b4870) Importer(815301076,1909f56bfc062723c751e8b465ee728b)  -> (artifact id: '8a51f33986eba73721b51169b99d2198') in 0.005144 seconds 
Number of asset objects unloaded after import = 4
========================================================================
Received Import Request.
  Time since last request: 0.000029 seconds.
  path: Assets/09_TileMaps/DeadForestGround/Tilemap Ground Tiles Dead Forest_3.asset
  artifactKey: Guid(8b09be5c588afd248b9828cf1dd1d966) Importer(815301076,1909f56bfc062723c751e8b465ee728b)
Number of updated assets reloaded before import = 0
Start importing Assets/09_TileMaps/DeadForestGround/Tilemap Ground Tiles Dead Forest_3.asset using Guid(8b09be5c588afd248b9828cf1dd1d966) Importer(815301076,1909f56bfc062723c751e8b465ee728b)  -> (artifact id: 'cf7e496b359c4c8e57fe29923675e248') in 0.004519 seconds 
Number of asset objects unloaded after import = 4
========================================================================
Received Import Request.
  Time since last request: 0.000042 seconds.
  path: Assets/09_TileMaps/DeadForestProps/Tilemap Transparent Tiles Dead Forest_43.asset
  artifactKey: Guid(81c016b95c91ec84d95d5e240d58bdcb) Importer(815301076,1909f56bfc062723c751e8b465ee728b)
Number of updated assets reloaded before import = 0
Start importing Assets/09_TileMaps/DeadForestProps/Tilemap Transparent Tiles Dead Forest_43.asset using Guid(81c016b95c91ec84d95d5e240d58bdcb) Importer(815301076,1909f56bfc062723c751e8b465ee728b)  -> (artifact id: '0fb4fe06692a636c0146c52f7132a66b') in 0.007941 seconds 
Number of asset objects unloaded after import = 4
========================================================================
Received Import Request.
  Time since last request: 0.000043 seconds.
  path: Assets/09_TileMaps/DeadForestProps/Tilemap Transparent Tiles Dead Forest_40.asset
  artifactKey: Guid(ad0b04cfc26cc5e4aa7cbf3c2759b4a1) Importer(815301076,1909f56bfc062723c751e8b465ee728b)
Number of updated assets reloaded before import = 0
Start importing Assets/09_TileMaps/DeadForestProps/Tilemap Transparent Tiles Dead Forest_40.asset using Guid(ad0b04cfc26cc5e4aa7cbf3c2759b4a1) Importer(815301076,1909f56bfc062723c751e8b465ee728b)  -> (artifact id: '42755f9026fe278cc4627bc26dd1ee53') in 0.006343 seconds 
Number of asset objects unloaded after import = 4
========================================================================
Received Import Request.
  Time since last request: 0.000039 seconds.
  path: Assets/09_TileMaps/DeadForestProps/Tilemap Transparent Tiles Dead Forest_21.asset
  artifactKey: Guid(0b51655cadbf0464bb440e84fb6ed43f) Importer(815301076,1909f56bfc062723c751e8b465ee728b)
Number of updated assets reloaded before import = 0
Start importing Assets/09_TileMaps/DeadForestProps/Tilemap Transparent Tiles Dead Forest_21.asset using Guid(0b51655cadbf0464bb440e84fb6ed43f) Importer(815301076,1909f56bfc062723c751e8b465ee728b)  -> (artifact id: 'b433f366510218acaf4314896dce08e4') in 0.008814 seconds 
Number of asset objects unloaded after import = 4
========================================================================
Received Import Request.
  Time since last request: 0.000058 seconds.
  path: Assets/09_TileMaps/DeadForestProps/Tilemap Transparent Tiles Dead Forest_11.asset
  artifactKey: Guid(50b4cbdc2d92e2d4488a8e9a8638490c) Importer(815301076,1909f56bfc062723c751e8b465ee728b)
Number of updated assets reloaded before import = 0
Start importing Assets/09_TileMaps/DeadForestProps/Tilemap Transparent Tiles Dead Forest_11.asset using Guid(50b4cbdc2d92e2d4488a8e9a8638490c) Importer(815301076,1909f56bfc062723c751e8b465ee728b)  -> (artifact id: 'b9459894933c3711c1f6109fe4e10b84') in 0.006942 seconds 
Number of asset objects unloaded after import = 4
========================================================================
Received Import Request.
  Time since last request: 0.000035 seconds.
  path: Assets/09_TileMaps/DeadForestProps/Tilemap Transparent Tiles Dead Forest_15.asset
  artifactKey: Guid(4f7b704eb4fe4ef4fbec9c185fd0a802) Importer(815301076,1909f56bfc062723c751e8b465ee728b)
Number of updated assets reloaded before import = 0
Start importing Assets/09_TileMaps/DeadForestProps/Tilemap Transparent Tiles Dead Forest_15.asset using Guid(4f7b704eb4fe4ef4fbec9c185fd0a802) Importer(815301076,1909f56bfc062723c751e8b465ee728b)  -> (artifact id: '932948374092f2c90d5d85a82755a20a') in 0.006713 seconds 
Number of asset objects unloaded after import = 4
========================================================================
Received Import Request.
  Time since last request: 0.000030 seconds.
  path: Assets/09_TileMaps/DeadForestProps/Tilemap Transparent Tiles Dead Forest_31.asset
  artifactKey: Guid(5fd4f87dd09dda24cb27cff705141aec) Importer(815301076,1909f56bfc062723c751e8b465ee728b)
Number of updated assets reloaded before import = 0
Start importing Assets/09_TileMaps/DeadForestProps/Tilemap Transparent Tiles Dead Forest_31.asset using Guid(5fd4f87dd09dda24cb27cff705141aec) Importer(815301076,1909f56bfc062723c751e8b465ee728b)  -> (artifact id: '600afbc395ce8addbcc5e6a9ce1f47e4') in 0.007266 seconds 
Number of asset objects unloaded after import = 4
========================================================================
Received Import Request.
  Time since last request: 0.000046 seconds.
  path: Assets/09_TileMaps/DeadForestProps/Tilemap Transparent Tiles Dead Forest_42.asset
  artifactKey: Guid(591c4a2f4383ba44b9a388242d127371) Importer(815301076,1909f56bfc062723c751e8b465ee728b)
Number of updated assets reloaded before import = 0
Start importing Assets/09_TileMaps/DeadForestProps/Tilemap Transparent Tiles Dead Forest_42.asset using Guid(591c4a2f4383ba44b9a388242d127371) Importer(815301076,1909f56bfc062723c751e8b465ee728b)  -> (artifact id: 'ffc7ce4c67b4feb7e1a8ae8a859c980c') in 0.007137 seconds 
Number of asset objects unloaded after import = 4
========================================================================
Received Import Request.
  Time since last request: 0.000053 seconds.
  path: Assets/09_TileMaps/DeadForestGround/Tilemap Ground Tiles Dead Forest_38.asset
  artifactKey: Guid(aa9f9daf001c57f47912502a75e32fb1) Importer(815301076,1909f56bfc062723c751e8b465ee728b)
Number of updated assets reloaded before import = 0
Start importing Assets/09_TileMaps/DeadForestGround/Tilemap Ground Tiles Dead Forest_38.asset using Guid(aa9f9daf001c57f47912502a75e32fb1) Importer(815301076,1909f56bfc062723c751e8b465ee728b)  -> (artifact id: '7ba30ac17c153515a74d41bbff89b3f5') in 0.005594 seconds 
Number of asset objects unloaded after import = 4
========================================================================
Received Import Request.
  Time since last request: 0.000032 seconds.
  path: Assets/09_TileMaps/DeadForestProps/Tilemap Transparent Tiles Dead Forest_30.asset
  artifactKey: Guid(a13156c065ffef646b4b681f40c32c7b) Importer(815301076,1909f56bfc062723c751e8b465ee728b)
Number of updated assets reloaded before import = 0
Start importing Assets/09_TileMaps/DeadForestProps/Tilemap Transparent Tiles Dead Forest_30.asset using Guid(a13156c065ffef646b4b681f40c32c7b) Importer(815301076,1909f56bfc062723c751e8b465ee728b)  -> (artifact id: 'ab532ef2428caf016c21768ebcb5ecea') in 0.007397 seconds 
Number of asset objects unloaded after import = 4
========================================================================
Received Import Request.
  Time since last request: 0.000023 seconds.
  path: Assets/09_TileMaps/DeadForestGround/Tilemap Ground Tiles Dead Forest_2.asset
  artifactKey: Guid(e8de5d8a6d6e0b34989bcaec3fcdd174) Importer(815301076,1909f56bfc062723c751e8b465ee728b)
Number of updated assets reloaded before import = 0
Start importing Assets/09_TileMaps/DeadForestGround/Tilemap Ground Tiles Dead Forest_2.asset using Guid(e8de5d8a6d6e0b34989bcaec3fcdd174) Importer(815301076,1909f56bfc062723c751e8b465ee728b)  -> (artifact id: '7654dfbffdfc2c97a5925cc503061871') in 0.005299 seconds 
Number of asset objects unloaded after import = 4
========================================================================
Received Import Request.
  Time since last request: 0.000046 seconds.
  path: Assets/09_TileMaps/DeadForestGround/Tilemap Ground Tiles Dead Forest_13.asset
  artifactKey: Guid(7ae4fb44401db9e44b913ef4aedb2b76) Importer(815301076,1909f56bfc062723c751e8b465ee728b)
Number of updated assets reloaded before import = 0
Start importing Assets/09_TileMaps/DeadForestGround/Tilemap Ground Tiles Dead Forest_13.asset using Guid(7ae4fb44401db9e44b913ef4aedb2b76) Importer(815301076,1909f56bfc062723c751e8b465ee728b)  -> (artifact id: '342f542d1807ff03e0f7af42fd7ce450') in 0.005272 seconds 
Number of asset objects unloaded after import = 4
========================================================================
Received Import Request.
  Time since last request: 0.000038 seconds.
  path: Assets/09_TileMaps/DeadForestGround/Tilemap Ground Tiles Dead Forest_31.asset
  artifactKey: Guid(23f59b13b4eb6e944b4009e900a9efe7) Importer(815301076,1909f56bfc062723c751e8b465ee728b)
Number of updated assets reloaded before import = 0
Start importing Assets/09_TileMaps/DeadForestGround/Tilemap Ground Tiles Dead Forest_31.asset using Guid(23f59b13b4eb6e944b4009e900a9efe7) Importer(815301076,1909f56bfc062723c751e8b465ee728b)  -> (artifact id: '3ac562477911c936651c0635609c8c03') in 0.004846 seconds 
Number of asset objects unloaded after import = 4
========================================================================
Received Import Request.
  Time since last request: 0.000052 seconds.
  path: Assets/09_TileMaps/DeadForestGround/Tilemap Ground Tiles Dead Forest_20.asset
  artifactKey: Guid(fc1280b0448ac864ab47d525038bd996) Importer(815301076,1909f56bfc062723c751e8b465ee728b)
Number of updated assets reloaded before import = 0
Start importing Assets/09_TileMaps/DeadForestGround/Tilemap Ground Tiles Dead Forest_20.asset using Guid(fc1280b0448ac864ab47d525038bd996) Importer(815301076,1909f56bfc062723c751e8b465ee728b)  -> (artifact id: 'e73a34c097752e09ac8610838bc94e86') in 0.004612 seconds 
Number of asset objects unloaded after import = 4
========================================================================
Received Import Request.
  Time since last request: 0.000031 seconds.
  path: Assets/09_TileMaps/DeadForestGround/Tilemap Ground Tiles Dead Forest_16.asset
  artifactKey: Guid(96088b16f44ab38489077d660a126b8e) Importer(815301076,1909f56bfc062723c751e8b465ee728b)
Number of updated assets reloaded before import = 0
Start importing Assets/09_TileMaps/DeadForestGround/Tilemap Ground Tiles Dead Forest_16.asset using Guid(96088b16f44ab38489077d660a126b8e) Importer(815301076,1909f56bfc062723c751e8b465ee728b)  -> (artifact id: '651b6670e3923baa38ef90bce116c2d7') in 0.011717 seconds 
Number of asset objects unloaded after import = 4
========================================================================
Received Import Request.
  Time since last request: 0.000046 seconds.
  path: Assets/09_TileMaps/DeadForestProps/Tilemap Transparent Tiles Dead Forest_0.asset
  artifactKey: Guid(f740ebaba51858647834774ea28c5739) Importer(815301076,1909f56bfc062723c751e8b465ee728b)
Number of updated assets reloaded before import = 0
Start importing Assets/09_TileMaps/DeadForestProps/Tilemap Transparent Tiles Dead Forest_0.asset using Guid(f740ebaba51858647834774ea28c5739) Importer(815301076,1909f56bfc062723c751e8b465ee728b)  -> (artifact id: '69dbf89f65c037d0d380b91c0618b3de') in 0.007475 seconds 
Number of asset objects unloaded after import = 4
========================================================================
Received Import Request.
  Time since last request: 0.000043 seconds.
  path: Assets/09_TileMaps/DeadForestProps/Tilemap Transparent Tiles Dead Forest_36.asset
  artifactKey: Guid(de5d85a0d41b54449be8e8bed0f9934f) Importer(815301076,1909f56bfc062723c751e8b465ee728b)
Number of updated assets reloaded before import = 0
Start importing Assets/09_TileMaps/DeadForestProps/Tilemap Transparent Tiles Dead Forest_36.asset using Guid(de5d85a0d41b54449be8e8bed0f9934f) Importer(815301076,1909f56bfc062723c751e8b465ee728b)  -> (artifact id: '8a3ff6b92b7aa8756ca0a38e5b3a9c22') in 0.007558 seconds 
Number of asset objects unloaded after import = 4
========================================================================
Received Import Request.
  Time since last request: 0.000146 seconds.
  path: Assets/09_TileMaps/SwampRule 1.asset
  artifactKey: Guid(8f59f46e9e9090e43a2b0156689d2bae) Importer(815301076,1909f56bfc062723c751e8b465ee728b)
Number of updated assets reloaded before import = 0
Start importing Assets/09_TileMaps/SwampRule 1.asset using Guid(8f59f46e9e9090e43a2b0156689d2bae) Importer(815301076,1909f56bfc062723c751e8b465ee728b)  -> (artifact id: '40e15c43e23906f3b00ac0616ee5dd20') in 0.008994 seconds 
Number of asset objects unloaded after import = 18
========================================================================
Received Import Request.
  Time since last request: 0.000048 seconds.
  path: Assets/09_TileMaps/DeadForestGround/Tilemap Ground Tiles Dead Forest_22.asset
  artifactKey: Guid(4e5a6cf12dec5f345924674beac07868) Importer(815301076,1909f56bfc062723c751e8b465ee728b)
Number of updated assets reloaded before import = 0
Start importing Assets/09_TileMaps/DeadForestGround/Tilemap Ground Tiles Dead Forest_22.asset using Guid(4e5a6cf12dec5f345924674beac07868) Importer(815301076,1909f56bfc062723c751e8b465ee728b)  -> (artifact id: '45c3965bd19002b7d2b9ea210305f527') in 0.005005 seconds 
Number of asset objects unloaded after import = 4
========================================================================
Received Import Request.
  Time since last request: 0.000029 seconds.
  path: Assets/09_TileMaps/DeadForestGround/Tilemap Ground Tiles Dead Forest_10.asset
  artifactKey: Guid(9ad73e992b81a5c4bb8feb0b962757f0) Importer(815301076,1909f56bfc062723c751e8b465ee728b)
Number of updated assets reloaded before import = 0
Start importing Assets/09_TileMaps/DeadForestGround/Tilemap Ground Tiles Dead Forest_10.asset using Guid(9ad73e992b81a5c4bb8feb0b962757f0) Importer(815301076,1909f56bfc062723c751e8b465ee728b)  -> (artifact id: 'd1211d78ad598f3262aafb64c885a5b1') in 0.005887 seconds 
Number of asset objects unloaded after import = 4
========================================================================
Received Import Request.
  Time since last request: 1.358027 seconds.
  path: Assets/09_TileMaps/DeadForestProps/Tilemap Transparent Tiles Dead Forest_48.asset
  artifactKey: Guid(655be9d3ed4d1544597acd0f54062be7) Importer(815301076,1909f56bfc062723c751e8b465ee728b)
Number of updated assets reloaded before import = 0
Start importing Assets/09_TileMaps/DeadForestProps/Tilemap Transparent Tiles Dead Forest_48.asset using Guid(655be9d3ed4d1544597acd0f54062be7) Importer(815301076,1909f56bfc062723c751e8b465ee728b)  -> (artifact id: '922f1c70c325f25a91f88c91a1caeb0a') in 0.040388 seconds 
Number of asset objects unloaded after import = 4
========================================================================
Received Import Request.
  Time since last request: 0.000032 seconds.
  path: Assets/09_TileMaps/DeadForestProps/Tilemap Transparent Tiles Dead Forest_49.asset
  artifactKey: Guid(43ccf1e37b70ab14eaf924908960aa5c) Importer(815301076,1909f56bfc062723c751e8b465ee728b)
Number of updated assets reloaded before import = 0
Start importing Assets/09_TileMaps/DeadForestProps/Tilemap Transparent Tiles Dead Forest_49.asset using Guid(43ccf1e37b70ab14eaf924908960aa5c) Importer(815301076,1909f56bfc062723c751e8b465ee728b)  -> (artifact id: '8262eb9c48481044ac05ca3ba43debed') in 0.007672 seconds 
Number of asset objects unloaded after import = 4
========================================================================
Received Import Request.
  Time since last request: 0.000035 seconds.
  path: Assets/09_TileMaps/DeadForestProps/Tilemap Transparent Tiles Dead Forest_51.asset
  artifactKey: Guid(1d4a5066e50eed34abd69577478e43dc) Importer(815301076,1909f56bfc062723c751e8b465ee728b)
Number of updated assets reloaded before import = 0
Start importing Assets/09_TileMaps/DeadForestProps/Tilemap Transparent Tiles Dead Forest_51.asset using Guid(1d4a5066e50eed34abd69577478e43dc) Importer(815301076,1909f56bfc062723c751e8b465ee728b)  -> (artifact id: '480a58802047fc5a14076bfdb341f433') in 0.008697 seconds 
Number of asset objects unloaded after import = 4
Editor requested this worker to shutdown with reason: Scaling down because of idle timeout
AssetImportWorker is now disconnected from the server
Process exiting
