Using pre-set license
Built from '2021.1/staging' branch; Version is '2021.1.7f1 (d91830b65d9b) revision 14227504'; Using compiler version '192528614'; Build Type 'Release'
OS: 'Windows 10 Home; OS build 22621.2134; Version 2009; 64bit' Language: 'de' Physical Memory: 32671 MB
BatchMode: 1, IsHumanControllingUs: 0, StartBugReporterOnCrash: 0, Is64bit: 1, IsPro: 0

 COMMAND LINE ARGUMENTS:
C:\Program Files\Unity\Hub\Editor\2021.1.7f1\Editor\Unity.exe
-adb2
-batchMode
-noUpm
-name
AssetImportWorker0
-projectPath
D:/Projects/fe-kingdom-mobile/trunk/FireEmblemMobile/FireEmblemMobileUnityProject
-logFile
Logs/AssetImportWorker0.log
-srvPort
62174
Successfully changed project path to: D:/Projects/fe-kingdom-mobile/trunk/FireEmblemMobile/FireEmblemMobileUnityProject
D:/Projects/fe-kingdom-mobile/trunk/FireEmblemMobile/FireEmblemMobileUnityProject
Using Asset Import Pipeline V2.
Refreshing native plugins compatible for Editor in 109.54 ms, found 1 plugins.
Preloading 0 native plugins for Editor in 0.00 ms.
Initialize engine version: 2021.1.7f1 (d91830b65d9b)
[Subsystems] Discovering subsystems at path C:/Program Files/Unity/Hub/Editor/2021.1.7f1/Editor/Data/Resources/UnitySubsystems
[Subsystems] Discovering subsystems at path D:/Projects/fe-kingdom-mobile/trunk/FireEmblemMobile/FireEmblemMobileUnityProject/Assets
GfxDevice: creating device client; threaded=0; jobified=0
Direct3D:
    Version:  Direct3D 11.0 [level 11.1]
    Renderer: NVIDIA GeForce RTX 3070 (ID=0x2488)
    Vendor:   NVIDIA
    VRAM:     8031 MB
    Driver:   31.0.15.3699
Shader 'MoreMountains/MMRipple': fallback shader 'Particle/AlphaBlended' not found
Shader 'Universal Render Pipeline/Particles/Lit': fallback shader 'Universal Render Pipeline/Particles/SimpleLit' not found
Initialize mono
Mono path[0] = 'C:/Program Files/Unity/Hub/Editor/2021.1.7f1/Editor/Data/Managed'
Mono path[1] = 'C:/Program Files/Unity/Hub/Editor/2021.1.7f1/Editor/Data/MonoBleedingEdge/lib/mono/unityjit'
Mono config path = 'C:/Program Files/Unity/Hub/Editor/2021.1.7f1/Editor/Data/MonoBleedingEdge/etc'
Using monoOptions --debugger-agent=transport=dt_socket,embedding=1,server=y,suspend=n,address=127.0.0.1:56360
Begin MonoManager ReloadAssembly
Registering precompiled unity dll's ...
Register platform support module: C:/Program Files/Unity/Hub/Editor/2021.1.7f1/Editor/Data/PlaybackEngines/WindowsStandaloneSupport/UnityEditor.WindowsStandalone.Extensions.dll
Registered in 0.000975 seconds.
Native extension for WindowsStandalone target not found
Refreshing native plugins compatible for Editor in 96.94 ms, found 1 plugins.
Preloading 0 native plugins for Editor in 0.00 ms.
Mono: successfully reloaded assembly
- Completed reload, in  1.890 seconds
Platform modules already initialized, skipping
Registering precompiled user dll's ...
Registered in 0.002618 seconds.
Begin MonoManager ReloadAssembly
Native extension for WindowsStandalone target not found
Refreshing native plugins compatible for Editor in 103.08 ms, found 1 plugins.
Preloading 0 native plugins for Editor in 0.00 ms.
Mono: successfully reloaded assembly
- Completed reload, in  0.943 seconds
Platform modules already initialized, skipping
========================================================================
Worker process is ready to serve import requests
Shader 'Universal Render Pipeline/Particles/Lit': fallback shader 'Universal Render Pipeline/Particles/SimpleLit' not found
Shader 'MoreMountains/MMRipple': fallback shader 'Particle/AlphaBlended' not found
Launched and connected shader compiler UnityShaderCompiler.exe after 0.03 seconds
Refreshing native plugins compatible for Editor in 1.28 ms, found 1 plugins.
Preloading 0 native plugins for Editor in 0.00 ms.
Unloading 5335 Unused Serialized files (Serialized files now loaded: 0)
System memory in use before: 307.2 MB.
System memory in use after: 307.7 MB.

Unloading 71 unused Assets to reduce memory usage. Loaded Objects now: 5774.
Total: 5.774000 ms (FindLiveObjects: 0.529000 ms CreateObjectMapping: 0.324800 ms MarkObjects: 4.868600 ms  DeleteObjects: 0.050600 ms)

========================================================================
Received Import Request.
  path: Assets/01_Scenes/GridBattle.unity
  artifactKey: Guid(032b15885d0bd3841b298133dc6636ad) Importer(815301076,1909f56bfc062723c751e8b465ee728b)
Start importing Assets/01_Scenes/GridBattle.unity using Guid(032b15885d0bd3841b298133dc6636ad) Importer(815301076,1909f56bfc062723c751e8b465ee728b)  -> (artifact id: '274220c24bb2e9efbfa5fa481d0a4d4a') in 0.020279 seconds 
========================================================================
Received Import Request.
  Time since last request: 20.886739 seconds.
  path: Assets/04_Textures/Temporary/rogue.png
  artifactKey: Guid(38bb94f90d1d25343a544db09d82fe2f) Importer(815301076,1909f56bfc062723c751e8b465ee728b)
Start importing Assets/04_Textures/Temporary/rogue.png using Guid(38bb94f90d1d25343a544db09d82fe2f) Importer(815301076,1909f56bfc062723c751e8b465ee728b)  -> (artifact id: 'b70481135056074584bf2659399e7954') in 0.088322 seconds 
========================================================================
Received Import Request.
  Time since last request: 7.825310 seconds.
  path: Assets/04_Textures/Temporary/rogue.png
  artifactKey: Guid(38bb94f90d1d25343a544db09d82fe2f) Importer(815301076,1909f56bfc062723c751e8b465ee728b)
Start importing Assets/04_Textures/Temporary/rogue.png using Guid(38bb94f90d1d25343a544db09d82fe2f) Importer(815301076,1909f56bfc062723c751e8b465ee728b)  -> (artifact id: '2f5c555ec126a7ef52a44f88e82e201f') in 0.022250 seconds 
========================================================================
Received Prepare
Registering precompiled user dll's ...
Registered in 0.003163 seconds.
Begin MonoManager ReloadAssembly
Native extension for WindowsStandalone target not found
Refreshing native plugins compatible for Editor in 1.36 ms, found 1 plugins.
Preloading 0 native plugins for Editor in 0.00 ms.
Mono: successfully reloaded assembly
- Completed reload, in  1.000 seconds
Platform modules already initialized, skipping
Switching build target platform(19) subTarget(0) extendedPlatform(0) -> platform(13) subTarget(537395200) extendedPlatform(0)
Shader 'Universal Render Pipeline/Particles/Lit': fallback shader 'Universal Render Pipeline/Particles/SimpleLit' not found
Shader 'MoreMountains/MMRipple': fallback shader 'Particle/AlphaBlended' not found
Refreshing native plugins compatible for Editor in 1.47 ms, found 1 plugins.
Preloading 0 native plugins for Editor in 0.00 ms.
Unloading 5149 Unused Serialized files (Serialized files now loaded: 0)
System memory in use before: 295.7 MB.
System memory in use after: 296.2 MB.

Unloading 63 unused Assets to reduce memory usage. Loaded Objects now: 5811.
Total: 5.957800 ms (FindLiveObjects: 0.425900 ms CreateObjectMapping: 0.251500 ms MarkObjects: 5.242100 ms  DeleteObjects: 0.037600 ms)

AssetImportParameters requested are different than current active one (requested -> active):
  custom:graphics/normal-map-encoding: 01000000000000000000000000000000 -> 02000000000000000000000000000000
========================================================================
Received Import Request.
  Time since last request: 90.198469 seconds.
  path: Assets/04_Textures/Temporary/rogue.png
  artifactKey: Guid(38bb94f90d1d25343a544db09d82fe2f) Importer(815301076,1909f56bfc062723c751e8b465ee728b)
Start importing Assets/04_Textures/Temporary/rogue.png using Guid(38bb94f90d1d25343a544db09d82fe2f) Importer(815301076,1909f56bfc062723c751e8b465ee728b)  -> (artifact id: 'ca391187857651cbd6cd9ba8034307c4') in 0.058059 seconds 
========================================================================
Received Import Request.
  Time since last request: 5.743442 seconds.
  path: Assets/04_Textures/Temporary/rogue.png
  artifactKey: Guid(38bb94f90d1d25343a544db09d82fe2f) Importer(815301076,1909f56bfc062723c751e8b465ee728b)
Start importing Assets/04_Textures/Temporary/rogue.png using Guid(38bb94f90d1d25343a544db09d82fe2f) Importer(815301076,1909f56bfc062723c751e8b465ee728b)  -> (artifact id: '5f7b3c01a3d69f69bbe84d8e8164d204') in 0.012361 seconds 
========================================================================
Received Import Request.
  Time since last request: 72.632915 seconds.
  path: Assets/01_Scenes/MainMenu.unity
  artifactKey: Guid(7e41894ce0d142646b3888eacf4ae1d1) Importer(815301076,1909f56bfc062723c751e8b465ee728b)
Start importing Assets/01_Scenes/MainMenu.unity using Guid(7e41894ce0d142646b3888eacf4ae1d1) Importer(815301076,1909f56bfc062723c751e8b465ee728b)  -> (artifact id: '84b69b506b799f943524a945cab1e9b5') in 0.008674 seconds 
========================================================================
Received Prepare
Registering precompiled user dll's ...
Registered in 0.002837 seconds.
Begin MonoManager ReloadAssembly
Native extension for WindowsStandalone target not found
Refreshing native plugins compatible for Editor in 1.49 ms, found 1 plugins.
Preloading 0 native plugins for Editor in 0.00 ms.
Mono: successfully reloaded assembly
- Completed reload, in  0.853 seconds
Platform modules already initialized, skipping
Switching build target platform(19) subTarget(0) extendedPlatform(0) -> platform(13) subTarget(537395200) extendedPlatform(0)
Shader 'Universal Render Pipeline/Particles/Lit': fallback shader 'Universal Render Pipeline/Particles/SimpleLit' not found
Shader 'MoreMountains/MMRipple': fallback shader 'Particle/AlphaBlended' not found
Refreshing native plugins compatible for Editor in 1.33 ms, found 1 plugins.
Preloading 0 native plugins for Editor in 0.00 ms.
Unloading 5148 Unused Serialized files (Serialized files now loaded: 0)
System memory in use before: 296.6 MB.
System memory in use after: 297.0 MB.

Unloading 63 unused Assets to reduce memory usage. Loaded Objects now: 5842.
Total: 6.506400 ms (FindLiveObjects: 0.585800 ms CreateObjectMapping: 0.303900 ms MarkObjects: 5.578100 ms  DeleteObjects: 0.037700 ms)

AssetImportParameters requested are different than current active one (requested -> active):
  custom:graphics/normal-map-encoding: 01000000000000000000000000000000 -> 02000000000000000000000000000000
========================================================================
Received Prepare
Registering precompiled user dll's ...
Registered in 0.002965 seconds.
Begin MonoManager ReloadAssembly
Native extension for WindowsStandalone target not found
Refreshing native plugins compatible for Editor in 2.39 ms, found 1 plugins.
Preloading 0 native plugins for Editor in 0.00 ms.
Mono: successfully reloaded assembly
- Completed reload, in  0.855 seconds
Platform modules already initialized, skipping
Switching build target platform(19) subTarget(0) extendedPlatform(0) -> platform(13) subTarget(537395200) extendedPlatform(0)
Shader 'Universal Render Pipeline/Particles/Lit': fallback shader 'Universal Render Pipeline/Particles/SimpleLit' not found
Shader 'MoreMountains/MMRipple': fallback shader 'Particle/AlphaBlended' not found
Refreshing native plugins compatible for Editor in 1.31 ms, found 1 plugins.
Preloading 0 native plugins for Editor in 0.00 ms.
Unloading 5148 Unused Serialized files (Serialized files now loaded: 0)
System memory in use before: 296.6 MB.
System memory in use after: 297.1 MB.

Unloading 63 unused Assets to reduce memory usage. Loaded Objects now: 5844.
Total: 5.683800 ms (FindLiveObjects: 0.393800 ms CreateObjectMapping: 0.235900 ms MarkObjects: 5.015300 ms  DeleteObjects: 0.038000 ms)

AssetImportParameters requested are different than current active one (requested -> active):
  custom:graphics/normal-map-encoding: 01000000000000000000000000000000 -> 02000000000000000000000000000000
========================================================================
Received Prepare
Registering precompiled user dll's ...
Registered in 0.002643 seconds.
Begin MonoManager ReloadAssembly
Native extension for WindowsStandalone target not found
Refreshing native plugins compatible for Editor in 1.31 ms, found 1 plugins.
Preloading 0 native plugins for Editor in 0.00 ms.
Mono: successfully reloaded assembly
- Completed reload, in  0.821 seconds
Platform modules already initialized, skipping
Switching build target platform(19) subTarget(0) extendedPlatform(0) -> platform(13) subTarget(537395200) extendedPlatform(0)
Shader 'Universal Render Pipeline/Particles/Lit': fallback shader 'Universal Render Pipeline/Particles/SimpleLit' not found
Shader 'MoreMountains/MMRipple': fallback shader 'Particle/AlphaBlended' not found
Refreshing native plugins compatible for Editor in 1.31 ms, found 1 plugins.
Preloading 0 native plugins for Editor in 0.00 ms.
Unloading 5148 Unused Serialized files (Serialized files now loaded: 0)
System memory in use before: 296.7 MB.
System memory in use after: 297.1 MB.

Unloading 63 unused Assets to reduce memory usage. Loaded Objects now: 5846.
Total: 5.511700 ms (FindLiveObjects: 0.378700 ms CreateObjectMapping: 0.221300 ms MarkObjects: 4.877400 ms  DeleteObjects: 0.033600 ms)

AssetImportParameters requested are different than current active one (requested -> active):
  custom:graphics/normal-map-encoding: 01000000000000000000000000000000 -> 02000000000000000000000000000000
========================================================================
Received Prepare
Shader 'Universal Render Pipeline/Particles/Lit': fallback shader 'Universal Render Pipeline/Particles/SimpleLit' not found
Shader 'MoreMountains/MMRipple': fallback shader 'Particle/AlphaBlended' not found
Refreshing native plugins compatible for Editor in 6.21 ms, found 1 plugins.
Preloading 0 native plugins for Editor in 0.00 ms.
Unloading 50 Unused Serialized files (Serialized files now loaded: 0)
System memory in use before: 196.0 MB.
System memory in use after: 196.4 MB.

Unloading 49 unused Assets to reduce memory usage. Loaded Objects now: 5846.
Total: 4.675300 ms (FindLiveObjects: 0.357700 ms CreateObjectMapping: 0.116800 ms MarkObjects: 4.168700 ms  DeleteObjects: 0.031500 ms)

========================================================================
Received Import Request.
  Time since last request: 288.713735 seconds.
  path: Assets/03_Prefabs/NewUI/PanelBG.prefab
  artifactKey: Guid(e04bceb45c8d4f945b294b612b19ebca) Importer(815301076,1909f56bfc062723c751e8b465ee728b)
Start importing Assets/03_Prefabs/NewUI/PanelBG.prefab using Guid(e04bceb45c8d4f945b294b612b19ebca) Importer(815301076,1909f56bfc062723c751e8b465ee728b)  -> (artifact id: 'd0c5eda32b4e000efc0ed1badc46f81e') in 0.034317 seconds 
========================================================================
Received Import Request.
  Time since last request: 15.086598 seconds.
  path: Assets/03_Prefabs/NewUI/VolumeSlider.prefab
  artifactKey: Guid(9523066a948037a488f377658604584e) Importer(815301076,1909f56bfc062723c751e8b465ee728b)
Start importing Assets/03_Prefabs/NewUI/VolumeSlider.prefab using Guid(9523066a948037a488f377658604584e) Importer(815301076,1909f56bfc062723c751e8b465ee728b)  -> (artifact id: 'db7c9a539709408e4552ca44489d2bf8') in 0.016444 seconds 
========================================================================
Received Import Request.
  Time since last request: 0.621681 seconds.
  path: Assets/03_Prefabs/NewUI/PlayButton.prefab
  artifactKey: Guid(24d7b40b9c20fc44d8cd7482d593d430) Importer(815301076,1909f56bfc062723c751e8b465ee728b)
Start importing Assets/03_Prefabs/NewUI/PlayButton.prefab using Guid(24d7b40b9c20fc44d8cd7482d593d430) Importer(815301076,1909f56bfc062723c751e8b465ee728b)  -> (artifact id: '043ee5e9ea3379a68f36f90ccca497d1') in 0.041961 seconds 
========================================================================
Received Import Request.
  Time since last request: 83.552751 seconds.
  path: Assets/03_Prefabs/NewUI/PanelTitle.prefab
  artifactKey: Guid(41a12a6cb82aeb54d934acb3e800948f) Importer(815301076,1909f56bfc062723c751e8b465ee728b)
Start importing Assets/03_Prefabs/NewUI/PanelTitle.prefab using Guid(41a12a6cb82aeb54d934acb3e800948f) Importer(815301076,1909f56bfc062723c751e8b465ee728b)  -> (artifact id: '05902521e2a76905535a4d17d5f157b7') in 0.020020 seconds 
========================================================================
Received Import Request.
  Time since last request: 198.385242 seconds.
  path: Assets/04_Textures/NewUI/Rectangle 8.png
  artifactKey: Guid(a396b12e3b1f56c4f9cf0e380f28df21) Importer(815301076,1909f56bfc062723c751e8b465ee728b)
Start importing Assets/04_Textures/NewUI/Rectangle 8.png using Guid(a396b12e3b1f56c4f9cf0e380f28df21) Importer(815301076,1909f56bfc062723c751e8b465ee728b)  -> (artifact id: 'db6ca01572edad1ff2c5b4a7ccfbf144') in 0.029771 seconds 
========================================================================
Received Import Request.
  Time since last request: 772.777245 seconds.
  path: Assets/04_Textures/NewUI/Rectangle 7.png
  artifactKey: Guid(a1617664241160747ba3ded51b209606) Importer(815301076,1909f56bfc062723c751e8b465ee728b)
Start importing Assets/04_Textures/NewUI/Rectangle 7.png using Guid(a1617664241160747ba3ded51b209606) Importer(815301076,1909f56bfc062723c751e8b465ee728b)  -> (artifact id: '151a68afe41fbb2b3021752a4edf7842') in 0.018682 seconds 
========================================================================
Received Import Request.
  Time since last request: 259.743293 seconds.
  path: Assets/03_Prefabs/NewUI/SaveFilePrefab.prefab
  artifactKey: Guid(d57fde1cba7c7c94f9a2a0b45440dac5) Importer(815301076,1909f56bfc062723c751e8b465ee728b)
Start importing Assets/03_Prefabs/NewUI/SaveFilePrefab.prefab using Guid(d57fde1cba7c7c94f9a2a0b45440dac5) Importer(815301076,1909f56bfc062723c751e8b465ee728b)  -> (artifact id: 'eb60b72f141b2179b700afbd2a86e6cc') in 0.025268 seconds 
========================================================================
Received Prepare
Registering precompiled user dll's ...
Registered in 0.002710 seconds.
Begin MonoManager ReloadAssembly
Native extension for WindowsStandalone target not found
Refreshing native plugins compatible for Editor in 1.37 ms, found 1 plugins.
Preloading 0 native plugins for Editor in 0.00 ms.
Mono: successfully reloaded assembly
- Completed reload, in  0.840 seconds
Platform modules already initialized, skipping
Switching build target platform(19) subTarget(0) extendedPlatform(0) -> platform(13) subTarget(537395200) extendedPlatform(0)
Shader 'Universal Render Pipeline/Particles/Lit': fallback shader 'Universal Render Pipeline/Particles/SimpleLit' not found
Shader 'MoreMountains/MMRipple': fallback shader 'Particle/AlphaBlended' not found
Refreshing native plugins compatible for Editor in 1.42 ms, found 1 plugins.
Preloading 0 native plugins for Editor in 0.00 ms.
Unloading 5150 Unused Serialized files (Serialized files now loaded: 0)
System memory in use before: 297.6 MB.
System memory in use after: 298.0 MB.

Unloading 64 unused Assets to reduce memory usage. Loaded Objects now: 5883.
Total: 5.624100 ms (FindLiveObjects: 0.385300 ms CreateObjectMapping: 0.227400 ms MarkObjects: 4.975000 ms  DeleteObjects: 0.035800 ms)

AssetImportParameters requested are different than current active one (requested -> active):
  custom:graphics/normal-map-encoding: 01000000000000000000000000000000 -> 02000000000000000000000000000000
========================================================================
Received Prepare
Registering precompiled user dll's ...
Registered in 0.003093 seconds.
Begin MonoManager ReloadAssembly
Native extension for WindowsStandalone target not found
Refreshing native plugins compatible for Editor in 1.46 ms, found 1 plugins.
Preloading 0 native plugins for Editor in 0.00 ms.
Mono: successfully reloaded assembly
- Completed reload, in  0.866 seconds
Platform modules already initialized, skipping
Switching build target platform(19) subTarget(0) extendedPlatform(0) -> platform(13) subTarget(537395200) extendedPlatform(0)
Shader 'Universal Render Pipeline/Particles/Lit': fallback shader 'Universal Render Pipeline/Particles/SimpleLit' not found
Shader 'MoreMountains/MMRipple': fallback shader 'Particle/AlphaBlended' not found
Refreshing native plugins compatible for Editor in 1.35 ms, found 1 plugins.
Preloading 0 native plugins for Editor in 0.00 ms.
Unloading 5148 Unused Serialized files (Serialized files now loaded: 0)
System memory in use before: 297.5 MB.
System memory in use after: 298.0 MB.

Unloading 63 unused Assets to reduce memory usage. Loaded Objects now: 5885.
Total: 5.504200 ms (FindLiveObjects: 0.381900 ms CreateObjectMapping: 0.230400 ms MarkObjects: 4.857900 ms  DeleteObjects: 0.033600 ms)

AssetImportParameters requested are different than current active one (requested -> active):
  custom:graphics/normal-map-encoding: 01000000000000000000000000000000 -> 02000000000000000000000000000000
========================================================================
Received Prepare
Registering precompiled user dll's ...
Registered in 0.003799 seconds.
Begin MonoManager ReloadAssembly
Native extension for WindowsStandalone target not found
Refreshing native plugins compatible for Editor in 1.32 ms, found 1 plugins.
Preloading 0 native plugins for Editor in 0.00 ms.
Mono: successfully reloaded assembly
- Completed reload, in  0.837 seconds
Platform modules already initialized, skipping
Switching build target platform(19) subTarget(0) extendedPlatform(0) -> platform(13) subTarget(537395200) extendedPlatform(0)
Shader 'Universal Render Pipeline/Particles/Lit': fallback shader 'Universal Render Pipeline/Particles/SimpleLit' not found
Shader 'MoreMountains/MMRipple': fallback shader 'Particle/AlphaBlended' not found
Refreshing native plugins compatible for Editor in 1.38 ms, found 1 plugins.
Preloading 0 native plugins for Editor in 0.00 ms.
Unloading 5148 Unused Serialized files (Serialized files now loaded: 0)
System memory in use before: 297.5 MB.
System memory in use after: 298.0 MB.

Unloading 63 unused Assets to reduce memory usage. Loaded Objects now: 5887.
Total: 6.264800 ms (FindLiveObjects: 0.397300 ms CreateObjectMapping: 0.231800 ms MarkObjects: 5.601000 ms  DeleteObjects: 0.033900 ms)

AssetImportParameters requested are different than current active one (requested -> active):
  custom:graphics/normal-map-encoding: 01000000000000000000000000000000 -> 02000000000000000000000000000000
========================================================================
Received Prepare
Registering precompiled user dll's ...
Registered in 0.002726 seconds.
Begin MonoManager ReloadAssembly
Native extension for WindowsStandalone target not found
Refreshing native plugins compatible for Editor in 1.37 ms, found 1 plugins.
Preloading 0 native plugins for Editor in 0.00 ms.
Mono: successfully reloaded assembly
- Completed reload, in  0.829 seconds
Platform modules already initialized, skipping
Switching build target platform(19) subTarget(0) extendedPlatform(0) -> platform(13) subTarget(537395200) extendedPlatform(0)
Shader 'Universal Render Pipeline/Particles/Lit': fallback shader 'Universal Render Pipeline/Particles/SimpleLit' not found
Shader 'MoreMountains/MMRipple': fallback shader 'Particle/AlphaBlended' not found
Refreshing native plugins compatible for Editor in 1.36 ms, found 1 plugins.
Preloading 0 native plugins for Editor in 0.00 ms.
Unloading 5148 Unused Serialized files (Serialized files now loaded: 0)
System memory in use before: 297.5 MB.
System memory in use after: 298.0 MB.

Unloading 63 unused Assets to reduce memory usage. Loaded Objects now: 5889.
Total: 5.471700 ms (FindLiveObjects: 0.398000 ms CreateObjectMapping: 0.219100 ms MarkObjects: 4.822800 ms  DeleteObjects: 0.031200 ms)

AssetImportParameters requested are different than current active one (requested -> active):
  custom:graphics/normal-map-encoding: 01000000000000000000000000000000 -> 02000000000000000000000000000000
========================================================================
Received Prepare
Registering precompiled user dll's ...
Registered in 0.003251 seconds.
Begin MonoManager ReloadAssembly
Native extension for WindowsStandalone target not found
Refreshing native plugins compatible for Editor in 1.32 ms, found 1 plugins.
Preloading 0 native plugins for Editor in 0.00 ms.
Mono: successfully reloaded assembly
- Completed reload, in  0.857 seconds
Platform modules already initialized, skipping
Switching build target platform(19) subTarget(0) extendedPlatform(0) -> platform(13) subTarget(537395200) extendedPlatform(0)
Shader 'Universal Render Pipeline/Particles/Lit': fallback shader 'Universal Render Pipeline/Particles/SimpleLit' not found
Shader 'MoreMountains/MMRipple': fallback shader 'Particle/AlphaBlended' not found
Refreshing native plugins compatible for Editor in 1.30 ms, found 1 plugins.
Preloading 0 native plugins for Editor in 0.00 ms.
Unloading 5148 Unused Serialized files (Serialized files now loaded: 0)
System memory in use before: 297.5 MB.
System memory in use after: 298.0 MB.

Unloading 63 unused Assets to reduce memory usage. Loaded Objects now: 5891.
Total: 5.717700 ms (FindLiveObjects: 0.360900 ms CreateObjectMapping: 0.221600 ms MarkObjects: 5.097600 ms  DeleteObjects: 0.036800 ms)

AssetImportParameters requested are different than current active one (requested -> active):
  custom:graphics/normal-map-encoding: 01000000000000000000000000000000 -> 02000000000000000000000000000000
========================================================================
Received Prepare
Registering precompiled user dll's ...
Registered in 0.002781 seconds.
Begin MonoManager ReloadAssembly
Native extension for WindowsStandalone target not found
Refreshing native plugins compatible for Editor in 1.43 ms, found 1 plugins.
Preloading 0 native plugins for Editor in 0.00 ms.
Mono: successfully reloaded assembly
- Completed reload, in  0.852 seconds
Platform modules already initialized, skipping
Switching build target platform(19) subTarget(0) extendedPlatform(0) -> platform(13) subTarget(537395200) extendedPlatform(0)
Shader 'Universal Render Pipeline/Particles/Lit': fallback shader 'Universal Render Pipeline/Particles/SimpleLit' not found
Shader 'MoreMountains/MMRipple': fallback shader 'Particle/AlphaBlended' not found
Refreshing native plugins compatible for Editor in 1.31 ms, found 1 plugins.
Preloading 0 native plugins for Editor in 0.00 ms.
Unloading 5148 Unused Serialized files (Serialized files now loaded: 0)
System memory in use before: 297.6 MB.
System memory in use after: 298.0 MB.

Unloading 63 unused Assets to reduce memory usage. Loaded Objects now: 5893.
Total: 5.638300 ms (FindLiveObjects: 0.401900 ms CreateObjectMapping: 0.236300 ms MarkObjects: 4.964300 ms  DeleteObjects: 0.035000 ms)

AssetImportParameters requested are different than current active one (requested -> active):
  custom:graphics/normal-map-encoding: 01000000000000000000000000000000 -> 02000000000000000000000000000000
========================================================================
Received Prepare
Registering precompiled user dll's ...
Registered in 0.002721 seconds.
Begin MonoManager ReloadAssembly
Native extension for WindowsStandalone target not found
Refreshing native plugins compatible for Editor in 1.34 ms, found 1 plugins.
Preloading 0 native plugins for Editor in 0.00 ms.
Mono: successfully reloaded assembly
- Completed reload, in  0.870 seconds
Platform modules already initialized, skipping
Switching build target platform(19) subTarget(0) extendedPlatform(0) -> platform(13) subTarget(537395200) extendedPlatform(0)
Shader 'Universal Render Pipeline/Particles/Lit': fallback shader 'Universal Render Pipeline/Particles/SimpleLit' not found
Shader 'MoreMountains/MMRipple': fallback shader 'Particle/AlphaBlended' not found
Refreshing native plugins compatible for Editor in 1.34 ms, found 1 plugins.
Preloading 0 native plugins for Editor in 0.00 ms.
Unloading 5148 Unused Serialized files (Serialized files now loaded: 0)
System memory in use before: 297.6 MB.
System memory in use after: 298.0 MB.

Unloading 63 unused Assets to reduce memory usage. Loaded Objects now: 5895.
Total: 5.620200 ms (FindLiveObjects: 0.375400 ms CreateObjectMapping: 0.218900 ms MarkObjects: 4.988500 ms  DeleteObjects: 0.036600 ms)

AssetImportParameters requested are different than current active one (requested -> active):
  custom:graphics/normal-map-encoding: 01000000000000000000000000000000 -> 02000000000000000000000000000000
========================================================================
Received Prepare
Registering precompiled user dll's ...
Registered in 0.002933 seconds.
Begin MonoManager ReloadAssembly
Native extension for WindowsStandalone target not found
Refreshing native plugins compatible for Editor in 1.44 ms, found 1 plugins.
Preloading 0 native plugins for Editor in 0.00 ms.
Mono: successfully reloaded assembly
- Completed reload, in  0.881 seconds
Platform modules already initialized, skipping
Switching build target platform(19) subTarget(0) extendedPlatform(0) -> platform(13) subTarget(537395200) extendedPlatform(0)
Shader 'Universal Render Pipeline/Particles/Lit': fallback shader 'Universal Render Pipeline/Particles/SimpleLit' not found
Shader 'MoreMountains/MMRipple': fallback shader 'Particle/AlphaBlended' not found
Refreshing native plugins compatible for Editor in 1.44 ms, found 1 plugins.
Preloading 0 native plugins for Editor in 0.00 ms.
Unloading 5148 Unused Serialized files (Serialized files now loaded: 0)
System memory in use before: 297.6 MB.
System memory in use after: 298.0 MB.

Unloading 63 unused Assets to reduce memory usage. Loaded Objects now: 5897.
Total: 5.463000 ms (FindLiveObjects: 0.384800 ms CreateObjectMapping: 0.220500 ms MarkObjects: 4.823300 ms  DeleteObjects: 0.033700 ms)

AssetImportParameters requested are different than current active one (requested -> active):
  custom:graphics/normal-map-encoding: 01000000000000000000000000000000 -> 02000000000000000000000000000000
========================================================================
Received Prepare
Registering precompiled user dll's ...
Registered in 0.002814 seconds.
Begin MonoManager ReloadAssembly
Native extension for WindowsStandalone target not found
Refreshing native plugins compatible for Editor in 1.34 ms, found 1 plugins.
Preloading 0 native plugins for Editor in 0.00 ms.
Mono: successfully reloaded assembly
- Completed reload, in  0.839 seconds
Platform modules already initialized, skipping
Switching build target platform(19) subTarget(0) extendedPlatform(0) -> platform(13) subTarget(537395200) extendedPlatform(0)
Shader 'Universal Render Pipeline/Particles/Lit': fallback shader 'Universal Render Pipeline/Particles/SimpleLit' not found
Shader 'MoreMountains/MMRipple': fallback shader 'Particle/AlphaBlended' not found
Refreshing native plugins compatible for Editor in 1.33 ms, found 1 plugins.
Preloading 0 native plugins for Editor in 0.00 ms.
Unloading 5148 Unused Serialized files (Serialized files now loaded: 0)
System memory in use before: 297.6 MB.
System memory in use after: 298.0 MB.

Unloading 63 unused Assets to reduce memory usage. Loaded Objects now: 5899.
Total: 5.416100 ms (FindLiveObjects: 0.293100 ms CreateObjectMapping: 0.181600 ms MarkObjects: 4.906700 ms  DeleteObjects: 0.033900 ms)

AssetImportParameters requested are different than current active one (requested -> active):
  custom:graphics/normal-map-encoding: 01000000000000000000000000000000 -> 02000000000000000000000000000000
========================================================================
Received Prepare
Registering precompiled user dll's ...
Registered in 0.002527 seconds.
Begin MonoManager ReloadAssembly
Native extension for WindowsStandalone target not found
Refreshing native plugins compatible for Editor in 1.33 ms, found 1 plugins.
Preloading 0 native plugins for Editor in 0.00 ms.
Mono: successfully reloaded assembly
- Completed reload, in  0.847 seconds
Platform modules already initialized, skipping
Switching build target platform(19) subTarget(0) extendedPlatform(0) -> platform(13) subTarget(537395200) extendedPlatform(0)
Shader 'Universal Render Pipeline/Particles/Lit': fallback shader 'Universal Render Pipeline/Particles/SimpleLit' not found
Shader 'MoreMountains/MMRipple': fallback shader 'Particle/AlphaBlended' not found
Refreshing native plugins compatible for Editor in 1.32 ms, found 1 plugins.
Preloading 0 native plugins for Editor in 0.00 ms.
Unloading 5148 Unused Serialized files (Serialized files now loaded: 0)
System memory in use before: 297.6 MB.
System memory in use after: 298.0 MB.

Unloading 63 unused Assets to reduce memory usage. Loaded Objects now: 5901.
Total: 5.276300 ms (FindLiveObjects: 0.381800 ms CreateObjectMapping: 0.140400 ms MarkObjects: 4.718800 ms  DeleteObjects: 0.034400 ms)

AssetImportParameters requested are different than current active one (requested -> active):
  custom:graphics/normal-map-encoding: 01000000000000000000000000000000 -> 02000000000000000000000000000000
========================================================================
Received Prepare
Shader 'Universal Render Pipeline/Particles/Lit': fallback shader 'Universal Render Pipeline/Particles/SimpleLit' not found
Shader 'MoreMountains/MMRipple': fallback shader 'Particle/AlphaBlended' not found
Refreshing native plugins compatible for Editor in 6.36 ms, found 1 plugins.
Preloading 0 native plugins for Editor in 0.00 ms.
Unloading 50 Unused Serialized files (Serialized files now loaded: 0)
System memory in use before: 196.9 MB.
System memory in use after: 197.4 MB.

Unloading 49 unused Assets to reduce memory usage. Loaded Objects now: 5901.
Total: 5.151200 ms (FindLiveObjects: 0.399800 ms CreateObjectMapping: 0.219300 ms MarkObjects: 4.494400 ms  DeleteObjects: 0.037000 ms)

