Unity Editor version:    2021.3.32f1 (3b9dae9532f5)
Branch:                  2021.3/staging
Build type:              Release
Batch mode:              YES
macOS version:           Version 14.1.1 (Build 23B2082)
Darwin version:          23.1.0
Architecture:            arm64
Running under Rosetta:   NO
Available memory:        18432 MB
Using pre-set license
Pro License: YES

COMMAND LINE ARGUMENTS:
/Applications/Unity/Hub/Editor/2021.3.32f1/Unity.app/Contents/MacOS/Unity
-adb2
-batchMode
-noUpm
-name
AssetImportWorker24
-projectPath
/Users/daniel/Documents/fe-kingdom-mobile/trunk/FireEmblemMobile/FireEmblemMobileUnityProject
-logFile
Logs/AssetImportWorker24.log
-srvPort
49287
Successfully changed project path to: /Users/daniel/Documents/fe-kingdom-mobile/trunk/FireEmblemMobile/FireEmblemMobileUnityProject
/Users/daniel/Documents/fe-kingdom-mobile/trunk/FireEmblemMobile/FireEmblemMobileUnityProject
[UnityMemory] Configuration Parameters - Can be set up in boot.config
    "memorysetup-bucket-allocator-granularity=16"
    "memorysetup-bucket-allocator-bucket-count=8"
    "memorysetup-bucket-allocator-block-size=33554432"
    "memorysetup-bucket-allocator-block-count=8"
    "memorysetup-main-allocator-block-size=16777216"
    "memorysetup-thread-allocator-block-size=16777216"
    "memorysetup-gfx-main-allocator-block-size=16777216"
    "memorysetup-gfx-thread-allocator-block-size=16777216"
    "memorysetup-cache-allocator-block-size=4194304"
    "memorysetup-typetree-allocator-block-size=2097152"
    "memorysetup-profiler-bucket-allocator-granularity=16"
    "memorysetup-profiler-bucket-allocator-bucket-count=8"
    "memorysetup-profiler-bucket-allocator-block-size=33554432"
    "memorysetup-profiler-bucket-allocator-block-count=8"
    "memorysetup-profiler-allocator-block-size=16777216"
    "memorysetup-profiler-editor-allocator-block-size=1048576"
    "memorysetup-temp-allocator-size-main=16777216"
    "memorysetup-job-temp-allocator-block-size=2097152"
    "memorysetup-job-temp-allocator-block-size-background=1048576"
    "memorysetup-job-temp-allocator-reduction-small-platforms=262144"
    "memorysetup-temp-allocator-size-background-worker=32768"
    "memorysetup-temp-allocator-size-job-worker=262144"
    "memorysetup-temp-allocator-size-preload-manager=33554432"
    "memorysetup-temp-allocator-size-nav-mesh-worker=65536"
    "memorysetup-temp-allocator-size-audio-worker=65536"
    "memorysetup-temp-allocator-size-cloud-worker=32768"
    "memorysetup-temp-allocator-size-gi-baking-worker=262144"
    "memorysetup-temp-allocator-size-gfx=262144"
Player connection [8035589824] Host "[IP] 192.168.0.2 [Port] 0 [Flags] 2 [Guid] 4231647133 [EditorId] 4231647133 [Version] 1048832 [Id] OSXEditor(0,Daniels-MacBook-Pro.local) [Debug] 1 [PackageName] OSXEditor [ProjectName] Editor" joined multi-casting on [225.0.0.222:54997]...

Player connection [8035589824] Host "[IP] 192.168.0.2 [Port] 0 [Flags] 2 [Guid] 4231647133 [EditorId] 4231647133 [Version] 1048832 [Id] OSXEditor(0,Daniels-MacBook-Pro.local) [Debug] 1 [PackageName] OSXEditor [ProjectName] Editor" joined alternative multi-casting on [225.0.0.222:34997]...

[Physics::Module] Initialized MultithreadedJobDispatcher with {0} workers.
Refreshing native plugins compatible for Editor in 156.48 ms, found 2 plugins.
Preloading 1 native plugins for Editor in 1.03 ms.
Initialize engine version: 2021.3.32f1 (3b9dae9532f5)
[Subsystems] Discovering subsystems at path /Applications/Unity/Hub/Editor/2021.3.32f1/Unity.app/Contents/Resources/UnitySubsystems
[Subsystems] Discovering subsystems at path /Users/daniel/Documents/fe-kingdom-mobile/trunk/FireEmblemMobile/FireEmblemMobileUnityProject/Assets
GfxDevice: creating device client; threaded=0; jobified=0
 preferred device: Apple M3 Pro (high power)
Metal devices available: 1
0: Apple M3 Pro (high power)
Using device Apple M3 Pro (high power)
Initializing Metal device caps: Apple M3 Pro
Shader 'CartoonCoffee/Particle Basic': fallback shader '2' not found
Shader 'CartoonCoffee/Particle Additive': fallback shader '2' not found
Shader 'MoreMountains/MMRipple': fallback shader 'Particle/AlphaBlended' not found
Initialize mono
Mono path[0] = '/Applications/Unity/Hub/Editor/2021.3.32f1/Unity.app/Contents/Managed'
Mono path[1] = '/Applications/Unity/Hub/Editor/2021.3.32f1/Unity.app/Contents/MonoBleedingEdge/lib/mono/unityjit-macos'
Mono config path = '/Applications/Unity/Hub/Editor/2021.3.32f1/Unity.app/Contents/MonoBleedingEdge/etc'
Using monoOptions --debugger-agent=transport=dt_socket,embedding=1,server=y,suspend=n,address=127.0.0.1:56851
Begin MonoManager ReloadAssembly
Registering precompiled unity dll's ...
Register platform support module: /Applications/Unity/Hub/Editor/2021.3.32f1/Unity.app/Contents/PlaybackEngines/MacStandaloneSupport/UnityEditor.OSXStandalone.Extensions.dll
Register platform support module: /Applications/Unity/Hub/Editor/2021.3.32f1/PlaybackEngines/AndroidPlayer/UnityEditor.Android.Extensions.dll
Register platform support module: /Applications/Unity/Hub/Editor/2021.3.32f1/PlaybackEngines/iOSSupport/UnityEditor.iOS.Extensions.dll
Registered in 0.001598 seconds.
[usbmuxd] Start listen thread
[usbmuxd] Listen thread started
[usbmuxd] Send listen message
Native extension for iOS target not found
Native extension for Android target not found
Android Extension - Scanning For ADB Devices 325 ms
Native extension for OSXStandalone target not found
Refreshing native plugins compatible for Editor in 122.63 ms, found 2 plugins.
Preloading 1 native plugins for Editor in 0.18 ms.
Mono: successfully reloaded assembly
- Completed reload, in  0.795 seconds
Domain Reload Profiling:
	ReloadAssembly (795ms)
		BeginReloadAssembly (58ms)
			ExecutionOrderSort (0ms)
			DisableScriptedObjects (0ms)
			BackupInstance (0ms)
			ReleaseScriptingObjects (0ms)
			CreateAndSetChildDomain (0ms)
		EndReloadAssembly (693ms)
			LoadAssemblies (59ms)
			RebuildTransferFunctionScriptingTraits (0ms)
			SetupTypeCache (59ms)
			ReleaseScriptCaches (0ms)
			RebuildScriptCaches (15ms)
			SetupLoadedEditorAssemblies (597ms)
				LogAssemblyErrors (0ms)
				InitializePlatformSupportModulesInManaged (423ms)
				SetLoadedEditorAssemblies (0ms)
				RefreshPlugins (123ms)
				BeforeProcessingInitializeOnLoad (1ms)
				ProcessInitializeOnLoadAttributes (32ms)
				ProcessInitializeOnLoadMethodAttributes (18ms)
				AfterProcessingInitializeOnLoad (0ms)
				EditorAssembliesLoaded (0ms)
			ExecutionOrderSort2 (0ms)
			AwakeInstancesAfterBackupRestoration (0ms)
Platform modules already initialized, skipping
Registering precompiled user dll's ...
Registered in 0.007292 seconds.
Begin MonoManager ReloadAssembly
Symbol file LoadedFromMemory is not a mono symbol file
Native extension for iOS target not found
Native extension for Android target not found
Native extension for OSXStandalone target not found
Refreshing native plugins compatible for Editor in 132.00 ms, found 2 plugins.
Preloading 1 native plugins for Editor in 0.18 ms.
Package Manager log level set to [2]
[Package Manager] Server::EnsureServerProcessIsRunning -- launch failed, reason: Unity was launched with the -noUpm command-line argument
[Package Manager] Cannot connect to Unity Package Manager local server
Mono: successfully reloaded assembly
- Completed reload, in  1.260 seconds
Domain Reload Profiling:
	ReloadAssembly (1260ms)
		BeginReloadAssembly (55ms)
			ExecutionOrderSort (0ms)
			DisableScriptedObjects (3ms)
			BackupInstance (0ms)
			ReleaseScriptingObjects (0ms)
			CreateAndSetChildDomain (16ms)
		EndReloadAssembly (1152ms)
			LoadAssemblies (97ms)
			RebuildTransferFunctionScriptingTraits (0ms)
			SetupTypeCache (200ms)
			ReleaseScriptCaches (1ms)
			RebuildScriptCaches (62ms)
			SetupLoadedEditorAssemblies (755ms)
				LogAssemblyErrors (0ms)
				InitializePlatformSupportModulesInManaged (14ms)
				SetLoadedEditorAssemblies (0ms)
				RefreshPlugins (132ms)
				BeforeProcessingInitializeOnLoad (59ms)
				ProcessInitializeOnLoadAttributes (456ms)
				ProcessInitializeOnLoadMethodAttributes (92ms)
				AfterProcessingInitializeOnLoad (1ms)
				EditorAssembliesLoaded (0ms)
			ExecutionOrderSort2 (0ms)
			AwakeInstancesAfterBackupRestoration (2ms)
Platform modules already initialized, skipping
========================================================================
Worker process is ready to serve import requests
Shader 'MoreMountains/MMRipple': fallback shader 'Particle/AlphaBlended' not found
Shader 'CartoonCoffee/Particle Basic': fallback shader '2' not found
Shader 'CartoonCoffee/Particle Additive': fallback shader '2' not found
Launching external process: /Applications/Unity/Hub/Editor/2021.3.32f1/Unity.app/Contents/Tools/UnityShaderCompiler
Launched and connected shader compiler UnityShaderCompiler after 0.12 seconds
Refreshing native plugins compatible for Editor in 1.19 ms, found 2 plugins.
Preloading 1 native plugins for Editor in 0.15 ms.
Unloading 6761 Unused Serialized files (Serialized files now loaded: 0)
Unloading 102 unused Assets / (2.1 MB). Loaded Objects now: 7263.
Memory consumption went from 363.0 MB to 360.9 MB.
Total: 5.236917 ms (FindLiveObjects: 0.178417 ms CreateObjectMapping: 0.060750 ms MarkObjects: 4.559333 ms  DeleteObjects: 0.438042 ms)

AssetImportParameters requested are different than current active one (requested -> active):
  custom:video-decoder-ogg-theora: a1e56fd34408186e4bbccfd4996cb3dc -> 
  custom:container-muxer-webm: aa71ff27fc2769a1b78a27578f13a17b -> 
  custom:container-demuxer-webm: 4f35f7cbe854078d1ac9338744f61a02 -> 
  custom:video-encoder-webm-vp8: eb34c28f22e8b96e1ab97ce403110664 -> 
  custom:framework-osx-AVFoundation: e770b220cccbd017edd2c1fefb359320 -> 
  custom:CustomObjectIndexerAttribute: f67f22312cbe972f2da930a377ed3d15 -> 
  custom:audio-encoder-webm-vorbis: bf7c407c2cedff20999df2af8eb42d56 -> 
  custom:SearchIndexIgnoredProperties: e643bd26f0fe6173181afceb89e7c659 -> 
  custom:container-demuxer-ogg: 62fdf1f143b41e24485cea50d1cbac27 -> 
  custom:video-decoder-webm-vp8: 9c59270c3fd7afecdb556c50c9e8de78 -> 
  custom:audio-decoder-ogg-vorbis: bf7c407c2cedff20999df2af8eb42d56 -> 
========================================================================
Received Import Request.
  Time since last request: 116285.907317 seconds.
  path: Assets/JMO Assets/Cartoon FX (legacy)/Materials/Light/CFX4_Glow AB+Add Red.mat
  artifactKey: Guid(2e033526472a3a94395ea486ab4749db) Importer(815301076,1909f56bfc062723c751e8b465ee728b)
Number of updated assets reloaded before import = 0
Start importing Assets/JMO Assets/Cartoon FX (legacy)/Materials/Light/CFX4_Glow AB+Add Red.mat using Guid(2e033526472a3a94395ea486ab4749db) Importer(815301076,1909f56bfc062723c751e8b465ee728b)  -> (artifact id: '65797297479d6116cd661eef1e9bbd6d') in 0.792540 seconds 
Number of asset objects unloaded after import = 14
========================================================================
Received Import Request.
  Time since last request: 0.851754 seconds.
  path: Assets/JMO Assets/Cartoon FX (legacy)/Materials (Mobile)/Light/CFXM3_GlowSpike ADD.mat
  artifactKey: Guid(0a32c42115c5e4d418c034afced866a7) Importer(815301076,1909f56bfc062723c751e8b465ee728b)
Number of updated assets reloaded before import = 0
Start importing Assets/JMO Assets/Cartoon FX (legacy)/Materials (Mobile)/Light/CFXM3_GlowSpike ADD.mat using Guid(0a32c42115c5e4d418c034afced866a7) Importer(815301076,1909f56bfc062723c751e8b465ee728b)  -> (artifact id: '96ed9b6d8f5dff3d8e94e8356f047ffd') in 0.024410 seconds 
Number of asset objects unloaded after import = 3
========================================================================
Received Import Request.
  Time since last request: 0.070066 seconds.
  path: Assets/JMO Assets/Cartoon FX (legacy)/CFX3 Prefabs (Mobile)/Light/Color Variants/CFXM3_LightGlow_A_Air (Blue).prefab
  artifactKey: Guid(dfab7bc700cbeea4db84e813ed8f4f92) Importer(815301076,1909f56bfc062723c751e8b465ee728b)
Number of updated assets reloaded before import = 0
Start importing Assets/JMO Assets/Cartoon FX (legacy)/CFX3 Prefabs (Mobile)/Light/Color Variants/CFXM3_LightGlow_A_Air (Blue).prefab using Guid(dfab7bc700cbeea4db84e813ed8f4f92) Importer(815301076,1909f56bfc062723c751e8b465ee728b)  -> (artifact id: '977ff8086dea495f176e7b26f5815e3c') in 0.031577 seconds 
Number of asset objects unloaded after import = 21
========================================================================
Received Import Request.
  Time since last request: 0.042428 seconds.
  path: Assets/JMO Assets/Cartoon FX (legacy)/CFX3 Prefabs (Mobile)/Light/CFXM3_LightGlow_A_Ground.prefab
  artifactKey: Guid(f5975161d1f274f4084bbbf778656d92) Importer(815301076,1909f56bfc062723c751e8b465ee728b)
Number of updated assets reloaded before import = 0
Start importing Assets/JMO Assets/Cartoon FX (legacy)/CFX3 Prefabs (Mobile)/Light/CFXM3_LightGlow_A_Ground.prefab using Guid(f5975161d1f274f4084bbbf778656d92) Importer(815301076,1909f56bfc062723c751e8b465ee728b)  -> (artifact id: '872d5bbab3eda731b0328d3965063c35') in 0.005332 seconds 
Number of asset objects unloaded after import = 21
========================================================================
Received Import Request.
  Time since last request: 0.201031 seconds.
  path: Assets/JMO Assets/Cartoon FX (legacy)/CFX3 Prefabs (Mobile)/Light/Color Variants/CFXM3_LightGlow_A_Ground (Orange).prefab
  artifactKey: Guid(a8439552578be8e4b8dbcc398bf57b48) Importer(815301076,1909f56bfc062723c751e8b465ee728b)
Number of updated assets reloaded before import = 0
Start importing Assets/JMO Assets/Cartoon FX (legacy)/CFX3 Prefabs (Mobile)/Light/Color Variants/CFXM3_LightGlow_A_Ground (Orange).prefab using Guid(a8439552578be8e4b8dbcc398bf57b48) Importer(815301076,1909f56bfc062723c751e8b465ee728b)  -> (artifact id: '4f6fe5125e7c0fec503447617fb3520a') in 0.005400 seconds 
Number of asset objects unloaded after import = 21
========================================================================
Received Import Request.
  Time since last request: 0.033891 seconds.
  path: Assets/JMO Assets/Cartoon FX (legacy)/CFX3 Prefabs (Mobile)/Light/Color Variants/CFXM3_LightGlow_B_Air (Green).prefab
  artifactKey: Guid(3f7d30388d6d6364697aa6d41dd7ea60) Importer(815301076,1909f56bfc062723c751e8b465ee728b)
Number of updated assets reloaded before import = 0
Start importing Assets/JMO Assets/Cartoon FX (legacy)/CFX3 Prefabs (Mobile)/Light/Color Variants/CFXM3_LightGlow_B_Air (Green).prefab using Guid(3f7d30388d6d6364697aa6d41dd7ea60) Importer(815301076,1909f56bfc062723c751e8b465ee728b)  -> (artifact id: '3d8a66320c6b30943e1866b706c8dba1') in 0.005900 seconds 
Number of asset objects unloaded after import = 21
========================================================================
Received Import Request.
  Time since last request: 0.027542 seconds.
  path: Assets/JMO Assets/Cartoon FX (legacy)/CFX3 Prefabs (Mobile)/Light/Color Variants/CFXM3_LightGlow_B_Ground (Blue).prefab
  artifactKey: Guid(8293e3bf91c594d45936c7d358edfdec) Importer(815301076,1909f56bfc062723c751e8b465ee728b)
Number of updated assets reloaded before import = 0
Start importing Assets/JMO Assets/Cartoon FX (legacy)/CFX3 Prefabs (Mobile)/Light/Color Variants/CFXM3_LightGlow_B_Ground (Blue).prefab using Guid(8293e3bf91c594d45936c7d358edfdec) Importer(815301076,1909f56bfc062723c751e8b465ee728b)  -> (artifact id: '100faf1d4294bd1734238ab6848dd6f8') in 0.005353 seconds 
Number of asset objects unloaded after import = 21
========================================================================
Received Import Request.
  Time since last request: 0.026648 seconds.
  path: Assets/JMO Assets/Cartoon FX (legacy)/CFX3 Prefabs (Mobile)/Light/CFXM3_LightGlow_C_Air.prefab
  artifactKey: Guid(a782388c66d48aa4890ba4d20cd648c8) Importer(815301076,1909f56bfc062723c751e8b465ee728b)
Number of updated assets reloaded before import = 0
Start importing Assets/JMO Assets/Cartoon FX (legacy)/CFX3 Prefabs (Mobile)/Light/CFXM3_LightGlow_C_Air.prefab using Guid(a782388c66d48aa4890ba4d20cd648c8) Importer(815301076,1909f56bfc062723c751e8b465ee728b)  -> (artifact id: 'a6a73af08f03eeef239425cc3186e2f8') in 0.005180 seconds 
Number of asset objects unloaded after import = 19
========================================================================
Received Import Request.
  Time since last request: 0.000037 seconds.
  path: Assets/JMO Assets/Cartoon FX (legacy)/CFX3 Prefabs (Mobile)/Light/Color Variants/CFXM3_LightGlow_C_Air (Green).prefab
  artifactKey: Guid(e1b344384cdc5194382161dc51934f68) Importer(815301076,1909f56bfc062723c751e8b465ee728b)
Number of updated assets reloaded before import = 0
Start importing Assets/JMO Assets/Cartoon FX (legacy)/CFX3 Prefabs (Mobile)/Light/Color Variants/CFXM3_LightGlow_C_Air (Green).prefab using Guid(e1b344384cdc5194382161dc51934f68) Importer(815301076,1909f56bfc062723c751e8b465ee728b)  -> (artifact id: '096b13e1c3683c32b2fb97c63372f45d') in 0.005447 seconds 
Number of asset objects unloaded after import = 19
========================================================================
Received Import Request.
  Time since last request: 0.050037 seconds.
  path: Assets/JMO Assets/Cartoon FX (legacy)/Materials (Mobile)/Light/CFXM4_Glow AB+Add Red.mat
  artifactKey: Guid(b1ae2357cae40af43951c80cdfe6e728) Importer(815301076,1909f56bfc062723c751e8b465ee728b)
Number of updated assets reloaded before import = 0
Start importing Assets/JMO Assets/Cartoon FX (legacy)/Materials (Mobile)/Light/CFXM4_Glow AB+Add Red.mat using Guid(b1ae2357cae40af43951c80cdfe6e728) Importer(815301076,1909f56bfc062723c751e8b465ee728b)  -> (artifact id: 'f34cb4e5c9f8b653141b35de47c21763') in 0.005514 seconds 
Number of asset objects unloaded after import = 4
========================================================================
Received Import Request.
  Time since last request: 0.023215 seconds.
  path: Assets/JMO Assets/Cartoon FX (legacy)/Materials (Mobile)/Light/CFXM4_GlowDot AB+AddSoft VColor.mat
  artifactKey: Guid(8300efe5a6c8c014fba955fbf07c5d98) Importer(815301076,1909f56bfc062723c751e8b465ee728b)
Number of updated assets reloaded before import = 0
Start importing Assets/JMO Assets/Cartoon FX (legacy)/Materials (Mobile)/Light/CFXM4_GlowDot AB+AddSoft VColor.mat using Guid(8300efe5a6c8c014fba955fbf07c5d98) Importer(815301076,1909f56bfc062723c751e8b465ee728b)  -> (artifact id: '1c589f40c6fab67e03bff4a6a1f16576') in 0.008788 seconds 
Number of asset objects unloaded after import = 4
========================================================================
Received Import Request.
  Time since last request: 0.013328 seconds.
  path: Assets/JMO Assets/Cartoon FX (legacy)/Materials (Mobile)/Light/CFXM4_GlowStar AB+Add VColor.mat
  artifactKey: Guid(47a0edac84ae53847af23cb854fabffe) Importer(815301076,1909f56bfc062723c751e8b465ee728b)
Number of updated assets reloaded before import = 0
Start importing Assets/JMO Assets/Cartoon FX (legacy)/Materials (Mobile)/Light/CFXM4_GlowStar AB+Add VColor.mat using Guid(47a0edac84ae53847af23cb854fabffe) Importer(815301076,1909f56bfc062723c751e8b465ee728b)  -> (artifact id: 'd9a4956f7d260207cf59aa40d8bcd001') in 0.005058 seconds 
Number of asset objects unloaded after import = 4
========================================================================
Received Import Request.
  Time since last request: 0.973308 seconds.
  path: Assets/JMO Assets/Cartoon FX Remaster/CFXR Prefabs/Impacts/Variants/CFXR Impact Glowing Cross HDR (Green).prefab
  artifactKey: Guid(a978c77dae1016c4ba03ef2803d49eae) Importer(815301076,1909f56bfc062723c751e8b465ee728b)
Number of updated assets reloaded before import = 0
Start importing Assets/JMO Assets/Cartoon FX Remaster/CFXR Prefabs/Impacts/Variants/CFXR Impact Glowing Cross HDR (Green).prefab using Guid(a978c77dae1016c4ba03ef2803d49eae) Importer(815301076,1909f56bfc062723c751e8b465ee728b)  -> (artifact id: 'd94a4ae50676824971436d2ce11df5c6') in 0.046748 seconds 
Number of asset objects unloaded after import = 92
========================================================================
Received Import Request.
  Time since last request: 0.000039 seconds.
  path: Assets/JMO Assets/Cartoon FX Remaster/CFXR Prefabs/Impacts/Variants/CFXR Impact Glowing HDR (Green, No Flare).prefab
  artifactKey: Guid(3525de7394cea474c968d42607a0e80f) Importer(815301076,1909f56bfc062723c751e8b465ee728b)
Number of updated assets reloaded before import = 0
Start importing Assets/JMO Assets/Cartoon FX Remaster/CFXR Prefabs/Impacts/Variants/CFXR Impact Glowing HDR (Green, No Flare).prefab using Guid(3525de7394cea474c968d42607a0e80f) Importer(815301076,1909f56bfc062723c751e8b465ee728b)  -> (artifact id: 'f6a15054b1e3c9d300e72012318ebfc8') in 0.009864 seconds 
Number of asset objects unloaded after import = 54
========================================================================
Received Import Request.
  Time since last request: 0.119514 seconds.
  path: Assets/JMO Assets/Cartoon FX Remaster/CFXR Assets/Graphics/cfxr proc glow soft add.mat
  artifactKey: Guid(8d244b42458199344aaea0c6c77cbb90) Importer(815301076,1909f56bfc062723c751e8b465ee728b)
Number of updated assets reloaded before import = 0
Start importing Assets/JMO Assets/Cartoon FX Remaster/CFXR Assets/Graphics/cfxr proc glow soft add.mat using Guid(8d244b42458199344aaea0c6c77cbb90) Importer(815301076,1909f56bfc062723c751e8b465ee728b)  -> (artifact id: 'a8cc3408b6573f74e9d2a85ae0d5368c') in 0.012958 seconds 
Number of asset objects unloaded after import = 2
========================================================================
Received Import Request.
  Time since last request: 0.048484 seconds.
  path: Assets/JMO Assets/Cartoon FX Remaster/CFXR Assets/Graphics/cfxr proc glow soft hdr p4 add.mat
  artifactKey: Guid(c9a8501c60f73c14c9c50a72b1af44b4) Importer(815301076,1909f56bfc062723c751e8b465ee728b)
Number of updated assets reloaded before import = 0
Start importing Assets/JMO Assets/Cartoon FX Remaster/CFXR Assets/Graphics/cfxr proc glow soft hdr p4 add.mat using Guid(c9a8501c60f73c14c9c50a72b1af44b4) Importer(815301076,1909f56bfc062723c751e8b465ee728b)  -> (artifact id: '33415140691a0bd2ec201d39bc34e442') in 0.009689 seconds 
Number of asset objects unloaded after import = 2
========================================================================
Received Import Request.
  Time since last request: 0.169573 seconds.
  path: Assets/JMO Assets/Cartoon FX Remaster/CFXR Assets/Graphics/cfxr proc glow soft invert add nosp.mat
  artifactKey: Guid(9e1ad496c3904bd4085bb4f0a5db972d) Importer(815301076,1909f56bfc062723c751e8b465ee728b)
Number of updated assets reloaded before import = 0
Start importing Assets/JMO Assets/Cartoon FX Remaster/CFXR Assets/Graphics/cfxr proc glow soft invert add nosp.mat using Guid(9e1ad496c3904bd4085bb4f0a5db972d) Importer(815301076,1909f56bfc062723c751e8b465ee728b)  -> (artifact id: '29225f6f8d9338cce8508244755e1eff') in 0.009255 seconds 
Number of asset objects unloaded after import = 2
========================================================================
Received Import Request.
  Time since last request: 0.062336 seconds.
  path: Assets/JMO Assets/Cartoon FX Remaster/CFXR Assets/Graphics/cfxr proc glow soft p4 add.mat
  artifactKey: Guid(a79d1a32a9adbbf4a9791a6dfb84f5fb) Importer(815301076,1909f56bfc062723c751e8b465ee728b)
Number of updated assets reloaded before import = 0
Start importing Assets/JMO Assets/Cartoon FX Remaster/CFXR Assets/Graphics/cfxr proc glow soft p4 add.mat using Guid(a79d1a32a9adbbf4a9791a6dfb84f5fb) Importer(815301076,1909f56bfc062723c751e8b465ee728b)  -> (artifact id: '16608e3ffb18478532f30fd5b198db8e') in 0.016417 seconds 
Number of asset objects unloaded after import = 2
========================================================================
Received Import Request.
  Time since last request: 28.048905 seconds.
  path: Assets/JMO Assets/Cartoon FX Remaster/CFXR Assets/Graphics/cfxr electric arcs fade x4 hdr ab.mat
  artifactKey: Guid(df4afccabf3812f4eb84570337f5bcd3) Importer(815301076,1909f56bfc062723c751e8b465ee728b)
Number of updated assets reloaded before import = 0
Start importing Assets/JMO Assets/Cartoon FX Remaster/CFXR Assets/Graphics/cfxr electric arcs fade x4 hdr ab.mat using Guid(df4afccabf3812f4eb84570337f5bcd3) Importer(815301076,1909f56bfc062723c751e8b465ee728b)  -> (artifact id: '74b390524ad411a6440993a80e23fcaa') in 0.095045 seconds 
Number of asset objects unloaded after import = 3
Editor requested this worker to shutdown with reason: Scaling down because of idle timeout
AssetImportWorker is now disconnected from the server
Process exiting
