Using pre-set license
Built from '2021.3/staging' branch; Version is '2021.3.31f1 (3409e2af086f) revision 3410402'; Using compiler version '192829333'; Build Type 'Release'
OS: 'Windows 11  (10.0.22621) 64bit Core' Language: 'de' Physical Memory: 32671 MB
BatchMode: 1, IsHumanControllingUs: 0, StartBugReporterOnCrash: 0, Is64bit: 1, IsPro: 1

COMMAND LINE ARGUMENTS:
C:\Program Files\Unity\Hub\Editor\2021.3.31f1\Editor\Unity.exe
-adb2
-batchMode
-noUpm
-name
AssetImportWorker34
-projectPath
D:/Projects/fe-kingdom-mobile/trunk/FireEmblemMobile/FireEmblemMobileUnityProject
-logFile
Logs/AssetImportWorker34.log
-srvPort
63537
Successfully changed project path to: D:/Projects/fe-kingdom-mobile/trunk/FireEmblemMobile/FireEmblemMobileUnityProject
D:/Projects/fe-kingdom-mobile/trunk/FireEmblemMobile/FireEmblemMobileUnityProject
[UnityMemory] Configuration Parameters - Can be set up in boot.config
    "memorysetup-bucket-allocator-granularity=16"
    "memorysetup-bucket-allocator-bucket-count=8"
    "memorysetup-bucket-allocator-block-size=33554432"
    "memorysetup-bucket-allocator-block-count=8"
    "memorysetup-main-allocator-block-size=16777216"
    "memorysetup-thread-allocator-block-size=16777216"
    "memorysetup-gfx-main-allocator-block-size=16777216"
    "memorysetup-gfx-thread-allocator-block-size=16777216"
    "memorysetup-cache-allocator-block-size=4194304"
    "memorysetup-typetree-allocator-block-size=2097152"
    "memorysetup-profiler-bucket-allocator-granularity=16"
    "memorysetup-profiler-bucket-allocator-bucket-count=8"
    "memorysetup-profiler-bucket-allocator-block-size=33554432"
    "memorysetup-profiler-bucket-allocator-block-count=8"
    "memorysetup-profiler-allocator-block-size=16777216"
    "memorysetup-profiler-editor-allocator-block-size=1048576"
    "memorysetup-temp-allocator-size-main=16777216"
    "memorysetup-job-temp-allocator-block-size=2097152"
    "memorysetup-job-temp-allocator-block-size-background=1048576"
    "memorysetup-job-temp-allocator-reduction-small-platforms=262144"
    "memorysetup-temp-allocator-size-background-worker=32768"
    "memorysetup-temp-allocator-size-job-worker=262144"
    "memorysetup-temp-allocator-size-preload-manager=33554432"
    "memorysetup-temp-allocator-size-nav-mesh-worker=65536"
    "memorysetup-temp-allocator-size-audio-worker=65536"
    "memorysetup-temp-allocator-size-cloud-worker=32768"
    "memorysetup-temp-allocator-size-gi-baking-worker=262144"
    "memorysetup-temp-allocator-size-gfx=262144"
Player connection [39272] Host "[IP] 192.168.0.11 [Port] 0 [Flags] 2 [Guid] 1502144044 [EditorId] 1502144044 [Version] 1048832 [Id] WindowsEditor(7,DESKTOP-N1UFFTN) [Debug] 1 [PackageName] WindowsEditor [ProjectName] Editor" joined multi-casting on [225.0.0.222:54997]...

Player connection [39272] Host "[IP] 192.168.0.11 [Port] 0 [Flags] 2 [Guid] 1502144044 [EditorId] 1502144044 [Version] 1048832 [Id] WindowsEditor(7,DESKTOP-N1UFFTN) [Debug] 1 [PackageName] WindowsEditor [ProjectName] Editor" joined alternative multi-casting on [225.0.0.222:34997]...

[Physics::Module] Initialized MultithreadedJobDispatcher with {0} workers.
Refreshing native plugins compatible for Editor in 122.83 ms, found 3 plugins.
Preloading 0 native plugins for Editor in 0.00 ms.
Initialize engine version: 2021.3.31f1 (3409e2af086f)
[Subsystems] Discovering subsystems at path C:/Program Files/Unity/Hub/Editor/2021.3.31f1/Editor/Data/Resources/UnitySubsystems
[Subsystems] Discovering subsystems at path D:/Projects/fe-kingdom-mobile/trunk/FireEmblemMobile/FireEmblemMobileUnityProject/Assets
GfxDevice: creating device client; threaded=0; jobified=0
Direct3D:
    Version:  Direct3D 11.0 [level 11.1]
    Renderer: NVIDIA GeForce RTX 3070 (ID=0x2488)
    Vendor:   NVIDIA
    VRAM:     8031 MB
    Driver:   31.0.15.3699
Shader 'MoreMountains/MMRipple': fallback shader 'Particle/AlphaBlended' not found
Initialize mono
Mono path[0] = 'C:/Program Files/Unity/Hub/Editor/2021.3.31f1/Editor/Data/Managed'
Mono path[1] = 'C:/Program Files/Unity/Hub/Editor/2021.3.31f1/Editor/Data/MonoBleedingEdge/lib/mono/unityjit-win32'
Mono config path = 'C:/Program Files/Unity/Hub/Editor/2021.3.31f1/Editor/Data/MonoBleedingEdge/etc'
Using monoOptions --debugger-agent=transport=dt_socket,embedding=1,server=y,suspend=n,address=127.0.0.1:56956
Begin MonoManager ReloadAssembly
Registering precompiled unity dll's ...
Register platform support module: C:/Program Files/Unity/Hub/Editor/2021.3.31f1/Editor/Data/PlaybackEngines/AndroidPlayer/UnityEditor.Android.Extensions.dll
Register platform support module: C:/Program Files/Unity/Hub/Editor/2021.3.31f1/Editor/Data/PlaybackEngines/iOSSupport/UnityEditor.iOS.Extensions.dll
Register platform support module: C:/Program Files/Unity/Hub/Editor/2021.3.31f1/Editor/Data/PlaybackEngines/WindowsStandaloneSupport/UnityEditor.WindowsStandalone.Extensions.dll
Registered in 0.004519 seconds.
Native extension for WindowsStandalone target not found
[usbmuxd] Start listen thread
[usbmuxd] Listen thread started
Native extension for iOS target not found
Native extension for Android target not found
Android Extension - Scanning For ADB Devices 232 ms
Refreshing native plugins compatible for Editor in 100.82 ms, found 3 plugins.
Preloading 0 native plugins for Editor in 0.00 ms.
Mono: successfully reloaded assembly
- Completed reload, in  0.874 seconds
Domain Reload Profiling:
	ReloadAssembly (875ms)
		BeginReloadAssembly (90ms)
			ExecutionOrderSort (0ms)
			DisableScriptedObjects (0ms)
			BackupInstance (0ms)
			ReleaseScriptingObjects (0ms)
			CreateAndSetChildDomain (1ms)
		EndReloadAssembly (702ms)
			LoadAssemblies (88ms)
			RebuildTransferFunctionScriptingTraits (0ms)
			SetupTypeCache (99ms)
			ReleaseScriptCaches (0ms)
			RebuildScriptCaches (23ms)
			SetupLoadedEditorAssemblies (542ms)
				LogAssemblyErrors (0ms)
				InitializePlatformSupportModulesInManaged (331ms)
				SetLoadedEditorAssemblies (0ms)
				RefreshPlugins (101ms)
				BeforeProcessingInitializeOnLoad (1ms)
				ProcessInitializeOnLoadAttributes (72ms)
				ProcessInitializeOnLoadMethodAttributes (37ms)
				AfterProcessingInitializeOnLoad (0ms)
				EditorAssembliesLoaded (0ms)
			ExecutionOrderSort2 (0ms)
			AwakeInstancesAfterBackupRestoration (0ms)
Platform modules already initialized, skipping
Registering precompiled user dll's ...
Registered in 0.005617 seconds.
Begin MonoManager ReloadAssembly
Symbol file LoadedFromMemory is not a mono symbol file
Native extension for WindowsStandalone target not found
Native extension for iOS target not found
Native extension for Android target not found
Refreshing native plugins compatible for Editor in 107.45 ms, found 3 plugins.
Preloading 0 native plugins for Editor in 0.00 ms.
Package Manager log level set to [2]
[Package Manager] Server::EnsureServerProcessIsRunning -- launch failed, reason: Unity was launched with the -noUpm command-line argument
[Package Manager] Cannot connect to Unity Package Manager local server
Mono: successfully reloaded assembly
- Completed reload, in  1.770 seconds
Domain Reload Profiling:
	ReloadAssembly (1771ms)
		BeginReloadAssembly (98ms)
			ExecutionOrderSort (0ms)
			DisableScriptedObjects (5ms)
			BackupInstance (0ms)
			ReleaseScriptingObjects (0ms)
			CreateAndSetChildDomain (16ms)
		EndReloadAssembly (1591ms)
			LoadAssemblies (99ms)
			RebuildTransferFunctionScriptingTraits (0ms)
			SetupTypeCache (334ms)
			ReleaseScriptCaches (1ms)
			RebuildScriptCaches (100ms)
			SetupLoadedEditorAssemblies (1012ms)
				LogAssemblyErrors (0ms)
				InitializePlatformSupportModulesInManaged (25ms)
				SetLoadedEditorAssemblies (0ms)
				RefreshPlugins (108ms)
				BeforeProcessingInitializeOnLoad (103ms)
				ProcessInitializeOnLoadAttributes (626ms)
				ProcessInitializeOnLoadMethodAttributes (147ms)
				AfterProcessingInitializeOnLoad (4ms)
				EditorAssembliesLoaded (0ms)
			ExecutionOrderSort2 (0ms)
			AwakeInstancesAfterBackupRestoration (4ms)
Platform modules already initialized, skipping
========================================================================
Worker process is ready to serve import requests
Shader 'MoreMountains/MMRipple': fallback shader 'Particle/AlphaBlended' not found
Launched and connected shader compiler UnityShaderCompiler.exe after 0.04 seconds
Refreshing native plugins compatible for Editor in 1.97 ms, found 3 plugins.
Preloading 0 native plugins for Editor in 0.00 ms.
Unloading 6549 Unused Serialized files (Serialized files now loaded: 0)
Unloading 96 unused Assets / (2.0 MB). Loaded Objects now: 7069.
Memory consumption went from 362.6 MB to 360.6 MB.
Total: 6.559300 ms (FindLiveObjects: 0.410600 ms CreateObjectMapping: 0.148300 ms MarkObjects: 5.497300 ms  DeleteObjects: 0.502300 ms)

AssetImportParameters requested are different than current active one (requested -> active):
  custom:video-decoder-ogg-theora: a1e56fd34408186e4bbccfd4996cb3dc -> 
  custom:container-muxer-webm: aa71ff27fc2769a1b78a27578f13a17b -> 
  custom:container-demuxer-webm: 4f35f7cbe854078d1ac9338744f61a02 -> 
  custom:video-encoder-webm-vp8: eb34c28f22e8b96e1ab97ce403110664 -> 
  custom:CustomObjectIndexerAttribute: f67f22312cbe972f2da930a377ed3d15 -> 
  custom:audio-encoder-webm-vorbis: bf7c407c2cedff20999df2af8eb42d56 -> 
  custom:framework-win-MediaFoundation: 216162199b28c13a410421893ffa2e32 -> 
  custom:SearchIndexIgnoredProperties: e643bd26f0fe6173181afceb89e7c659 -> 
  custom:container-demuxer-ogg: 62fdf1f143b41e24485cea50d1cbac27 -> 
  custom:video-decoder-webm-vp8: 9c59270c3fd7afecdb556c50c9e8de78 -> 
  custom:audio-decoder-ogg-vorbis: bf7c407c2cedff20999df2af8eb42d56 -> 
========================================================================
Received Import Request.
  Time since last request: 832135.020361 seconds.
  path: Assets/04_Textures/TileMaps/OutdoorProps/DryBush2.png
  artifactKey: Guid(8c3570134538e7a40af732d0eddcbe30) Importer(815301076,1909f56bfc062723c751e8b465ee728b)
Number of updated assets reloaded before import = 0
Start importing Assets/04_Textures/TileMaps/OutdoorProps/DryBush2.png using Guid(8c3570134538e7a40af732d0eddcbe30) Importer(815301076,1909f56bfc062723c751e8b465ee728b)  -> (artifact id: 'b7e0b9e1b88fe4f99017273209374d91') in 0.113739 seconds 
Number of asset objects unloaded after import = 3
========================================================================
Received Import Request.
  Time since last request: 1.145422 seconds.
  path: Assets/04_Textures/TabletopBadges_png/TabletopBadges_13.PNG
  artifactKey: Guid(8d8629bc5b6e19146b1f3256340b9434) Importer(815301076,1909f56bfc062723c751e8b465ee728b)
Number of updated assets reloaded before import = 0
Start importing Assets/04_Textures/TabletopBadges_png/TabletopBadges_13.PNG using Guid(8d8629bc5b6e19146b1f3256340b9434) Importer(815301076,1909f56bfc062723c751e8b465ee728b)  -> (artifact id: 'aff98428ed5272623f47374f8738c2e2') in 0.045692 seconds 
Number of asset objects unloaded after import = 3
========================================================================
Received Import Request.
  Time since last request: 0.000015 seconds.
  path: Assets/04_Textures/TabletopBadges_png/TabletopBadges_42.PNG
  artifactKey: Guid(92061887357cabc4c8a7b3b8bd1fd6f8) Importer(815301076,1909f56bfc062723c751e8b465ee728b)
Number of updated assets reloaded before import = 0
Start importing Assets/04_Textures/TabletopBadges_png/TabletopBadges_42.PNG using Guid(92061887357cabc4c8a7b3b8bd1fd6f8) Importer(815301076,1909f56bfc062723c751e8b465ee728b)  -> (artifact id: 'c36ebd58ca0edfd60047af3e6e1b45d2') in 0.029859 seconds 
Number of asset objects unloaded after import = 3
========================================================================
Received Import Request.
  Time since last request: 0.000015 seconds.
  path: Assets/04_Textures/Characters/Valkyrie2/Viking girl takes damage.png
  artifactKey: Guid(17f99db85166ab444ae5dd5898b3038b) Importer(815301076,1909f56bfc062723c751e8b465ee728b)
Number of updated assets reloaded before import = 0
Start importing Assets/04_Textures/Characters/Valkyrie2/Viking girl takes damage.png using Guid(17f99db85166ab444ae5dd5898b3038b) Importer(815301076,1909f56bfc062723c751e8b465ee728b)  -> (artifact id: 'e0188bcb29ca08851d288eccebf701a7') in 0.057182 seconds 
Number of asset objects unloaded after import = 3
========================================================================
Received Import Request.
  Time since last request: 0.000030 seconds.
  path: Assets/04_Textures/TabletopBadges_png/TabletopBadges_27.PNG
  artifactKey: Guid(6b4d881860c52624fb649e217e1a7411) Importer(815301076,1909f56bfc062723c751e8b465ee728b)
Number of updated assets reloaded before import = 0
Start importing Assets/04_Textures/TabletopBadges_png/TabletopBadges_27.PNG using Guid(6b4d881860c52624fb649e217e1a7411) Importer(815301076,1909f56bfc062723c751e8b465ee728b)  -> (artifact id: '2ec47c0547a46565d26a3185790b3ec7') in 0.038506 seconds 
Number of asset objects unloaded after import = 3
========================================================================
Received Import Request.
  Time since last request: 0.000015 seconds.
  path: Assets/04_Textures/TabletopBadges_png/TabletopBadges_39.PNG
  artifactKey: Guid(dd18a1c401d17dd4a9eb806fedfdb7ce) Importer(815301076,1909f56bfc062723c751e8b465ee728b)
Number of updated assets reloaded before import = 0
Start importing Assets/04_Textures/TabletopBadges_png/TabletopBadges_39.PNG using Guid(dd18a1c401d17dd4a9eb806fedfdb7ce) Importer(815301076,1909f56bfc062723c751e8b465ee728b)  -> (artifact id: '26dcc3461f7f4ac5f996c5ca9a4a72e2') in 0.031532 seconds 
Number of asset objects unloaded after import = 3
========================================================================
Received Import Request.
  Time since last request: 0.000012 seconds.
  path: Assets/04_Textures/TabletopBadges_png/TabletopBadges_28.PNG
  artifactKey: Guid(f3314e7ca2e5095478ae4403b0eded5a) Importer(815301076,1909f56bfc062723c751e8b465ee728b)
Number of updated assets reloaded before import = 0
Start importing Assets/04_Textures/TabletopBadges_png/TabletopBadges_28.PNG using Guid(f3314e7ca2e5095478ae4403b0eded5a) Importer(815301076,1909f56bfc062723c751e8b465ee728b)  -> (artifact id: 'e2c2e4fdea246336a3e4de1e77753927') in 0.040948 seconds 
Number of asset objects unloaded after import = 3
========================================================================
Received Import Request.
  Time since last request: 0.000013 seconds.
  path: Assets/04_Textures/TabletopBadges_png/TabletopBadges_slot.PNG
  artifactKey: Guid(8aa78ed34adf7b642927b6ced9755722) Importer(815301076,1909f56bfc062723c751e8b465ee728b)
Number of updated assets reloaded before import = 0
Start importing Assets/04_Textures/TabletopBadges_png/TabletopBadges_slot.PNG using Guid(8aa78ed34adf7b642927b6ced9755722) Importer(815301076,1909f56bfc062723c751e8b465ee728b)  -> (artifact id: '9bf8ab00e1ebe827c5fdf6c2f4a12ab2') in 0.029938 seconds 
Number of asset objects unloaded after import = 3
========================================================================
Received Import Request.
  Time since last request: 0.000015 seconds.
  path: Assets/04_Textures/TabletopBadges_png/TabletopBadges_29.PNG
  artifactKey: Guid(81519fe20107e094aa3d94a1ed764c08) Importer(815301076,1909f56bfc062723c751e8b465ee728b)
Number of updated assets reloaded before import = 0
Start importing Assets/04_Textures/TabletopBadges_png/TabletopBadges_29.PNG using Guid(81519fe20107e094aa3d94a1ed764c08) Importer(815301076,1909f56bfc062723c751e8b465ee728b)  -> (artifact id: '8d5295d4910969757e512509d8a81976') in 0.035887 seconds 
Number of asset objects unloaded after import = 3
========================================================================
Received Import Request.
  Time since last request: 0.000016 seconds.
  path: Assets/04_Textures/TabletopBadges_png/TabletopBadges_23.PNG
  artifactKey: Guid(78033eb16bfbf024b9c7fd8eae68d561) Importer(815301076,1909f56bfc062723c751e8b465ee728b)
Number of updated assets reloaded before import = 0
Start importing Assets/04_Textures/TabletopBadges_png/TabletopBadges_23.PNG using Guid(78033eb16bfbf024b9c7fd8eae68d561) Importer(815301076,1909f56bfc062723c751e8b465ee728b)  -> (artifact id: '06f019bfe8375acaa7cbf26b608a74d0') in 0.034078 seconds 
Number of asset objects unloaded after import = 3
========================================================================
Received Import Request.
  Time since last request: 0.000023 seconds.
  path: Assets/04_Textures/Icons/Weapon&Movetypes/UI_HUD_Weapon_circle_staff.png
  artifactKey: Guid(7565729beccba924eb5f0666fbd0564f) Importer(815301076,1909f56bfc062723c751e8b465ee728b)
Number of updated assets reloaded before import = 0
Start importing Assets/04_Textures/Icons/Weapon&Movetypes/UI_HUD_Weapon_circle_staff.png using Guid(7565729beccba924eb5f0666fbd0564f) Importer(815301076,1909f56bfc062723c751e8b465ee728b)  -> (artifact id: '528b15b6a454c21d2cd74e34062d941d') in 0.023695 seconds 
Number of asset objects unloaded after import = 3
========================================================================
Received Import Request.
  Time since last request: 0.000026 seconds.
  path: Assets/04_Textures/TabletopBadges_png/TabletopBadges_26.PNG
  artifactKey: Guid(c479490b287ada54b8d595b10db27972) Importer(815301076,1909f56bfc062723c751e8b465ee728b)
Number of updated assets reloaded before import = 0
Start importing Assets/04_Textures/TabletopBadges_png/TabletopBadges_26.PNG using Guid(c479490b287ada54b8d595b10db27972) Importer(815301076,1909f56bfc062723c751e8b465ee728b)  -> (artifact id: 'f59305c0a99082c78fc5703dfde14f79') in 0.036343 seconds 
Number of asset objects unloaded after import = 3
========================================================================
Received Import Request.
  Time since last request: 0.000013 seconds.
  path: Assets/04_Textures/TabletopBadges_png/TabletopBadges_38.PNG
  artifactKey: Guid(5849e8185d355714bb53fc25be9658df) Importer(815301076,1909f56bfc062723c751e8b465ee728b)
Number of updated assets reloaded before import = 0
Start importing Assets/04_Textures/TabletopBadges_png/TabletopBadges_38.PNG using Guid(5849e8185d355714bb53fc25be9658df) Importer(815301076,1909f56bfc062723c751e8b465ee728b)  -> (artifact id: '66826a847a2e9d770c5d3d116367a069') in 0.036140 seconds 
Number of asset objects unloaded after import = 3
========================================================================
Received Import Request.
  Time since last request: 0.000023 seconds.
  path: Assets/04_Textures/TabletopBadges_png/TabletopBadges_24.PNG
  artifactKey: Guid(4babd2089ed178040965a62c27915eb5) Importer(815301076,1909f56bfc062723c751e8b465ee728b)
Number of updated assets reloaded before import = 0
Start importing Assets/04_Textures/TabletopBadges_png/TabletopBadges_24.PNG using Guid(4babd2089ed178040965a62c27915eb5) Importer(815301076,1909f56bfc062723c751e8b465ee728b)  -> (artifact id: '580ff1663e3841d1d4c79dff7a1c2bcf') in 0.036447 seconds 
Number of asset objects unloaded after import = 3
========================================================================
Received Import Request.
  Time since last request: 0.000021 seconds.
  path: Assets/04_Textures/TabletopBadges_png/TabletopBadges_17.PNG
  artifactKey: Guid(6b7300535aaef5c4eb7b3e194ea10f1e) Importer(815301076,1909f56bfc062723c751e8b465ee728b)
Number of updated assets reloaded before import = 0
Start importing Assets/04_Textures/TabletopBadges_png/TabletopBadges_17.PNG using Guid(6b7300535aaef5c4eb7b3e194ea10f1e) Importer(815301076,1909f56bfc062723c751e8b465ee728b)  -> (artifact id: '6da1a30be4ad078f39e9e620382ddf99') in 0.030411 seconds 
Number of asset objects unloaded after import = 3
========================================================================
Received Import Request.
  Time since last request: 0.000017 seconds.
  path: Assets/04_Textures/Characters/Valkyrie/valkyrie-critical-attacks-trail.png
  artifactKey: Guid(d104d70cc7e1f274c8ed55d01791ab17) Importer(815301076,1909f56bfc062723c751e8b465ee728b)
Number of updated assets reloaded before import = 0
Start importing Assets/04_Textures/Characters/Valkyrie/valkyrie-critical-attacks-trail.png using Guid(d104d70cc7e1f274c8ed55d01791ab17) Importer(815301076,1909f56bfc062723c751e8b465ee728b)  -> (artifact id: '8f6f47b5b57c147ce28bb9aaa8c71eec') in 0.035163 seconds 
Number of asset objects unloaded after import = 3
========================================================================
Received Import Request.
  Time since last request: 0.000032 seconds.
  path: Assets/04_Textures/TabletopBadges_png/TabletopBadges_35.PNG
  artifactKey: Guid(1bdb7808a8ba5db488b0ca14325c8fec) Importer(815301076,1909f56bfc062723c751e8b465ee728b)
Number of updated assets reloaded before import = 0
Start importing Assets/04_Textures/TabletopBadges_png/TabletopBadges_35.PNG using Guid(1bdb7808a8ba5db488b0ca14325c8fec) Importer(815301076,1909f56bfc062723c751e8b465ee728b)  -> (artifact id: 'c9fd184a104a1b0eb56138308ea78f78') in 0.040828 seconds 
Number of asset objects unloaded after import = 3
========================================================================
Received Import Request.
  Time since last request: 0.000014 seconds.
  path: Assets/04_Textures/TabletopBadges_png/TabletopBadges_49.PNG
  artifactKey: Guid(fcbe7f756c6c0994eb448e291d66a963) Importer(815301076,1909f56bfc062723c751e8b465ee728b)
Number of updated assets reloaded before import = 0
Start importing Assets/04_Textures/TabletopBadges_png/TabletopBadges_49.PNG using Guid(fcbe7f756c6c0994eb448e291d66a963) Importer(815301076,1909f56bfc062723c751e8b465ee728b)  -> (artifact id: '72675dfc6f897af68aa08af8928cd365') in 0.038994 seconds 
Number of asset objects unloaded after import = 3
========================================================================
Received Import Request.
  Time since last request: 0.000018 seconds.
  path: Assets/04_Textures/Characters/Valkyrie/valkyrie-critical-attacks-sprite-p2.png
  artifactKey: Guid(d34c36654deecdc41b93909e8d723226) Importer(815301076,1909f56bfc062723c751e8b465ee728b)
Number of updated assets reloaded before import = 0
Start importing Assets/04_Textures/Characters/Valkyrie/valkyrie-critical-attacks-sprite-p2.png using Guid(d34c36654deecdc41b93909e8d723226) Importer(815301076,1909f56bfc062723c751e8b465ee728b)  -> (artifact id: 'e5c1fc66cce3deb5733a89c8dbbe6e3b') in 0.045649 seconds 
Number of asset objects unloaded after import = 3
========================================================================
Received Import Request.
  Time since last request: 0.000014 seconds.
  path: Assets/04_Textures/TabletopBadges_png/TabletopBadges_37.PNG
  artifactKey: Guid(84444aa48ae985b4f895d00caa2bca75) Importer(815301076,1909f56bfc062723c751e8b465ee728b)
Number of updated assets reloaded before import = 0
Start importing Assets/04_Textures/TabletopBadges_png/TabletopBadges_37.PNG using Guid(84444aa48ae985b4f895d00caa2bca75) Importer(815301076,1909f56bfc062723c751e8b465ee728b)  -> (artifact id: 'ce8a389566ea95797360f33a3287104c') in 0.026779 seconds 
Number of asset objects unloaded after import = 3
========================================================================
Received Import Request.
  Time since last request: 0.000014 seconds.
  path: Assets/04_Textures/TabletopBadges_png/TabletopBadges_33.PNG
  artifactKey: Guid(3259ad755cefd204c80d8aac17ef41c8) Importer(815301076,1909f56bfc062723c751e8b465ee728b)
Number of updated assets reloaded before import = 0
Start importing Assets/04_Textures/TabletopBadges_png/TabletopBadges_33.PNG using Guid(3259ad755cefd204c80d8aac17ef41c8) Importer(815301076,1909f56bfc062723c751e8b465ee728b)  -> (artifact id: '02cb2b5be26bb144e6b593f54e0550a4') in 0.032800 seconds 
Number of asset objects unloaded after import = 3
========================================================================
Received Import Request.
  Time since last request: 0.000020 seconds.
  path: Assets/04_Textures/TabletopBadges_png/TabletopBadges_15.PNG
  artifactKey: Guid(3a3b9222ad4205e4694869c1d8a45be6) Importer(815301076,1909f56bfc062723c751e8b465ee728b)
Number of updated assets reloaded before import = 0
Start importing Assets/04_Textures/TabletopBadges_png/TabletopBadges_15.PNG using Guid(3a3b9222ad4205e4694869c1d8a45be6) Importer(815301076,1909f56bfc062723c751e8b465ee728b)  -> (artifact id: 'a3fba658cabbc76f639075e8145b0a8c') in 0.036853 seconds 
Number of asset objects unloaded after import = 3
========================================================================
Received Import Request.
  Time since last request: 0.000034 seconds.
  path: Assets/04_Textures/TabletopBadges_png/TabletopBadges_22.PNG
  artifactKey: Guid(ce386f0f33dcadb469a9787802020ac1) Importer(815301076,1909f56bfc062723c751e8b465ee728b)
Number of updated assets reloaded before import = 0
Start importing Assets/04_Textures/TabletopBadges_png/TabletopBadges_22.PNG using Guid(ce386f0f33dcadb469a9787802020ac1) Importer(815301076,1909f56bfc062723c751e8b465ee728b)  -> (artifact id: 'd7d98d0579b40419ae560cad56c33a81') in 0.026997 seconds 
Number of asset objects unloaded after import = 3
========================================================================
Received Import Request.
  Time since last request: 0.000014 seconds.
  path: Assets/04_Textures/TabletopBadges_png/TabletopBadges_40.PNG
  artifactKey: Guid(3977fec3846ae2c4ebc73ec4914134ea) Importer(815301076,1909f56bfc062723c751e8b465ee728b)
Number of updated assets reloaded before import = 0
Start importing Assets/04_Textures/TabletopBadges_png/TabletopBadges_40.PNG using Guid(3977fec3846ae2c4ebc73ec4914134ea) Importer(815301076,1909f56bfc062723c751e8b465ee728b)  -> (artifact id: '73c6a648b22999fa38076e1735725958') in 0.037105 seconds 
Number of asset objects unloaded after import = 3
========================================================================
Received Import Request.
  Time since last request: 0.000015 seconds.
  path: Assets/04_Textures/Icons/Weapon&Movetypes/UI_HUD_Weapon_square_staff.png
  artifactKey: Guid(db6ac55248f707d45bf83adb03832018) Importer(815301076,1909f56bfc062723c751e8b465ee728b)
Number of updated assets reloaded before import = 0
Start importing Assets/04_Textures/Icons/Weapon&Movetypes/UI_HUD_Weapon_square_staff.png using Guid(db6ac55248f707d45bf83adb03832018) Importer(815301076,1909f56bfc062723c751e8b465ee728b)  -> (artifact id: '6b1445622ec0d7aec0aca0dec0407e6e') in 0.022621 seconds 
Number of asset objects unloaded after import = 3
========================================================================
Received Import Request.
  Time since last request: 0.000016 seconds.
  path: Assets/04_Textures/TabletopBadges_png/TabletopBadges_19.PNG
  artifactKey: Guid(6231c172b05c93f459a08a0a0a45f834) Importer(815301076,1909f56bfc062723c751e8b465ee728b)
Number of updated assets reloaded before import = 0
Start importing Assets/04_Textures/TabletopBadges_png/TabletopBadges_19.PNG using Guid(6231c172b05c93f459a08a0a0a45f834) Importer(815301076,1909f56bfc062723c751e8b465ee728b)  -> (artifact id: '55bc24644a5d4a6024333def5f65c210') in 0.036408 seconds 
Number of asset objects unloaded after import = 3
========================================================================
Received Import Request.
  Time since last request: 0.000019 seconds.
  path: Assets/04_Textures/TabletopBadges_png/TabletopBadges_30.PNG
  artifactKey: Guid(cdfb770b4a55e8c4caeea13b6e992345) Importer(815301076,1909f56bfc062723c751e8b465ee728b)
Number of updated assets reloaded before import = 0
Start importing Assets/04_Textures/TabletopBadges_png/TabletopBadges_30.PNG using Guid(cdfb770b4a55e8c4caeea13b6e992345) Importer(815301076,1909f56bfc062723c751e8b465ee728b)  -> (artifact id: '19e1ddc357806edb3b55c55ceb42ca4b') in 0.030241 seconds 
Number of asset objects unloaded after import = 3
========================================================================
Received Import Request.
  Time since last request: 0.000017 seconds.
  path: Assets/04_Textures/TabletopBadges_png/TabletopBadges_44.PNG
  artifactKey: Guid(fdc0020a338e85744af879fb6bca9f12) Importer(815301076,1909f56bfc062723c751e8b465ee728b)
Number of updated assets reloaded before import = 0
Start importing Assets/04_Textures/TabletopBadges_png/TabletopBadges_44.PNG using Guid(fdc0020a338e85744af879fb6bca9f12) Importer(815301076,1909f56bfc062723c751e8b465ee728b)  -> (artifact id: '840cbc629b2e8db90e6dbadfc8a17b42') in 0.027817 seconds 
Number of asset objects unloaded after import = 3
========================================================================
Received Import Request.
  Time since last request: 0.000019 seconds.
  path: Assets/04_Textures/TabletopBadges_png/TabletopBadges_14.PNG
  artifactKey: Guid(ef37394fd4941e84e830724605004bc7) Importer(815301076,1909f56bfc062723c751e8b465ee728b)
Number of updated assets reloaded before import = 0
Start importing Assets/04_Textures/TabletopBadges_png/TabletopBadges_14.PNG using Guid(ef37394fd4941e84e830724605004bc7) Importer(815301076,1909f56bfc062723c751e8b465ee728b)  -> (artifact id: 'eba34dce405e7c15fd4d86de4aaa510a') in 0.032332 seconds 
Number of asset objects unloaded after import = 3
Editor requested this worker to shutdown with reason: Scaling down because of idle timeout
AssetImportWorker is now disconnected from the server
Process exiting
Exiting without the bug reporter. Application will terminate with return code 0