Using pre-set license
Built from '2021.3/staging' branch; Version is '2021.3.31f1 (3409e2af086f) revision 3410402'; Using compiler version '192829333'; Build Type 'Release'
OS: 'Windows 11  (10.0.22621) 64bit Core' Language: 'de' Physical Memory: 32671 MB
BatchMode: 1, IsHumanControllingUs: 0, StartBugReporterOnCrash: 0, Is64bit: 1, IsPro: 1

COMMAND LINE ARGUMENTS:
C:\Program Files\Unity\Hub\Editor\2021.3.31f1\Editor\Unity.exe
-adb2
-batchMode
-noUpm
-name
AssetImportWorker10
-projectPath
D:/Projects/fe-kingdom-mobile/trunk/FireEmblemMobile/FireEmblemMobileUnityProject
-logFile
Logs/AssetImportWorker10.log
-srvPort
61664
Successfully changed project path to: D:/Projects/fe-kingdom-mobile/trunk/FireEmblemMobile/FireEmblemMobileUnityProject
D:/Projects/fe-kingdom-mobile/trunk/FireEmblemMobile/FireEmblemMobileUnityProject
[UnityMemory] Configuration Parameters - Can be set up in boot.config
    "memorysetup-bucket-allocator-granularity=16"
    "memorysetup-bucket-allocator-bucket-count=8"
    "memorysetup-bucket-allocator-block-size=33554432"
    "memorysetup-bucket-allocator-block-count=8"
    "memorysetup-main-allocator-block-size=16777216"
    "memorysetup-thread-allocator-block-size=16777216"
    "memorysetup-gfx-main-allocator-block-size=16777216"
    "memorysetup-gfx-thread-allocator-block-size=16777216"
    "memorysetup-cache-allocator-block-size=4194304"
    "memorysetup-typetree-allocator-block-size=2097152"
    "memorysetup-profiler-bucket-allocator-granularity=16"
    "memorysetup-profiler-bucket-allocator-bucket-count=8"
    "memorysetup-profiler-bucket-allocator-block-size=33554432"
    "memorysetup-profiler-bucket-allocator-block-count=8"
    "memorysetup-profiler-allocator-block-size=16777216"
    "memorysetup-profiler-editor-allocator-block-size=1048576"
    "memorysetup-temp-allocator-size-main=16777216"
    "memorysetup-job-temp-allocator-block-size=2097152"
    "memorysetup-job-temp-allocator-block-size-background=1048576"
    "memorysetup-job-temp-allocator-reduction-small-platforms=262144"
    "memorysetup-temp-allocator-size-background-worker=32768"
    "memorysetup-temp-allocator-size-job-worker=262144"
    "memorysetup-temp-allocator-size-preload-manager=33554432"
    "memorysetup-temp-allocator-size-nav-mesh-worker=65536"
    "memorysetup-temp-allocator-size-audio-worker=65536"
    "memorysetup-temp-allocator-size-cloud-worker=32768"
    "memorysetup-temp-allocator-size-gi-baking-worker=262144"
    "memorysetup-temp-allocator-size-gfx=262144"
Player connection [13988] Host "[IP] 192.168.0.11 [Port] 0 [Flags] 2 [Guid] 157110247 [EditorId] 157110247 [Version] 1048832 [Id] WindowsEditor(7,DESKTOP-N1UFFTN) [Debug] 1 [PackageName] WindowsEditor [ProjectName] Editor" joined multi-casting on [225.0.0.222:54997]...

Player connection [13988] Host "[IP] 192.168.0.11 [Port] 0 [Flags] 2 [Guid] 157110247 [EditorId] 157110247 [Version] 1048832 [Id] WindowsEditor(7,DESKTOP-N1UFFTN) [Debug] 1 [PackageName] WindowsEditor [ProjectName] Editor" joined alternative multi-casting on [225.0.0.222:34997]...

[Physics::Module] Initialized MultithreadedJobDispatcher with {0} workers.
Refreshing native plugins compatible for Editor in 127.18 ms, found 3 plugins.
Preloading 0 native plugins for Editor in 0.00 ms.
Initialize engine version: 2021.3.31f1 (3409e2af086f)
[Subsystems] Discovering subsystems at path C:/Program Files/Unity/Hub/Editor/2021.3.31f1/Editor/Data/Resources/UnitySubsystems
[Subsystems] Discovering subsystems at path D:/Projects/fe-kingdom-mobile/trunk/FireEmblemMobile/FireEmblemMobileUnityProject/Assets
GfxDevice: creating device client; threaded=0; jobified=0
Direct3D:
    Version:  Direct3D 11.0 [level 11.1]
    Renderer: NVIDIA GeForce RTX 3070 (ID=0x2488)
    Vendor:   NVIDIA
    VRAM:     8031 MB
    Driver:   31.0.15.3699
Shader 'MoreMountains/MMRipple': fallback shader 'Particle/AlphaBlended' not found
Shader 'CartoonCoffee/Particle Basic': fallback shader '2' not found
Shader 'CartoonCoffee/Particle Additive': fallback shader '2' not found
Initialize mono
Mono path[0] = 'C:/Program Files/Unity/Hub/Editor/2021.3.31f1/Editor/Data/Managed'
Mono path[1] = 'C:/Program Files/Unity/Hub/Editor/2021.3.31f1/Editor/Data/MonoBleedingEdge/lib/mono/unityjit-win32'
Mono config path = 'C:/Program Files/Unity/Hub/Editor/2021.3.31f1/Editor/Data/MonoBleedingEdge/etc'
Using monoOptions --debugger-agent=transport=dt_socket,embedding=1,server=y,suspend=n,address=127.0.0.1:56268
Begin MonoManager ReloadAssembly
Registering precompiled unity dll's ...
Register platform support module: C:/Program Files/Unity/Hub/Editor/2021.3.31f1/Editor/Data/PlaybackEngines/AndroidPlayer/UnityEditor.Android.Extensions.dll
Register platform support module: C:/Program Files/Unity/Hub/Editor/2021.3.31f1/Editor/Data/PlaybackEngines/iOSSupport/UnityEditor.iOS.Extensions.dll
Register platform support module: C:/Program Files/Unity/Hub/Editor/2021.3.31f1/Editor/Data/PlaybackEngines/WindowsStandaloneSupport/UnityEditor.WindowsStandalone.Extensions.dll
Registered in 0.004227 seconds.
Native extension for WindowsStandalone target not found
[usbmuxd] Start listen thread
[usbmuxd] Listen thread started
Native extension for iOS target not found
Native extension for Android target not found
Android Extension - Scanning For ADB Devices 221 ms
Refreshing native plugins compatible for Editor in 115.02 ms, found 3 plugins.
Preloading 0 native plugins for Editor in 0.00 ms.
Mono: successfully reloaded assembly
- Completed reload, in  0.836 seconds
Domain Reload Profiling:
	ReloadAssembly (837ms)
		BeginReloadAssembly (71ms)
			ExecutionOrderSort (0ms)
			DisableScriptedObjects (0ms)
			BackupInstance (0ms)
			ReleaseScriptingObjects (0ms)
			CreateAndSetChildDomain (1ms)
		EndReloadAssembly (695ms)
			LoadAssemblies (68ms)
			RebuildTransferFunctionScriptingTraits (0ms)
			SetupTypeCache (87ms)
			ReleaseScriptCaches (0ms)
			RebuildScriptCaches (25ms)
			SetupLoadedEditorAssemblies (543ms)
				LogAssemblyErrors (0ms)
				InitializePlatformSupportModulesInManaged (327ms)
				SetLoadedEditorAssemblies (0ms)
				RefreshPlugins (115ms)
				BeforeProcessingInitializeOnLoad (1ms)
				ProcessInitializeOnLoadAttributes (62ms)
				ProcessInitializeOnLoadMethodAttributes (38ms)
				AfterProcessingInitializeOnLoad (0ms)
				EditorAssembliesLoaded (0ms)
			ExecutionOrderSort2 (0ms)
			AwakeInstancesAfterBackupRestoration (0ms)
Platform modules already initialized, skipping
Registering precompiled user dll's ...
Registered in 0.003880 seconds.
Begin MonoManager ReloadAssembly
Symbol file LoadedFromMemory is not a mono symbol file
Native extension for WindowsStandalone target not found
Native extension for iOS target not found
Native extension for Android target not found
Refreshing native plugins compatible for Editor in 101.36 ms, found 3 plugins.
Preloading 0 native plugins for Editor in 0.00 ms.
Package Manager log level set to [2]
[Package Manager] Server::EnsureServerProcessIsRunning -- launch failed, reason: Unity was launched with the -noUpm command-line argument
[Package Manager] Cannot connect to Unity Package Manager local server
Mono: successfully reloaded assembly
- Completed reload, in  1.623 seconds
Domain Reload Profiling:
	ReloadAssembly (1624ms)
		BeginReloadAssembly (90ms)
			ExecutionOrderSort (0ms)
			DisableScriptedObjects (4ms)
			BackupInstance (0ms)
			ReleaseScriptingObjects (0ms)
			CreateAndSetChildDomain (15ms)
		EndReloadAssembly (1463ms)
			LoadAssemblies (82ms)
			RebuildTransferFunctionScriptingTraits (0ms)
			SetupTypeCache (303ms)
			ReleaseScriptCaches (1ms)
			RebuildScriptCaches (86ms)
			SetupLoadedEditorAssemblies (959ms)
				LogAssemblyErrors (0ms)
				InitializePlatformSupportModulesInManaged (26ms)
				SetLoadedEditorAssemblies (0ms)
				RefreshPlugins (101ms)
				BeforeProcessingInitializeOnLoad (98ms)
				ProcessInitializeOnLoadAttributes (596ms)
				ProcessInitializeOnLoadMethodAttributes (131ms)
				AfterProcessingInitializeOnLoad (5ms)
				EditorAssembliesLoaded (0ms)
			ExecutionOrderSort2 (0ms)
			AwakeInstancesAfterBackupRestoration (4ms)
Platform modules already initialized, skipping
========================================================================
Worker process is ready to serve import requests
Shader 'CartoonCoffee/Particle Basic': fallback shader '2' not found
Shader 'MoreMountains/MMRipple': fallback shader 'Particle/AlphaBlended' not found
Shader 'CartoonCoffee/Particle Additive': fallback shader '2' not found
Launched and connected shader compiler UnityShaderCompiler.exe after 0.04 seconds
Refreshing native plugins compatible for Editor in 1.69 ms, found 3 plugins.
Preloading 0 native plugins for Editor in 0.00 ms.
Unloading 6566 Unused Serialized files (Serialized files now loaded: 0)
Unloading 96 unused Assets / (2.0 MB). Loaded Objects now: 7087.
Memory consumption went from 363.5 MB to 361.4 MB.
Total: 6.921800 ms (FindLiveObjects: 0.416400 ms CreateObjectMapping: 0.166400 ms MarkObjects: 5.915700 ms  DeleteObjects: 0.422600 ms)

AssetImportParameters requested are different than current active one (requested -> active):
  custom:video-decoder-ogg-theora: a1e56fd34408186e4bbccfd4996cb3dc -> 
  custom:container-muxer-webm: aa71ff27fc2769a1b78a27578f13a17b -> 
  custom:container-demuxer-webm: 4f35f7cbe854078d1ac9338744f61a02 -> 
  custom:video-encoder-webm-vp8: eb34c28f22e8b96e1ab97ce403110664 -> 
  custom:CustomObjectIndexerAttribute: f67f22312cbe972f2da930a377ed3d15 -> 
  custom:audio-encoder-webm-vorbis: bf7c407c2cedff20999df2af8eb42d56 -> 
  custom:framework-win-MediaFoundation: 216162199b28c13a410421893ffa2e32 -> 
  custom:SearchIndexIgnoredProperties: e643bd26f0fe6173181afceb89e7c659 -> 
  custom:container-demuxer-ogg: 62fdf1f143b41e24485cea50d1cbac27 -> 
  custom:video-decoder-webm-vp8: 9c59270c3fd7afecdb556c50c9e8de78 -> 
  custom:audio-decoder-ogg-vorbis: bf7c407c2cedff20999df2af8eb42d56 -> 
========================================================================
Received Prepare
Registering precompiled user dll's ...
Registered in 0.003686 seconds.
Begin MonoManager ReloadAssembly
Symbol file LoadedFromMemory is not a mono symbol file
Native extension for WindowsStandalone target not found
Native extension for iOS target not found
Native extension for Android target not found
Refreshing native plugins compatible for Editor in 1.70 ms, found 3 plugins.
Preloading 0 native plugins for Editor in 0.00 ms.
[Package Manager] Server::EnsureServerProcessIsRunning -- launch failed, reason: Unity was launched with the -noUpm command-line argument
[Package Manager] Cannot connect to Unity Package Manager local server
Mono: successfully reloaded assembly
- Completed reload, in  1.521 seconds
Domain Reload Profiling:
	ReloadAssembly (1522ms)
		BeginReloadAssembly (130ms)
			ExecutionOrderSort (0ms)
			DisableScriptedObjects (5ms)
			BackupInstance (0ms)
			ReleaseScriptingObjects (0ms)
			CreateAndSetChildDomain (40ms)
		EndReloadAssembly (1325ms)
			LoadAssemblies (87ms)
			RebuildTransferFunctionScriptingTraits (0ms)
			SetupTypeCache (264ms)
			ReleaseScriptCaches (3ms)
			RebuildScriptCaches (95ms)
			SetupLoadedEditorAssemblies (835ms)
				LogAssemblyErrors (0ms)
				InitializePlatformSupportModulesInManaged (26ms)
				SetLoadedEditorAssemblies (0ms)
				RefreshPlugins (2ms)
				BeforeProcessingInitializeOnLoad (96ms)
				ProcessInitializeOnLoadAttributes (582ms)
				ProcessInitializeOnLoadMethodAttributes (124ms)
				AfterProcessingInitializeOnLoad (4ms)
				EditorAssembliesLoaded (0ms)
			ExecutionOrderSort2 (0ms)
			AwakeInstancesAfterBackupRestoration (9ms)
Platform modules already initialized, skipping
Shader 'CartoonCoffee/Particle Basic': fallback shader '2' not found
Shader 'MoreMountains/MMRipple': fallback shader 'Particle/AlphaBlended' not found
Shader 'CartoonCoffee/Particle Additive': fallback shader '2' not found
Refreshing native plugins compatible for Editor in 1.77 ms, found 3 plugins.
Preloading 0 native plugins for Editor in 0.00 ms.
Unloading 6346 Unused Serialized files (Serialized files now loaded: 0)
Unloading 87 unused Assets / (2.0 MB). Loaded Objects now: 7091.
Memory consumption went from 343.9 MB to 341.9 MB.
Total: 7.859600 ms (FindLiveObjects: 0.414400 ms CreateObjectMapping: 0.147200 ms MarkObjects: 6.776600 ms  DeleteObjects: 0.520400 ms)

AssetImportParameters requested are different than current active one (requested -> active):
  custom:video-decoder-ogg-theora: a1e56fd34408186e4bbccfd4996cb3dc -> 
  custom:container-muxer-webm: aa71ff27fc2769a1b78a27578f13a17b -> 
  custom:container-demuxer-webm: 4f35f7cbe854078d1ac9338744f61a02 -> 
  custom:video-encoder-webm-vp8: eb34c28f22e8b96e1ab97ce403110664 -> 
  custom:CustomObjectIndexerAttribute: f67f22312cbe972f2da930a377ed3d15 -> 
  custom:audio-encoder-webm-vorbis: bf7c407c2cedff20999df2af8eb42d56 -> 
  custom:framework-win-MediaFoundation: 216162199b28c13a410421893ffa2e32 -> 
  custom:SearchIndexIgnoredProperties: e643bd26f0fe6173181afceb89e7c659 -> 
  custom:container-demuxer-ogg: 62fdf1f143b41e24485cea50d1cbac27 -> 
  custom:video-decoder-webm-vp8: 9c59270c3fd7afecdb556c50c9e8de78 -> 
  custom:audio-decoder-ogg-vorbis: bf7c407c2cedff20999df2af8eb42d56 -> 
========================================================================
Received Import Request.
  Time since last request: 1195485.253912 seconds.
  path: Assets/07_GameData/Balancing/EnemiesStatTable.asset
  artifactKey: Guid(9e763a194068bb047900a8283338a158) Importer(815301076,1909f56bfc062723c751e8b465ee728b)
Number of updated assets reloaded before import = 0
Start importing Assets/07_GameData/Balancing/EnemiesStatTable.asset using Guid(9e763a194068bb047900a8283338a158) Importer(815301076,1909f56bfc062723c751e8b465ee728b)  -> (artifact id: 'fbdc38525fd2f2d2618a1480ce06d84d') in 0.247561 seconds 
Number of asset objects unloaded after import = 1462
========================================================================
Received Import Request.
  Time since last request: 26.952165 seconds.
  path: Assets/06_ Materials/Grid/SelectedSkillTarget.mat
  artifactKey: Guid(3677be8e0e1516343a31ce084502bb2d) Importer(815301076,1909f56bfc062723c751e8b465ee728b)
Number of updated assets reloaded before import = 0
Start importing Assets/06_ Materials/Grid/SelectedSkillTarget.mat using Guid(3677be8e0e1516343a31ce084502bb2d) Importer(815301076,1909f56bfc062723c751e8b465ee728b)  -> (artifact id: '69bf3b634ea739ae8ff0faa4958484cb') in 0.148844 seconds 
Number of asset objects unloaded after import = 13
========================================================================
Received Import Request.
  Time since last request: 23.965080 seconds.
  path: Assets/07_GameData/Grid/MoveArrow.asset
  artifactKey: Guid(3e88bda77452d064c8b18c61dfe72cf2) Importer(815301076,1909f56bfc062723c751e8b465ee728b)
Number of updated assets reloaded before import = 0
Start importing Assets/07_GameData/Grid/MoveArrow.asset using Guid(3e88bda77452d064c8b18c61dfe72cf2) Importer(815301076,1909f56bfc062723c751e8b465ee728b)  -> (artifact id: '4687e764b78760c2232654149937d8ea') in 0.010619 seconds 
Number of asset objects unloaded after import = 27
========================================================================
Received Import Request.
  Time since last request: 0.267776 seconds.
  path: Assets/07_GameData/Grid/Tiles/TileSpritesPlayer.asset
  artifactKey: Guid(69e46eee3c387a14ca078b0840cbf768) Importer(815301076,1909f56bfc062723c751e8b465ee728b)
Number of updated assets reloaded before import = 0
Start importing Assets/07_GameData/Grid/Tiles/TileSpritesPlayer.asset using Guid(69e46eee3c387a14ca078b0840cbf768) Importer(815301076,1909f56bfc062723c751e8b465ee728b)  -> (artifact id: '68f7e9f9cd1e332c7d54e8babb76a752') in 0.007178 seconds 
Number of asset objects unloaded after import = 9
========================================================================
Received Import Request.
  Time since last request: 16.376967 seconds.
  path: Assets/07_GameData/Units/Visuals/SkeletonSpriteSet.asset
  artifactKey: Guid(264e060a14a28f74f97790eaa5e1b8aa) Importer(815301076,1909f56bfc062723c751e8b465ee728b)
Number of updated assets reloaded before import = 0
Start importing Assets/07_GameData/Units/Visuals/SkeletonSpriteSet.asset using Guid(264e060a14a28f74f97790eaa5e1b8aa) Importer(815301076,1909f56bfc062723c751e8b465ee728b)  -> (artifact id: 'c79de7e35322b7c11aa20d4bdc26fa67') in 0.084188 seconds 
Number of asset objects unloaded after import = 777
========================================================================
Received Prepare
Registering precompiled user dll's ...
Registered in 0.003791 seconds.
Begin MonoManager ReloadAssembly
Symbol file LoadedFromMemory is not a mono symbol file
Native extension for WindowsStandalone target not found
Native extension for iOS target not found
Native extension for Android target not found
Refreshing native plugins compatible for Editor in 1.57 ms, found 3 plugins.
Preloading 0 native plugins for Editor in 0.00 ms.
[Package Manager] Server::EnsureServerProcessIsRunning -- launch failed, reason: Unity was launched with the -noUpm command-line argument
[Package Manager] Cannot connect to Unity Package Manager local server
Mono: successfully reloaded assembly
- Completed reload, in  1.532 seconds
Domain Reload Profiling:
	ReloadAssembly (1533ms)
		BeginReloadAssembly (135ms)
			ExecutionOrderSort (0ms)
			DisableScriptedObjects (8ms)
			BackupInstance (0ms)
			ReleaseScriptingObjects (0ms)
			CreateAndSetChildDomain (46ms)
		EndReloadAssembly (1334ms)
			LoadAssemblies (81ms)
			RebuildTransferFunctionScriptingTraits (0ms)
			SetupTypeCache (251ms)
			ReleaseScriptCaches (3ms)
			RebuildScriptCaches (85ms)
			SetupLoadedEditorAssemblies (863ms)
				LogAssemblyErrors (0ms)
				InitializePlatformSupportModulesInManaged (23ms)
				SetLoadedEditorAssemblies (0ms)
				RefreshPlugins (2ms)
				BeforeProcessingInitializeOnLoad (131ms)
				ProcessInitializeOnLoadAttributes (584ms)
				ProcessInitializeOnLoadMethodAttributes (118ms)
				AfterProcessingInitializeOnLoad (4ms)
				EditorAssembliesLoaded (0ms)
			ExecutionOrderSort2 (0ms)
			AwakeInstancesAfterBackupRestoration (13ms)
Platform modules already initialized, skipping
Shader 'CartoonCoffee/Particle Basic': fallback shader '2' not found
Shader 'MoreMountains/MMRipple': fallback shader 'Particle/AlphaBlended' not found
Shader 'CartoonCoffee/Particle Additive': fallback shader '2' not found
Refreshing native plugins compatible for Editor in 1.71 ms, found 3 plugins.
Preloading 0 native plugins for Editor in 0.00 ms.
Unloading 6353 Unused Serialized files (Serialized files now loaded: 0)
Unloading 103 unused Assets / (1.6 MB). Loaded Objects now: 7191.
Memory consumption went from 349.6 MB to 348.0 MB.
Total: 6.593700 ms (FindLiveObjects: 0.454300 ms CreateObjectMapping: 0.400400 ms MarkObjects: 5.416500 ms  DeleteObjects: 0.321700 ms)

AssetImportParameters requested are different than current active one (requested -> active):
  custom:video-decoder-ogg-theora: a1e56fd34408186e4bbccfd4996cb3dc -> 
  custom:container-muxer-webm: aa71ff27fc2769a1b78a27578f13a17b -> 
  custom:container-demuxer-webm: 4f35f7cbe854078d1ac9338744f61a02 -> 
  custom:video-encoder-webm-vp8: eb34c28f22e8b96e1ab97ce403110664 -> 
  custom:CustomObjectIndexerAttribute: f67f22312cbe972f2da930a377ed3d15 -> 
  custom:audio-encoder-webm-vorbis: bf7c407c2cedff20999df2af8eb42d56 -> 
  custom:framework-win-MediaFoundation: 216162199b28c13a410421893ffa2e32 -> 
  custom:SearchIndexIgnoredProperties: e643bd26f0fe6173181afceb89e7c659 -> 
  custom:container-demuxer-ogg: 62fdf1f143b41e24485cea50d1cbac27 -> 
  custom:video-decoder-webm-vp8: 9c59270c3fd7afecdb556c50c9e8de78 -> 
  custom:audio-decoder-ogg-vorbis: bf7c407c2cedff20999df2af8eb42d56 -> 
========================================================================
Received Import Request.
  Time since last request: 94.141440 seconds.
  path: Assets/03_Prefabs/EncounterArea/Nodes/BossEncounter.prefab
  artifactKey: Guid(7bf28fb60b16a3e4cb8ad1112d4fc38d) Importer(815301076,1909f56bfc062723c751e8b465ee728b)
Number of updated assets reloaded before import = 0
Start importing Assets/03_Prefabs/EncounterArea/Nodes/BossEncounter.prefab using Guid(7bf28fb60b16a3e4cb8ad1112d4fc38d) Importer(815301076,1909f56bfc062723c751e8b465ee728b)  -> (artifact id: '9253764a32b717a56a11075793cfaa43') in 0.356672 seconds 
Number of asset objects unloaded after import = 686
========================================================================
Received Import Request.
  Time since last request: 0.000031 seconds.
  path: Assets/Cartoon Coffee/VFX Deluxe/Prefabs/Bursts/Explosion_Bomb_V4.prefab
  artifactKey: Guid(946b15e227b4de04da7a6199a52563a3) Importer(815301076,1909f56bfc062723c751e8b465ee728b)
Number of updated assets reloaded before import = 0
Start importing Assets/Cartoon Coffee/VFX Deluxe/Prefabs/Bursts/Explosion_Bomb_V4.prefab using Guid(946b15e227b4de04da7a6199a52563a3) Importer(815301076,1909f56bfc062723c751e8b465ee728b)  -> (artifact id: '1cf9c5ac7a7ac9ae6ea2883379ad48ec') in 0.111133 seconds 
Number of asset objects unloaded after import = 98
========================================================================
Received Import Request.
  Time since last request: 0.000029 seconds.
  path: Assets/Cartoon Coffee/VFX Deluxe/Prefabs/Bursts/Explosion_Bomb_V1.prefab
  artifactKey: Guid(46f55cb942f845346a06e4d0562283c2) Importer(815301076,1909f56bfc062723c751e8b465ee728b)
Number of updated assets reloaded before import = 0
Start importing Assets/Cartoon Coffee/VFX Deluxe/Prefabs/Bursts/Explosion_Bomb_V1.prefab using Guid(46f55cb942f845346a06e4d0562283c2) Importer(815301076,1909f56bfc062723c751e8b465ee728b)  -> (artifact id: 'aa9a71541bd93076ad84ba684d95c247') in 0.050657 seconds 
Number of asset objects unloaded after import = 79
========================================================================
Received Import Request.
  Time since last request: 0.000016 seconds.
  path: Assets/Cartoon Coffee/VFX Deluxe/Prefabs/Bursts/Coins_V1.prefab
  artifactKey: Guid(77f2b2a6dcae2ef49918b4a3bae4ff1d) Importer(815301076,1909f56bfc062723c751e8b465ee728b)
Number of updated assets reloaded before import = 0
Start importing Assets/Cartoon Coffee/VFX Deluxe/Prefabs/Bursts/Coins_V1.prefab using Guid(77f2b2a6dcae2ef49918b4a3bae4ff1d) Importer(815301076,1909f56bfc062723c751e8b465ee728b)  -> (artifact id: '38c30e2f19af804ca7efbb8ff76c1b58') in 0.023813 seconds 
Number of asset objects unloaded after import = 14
========================================================================
Received Import Request.
  Time since last request: 0.000016 seconds.
  path: Assets/Cartoon Coffee/2D Slash VFX/Prefabs/Bursts/Claw Slash v2.prefab
  artifactKey: Guid(aee6bb2900c09f94685484f691d5cf68) Importer(815301076,1909f56bfc062723c751e8b465ee728b)
Number of updated assets reloaded before import = 0
Start importing Assets/Cartoon Coffee/2D Slash VFX/Prefabs/Bursts/Claw Slash v2.prefab using Guid(aee6bb2900c09f94685484f691d5cf68) Importer(815301076,1909f56bfc062723c751e8b465ee728b)  -> (artifact id: 'e52a9597feed55a8ebaf36ec74466910') in 0.033988 seconds 
Number of asset objects unloaded after import = 24
========================================================================
Received Import Request.
  Time since last request: 0.000021 seconds.
  path: Assets/Cartoon Coffee/VFX Deluxe/Prefabs/Bursts/Coins_GravityUp_V2.prefab
  artifactKey: Guid(9b570c856ff3ba94da5f6fba1bfbf543) Importer(815301076,1909f56bfc062723c751e8b465ee728b)
Number of updated assets reloaded before import = 0
Start importing Assets/Cartoon Coffee/VFX Deluxe/Prefabs/Bursts/Coins_GravityUp_V2.prefab using Guid(9b570c856ff3ba94da5f6fba1bfbf543) Importer(815301076,1909f56bfc062723c751e8b465ee728b)  -> (artifact id: '3859bcf5c4fff3ef5665a5ab97f74d68') in 0.021445 seconds 
Number of asset objects unloaded after import = 18
========================================================================
Received Import Request.
  Time since last request: 0.000020 seconds.
  path: Assets/03_Prefabs/UI/Buttons/CombatSkillUIButton.prefab
  artifactKey: Guid(f10438304cace06409f5281b00212890) Importer(815301076,1909f56bfc062723c751e8b465ee728b)
Number of updated assets reloaded before import = 0
Start importing Assets/03_Prefabs/UI/Buttons/CombatSkillUIButton.prefab using Guid(f10438304cace06409f5281b00212890) Importer(815301076,1909f56bfc062723c751e8b465ee728b)  -> (artifact id: '6743784568c721d0154b61232c26bd8c') in 0.034810 seconds 
Number of asset objects unloaded after import = 213
========================================================================
Received Import Request.
  Time since last request: 0.000018 seconds.
  path: Assets/Cartoon Coffee/VFX Deluxe/Prefabs/Bursts/Bubbles_Burst_V2.prefab
  artifactKey: Guid(f9aaf0971bb3811458d2380f783dc3b0) Importer(815301076,1909f56bfc062723c751e8b465ee728b)
Number of updated assets reloaded before import = 0
Start importing Assets/Cartoon Coffee/VFX Deluxe/Prefabs/Bursts/Bubbles_Burst_V2.prefab using Guid(f9aaf0971bb3811458d2380f783dc3b0) Importer(815301076,1909f56bfc062723c751e8b465ee728b)  -> (artifact id: '19422319e94a191f98a00014d099ed51') in 0.024973 seconds 
Number of asset objects unloaded after import = 15
========================================================================
Received Import Request.
  Time since last request: 0.000022 seconds.
  path: Assets/Cartoon Coffee/VFX Deluxe/Prefabs/Loops/Bubbles_Loop.prefab
  artifactKey: Guid(fcb85ce3d372c1146bf1817cd17ae101) Importer(815301076,1909f56bfc062723c751e8b465ee728b)
Number of updated assets reloaded before import = 0
Start importing Assets/Cartoon Coffee/VFX Deluxe/Prefabs/Loops/Bubbles_Loop.prefab using Guid(fcb85ce3d372c1146bf1817cd17ae101) Importer(815301076,1909f56bfc062723c751e8b465ee728b)  -> (artifact id: 'a66401f9f581f1e23a4e5d0d9e23505b') in 0.019952 seconds 
Number of asset objects unloaded after import = 15
========================================================================
Received Import Request.
  Time since last request: 0.000017 seconds.
  path: Assets/Cartoon Coffee/VFX Deluxe/Prefabs/Bursts/Explosion_Bomb_V6.prefab
  artifactKey: Guid(942ed26718fd95041ba6ab53d5d6639e) Importer(815301076,1909f56bfc062723c751e8b465ee728b)
Number of updated assets reloaded before import = 0
Start importing Assets/Cartoon Coffee/VFX Deluxe/Prefabs/Bursts/Explosion_Bomb_V6.prefab using Guid(942ed26718fd95041ba6ab53d5d6639e) Importer(815301076,1909f56bfc062723c751e8b465ee728b)  -> (artifact id: '1756d14439245ae76428f18b7e40fd57') in 0.061528 seconds 
Number of asset objects unloaded after import = 79
========================================================================
Received Import Request.
  Time since last request: 0.000017 seconds.
  path: Assets/Cartoon Coffee/VFX Deluxe/Prefabs/Bursts/Debris_GravityUp_V2.prefab
  artifactKey: Guid(85a9d54319d10874ca8c7d37f28c8ed0) Importer(815301076,1909f56bfc062723c751e8b465ee728b)
Number of updated assets reloaded before import = 0
Start importing Assets/Cartoon Coffee/VFX Deluxe/Prefabs/Bursts/Debris_GravityUp_V2.prefab using Guid(85a9d54319d10874ca8c7d37f28c8ed0) Importer(815301076,1909f56bfc062723c751e8b465ee728b)  -> (artifact id: 'b437de8d46b4de035b2a8186d724f886') in 0.020577 seconds 
Number of asset objects unloaded after import = 18
========================================================================
Received Import Request.
  Time since last request: 0.000019 seconds.
  path: Assets/Cartoon Coffee/VFX Deluxe/Prefabs/Bursts/Explosion_Bomb_V5.prefab
  artifactKey: Guid(cc71ff284b2b6134ca0b2dbffa088e69) Importer(815301076,1909f56bfc062723c751e8b465ee728b)
Number of updated assets reloaded before import = 0
Start importing Assets/Cartoon Coffee/VFX Deluxe/Prefabs/Bursts/Explosion_Bomb_V5.prefab using Guid(cc71ff284b2b6134ca0b2dbffa088e69) Importer(815301076,1909f56bfc062723c751e8b465ee728b)  -> (artifact id: 'e6f2879c6784dad7c70633311f88f9da') in 0.029537 seconds 
Number of asset objects unloaded after import = 39
========================================================================
Received Import Request.
  Time since last request: 0.000016 seconds.
  path: Assets/Cartoon Coffee/VFX Deluxe/Prefabs/Bursts/Explosion_Bomb_V8.prefab
  artifactKey: Guid(4338477180a71bc43b8114357e452d42) Importer(815301076,1909f56bfc062723c751e8b465ee728b)
Number of updated assets reloaded before import = 0
Start importing Assets/Cartoon Coffee/VFX Deluxe/Prefabs/Bursts/Explosion_Bomb_V8.prefab using Guid(4338477180a71bc43b8114357e452d42) Importer(815301076,1909f56bfc062723c751e8b465ee728b)  -> (artifact id: '7624c65c5a22d9d918bcd31c80612dce') in 0.026381 seconds 
Number of asset objects unloaded after import = 36
========================================================================
Received Import Request.
  Time since last request: 0.000015 seconds.
  path: Assets/Cartoon Coffee/VFX Deluxe/Prefabs/Bursts/Coins_V2.prefab
  artifactKey: Guid(8e8ce613594aa80489bb70c1a7e27c61) Importer(815301076,1909f56bfc062723c751e8b465ee728b)
Number of updated assets reloaded before import = 0
Start importing Assets/Cartoon Coffee/VFX Deluxe/Prefabs/Bursts/Coins_V2.prefab using Guid(8e8ce613594aa80489bb70c1a7e27c61) Importer(815301076,1909f56bfc062723c751e8b465ee728b)  -> (artifact id: 'cf9fb500c5e7d7e5997176bcbe05cfd8') in 0.022781 seconds 
Number of asset objects unloaded after import = 18
========================================================================
Received Import Request.
  Time since last request: 0.000027 seconds.
  path: Assets/Cartoon Coffee/VFX Deluxe/Prefabs/Bursts/Explosion_Lightning.prefab
  artifactKey: Guid(442486026d7ae68428087e1cf03543fe) Importer(815301076,1909f56bfc062723c751e8b465ee728b)
Number of updated assets reloaded before import = 0
Start importing Assets/Cartoon Coffee/VFX Deluxe/Prefabs/Bursts/Explosion_Lightning.prefab using Guid(442486026d7ae68428087e1cf03543fe) Importer(815301076,1909f56bfc062723c751e8b465ee728b)  -> (artifact id: 'e92b5e58ea906a6d7904ad1310dd96ce') in 0.048157 seconds 
Number of asset objects unloaded after import = 70
========================================================================
Received Import Request.
  Time since last request: 0.000019 seconds.
  path: Assets/Cartoon Coffee/2D Slash VFX/Prefabs/Bursts/Claw Slash v1.prefab
  artifactKey: Guid(18972a4b96da1154ab68456231566eca) Importer(815301076,1909f56bfc062723c751e8b465ee728b)
Number of updated assets reloaded before import = 0
Start importing Assets/Cartoon Coffee/2D Slash VFX/Prefabs/Bursts/Claw Slash v1.prefab using Guid(18972a4b96da1154ab68456231566eca) Importer(815301076,1909f56bfc062723c751e8b465ee728b)  -> (artifact id: '36bfaaa4a1352528484b74ad187f4778') in 0.025590 seconds 
Number of asset objects unloaded after import = 24
========================================================================
Received Import Request.
  Time since last request: 0.000019 seconds.
  path: Assets/Cartoon Coffee/VFX Deluxe/Prefabs/Bursts/Debris_V3.prefab
  artifactKey: Guid(a3c711924df2dd546b05f3faeb359020) Importer(815301076,1909f56bfc062723c751e8b465ee728b)
Number of updated assets reloaded before import = 0
Start importing Assets/Cartoon Coffee/VFX Deluxe/Prefabs/Bursts/Debris_V3.prefab using Guid(a3c711924df2dd546b05f3faeb359020) Importer(815301076,1909f56bfc062723c751e8b465ee728b)  -> (artifact id: 'ad2ac2c72bf0d6d013f8af981b0f73fc') in 0.021115 seconds 
Number of asset objects unloaded after import = 22
========================================================================
Received Import Request.
  Time since last request: 0.000020 seconds.
  path: Assets/Cartoon Coffee/VFX Deluxe/Prefabs/Loops/Charge_Poison.prefab
  artifactKey: Guid(17cc5cf75b5b0bf4aabfc31f18b46381) Importer(815301076,1909f56bfc062723c751e8b465ee728b)
Number of updated assets reloaded before import = 0
Start importing Assets/Cartoon Coffee/VFX Deluxe/Prefabs/Loops/Charge_Poison.prefab using Guid(17cc5cf75b5b0bf4aabfc31f18b46381) Importer(815301076,1909f56bfc062723c751e8b465ee728b)  -> (artifact id: 'e164f99d90f0e8224628248a8b76175e') in 0.053847 seconds 
Number of asset objects unloaded after import = 64
========================================================================
Received Import Request.
  Time since last request: 0.000016 seconds.
  path: Assets/Cartoon Coffee/VFX Deluxe/Prefabs/Bursts/Debris_GravityUp_V1.prefab
  artifactKey: Guid(29be4abc734176045bca5e8c98da15ad) Importer(815301076,1909f56bfc062723c751e8b465ee728b)
Number of updated assets reloaded before import = 0
Start importing Assets/Cartoon Coffee/VFX Deluxe/Prefabs/Bursts/Debris_GravityUp_V1.prefab using Guid(29be4abc734176045bca5e8c98da15ad) Importer(815301076,1909f56bfc062723c751e8b465ee728b)  -> (artifact id: '4a75d560c4c89798122b642207d45fb7') in 0.021914 seconds 
Number of asset objects unloaded after import = 14
Editor requested this worker to shutdown with reason: Scaling down because of idle timeout
AssetImportWorker is now disconnected from the server
Process exiting
Exiting without the bug reporter. Application will terminate with return code 0