Unity Editor version:    2021.3.32f1 (3b9dae9532f5)
Branch:                  2021.3/staging
Build type:              Release
Batch mode:              YES
macOS version:           Version 14.1.1 (Build 23B2082)
Darwin version:          23.1.0
Architecture:            arm64
Running under Rosetta:   NO
Available memory:        18432 MB
Using pre-set license
Pro License: YES

COMMAND LINE ARGUMENTS:
/Applications/Unity/Hub/Editor/2021.3.32f1/Unity.app/Contents/MacOS/Unity
-adb2
-batchMode
-noUpm
-name
AssetImportWorker36
-projectPath
/Users/daniel/Documents/fe-kingdom-mobile/trunk/FireEmblemMobile/FireEmblemMobileUnityProject
-logFile
Logs/AssetImportWorker36.log
-srvPort
49232
Successfully changed project path to: /Users/daniel/Documents/fe-kingdom-mobile/trunk/FireEmblemMobile/FireEmblemMobileUnityProject
/Users/daniel/Documents/fe-kingdom-mobile/trunk/FireEmblemMobile/FireEmblemMobileUnityProject
[UnityMemory] Configuration Parameters - Can be set up in boot.config
    "memorysetup-bucket-allocator-granularity=16"
    "memorysetup-bucket-allocator-bucket-count=8"
    "memorysetup-bucket-allocator-block-size=33554432"
    "memorysetup-bucket-allocator-block-count=8"
    "memorysetup-main-allocator-block-size=16777216"
    "memorysetup-thread-allocator-block-size=16777216"
    "memorysetup-gfx-main-allocator-block-size=16777216"
    "memorysetup-gfx-thread-allocator-block-size=16777216"
    "memorysetup-cache-allocator-block-size=4194304"
    "memorysetup-typetree-allocator-block-size=2097152"
    "memorysetup-profiler-bucket-allocator-granularity=16"
    "memorysetup-profiler-bucket-allocator-bucket-count=8"
    "memorysetup-profiler-bucket-allocator-block-size=33554432"
    "memorysetup-profiler-bucket-allocator-block-count=8"
    "memorysetup-profiler-allocator-block-size=16777216"
    "memorysetup-profiler-editor-allocator-block-size=1048576"
    "memorysetup-temp-allocator-size-main=16777216"
    "memorysetup-job-temp-allocator-block-size=2097152"
    "memorysetup-job-temp-allocator-block-size-background=1048576"
    "memorysetup-job-temp-allocator-reduction-small-platforms=262144"
    "memorysetup-temp-allocator-size-background-worker=32768"
    "memorysetup-temp-allocator-size-job-worker=262144"
    "memorysetup-temp-allocator-size-preload-manager=33554432"
    "memorysetup-temp-allocator-size-nav-mesh-worker=65536"
    "memorysetup-temp-allocator-size-audio-worker=65536"
    "memorysetup-temp-allocator-size-cloud-worker=32768"
    "memorysetup-temp-allocator-size-gi-baking-worker=262144"
    "memorysetup-temp-allocator-size-gfx=262144"
Player connection [8031248064] Host "[IP] 192.168.0.17 [Port] 0 [Flags] 2 [Guid] 1356600851 [EditorId] 1356600851 [Version] 1048832 [Id] OSXEditor(0,Daniels-MacBook-Pro.local) [Debug] 1 [PackageName] OSXEditor [ProjectName] Editor" joined multi-casting on [225.0.0.222:54997]...

Player connection [8031248064] Host "[IP] 192.168.0.17 [Port] 0 [Flags] 2 [Guid] 1356600851 [EditorId] 1356600851 [Version] 1048832 [Id] OSXEditor(0,Daniels-MacBook-Pro.local) [Debug] 1 [PackageName] OSXEditor [ProjectName] Editor" joined alternative multi-casting on [225.0.0.222:34997]...

[Physics::Module] Initialized MultithreadedJobDispatcher with {0} workers.
Refreshing native plugins compatible for Editor in 109.48 ms, found 2 plugins.
Preloading 1 native plugins for Editor in 0.50 ms.
Initialize engine version: 2021.3.32f1 (3b9dae9532f5)
[Subsystems] Discovering subsystems at path /Applications/Unity/Hub/Editor/2021.3.32f1/Unity.app/Contents/Resources/UnitySubsystems
[Subsystems] Discovering subsystems at path /Users/daniel/Documents/fe-kingdom-mobile/trunk/FireEmblemMobile/FireEmblemMobileUnityProject/Assets
GfxDevice: creating device client; threaded=0; jobified=0
 preferred device: Apple M3 Pro (high power)
Metal devices available: 1
0: Apple M3 Pro (high power)
Using device Apple M3 Pro (high power)
Initializing Metal device caps: Apple M3 Pro
Shader 'CartoonCoffee/Particle Basic': fallback shader '2' not found
Shader 'CartoonCoffee/Particle Additive': fallback shader '2' not found
Shader 'MoreMountains/MMRipple': fallback shader 'Particle/AlphaBlended' not found
Initialize mono
Mono path[0] = '/Applications/Unity/Hub/Editor/2021.3.32f1/Unity.app/Contents/Managed'
Mono path[1] = '/Applications/Unity/Hub/Editor/2021.3.32f1/Unity.app/Contents/MonoBleedingEdge/lib/mono/unityjit-macos'
Mono config path = '/Applications/Unity/Hub/Editor/2021.3.32f1/Unity.app/Contents/MonoBleedingEdge/etc'
Using monoOptions --debugger-agent=transport=dt_socket,embedding=1,server=y,suspend=n,address=127.0.0.1:56567
Begin MonoManager ReloadAssembly
Registering precompiled unity dll's ...
Register platform support module: /Applications/Unity/Hub/Editor/2021.3.32f1/Unity.app/Contents/PlaybackEngines/MacStandaloneSupport/UnityEditor.OSXStandalone.Extensions.dll
Register platform support module: /Applications/Unity/Hub/Editor/2021.3.32f1/PlaybackEngines/AndroidPlayer/UnityEditor.Android.Extensions.dll
Register platform support module: /Applications/Unity/Hub/Editor/2021.3.32f1/PlaybackEngines/iOSSupport/UnityEditor.iOS.Extensions.dll
Registered in 0.001491 seconds.
[usbmuxd] Start listen thread
[usbmuxd] Listen thread started
[usbmuxd] Send listen message
Native extension for iOS target not found
Native extension for Android target not found
Android Extension - Scanning For ADB Devices 63 ms
Native extension for OSXStandalone target not found
Refreshing native plugins compatible for Editor in 111.22 ms, found 2 plugins.
Preloading 1 native plugins for Editor in 0.19 ms.
Mono: successfully reloaded assembly
- Completed reload, in  0.490 seconds
Domain Reload Profiling:
	ReloadAssembly (490ms)
		BeginReloadAssembly (47ms)
			ExecutionOrderSort (0ms)
			DisableScriptedObjects (0ms)
			BackupInstance (0ms)
			ReleaseScriptingObjects (0ms)
			CreateAndSetChildDomain (0ms)
		EndReloadAssembly (400ms)
			LoadAssemblies (47ms)
			RebuildTransferFunctionScriptingTraits (0ms)
			SetupTypeCache (53ms)
			ReleaseScriptCaches (0ms)
			RebuildScriptCaches (14ms)
			SetupLoadedEditorAssemblies (312ms)
				LogAssemblyErrors (0ms)
				InitializePlatformSupportModulesInManaged (152ms)
				SetLoadedEditorAssemblies (0ms)
				RefreshPlugins (111ms)
				BeforeProcessingInitializeOnLoad (1ms)
				ProcessInitializeOnLoadAttributes (31ms)
				ProcessInitializeOnLoadMethodAttributes (17ms)
				AfterProcessingInitializeOnLoad (0ms)
				EditorAssembliesLoaded (0ms)
			ExecutionOrderSort2 (0ms)
			AwakeInstancesAfterBackupRestoration (0ms)
Platform modules already initialized, skipping
Registering precompiled user dll's ...
Registered in 0.001436 seconds.
Begin MonoManager ReloadAssembly
Symbol file LoadedFromMemory is not a mono symbol file
Native extension for iOS target not found
Native extension for Android target not found
Native extension for OSXStandalone target not found
Refreshing native plugins compatible for Editor in 118.60 ms, found 2 plugins.
Preloading 1 native plugins for Editor in 0.19 ms.
Package Manager log level set to [2]
[Package Manager] Server::EnsureServerProcessIsRunning -- launch failed, reason: Unity was launched with the -noUpm command-line argument
[Package Manager] Cannot connect to Unity Package Manager local server
Mono: successfully reloaded assembly
- Completed reload, in  1.195 seconds
Domain Reload Profiling:
	ReloadAssembly (1196ms)
		BeginReloadAssembly (49ms)
			ExecutionOrderSort (0ms)
			DisableScriptedObjects (3ms)
			BackupInstance (0ms)
			ReleaseScriptingObjects (0ms)
			CreateAndSetChildDomain (13ms)
		EndReloadAssembly (1096ms)
			LoadAssemblies (76ms)
			RebuildTransferFunctionScriptingTraits (0ms)
			SetupTypeCache (190ms)
			ReleaseScriptCaches (1ms)
			RebuildScriptCaches (58ms)
			SetupLoadedEditorAssemblies (737ms)
				LogAssemblyErrors (0ms)
				InitializePlatformSupportModulesInManaged (13ms)
				SetLoadedEditorAssemblies (0ms)
				RefreshPlugins (119ms)
				BeforeProcessingInitializeOnLoad (57ms)
				ProcessInitializeOnLoadAttributes (465ms)
				ProcessInitializeOnLoadMethodAttributes (83ms)
				AfterProcessingInitializeOnLoad (0ms)
				EditorAssembliesLoaded (0ms)
			ExecutionOrderSort2 (0ms)
			AwakeInstancesAfterBackupRestoration (1ms)
Platform modules already initialized, skipping
========================================================================
Worker process is ready to serve import requests
Shader 'MoreMountains/MMRipple': fallback shader 'Particle/AlphaBlended' not found
Shader 'CartoonCoffee/Particle Additive': fallback shader '2' not found
Shader 'CartoonCoffee/Particle Basic': fallback shader '2' not found
Launching external process: /Applications/Unity/Hub/Editor/2021.3.32f1/Unity.app/Contents/Tools/UnityShaderCompiler
Launched and connected shader compiler UnityShaderCompiler after 0.04 seconds
Refreshing native plugins compatible for Editor in 1.07 ms, found 2 plugins.
Preloading 1 native plugins for Editor in 0.14 ms.
Unloading 6761 Unused Serialized files (Serialized files now loaded: 0)
Unloading 102 unused Assets / (2.0 MB). Loaded Objects now: 7259.
Memory consumption went from 368.4 MB to 366.4 MB.
Total: 4.808500 ms (FindLiveObjects: 0.157042 ms CreateObjectMapping: 0.062083 ms MarkObjects: 4.238625 ms  DeleteObjects: 0.350125 ms)

AssetImportParameters requested are different than current active one (requested -> active):
  custom:video-decoder-ogg-theora: a1e56fd34408186e4bbccfd4996cb3dc -> 
  custom:container-muxer-webm: aa71ff27fc2769a1b78a27578f13a17b -> 
  custom:container-demuxer-webm: 4f35f7cbe854078d1ac9338744f61a02 -> 
  custom:video-encoder-webm-vp8: eb34c28f22e8b96e1ab97ce403110664 -> 
  custom:framework-osx-AVFoundation: e770b220cccbd017edd2c1fefb359320 -> 
  custom:CustomObjectIndexerAttribute: f67f22312cbe972f2da930a377ed3d15 -> 
  custom:audio-encoder-webm-vorbis: bf7c407c2cedff20999df2af8eb42d56 -> 
  custom:SearchIndexIgnoredProperties: e643bd26f0fe6173181afceb89e7c659 -> 
  custom:container-demuxer-ogg: 62fdf1f143b41e24485cea50d1cbac27 -> 
  custom:video-decoder-webm-vp8: 9c59270c3fd7afecdb556c50c9e8de78 -> 
  custom:audio-decoder-ogg-vorbis: bf7c407c2cedff20999df2af8eb42d56 -> 
========================================================================
Received Import Request.
  Time since last request: 91473.430021 seconds.
  path: Assets/JMO Assets/Cartoon FX Remaster/CFXR Prefabs/Explosions/Variants/CFXR2 WW Explosion (Green).prefab
  artifactKey: Guid(f606e057650bc5942a7358adc052491b) Importer(815301076,1909f56bfc062723c751e8b465ee728b)
Number of updated assets reloaded before import = 0
Start importing Assets/JMO Assets/Cartoon FX Remaster/CFXR Prefabs/Explosions/Variants/CFXR2 WW Explosion (Green).prefab using Guid(f606e057650bc5942a7358adc052491b) Importer(815301076,1909f56bfc062723c751e8b465ee728b)  -> (artifact id: 'f647e7219afdc4eb2bfceb0edfb47ecd') in 0.231925 seconds 
Number of asset objects unloaded after import = 132
========================================================================
Received Import Request.
  Time since last request: 1143.564860 seconds.
  path: Assets/JMO Assets/Cartoon FX (legacy)/CFX3 Prefabs/Environment/Variants/CFX3_SmokeColumn_Black (Prewarm).prefab
  artifactKey: Guid(1002ef9b83c8e804b966e98e69a5e88b) Importer(815301076,1909f56bfc062723c751e8b465ee728b)
Number of updated assets reloaded before import = 0
Start importing Assets/JMO Assets/Cartoon FX (legacy)/CFX3 Prefabs/Environment/Variants/CFX3_SmokeColumn_Black (Prewarm).prefab using Guid(1002ef9b83c8e804b966e98e69a5e88b) Importer(815301076,1909f56bfc062723c751e8b465ee728b)  -> (artifact id: '6b8fad43b35bdf4628c49bd476178a63') in 0.135753 seconds 
Number of asset objects unloaded after import = 9
========================================================================
Received Import Request.
  Time since last request: 0.000518 seconds.
  path: Assets/JMO Assets/Cartoon FX (legacy)/CFX3 Prefabs/Environment/Variants/CFX3_SmokeColumn_Wind_Blue (Prewarm).prefab
  artifactKey: Guid(e8e982134060a8b4baf8794b0108110e) Importer(815301076,1909f56bfc062723c751e8b465ee728b)
Number of updated assets reloaded before import = 0
Start importing Assets/JMO Assets/Cartoon FX (legacy)/CFX3 Prefabs/Environment/Variants/CFX3_SmokeColumn_Wind_Blue (Prewarm).prefab using Guid(e8e982134060a8b4baf8794b0108110e) Importer(815301076,1909f56bfc062723c751e8b465ee728b)  -> (artifact id: 'd5019bf604254e5ad8c9ac71ace8888a') in 0.006259 seconds 
Number of asset objects unloaded after import = 9
========================================================================
Received Import Request.
  Time since last request: 0.000044 seconds.
  path: Assets/JMO Assets/Cartoon FX (legacy)/CFX4 Prefabs/Explosions/Variants/CFX4 Explosion SoftEdge Air (Blue, No Smoke).prefab
  artifactKey: Guid(e3a741cefbfa28a4db670784df925359) Importer(815301076,1909f56bfc062723c751e8b465ee728b)
Number of updated assets reloaded before import = 0
Start importing Assets/JMO Assets/Cartoon FX (legacy)/CFX4 Prefabs/Explosions/Variants/CFX4 Explosion SoftEdge Air (Blue, No Smoke).prefab using Guid(e3a741cefbfa28a4db670784df925359) Importer(815301076,1909f56bfc062723c751e8b465ee728b)  -> (artifact id: '6f4327859d1c5f0f46454bd4ca098ee6') in 0.013056 seconds 
Number of asset objects unloaded after import = 27
========================================================================
Received Import Request.
  Time since last request: 0.000058 seconds.
  path: Assets/JMO Assets/Cartoon FX (legacy)/CFX3 Prefabs/Environment/Variants/CFX3_SmokeColumn_Wind_White (Prewarm).prefab
  artifactKey: Guid(a551aa07bf84a194c8aa5fa107386fac) Importer(815301076,1909f56bfc062723c751e8b465ee728b)
Number of updated assets reloaded before import = 0
Start importing Assets/JMO Assets/Cartoon FX (legacy)/CFX3 Prefabs/Environment/Variants/CFX3_SmokeColumn_Wind_White (Prewarm).prefab using Guid(a551aa07bf84a194c8aa5fa107386fac) Importer(815301076,1909f56bfc062723c751e8b465ee728b)  -> (artifact id: '6858e5bccdb5bfe8fe32b67137bb60bf') in 0.006900 seconds 
Number of asset objects unloaded after import = 9
========================================================================
Received Import Request.
  Time since last request: 0.000039 seconds.
  path: Assets/JMO Assets/Cartoon FX (legacy)/CFX4 Prefabs/Explosions/Variants/CFX4 Explosion SoftEdge Air (No Smoke).prefab
  artifactKey: Guid(5b715a23d9a4cc04fb477c3e66a5885e) Importer(815301076,1909f56bfc062723c751e8b465ee728b)
Number of updated assets reloaded before import = 0
Start importing Assets/JMO Assets/Cartoon FX (legacy)/CFX4 Prefabs/Explosions/Variants/CFX4 Explosion SoftEdge Air (No Smoke).prefab using Guid(5b715a23d9a4cc04fb477c3e66a5885e) Importer(815301076,1909f56bfc062723c751e8b465ee728b)  -> (artifact id: '0dc16d8c29fd02af9ea42e54a73e8230') in 0.006269 seconds 
Number of asset objects unloaded after import = 27
========================================================================
Received Import Request.
  Time since last request: 0.000053 seconds.
  path: Assets/JMO Assets/Cartoon FX (legacy)/CFX3 Prefabs/Environment/CFX3_SmokeColumn_Wind_Blue.prefab
  artifactKey: Guid(d1b5cc21cfe12a4459d7da522a88dc86) Importer(815301076,1909f56bfc062723c751e8b465ee728b)
Number of updated assets reloaded before import = 0
Start importing Assets/JMO Assets/Cartoon FX (legacy)/CFX3 Prefabs/Environment/CFX3_SmokeColumn_Wind_Blue.prefab using Guid(d1b5cc21cfe12a4459d7da522a88dc86) Importer(815301076,1909f56bfc062723c751e8b465ee728b)  -> (artifact id: '1f759f083e8f9562ad9ddc35daa59855') in 0.004958 seconds 
Number of asset objects unloaded after import = 9
========================================================================
Received Import Request.
  Time since last request: 0.000059 seconds.
  path: Assets/JMO Assets/Cartoon FX (legacy)/CFX3 Prefabs/Environment/Variants/CFX3_SmokeColumn_White (Prewarm).prefab
  artifactKey: Guid(0a43ccb78268bc042a85dbb00bf22d2a) Importer(815301076,1909f56bfc062723c751e8b465ee728b)
Number of updated assets reloaded before import = 0
Start importing Assets/JMO Assets/Cartoon FX (legacy)/CFX3 Prefabs/Environment/Variants/CFX3_SmokeColumn_White (Prewarm).prefab using Guid(0a43ccb78268bc042a85dbb00bf22d2a) Importer(815301076,1909f56bfc062723c751e8b465ee728b)  -> (artifact id: 'bbe025192fd7456ca1833abac9f6fd2d') in 0.006104 seconds 
Number of asset objects unloaded after import = 9
========================================================================
Received Import Request.
  Time since last request: 0.000052 seconds.
  path: Assets/JMO Assets/Cartoon FX (legacy)/CFX3 Prefabs/Environment/Variants/CFX3_SmokeColumn_Wind_Red (Prewarm).prefab
  artifactKey: Guid(0b2c4bcc6f048fb419233f48b27d40f0) Importer(815301076,1909f56bfc062723c751e8b465ee728b)
Number of updated assets reloaded before import = 0
Start importing Assets/JMO Assets/Cartoon FX (legacy)/CFX3 Prefabs/Environment/Variants/CFX3_SmokeColumn_Wind_Red (Prewarm).prefab using Guid(0b2c4bcc6f048fb419233f48b27d40f0) Importer(815301076,1909f56bfc062723c751e8b465ee728b)  -> (artifact id: '811b72eedf55d10b6700fef66dd73e99') in 0.004993 seconds 
Number of asset objects unloaded after import = 9
========================================================================
Received Import Request.
  Time since last request: 0.000045 seconds.
  path: Assets/JMO Assets/Cartoon FX (legacy)/CFX3 Prefabs/Environment/Variants/CFX3_SmokeColumn_Green (Prewarm).prefab
  artifactKey: Guid(f5bda10ae5b32b743ba7ea26d35ebd3e) Importer(815301076,1909f56bfc062723c751e8b465ee728b)
Number of updated assets reloaded before import = 0
Start importing Assets/JMO Assets/Cartoon FX (legacy)/CFX3 Prefabs/Environment/Variants/CFX3_SmokeColumn_Green (Prewarm).prefab using Guid(f5bda10ae5b32b743ba7ea26d35ebd3e) Importer(815301076,1909f56bfc062723c751e8b465ee728b)  -> (artifact id: '64e3172db3abceab6c20240d098dcc9b') in 0.005359 seconds 
Number of asset objects unloaded after import = 9
========================================================================
Received Import Request.
  Time since last request: 0.000043 seconds.
  path: Assets/JMO Assets/Cartoon FX (legacy)/CFX3 Prefabs/Environment/CFX3_SmokeColumn_Blue.prefab
  artifactKey: Guid(35d7e0f9d5e708c499b4d2e0c48b92f2) Importer(815301076,1909f56bfc062723c751e8b465ee728b)
Number of updated assets reloaded before import = 0
Start importing Assets/JMO Assets/Cartoon FX (legacy)/CFX3 Prefabs/Environment/CFX3_SmokeColumn_Blue.prefab using Guid(35d7e0f9d5e708c499b4d2e0c48b92f2) Importer(815301076,1909f56bfc062723c751e8b465ee728b)  -> (artifact id: '6fca0148600ec392b953a0f79265c39e') in 0.004940 seconds 
Number of asset objects unloaded after import = 9
========================================================================
Received Import Request.
  Time since last request: 0.000031 seconds.
  path: Assets/JMO Assets/Cartoon FX (legacy)/CFX3 Prefabs/Environment/Variants/CFX3_SmokeColumn_Blue (Prewarm).prefab
  artifactKey: Guid(6d087041d672f094eac50536991fd884) Importer(815301076,1909f56bfc062723c751e8b465ee728b)
Number of updated assets reloaded before import = 0
Start importing Assets/JMO Assets/Cartoon FX (legacy)/CFX3 Prefabs/Environment/Variants/CFX3_SmokeColumn_Blue (Prewarm).prefab using Guid(6d087041d672f094eac50536991fd884) Importer(815301076,1909f56bfc062723c751e8b465ee728b)  -> (artifact id: '1701062374741f8386684081329a4222') in 0.006846 seconds 
Number of asset objects unloaded after import = 9
========================================================================
Received Import Request.
  Time since last request: 0.000047 seconds.
  path: Assets/JMO Assets/Cartoon FX (legacy)/CFX3 Prefabs/Environment/CFX3_SmokeColumn_Wind_Red.prefab
  artifactKey: Guid(069319e0798d8534a8c1ae3313cf01c1) Importer(815301076,1909f56bfc062723c751e8b465ee728b)
Number of updated assets reloaded before import = 0
Start importing Assets/JMO Assets/Cartoon FX (legacy)/CFX3 Prefabs/Environment/CFX3_SmokeColumn_Wind_Red.prefab using Guid(069319e0798d8534a8c1ae3313cf01c1) Importer(815301076,1909f56bfc062723c751e8b465ee728b)  -> (artifact id: '1695426f9c0b7f62a733319456f25369') in 0.008510 seconds 
Number of asset objects unloaded after import = 9
Editor requested this worker to shutdown with reason: Scaling down because of idle timeout
AssetImportWorker is now disconnected from the server
Process exiting
