Unity Editor version:    2021.3.32f1 (3b9dae9532f5)
Branch:                  2021.3/staging
Build type:              Release
Batch mode:              YES
macOS version:           Version 14.1.1 (Build 23B2082)
Darwin version:          23.1.0
Architecture:            arm64
Running under Rosetta:   NO
Available memory:        18432 MB
Using pre-set license
Pro License: YES

COMMAND LINE ARGUMENTS:
/Applications/Unity/Hub/Editor/2021.3.32f1/Unity.app/Contents/MacOS/Unity
-adb2
-batchMode
-noUpm
-name
AssetImportWorker19
-projectPath
/Users/daniel/Documents/fe-kingdom-mobile/trunk/FireEmblemMobile/FireEmblemMobileUnityProject
-logFile
Logs/AssetImportWorker19.log
-srvPort
49232
Successfully changed project path to: /Users/daniel/Documents/fe-kingdom-mobile/trunk/FireEmblemMobile/FireEmblemMobileUnityProject
/Users/daniel/Documents/fe-kingdom-mobile/trunk/FireEmblemMobile/FireEmblemMobileUnityProject
[UnityMemory] Configuration Parameters - Can be set up in boot.config
    "memorysetup-bucket-allocator-granularity=16"
    "memorysetup-bucket-allocator-bucket-count=8"
    "memorysetup-bucket-allocator-block-size=33554432"
    "memorysetup-bucket-allocator-block-count=8"
    "memorysetup-main-allocator-block-size=16777216"
    "memorysetup-thread-allocator-block-size=16777216"
    "memorysetup-gfx-main-allocator-block-size=16777216"
    "memorysetup-gfx-thread-allocator-block-size=16777216"
    "memorysetup-cache-allocator-block-size=4194304"
    "memorysetup-typetree-allocator-block-size=2097152"
    "memorysetup-profiler-bucket-allocator-granularity=16"
    "memorysetup-profiler-bucket-allocator-bucket-count=8"
    "memorysetup-profiler-bucket-allocator-block-size=33554432"
    "memorysetup-profiler-bucket-allocator-block-count=8"
    "memorysetup-profiler-allocator-block-size=16777216"
    "memorysetup-profiler-editor-allocator-block-size=1048576"
    "memorysetup-temp-allocator-size-main=16777216"
    "memorysetup-job-temp-allocator-block-size=2097152"
    "memorysetup-job-temp-allocator-block-size-background=1048576"
    "memorysetup-job-temp-allocator-reduction-small-platforms=262144"
    "memorysetup-temp-allocator-size-background-worker=32768"
    "memorysetup-temp-allocator-size-job-worker=262144"
    "memorysetup-temp-allocator-size-preload-manager=33554432"
    "memorysetup-temp-allocator-size-nav-mesh-worker=65536"
    "memorysetup-temp-allocator-size-audio-worker=65536"
    "memorysetup-temp-allocator-size-cloud-worker=32768"
    "memorysetup-temp-allocator-size-gi-baking-worker=262144"
    "memorysetup-temp-allocator-size-gfx=262144"
Player connection [8031248064] Host "[IP] 192.168.0.17 [Port] 0 [Flags] 2 [Guid] 4184371157 [EditorId] 4184371157 [Version] 1048832 [Id] OSXEditor(0,Daniels-MacBook-Pro.local) [Debug] 1 [PackageName] OSXEditor [ProjectName] Editor" joined multi-casting on [225.0.0.222:54997]...

Player connection [8031248064] Host "[IP] 192.168.0.17 [Port] 0 [Flags] 2 [Guid] 4184371157 [EditorId] 4184371157 [Version] 1048832 [Id] OSXEditor(0,Daniels-MacBook-Pro.local) [Debug] 1 [PackageName] OSXEditor [ProjectName] Editor" joined alternative multi-casting on [225.0.0.222:34997]...

[Physics::Module] Initialized MultithreadedJobDispatcher with {0} workers.
Refreshing native plugins compatible for Editor in 144.50 ms, found 2 plugins.
Preloading 1 native plugins for Editor in 0.54 ms.
Initialize engine version: 2021.3.32f1 (3b9dae9532f5)
[Subsystems] Discovering subsystems at path /Applications/Unity/Hub/Editor/2021.3.32f1/Unity.app/Contents/Resources/UnitySubsystems
[Subsystems] Discovering subsystems at path /Users/daniel/Documents/fe-kingdom-mobile/trunk/FireEmblemMobile/FireEmblemMobileUnityProject/Assets
GfxDevice: creating device client; threaded=0; jobified=0
 preferred device: Apple M3 Pro (high power)
Metal devices available: 1
0: Apple M3 Pro (high power)
Using device Apple M3 Pro (high power)
Initializing Metal device caps: Apple M3 Pro
Shader 'CartoonCoffee/Particle Basic': fallback shader '2' not found
Shader 'CartoonCoffee/Particle Additive': fallback shader '2' not found
Shader 'MoreMountains/MMRipple': fallback shader 'Particle/AlphaBlended' not found
Initialize mono
Mono path[0] = '/Applications/Unity/Hub/Editor/2021.3.32f1/Unity.app/Contents/Managed'
Mono path[1] = '/Applications/Unity/Hub/Editor/2021.3.32f1/Unity.app/Contents/MonoBleedingEdge/lib/mono/unityjit-macos'
Mono config path = '/Applications/Unity/Hub/Editor/2021.3.32f1/Unity.app/Contents/MonoBleedingEdge/etc'
Using monoOptions --debugger-agent=transport=dt_socket,embedding=1,server=y,suspend=n,address=127.0.0.1:56942
Begin MonoManager ReloadAssembly
Registering precompiled unity dll's ...
Register platform support module: /Applications/Unity/Hub/Editor/2021.3.32f1/Unity.app/Contents/PlaybackEngines/MacStandaloneSupport/UnityEditor.OSXStandalone.Extensions.dll
Register platform support module: /Applications/Unity/Hub/Editor/2021.3.32f1/PlaybackEngines/AndroidPlayer/UnityEditor.Android.Extensions.dll
Register platform support module: /Applications/Unity/Hub/Editor/2021.3.32f1/PlaybackEngines/iOSSupport/UnityEditor.iOS.Extensions.dll
Registered in 0.001587 seconds.
[usbmuxd] Start listen thread
[usbmuxd] Listen thread started
[usbmuxd] Send listen message
Native extension for iOS target not found
Native extension for Android target not found
Android Extension - Scanning For ADB Devices 67 ms
Native extension for OSXStandalone target not found
Refreshing native plugins compatible for Editor in 143.14 ms, found 2 plugins.
Preloading 1 native plugins for Editor in 0.15 ms.
Mono: successfully reloaded assembly
- Completed reload, in  0.600 seconds
Domain Reload Profiling:
	ReloadAssembly (601ms)
		BeginReloadAssembly (59ms)
			ExecutionOrderSort (0ms)
			DisableScriptedObjects (0ms)
			BackupInstance (0ms)
			ReleaseScriptingObjects (0ms)
			CreateAndSetChildDomain (0ms)
		EndReloadAssembly (492ms)
			LoadAssemblies (60ms)
			RebuildTransferFunctionScriptingTraits (0ms)
			SetupTypeCache (67ms)
			ReleaseScriptCaches (0ms)
			RebuildScriptCaches (18ms)
			SetupLoadedEditorAssemblies (381ms)
				LogAssemblyErrors (0ms)
				InitializePlatformSupportModulesInManaged (177ms)
				SetLoadedEditorAssemblies (0ms)
				RefreshPlugins (143ms)
				BeforeProcessingInitializeOnLoad (1ms)
				ProcessInitializeOnLoadAttributes (38ms)
				ProcessInitializeOnLoadMethodAttributes (21ms)
				AfterProcessingInitializeOnLoad (0ms)
				EditorAssembliesLoaded (0ms)
			ExecutionOrderSort2 (0ms)
			AwakeInstancesAfterBackupRestoration (0ms)
Platform modules already initialized, skipping
Registering precompiled user dll's ...
Registered in 0.004483 seconds.
Begin MonoManager ReloadAssembly
Symbol file LoadedFromMemory is not a mono symbol file
Native extension for iOS target not found
Native extension for Android target not found
Native extension for OSXStandalone target not found
Refreshing native plugins compatible for Editor in 142.85 ms, found 2 plugins.
Preloading 1 native plugins for Editor in 0.19 ms.
Package Manager log level set to [2]
[Package Manager] Server::EnsureServerProcessIsRunning -- launch failed, reason: Unity was launched with the -noUpm command-line argument
[Package Manager] Cannot connect to Unity Package Manager local server
Mono: successfully reloaded assembly
- Completed reload, in  1.307 seconds
Domain Reload Profiling:
	ReloadAssembly (1307ms)
		BeginReloadAssembly (55ms)
			ExecutionOrderSort (0ms)
			DisableScriptedObjects (3ms)
			BackupInstance (0ms)
			ReleaseScriptingObjects (0ms)
			CreateAndSetChildDomain (15ms)
		EndReloadAssembly (1196ms)
			LoadAssemblies (84ms)
			RebuildTransferFunctionScriptingTraits (0ms)
			SetupTypeCache (216ms)
			ReleaseScriptCaches (1ms)
			RebuildScriptCaches (71ms)
			SetupLoadedEditorAssemblies (782ms)
				LogAssemblyErrors (0ms)
				InitializePlatformSupportModulesInManaged (15ms)
				SetLoadedEditorAssemblies (0ms)
				RefreshPlugins (143ms)
				BeforeProcessingInitializeOnLoad (63ms)
				ProcessInitializeOnLoadAttributes (465ms)
				ProcessInitializeOnLoadMethodAttributes (96ms)
				AfterProcessingInitializeOnLoad (1ms)
				EditorAssembliesLoaded (0ms)
			ExecutionOrderSort2 (0ms)
			AwakeInstancesAfterBackupRestoration (2ms)
Platform modules already initialized, skipping
========================================================================
Worker process is ready to serve import requests
Shader 'MoreMountains/MMRipple': fallback shader 'Particle/AlphaBlended' not found
Shader 'CartoonCoffee/Particle Additive': fallback shader '2' not found
Shader 'CartoonCoffee/Particle Basic': fallback shader '2' not found
Launching external process: /Applications/Unity/Hub/Editor/2021.3.32f1/Unity.app/Contents/Tools/UnityShaderCompiler
Launched and connected shader compiler UnityShaderCompiler after 0.04 seconds
Refreshing native plugins compatible for Editor in 1.29 ms, found 2 plugins.
Preloading 1 native plugins for Editor in 0.16 ms.
Unloading 6757 Unused Serialized files (Serialized files now loaded: 0)
Unloading 102 unused Assets / (2.0 MB). Loaded Objects now: 7252.
Memory consumption went from 365.7 MB to 363.6 MB.
Total: 5.672875 ms (FindLiveObjects: 0.206000 ms CreateObjectMapping: 0.074958 ms MarkObjects: 4.929459 ms  DeleteObjects: 0.461958 ms)

AssetImportParameters requested are different than current active one (requested -> active):
  custom:video-decoder-ogg-theora: a1e56fd34408186e4bbccfd4996cb3dc -> 
  custom:container-muxer-webm: aa71ff27fc2769a1b78a27578f13a17b -> 
  custom:container-demuxer-webm: 4f35f7cbe854078d1ac9338744f61a02 -> 
  custom:video-encoder-webm-vp8: eb34c28f22e8b96e1ab97ce403110664 -> 
  custom:framework-osx-AVFoundation: e770b220cccbd017edd2c1fefb359320 -> 
  custom:CustomObjectIndexerAttribute: f67f22312cbe972f2da930a377ed3d15 -> 
  custom:audio-encoder-webm-vorbis: bf7c407c2cedff20999df2af8eb42d56 -> 
  custom:SearchIndexIgnoredProperties: e643bd26f0fe6173181afceb89e7c659 -> 
  custom:container-demuxer-ogg: 62fdf1f143b41e24485cea50d1cbac27 -> 
  custom:video-decoder-webm-vp8: 9c59270c3fd7afecdb556c50c9e8de78 -> 
  custom:audio-decoder-ogg-vorbis: bf7c407c2cedff20999df2af8eb42d56 -> 
========================================================================
Received Import Request.
  Time since last request: 14255.854840 seconds.
  path: Assets/06_ Materials/UI/MoralityFillParticles.mat
  artifactKey: Guid(08b769ba281e8ee41950c6a0efdfb2ad) Importer(815301076,1909f56bfc062723c751e8b465ee728b)
Number of updated assets reloaded before import = 0
Start importing Assets/06_ Materials/UI/MoralityFillParticles.mat using Guid(08b769ba281e8ee41950c6a0efdfb2ad) Importer(815301076,1909f56bfc062723c751e8b465ee728b)  -> (artifact id: '51c53874181a0838a18ea2b9bee3effa') in 0.173166 seconds 
Number of asset objects unloaded after import = 13
========================================================================
Received Import Request.
  Time since last request: 0.000053 seconds.
  path: Assets/06_ Materials/Effects/Goddess/POIGlow.mat
  artifactKey: Guid(0903f6f14a5b3e7439ed490ab27c8445) Importer(815301076,1909f56bfc062723c751e8b465ee728b)
Number of updated assets reloaded before import = 1
Start importing Assets/06_ Materials/Effects/Goddess/POIGlow.mat using Guid(0903f6f14a5b3e7439ed490ab27c8445) Importer(815301076,1909f56bfc062723c751e8b465ee728b)  -> (artifact id: '009489e34476181ea4d4f004f11d705f') in 0.011794 seconds 
Number of asset objects unloaded after import = 4
========================================================================
Received Import Request.
  Time since last request: 0.000050 seconds.
  path: Assets/06_ Materials/Effects/Particles/SkillGlowParticlesSelected.mat
  artifactKey: Guid(9ee614a3136aa9a4f8888cfb16a3d51b) Importer(815301076,1909f56bfc062723c751e8b465ee728b)
Number of updated assets reloaded before import = 0
Start importing Assets/06_ Materials/Effects/Particles/SkillGlowParticlesSelected.mat using Guid(9ee614a3136aa9a4f8888cfb16a3d51b) Importer(815301076,1909f56bfc062723c751e8b465ee728b)  -> (artifact id: '3d3d6a5f09449f891a71b41b7bed185d') in 0.014477 seconds 
Number of asset objects unloaded after import = 3
========================================================================
Received Import Request.
  Time since last request: 0.000047 seconds.
  path: Assets/06_ Materials/BattleAnimation/SkeletArcherCriticalAttackTrail.mat
  artifactKey: Guid(46c4f11f52cd42741988cfef82852ab0) Importer(815301076,1909f56bfc062723c751e8b465ee728b)
Number of updated assets reloaded before import = 0
Start importing Assets/06_ Materials/BattleAnimation/SkeletArcherCriticalAttackTrail.mat using Guid(46c4f11f52cd42741988cfef82852ab0) Importer(815301076,1909f56bfc062723c751e8b465ee728b)  -> (artifact id: 'c3786fefa71064ad69c4a78fd2768bd5') in 0.163906 seconds 
Number of asset objects unloaded after import = 4
========================================================================
Received Import Request.
  Time since last request: 0.000040 seconds.
  path: Assets/02_Scripts/External/Runtime/AstarPathfindingProject/ExampleScenes/Materials/PathBlueArea.mat
  artifactKey: Guid(6e0bae036cdbd42bfb17a675c07df5f9) Importer(815301076,1909f56bfc062723c751e8b465ee728b)
Number of updated assets reloaded before import = 0
Start importing Assets/02_Scripts/External/Runtime/AstarPathfindingProject/ExampleScenes/Materials/PathBlueArea.mat using Guid(6e0bae036cdbd42bfb17a675c07df5f9) Importer(815301076,1909f56bfc062723c751e8b465ee728b)  -> (artifact id: 'c6ad3acddaa167e5385da6db54bb55c5') in 0.034815 seconds 
Number of asset objects unloaded after import = 2
========================================================================
Received Import Request.
  Time since last request: 0.000068 seconds.
  path: Assets/06_ Materials/BattleAnimation/RangerAttackTrail.mat
  artifactKey: Guid(70d3dd9e069b60d47bc373a5e1f28643) Importer(815301076,1909f56bfc062723c751e8b465ee728b)
Number of updated assets reloaded before import = 0
Start importing Assets/06_ Materials/BattleAnimation/RangerAttackTrail.mat using Guid(70d3dd9e069b60d47bc373a5e1f28643) Importer(815301076,1909f56bfc062723c751e8b465ee728b)  -> (artifact id: 'db6c16d80c5f8753a34187ed105b289f') in 0.008050 seconds 
Number of asset objects unloaded after import = 4
========================================================================
Received Import Request.
  Time since last request: 0.000028 seconds.
  path: Assets/Feel/FeelDemos/Tactical/Models/FeelTacticalAssaultRifle.fbx
  artifactKey: Guid(29093db279d5d0540b9a25a9d7355362) Importer(815301076,1909f56bfc062723c751e8b465ee728b)
Number of updated assets reloaded before import = 0
Start importing Assets/Feel/FeelDemos/Tactical/Models/FeelTacticalAssaultRifle.fbx using Guid(29093db279d5d0540b9a25a9d7355362) Importer(815301076,1909f56bfc062723c751e8b465ee728b)  -> (artifact id: 'd7ad08a180779ac07685ed41e7241b9d') in 0.100043 seconds 
Number of asset objects unloaded after import = 40
========================================================================
Received Import Request.
  Time since last request: 0.000048 seconds.
  path: Assets/06_ Materials/Effects/MoveOptionParticlesNormal.mat
  artifactKey: Guid(e3769477f03a2c84bab4edaf23d6aad8) Importer(815301076,1909f56bfc062723c751e8b465ee728b)
Number of updated assets reloaded before import = 0
Start importing Assets/06_ Materials/Effects/MoveOptionParticlesNormal.mat using Guid(e3769477f03a2c84bab4edaf23d6aad8) Importer(815301076,1909f56bfc062723c751e8b465ee728b)  -> (artifact id: '25769882673be7179374f705003d474a') in 0.005849 seconds 
Number of asset objects unloaded after import = 4
========================================================================
Received Import Request.
  Time since last request: 0.000044 seconds.
  path: Assets/02_Scripts/External/Editor/AstarPathFindingProject/Editor/EditorAssets/Materials/NavmeshOutline.mat
  artifactKey: Guid(91035448860ba4e708919485c73f7edc) Importer(815301076,1909f56bfc062723c751e8b465ee728b)
Number of updated assets reloaded before import = 0
Start importing Assets/02_Scripts/External/Editor/AstarPathFindingProject/Editor/EditorAssets/Materials/NavmeshOutline.mat using Guid(91035448860ba4e708919485c73f7edc) Importer(815301076,1909f56bfc062723c751e8b465ee728b)  -> (artifact id: 'b16eb5eb8095117c783b962ebffa17b3') in 0.015221 seconds 
Number of asset objects unloaded after import = 3
========================================================================
Received Import Request.
  Time since last request: 0.000057 seconds.
  path: Assets/06_ Materials/Effects/MoveOptionParticlesNewWholeSprite.mat
  artifactKey: Guid(e8ddd1411180469409c6ca28a0428977) Importer(815301076,1909f56bfc062723c751e8b465ee728b)
Number of updated assets reloaded before import = 0
Start importing Assets/06_ Materials/Effects/MoveOptionParticlesNewWholeSprite.mat using Guid(e8ddd1411180469409c6ca28a0428977) Importer(815301076,1909f56bfc062723c751e8b465ee728b)  -> (artifact id: 'ebb90907d8a1bae7366bc78ce3c78692') in 0.302982 seconds 
Number of asset objects unloaded after import = 5
========================================================================
Received Import Request.
  Time since last request: 0.000035 seconds.
  path: Assets/02_Scripts/External/Editor/AstarPathFindingProject/Editor/EditorAssets/Materials/Navmesh.mat
  artifactKey: Guid(5ce51318bbfb1466188b929a68a6bd3a) Importer(815301076,1909f56bfc062723c751e8b465ee728b)
Number of updated assets reloaded before import = 0
Start importing Assets/02_Scripts/External/Editor/AstarPathFindingProject/Editor/EditorAssets/Materials/Navmesh.mat using Guid(5ce51318bbfb1466188b929a68a6bd3a) Importer(815301076,1909f56bfc062723c751e8b465ee728b)  -> (artifact id: '02307a42dda3fee1b443c7ef236688bd') in 0.009422 seconds 
Number of asset objects unloaded after import = 2
========================================================================
Received Import Request.
  Time since last request: 0.000028 seconds.
  path: Assets/06_ Materials/Effects/MoveOptionParticlesLightAttack.mat
  artifactKey: Guid(aaf011492a8a8074e83753d5adf36174) Importer(815301076,1909f56bfc062723c751e8b465ee728b)
Number of updated assets reloaded before import = 0
Start importing Assets/06_ Materials/Effects/MoveOptionParticlesLightAttack.mat using Guid(aaf011492a8a8074e83753d5adf36174) Importer(815301076,1909f56bfc062723c751e8b465ee728b)  -> (artifact id: '51e931216dafe6390d1d89c657038d19') in 0.005541 seconds 
Number of asset objects unloaded after import = 4
========================================================================
Received Import Request.
  Time since last request: 0.000042 seconds.
  path: Assets/JMO Assets/Cartoon FX Remaster/CFXR Assets/Meshes/cfxr mesh donut.fbx
  artifactKey: Guid(5d48695472dfda94b92ac5316397da95) Importer(815301076,1909f56bfc062723c751e8b465ee728b)
Number of updated assets reloaded before import = 0
Start importing Assets/JMO Assets/Cartoon FX Remaster/CFXR Assets/Meshes/cfxr mesh donut.fbx using Guid(5d48695472dfda94b92ac5316397da95) Importer(815301076,1909f56bfc062723c751e8b465ee728b)  -> (artifact id: 'd496588ed5b2fb70181cc7da4be8f76f') in 0.012647 seconds 
Number of asset objects unloaded after import = 9
========================================================================
Received Import Request.
  Time since last request: 0.000030 seconds.
  path: Assets/06_ Materials/Effects/Particles/SkillGlowParticlesSelectable.mat
  artifactKey: Guid(95154a483cbcb95478867487b53a61a4) Importer(815301076,1909f56bfc062723c751e8b465ee728b)
Number of updated assets reloaded before import = 0
Start importing Assets/06_ Materials/Effects/Particles/SkillGlowParticlesSelectable.mat using Guid(95154a483cbcb95478867487b53a61a4) Importer(815301076,1909f56bfc062723c751e8b465ee728b)  -> (artifact id: 'd4bcdc63d620b05f92bd0dd29e67a822') in 0.004878 seconds 
Number of asset objects unloaded after import = 3
========================================================================
Received Import Request.
  Time since last request: 0.000032 seconds.
  path: Assets/Feel/MMFeedbacks/Demos/SequencingDemo/Materials/SequencerCarpet06.mat
  artifactKey: Guid(1a56e529cc6f9354ebe7986cb56493be) Importer(815301076,1909f56bfc062723c751e8b465ee728b)
Number of updated assets reloaded before import = 0
Start importing Assets/Feel/MMFeedbacks/Demos/SequencingDemo/Materials/SequencerCarpet06.mat using Guid(1a56e529cc6f9354ebe7986cb56493be) Importer(815301076,1909f56bfc062723c751e8b465ee728b)  -> (artifact id: '5e8a3da4b95c7667b2a9200638e07327') in 0.040232 seconds 
Number of asset objects unloaded after import = 6
========================================================================
Received Import Request.
  Time since last request: 0.000044 seconds.
  path: Assets/Feel/MMFeedbacks/Demos/MMFeedbacksDemo/Models/Sphere.fbx
  artifactKey: Guid(d9c2d3b5b3491844cb195e03ee9e1524) Importer(815301076,1909f56bfc062723c751e8b465ee728b)
Number of updated assets reloaded before import = 0
Start importing Assets/Feel/MMFeedbacks/Demos/MMFeedbacksDemo/Models/Sphere.fbx using Guid(d9c2d3b5b3491844cb195e03ee9e1524) Importer(815301076,1909f56bfc062723c751e8b465ee728b)  -> (artifact id: '661faa8fa9062721ef4cd7e8565fcdf2') in 0.010045 seconds 
Number of asset objects unloaded after import = 9
========================================================================
Received Import Request.
  Time since last request: 0.000031 seconds.
  path: Assets/06_ Materials/BattleAnimation/RangerCriticalAttackTrail.mat
  artifactKey: Guid(828a293f6a2f36640ab1d912941c9afe) Importer(815301076,1909f56bfc062723c751e8b465ee728b)
Number of updated assets reloaded before import = 0
Start importing Assets/06_ Materials/BattleAnimation/RangerCriticalAttackTrail.mat using Guid(828a293f6a2f36640ab1d912941c9afe) Importer(815301076,1909f56bfc062723c751e8b465ee728b)  -> (artifact id: '5d6df752a7d6b46cfe9d522bba2d1420') in 0.006019 seconds 
Number of asset objects unloaded after import = 4
========================================================================
Received Import Request.
  Time since last request: 0.000053 seconds.
  path: Assets/Plugins/SpriteTrail/GRAPH/MATERIALS/Silhouette.mat
  artifactKey: Guid(062e25a610c74754093e411e71ff7be0) Importer(815301076,1909f56bfc062723c751e8b465ee728b)
Number of updated assets reloaded before import = 0
Start importing Assets/Plugins/SpriteTrail/GRAPH/MATERIALS/Silhouette.mat using Guid(062e25a610c74754093e411e71ff7be0) Importer(815301076,1909f56bfc062723c751e8b465ee728b)  -> (artifact id: '1ad738f98ca511e016e020dcd6098d49') in 0.006359 seconds 
Number of asset objects unloaded after import = 2
========================================================================
Received Import Request.
  Time since last request: 0.000043 seconds.
  path: Assets/02_Scripts/External/Runtime/AstarPathfindingProject/ExampleScenes/Example6_Navmesh/Materials/navmesh-navmesh_example6navmeshMat.mat
  artifactKey: Guid(1f2d61fa60ed54991a4e629fdb13e1f3) Importer(815301076,1909f56bfc062723c751e8b465ee728b)
Number of updated assets reloaded before import = 0
Start importing Assets/02_Scripts/External/Runtime/AstarPathfindingProject/ExampleScenes/Example6_Navmesh/Materials/navmesh-navmesh_example6navmeshMat.mat using Guid(1f2d61fa60ed54991a4e629fdb13e1f3) Importer(815301076,1909f56bfc062723c751e8b465ee728b)  -> (artifact id: 'f45ab56092807b7aba36586c4013c580') in 0.004162 seconds 
Number of asset objects unloaded after import = 2
========================================================================
Received Import Request.
  Time since last request: 0.000043 seconds.
  path: Assets/Feel/MMFeedbacks/Demos/SequencingDemo/Materials/SequencerFacade.mat
  artifactKey: Guid(60b87f7fd5cd21f4797f2d0dac2b7782) Importer(815301076,1909f56bfc062723c751e8b465ee728b)
Number of updated assets reloaded before import = 0
Start importing Assets/Feel/MMFeedbacks/Demos/SequencingDemo/Materials/SequencerFacade.mat using Guid(60b87f7fd5cd21f4797f2d0dac2b7782) Importer(815301076,1909f56bfc062723c751e8b465ee728b)  -> (artifact id: '7034364c47c963f05504f491191fa5d3') in 0.008195 seconds 
Number of asset objects unloaded after import = 7
========================================================================
Received Import Request.
  Time since last request: 0.000049 seconds.
  path: Assets/Feel/FeelDemos/Wheel/Models/FeelWheel.fbx
  artifactKey: Guid(929e9c3132f78f24ea8557de7820d64a) Importer(815301076,1909f56bfc062723c751e8b465ee728b)
Number of updated assets reloaded before import = 0
Start importing Assets/Feel/FeelDemos/Wheel/Models/FeelWheel.fbx using Guid(929e9c3132f78f24ea8557de7820d64a) Importer(815301076,1909f56bfc062723c751e8b465ee728b)  -> (artifact id: '3ec97fd877df5ca3cfd4fbb9673d9206') in 0.033832 seconds 
Number of asset objects unloaded after import = 31
========================================================================
Received Import Request.
  Time since last request: 0.000073 seconds.
  path: Assets/06_ Materials/Unused/ParticleHDR.mat
  artifactKey: Guid(de402c7ce3e2a164098102787ec91841) Importer(815301076,1909f56bfc062723c751e8b465ee728b)
Number of updated assets reloaded before import = 0
Start importing Assets/06_ Materials/Unused/ParticleHDR.mat using Guid(de402c7ce3e2a164098102787ec91841) Importer(815301076,1909f56bfc062723c751e8b465ee728b)  -> (artifact id: 'af2afc94293637dc0132d6badd6f85ac') in 0.012680 seconds 
Number of asset objects unloaded after import = 3
========================================================================
Received Import Request.
  Time since last request: 0.000059 seconds.
  path: Assets/Feel/MMFeedbacks/Demos/SequencingDemo/Materials/SequencerMetal.mat
  artifactKey: Guid(9bef2c99fbaaba541b418740f320969d) Importer(815301076,1909f56bfc062723c751e8b465ee728b)
Number of updated assets reloaded before import = 0
Start importing Assets/Feel/MMFeedbacks/Demos/SequencingDemo/Materials/SequencerMetal.mat using Guid(9bef2c99fbaaba541b418740f320969d) Importer(815301076,1909f56bfc062723c751e8b465ee728b)  -> (artifact id: '4f2e6584b1b171410eaead60f74741bf') in 0.006475 seconds 
Number of asset objects unloaded after import = 5
========================================================================
Received Import Request.
  Time since last request: 0.000041 seconds.
  path: Assets/Feel/MMFeedbacks/Demos/SequencingDemo/Materials/SequencerTiles33.mat
  artifactKey: Guid(aa24205135c86be4792f70af431b8638) Importer(815301076,1909f56bfc062723c751e8b465ee728b)
Number of updated assets reloaded before import = 0
Start importing Assets/Feel/MMFeedbacks/Demos/SequencingDemo/Materials/SequencerTiles33.mat using Guid(aa24205135c86be4792f70af431b8638) Importer(815301076,1909f56bfc062723c751e8b465ee728b)  -> (artifact id: '4ada714ecfa9ac32651d76dbb9636565') in 0.007476 seconds 
Number of asset objects unloaded after import = 5
========================================================================
Received Import Request.
  Time since last request: 0.000041 seconds.
  path: Assets/Feel/MMFeedbacks/Demos/MMFeedbacksDemo/Models/Rock3.fbx
  artifactKey: Guid(e7b8d3e8e58ffc24984b81ddbd5f9c29) Importer(815301076,1909f56bfc062723c751e8b465ee728b)
Number of updated assets reloaded before import = 0
Start importing Assets/Feel/MMFeedbacks/Demos/MMFeedbacksDemo/Models/Rock3.fbx using Guid(e7b8d3e8e58ffc24984b81ddbd5f9c29) Importer(815301076,1909f56bfc062723c751e8b465ee728b)  -> (artifact id: '64d814c0c4058a7412e3eb2270e83469') in 0.010742 seconds 
Number of asset objects unloaded after import = 9
========================================================================
Received Import Request.
  Time since last request: 0.000038 seconds.
  path: Assets/06_ Materials/BattleAnimation/SkeletNecromancerAttackFX.mat
  artifactKey: Guid(e398a43d24e55f6418c843ea5bb055b6) Importer(815301076,1909f56bfc062723c751e8b465ee728b)
Number of updated assets reloaded before import = 0
Start importing Assets/06_ Materials/BattleAnimation/SkeletNecromancerAttackFX.mat using Guid(e398a43d24e55f6418c843ea5bb055b6) Importer(815301076,1909f56bfc062723c751e8b465ee728b)  -> (artifact id: '0aa1ac61252e0c31fbccb58c0bc95775') in 0.004135 seconds 
Number of asset objects unloaded after import = 4
========================================================================
Received Import Request.
  Time since last request: 0.000051 seconds.
  path: Assets/Feel/MMFeedbacks/Demos/SequencingDemo/Materials/SequencerChristmasTree.mat
  artifactKey: Guid(42f6c546a723b3d4ab88b45506f17330) Importer(815301076,1909f56bfc062723c751e8b465ee728b)
Number of updated assets reloaded before import = 0
Start importing Assets/Feel/MMFeedbacks/Demos/SequencingDemo/Materials/SequencerChristmasTree.mat using Guid(42f6c546a723b3d4ab88b45506f17330) Importer(815301076,1909f56bfc062723c751e8b465ee728b)  -> (artifact id: '63ca0fc70a8ee95fa0f6031c777e443d') in 0.010606 seconds 
Number of asset objects unloaded after import = 5
========================================================================
Received Import Request.
  Time since last request: 0.000045 seconds.
  path: Assets/06_ Materials/Effects/MoveOptionParticlesHighIntensity.mat
  artifactKey: Guid(d48a58bbab49e8243956ad9823b5c523) Importer(815301076,1909f56bfc062723c751e8b465ee728b)
Number of updated assets reloaded before import = 0
Start importing Assets/06_ Materials/Effects/MoveOptionParticlesHighIntensity.mat using Guid(d48a58bbab49e8243956ad9823b5c523) Importer(815301076,1909f56bfc062723c751e8b465ee728b)  -> (artifact id: 'bd588d2bbe7511da60c186c0ce7ecc9d') in 0.005355 seconds 
Number of asset objects unloaded after import = 4
========================================================================
Received Import Request.
  Time since last request: 0.000037 seconds.
  path: Assets/Feel/MMFeedbacks/Demos/SequencingDemo/Materials/SequencerTiles69.mat
  artifactKey: Guid(9b99e0d3f9ba0e747ae9e6c229f25a82) Importer(815301076,1909f56bfc062723c751e8b465ee728b)
Number of updated assets reloaded before import = 0
Start importing Assets/Feel/MMFeedbacks/Demos/SequencingDemo/Materials/SequencerTiles69.mat using Guid(9b99e0d3f9ba0e747ae9e6c229f25a82) Importer(815301076,1909f56bfc062723c751e8b465ee728b)  -> (artifact id: 'c37e314309f91411b4e785577b22cb5b') in 0.007608 seconds 
Number of asset objects unloaded after import = 6
========================================================================
Received Import Request.
  Time since last request: 0.000041 seconds.
  path: Assets/06_ Materials/Effects/MoveOptionParticlesNewTrail.mat
  artifactKey: Guid(fff56d2d60975a74ca8f5e1617915b94) Importer(815301076,1909f56bfc062723c751e8b465ee728b)
Number of updated assets reloaded before import = 0
Start importing Assets/06_ Materials/Effects/MoveOptionParticlesNewTrail.mat using Guid(fff56d2d60975a74ca8f5e1617915b94) Importer(815301076,1909f56bfc062723c751e8b465ee728b)  -> (artifact id: '57e62696ecbfc1facc1d6dcdec11285e') in 0.005243 seconds 
Number of asset objects unloaded after import = 4
========================================================================
Received Import Request.
  Time since last request: 0.000033 seconds.
  path: Assets/06_ Materials/BattleAnimation/SkeletOfficierCritAttackTrail.mat
  artifactKey: Guid(afb6e124e0ef6de41b036e7e0c4fefa9) Importer(815301076,1909f56bfc062723c751e8b465ee728b)
Number of updated assets reloaded before import = 0
Start importing Assets/06_ Materials/BattleAnimation/SkeletOfficierCritAttackTrail.mat using Guid(afb6e124e0ef6de41b036e7e0c4fefa9) Importer(815301076,1909f56bfc062723c751e8b465ee728b)  -> (artifact id: '12956c7a5902144990b28d3bd0880c11') in 0.005661 seconds 
Number of asset objects unloaded after import = 4
========================================================================
Received Import Request.
  Time since last request: 0.000031 seconds.
  path: Assets/06_ Materials/BattleAnimation/SkeletonArcherAttackTrail.mat
  artifactKey: Guid(81b97733ad028e4479d1637c49717ec4) Importer(815301076,1909f56bfc062723c751e8b465ee728b)
Number of updated assets reloaded before import = 0
Start importing Assets/06_ Materials/BattleAnimation/SkeletonArcherAttackTrail.mat using Guid(81b97733ad028e4479d1637c49717ec4) Importer(815301076,1909f56bfc062723c751e8b465ee728b)  -> (artifact id: 'f4b31ed72a62b2813b83bf80d7596c94') in 0.005772 seconds 
Number of asset objects unloaded after import = 4
========================================================================
Received Import Request.
  Time since last request: 0.000036 seconds.
  path: Assets/02_Scripts/External/Runtime/AstarPathfindingProject/ExampleScenes/Materials/OrangeGround.mat
  artifactKey: Guid(20e84239fa93246fe8f7f753e8ee4ef2) Importer(815301076,1909f56bfc062723c751e8b465ee728b)
Number of updated assets reloaded before import = 0
Start importing Assets/02_Scripts/External/Runtime/AstarPathfindingProject/ExampleScenes/Materials/OrangeGround.mat using Guid(20e84239fa93246fe8f7f753e8ee4ef2) Importer(815301076,1909f56bfc062723c751e8b465ee728b)  -> (artifact id: '996fbcf76fcdf73ec59bd00275922f0f') in 0.004375 seconds 
Number of asset objects unloaded after import = 2
========================================================================
Received Import Request.
  Time since last request: 0.000049 seconds.
  path: Assets/06_ Materials/BattleAnimation/ScorpionAttackTrail.mat
  artifactKey: Guid(3bb9938dc3365f34783f4128215e9052) Importer(815301076,1909f56bfc062723c751e8b465ee728b)
Number of updated assets reloaded before import = 0
Start importing Assets/06_ Materials/BattleAnimation/ScorpionAttackTrail.mat using Guid(3bb9938dc3365f34783f4128215e9052) Importer(815301076,1909f56bfc062723c751e8b465ee728b)  -> (artifact id: 'f28bc3cc0d5ed1cc6ca9d6078b1ae6d7') in 0.006177 seconds 
Number of asset objects unloaded after import = 4
========================================================================
Received Import Request.
  Time since last request: 0.000034 seconds.
  path: Assets/Plugins/TextMesh Pro/Examples & Extras/Resources/Fonts & Materials/Roboto-Bold SDF - Drop Shadow.mat
  artifactKey: Guid(b246c4190f4e46ec9352fe15a7b09ce0) Importer(815301076,1909f56bfc062723c751e8b465ee728b)
Number of updated assets reloaded before import = 0
Start importing Assets/Plugins/TextMesh Pro/Examples & Extras/Resources/Fonts & Materials/Roboto-Bold SDF - Drop Shadow.mat using Guid(b246c4190f4e46ec9352fe15a7b09ce0) Importer(815301076,1909f56bfc062723c751e8b465ee728b)  -> (artifact id: 'c2d45fabf2353d52e91715987fafdce1') in 0.043610 seconds 
Number of asset objects unloaded after import = 3
========================================================================
Received Import Request.
  Time since last request: 0.000036 seconds.
  path: Assets/Feel/MMFeedbacks/Demos/SequencingDemo/Materials/SequencerCarpet.mat
  artifactKey: Guid(fafd9ca80d42ea147955a570b7ff417a) Importer(815301076,1909f56bfc062723c751e8b465ee728b)
Number of updated assets reloaded before import = 0
Start importing Assets/Feel/MMFeedbacks/Demos/SequencingDemo/Materials/SequencerCarpet.mat using Guid(fafd9ca80d42ea147955a570b7ff417a) Importer(815301076,1909f56bfc062723c751e8b465ee728b)  -> (artifact id: 'd67d35582c4f57f14c86ed4fd7649162') in 0.006608 seconds 
Number of asset objects unloaded after import = 6
========================================================================
Received Import Request.
  Time since last request: 0.000032 seconds.
  path: Assets/06_ Materials/Unused/Slash.mat
  artifactKey: Guid(f422c2448588b504b87c435558c98e9a) Importer(815301076,1909f56bfc062723c751e8b465ee728b)
Number of updated assets reloaded before import = 0
Start importing Assets/06_ Materials/Unused/Slash.mat using Guid(f422c2448588b504b87c435558c98e9a) Importer(815301076,1909f56bfc062723c751e8b465ee728b)  -> (artifact id: 'd9ff1065e12c71ad324f216cb777e305') in 0.009528 seconds 
Number of asset objects unloaded after import = 4
========================================================================
Received Import Request.
  Time since last request: 0.000038 seconds.
  path: Assets/Feel/MMFeedbacks/Demos/SequencingDemo/Materials/SequencerWood.mat
  artifactKey: Guid(859110124559f53448796d58be533933) Importer(815301076,1909f56bfc062723c751e8b465ee728b)
Number of updated assets reloaded before import = 0
Start importing Assets/Feel/MMFeedbacks/Demos/SequencingDemo/Materials/SequencerWood.mat using Guid(859110124559f53448796d58be533933) Importer(815301076,1909f56bfc062723c751e8b465ee728b)  -> (artifact id: '32d9351774347e26afb46472ac157ce5') in 0.006253 seconds 
Number of asset objects unloaded after import = 6
========================================================================
Received Import Request.
  Time since last request: 0.000033 seconds.
  path: Assets/06_ Materials/BattleAnimation/skeletOfficerAttackTrail.mat
  artifactKey: Guid(dda48b567e06b3e469b6f402cecbfe02) Importer(815301076,1909f56bfc062723c751e8b465ee728b)
Number of updated assets reloaded before import = 0
Start importing Assets/06_ Materials/BattleAnimation/skeletOfficerAttackTrail.mat using Guid(dda48b567e06b3e469b6f402cecbfe02) Importer(815301076,1909f56bfc062723c751e8b465ee728b)  -> (artifact id: '5e6a050021e11437a01d1da5af92d349') in 0.004838 seconds 
Number of asset objects unloaded after import = 4
========================================================================
Received Import Request.
  Time since last request: 0.000039 seconds.
  path: Assets/Feel/MMFeedbacks/Demos/SequencingDemo/Materials/SequencerTiles44.mat
  artifactKey: Guid(e69503b16837c6d4fb7e7c787b6bbd80) Importer(815301076,1909f56bfc062723c751e8b465ee728b)
Number of updated assets reloaded before import = 0
Start importing Assets/Feel/MMFeedbacks/Demos/SequencingDemo/Materials/SequencerTiles44.mat using Guid(e69503b16837c6d4fb7e7c787b6bbd80) Importer(815301076,1909f56bfc062723c751e8b465ee728b)  -> (artifact id: 'ae93ece31bcef3f2bcdc40692c3a48de') in 0.006973 seconds 
Number of asset objects unloaded after import = 5
========================================================================
Received Import Request.
  Time since last request: 0.000069 seconds.
  path: Assets/Feel/MMFeedbacks/Demos/SequencingDemo/Materials/SequencerTiles60.mat
  artifactKey: Guid(ffe1e33f371ca8a47a6aed4b1b611650) Importer(815301076,1909f56bfc062723c751e8b465ee728b)
Number of updated assets reloaded before import = 0
Start importing Assets/Feel/MMFeedbacks/Demos/SequencingDemo/Materials/SequencerTiles60.mat using Guid(ffe1e33f371ca8a47a6aed4b1b611650) Importer(815301076,1909f56bfc062723c751e8b465ee728b)  -> (artifact id: '2fb86195f874f5dc592df061ccc47818') in 0.006012 seconds 
Number of asset objects unloaded after import = 5
========================================================================
Received Import Request.
  Time since last request: 0.000036 seconds.
  path: Assets/06_ Materials/Unused/RainMaterial.mat
  artifactKey: Guid(9463bf215130b91419d70dfb6600b99d) Importer(815301076,1909f56bfc062723c751e8b465ee728b)
Number of updated assets reloaded before import = 0
Start importing Assets/06_ Materials/Unused/RainMaterial.mat using Guid(9463bf215130b91419d70dfb6600b99d) Importer(815301076,1909f56bfc062723c751e8b465ee728b)  -> (artifact id: '7f944c41849fc688491c97c68063a691') in 0.008972 seconds 
Number of asset objects unloaded after import = 4
========================================================================
Received Import Request.
  Time since last request: 0.043315 seconds.
  path: Assets/02_Scripts/External/Runtime/AstarPathfindingProject/ExampleScenes/Prefabs/MineBot/Materials/mine_bot-01 - Default.mat
  artifactKey: Guid(1829738127541482a895692670703544) Importer(815301076,1909f56bfc062723c751e8b465ee728b)
Number of updated assets reloaded before import = 0
Start importing Assets/02_Scripts/External/Runtime/AstarPathfindingProject/ExampleScenes/Prefabs/MineBot/Materials/mine_bot-01 - Default.mat using Guid(1829738127541482a895692670703544) Importer(815301076,1909f56bfc062723c751e8b465ee728b)  -> (artifact id: '4a1c6baff10a4cb2884bf045c10fd55f') in 0.005626 seconds 
Number of asset objects unloaded after import = 2
========================================================================
Received Import Request.
  Time since last request: 0.000035 seconds.
  path: Assets/02_Scripts/External/Runtime/AstarPathfindingProject/ExampleScenes/Prefabs/MineBot/Materials/mine_bot@forward-01 - Default.mat
  artifactKey: Guid(7c7ae9bbdf3d944e7877ee4243ac4801) Importer(815301076,1909f56bfc062723c751e8b465ee728b)
Number of updated assets reloaded before import = 0
Start importing Assets/02_Scripts/External/Runtime/AstarPathfindingProject/ExampleScenes/Prefabs/MineBot/Materials/mine_bot@forward-01 - Default.mat using Guid(7c7ae9bbdf3d944e7877ee4243ac4801) Importer(815301076,1909f56bfc062723c751e8b465ee728b)  -> (artifact id: '43da20041a8c269d826eec9a55f8b5ad') in 0.004766 seconds 
Number of asset objects unloaded after import = 2
========================================================================
Received Import Request.
  Time since last request: 0.000047 seconds.
  path: Assets/02_Scripts/External/Runtime/AstarPathfindingProject/ExampleScenes/Prefabs/MineBot/Materials/mine_bot@left-01 - Default.mat
  artifactKey: Guid(84be6514d56e743dd9b8f1a1fca98f50) Importer(815301076,1909f56bfc062723c751e8b465ee728b)
Number of updated assets reloaded before import = 0
Start importing Assets/02_Scripts/External/Runtime/AstarPathfindingProject/ExampleScenes/Prefabs/MineBot/Materials/mine_bot@left-01 - Default.mat using Guid(84be6514d56e743dd9b8f1a1fca98f50) Importer(815301076,1909f56bfc062723c751e8b465ee728b)  -> (artifact id: '0e7dd77d834e6195b8b5e1e9ef655a16') in 0.006505 seconds 
Number of asset objects unloaded after import = 2
========================================================================
Received Import Request.
  Time since last request: 0.000033 seconds.
  path: Assets/02_Scripts/External/Runtime/AstarPathfindingProject/ExampleScenes/Prefabs/MineBot/Materials/mine_bot@back-01 - Default.mat
  artifactKey: Guid(0d2961682f01448ef8b2bf2cc390a419) Importer(815301076,1909f56bfc062723c751e8b465ee728b)
Number of updated assets reloaded before import = 0
Start importing Assets/02_Scripts/External/Runtime/AstarPathfindingProject/ExampleScenes/Prefabs/MineBot/Materials/mine_bot@back-01 - Default.mat using Guid(0d2961682f01448ef8b2bf2cc390a419) Importer(815301076,1909f56bfc062723c751e8b465ee728b)  -> (artifact id: '1a55ebfaca9aa62587032758ce16cd67') in 0.004740 seconds 
Number of asset objects unloaded after import = 2
Editor requested this worker to shutdown with reason: Scaling down because of idle timeout
AssetImportWorker is now disconnected from the server
Process exiting
